<?xml version="1.0" encoding="UTF-8" ?>
<testsuite tests="7" failures="0" name="com.youmeek.ssm.SSMTest" time="0.017" errors="7" skipped="0">
  <properties>
    <property name="idea.version" value="2017.2.7"/>
    <property name="java.runtime.name" value="Java(TM) SE Runtime Environment"/>
    <property name="sun.boot.library.path" value="/Library/Java/JavaVirtualMachines/jdk1.8.0_171.jdk/Contents/Home/jre/lib"/>
    <property name="java.vm.version" value="25.171-b11"/>
    <property name="gopherProxySet" value="false"/>
    <property name="java.vm.vendor" value="Oracle Corporation"/>
    <property name="maven.multiModuleProjectDirectory" value="/Users/xk1020/IdeaProjects/Basic-Single-Module-SSJPA"/>
    <property name="java.vendor.url" value="http://java.oracle.com/"/>
    <property name="path.separator" value=":"/>
    <property name="guice.disable.misplaced.annotation.check" value="true"/>
    <property name="java.vm.name" value="Java HotSpot(TM) 64-Bit Server VM"/>
    <property name="file.encoding.pkg" value="sun.io"/>
    <property name="user.country" value="CN"/>
    <property name="sun.java.launcher" value="SUN_STANDARD"/>
    <property name="sun.os.patch.level" value="unknown"/>
    <property name="java.vm.specification.name" value="Java Virtual Machine Specification"/>
    <property name="user.dir" value="/Users/xk1020/IdeaProjects/Basic-Single-Module-SSJPA"/>
    <property name="java.runtime.version" value="1.8.0_171-b11"/>
    <property name="java.awt.graphicsenv" value="sun.awt.CGraphicsEnvironment"/>
    <property name="java.endorsed.dirs" value="/Library/Java/JavaVirtualMachines/jdk1.8.0_171.jdk/Contents/Home/jre/lib/endorsed"/>
    <property name="os.arch" value="x86_64"/>
    <property name="java.io.tmpdir" value="/var/folders/ft/67gxn8l10jsb6dp8d0qs0yrh0000gn/T/"/>
    <property name="line.separator" value="
"/>
    <property name="java.vm.specification.vendor" value="Oracle Corporation"/>
    <property name="os.name" value="Mac OS X"/>
    <property name="classworlds.conf" value="/Applications/IntelliJ IDEA.app/Contents/plugins/maven/lib/maven3/bin/m2.conf"/>
    <property name="sun.jnu.encoding" value="UTF-8"/>
    <property name="java.library.path" value="/Users/xk1020/Library/Java/Extensions:/Library/Java/Extensions:/Network/Library/Java/Extensions:/System/Library/Java/Extensions:/usr/lib/java:."/>
    <property name="java.specification.name" value="Java Platform API Specification"/>
    <property name="java.class.version" value="52.0"/>
    <property name="sun.management.compiler" value="HotSpot 64-Bit Tiered Compilers"/>
    <property name="os.version" value="10.13.4"/>
    <property name="http.nonProxyHosts" value="local|*.local|169.254/16|*.169.254/16"/>
    <property name="user.home" value="/Users/xk1020"/>
    <property name="user.timezone" value="Asia/Shanghai"/>
    <property name="java.awt.printerjob" value="sun.lwawt.macosx.CPrinterJob"/>
    <property name="java.specification.version" value="1.8"/>
    <property name="file.encoding" value="UTF-8"/>
    <property name="user.name" value="xk1020"/>
    <property name="java.class.path" value="/Applications/IntelliJ IDEA.app/Contents/plugins/maven/lib/maven3/boot/plexus-classworlds-2.5.2.jar:/Applications/IntelliJ IDEA.app/Contents/lib/idea_rt.jar"/>
    <property name="java.vm.specification.version" value="1.8"/>
    <property name="sun.arch.data.model" value="64"/>
    <property name="java.home" value="/Library/Java/JavaVirtualMachines/jdk1.8.0_171.jdk/Contents/Home/jre"/>
    <property name="sun.java.command" value="org.codehaus.classworlds.Launcher -Didea.version=2017.2.7 install"/>
    <property name="java.specification.vendor" value="Oracle Corporation"/>
    <property name="user.language" value="zh"/>
    <property name="awt.toolkit" value="sun.lwawt.macosx.LWCToolkit"/>
    <property name="java.vm.info" value="mixed mode"/>
    <property name="java.version" value="1.8.0_171"/>
    <property name="java.ext.dirs" value="/Users/xk1020/Library/Java/Extensions:/Library/Java/JavaVirtualMachines/jdk1.8.0_171.jdk/Contents/Home/jre/lib/ext:/Library/Java/Extensions:/Network/Library/Java/Extensions:/System/Library/Java/Extensions:/usr/lib/java"/>
    <property name="sun.boot.class.path" value="/Library/Java/JavaVirtualMachines/jdk1.8.0_171.jdk/Contents/Home/jre/lib/resources.jar:/Library/Java/JavaVirtualMachines/jdk1.8.0_171.jdk/Contents/Home/jre/lib/rt.jar:/Library/Java/JavaVirtualMachines/jdk1.8.0_171.jdk/Contents/Home/jre/lib/sunrsasign.jar:/Library/Java/JavaVirtualMachines/jdk1.8.0_171.jdk/Contents/Home/jre/lib/jsse.jar:/Library/Java/JavaVirtualMachines/jdk1.8.0_171.jdk/Contents/Home/jre/lib/jce.jar:/Library/Java/JavaVirtualMachines/jdk1.8.0_171.jdk/Contents/Home/jre/lib/charsets.jar:/Library/Java/JavaVirtualMachines/jdk1.8.0_171.jdk/Contents/Home/jre/lib/jfr.jar:/Library/Java/JavaVirtualMachines/jdk1.8.0_171.jdk/Contents/Home/jre/classes"/>
    <property name="java.vendor" value="Oracle Corporation"/>
    <property name="maven.home" value="/Applications/IntelliJ IDEA.app/Contents/plugins/maven/lib/maven3"/>
    <property name="file.separator" value="/"/>
    <property name="java.vendor.url.bug" value="http://bugreport.sun.com/bugreport/"/>
    <property name="sun.cpu.endian" value="little"/>
    <property name="sun.io.unicode.encoding" value="UnicodeBig"/>
    <property name="socksNonProxyHosts" value="local|*.local|169.254/16|*.169.254/16"/>
    <property name="ftp.nonProxyHosts" value="local|*.local|169.254/16|*.169.254/16"/>
    <property name="sun.cpu.isalist" value=""/>
  </properties>
  <testcase classname="com.youmeek.ssm.SSMTest" name="testQuery" time="0.006">
    <error message="Failed to load ApplicationContext" type="java.lang.IllegalStateException">java.lang.IllegalStateException: Failed to load ApplicationContext
	at org.springframework.test.context.cache.DefaultCacheAwareContextLoaderDelegate.loadContext(DefaultCacheAwareContextLoaderDelegate.java:124)
	at org.springframework.test.context.support.DefaultTestContext.getApplicationContext(DefaultTestContext.java:83)
	at org.springframework.test.context.support.DependencyInjectionTestExecutionListener.injectDependencies(DependencyInjectionTestExecutionListener.java:117)
	at org.springframework.test.context.support.DependencyInjectionTestExecutionListener.prepareTestInstance(DependencyInjectionTestExecutionListener.java:83)
	at org.springframework.test.context.TestContextManager.prepareTestInstance(TestContextManager.java:228)
	at org.springframework.test.context.junit4.SpringJUnit4ClassRunner.createTest(SpringJUnit4ClassRunner.java:230)
	at org.springframework.test.context.junit4.SpringJUnit4ClassRunner$1.runReflectiveCall(SpringJUnit4ClassRunner.java:289)
	at org.junit.internal.runners.model.ReflectiveCallable.run(ReflectiveCallable.java:12)
	at org.springframework.test.context.junit4.SpringJUnit4ClassRunner.methodBlock(SpringJUnit4ClassRunner.java:291)
	at org.springframework.test.context.junit4.SpringJUnit4ClassRunner.runChild(SpringJUnit4ClassRunner.java:249)
	at org.springframework.test.context.junit4.SpringJUnit4ClassRunner.runChild(SpringJUnit4ClassRunner.java:89)
	at org.junit.runners.ParentRunner$3.run(ParentRunner.java:238)
	at org.junit.runners.ParentRunner$1.schedule(ParentRunner.java:63)
	at org.junit.runners.ParentRunner.runChildren(ParentRunner.java:236)
	at org.junit.runners.ParentRunner.access$000(ParentRunner.java:53)
	at org.junit.runners.ParentRunner$2.evaluate(ParentRunner.java:229)
	at org.springframework.test.context.junit4.statements.RunBeforeTestClassCallbacks.evaluate(RunBeforeTestClassCallbacks.java:61)
	at org.springframework.test.context.junit4.statements.RunAfterTestClassCallbacks.evaluate(RunAfterTestClassCallbacks.java:70)
	at org.junit.runners.ParentRunner.run(ParentRunner.java:309)
	at org.springframework.test.context.junit4.SpringJUnit4ClassRunner.run(SpringJUnit4ClassRunner.java:193)
	at org.apache.maven.surefire.junit4.JUnit4Provider.execute(JUnit4Provider.java:252)
	at org.apache.maven.surefire.junit4.JUnit4Provider.executeTestSet(JUnit4Provider.java:141)
	at org.apache.maven.surefire.junit4.JUnit4Provider.invoke(JUnit4Provider.java:112)
	at sun.reflect.NativeMethodAccessorImpl.invoke0(Native Method)
	at sun.reflect.NativeMethodAccessorImpl.invoke(NativeMethodAccessorImpl.java:62)
	at sun.reflect.DelegatingMethodAccessorImpl.invoke(DelegatingMethodAccessorImpl.java:43)
	at java.lang.reflect.Method.invoke(Method.java:498)
	at org.apache.maven.surefire.util.ReflectionUtils.invokeMethodWithArray(ReflectionUtils.java:189)
	at org.apache.maven.surefire.booter.ProviderFactory$ProviderProxy.invoke(ProviderFactory.java:165)
	at org.apache.maven.surefire.booter.ProviderFactory.invokeProvider(ProviderFactory.java:85)
	at org.apache.maven.surefire.booter.ForkedBooter.runSuitesInProcess(ForkedBooter.java:115)
	at org.apache.maven.surefire.booter.ForkedBooter.main(ForkedBooter.java:75)
Caused by: org.springframework.beans.factory.BeanCreationException: Error creating bean with name &apos;entityManagerFactory&apos; defined in file [/Users/xk1020/IdeaProjects/Basic-Single-Module-SSJPA/target/classes/spring/applicationContext-jpa.xml]: Cannot resolve reference to bean &apos;dataSource&apos; while setting bean property &apos;dataSource&apos;; nested exception is org.springframework.beans.factory.BeanCreationException: Error creating bean with name &apos;dataSource&apos; defined in file [/Users/xk1020/IdeaProjects/Basic-Single-Module-SSJPA/target/classes/spring/applicationContext-dataSource.xml]: Invocation of init method failed; nested exception is com.mysql.jdbc.exceptions.jdbc4.MySQLNonTransientConnectionException: Could not create connection to database server. Attempted reconnect 3 times. Giving up.
	at org.springframework.beans.factory.support.BeanDefinitionValueResolver.resolveReference(BeanDefinitionValueResolver.java:359)
	at org.springframework.beans.factory.support.BeanDefinitionValueResolver.resolveValueIfNecessary(BeanDefinitionValueResolver.java:108)
	at org.springframework.beans.factory.support.AbstractAutowireCapableBeanFactory.applyPropertyValues(AbstractAutowireCapableBeanFactory.java:1481)
	at org.springframework.beans.factory.support.AbstractAutowireCapableBeanFactory.populateBean(AbstractAutowireCapableBeanFactory.java:1226)
	at org.springframework.beans.factory.support.AbstractAutowireCapableBeanFactory.doCreateBean(AbstractAutowireCapableBeanFactory.java:543)
	at org.springframework.beans.factory.support.AbstractAutowireCapableBeanFactory.createBean(AbstractAutowireCapableBeanFactory.java:482)
	at org.springframework.beans.factory.support.AbstractBeanFactory$1.getObject(AbstractBeanFactory.java:306)
	at org.springframework.beans.factory.support.DefaultSingletonBeanRegistry.getSingleton(DefaultSingletonBeanRegistry.java:230)
	at org.springframework.beans.factory.support.AbstractBeanFactory.doGetBean(AbstractBeanFactory.java:302)
	at org.springframework.beans.factory.support.AbstractBeanFactory.getBean(AbstractBeanFactory.java:197)
	at org.springframework.context.support.AbstractApplicationContext.getBean(AbstractApplicationContext.java:1054)
	at org.springframework.context.support.AbstractApplicationContext.finishBeanFactoryInitialization(AbstractApplicationContext.java:829)
	at org.springframework.context.support.AbstractApplicationContext.refresh(AbstractApplicationContext.java:538)
	at org.springframework.test.context.support.AbstractGenericContextLoader.loadContext(AbstractGenericContextLoader.java:125)
	at org.springframework.test.context.support.AbstractGenericContextLoader.loadContext(AbstractGenericContextLoader.java:60)
	at org.springframework.test.context.support.AbstractDelegatingSmartContextLoader.delegateLoading(AbstractDelegatingSmartContextLoader.java:109)
	at org.springframework.test.context.support.AbstractDelegatingSmartContextLoader.loadContext(AbstractDelegatingSmartContextLoader.java:261)
	at org.springframework.test.context.cache.DefaultCacheAwareContextLoaderDelegate.loadContextInternal(DefaultCacheAwareContextLoaderDelegate.java:98)
	at org.springframework.test.context.cache.DefaultCacheAwareContextLoaderDelegate.loadContext(DefaultCacheAwareContextLoaderDelegate.java:116)
	... 31 more
Caused by: org.springframework.beans.factory.BeanCreationException: Error creating bean with name &apos;dataSource&apos; defined in file [/Users/xk1020/IdeaProjects/Basic-Single-Module-SSJPA/target/classes/spring/applicationContext-dataSource.xml]: Invocation of init method failed; nested exception is com.mysql.jdbc.exceptions.jdbc4.MySQLNonTransientConnectionException: Could not create connection to database server. Attempted reconnect 3 times. Giving up.
	at org.springframework.beans.factory.support.AbstractAutowireCapableBeanFactory.initializeBean(AbstractAutowireCapableBeanFactory.java:1578)
	at org.springframework.beans.factory.support.AbstractAutowireCapableBeanFactory.doCreateBean(AbstractAutowireCapableBeanFactory.java:545)
	at org.springframework.beans.factory.support.AbstractAutowireCapableBeanFactory.createBean(AbstractAutowireCapableBeanFactory.java:482)
	at org.springframework.beans.factory.support.AbstractBeanFactory$1.getObject(AbstractBeanFactory.java:306)
	at org.springframework.beans.factory.support.DefaultSingletonBeanRegistry.getSingleton(DefaultSingletonBeanRegistry.java:230)
	at org.springframework.beans.factory.support.AbstractBeanFactory.doGetBean(AbstractBeanFactory.java:302)
	at org.springframework.beans.factory.support.AbstractBeanFactory.getBean(AbstractBeanFactory.java:197)
	at org.springframework.beans.factory.support.BeanDefinitionValueResolver.resolveReference(BeanDefinitionValueResolver.java:351)
	... 49 more
Caused by: com.mysql.jdbc.exceptions.jdbc4.MySQLNonTransientConnectionException: Could not create connection to database server. Attempted reconnect 3 times. Giving up.
	at sun.reflect.NativeConstructorAccessorImpl.newInstance0(Native Method)
	at sun.reflect.NativeConstructorAccessorImpl.newInstance(NativeConstructorAccessorImpl.java:62)
	at sun.reflect.DelegatingConstructorAccessorImpl.newInstance(DelegatingConstructorAccessorImpl.java:45)
	at java.lang.reflect.Constructor.newInstance(Constructor.java:423)
	at com.mysql.jdbc.Util.handleNewInstance(Util.java:411)
	at com.mysql.jdbc.Util.getInstance(Util.java:386)
	at com.mysql.jdbc.SQLError.createSQLException(SQLError.java:1014)
	at com.mysql.jdbc.SQLError.createSQLException(SQLError.java:988)
	at com.mysql.jdbc.SQLError.createSQLException(SQLError.java:974)
	at com.mysql.jdbc.SQLError.createSQLException(SQLError.java:919)
	at com.mysql.jdbc.ConnectionImpl.connectWithRetries(ConnectionImpl.java:2299)
	at com.mysql.jdbc.ConnectionImpl.createNewIO(ConnectionImpl.java:2220)
	at com.mysql.jdbc.ConnectionImpl.&lt;init&gt;(ConnectionImpl.java:813)
	at com.mysql.jdbc.JDBC4Connection.&lt;init&gt;(JDBC4Connection.java:47)
	at sun.reflect.NativeConstructorAccessorImpl.newInstance0(Native Method)
	at sun.reflect.NativeConstructorAccessorImpl.newInstance(NativeConstructorAccessorImpl.java:62)
	at sun.reflect.DelegatingConstructorAccessorImpl.newInstance(DelegatingConstructorAccessorImpl.java:45)
	at java.lang.reflect.Constructor.newInstance(Constructor.java:423)
	at com.mysql.jdbc.Util.handleNewInstance(Util.java:411)
	at com.mysql.jdbc.ConnectionImpl.getInstance(ConnectionImpl.java:399)
	at com.mysql.jdbc.NonRegisteringDriver.connect(NonRegisteringDriver.java:334)
	at com.alibaba.druid.filter.FilterChainImpl.connection_connect(FilterChainImpl.java:148)
	at com.alibaba.druid.filter.FilterAdapter.connection_connect(FilterAdapter.java:786)
	at com.alibaba.druid.filter.FilterEventAdapter.connection_connect(FilterEventAdapter.java:38)
	at com.alibaba.druid.filter.FilterChainImpl.connection_connect(FilterChainImpl.java:142)
	at com.alibaba.druid.filter.stat.StatFilter.connection_connect(StatFilter.java:211)
	at com.alibaba.druid.filter.FilterChainImpl.connection_connect(FilterChainImpl.java:142)
	at com.alibaba.druid.pool.DruidAbstractDataSource.createPhysicalConnection(DruidAbstractDataSource.java:1360)
	at com.alibaba.druid.pool.DruidAbstractDataSource.createPhysicalConnection(DruidAbstractDataSource.java:1414)
	at com.alibaba.druid.pool.DruidDataSource.init(DruidDataSource.java:602)
	at sun.reflect.NativeMethodAccessorImpl.invoke0(Native Method)
	at sun.reflect.NativeMethodAccessorImpl.invoke(NativeMethodAccessorImpl.java:62)
	at sun.reflect.DelegatingMethodAccessorImpl.invoke(DelegatingMethodAccessorImpl.java:43)
	at java.lang.reflect.Method.invoke(Method.java:498)
	at org.springframework.beans.factory.support.AbstractAutowireCapableBeanFactory.invokeCustomInitMethod(AbstractAutowireCapableBeanFactory.java:1706)
	at org.springframework.beans.factory.support.AbstractAutowireCapableBeanFactory.invokeInitMethods(AbstractAutowireCapableBeanFactory.java:1645)
	at org.springframework.beans.factory.support.AbstractAutowireCapableBeanFactory.initializeBean(AbstractAutowireCapableBeanFactory.java:1574)
	... 56 more
Caused by: java.sql.SQLException: Access denied for user &apos;root &apos;@&apos;localhost&apos; (using password: YES)
	at com.mysql.jdbc.SQLError.createSQLException(SQLError.java:1074)
	at com.mysql.jdbc.MysqlIO.checkErrorPacket(MysqlIO.java:4074)
	at com.mysql.jdbc.MysqlIO.checkErrorPacket(MysqlIO.java:4006)
	at com.mysql.jdbc.MysqlIO.checkErrorPacket(MysqlIO.java:919)
	at com.mysql.jdbc.MysqlIO.proceedHandshakeWithPluggableAuthentication(MysqlIO.java:1694)
	at com.mysql.jdbc.MysqlIO.doHandshake(MysqlIO.java:1244)
	at com.mysql.jdbc.ConnectionImpl.coreConnect(ConnectionImpl.java:2397)
	at com.mysql.jdbc.ConnectionImpl.connectWithRetries(ConnectionImpl.java:2238)
	... 82 more
</error>
    <system-out>21:44:15,275 |-INFO in ch.qos.logback.classic.LoggerContext[default] - Could NOT find resource [logback.groovy]
21:44:15,275 |-INFO in ch.qos.logback.classic.LoggerContext[default] - Could NOT find resource [logback-test.xml]
21:44:15,276 |-INFO in ch.qos.logback.classic.LoggerContext[default] - Found resource [logback.xml] at [file:/Users/xk1020/IdeaProjects/Basic-Single-Module-SSJPA/target/test-classes/logback.xml]
21:44:15,276 |-WARN in ch.qos.logback.classic.LoggerContext[default] - Resource [logback.xml] occurs multiple times on the classpath.
21:44:15,276 |-WARN in ch.qos.logback.classic.LoggerContext[default] - Resource [logback.xml] occurs at [file:/Users/xk1020/IdeaProjects/Basic-Single-Module-SSJPA/target/test-classes/logback.xml]
21:44:15,276 |-WARN in ch.qos.logback.classic.LoggerContext[default] - Resource [logback.xml] occurs at [file:/Users/xk1020/IdeaProjects/Basic-Single-Module-SSJPA/target/classes/logback.xml]
21:44:15,338 |-INFO in ch.qos.logback.classic.joran.action.ConfigurationAction - debug attribute not set
21:44:15,560 |-INFO in ch.qos.logback.core.joran.action.AppenderAction - About to instantiate appender of type [ch.qos.logback.core.ConsoleAppender]
21:44:15,564 |-INFO in ch.qos.logback.core.joran.action.AppenderAction - Naming appender as [STDOUT]
21:44:15,622 |-WARN in ch.qos.logback.core.ConsoleAppender[STDOUT] - This appender no longer admits a layout as a sub-component, set an encoder instead.
21:44:15,622 |-WARN in ch.qos.logback.core.ConsoleAppender[STDOUT] - To ensure compatibility, wrapping your layout in LayoutWrappingEncoder.
21:44:15,622 |-WARN in ch.qos.logback.core.ConsoleAppender[STDOUT] - See also http://logback.qos.ch/codes.html#layoutInsteadOfEncoder for details
21:44:15,623 |-INFO in ch.qos.logback.core.joran.action.AppenderAction - About to instantiate appender of type [ch.qos.logback.core.rolling.RollingFileAppender]
21:44:15,625 |-INFO in ch.qos.logback.core.joran.action.AppenderAction - Naming appender as [FILE]
21:44:15,632 |-INFO in c.q.l.core.rolling.TimeBasedRollingPolicy@504527234 - No compression will be used
21:44:15,633 |-INFO in c.q.l.core.rolling.TimeBasedRollingPolicy@504527234 - Will use the pattern D://logbackOutFile.log.%d{yyyy-MM-dd}.log for the active file
21:44:15,640 |-INFO in c.q.l.core.rolling.DefaultTimeBasedFileNamingAndTriggeringPolicy - The date pattern is &apos;yyyy-MM-dd&apos; from file name pattern &apos;D://logbackOutFile.log.%d{yyyy-MM-dd}.log&apos;.
21:44:15,640 |-INFO in c.q.l.core.rolling.DefaultTimeBasedFileNamingAndTriggeringPolicy - Roll-over at midnight.
21:44:15,643 |-INFO in c.q.l.core.rolling.DefaultTimeBasedFileNamingAndTriggeringPolicy - Setting initial period to Mon Jul 02 21:44:15 CST 2018
21:44:15,649 |-INFO in ch.qos.logback.core.rolling.RollingFileAppender[FILE] - Active log file name: D://logbackOutFile.log.2018-07-02.log
21:44:15,649 |-INFO in ch.qos.logback.core.rolling.RollingFileAppender[FILE] - File property is set to [null]
21:44:15,651 |-INFO in ch.qos.logback.classic.joran.action.LoggerAction - Setting level of logger [com.youmeek] to TRACE
21:44:15,651 |-INFO in ch.qos.logback.classic.joran.action.LoggerAction - Setting level of logger [com.apache.ibatis] to TRACE
21:44:15,651 |-INFO in ch.qos.logback.classic.joran.action.LoggerAction - Setting level of logger [java.sql.Connection] to DEBUG
21:44:15,651 |-INFO in ch.qos.logback.classic.joran.action.LoggerAction - Setting level of logger [java.sql.Statement] to DEBUG
21:44:15,651 |-INFO in ch.qos.logback.classic.joran.action.LoggerAction - Setting level of logger [java.sql.PreparedStatement] to DEBUG
21:44:15,651 |-INFO in ch.qos.logback.classic.joran.action.RootLoggerAction - Setting level of ROOT logger to TRACE
21:44:15,651 |-INFO in ch.qos.logback.core.joran.action.AppenderRefAction - Attaching appender named [STDOUT] to Logger[ROOT]
21:44:15,651 |-INFO in ch.qos.logback.core.joran.action.AppenderRefAction - Attaching appender named [FILE] to Logger[ROOT]
21:44:15,651 |-INFO in ch.qos.logback.classic.joran.action.ConfigurationAction - End of configuration.
21:44:15,652 |-INFO in ch.qos.logback.classic.joran.JoranConfigurator@60c6f5b - Registering current configuration as safe fallback point

[2018-07-02 21:44:15.677] -- [DEBUG] -- [main &gt;&gt;&gt;&gt; SpringJUnit4ClassRunner.java:142 &gt;&gt;&gt;&gt; Method = &lt;init&gt;] -- [Content = SpringJUnit4ClassRunner constructor called with [class com.youmeek.ssm.SSMTest]]
[2018-07-02 21:44:15.682] -- [DEBUG] -- [main &gt;&gt;&gt;&gt; BootstrapUtils.java:96 &gt;&gt;&gt;&gt; Method = createCacheAwareContextLoaderDelegate] -- [Content = Instantiating CacheAwareContextLoaderDelegate from class [org.springframework.test.context.cache.DefaultCacheAwareContextLoaderDelegate]]
[2018-07-02 21:44:15.686] -- [DEBUG] -- [main &gt;&gt;&gt;&gt; BootstrapUtils.java:79 &gt;&gt;&gt;&gt; Method = createBootstrapContext] -- [Content = Instantiating BootstrapContext using constructor [public org.springframework.test.context.support.DefaultBootstrapContext(java.lang.Class,org.springframework.test.context.CacheAwareContextLoaderDelegate)]]
[2018-07-02 21:44:15.695] -- [DEBUG] -- [main &gt;&gt;&gt;&gt; BootstrapUtils.java:146 &gt;&gt;&gt;&gt; Method = resolveTestContextBootstrapper] -- [Content = Instantiating TestContextBootstrapper for test class [com.youmeek.ssm.SSMTest] from class [org.springframework.test.context.support.DefaultTestContextBootstrapper]]
[2018-07-02 21:44:15.706] -- [TRACE] -- [main &gt;&gt;&gt;&gt; ContextLoaderUtils.java:266 &gt;&gt;&gt;&gt; Method = convertContextConfigToConfigAttributesAndAddToList] -- [Content = Retrieved @ContextConfiguration [@org.springframework.test.context.ContextConfiguration(name=, value=[classpath*:spring/applicationContext*.xml], classes=[], loader=interface org.springframework.test.context.ContextLoader, locations=[classpath*:spring/applicationContext*.xml], inheritInitializers=true, initializers=[], inheritLocations=true)] for declaring class [com.youmeek.ssm.SSMTest].]
[2018-07-02 21:44:15.708] -- [TRACE] -- [main &gt;&gt;&gt;&gt; ContextLoaderUtils.java:272 &gt;&gt;&gt;&gt; Method = convertContextConfigToConfigAttributesAndAddToList] -- [Content = Resolved context configuration attributes: [ContextConfigurationAttributes@63440df3 declaringClass = &apos;com.youmeek.ssm.SSMTest&apos;, classes = &apos;{}&apos;, locations = &apos;{classpath*:spring/applicationContext*.xml}&apos;, inheritLocations = true, initializers = &apos;{}&apos;, inheritInitializers = true, name = [null], contextLoaderClass = &apos;org.springframework.test.context.ContextLoader&apos;]]
[2018-07-02 21:44:15.709] -- [TRACE] -- [main &gt;&gt;&gt;&gt; AbstractTestContextBootstrapper.java:445 &gt;&gt;&gt;&gt; Method = resolveExplicitContextLoaderClass] -- [Content = Resolving ContextLoader for context configuration attributes [ContextConfigurationAttributes@63440df3 declaringClass = &apos;com.youmeek.ssm.SSMTest&apos;, classes = &apos;{}&apos;, locations = &apos;{classpath*:spring/applicationContext*.xml}&apos;, inheritLocations = true, initializers = &apos;{}&apos;, inheritInitializers = true, name = [null], contextLoaderClass = &apos;org.springframework.test.context.ContextLoader&apos;]]
[2018-07-02 21:44:15.710] -- [TRACE] -- [main &gt;&gt;&gt;&gt; AbstractTestContextBootstrapper.java:413 &gt;&gt;&gt;&gt; Method = resolveContextLoader] -- [Content = Using ContextLoader class [org.springframework.test.context.support.DelegatingSmartContextLoader] for test class [com.youmeek.ssm.SSMTest]]
[2018-07-02 21:44:15.715] -- [TRACE] -- [main &gt;&gt;&gt;&gt; AbstractTestContextBootstrapper.java:346 &gt;&gt;&gt;&gt; Method = buildMergedContextConfiguration] -- [Content = Processing locations and classes for context configuration attributes [ContextConfigurationAttributes@63440df3 declaringClass = &apos;com.youmeek.ssm.SSMTest&apos;, classes = &apos;{}&apos;, locations = &apos;{classpath*:spring/applicationContext*.xml}&apos;, inheritLocations = true, initializers = &apos;{}&apos;, inheritInitializers = true, name = [null], contextLoaderClass = &apos;org.springframework.test.context.ContextLoader&apos;]]
[2018-07-02 21:44:15.716] -- [DEBUG] -- [main &gt;&gt;&gt;&gt; AbstractDelegatingSmartContextLoader.java:97 &gt;&gt;&gt;&gt; Method = delegateProcessing] -- [Content = Delegating to GenericXmlContextLoader to process context configuration [ContextConfigurationAttributes@63440df3 declaringClass = &apos;com.youmeek.ssm.SSMTest&apos;, classes = &apos;{}&apos;, locations = &apos;{classpath*:spring/applicationContext*.xml}&apos;, inheritLocations = true, initializers = &apos;{}&apos;, inheritInitializers = true, name = [null], contextLoaderClass = &apos;org.springframework.test.context.ContextLoader&apos;].]
[2018-07-02 21:44:15.717] -- [TRACE] -- [main &gt;&gt;&gt;&gt; ApplicationContextInitializerUtils.java:81 &gt;&gt;&gt;&gt; Method = resolveInitializerClasses] -- [Content = Processing context initializers for context configuration attributes [ContextConfigurationAttributes@63440df3 declaringClass = &apos;com.youmeek.ssm.SSMTest&apos;, classes = &apos;{}&apos;, locations = &apos;{classpath*:spring/applicationContext*.xml}&apos;, inheritLocations = true, initializers = &apos;{}&apos;, inheritInitializers = true, name = [null], contextLoaderClass = &apos;org.springframework.test.context.ContextLoader&apos;]]
[2018-07-02 21:44:15.719] -- [DEBUG] -- [main &gt;&gt;&gt;&gt; ActiveProfilesUtils.java:84 &gt;&gt;&gt;&gt; Method = resolveActiveProfiles] -- [Content = Could not find an &apos;annotation declaring class&apos; for annotation type [org.springframework.test.context.ActiveProfiles] and class [com.youmeek.ssm.SSMTest]]
[2018-07-02 21:44:15.723] -- [DEBUG] -- [main &gt;&gt;&gt;&gt; AbstractTestContextBootstrapper.java:130 &gt;&gt;&gt;&gt; Method = getTestExecutionListeners] -- [Content = @TestExecutionListeners is not present for class [com.youmeek.ssm.SSMTest]: using defaults.]
[2018-07-02 21:44:15.729] -- [INFO] -- [main &gt;&gt;&gt;&gt; AbstractTestContextBootstrapper.java:259 &gt;&gt;&gt;&gt; Method = getDefaultTestExecutionListenerClassNames] -- [Content = Loaded default TestExecutionListener class names from location [META-INF/spring.factories]: [org.springframework.test.context.web.ServletTestExecutionListener, org.springframework.test.context.support.DirtiesContextBeforeModesTestExecutionListener, org.springframework.test.context.support.DependencyInjectionTestExecutionListener, org.springframework.test.context.support.DirtiesContextTestExecutionListener, org.springframework.test.context.transaction.TransactionalTestExecutionListener, org.springframework.test.context.jdbc.SqlScriptsTestExecutionListener]]
[2018-07-02 21:44:15.743] -- [INFO] -- [main &gt;&gt;&gt;&gt; AbstractTestContextBootstrapper.java:185 &gt;&gt;&gt;&gt; Method = getTestExecutionListeners] -- [Content = Using TestExecutionListeners: [org.springframework.test.context.web.ServletTestExecutionListener@1188e820, org.springframework.test.context.support.DirtiesContextBeforeModesTestExecutionListener@2f490758, org.springframework.test.context.support.DependencyInjectionTestExecutionListener@101df177, org.springframework.test.context.support.DirtiesContextTestExecutionListener@166fa74d, org.springframework.test.context.transaction.TransactionalTestExecutionListener@40f08448, org.springframework.test.context.jdbc.SqlScriptsTestExecutionListener@276438c9]]
[2018-07-02 21:44:15.743] -- [TRACE] -- [main &gt;&gt;&gt;&gt; TestContextManager.java:147 &gt;&gt;&gt;&gt; Method = registerTestExecutionListeners] -- [Content = Registering TestExecutionListener: org.springframework.test.context.web.ServletTestExecutionListener@1188e820]
[2018-07-02 21:44:15.744] -- [TRACE] -- [main &gt;&gt;&gt;&gt; TestContextManager.java:147 &gt;&gt;&gt;&gt; Method = registerTestExecutionListeners] -- [Content = Registering TestExecutionListener: org.springframework.test.context.support.DirtiesContextBeforeModesTestExecutionListener@2f490758]
[2018-07-02 21:44:15.744] -- [TRACE] -- [main &gt;&gt;&gt;&gt; TestContextManager.java:147 &gt;&gt;&gt;&gt; Method = registerTestExecutionListeners] -- [Content = Registering TestExecutionListener: org.springframework.test.context.support.DependencyInjectionTestExecutionListener@101df177]
[2018-07-02 21:44:15.744] -- [TRACE] -- [main &gt;&gt;&gt;&gt; TestContextManager.java:147 &gt;&gt;&gt;&gt; Method = registerTestExecutionListeners] -- [Content = Registering TestExecutionListener: org.springframework.test.context.support.DirtiesContextTestExecutionListener@166fa74d]
[2018-07-02 21:44:15.744] -- [TRACE] -- [main &gt;&gt;&gt;&gt; TestContextManager.java:147 &gt;&gt;&gt;&gt; Method = registerTestExecutionListeners] -- [Content = Registering TestExecutionListener: org.springframework.test.context.transaction.TransactionalTestExecutionListener@40f08448]
[2018-07-02 21:44:15.744] -- [TRACE] -- [main &gt;&gt;&gt;&gt; TestContextManager.java:147 &gt;&gt;&gt;&gt; Method = registerTestExecutionListeners] -- [Content = Registering TestExecutionListener: org.springframework.test.context.jdbc.SqlScriptsTestExecutionListener@276438c9]
[2018-07-02 21:44:15.746] -- [DEBUG] -- [main &gt;&gt;&gt;&gt; ProfileValueUtils.java:71 &gt;&gt;&gt;&gt; Method = retrieveProfileValueSource] -- [Content = Retrieved @ProfileValueSourceConfiguration [null] for test class [com.youmeek.ssm.SSMTest]]
[2018-07-02 21:44:15.746] -- [DEBUG] -- [main &gt;&gt;&gt;&gt; ProfileValueUtils.java:83 &gt;&gt;&gt;&gt; Method = retrieveProfileValueSource] -- [Content = Retrieved ProfileValueSource type [class org.springframework.test.annotation.SystemProfileValueSource] for class [com.youmeek.ssm.SSMTest]]
[2018-07-02 21:44:15.747] -- [DEBUG] -- [main &gt;&gt;&gt;&gt; ProfileValueUtils.java:71 &gt;&gt;&gt;&gt; Method = retrieveProfileValueSource] -- [Content = Retrieved @ProfileValueSourceConfiguration [null] for test class [com.youmeek.ssm.SSMTest]]
[2018-07-02 21:44:15.747] -- [DEBUG] -- [main &gt;&gt;&gt;&gt; ProfileValueUtils.java:83 &gt;&gt;&gt;&gt; Method = retrieveProfileValueSource] -- [Content = Retrieved ProfileValueSource type [class org.springframework.test.annotation.SystemProfileValueSource] for class [com.youmeek.ssm.SSMTest]]
[2018-07-02 21:44:15.749] -- [TRACE] -- [main &gt;&gt;&gt;&gt; TestContextManager.java:189 &gt;&gt;&gt;&gt; Method = beforeTestClass] -- [Content = beforeTestClass(): class [com.youmeek.ssm.SSMTest]]
[2018-07-02 21:44:15.750] -- [DEBUG] -- [main &gt;&gt;&gt;&gt; AbstractDirtiesContextTestExecutionListener.java:141 &gt;&gt;&gt;&gt; Method = beforeOrAfterTestClass] -- [Content = Before test class: context [DefaultTestContext@49c43f4e testClass = SSMTest, testInstance = [null], testMethod = [null], testException = [null], mergedContextConfiguration = [MergedContextConfiguration@290dbf45 testClass = SSMTest, locations = &apos;{classpath*:spring/applicationContext*.xml}&apos;, classes = &apos;{}&apos;, contextInitializerClasses = &apos;[]&apos;, activeProfiles = &apos;{}&apos;, propertySourceLocations = &apos;{}&apos;, propertySourceProperties = &apos;{}&apos;, contextLoader = &apos;org.springframework.test.context.support.DelegatingSmartContextLoader&apos;, parent = [null]]], class annotated with @DirtiesContext [false] with mode [null].]
[2018-07-02 21:44:15.751] -- [DEBUG] -- [main &gt;&gt;&gt;&gt; ProfileValueUtils.java:71 &gt;&gt;&gt;&gt; Method = retrieveProfileValueSource] -- [Content = Retrieved @ProfileValueSourceConfiguration [null] for test class [com.youmeek.ssm.SSMTest]]
[2018-07-02 21:44:15.752] -- [DEBUG] -- [main &gt;&gt;&gt;&gt; ProfileValueUtils.java:83 &gt;&gt;&gt;&gt; Method = retrieveProfileValueSource] -- [Content = Retrieved ProfileValueSource type [class org.springframework.test.annotation.SystemProfileValueSource] for class [com.youmeek.ssm.SSMTest]]
[2018-07-02 21:44:15.753] -- [TRACE] -- [main &gt;&gt;&gt;&gt; TestContextManager.java:222 &gt;&gt;&gt;&gt; Method = prepareTestInstance] -- [Content = prepareTestInstance(): instance [com.youmeek.ssm.SSMTest@33cb5951]]
[2018-07-02 21:44:15.754] -- [DEBUG] -- [main &gt;&gt;&gt;&gt; DependencyInjectionTestExecutionListener.java:81 &gt;&gt;&gt;&gt; Method = prepareTestInstance] -- [Content = Performing dependency injection for test context [[DefaultTestContext@49c43f4e testClass = SSMTest, testInstance = com.youmeek.ssm.SSMTest@33cb5951, testMethod = [null], testException = [null], mergedContextConfiguration = [MergedContextConfiguration@290dbf45 testClass = SSMTest, locations = &apos;{classpath*:spring/applicationContext*.xml}&apos;, classes = &apos;{}&apos;, contextInitializerClasses = &apos;[]&apos;, activeProfiles = &apos;{}&apos;, propertySourceLocations = &apos;{}&apos;, propertySourceProperties = &apos;{}&apos;, contextLoader = &apos;org.springframework.test.context.support.DelegatingSmartContextLoader&apos;, parent = [null]]]].]
[2018-07-02 21:44:15.754] -- [DEBUG] -- [main &gt;&gt;&gt;&gt; AbstractDelegatingSmartContextLoader.java:107 &gt;&gt;&gt;&gt; Method = delegateLoading] -- [Content = Delegating to GenericXmlContextLoader to load context from [MergedContextConfiguration@290dbf45 testClass = SSMTest, locations = &apos;{classpath*:spring/applicationContext*.xml}&apos;, classes = &apos;{}&apos;, contextInitializerClasses = &apos;[]&apos;, activeProfiles = &apos;{}&apos;, propertySourceLocations = &apos;{}&apos;, propertySourceProperties = &apos;{}&apos;, contextLoader = &apos;org.springframework.test.context.support.DelegatingSmartContextLoader&apos;, parent = [null]].]
[2018-07-02 21:44:15.755] -- [DEBUG] -- [main &gt;&gt;&gt;&gt; AbstractGenericContextLoader.java:107 &gt;&gt;&gt;&gt; Method = loadContext] -- [Content = Loading ApplicationContext for merged context configuration [[MergedContextConfiguration@290dbf45 testClass = SSMTest, locations = &apos;{classpath*:spring/applicationContext*.xml}&apos;, classes = &apos;{}&apos;, contextInitializerClasses = &apos;[]&apos;, activeProfiles = &apos;{}&apos;, propertySourceLocations = &apos;{}&apos;, propertySourceProperties = &apos;{}&apos;, contextLoader = &apos;org.springframework.test.context.support.DelegatingSmartContextLoader&apos;, parent = [null]]].]
[2018-07-02 21:44:15.810] -- [DEBUG] -- [main &gt;&gt;&gt;&gt; MutablePropertySources.java:109 &gt;&gt;&gt;&gt; Method = addLast] -- [Content = Adding [systemProperties] PropertySource with lowest search precedence]
[2018-07-02 21:44:15.812] -- [DEBUG] -- [main &gt;&gt;&gt;&gt; MutablePropertySources.java:109 &gt;&gt;&gt;&gt; Method = addLast] -- [Content = Adding [systemEnvironment] PropertySource with lowest search precedence]
[2018-07-02 21:44:15.812] -- [DEBUG] -- [main &gt;&gt;&gt;&gt; AbstractEnvironment.java:127 &gt;&gt;&gt;&gt; Method = &lt;init&gt;] -- [Content = Initialized StandardEnvironment with PropertySources [systemProperties,systemEnvironment]]
[2018-07-02 21:44:15.817] -- [DEBUG] -- [main &gt;&gt;&gt;&gt; PathMatchingResourcePatternResolver.java:312 &gt;&gt;&gt;&gt; Method = findAllClassPathResources] -- [Content = Resolved classpath location [spring/] to resources [URL [file:/Users/xk1020/IdeaProjects/Basic-Single-Module-SSJPA/target/classes/spring/]]]
[2018-07-02 21:44:15.818] -- [DEBUG] -- [main &gt;&gt;&gt;&gt; PathMatchingResourcePatternResolver.java:637 &gt;&gt;&gt;&gt; Method = doFindMatchingFileSystemResources] -- [Content = Looking for matching resources in directory tree [/Users/xk1020/IdeaProjects/Basic-Single-Module-SSJPA/target/classes/spring]]
[2018-07-02 21:44:15.818] -- [DEBUG] -- [main &gt;&gt;&gt;&gt; PathMatchingResourcePatternResolver.java:699 &gt;&gt;&gt;&gt; Method = doRetrieveMatchingFiles] -- [Content = Searching directory [/Users/xk1020/IdeaProjects/Basic-Single-Module-SSJPA/target/classes/spring] for files matching pattern [/Users/xk1020/IdeaProjects/Basic-Single-Module-SSJPA/target/classes/spring/applicationContext*.xml]]
[2018-07-02 21:44:15.820] -- [DEBUG] -- [main &gt;&gt;&gt;&gt; PathMatchingResourcePatternResolver.java:430 &gt;&gt;&gt;&gt; Method = findPathMatchingResources] -- [Content = Resolved location pattern [classpath*:spring/applicationContext*.xml] to resources [file [/Users/xk1020/IdeaProjects/Basic-Single-Module-SSJPA/target/classes/spring/applicationContext.xml], file [/Users/xk1020/IdeaProjects/Basic-Single-Module-SSJPA/target/classes/spring/applicationContext-dataSource.xml], file [/Users/xk1020/IdeaProjects/Basic-Single-Module-SSJPA/target/classes/spring/applicationContext-transaction.xml], file [/Users/xk1020/IdeaProjects/Basic-Single-Module-SSJPA/target/classes/spring/applicationContext-jpa.xml]]]
[2018-07-02 21:44:15.821] -- [INFO] -- [main &gt;&gt;&gt;&gt; XmlBeanDefinitionReader.java:317 &gt;&gt;&gt;&gt; Method = loadBeanDefinitions] -- [Content = Loading XML bean definitions from file [/Users/xk1020/IdeaProjects/Basic-Single-Module-SSJPA/target/classes/spring/applicationContext.xml]]
[2018-07-02 21:44:15.825] -- [DEBUG] -- [main &gt;&gt;&gt;&gt; DefaultDocumentLoader.java:73 &gt;&gt;&gt;&gt; Method = loadDocument] -- [Content = Using JAXP provider [com.sun.org.apache.xerces.internal.jaxp.DocumentBuilderFactoryImpl]]
[2018-07-02 21:44:15.849] -- [TRACE] -- [main &gt;&gt;&gt;&gt; PluggableSchemaResolver.java:106 &gt;&gt;&gt;&gt; Method = resolveEntity] -- [Content = Trying to resolve XML entity with public id [null] and system id [http://www.springframework.org/schema/beans/spring-beans-4.2.xsd]]
[2018-07-02 21:44:15.849] -- [DEBUG] -- [main &gt;&gt;&gt;&gt; PluggableSchemaResolver.java:141 &gt;&gt;&gt;&gt; Method = getSchemaMappings] -- [Content = Loading schema mappings from [META-INF/spring.schemas]]
[2018-07-02 21:44:15.852] -- [DEBUG] -- [main &gt;&gt;&gt;&gt; PluggableSchemaResolver.java:147 &gt;&gt;&gt;&gt; Method = getSchemaMappings] -- [Content = Loaded schema mappings: {http://www.springframework.org/schema/tx/spring-tx-2.5.xsd=org/springframework/transaction/config/spring-tx-2.5.xsd, http://www.springframework.org/schema/cache/spring-cache-4.2.xsd=org/springframework/cache/config/spring-cache-4.2.xsd, http://www.springframework.org/schema/aop/spring-aop-4.1.xsd=org/springframework/aop/config/spring-aop-4.1.xsd, http://www.springframework.org/schema/context/spring-context-3.1.xsd=org/springframework/context/config/spring-context-3.1.xsd, http://www.springframework.org/schema/data/repository/spring-repository-1.4.xsd=org/springframework/data/repository/config/spring-repository-1.4.xsd, http://www.springframework.org/schema/jdbc/spring-jdbc-4.1.xsd=org/springframework/jdbc/config/spring-jdbc-4.1.xsd, http://www.springframework.org/schema/util/spring-util-3.0.xsd=org/springframework/beans/factory/xml/spring-util-3.0.xsd, http://www.springframework.org/schema/mvc/spring-mvc-4.1.xsd=org/springframework/web/servlet/config/spring-mvc-4.1.xsd, http://www.springframework.org/schema/data/jpa/spring-jpa.xsd=org/springframework/data/jpa/repository/config/spring-jpa-1.8.xsd, http://www.springframework.org/schema/aop/spring-aop-3.2.xsd=org/springframework/aop/config/spring-aop-3.2.xsd, http://www.springframework.org/schema/tool/spring-tool.xsd=org/springframework/beans/factory/xml/spring-tool-4.2.xsd, http://www.springframework.org/schema/lang/spring-lang-4.1.xsd=org/springframework/scripting/config/spring-lang-4.1.xsd, http://www.springframework.org/schema/context/spring-context-4.0.xsd=org/springframework/context/config/spring-context-4.0.xsd, http://www.springframework.org/schema/mvc/spring-mvc-3.2.xsd=org/springframework/web/servlet/config/spring-mvc-3.2.xsd, http://www.springframework.org/schema/beans/spring-beans-4.2.xsd=org/springframework/beans/factory/xml/spring-beans-4.2.xsd, http://www.springframework.org/schema/oxm/spring-oxm-3.0.xsd=org/springframework/oxm/config/spring-oxm-3.0.xsd, http://www.springframework.org/schema/tool/spring-tool-4.1.xsd=org/springframework/beans/factory/xml/spring-tool-4.1.xsd, http://www.springframework.org/schema/lang/spring-lang-3.2.xsd=org/springframework/scripting/config/spring-lang-3.2.xsd, http://www.springframework.org/schema/cache/spring-cache-3.2.xsd=org/springframework/cache/config/spring-cache-3.2.xsd, http://www.springframework.org/schema/jee/spring-jee-4.1.xsd=org/springframework/ejb/config/spring-jee-4.1.xsd, http://www.springframework.org/schema/jdbc/spring-jdbc-3.1.xsd=org/springframework/jdbc/config/spring-jdbc-3.1.xsd, http://www.springframework.org/schema/task/spring-task-4.2.xsd=org/springframework/scheduling/config/spring-task-4.2.xsd, http://www.springframework.org/schema/util/spring-util-2.0.xsd=org/springframework/beans/factory/xml/spring-util-2.0.xsd, http://www.springframework.org/schema/tool/spring-tool-3.2.xsd=org/springframework/beans/factory/xml/spring-tool-3.2.xsd, http://www.springframework.org/schema/context/spring-context.xsd=org/springframework/context/config/spring-context-4.2.xsd, http://www.springframework.org/schema/tx/spring-tx-4.2.xsd=org/springframework/transaction/config/spring-tx-4.2.xsd, http://www.springframework.org/schema/cache/spring-cache-4.1.xsd=org/springframework/cache/config/spring-cache-4.1.xsd, http://www.springframework.org/schema/aop/spring-aop-4.0.xsd=org/springframework/aop/config/spring-aop-4.0.xsd, http://www.springframework.org/schema/jee/spring-jee-3.2.xsd=org/springframework/ejb/config/spring-jee-3.2.xsd, http://www.springframework.org/schema/context/spring-context-3.0.xsd=org/springframework/context/config/spring-context-3.0.xsd, http://www.springframework.org/schema/jdbc/spring-jdbc-4.0.xsd=org/springframework/jdbc/config/spring-jdbc-4.0.xsd, http://www.springframework.org/schema/util/spring-util-2.5.xsd=org/springframework/beans/factory/xml/spring-util-2.5.xsd, http://www.springframework.org/schema/mvc/spring-mvc-4.0.xsd=org/springframework/web/servlet/config/spring-mvc-4.0.xsd, http://www.springframework.org/schema/beans/spring-beans-3.2.xsd=org/springframework/beans/factory/xml/spring-beans-3.2.xsd, http://www.springframework.org/schema/aop/spring-aop-3.1.xsd=org/springframework/aop/config/spring-aop-3.1.xsd, http://www.springframework.org/schema/lang/spring-lang-4.0.xsd=org/springframework/scripting/config/spring-lang-4.0.xsd, http://www.springframework.org/schema/data/repository/spring-repository-1.8.xsd=org/springframework/data/repository/config/spring-repository-1.8.xsd, http://www.springframework.org/schema/mvc/spring-mvc.xsd=org/springframework/web/servlet/config/spring-mvc-4.2.xsd, http://www.springframework.org/schema/mvc/spring-mvc-3.1.xsd=org/springframework/web/servlet/config/spring-mvc-3.1.xsd, http://www.springframework.org/schema/beans/spring-beans-4.1.xsd=org/springframework/beans/factory/xml/spring-beans-4.1.xsd, http://www.springframework.org/schema/tool/spring-tool-4.0.xsd=org/springframework/beans/factory/xml/spring-tool-4.0.xsd, http://www.springframework.org/schema/lang/spring-lang-3.1.xsd=org/springframework/scripting/config/spring-lang-3.1.xsd, http://www.springframework.org/schema/tx/spring-tx-3.2.xsd=org/springframework/transaction/config/spring-tx-3.2.xsd, http://www.springframework.org/schema/cache/spring-cache-3.1.xsd=org/springframework/cache/config/spring-cache-3.1.xsd, http://www.springframework.org/schema/jee/spring-jee-4.0.xsd=org/springframework/ejb/config/spring-jee-4.0.xsd, http://www.springframework.org/schema/jdbc/spring-jdbc-3.0.xsd=org/springframework/jdbc/config/spring-jdbc-3.0.xsd, http://www.springframework.org/schema/task/spring-task-4.1.xsd=org/springframework/scheduling/config/spring-task-4.1.xsd, http://www.springframework.org/schema/jdbc/spring-jdbc.xsd=org/springframework/jdbc/config/spring-jdbc-4.2.xsd, http://www.springframework.org/schema/tool/spring-tool-3.1.xsd=org/springframework/beans/factory/xml/spring-tool-3.1.xsd, http://www.springframework.org/schema/tx/spring-tx-4.1.xsd=org/springframework/transaction/config/spring-tx-4.1.xsd, http://www.springframework.org/schema/cache/spring-cache-4.0.xsd=org/springframework/cache/config/spring-cache-4.0.xsd, http://www.springframework.org/schema/jee/spring-jee-3.1.xsd=org/springframework/ejb/config/spring-jee-3.1.xsd, http://www.springframework.org/schema/task/spring-task-3.2.xsd=org/springframework/scheduling/config/spring-task-3.2.xsd, http://www.springframework.org/schema/util/spring-util-4.2.xsd=org/springframework/beans/factory/xml/spring-util-4.2.xsd, http://www.springframework.org/schema/beans/spring-beans-3.1.xsd=org/springframework/beans/factory/xml/spring-beans-3.1.xsd, http://www.springframework.org/schema/util/spring-util.xsd=org/springframework/beans/factory/xml/spring-util-4.2.xsd, http://www.springframework.org/schema/data/jpa/spring-jpa-1.3.xsd=org/springframework/data/jpa/repository/config/spring-jpa-1.3.xsd, http://www.springframework.org/schema/aop/spring-aop-3.0.xsd=org/springframework/aop/config/spring-aop-3.0.xsd, http://www.springframework.org/schema/data/repository/spring-repository.xsd=org/springframework/data/repository/config/spring-repository-1.11.xsd, http://www.springframework.org/schema/data/repository/spring-repository-1.7.xsd=org/springframework/data/repository/config/spring-repository-1.7.xsd, http://www.springframework.org/schema/mvc/spring-mvc-3.0.xsd=org/springframework/web/servlet/config/spring-mvc-3.0.xsd, http://www.springframework.org/schema/beans/spring-beans-4.0.xsd=org/springframework/beans/factory/xml/spring-beans-4.0.xsd, http://www.springframework.org/schema/oxm/spring-oxm-4.2.xsd=org/springframework/oxm/config/spring-oxm-4.2.xsd, http://www.springframework.org/schema/data/jpa/spring-jpa-1.8.xsd=org/springframework/data/jpa/repository/config/spring-jpa-1.8.xsd, http://www.springframework.org/schema/beans/spring-beans.xsd=org/springframework/beans/factory/xml/spring-beans-4.2.xsd, http://www.springframework.org/schema/lang/spring-lang-3.0.xsd=org/springframework/scripting/config/spring-lang-3.0.xsd, http://www.springframework.org/schema/tx/spring-tx-3.1.xsd=org/springframework/transaction/config/spring-tx-3.1.xsd, http://www.springframework.org/schema/context/spring-context-2.5.xsd=org/springframework/context/config/spring-context-2.5.xsd, http://www.springframework.org/schema/task/spring-task-4.0.xsd=org/springframework/scheduling/config/spring-task-4.0.xsd, http://www.springframework.org/schema/tool/spring-tool-3.0.xsd=org/springframework/beans/factory/xml/spring-tool-3.0.xsd, http://www.springframework.org/schema/tx/spring-tx-4.0.xsd=org/springframework/transaction/config/spring-tx-4.0.xsd, http://www.springframework.org/schema/aop/spring-aop-2.0.xsd=org/springframework/aop/config/spring-aop-2.0.xsd, http://www.springframework.org/schema/jee/spring-jee-3.0.xsd=org/springframework/ejb/config/spring-jee-3.0.xsd, http://www.springframework.org/schema/task/spring-task-3.1.xsd=org/springframework/scheduling/config/spring-task-3.1.xsd, http://www.springframework.org/schema/util/spring-util-4.1.xsd=org/springframework/beans/factory/xml/spring-util-4.1.xsd, http://www.springframework.org/schema/beans/spring-beans-3.0.xsd=org/springframework/beans/factory/xml/spring-beans-3.0.xsd, http://www.springframework.org/schema/data/jpa/spring-jpa-1.2.xsd=org/springframework/data/jpa/repository/config/spring-jpa-1.2.xsd, http://www.springframework.org/schema/jee/spring-jee.xsd=org/springframework/ejb/config/spring-jee-4.2.xsd, http://www.springframework.org/schema/aop/spring-aop-2.5.xsd=org/springframework/aop/config/spring-aop-2.5.xsd, http://www.springframework.org/schema/lang/spring-lang-2.0.xsd=org/springframework/scripting/config/spring-lang-2.0.xsd, http://www.springframework.org/schema/data/repository/spring-repository-1.6.xsd=org/springframework/data/repository/config/spring-repository-1.6.xsd, http://www.springframework.org/schema/oxm/spring-oxm.xsd=org/springframework/oxm/config/spring-oxm-4.2.xsd, http://www.springframework.org/schema/util/spring-util-3.2.xsd=org/springframework/beans/factory/xml/spring-util-3.2.xsd, http://www.springframework.org/schema/oxm/spring-oxm-4.1.xsd=org/springframework/oxm/config/spring-oxm-4.1.xsd, http://www.springframework.org/schema/task/spring-task.xsd=org/springframework/scheduling/config/spring-task-4.2.xsd, http://www.springframework.org/schema/tool/spring-tool-2.0.xsd=org/springframework/beans/factory/xml/spring-tool-2.0.xsd, http://www.springframework.org/schema/lang/spring-lang-2.5.xsd=org/springframework/scripting/config/spring-lang-2.5.xsd, http://www.springframework.org/schema/tx/spring-tx-3.0.xsd=org/springframework/transaction/config/spring-tx-3.0.xsd, http://www.springframework.org/schema/context/spring-context-4.2.xsd=org/springframework/context/config/spring-context-4.2.xsd, http://www.springframework.org/schema/jee/spring-jee-2.0.xsd=org/springframework/ejb/config/spring-jee-2.0.xsd, http://www.springframework.org/schema/oxm/spring-oxm-3.2.xsd=org/springframework/oxm/config/spring-oxm-3.2.xsd, http://www.springframework.org/schema/tool/spring-tool-2.5.xsd=org/springframework/beans/factory/xml/spring-tool-2.5.xsd, http://www.springframework.org/schema/jee/spring-jee-2.5.xsd=org/springframework/ejb/config/spring-jee-2.5.xsd, http://www.springframework.org/schema/data/repository/spring-repository-1.0.xsd=org/springframework/data/repository/config/spring-repository-1.0.xsd, http://www.springframework.org/schema/task/spring-task-3.0.xsd=org/springframework/scheduling/config/spring-task-3.0.xsd, http://www.springframework.org/schema/util/spring-util-4.0.xsd=org/springframework/beans/factory/xml/spring-util-4.0.xsd, http://www.springframework.org/schema/data/jpa/spring-jpa-1.1.xsd=org/springframework/data/jpa/repository/config/spring-jpa-1.1.xsd, http://www.springframework.org/schema/aop/spring-aop-4.2.xsd=org/springframework/aop/config/spring-aop-4.2.xsd, http://www.springframework.org/schema/lang/spring-lang.xsd=org/springframework/scripting/config/spring-lang-4.2.xsd, http://www.springframework.org/schema/context/spring-context-3.2.xsd=org/springframework/context/config/spring-context-3.2.xsd, http://www.springframework.org/schema/data/repository/spring-repository-1.5.xsd=org/springframework/data/repository/config/spring-repository-1.5.xsd, http://www.springframework.org/schema/jdbc/spring-jdbc-4.2.xsd=org/springframework/jdbc/config/spring-jdbc-4.2.xsd, http://www.springframework.org/schema/mvc/spring-mvc-4.2.xsd=org/springframework/web/servlet/config/spring-mvc-4.2.xsd, http://www.springframework.org/schema/util/spring-util-3.1.xsd=org/springframework/beans/factory/xml/spring-util-3.1.xsd, http://www.springframework.org/schema/beans/spring-beans-2.0.xsd=org/springframework/beans/factory/xml/spring-beans-2.0.xsd, http://www.springframework.org/schema/oxm/spring-oxm-4.0.xsd=org/springframework/oxm/config/spring-oxm-4.0.xsd, http://www.springframework.org/schema/cache/spring-cache.xsd=org/springframework/cache/config/spring-cache-4.2.xsd, http://www.springframework.org/schema/tx/spring-tx.xsd=org/springframework/transaction/config/spring-tx-4.2.xsd, http://www.springframework.org/schema/lang/spring-lang-4.2.xsd=org/springframework/scripting/config/spring-lang-4.2.xsd, http://www.springframework.org/schema/context/spring-context-4.1.xsd=org/springframework/context/config/spring-context-4.1.xsd, http://www.springframework.org/schema/beans/spring-beans-2.5.xsd=org/springframework/beans/factory/xml/spring-beans-2.5.xsd, http://www.springframework.org/schema/oxm/spring-oxm-3.1.xsd=org/springframework/oxm/config/spring-oxm-3.1.xsd, http://www.springframework.org/schema/tool/spring-tool-4.2.xsd=org/springframework/beans/factory/xml/spring-tool-4.2.xsd, http://www.springframework.org/schema/tx/spring-tx-2.0.xsd=org/springframework/transaction/config/spring-tx-2.0.xsd, http://www.springframework.org/schema/data/repository/spring-repository-1.11.xsd=org/springframework/data/repository/config/spring-repository-1.11.xsd, http://www.springframework.org/schema/jee/spring-jee-4.2.xsd=org/springframework/ejb/config/spring-jee-4.2.xsd, http://www.springframework.org/schema/jdbc/spring-jdbc-3.2.xsd=org/springframework/jdbc/config/spring-jdbc-3.2.xsd, http://www.springframework.org/schema/aop/spring-aop.xsd=org/springframework/aop/config/spring-aop-4.2.xsd, http://www.springframework.org/schema/data/jpa/spring-jpa-1.0.xsd=org/springframework/data/jpa/repository/config/spring-jpa-1.0.xsd}]
[2018-07-02 21:44:15.854] -- [DEBUG] -- [main &gt;&gt;&gt;&gt; PluggableSchemaResolver.java:119 &gt;&gt;&gt;&gt; Method = resolveEntity] -- [Content = Found XML schema [http://www.springframework.org/schema/beans/spring-beans-4.2.xsd] in classpath: org/springframework/beans/factory/xml/spring-beans-4.2.xsd]
[2018-07-02 21:44:15.904] -- [TRACE] -- [main &gt;&gt;&gt;&gt; PluggableSchemaResolver.java:106 &gt;&gt;&gt;&gt; Method = resolveEntity] -- [Content = Trying to resolve XML entity with public id [null] and system id [http://www.springframework.org/schema/context/spring-context-4.2.xsd]]
[2018-07-02 21:44:15.905] -- [DEBUG] -- [main &gt;&gt;&gt;&gt; PluggableSchemaResolver.java:119 &gt;&gt;&gt;&gt; Method = resolveEntity] -- [Content = Found XML schema [http://www.springframework.org/schema/context/spring-context-4.2.xsd] in classpath: org/springframework/context/config/spring-context-4.2.xsd]
[2018-07-02 21:44:15.913] -- [TRACE] -- [main &gt;&gt;&gt;&gt; PluggableSchemaResolver.java:106 &gt;&gt;&gt;&gt; Method = resolveEntity] -- [Content = Trying to resolve XML entity with public id [null] and system id [http://www.springframework.org/schema/tool/spring-tool-4.2.xsd]]
[2018-07-02 21:44:15.914] -- [DEBUG] -- [main &gt;&gt;&gt;&gt; PluggableSchemaResolver.java:119 &gt;&gt;&gt;&gt; Method = resolveEntity] -- [Content = Found XML schema [http://www.springframework.org/schema/tool/spring-tool-4.2.xsd] in classpath: org/springframework/beans/factory/xml/spring-tool-4.2.xsd]
[2018-07-02 21:44:15.928] -- [DEBUG] -- [main &gt;&gt;&gt;&gt; DefaultBeanDefinitionDocumentReader.java:92 &gt;&gt;&gt;&gt; Method = registerBeanDefinitions] -- [Content = Loading bean definitions]
[2018-07-02 21:44:15.942] -- [DEBUG] -- [main &gt;&gt;&gt;&gt; DefaultNamespaceHandlerResolver.java:157 &gt;&gt;&gt;&gt; Method = getHandlerMappings] -- [Content = Loaded NamespaceHandler mappings: {http://www.springframework.org/schema/p=org.springframework.beans.factory.xml.SimplePropertyNamespaceHandler, http://www.springframework.org/schema/mvc=org.springframework.web.servlet.config.MvcNamespaceHandler, http://www.springframework.org/schema/util=org.springframework.beans.factory.xml.UtilNamespaceHandler, http://www.springframework.org/schema/jee=org.springframework.ejb.config.JeeNamespaceHandler, http://www.springframework.org/schema/aop=org.springframework.aop.config.AopNamespaceHandler, http://www.springframework.org/schema/data/repository=org.springframework.data.repository.config.RepositoryNameSpaceHandler, http://www.springframework.org/schema/jdbc=org.springframework.jdbc.config.JdbcNamespaceHandler, http://www.springframework.org/schema/oxm=org.springframework.oxm.config.OxmNamespaceHandler, http://www.springframework.org/schema/data/jpa=org.springframework.data.jpa.repository.config.JpaRepositoryNameSpaceHandler, http://www.springframework.org/schema/cache=org.springframework.cache.config.CacheNamespaceHandler, http://www.springframework.org/schema/c=org.springframework.beans.factory.xml.SimpleConstructorNamespaceHandler, http://www.springframework.org/schema/tx=org.springframework.transaction.config.TxNamespaceHandler, http://www.springframework.org/schema/task=org.springframework.scheduling.config.TaskNamespaceHandler, http://www.springframework.org/schema/lang=org.springframework.scripting.config.LangNamespaceHandler, http://www.springframework.org/schema/data/keyvalue=org.springframework.data.keyvalue.repository.config.KeyValueRepositoryNameSpaceHandler, http://www.springframework.org/schema/context=org.springframework.context.config.ContextNamespaceHandler}]
[2018-07-02 21:44:15.961] -- [DEBUG] -- [main &gt;&gt;&gt;&gt; ClassPathScanningCandidateComponentProvider.java:244 &gt;&gt;&gt;&gt; Method = registerDefaultFilters] -- [Content = JSR-250 &apos;javax.annotation.ManagedBean&apos; found and supported for component scanning]
[2018-07-02 21:44:15.963] -- [DEBUG] -- [main &gt;&gt;&gt;&gt; ClassPathScanningCandidateComponentProvider.java:252 &gt;&gt;&gt;&gt; Method = registerDefaultFilters] -- [Content = JSR-330 &apos;javax.inject.Named&apos; annotation found and supported for component scanning]
[2018-07-02 21:44:15.967] -- [DEBUG] -- [main &gt;&gt;&gt;&gt; PathMatchingResourcePatternResolver.java:312 &gt;&gt;&gt;&gt; Method = findAllClassPathResources] -- [Content = Resolved classpath location [com/youmeek/] to resources [URL [file:/Users/xk1020/IdeaProjects/Basic-Single-Module-SSJPA/target/test-classes/com/youmeek/], URL [file:/Users/xk1020/IdeaProjects/Basic-Single-Module-SSJPA/target/classes/com/youmeek/]]]
[2018-07-02 21:44:15.968] -- [DEBUG] -- [main &gt;&gt;&gt;&gt; PathMatchingResourcePatternResolver.java:637 &gt;&gt;&gt;&gt; Method = doFindMatchingFileSystemResources] -- [Content = Looking for matching resources in directory tree [/Users/xk1020/IdeaProjects/Basic-Single-Module-SSJPA/target/test-classes/com/youmeek]]
[2018-07-02 21:44:15.968] -- [DEBUG] -- [main &gt;&gt;&gt;&gt; PathMatchingResourcePatternResolver.java:699 &gt;&gt;&gt;&gt; Method = doRetrieveMatchingFiles] -- [Content = Searching directory [/Users/xk1020/IdeaProjects/Basic-Single-Module-SSJPA/target/test-classes/com/youmeek] for files matching pattern [/Users/xk1020/IdeaProjects/Basic-Single-Module-SSJPA/target/test-classes/com/youmeek/**/service/**/*.class]]
[2018-07-02 21:44:15.968] -- [DEBUG] -- [main &gt;&gt;&gt;&gt; PathMatchingResourcePatternResolver.java:699 &gt;&gt;&gt;&gt; Method = doRetrieveMatchingFiles] -- [Content = Searching directory [/Users/xk1020/IdeaProjects/Basic-Single-Module-SSJPA/target/test-classes/com/youmeek/ssm] for files matching pattern [/Users/xk1020/IdeaProjects/Basic-Single-Module-SSJPA/target/test-classes/com/youmeek/**/service/**/*.class]]
[2018-07-02 21:44:15.969] -- [DEBUG] -- [main &gt;&gt;&gt;&gt; PathMatchingResourcePatternResolver.java:637 &gt;&gt;&gt;&gt; Method = doFindMatchingFileSystemResources] -- [Content = Looking for matching resources in directory tree [/Users/xk1020/IdeaProjects/Basic-Single-Module-SSJPA/target/classes/com/youmeek]]
[2018-07-02 21:44:15.969] -- [DEBUG] -- [main &gt;&gt;&gt;&gt; PathMatchingResourcePatternResolver.java:699 &gt;&gt;&gt;&gt; Method = doRetrieveMatchingFiles] -- [Content = Searching directory [/Users/xk1020/IdeaProjects/Basic-Single-Module-SSJPA/target/classes/com/youmeek] for files matching pattern [/Users/xk1020/IdeaProjects/Basic-Single-Module-SSJPA/target/classes/com/youmeek/**/service/**/*.class]]
[2018-07-02 21:44:15.970] -- [DEBUG] -- [main &gt;&gt;&gt;&gt; PathMatchingResourcePatternResolver.java:699 &gt;&gt;&gt;&gt; Method = doRetrieveMatchingFiles] -- [Content = Searching directory [/Users/xk1020/IdeaProjects/Basic-Single-Module-SSJPA/target/classes/com/youmeek/ssm] for files matching pattern [/Users/xk1020/IdeaProjects/Basic-Single-Module-SSJPA/target/classes/com/youmeek/**/service/**/*.class]]
[2018-07-02 21:44:15.971] -- [DEBUG] -- [main &gt;&gt;&gt;&gt; PathMatchingResourcePatternResolver.java:699 &gt;&gt;&gt;&gt; Method = doRetrieveMatchingFiles] -- [Content = Searching directory [/Users/xk1020/IdeaProjects/Basic-Single-Module-SSJPA/target/classes/com/youmeek/ssm/module] for files matching pattern [/Users/xk1020/IdeaProjects/Basic-Single-Module-SSJPA/target/classes/com/youmeek/**/service/**/*.class]]
[2018-07-02 21:44:15.972] -- [DEBUG] -- [main &gt;&gt;&gt;&gt; PathMatchingResourcePatternResolver.java:699 &gt;&gt;&gt;&gt; Method = doRetrieveMatchingFiles] -- [Content = Searching directory [/Users/xk1020/IdeaProjects/Basic-Single-Module-SSJPA/target/classes/com/youmeek/ssm/module/user] for files matching pattern [/Users/xk1020/IdeaProjects/Basic-Single-Module-SSJPA/target/classes/com/youmeek/**/service/**/*.class]]
[2018-07-02 21:44:15.972] -- [DEBUG] -- [main &gt;&gt;&gt;&gt; PathMatchingResourcePatternResolver.java:699 &gt;&gt;&gt;&gt; Method = doRetrieveMatchingFiles] -- [Content = Searching directory [/Users/xk1020/IdeaProjects/Basic-Single-Module-SSJPA/target/classes/com/youmeek/ssm/module/user/dao] for files matching pattern [/Users/xk1020/IdeaProjects/Basic-Single-Module-SSJPA/target/classes/com/youmeek/**/service/**/*.class]]
[2018-07-02 21:44:15.973] -- [DEBUG] -- [main &gt;&gt;&gt;&gt; PathMatchingResourcePatternResolver.java:699 &gt;&gt;&gt;&gt; Method = doRetrieveMatchingFiles] -- [Content = Searching directory [/Users/xk1020/IdeaProjects/Basic-Single-Module-SSJPA/target/classes/com/youmeek/ssm/module/user/controller] for files matching pattern [/Users/xk1020/IdeaProjects/Basic-Single-Module-SSJPA/target/classes/com/youmeek/**/service/**/*.class]]
[2018-07-02 21:44:15.974] -- [DEBUG] -- [main &gt;&gt;&gt;&gt; PathMatchingResourcePatternResolver.java:699 &gt;&gt;&gt;&gt; Method = doRetrieveMatchingFiles] -- [Content = Searching directory [/Users/xk1020/IdeaProjects/Basic-Single-Module-SSJPA/target/classes/com/youmeek/ssm/module/user/service] for files matching pattern [/Users/xk1020/IdeaProjects/Basic-Single-Module-SSJPA/target/classes/com/youmeek/**/service/**/*.class]]
[2018-07-02 21:44:15.975] -- [DEBUG] -- [main &gt;&gt;&gt;&gt; PathMatchingResourcePatternResolver.java:699 &gt;&gt;&gt;&gt; Method = doRetrieveMatchingFiles] -- [Content = Searching directory [/Users/xk1020/IdeaProjects/Basic-Single-Module-SSJPA/target/classes/com/youmeek/ssm/module/user/service/impl] for files matching pattern [/Users/xk1020/IdeaProjects/Basic-Single-Module-SSJPA/target/classes/com/youmeek/**/service/**/*.class]]
[2018-07-02 21:44:15.976] -- [DEBUG] -- [main &gt;&gt;&gt;&gt; PathMatchingResourcePatternResolver.java:699 &gt;&gt;&gt;&gt; Method = doRetrieveMatchingFiles] -- [Content = Searching directory [/Users/xk1020/IdeaProjects/Basic-Single-Module-SSJPA/target/classes/com/youmeek/ssm/module/user/pojo] for files matching pattern [/Users/xk1020/IdeaProjects/Basic-Single-Module-SSJPA/target/classes/com/youmeek/**/service/**/*.class]]
[2018-07-02 21:44:15.978] -- [DEBUG] -- [main &gt;&gt;&gt;&gt; PathMatchingResourcePatternResolver.java:699 &gt;&gt;&gt;&gt; Method = doRetrieveMatchingFiles] -- [Content = Searching directory [/Users/xk1020/IdeaProjects/Basic-Single-Module-SSJPA/target/classes/com/youmeek/ssm/aop] for files matching pattern [/Users/xk1020/IdeaProjects/Basic-Single-Module-SSJPA/target/classes/com/youmeek/**/service/**/*.class]]
[2018-07-02 21:44:15.980] -- [DEBUG] -- [main &gt;&gt;&gt;&gt; PathMatchingResourcePatternResolver.java:699 &gt;&gt;&gt;&gt; Method = doRetrieveMatchingFiles] -- [Content = Searching directory [/Users/xk1020/IdeaProjects/Basic-Single-Module-SSJPA/target/classes/com/youmeek/ssm/aop/log] for files matching pattern [/Users/xk1020/IdeaProjects/Basic-Single-Module-SSJPA/target/classes/com/youmeek/**/service/**/*.class]]
[2018-07-02 21:44:15.981] -- [DEBUG] -- [main &gt;&gt;&gt;&gt; PathMatchingResourcePatternResolver.java:699 &gt;&gt;&gt;&gt; Method = doRetrieveMatchingFiles] -- [Content = Searching directory [/Users/xk1020/IdeaProjects/Basic-Single-Module-SSJPA/target/classes/com/youmeek/ssm/interceptor] for files matching pattern [/Users/xk1020/IdeaProjects/Basic-Single-Module-SSJPA/target/classes/com/youmeek/**/service/**/*.class]]
[2018-07-02 21:44:15.982] -- [DEBUG] -- [main &gt;&gt;&gt;&gt; PathMatchingResourcePatternResolver.java:430 &gt;&gt;&gt;&gt; Method = findPathMatchingResources] -- [Content = Resolved location pattern [classpath*:com/youmeek/**/service/**/*.class] to resources [file [/Users/xk1020/IdeaProjects/Basic-Single-Module-SSJPA/target/classes/com/youmeek/ssm/module/user/service/impl/SysUserServiceImpl.class], file [/Users/xk1020/IdeaProjects/Basic-Single-Module-SSJPA/target/classes/com/youmeek/ssm/module/user/service/SysUserService.class]]]
[2018-07-02 21:44:15.984] -- [TRACE] -- [main &gt;&gt;&gt;&gt; ClassPathScanningCandidateComponentProvider.java:275 &gt;&gt;&gt;&gt; Method = findCandidateComponents] -- [Content = Scanning file [/Users/xk1020/IdeaProjects/Basic-Single-Module-SSJPA/target/classes/com/youmeek/ssm/module/user/service/impl/SysUserServiceImpl.class]]
[2018-07-02 21:44:16.001] -- [DEBUG] -- [main &gt;&gt;&gt;&gt; ClassPathScanningCandidateComponentProvider.java:286 &gt;&gt;&gt;&gt; Method = findCandidateComponents] -- [Content = Identified candidate component class: file [/Users/xk1020/IdeaProjects/Basic-Single-Module-SSJPA/target/classes/com/youmeek/ssm/module/user/service/impl/SysUserServiceImpl.class]]
[2018-07-02 21:44:16.002] -- [TRACE] -- [main &gt;&gt;&gt;&gt; ClassPathScanningCandidateComponentProvider.java:275 &gt;&gt;&gt;&gt; Method = findCandidateComponents] -- [Content = Scanning file [/Users/xk1020/IdeaProjects/Basic-Single-Module-SSJPA/target/classes/com/youmeek/ssm/module/user/service/SysUserService.class]]
[2018-07-02 21:44:16.003] -- [TRACE] -- [main &gt;&gt;&gt;&gt; ClassPathScanningCandidateComponentProvider.java:298 &gt;&gt;&gt;&gt; Method = findCandidateComponents] -- [Content = Ignored because not matching any filter: file [/Users/xk1020/IdeaProjects/Basic-Single-Module-SSJPA/target/classes/com/youmeek/ssm/module/user/service/SysUserService.class]]
[2018-07-02 21:44:16.013] -- [INFO] -- [main &gt;&gt;&gt;&gt; XmlBeanDefinitionReader.java:317 &gt;&gt;&gt;&gt; Method = loadBeanDefinitions] -- [Content = Loading XML bean definitions from file [/Users/xk1020/IdeaProjects/Basic-Single-Module-SSJPA/target/classes/spring/applicationContext-dataSource.xml]]
[2018-07-02 21:44:16.015] -- [DEBUG] -- [main &gt;&gt;&gt;&gt; DefaultDocumentLoader.java:73 &gt;&gt;&gt;&gt; Method = loadDocument] -- [Content = Using JAXP provider [com.sun.org.apache.xerces.internal.jaxp.DocumentBuilderFactoryImpl]]
[2018-07-02 21:44:16.016] -- [TRACE] -- [main &gt;&gt;&gt;&gt; PluggableSchemaResolver.java:106 &gt;&gt;&gt;&gt; Method = resolveEntity] -- [Content = Trying to resolve XML entity with public id [null] and system id [http://www.springframework.org/schema/beans/spring-beans-4.2.xsd]]
[2018-07-02 21:44:16.017] -- [DEBUG] -- [main &gt;&gt;&gt;&gt; PluggableSchemaResolver.java:119 &gt;&gt;&gt;&gt; Method = resolveEntity] -- [Content = Found XML schema [http://www.springframework.org/schema/beans/spring-beans-4.2.xsd] in classpath: org/springframework/beans/factory/xml/spring-beans-4.2.xsd]
[2018-07-02 21:44:16.035] -- [DEBUG] -- [main &gt;&gt;&gt;&gt; DefaultBeanDefinitionDocumentReader.java:92 &gt;&gt;&gt;&gt; Method = registerBeanDefinitions] -- [Content = Loading bean definitions]
[2018-07-02 21:44:16.040] -- [INFO] -- [main &gt;&gt;&gt;&gt; XmlBeanDefinitionReader.java:317 &gt;&gt;&gt;&gt; Method = loadBeanDefinitions] -- [Content = Loading XML bean definitions from file [/Users/xk1020/IdeaProjects/Basic-Single-Module-SSJPA/target/classes/spring/applicationContext-transaction.xml]]
[2018-07-02 21:44:16.041] -- [DEBUG] -- [main &gt;&gt;&gt;&gt; DefaultDocumentLoader.java:73 &gt;&gt;&gt;&gt; Method = loadDocument] -- [Content = Using JAXP provider [com.sun.org.apache.xerces.internal.jaxp.DocumentBuilderFactoryImpl]]
[2018-07-02 21:44:16.043] -- [TRACE] -- [main &gt;&gt;&gt;&gt; PluggableSchemaResolver.java:106 &gt;&gt;&gt;&gt; Method = resolveEntity] -- [Content = Trying to resolve XML entity with public id [null] and system id [http://www.springframework.org/schema/beans/spring-beans-4.2.xsd]]
[2018-07-02 21:44:16.043] -- [DEBUG] -- [main &gt;&gt;&gt;&gt; PluggableSchemaResolver.java:119 &gt;&gt;&gt;&gt; Method = resolveEntity] -- [Content = Found XML schema [http://www.springframework.org/schema/beans/spring-beans-4.2.xsd] in classpath: org/springframework/beans/factory/xml/spring-beans-4.2.xsd]
[2018-07-02 21:44:16.055] -- [TRACE] -- [main &gt;&gt;&gt;&gt; PluggableSchemaResolver.java:106 &gt;&gt;&gt;&gt; Method = resolveEntity] -- [Content = Trying to resolve XML entity with public id [null] and system id [http://www.springframework.org/schema/aop/spring-aop-4.2.xsd]]
[2018-07-02 21:44:16.056] -- [DEBUG] -- [main &gt;&gt;&gt;&gt; PluggableSchemaResolver.java:119 &gt;&gt;&gt;&gt; Method = resolveEntity] -- [Content = Found XML schema [http://www.springframework.org/schema/aop/spring-aop-4.2.xsd] in classpath: org/springframework/aop/config/spring-aop-4.2.xsd]
[2018-07-02 21:44:16.058] -- [TRACE] -- [main &gt;&gt;&gt;&gt; PluggableSchemaResolver.java:106 &gt;&gt;&gt;&gt; Method = resolveEntity] -- [Content = Trying to resolve XML entity with public id [null] and system id [http://www.springframework.org/schema/tool/spring-tool-4.2.xsd]]
[2018-07-02 21:44:16.059] -- [DEBUG] -- [main &gt;&gt;&gt;&gt; PluggableSchemaResolver.java:119 &gt;&gt;&gt;&gt; Method = resolveEntity] -- [Content = Found XML schema [http://www.springframework.org/schema/tool/spring-tool-4.2.xsd] in classpath: org/springframework/beans/factory/xml/spring-tool-4.2.xsd]
[2018-07-02 21:44:16.065] -- [TRACE] -- [main &gt;&gt;&gt;&gt; PluggableSchemaResolver.java:106 &gt;&gt;&gt;&gt; Method = resolveEntity] -- [Content = Trying to resolve XML entity with public id [null] and system id [http://www.springframework.org/schema/tx/spring-tx-4.2.xsd]]
[2018-07-02 21:44:16.065] -- [DEBUG] -- [main &gt;&gt;&gt;&gt; PluggableSchemaResolver.java:119 &gt;&gt;&gt;&gt; Method = resolveEntity] -- [Content = Found XML schema [http://www.springframework.org/schema/tx/spring-tx-4.2.xsd] in classpath: org/springframework/transaction/config/spring-tx-4.2.xsd]
[2018-07-02 21:44:16.070] -- [DEBUG] -- [main &gt;&gt;&gt;&gt; DefaultBeanDefinitionDocumentReader.java:92 &gt;&gt;&gt;&gt; Method = registerBeanDefinitions] -- [Content = Loading bean definitions]
[2018-07-02 21:44:16.097] -- [INFO] -- [main &gt;&gt;&gt;&gt; XmlBeanDefinitionReader.java:317 &gt;&gt;&gt;&gt; Method = loadBeanDefinitions] -- [Content = Loading XML bean definitions from file [/Users/xk1020/IdeaProjects/Basic-Single-Module-SSJPA/target/classes/spring/applicationContext-jpa.xml]]
[2018-07-02 21:44:16.098] -- [DEBUG] -- [main &gt;&gt;&gt;&gt; DefaultDocumentLoader.java:73 &gt;&gt;&gt;&gt; Method = loadDocument] -- [Content = Using JAXP provider [com.sun.org.apache.xerces.internal.jaxp.DocumentBuilderFactoryImpl]]
[2018-07-02 21:44:16.100] -- [TRACE] -- [main &gt;&gt;&gt;&gt; PluggableSchemaResolver.java:106 &gt;&gt;&gt;&gt; Method = resolveEntity] -- [Content = Trying to resolve XML entity with public id [null] and system id [http://www.springframework.org/schema/beans/spring-beans-4.2.xsd]]
[2018-07-02 21:44:16.102] -- [DEBUG] -- [main &gt;&gt;&gt;&gt; PluggableSchemaResolver.java:119 &gt;&gt;&gt;&gt; Method = resolveEntity] -- [Content = Found XML schema [http://www.springframework.org/schema/beans/spring-beans-4.2.xsd] in classpath: org/springframework/beans/factory/xml/spring-beans-4.2.xsd]
[2018-07-02 21:44:16.112] -- [TRACE] -- [main &gt;&gt;&gt;&gt; PluggableSchemaResolver.java:106 &gt;&gt;&gt;&gt; Method = resolveEntity] -- [Content = Trying to resolve XML entity with public id [null] and system id [http://www.springframework.org/schema/data/jpa/spring-jpa.xsd]]
[2018-07-02 21:44:16.113] -- [DEBUG] -- [main &gt;&gt;&gt;&gt; PluggableSchemaResolver.java:119 &gt;&gt;&gt;&gt; Method = resolveEntity] -- [Content = Found XML schema [http://www.springframework.org/schema/data/jpa/spring-jpa.xsd] in classpath: org/springframework/data/jpa/repository/config/spring-jpa-1.8.xsd]
[2018-07-02 21:44:16.115] -- [TRACE] -- [main &gt;&gt;&gt;&gt; PluggableSchemaResolver.java:106 &gt;&gt;&gt;&gt; Method = resolveEntity] -- [Content = Trying to resolve XML entity with public id [null] and system id [http://www.springframework.org/schema/data/repository/spring-repository.xsd]]
[2018-07-02 21:44:16.115] -- [DEBUG] -- [main &gt;&gt;&gt;&gt; PluggableSchemaResolver.java:119 &gt;&gt;&gt;&gt; Method = resolveEntity] -- [Content = Found XML schema [http://www.springframework.org/schema/data/repository/spring-repository.xsd] in classpath: org/springframework/data/repository/config/spring-repository-1.11.xsd]
[2018-07-02 21:44:16.117] -- [TRACE] -- [main &gt;&gt;&gt;&gt; PluggableSchemaResolver.java:106 &gt;&gt;&gt;&gt; Method = resolveEntity] -- [Content = Trying to resolve XML entity with public id [null] and system id [http://www.springframework.org/schema/context/spring-context.xsd]]
[2018-07-02 21:44:16.117] -- [DEBUG] -- [main &gt;&gt;&gt;&gt; PluggableSchemaResolver.java:119 &gt;&gt;&gt;&gt; Method = resolveEntity] -- [Content = Found XML schema [http://www.springframework.org/schema/context/spring-context.xsd] in classpath: org/springframework/context/config/spring-context-4.2.xsd]
[2018-07-02 21:44:16.120] -- [TRACE] -- [main &gt;&gt;&gt;&gt; PluggableSchemaResolver.java:106 &gt;&gt;&gt;&gt; Method = resolveEntity] -- [Content = Trying to resolve XML entity with public id [null] and system id [http://www.springframework.org/schema/tool/spring-tool-4.2.xsd]]
[2018-07-02 21:44:16.121] -- [DEBUG] -- [main &gt;&gt;&gt;&gt; PluggableSchemaResolver.java:119 &gt;&gt;&gt;&gt; Method = resolveEntity] -- [Content = Found XML schema [http://www.springframework.org/schema/tool/spring-tool-4.2.xsd] in classpath: org/springframework/beans/factory/xml/spring-tool-4.2.xsd]
[2018-07-02 21:44:16.134] -- [DEBUG] -- [main &gt;&gt;&gt;&gt; DefaultBeanDefinitionDocumentReader.java:92 &gt;&gt;&gt;&gt; Method = registerBeanDefinitions] -- [Content = Loading bean definitions]
[2018-07-02 21:44:16.140] -- [DEBUG] -- [main &gt;&gt;&gt;&gt; BeanDefinitionParserDelegate.java:481 &gt;&gt;&gt;&gt; Method = parseBeanDefinitionElement] -- [Content = Neither XML &apos;id&apos; nor &apos;name&apos; specified - using generated bean name [org.springframework.orm.jpa.vendor.HibernateJpaDialect#d35dea7]]
[2018-07-02 21:44:16.154] -- [DEBUG] -- [main &gt;&gt;&gt;&gt; MutablePropertySources.java:109 &gt;&gt;&gt;&gt; Method = addLast] -- [Content = Adding [systemProperties] PropertySource with lowest search precedence]
[2018-07-02 21:44:16.155] -- [DEBUG] -- [main &gt;&gt;&gt;&gt; MutablePropertySources.java:109 &gt;&gt;&gt;&gt; Method = addLast] -- [Content = Adding [systemEnvironment] PropertySource with lowest search precedence]
[2018-07-02 21:44:16.160] -- [DEBUG] -- [main &gt;&gt;&gt;&gt; AbstractEnvironment.java:127 &gt;&gt;&gt;&gt; Method = &lt;init&gt;] -- [Content = Initialized StandardEnvironment with PropertySources [systemProperties,systemEnvironment]]
[2018-07-02 21:44:16.166] -- [DEBUG] -- [main &gt;&gt;&gt;&gt; PathMatchingResourcePatternResolver.java:312 &gt;&gt;&gt;&gt; Method = findAllClassPathResources] -- [Content = Resolved classpath location [org/springframework/data/] to resources [URL [jar:file:/Users/xk1020/.m2/repository/org/springframework/data/spring-data-jpa/1.10.1.RELEASE/spring-data-jpa-1.10.1.RELEASE.jar!/org/springframework/data/], URL [jar:file:/Users/xk1020/.m2/repository/org/springframework/data/spring-data-commons/1.12.1.RELEASE/spring-data-commons-1.12.1.RELEASE.jar!/org/springframework/data/]]]
[2018-07-02 21:44:16.167] -- [DEBUG] -- [main &gt;&gt;&gt;&gt; PathMatchingResourcePatternResolver.java:551 &gt;&gt;&gt;&gt; Method = doFindPathMatchingJarResources] -- [Content = Looking for matching resources in jar file [file:/Users/xk1020/.m2/repository/org/springframework/data/spring-data-jpa/1.10.1.RELEASE/spring-data-jpa-1.10.1.RELEASE.jar]]
[2018-07-02 21:44:16.181] -- [DEBUG] -- [main &gt;&gt;&gt;&gt; PathMatchingResourcePatternResolver.java:551 &gt;&gt;&gt;&gt; Method = doFindPathMatchingJarResources] -- [Content = Looking for matching resources in jar file [file:/Users/xk1020/.m2/repository/org/springframework/data/spring-data-commons/1.12.1.RELEASE/spring-data-commons-1.12.1.RELEASE.jar]]
[2018-07-02 21:44:16.193] -- [DEBUG] -- [main &gt;&gt;&gt;&gt; PathMatchingResourcePatternResolver.java:430 &gt;&gt;&gt;&gt; Method = findPathMatchingResources] -- [Content = Resolved location pattern [classpath*:org/springframework/data/**/repository/support/**/*.class] to resources [URL [jar:file:/Users/xk1020/.m2/repository/org/springframework/data/spring-data-jpa/1.10.1.RELEASE/spring-data-jpa-1.10.1.RELEASE.jar!/org/springframework/data/jpa/repository/support/CrudMethodMetadata.class], URL [jar:file:/Users/xk1020/.m2/repository/org/springframework/data/spring-data-jpa/1.10.1.RELEASE/spring-data-jpa-1.10.1.RELEASE.jar!/org/springframework/data/jpa/repository/support/CrudMethodMetadataPostProcessor$1.class], URL [jar:file:/Users/xk1020/.m2/repository/org/springframework/data/spring-data-jpa/1.10.1.RELEASE/spring-data-jpa-1.10.1.RELEASE.jar!/org/springframework/data/jpa/repository/support/CrudMethodMetadataPostProcessor$CrudMethodMetadataPopulatingMethodInterceptor.class], URL [jar:file:/Users/xk1020/.m2/repository/org/springframework/data/spring-data-jpa/1.10.1.RELEASE/spring-data-jpa-1.10.1.RELEASE.jar!/org/springframework/data/jpa/repository/support/CrudMethodMetadataPostProcessor$DefaultCrudMethodMetadata.class], URL [jar:file:/Users/xk1020/.m2/repository/org/springframework/data/spring-data-jpa/1.10.1.RELEASE/spring-data-jpa-1.10.1.RELEASE.jar!/org/springframework/data/jpa/repository/support/CrudMethodMetadataPostProcessor$ThreadBoundTargetSource.class], URL [jar:file:/Users/xk1020/.m2/repository/org/springframework/data/spring-data-jpa/1.10.1.RELEASE/spring-data-jpa-1.10.1.RELEASE.jar!/org/springframework/data/jpa/repository/support/CrudMethodMetadataPostProcessor.class], URL [jar:file:/Users/xk1020/.m2/repository/org/springframework/data/spring-data-jpa/1.10.1.RELEASE/spring-data-jpa-1.10.1.RELEASE.jar!/org/springframework/data/jpa/repository/support/DefaultJpaContext.class], URL [jar:file:/Users/xk1020/.m2/repository/org/springframework/data/spring-data-jpa/1.10.1.RELEASE/spring-data-jpa-1.10.1.RELEASE.jar!/org/springframework/data/jpa/repository/support/EntityManagerBeanDefinitionRegistrarPostProcessor.class], URL [jar:file:/Users/xk1020/.m2/repository/org/springframework/data/spring-data-jpa/1.10.1.RELEASE/spring-data-jpa-1.10.1.RELEASE.jar!/org/springframework/data/jpa/repository/support/JpaEntityInformation.class], URL [jar:file:/Users/xk1020/.m2/repository/org/springframework/data/spring-data-jpa/1.10.1.RELEASE/spring-data-jpa-1.10.1.RELEASE.jar!/org/springframework/data/jpa/repository/support/JpaEntityInformationSupport.class], URL [jar:file:/Users/xk1020/.m2/repository/org/springframework/data/spring-data-jpa/1.10.1.RELEASE/spring-data-jpa-1.10.1.RELEASE.jar!/org/springframework/data/jpa/repository/support/JpaMetamodelEntityInformation$IdentifierDerivingDirectFieldAccessFallbackBeanWrapper.class], URL [jar:file:/Users/xk1020/.m2/repository/org/springframework/data/spring-data-jpa/1.10.1.RELEASE/spring-data-jpa-1.10.1.RELEASE.jar!/org/springframework/data/jpa/repository/support/JpaMetamodelEntityInformation$IdMetadata.class], URL [jar:file:/Users/xk1020/.m2/repository/org/springframework/data/spring-data-jpa/1.10.1.RELEASE/spring-data-jpa-1.10.1.RELEASE.jar!/org/springframework/data/jpa/repository/support/JpaMetamodelEntityInformation.class], URL [jar:file:/Users/xk1020/.m2/repository/org/springframework/data/spring-data-jpa/1.10.1.RELEASE/spring-data-jpa-1.10.1.RELEASE.jar!/org/springframework/data/jpa/repository/support/JpaPersistableEntityInformation.class], URL [jar:file:/Users/xk1020/.m2/repository/org/springframework/data/spring-data-jpa/1.10.1.RELEASE/spring-data-jpa-1.10.1.RELEASE.jar!/org/springframework/data/jpa/repository/support/JpaRepositoryFactory.class], URL [jar:file:/Users/xk1020/.m2/repository/org/springframework/data/spring-data-jpa/1.10.1.RELEASE/spring-data-jpa-1.10.1.RELEASE.jar!/org/springframework/data/jpa/repository/support/JpaRepositoryFactoryBean.class], URL [jar:file:/Users/xk1020/.m2/repository/org/springframework/data/spring-data-jpa/1.10.1.RELEASE/spring-data-jpa-1.10.1.RELEASE.jar!/org/springframework/data/jpa/repository/support/Querydsl$1.class], URL [jar:file:/Users/xk1020/.m2/repository/org/springframework/data/spring-data-jpa/1.10.1.RELEASE/spring-data-jpa-1.10.1.RELEASE.jar!/org/springframework/data/jpa/repository/support/Querydsl.class], URL [jar:file:/Users/xk1020/.m2/repository/org/springframework/data/spring-data-jpa/1.10.1.RELEASE/spring-data-jpa-1.10.1.RELEASE.jar!/org/springframework/data/jpa/repository/support/QueryDslJpaRepository.class], URL [jar:file:/Users/xk1020/.m2/repository/org/springframework/data/spring-data-jpa/1.10.1.RELEASE/spring-data-jpa-1.10.1.RELEASE.jar!/org/springframework/data/jpa/repository/support/QueryDslRepositorySupport.class], URL [jar:file:/Users/xk1020/.m2/repository/org/springframework/data/spring-data-jpa/1.10.1.RELEASE/spring-data-jpa-1.10.1.RELEASE.jar!/org/springframework/data/jpa/repository/support/SimpleJpaRepository$ByIdsSpecification.class], URL [jar:file:/Users/xk1020/.m2/repository/org/springframework/data/spring-data-jpa/1.10.1.RELEASE/spring-data-jpa-1.10.1.RELEASE.jar!/org/springframework/data/jpa/repository/support/SimpleJpaRepository$ExampleSpecification.class], URL [jar:file:/Users/xk1020/.m2/repository/org/springframework/data/spring-data-jpa/1.10.1.RELEASE/spring-data-jpa-1.10.1.RELEASE.jar!/org/springframework/data/jpa/repository/support/SimpleJpaRepository.class], URL [jar:file:/Users/xk1020/.m2/repository/org/springframework/data/spring-data-commons/1.12.1.RELEASE/spring-data-commons-1.12.1.RELEASE.jar!/org/springframework/data/repository/support/AnnotationAttribute.class], URL [jar:file:/Users/xk1020/.m2/repository/org/springframework/data/spring-data-commons/1.12.1.RELEASE/spring-data-commons-1.12.1.RELEASE.jar!/org/springframework/data/repository/support/CrudRepositoryInvoker.class], URL [jar:file:/Users/xk1020/.m2/repository/org/springframework/data/spring-data-commons/1.12.1.RELEASE/spring-data-commons-1.12.1.RELEASE.jar!/org/springframework/data/repository/support/DefaultRepositoryInvokerFactory.class], URL [jar:file:/Users/xk1020/.m2/repository/org/springframework/data/spring-data-commons/1.12.1.RELEASE/spring-data-commons-1.12.1.RELEASE.jar!/org/springframework/data/repository/support/DomainClassConverter$1.class], URL [jar:file:/Users/xk1020/.m2/repository/org/springframework/data/spring-data-commons/1.12.1.RELEASE/spring-data-commons-1.12.1.RELEASE.jar!/org/springframework/data/repository/support/DomainClassConverter$ConversionMatchAbbreviationException.class], URL [jar:file:/Users/xk1020/.m2/repository/org/springframework/data/spring-data-commons/1.12.1.RELEASE/spring-data-commons-1.12.1.RELEASE.jar!/org/springframework/data/repository/support/DomainClassConverter$ToEntityConverter.class], URL [jar:file:/Users/xk1020/.m2/repository/org/springframework/data/spring-data-commons/1.12.1.RELEASE/spring-data-commons-1.12.1.RELEASE.jar!/org/springframework/data/repository/support/DomainClassConverter$ToIdConverter.class], URL [jar:file:/Users/xk1020/.m2/repository/org/springframework/data/spring-data-commons/1.12.1.RELEASE/spring-data-commons-1.12.1.RELEASE.jar!/org/springframework/data/repository/support/DomainClassConverter.class], URL [jar:file:/Users/xk1020/.m2/repository/org/springframework/data/spring-data-commons/1.12.1.RELEASE/spring-data-commons-1.12.1.RELEASE.jar!/org/springframework/data/repository/support/DomainClassPropertyEditor.class], URL [jar:file:/Users/xk1020/.m2/repository/org/springframework/data/spring-data-commons/1.12.1.RELEASE/spring-data-commons-1.12.1.RELEASE.jar!/org/springframework/data/repository/support/DomainClassPropertyEditorRegistrar.class], URL [jar:file:/Users/xk1020/.m2/repository/org/springframework/data/spring-data-commons/1.12.1.RELEASE/spring-data-commons-1.12.1.RELEASE.jar!/org/springframework/data/repository/support/MethodParameters$AnnotationNamingMethodParameter.class], URL [jar:file:/Users/xk1020/.m2/repository/org/springframework/data/spring-data-commons/1.12.1.RELEASE/spring-data-commons-1.12.1.RELEASE.jar!/org/springframework/data/repository/support/MethodParameters.class], URL [jar:file:/Users/xk1020/.m2/repository/org/springframework/data/spring-data-commons/1.12.1.RELEASE/spring-data-commons-1.12.1.RELEASE.jar!/org/springframework/data/repository/support/PagingAndSortingRepositoryInvoker.class], URL [jar:file:/Users/xk1020/.m2/repository/org/springframework/data/spring-data-commons/1.12.1.RELEASE/spring-data-commons-1.12.1.RELEASE.jar!/org/springframework/data/repository/support/QueryMethodParameterConversionException.class], URL [jar:file:/Users/xk1020/.m2/repository/org/springframework/data/spring-data-commons/1.12.1.RELEASE/spring-data-commons-1.12.1.RELEASE.jar!/org/springframework/data/repository/support/ReflectionRepositoryInvoker.class], URL [jar:file:/Users/xk1020/.m2/repository/org/springframework/data/spring-data-commons/1.12.1.RELEASE/spring-data-commons-1.12.1.RELEASE.jar!/org/springframework/data/repository/support/Repositories$EmptyRepositoryFactoryInformation.class], URL [jar:file:/Users/xk1020/.m2/repository/org/springframework/data/spring-data-commons/1.12.1.RELEASE/spring-data-commons-1.12.1.RELEASE.jar!/org/springframework/data/repository/support/Repositories.class], URL [jar:file:/Users/xk1020/.m2/repository/org/springframework/data/spring-data-commons/1.12.1.RELEASE/spring-data-commons-1.12.1.RELEASE.jar!/org/springframework/data/repository/support/RepositoryInvocationInformation.class], URL [jar:file:/Users/xk1020/.m2/repository/org/springframework/data/spring-data-commons/1.12.1.RELEASE/spring-data-commons-1.12.1.RELEASE.jar!/org/springframework/data/repository/support/RepositoryInvoker.class], URL [jar:file:/Users/xk1020/.m2/repository/org/springframework/data/spring-data-commons/1.12.1.RELEASE/spring-data-commons-1.12.1.RELEASE.jar!/org/springframework/data/repository/support/RepositoryInvokerFactory.class]]]
[2018-07-02 21:44:16.196] -- [TRACE] -- [main &gt;&gt;&gt;&gt; ClassPathScanningCandidateComponentProvider.java:275 &gt;&gt;&gt;&gt; Method = findCandidateComponents] -- [Content = Scanning URL [jar:file:/Users/xk1020/.m2/repository/org/springframework/data/spring-data-jpa/1.10.1.RELEASE/spring-data-jpa-1.10.1.RELEASE.jar!/org/springframework/data/jpa/repository/support/CrudMethodMetadata.class]]
[2018-07-02 21:44:16.198] -- [TRACE] -- [main &gt;&gt;&gt;&gt; ClassPathScanningCandidateComponentProvider.java:298 &gt;&gt;&gt;&gt; Method = findCandidateComponents] -- [Content = Ignored because not matching any filter: URL [jar:file:/Users/xk1020/.m2/repository/org/springframework/data/spring-data-jpa/1.10.1.RELEASE/spring-data-jpa-1.10.1.RELEASE.jar!/org/springframework/data/jpa/repository/support/CrudMethodMetadata.class]]
[2018-07-02 21:44:16.199] -- [TRACE] -- [main &gt;&gt;&gt;&gt; ClassPathScanningCandidateComponentProvider.java:275 &gt;&gt;&gt;&gt; Method = findCandidateComponents] -- [Content = Scanning URL [jar:file:/Users/xk1020/.m2/repository/org/springframework/data/spring-data-jpa/1.10.1.RELEASE/spring-data-jpa-1.10.1.RELEASE.jar!/org/springframework/data/jpa/repository/support/CrudMethodMetadataPostProcessor$1.class]]
[2018-07-02 21:44:16.202] -- [TRACE] -- [main &gt;&gt;&gt;&gt; ClassPathScanningCandidateComponentProvider.java:298 &gt;&gt;&gt;&gt; Method = findCandidateComponents] -- [Content = Ignored because not matching any filter: URL [jar:file:/Users/xk1020/.m2/repository/org/springframework/data/spring-data-jpa/1.10.1.RELEASE/spring-data-jpa-1.10.1.RELEASE.jar!/org/springframework/data/jpa/repository/support/CrudMethodMetadataPostProcessor$1.class]]
[2018-07-02 21:44:16.203] -- [TRACE] -- [main &gt;&gt;&gt;&gt; ClassPathScanningCandidateComponentProvider.java:275 &gt;&gt;&gt;&gt; Method = findCandidateComponents] -- [Content = Scanning URL [jar:file:/Users/xk1020/.m2/repository/org/springframework/data/spring-data-jpa/1.10.1.RELEASE/spring-data-jpa-1.10.1.RELEASE.jar!/org/springframework/data/jpa/repository/support/CrudMethodMetadataPostProcessor$CrudMethodMetadataPopulatingMethodInterceptor.class]]
[2018-07-02 21:44:16.214] -- [TRACE] -- [main &gt;&gt;&gt;&gt; ClassPathScanningCandidateComponentProvider.java:298 &gt;&gt;&gt;&gt; Method = findCandidateComponents] -- [Content = Ignored because not matching any filter: URL [jar:file:/Users/xk1020/.m2/repository/org/springframework/data/spring-data-jpa/1.10.1.RELEASE/spring-data-jpa-1.10.1.RELEASE.jar!/org/springframework/data/jpa/repository/support/CrudMethodMetadataPostProcessor$CrudMethodMetadataPopulatingMethodInterceptor.class]]
[2018-07-02 21:44:16.215] -- [TRACE] -- [main &gt;&gt;&gt;&gt; ClassPathScanningCandidateComponentProvider.java:275 &gt;&gt;&gt;&gt; Method = findCandidateComponents] -- [Content = Scanning URL [jar:file:/Users/xk1020/.m2/repository/org/springframework/data/spring-data-jpa/1.10.1.RELEASE/spring-data-jpa-1.10.1.RELEASE.jar!/org/springframework/data/jpa/repository/support/CrudMethodMetadataPostProcessor$DefaultCrudMethodMetadata.class]]
[2018-07-02 21:44:16.217] -- [TRACE] -- [main &gt;&gt;&gt;&gt; ClassPathScanningCandidateComponentProvider.java:298 &gt;&gt;&gt;&gt; Method = findCandidateComponents] -- [Content = Ignored because not matching any filter: URL [jar:file:/Users/xk1020/.m2/repository/org/springframework/data/spring-data-jpa/1.10.1.RELEASE/spring-data-jpa-1.10.1.RELEASE.jar!/org/springframework/data/jpa/repository/support/CrudMethodMetadataPostProcessor$DefaultCrudMethodMetadata.class]]
[2018-07-02 21:44:16.217] -- [TRACE] -- [main &gt;&gt;&gt;&gt; ClassPathScanningCandidateComponentProvider.java:275 &gt;&gt;&gt;&gt; Method = findCandidateComponents] -- [Content = Scanning URL [jar:file:/Users/xk1020/.m2/repository/org/springframework/data/spring-data-jpa/1.10.1.RELEASE/spring-data-jpa-1.10.1.RELEASE.jar!/org/springframework/data/jpa/repository/support/CrudMethodMetadataPostProcessor$ThreadBoundTargetSource.class]]
[2018-07-02 21:44:16.218] -- [TRACE] -- [main &gt;&gt;&gt;&gt; ClassPathScanningCandidateComponentProvider.java:298 &gt;&gt;&gt;&gt; Method = findCandidateComponents] -- [Content = Ignored because not matching any filter: URL [jar:file:/Users/xk1020/.m2/repository/org/springframework/data/spring-data-jpa/1.10.1.RELEASE/spring-data-jpa-1.10.1.RELEASE.jar!/org/springframework/data/jpa/repository/support/CrudMethodMetadataPostProcessor$ThreadBoundTargetSource.class]]
[2018-07-02 21:44:16.218] -- [TRACE] -- [main &gt;&gt;&gt;&gt; ClassPathScanningCandidateComponentProvider.java:275 &gt;&gt;&gt;&gt; Method = findCandidateComponents] -- [Content = Scanning URL [jar:file:/Users/xk1020/.m2/repository/org/springframework/data/spring-data-jpa/1.10.1.RELEASE/spring-data-jpa-1.10.1.RELEASE.jar!/org/springframework/data/jpa/repository/support/CrudMethodMetadataPostProcessor.class]]
[2018-07-02 21:44:16.220] -- [TRACE] -- [main &gt;&gt;&gt;&gt; ClassPathScanningCandidateComponentProvider.java:298 &gt;&gt;&gt;&gt; Method = findCandidateComponents] -- [Content = Ignored because not matching any filter: URL [jar:file:/Users/xk1020/.m2/repository/org/springframework/data/spring-data-jpa/1.10.1.RELEASE/spring-data-jpa-1.10.1.RELEASE.jar!/org/springframework/data/jpa/repository/support/CrudMethodMetadataPostProcessor.class]]
[2018-07-02 21:44:16.220] -- [TRACE] -- [main &gt;&gt;&gt;&gt; ClassPathScanningCandidateComponentProvider.java:275 &gt;&gt;&gt;&gt; Method = findCandidateComponents] -- [Content = Scanning URL [jar:file:/Users/xk1020/.m2/repository/org/springframework/data/spring-data-jpa/1.10.1.RELEASE/spring-data-jpa-1.10.1.RELEASE.jar!/org/springframework/data/jpa/repository/support/DefaultJpaContext.class]]
[2018-07-02 21:44:16.221] -- [TRACE] -- [main &gt;&gt;&gt;&gt; ClassPathScanningCandidateComponentProvider.java:298 &gt;&gt;&gt;&gt; Method = findCandidateComponents] -- [Content = Ignored because not matching any filter: URL [jar:file:/Users/xk1020/.m2/repository/org/springframework/data/spring-data-jpa/1.10.1.RELEASE/spring-data-jpa-1.10.1.RELEASE.jar!/org/springframework/data/jpa/repository/support/DefaultJpaContext.class]]
[2018-07-02 21:44:16.222] -- [TRACE] -- [main &gt;&gt;&gt;&gt; ClassPathScanningCandidateComponentProvider.java:275 &gt;&gt;&gt;&gt; Method = findCandidateComponents] -- [Content = Scanning URL [jar:file:/Users/xk1020/.m2/repository/org/springframework/data/spring-data-jpa/1.10.1.RELEASE/spring-data-jpa-1.10.1.RELEASE.jar!/org/springframework/data/jpa/repository/support/EntityManagerBeanDefinitionRegistrarPostProcessor.class]]
[2018-07-02 21:44:16.226] -- [TRACE] -- [main &gt;&gt;&gt;&gt; ClassPathScanningCandidateComponentProvider.java:298 &gt;&gt;&gt;&gt; Method = findCandidateComponents] -- [Content = Ignored because not matching any filter: URL [jar:file:/Users/xk1020/.m2/repository/org/springframework/data/spring-data-jpa/1.10.1.RELEASE/spring-data-jpa-1.10.1.RELEASE.jar!/org/springframework/data/jpa/repository/support/EntityManagerBeanDefinitionRegistrarPostProcessor.class]]
[2018-07-02 21:44:16.227] -- [TRACE] -- [main &gt;&gt;&gt;&gt; ClassPathScanningCandidateComponentProvider.java:275 &gt;&gt;&gt;&gt; Method = findCandidateComponents] -- [Content = Scanning URL [jar:file:/Users/xk1020/.m2/repository/org/springframework/data/spring-data-jpa/1.10.1.RELEASE/spring-data-jpa-1.10.1.RELEASE.jar!/org/springframework/data/jpa/repository/support/JpaEntityInformation.class]]
[2018-07-02 21:44:16.230] -- [TRACE] -- [main &gt;&gt;&gt;&gt; ClassPathScanningCandidateComponentProvider.java:298 &gt;&gt;&gt;&gt; Method = findCandidateComponents] -- [Content = Ignored because not matching any filter: URL [jar:file:/Users/xk1020/.m2/repository/org/springframework/data/spring-data-jpa/1.10.1.RELEASE/spring-data-jpa-1.10.1.RELEASE.jar!/org/springframework/data/jpa/repository/support/JpaEntityInformation.class]]
[2018-07-02 21:44:16.231] -- [TRACE] -- [main &gt;&gt;&gt;&gt; ClassPathScanningCandidateComponentProvider.java:275 &gt;&gt;&gt;&gt; Method = findCandidateComponents] -- [Content = Scanning URL [jar:file:/Users/xk1020/.m2/repository/org/springframework/data/spring-data-jpa/1.10.1.RELEASE/spring-data-jpa-1.10.1.RELEASE.jar!/org/springframework/data/jpa/repository/support/JpaEntityInformationSupport.class]]
[2018-07-02 21:44:16.235] -- [TRACE] -- [main &gt;&gt;&gt;&gt; ClassPathScanningCandidateComponentProvider.java:298 &gt;&gt;&gt;&gt; Method = findCandidateComponents] -- [Content = Ignored because not matching any filter: URL [jar:file:/Users/xk1020/.m2/repository/org/springframework/data/spring-data-jpa/1.10.1.RELEASE/spring-data-jpa-1.10.1.RELEASE.jar!/org/springframework/data/jpa/repository/support/JpaEntityInformationSupport.class]]
[2018-07-02 21:44:16.236] -- [TRACE] -- [main &gt;&gt;&gt;&gt; ClassPathScanningCandidateComponentProvider.java:275 &gt;&gt;&gt;&gt; Method = findCandidateComponents] -- [Content = Scanning URL [jar:file:/Users/xk1020/.m2/repository/org/springframework/data/spring-data-jpa/1.10.1.RELEASE/spring-data-jpa-1.10.1.RELEASE.jar!/org/springframework/data/jpa/repository/support/JpaMetamodelEntityInformation$IdentifierDerivingDirectFieldAccessFallbackBeanWrapper.class]]
[2018-07-02 21:44:16.248] -- [TRACE] -- [main &gt;&gt;&gt;&gt; ClassPathScanningCandidateComponentProvider.java:298 &gt;&gt;&gt;&gt; Method = findCandidateComponents] -- [Content = Ignored because not matching any filter: URL [jar:file:/Users/xk1020/.m2/repository/org/springframework/data/spring-data-jpa/1.10.1.RELEASE/spring-data-jpa-1.10.1.RELEASE.jar!/org/springframework/data/jpa/repository/support/JpaMetamodelEntityInformation$IdentifierDerivingDirectFieldAccessFallbackBeanWrapper.class]]
[2018-07-02 21:44:16.249] -- [TRACE] -- [main &gt;&gt;&gt;&gt; ClassPathScanningCandidateComponentProvider.java:275 &gt;&gt;&gt;&gt; Method = findCandidateComponents] -- [Content = Scanning URL [jar:file:/Users/xk1020/.m2/repository/org/springframework/data/spring-data-jpa/1.10.1.RELEASE/spring-data-jpa-1.10.1.RELEASE.jar!/org/springframework/data/jpa/repository/support/JpaMetamodelEntityInformation$IdMetadata.class]]
[2018-07-02 21:44:16.252] -- [TRACE] -- [main &gt;&gt;&gt;&gt; ClassPathScanningCandidateComponentProvider.java:298 &gt;&gt;&gt;&gt; Method = findCandidateComponents] -- [Content = Ignored because not matching any filter: URL [jar:file:/Users/xk1020/.m2/repository/org/springframework/data/spring-data-jpa/1.10.1.RELEASE/spring-data-jpa-1.10.1.RELEASE.jar!/org/springframework/data/jpa/repository/support/JpaMetamodelEntityInformation$IdMetadata.class]]
[2018-07-02 21:44:16.252] -- [TRACE] -- [main &gt;&gt;&gt;&gt; ClassPathScanningCandidateComponentProvider.java:275 &gt;&gt;&gt;&gt; Method = findCandidateComponents] -- [Content = Scanning URL [jar:file:/Users/xk1020/.m2/repository/org/springframework/data/spring-data-jpa/1.10.1.RELEASE/spring-data-jpa-1.10.1.RELEASE.jar!/org/springframework/data/jpa/repository/support/JpaMetamodelEntityInformation.class]]
[2018-07-02 21:44:16.255] -- [TRACE] -- [main &gt;&gt;&gt;&gt; ClassPathScanningCandidateComponentProvider.java:298 &gt;&gt;&gt;&gt; Method = findCandidateComponents] -- [Content = Ignored because not matching any filter: URL [jar:file:/Users/xk1020/.m2/repository/org/springframework/data/spring-data-jpa/1.10.1.RELEASE/spring-data-jpa-1.10.1.RELEASE.jar!/org/springframework/data/jpa/repository/support/JpaMetamodelEntityInformation.class]]
[2018-07-02 21:44:16.255] -- [TRACE] -- [main &gt;&gt;&gt;&gt; ClassPathScanningCandidateComponentProvider.java:275 &gt;&gt;&gt;&gt; Method = findCandidateComponents] -- [Content = Scanning URL [jar:file:/Users/xk1020/.m2/repository/org/springframework/data/spring-data-jpa/1.10.1.RELEASE/spring-data-jpa-1.10.1.RELEASE.jar!/org/springframework/data/jpa/repository/support/JpaPersistableEntityInformation.class]]
[2018-07-02 21:44:16.260] -- [TRACE] -- [main &gt;&gt;&gt;&gt; ClassPathScanningCandidateComponentProvider.java:298 &gt;&gt;&gt;&gt; Method = findCandidateComponents] -- [Content = Ignored because not matching any filter: URL [jar:file:/Users/xk1020/.m2/repository/org/springframework/data/spring-data-jpa/1.10.1.RELEASE/spring-data-jpa-1.10.1.RELEASE.jar!/org/springframework/data/jpa/repository/support/JpaPersistableEntityInformation.class]]
[2018-07-02 21:44:16.260] -- [TRACE] -- [main &gt;&gt;&gt;&gt; ClassPathScanningCandidateComponentProvider.java:275 &gt;&gt;&gt;&gt; Method = findCandidateComponents] -- [Content = Scanning URL [jar:file:/Users/xk1020/.m2/repository/org/springframework/data/spring-data-jpa/1.10.1.RELEASE/spring-data-jpa-1.10.1.RELEASE.jar!/org/springframework/data/jpa/repository/support/JpaRepositoryFactory.class]]
[2018-07-02 21:44:16.262] -- [DEBUG] -- [main &gt;&gt;&gt;&gt; ClassPathScanningCandidateComponentProvider.java:286 &gt;&gt;&gt;&gt; Method = findCandidateComponents] -- [Content = Identified candidate component class: URL [jar:file:/Users/xk1020/.m2/repository/org/springframework/data/spring-data-jpa/1.10.1.RELEASE/spring-data-jpa-1.10.1.RELEASE.jar!/org/springframework/data/jpa/repository/support/JpaRepositoryFactory.class]]
[2018-07-02 21:44:16.263] -- [TRACE] -- [main &gt;&gt;&gt;&gt; ClassPathScanningCandidateComponentProvider.java:275 &gt;&gt;&gt;&gt; Method = findCandidateComponents] -- [Content = Scanning URL [jar:file:/Users/xk1020/.m2/repository/org/springframework/data/spring-data-jpa/1.10.1.RELEASE/spring-data-jpa-1.10.1.RELEASE.jar!/org/springframework/data/jpa/repository/support/JpaRepositoryFactoryBean.class]]
[2018-07-02 21:44:16.278] -- [TRACE] -- [main &gt;&gt;&gt;&gt; ClassPathScanningCandidateComponentProvider.java:298 &gt;&gt;&gt;&gt; Method = findCandidateComponents] -- [Content = Ignored because not matching any filter: URL [jar:file:/Users/xk1020/.m2/repository/org/springframework/data/spring-data-jpa/1.10.1.RELEASE/spring-data-jpa-1.10.1.RELEASE.jar!/org/springframework/data/jpa/repository/support/JpaRepositoryFactoryBean.class]]
[2018-07-02 21:44:16.278] -- [TRACE] -- [main &gt;&gt;&gt;&gt; ClassPathScanningCandidateComponentProvider.java:275 &gt;&gt;&gt;&gt; Method = findCandidateComponents] -- [Content = Scanning URL [jar:file:/Users/xk1020/.m2/repository/org/springframework/data/spring-data-jpa/1.10.1.RELEASE/spring-data-jpa-1.10.1.RELEASE.jar!/org/springframework/data/jpa/repository/support/Querydsl$1.class]]
[2018-07-02 21:44:16.279] -- [TRACE] -- [main &gt;&gt;&gt;&gt; ClassPathScanningCandidateComponentProvider.java:298 &gt;&gt;&gt;&gt; Method = findCandidateComponents] -- [Content = Ignored because not matching any filter: URL [jar:file:/Users/xk1020/.m2/repository/org/springframework/data/spring-data-jpa/1.10.1.RELEASE/spring-data-jpa-1.10.1.RELEASE.jar!/org/springframework/data/jpa/repository/support/Querydsl$1.class]]
[2018-07-02 21:44:16.279] -- [TRACE] -- [main &gt;&gt;&gt;&gt; ClassPathScanningCandidateComponentProvider.java:275 &gt;&gt;&gt;&gt; Method = findCandidateComponents] -- [Content = Scanning URL [jar:file:/Users/xk1020/.m2/repository/org/springframework/data/spring-data-jpa/1.10.1.RELEASE/spring-data-jpa-1.10.1.RELEASE.jar!/org/springframework/data/jpa/repository/support/Querydsl.class]]
[2018-07-02 21:44:16.280] -- [TRACE] -- [main &gt;&gt;&gt;&gt; ClassPathScanningCandidateComponentProvider.java:298 &gt;&gt;&gt;&gt; Method = findCandidateComponents] -- [Content = Ignored because not matching any filter: URL [jar:file:/Users/xk1020/.m2/repository/org/springframework/data/spring-data-jpa/1.10.1.RELEASE/spring-data-jpa-1.10.1.RELEASE.jar!/org/springframework/data/jpa/repository/support/Querydsl.class]]
[2018-07-02 21:44:16.281] -- [TRACE] -- [main &gt;&gt;&gt;&gt; ClassPathScanningCandidateComponentProvider.java:275 &gt;&gt;&gt;&gt; Method = findCandidateComponents] -- [Content = Scanning URL [jar:file:/Users/xk1020/.m2/repository/org/springframework/data/spring-data-jpa/1.10.1.RELEASE/spring-data-jpa-1.10.1.RELEASE.jar!/org/springframework/data/jpa/repository/support/QueryDslJpaRepository.class]]
[2018-07-02 21:44:16.292] -- [TRACE] -- [main &gt;&gt;&gt;&gt; ClassPathScanningCandidateComponentProvider.java:298 &gt;&gt;&gt;&gt; Method = findCandidateComponents] -- [Content = Ignored because not matching any filter: URL [jar:file:/Users/xk1020/.m2/repository/org/springframework/data/spring-data-jpa/1.10.1.RELEASE/spring-data-jpa-1.10.1.RELEASE.jar!/org/springframework/data/jpa/repository/support/QueryDslJpaRepository.class]]
[2018-07-02 21:44:16.292] -- [TRACE] -- [main &gt;&gt;&gt;&gt; ClassPathScanningCandidateComponentProvider.java:275 &gt;&gt;&gt;&gt; Method = findCandidateComponents] -- [Content = Scanning URL [jar:file:/Users/xk1020/.m2/repository/org/springframework/data/spring-data-jpa/1.10.1.RELEASE/spring-data-jpa-1.10.1.RELEASE.jar!/org/springframework/data/jpa/repository/support/QueryDslRepositorySupport.class]]
[2018-07-02 21:44:16.295] -- [TRACE] -- [main &gt;&gt;&gt;&gt; ClassPathScanningCandidateComponentProvider.java:298 &gt;&gt;&gt;&gt; Method = findCandidateComponents] -- [Content = Ignored because not matching any filter: URL [jar:file:/Users/xk1020/.m2/repository/org/springframework/data/spring-data-jpa/1.10.1.RELEASE/spring-data-jpa-1.10.1.RELEASE.jar!/org/springframework/data/jpa/repository/support/QueryDslRepositorySupport.class]]
[2018-07-02 21:44:16.296] -- [TRACE] -- [main &gt;&gt;&gt;&gt; ClassPathScanningCandidateComponentProvider.java:275 &gt;&gt;&gt;&gt; Method = findCandidateComponents] -- [Content = Scanning URL [jar:file:/Users/xk1020/.m2/repository/org/springframework/data/spring-data-jpa/1.10.1.RELEASE/spring-data-jpa-1.10.1.RELEASE.jar!/org/springframework/data/jpa/repository/support/SimpleJpaRepository$ByIdsSpecification.class]]
[2018-07-02 21:44:16.297] -- [TRACE] -- [main &gt;&gt;&gt;&gt; ClassPathScanningCandidateComponentProvider.java:298 &gt;&gt;&gt;&gt; Method = findCandidateComponents] -- [Content = Ignored because not matching any filter: URL [jar:file:/Users/xk1020/.m2/repository/org/springframework/data/spring-data-jpa/1.10.1.RELEASE/spring-data-jpa-1.10.1.RELEASE.jar!/org/springframework/data/jpa/repository/support/SimpleJpaRepository$ByIdsSpecification.class]]
[2018-07-02 21:44:16.297] -- [TRACE] -- [main &gt;&gt;&gt;&gt; ClassPathScanningCandidateComponentProvider.java:275 &gt;&gt;&gt;&gt; Method = findCandidateComponents] -- [Content = Scanning URL [jar:file:/Users/xk1020/.m2/repository/org/springframework/data/spring-data-jpa/1.10.1.RELEASE/spring-data-jpa-1.10.1.RELEASE.jar!/org/springframework/data/jpa/repository/support/SimpleJpaRepository$ExampleSpecification.class]]
[2018-07-02 21:44:16.297] -- [TRACE] -- [main &gt;&gt;&gt;&gt; ClassPathScanningCandidateComponentProvider.java:298 &gt;&gt;&gt;&gt; Method = findCandidateComponents] -- [Content = Ignored because not matching any filter: URL [jar:file:/Users/xk1020/.m2/repository/org/springframework/data/spring-data-jpa/1.10.1.RELEASE/spring-data-jpa-1.10.1.RELEASE.jar!/org/springframework/data/jpa/repository/support/SimpleJpaRepository$ExampleSpecification.class]]
[2018-07-02 21:44:16.298] -- [TRACE] -- [main &gt;&gt;&gt;&gt; ClassPathScanningCandidateComponentProvider.java:275 &gt;&gt;&gt;&gt; Method = findCandidateComponents] -- [Content = Scanning URL [jar:file:/Users/xk1020/.m2/repository/org/springframework/data/spring-data-jpa/1.10.1.RELEASE/spring-data-jpa-1.10.1.RELEASE.jar!/org/springframework/data/jpa/repository/support/SimpleJpaRepository.class]]
[2018-07-02 21:44:16.302] -- [TRACE] -- [main &gt;&gt;&gt;&gt; ClassPathScanningCandidateComponentProvider.java:298 &gt;&gt;&gt;&gt; Method = findCandidateComponents] -- [Content = Ignored because not matching any filter: URL [jar:file:/Users/xk1020/.m2/repository/org/springframework/data/spring-data-jpa/1.10.1.RELEASE/spring-data-jpa-1.10.1.RELEASE.jar!/org/springframework/data/jpa/repository/support/SimpleJpaRepository.class]]
[2018-07-02 21:44:16.303] -- [TRACE] -- [main &gt;&gt;&gt;&gt; ClassPathScanningCandidateComponentProvider.java:275 &gt;&gt;&gt;&gt; Method = findCandidateComponents] -- [Content = Scanning URL [jar:file:/Users/xk1020/.m2/repository/org/springframework/data/spring-data-commons/1.12.1.RELEASE/spring-data-commons-1.12.1.RELEASE.jar!/org/springframework/data/repository/support/AnnotationAttribute.class]]
[2018-07-02 21:44:16.303] -- [TRACE] -- [main &gt;&gt;&gt;&gt; ClassPathScanningCandidateComponentProvider.java:298 &gt;&gt;&gt;&gt; Method = findCandidateComponents] -- [Content = Ignored because not matching any filter: URL [jar:file:/Users/xk1020/.m2/repository/org/springframework/data/spring-data-commons/1.12.1.RELEASE/spring-data-commons-1.12.1.RELEASE.jar!/org/springframework/data/repository/support/AnnotationAttribute.class]]
[2018-07-02 21:44:16.303] -- [TRACE] -- [main &gt;&gt;&gt;&gt; ClassPathScanningCandidateComponentProvider.java:275 &gt;&gt;&gt;&gt; Method = findCandidateComponents] -- [Content = Scanning URL [jar:file:/Users/xk1020/.m2/repository/org/springframework/data/spring-data-commons/1.12.1.RELEASE/spring-data-commons-1.12.1.RELEASE.jar!/org/springframework/data/repository/support/CrudRepositoryInvoker.class]]
[2018-07-02 21:44:16.305] -- [TRACE] -- [main &gt;&gt;&gt;&gt; ClassPathScanningCandidateComponentProvider.java:298 &gt;&gt;&gt;&gt; Method = findCandidateComponents] -- [Content = Ignored because not matching any filter: URL [jar:file:/Users/xk1020/.m2/repository/org/springframework/data/spring-data-commons/1.12.1.RELEASE/spring-data-commons-1.12.1.RELEASE.jar!/org/springframework/data/repository/support/CrudRepositoryInvoker.class]]
[2018-07-02 21:44:16.305] -- [TRACE] -- [main &gt;&gt;&gt;&gt; ClassPathScanningCandidateComponentProvider.java:275 &gt;&gt;&gt;&gt; Method = findCandidateComponents] -- [Content = Scanning URL [jar:file:/Users/xk1020/.m2/repository/org/springframework/data/spring-data-commons/1.12.1.RELEASE/spring-data-commons-1.12.1.RELEASE.jar!/org/springframework/data/repository/support/DefaultRepositoryInvokerFactory.class]]
[2018-07-02 21:44:16.306] -- [TRACE] -- [main &gt;&gt;&gt;&gt; ClassPathScanningCandidateComponentProvider.java:298 &gt;&gt;&gt;&gt; Method = findCandidateComponents] -- [Content = Ignored because not matching any filter: URL [jar:file:/Users/xk1020/.m2/repository/org/springframework/data/spring-data-commons/1.12.1.RELEASE/spring-data-commons-1.12.1.RELEASE.jar!/org/springframework/data/repository/support/DefaultRepositoryInvokerFactory.class]]
[2018-07-02 21:44:16.306] -- [TRACE] -- [main &gt;&gt;&gt;&gt; ClassPathScanningCandidateComponentProvider.java:275 &gt;&gt;&gt;&gt; Method = findCandidateComponents] -- [Content = Scanning URL [jar:file:/Users/xk1020/.m2/repository/org/springframework/data/spring-data-commons/1.12.1.RELEASE/spring-data-commons-1.12.1.RELEASE.jar!/org/springframework/data/repository/support/DomainClassConverter$1.class]]
[2018-07-02 21:44:16.307] -- [TRACE] -- [main &gt;&gt;&gt;&gt; ClassPathScanningCandidateComponentProvider.java:298 &gt;&gt;&gt;&gt; Method = findCandidateComponents] -- [Content = Ignored because not matching any filter: URL [jar:file:/Users/xk1020/.m2/repository/org/springframework/data/spring-data-commons/1.12.1.RELEASE/spring-data-commons-1.12.1.RELEASE.jar!/org/springframework/data/repository/support/DomainClassConverter$1.class]]
[2018-07-02 21:44:16.307] -- [TRACE] -- [main &gt;&gt;&gt;&gt; ClassPathScanningCandidateComponentProvider.java:275 &gt;&gt;&gt;&gt; Method = findCandidateComponents] -- [Content = Scanning URL [jar:file:/Users/xk1020/.m2/repository/org/springframework/data/spring-data-commons/1.12.1.RELEASE/spring-data-commons-1.12.1.RELEASE.jar!/org/springframework/data/repository/support/DomainClassConverter$ConversionMatchAbbreviationException.class]]
[2018-07-02 21:44:16.308] -- [TRACE] -- [main &gt;&gt;&gt;&gt; ClassPathScanningCandidateComponentProvider.java:298 &gt;&gt;&gt;&gt; Method = findCandidateComponents] -- [Content = Ignored because not matching any filter: URL [jar:file:/Users/xk1020/.m2/repository/org/springframework/data/spring-data-commons/1.12.1.RELEASE/spring-data-commons-1.12.1.RELEASE.jar!/org/springframework/data/repository/support/DomainClassConverter$ConversionMatchAbbreviationException.class]]
[2018-07-02 21:44:16.308] -- [TRACE] -- [main &gt;&gt;&gt;&gt; ClassPathScanningCandidateComponentProvider.java:275 &gt;&gt;&gt;&gt; Method = findCandidateComponents] -- [Content = Scanning URL [jar:file:/Users/xk1020/.m2/repository/org/springframework/data/spring-data-commons/1.12.1.RELEASE/spring-data-commons-1.12.1.RELEASE.jar!/org/springframework/data/repository/support/DomainClassConverter$ToEntityConverter.class]]
[2018-07-02 21:44:16.312] -- [TRACE] -- [main &gt;&gt;&gt;&gt; ClassPathScanningCandidateComponentProvider.java:298 &gt;&gt;&gt;&gt; Method = findCandidateComponents] -- [Content = Ignored because not matching any filter: URL [jar:file:/Users/xk1020/.m2/repository/org/springframework/data/spring-data-commons/1.12.1.RELEASE/spring-data-commons-1.12.1.RELEASE.jar!/org/springframework/data/repository/support/DomainClassConverter$ToEntityConverter.class]]
[2018-07-02 21:44:16.312] -- [TRACE] -- [main &gt;&gt;&gt;&gt; ClassPathScanningCandidateComponentProvider.java:275 &gt;&gt;&gt;&gt; Method = findCandidateComponents] -- [Content = Scanning URL [jar:file:/Users/xk1020/.m2/repository/org/springframework/data/spring-data-commons/1.12.1.RELEASE/spring-data-commons-1.12.1.RELEASE.jar!/org/springframework/data/repository/support/DomainClassConverter$ToIdConverter.class]]
[2018-07-02 21:44:16.313] -- [TRACE] -- [main &gt;&gt;&gt;&gt; ClassPathScanningCandidateComponentProvider.java:298 &gt;&gt;&gt;&gt; Method = findCandidateComponents] -- [Content = Ignored because not matching any filter: URL [jar:file:/Users/xk1020/.m2/repository/org/springframework/data/spring-data-commons/1.12.1.RELEASE/spring-data-commons-1.12.1.RELEASE.jar!/org/springframework/data/repository/support/DomainClassConverter$ToIdConverter.class]]
[2018-07-02 21:44:16.314] -- [TRACE] -- [main &gt;&gt;&gt;&gt; ClassPathScanningCandidateComponentProvider.java:275 &gt;&gt;&gt;&gt; Method = findCandidateComponents] -- [Content = Scanning URL [jar:file:/Users/xk1020/.m2/repository/org/springframework/data/spring-data-commons/1.12.1.RELEASE/spring-data-commons-1.12.1.RELEASE.jar!/org/springframework/data/repository/support/DomainClassConverter.class]]
[2018-07-02 21:44:16.329] -- [TRACE] -- [main &gt;&gt;&gt;&gt; ClassPathScanningCandidateComponentProvider.java:298 &gt;&gt;&gt;&gt; Method = findCandidateComponents] -- [Content = Ignored because not matching any filter: URL [jar:file:/Users/xk1020/.m2/repository/org/springframework/data/spring-data-commons/1.12.1.RELEASE/spring-data-commons-1.12.1.RELEASE.jar!/org/springframework/data/repository/support/DomainClassConverter.class]]
[2018-07-02 21:44:16.330] -- [TRACE] -- [main &gt;&gt;&gt;&gt; ClassPathScanningCandidateComponentProvider.java:275 &gt;&gt;&gt;&gt; Method = findCandidateComponents] -- [Content = Scanning URL [jar:file:/Users/xk1020/.m2/repository/org/springframework/data/spring-data-commons/1.12.1.RELEASE/spring-data-commons-1.12.1.RELEASE.jar!/org/springframework/data/repository/support/DomainClassPropertyEditor.class]]
[2018-07-02 21:44:16.335] -- [TRACE] -- [main &gt;&gt;&gt;&gt; ClassPathScanningCandidateComponentProvider.java:298 &gt;&gt;&gt;&gt; Method = findCandidateComponents] -- [Content = Ignored because not matching any filter: URL [jar:file:/Users/xk1020/.m2/repository/org/springframework/data/spring-data-commons/1.12.1.RELEASE/spring-data-commons-1.12.1.RELEASE.jar!/org/springframework/data/repository/support/DomainClassPropertyEditor.class]]
[2018-07-02 21:44:16.336] -- [TRACE] -- [main &gt;&gt;&gt;&gt; ClassPathScanningCandidateComponentProvider.java:275 &gt;&gt;&gt;&gt; Method = findCandidateComponents] -- [Content = Scanning URL [jar:file:/Users/xk1020/.m2/repository/org/springframework/data/spring-data-commons/1.12.1.RELEASE/spring-data-commons-1.12.1.RELEASE.jar!/org/springframework/data/repository/support/DomainClassPropertyEditorRegistrar.class]]
[2018-07-02 21:44:16.351] -- [TRACE] -- [main &gt;&gt;&gt;&gt; ClassPathScanningCandidateComponentProvider.java:298 &gt;&gt;&gt;&gt; Method = findCandidateComponents] -- [Content = Ignored because not matching any filter: URL [jar:file:/Users/xk1020/.m2/repository/org/springframework/data/spring-data-commons/1.12.1.RELEASE/spring-data-commons-1.12.1.RELEASE.jar!/org/springframework/data/repository/support/DomainClassPropertyEditorRegistrar.class]]
[2018-07-02 21:44:16.352] -- [TRACE] -- [main &gt;&gt;&gt;&gt; ClassPathScanningCandidateComponentProvider.java:275 &gt;&gt;&gt;&gt; Method = findCandidateComponents] -- [Content = Scanning URL [jar:file:/Users/xk1020/.m2/repository/org/springframework/data/spring-data-commons/1.12.1.RELEASE/spring-data-commons-1.12.1.RELEASE.jar!/org/springframework/data/repository/support/MethodParameters$AnnotationNamingMethodParameter.class]]
[2018-07-02 21:44:16.353] -- [TRACE] -- [main &gt;&gt;&gt;&gt; ClassPathScanningCandidateComponentProvider.java:298 &gt;&gt;&gt;&gt; Method = findCandidateComponents] -- [Content = Ignored because not matching any filter: URL [jar:file:/Users/xk1020/.m2/repository/org/springframework/data/spring-data-commons/1.12.1.RELEASE/spring-data-commons-1.12.1.RELEASE.jar!/org/springframework/data/repository/support/MethodParameters$AnnotationNamingMethodParameter.class]]
[2018-07-02 21:44:16.353] -- [TRACE] -- [main &gt;&gt;&gt;&gt; ClassPathScanningCandidateComponentProvider.java:275 &gt;&gt;&gt;&gt; Method = findCandidateComponents] -- [Content = Scanning URL [jar:file:/Users/xk1020/.m2/repository/org/springframework/data/spring-data-commons/1.12.1.RELEASE/spring-data-commons-1.12.1.RELEASE.jar!/org/springframework/data/repository/support/MethodParameters.class]]
[2018-07-02 21:44:16.359] -- [TRACE] -- [main &gt;&gt;&gt;&gt; ClassPathScanningCandidateComponentProvider.java:298 &gt;&gt;&gt;&gt; Method = findCandidateComponents] -- [Content = Ignored because not matching any filter: URL [jar:file:/Users/xk1020/.m2/repository/org/springframework/data/spring-data-commons/1.12.1.RELEASE/spring-data-commons-1.12.1.RELEASE.jar!/org/springframework/data/repository/support/MethodParameters.class]]
[2018-07-02 21:44:16.360] -- [TRACE] -- [main &gt;&gt;&gt;&gt; ClassPathScanningCandidateComponentProvider.java:275 &gt;&gt;&gt;&gt; Method = findCandidateComponents] -- [Content = Scanning URL [jar:file:/Users/xk1020/.m2/repository/org/springframework/data/spring-data-commons/1.12.1.RELEASE/spring-data-commons-1.12.1.RELEASE.jar!/org/springframework/data/repository/support/PagingAndSortingRepositoryInvoker.class]]
[2018-07-02 21:44:16.363] -- [TRACE] -- [main &gt;&gt;&gt;&gt; ClassPathScanningCandidateComponentProvider.java:298 &gt;&gt;&gt;&gt; Method = findCandidateComponents] -- [Content = Ignored because not matching any filter: URL [jar:file:/Users/xk1020/.m2/repository/org/springframework/data/spring-data-commons/1.12.1.RELEASE/spring-data-commons-1.12.1.RELEASE.jar!/org/springframework/data/repository/support/PagingAndSortingRepositoryInvoker.class]]
[2018-07-02 21:44:16.363] -- [TRACE] -- [main &gt;&gt;&gt;&gt; ClassPathScanningCandidateComponentProvider.java:275 &gt;&gt;&gt;&gt; Method = findCandidateComponents] -- [Content = Scanning URL [jar:file:/Users/xk1020/.m2/repository/org/springframework/data/spring-data-commons/1.12.1.RELEASE/spring-data-commons-1.12.1.RELEASE.jar!/org/springframework/data/repository/support/QueryMethodParameterConversionException.class]]
[2018-07-02 21:44:16.364] -- [TRACE] -- [main &gt;&gt;&gt;&gt; ClassPathScanningCandidateComponentProvider.java:298 &gt;&gt;&gt;&gt; Method = findCandidateComponents] -- [Content = Ignored because not matching any filter: URL [jar:file:/Users/xk1020/.m2/repository/org/springframework/data/spring-data-commons/1.12.1.RELEASE/spring-data-commons-1.12.1.RELEASE.jar!/org/springframework/data/repository/support/QueryMethodParameterConversionException.class]]
[2018-07-02 21:44:16.364] -- [TRACE] -- [main &gt;&gt;&gt;&gt; ClassPathScanningCandidateComponentProvider.java:275 &gt;&gt;&gt;&gt; Method = findCandidateComponents] -- [Content = Scanning URL [jar:file:/Users/xk1020/.m2/repository/org/springframework/data/spring-data-commons/1.12.1.RELEASE/spring-data-commons-1.12.1.RELEASE.jar!/org/springframework/data/repository/support/ReflectionRepositoryInvoker.class]]
[2018-07-02 21:44:16.365] -- [TRACE] -- [main &gt;&gt;&gt;&gt; ClassPathScanningCandidateComponentProvider.java:298 &gt;&gt;&gt;&gt; Method = findCandidateComponents] -- [Content = Ignored because not matching any filter: URL [jar:file:/Users/xk1020/.m2/repository/org/springframework/data/spring-data-commons/1.12.1.RELEASE/spring-data-commons-1.12.1.RELEASE.jar!/org/springframework/data/repository/support/ReflectionRepositoryInvoker.class]]
[2018-07-02 21:44:16.366] -- [TRACE] -- [main &gt;&gt;&gt;&gt; ClassPathScanningCandidateComponentProvider.java:275 &gt;&gt;&gt;&gt; Method = findCandidateComponents] -- [Content = Scanning URL [jar:file:/Users/xk1020/.m2/repository/org/springframework/data/spring-data-commons/1.12.1.RELEASE/spring-data-commons-1.12.1.RELEASE.jar!/org/springframework/data/repository/support/Repositories$EmptyRepositoryFactoryInformation.class]]
[2018-07-02 21:44:16.369] -- [TRACE] -- [main &gt;&gt;&gt;&gt; ClassPathScanningCandidateComponentProvider.java:298 &gt;&gt;&gt;&gt; Method = findCandidateComponents] -- [Content = Ignored because not matching any filter: URL [jar:file:/Users/xk1020/.m2/repository/org/springframework/data/spring-data-commons/1.12.1.RELEASE/spring-data-commons-1.12.1.RELEASE.jar!/org/springframework/data/repository/support/Repositories$EmptyRepositoryFactoryInformation.class]]
[2018-07-02 21:44:16.370] -- [TRACE] -- [main &gt;&gt;&gt;&gt; ClassPathScanningCandidateComponentProvider.java:275 &gt;&gt;&gt;&gt; Method = findCandidateComponents] -- [Content = Scanning URL [jar:file:/Users/xk1020/.m2/repository/org/springframework/data/spring-data-commons/1.12.1.RELEASE/spring-data-commons-1.12.1.RELEASE.jar!/org/springframework/data/repository/support/Repositories.class]]
[2018-07-02 21:44:16.371] -- [TRACE] -- [main &gt;&gt;&gt;&gt; ClassPathScanningCandidateComponentProvider.java:298 &gt;&gt;&gt;&gt; Method = findCandidateComponents] -- [Content = Ignored because not matching any filter: URL [jar:file:/Users/xk1020/.m2/repository/org/springframework/data/spring-data-commons/1.12.1.RELEASE/spring-data-commons-1.12.1.RELEASE.jar!/org/springframework/data/repository/support/Repositories.class]]
[2018-07-02 21:44:16.372] -- [TRACE] -- [main &gt;&gt;&gt;&gt; ClassPathScanningCandidateComponentProvider.java:275 &gt;&gt;&gt;&gt; Method = findCandidateComponents] -- [Content = Scanning URL [jar:file:/Users/xk1020/.m2/repository/org/springframework/data/spring-data-commons/1.12.1.RELEASE/spring-data-commons-1.12.1.RELEASE.jar!/org/springframework/data/repository/support/RepositoryInvocationInformation.class]]
[2018-07-02 21:44:16.376] -- [TRACE] -- [main &gt;&gt;&gt;&gt; ClassPathScanningCandidateComponentProvider.java:298 &gt;&gt;&gt;&gt; Method = findCandidateComponents] -- [Content = Ignored because not matching any filter: URL [jar:file:/Users/xk1020/.m2/repository/org/springframework/data/spring-data-commons/1.12.1.RELEASE/spring-data-commons-1.12.1.RELEASE.jar!/org/springframework/data/repository/support/RepositoryInvocationInformation.class]]
[2018-07-02 21:44:16.384] -- [TRACE] -- [main &gt;&gt;&gt;&gt; ClassPathScanningCandidateComponentProvider.java:275 &gt;&gt;&gt;&gt; Method = findCandidateComponents] -- [Content = Scanning URL [jar:file:/Users/xk1020/.m2/repository/org/springframework/data/spring-data-commons/1.12.1.RELEASE/spring-data-commons-1.12.1.RELEASE.jar!/org/springframework/data/repository/support/RepositoryInvoker.class]]
[2018-07-02 21:44:16.385] -- [TRACE] -- [main &gt;&gt;&gt;&gt; ClassPathScanningCandidateComponentProvider.java:298 &gt;&gt;&gt;&gt; Method = findCandidateComponents] -- [Content = Ignored because not matching any filter: URL [jar:file:/Users/xk1020/.m2/repository/org/springframework/data/spring-data-commons/1.12.1.RELEASE/spring-data-commons-1.12.1.RELEASE.jar!/org/springframework/data/repository/support/RepositoryInvoker.class]]
[2018-07-02 21:44:16.385] -- [TRACE] -- [main &gt;&gt;&gt;&gt; ClassPathScanningCandidateComponentProvider.java:275 &gt;&gt;&gt;&gt; Method = findCandidateComponents] -- [Content = Scanning URL [jar:file:/Users/xk1020/.m2/repository/org/springframework/data/spring-data-commons/1.12.1.RELEASE/spring-data-commons-1.12.1.RELEASE.jar!/org/springframework/data/repository/support/RepositoryInvokerFactory.class]]
[2018-07-02 21:44:16.386] -- [TRACE] -- [main &gt;&gt;&gt;&gt; ClassPathScanningCandidateComponentProvider.java:298 &gt;&gt;&gt;&gt; Method = findCandidateComponents] -- [Content = Ignored because not matching any filter: URL [jar:file:/Users/xk1020/.m2/repository/org/springframework/data/spring-data-commons/1.12.1.RELEASE/spring-data-commons-1.12.1.RELEASE.jar!/org/springframework/data/repository/support/RepositoryInvokerFactory.class]]
[2018-07-02 21:44:16.398] -- [DEBUG] -- [main &gt;&gt;&gt;&gt; MutablePropertySources.java:109 &gt;&gt;&gt;&gt; Method = addLast] -- [Content = Adding [systemProperties] PropertySource with lowest search precedence]
[2018-07-02 21:44:16.401] -- [DEBUG] -- [main &gt;&gt;&gt;&gt; MutablePropertySources.java:109 &gt;&gt;&gt;&gt; Method = addLast] -- [Content = Adding [systemEnvironment] PropertySource with lowest search precedence]
[2018-07-02 21:44:16.403] -- [DEBUG] -- [main &gt;&gt;&gt;&gt; AbstractEnvironment.java:127 &gt;&gt;&gt;&gt; Method = &lt;init&gt;] -- [Content = Initialized StandardEnvironment with PropertySources [systemProperties,systemEnvironment]]
[2018-07-02 21:44:16.405] -- [DEBUG] -- [main &gt;&gt;&gt;&gt; PathMatchingResourcePatternResolver.java:312 &gt;&gt;&gt;&gt; Method = findAllClassPathResources] -- [Content = Resolved classpath location [com/youmeek/] to resources [URL [file:/Users/xk1020/IdeaProjects/Basic-Single-Module-SSJPA/target/test-classes/com/youmeek/], URL [file:/Users/xk1020/IdeaProjects/Basic-Single-Module-SSJPA/target/classes/com/youmeek/]]]
[2018-07-02 21:44:16.406] -- [DEBUG] -- [main &gt;&gt;&gt;&gt; PathMatchingResourcePatternResolver.java:637 &gt;&gt;&gt;&gt; Method = doFindMatchingFileSystemResources] -- [Content = Looking for matching resources in directory tree [/Users/xk1020/IdeaProjects/Basic-Single-Module-SSJPA/target/test-classes/com/youmeek]]
[2018-07-02 21:44:16.406] -- [DEBUG] -- [main &gt;&gt;&gt;&gt; PathMatchingResourcePatternResolver.java:699 &gt;&gt;&gt;&gt; Method = doRetrieveMatchingFiles] -- [Content = Searching directory [/Users/xk1020/IdeaProjects/Basic-Single-Module-SSJPA/target/test-classes/com/youmeek] for files matching pattern [/Users/xk1020/IdeaProjects/Basic-Single-Module-SSJPA/target/test-classes/com/youmeek/**/dao/**/*.class]]
[2018-07-02 21:44:16.411] -- [DEBUG] -- [main &gt;&gt;&gt;&gt; PathMatchingResourcePatternResolver.java:699 &gt;&gt;&gt;&gt; Method = doRetrieveMatchingFiles] -- [Content = Searching directory [/Users/xk1020/IdeaProjects/Basic-Single-Module-SSJPA/target/test-classes/com/youmeek/ssm] for files matching pattern [/Users/xk1020/IdeaProjects/Basic-Single-Module-SSJPA/target/test-classes/com/youmeek/**/dao/**/*.class]]
[2018-07-02 21:44:16.415] -- [DEBUG] -- [main &gt;&gt;&gt;&gt; PathMatchingResourcePatternResolver.java:637 &gt;&gt;&gt;&gt; Method = doFindMatchingFileSystemResources] -- [Content = Looking for matching resources in directory tree [/Users/xk1020/IdeaProjects/Basic-Single-Module-SSJPA/target/classes/com/youmeek]]
[2018-07-02 21:44:16.417] -- [DEBUG] -- [main &gt;&gt;&gt;&gt; PathMatchingResourcePatternResolver.java:699 &gt;&gt;&gt;&gt; Method = doRetrieveMatchingFiles] -- [Content = Searching directory [/Users/xk1020/IdeaProjects/Basic-Single-Module-SSJPA/target/classes/com/youmeek] for files matching pattern [/Users/xk1020/IdeaProjects/Basic-Single-Module-SSJPA/target/classes/com/youmeek/**/dao/**/*.class]]
[2018-07-02 21:44:16.418] -- [DEBUG] -- [main &gt;&gt;&gt;&gt; PathMatchingResourcePatternResolver.java:699 &gt;&gt;&gt;&gt; Method = doRetrieveMatchingFiles] -- [Content = Searching directory [/Users/xk1020/IdeaProjects/Basic-Single-Module-SSJPA/target/classes/com/youmeek/ssm] for files matching pattern [/Users/xk1020/IdeaProjects/Basic-Single-Module-SSJPA/target/classes/com/youmeek/**/dao/**/*.class]]
[2018-07-02 21:44:16.418] -- [DEBUG] -- [main &gt;&gt;&gt;&gt; PathMatchingResourcePatternResolver.java:699 &gt;&gt;&gt;&gt; Method = doRetrieveMatchingFiles] -- [Content = Searching directory [/Users/xk1020/IdeaProjects/Basic-Single-Module-SSJPA/target/classes/com/youmeek/ssm/module] for files matching pattern [/Users/xk1020/IdeaProjects/Basic-Single-Module-SSJPA/target/classes/com/youmeek/**/dao/**/*.class]]
[2018-07-02 21:44:16.419] -- [DEBUG] -- [main &gt;&gt;&gt;&gt; PathMatchingResourcePatternResolver.java:699 &gt;&gt;&gt;&gt; Method = doRetrieveMatchingFiles] -- [Content = Searching directory [/Users/xk1020/IdeaProjects/Basic-Single-Module-SSJPA/target/classes/com/youmeek/ssm/module/user] for files matching pattern [/Users/xk1020/IdeaProjects/Basic-Single-Module-SSJPA/target/classes/com/youmeek/**/dao/**/*.class]]
[2018-07-02 21:44:16.419] -- [DEBUG] -- [main &gt;&gt;&gt;&gt; PathMatchingResourcePatternResolver.java:699 &gt;&gt;&gt;&gt; Method = doRetrieveMatchingFiles] -- [Content = Searching directory [/Users/xk1020/IdeaProjects/Basic-Single-Module-SSJPA/target/classes/com/youmeek/ssm/module/user/dao] for files matching pattern [/Users/xk1020/IdeaProjects/Basic-Single-Module-SSJPA/target/classes/com/youmeek/**/dao/**/*.class]]
[2018-07-02 21:44:16.420] -- [DEBUG] -- [main &gt;&gt;&gt;&gt; PathMatchingResourcePatternResolver.java:699 &gt;&gt;&gt;&gt; Method = doRetrieveMatchingFiles] -- [Content = Searching directory [/Users/xk1020/IdeaProjects/Basic-Single-Module-SSJPA/target/classes/com/youmeek/ssm/module/user/controller] for files matching pattern [/Users/xk1020/IdeaProjects/Basic-Single-Module-SSJPA/target/classes/com/youmeek/**/dao/**/*.class]]
[2018-07-02 21:44:16.422] -- [DEBUG] -- [main &gt;&gt;&gt;&gt; PathMatchingResourcePatternResolver.java:699 &gt;&gt;&gt;&gt; Method = doRetrieveMatchingFiles] -- [Content = Searching directory [/Users/xk1020/IdeaProjects/Basic-Single-Module-SSJPA/target/classes/com/youmeek/ssm/module/user/service] for files matching pattern [/Users/xk1020/IdeaProjects/Basic-Single-Module-SSJPA/target/classes/com/youmeek/**/dao/**/*.class]]
[2018-07-02 21:44:16.424] -- [DEBUG] -- [main &gt;&gt;&gt;&gt; PathMatchingResourcePatternResolver.java:699 &gt;&gt;&gt;&gt; Method = doRetrieveMatchingFiles] -- [Content = Searching directory [/Users/xk1020/IdeaProjects/Basic-Single-Module-SSJPA/target/classes/com/youmeek/ssm/module/user/service/impl] for files matching pattern [/Users/xk1020/IdeaProjects/Basic-Single-Module-SSJPA/target/classes/com/youmeek/**/dao/**/*.class]]
[2018-07-02 21:44:16.424] -- [DEBUG] -- [main &gt;&gt;&gt;&gt; PathMatchingResourcePatternResolver.java:699 &gt;&gt;&gt;&gt; Method = doRetrieveMatchingFiles] -- [Content = Searching directory [/Users/xk1020/IdeaProjects/Basic-Single-Module-SSJPA/target/classes/com/youmeek/ssm/module/user/pojo] for files matching pattern [/Users/xk1020/IdeaProjects/Basic-Single-Module-SSJPA/target/classes/com/youmeek/**/dao/**/*.class]]
[2018-07-02 21:44:16.425] -- [DEBUG] -- [main &gt;&gt;&gt;&gt; PathMatchingResourcePatternResolver.java:699 &gt;&gt;&gt;&gt; Method = doRetrieveMatchingFiles] -- [Content = Searching directory [/Users/xk1020/IdeaProjects/Basic-Single-Module-SSJPA/target/classes/com/youmeek/ssm/aop] for files matching pattern [/Users/xk1020/IdeaProjects/Basic-Single-Module-SSJPA/target/classes/com/youmeek/**/dao/**/*.class]]
[2018-07-02 21:44:16.425] -- [DEBUG] -- [main &gt;&gt;&gt;&gt; PathMatchingResourcePatternResolver.java:699 &gt;&gt;&gt;&gt; Method = doRetrieveMatchingFiles] -- [Content = Searching directory [/Users/xk1020/IdeaProjects/Basic-Single-Module-SSJPA/target/classes/com/youmeek/ssm/aop/log] for files matching pattern [/Users/xk1020/IdeaProjects/Basic-Single-Module-SSJPA/target/classes/com/youmeek/**/dao/**/*.class]]
[2018-07-02 21:44:16.426] -- [DEBUG] -- [main &gt;&gt;&gt;&gt; PathMatchingResourcePatternResolver.java:699 &gt;&gt;&gt;&gt; Method = doRetrieveMatchingFiles] -- [Content = Searching directory [/Users/xk1020/IdeaProjects/Basic-Single-Module-SSJPA/target/classes/com/youmeek/ssm/interceptor] for files matching pattern [/Users/xk1020/IdeaProjects/Basic-Single-Module-SSJPA/target/classes/com/youmeek/**/dao/**/*.class]]
[2018-07-02 21:44:16.432] -- [DEBUG] -- [main &gt;&gt;&gt;&gt; PathMatchingResourcePatternResolver.java:430 &gt;&gt;&gt;&gt; Method = findPathMatchingResources] -- [Content = Resolved location pattern [classpath*:com/youmeek/**/dao/**/*.class] to resources [file [/Users/xk1020/IdeaProjects/Basic-Single-Module-SSJPA/target/classes/com/youmeek/ssm/module/user/dao/SysUserDao.class]]]
[2018-07-02 21:44:16.433] -- [TRACE] -- [main &gt;&gt;&gt;&gt; ClassPathScanningCandidateComponentProvider.java:275 &gt;&gt;&gt;&gt; Method = findCandidateComponents] -- [Content = Scanning file [/Users/xk1020/IdeaProjects/Basic-Single-Module-SSJPA/target/classes/com/youmeek/ssm/module/user/dao/SysUserDao.class]]
[2018-07-02 21:44:16.446] -- [DEBUG] -- [main &gt;&gt;&gt;&gt; ClassPathScanningCandidateComponentProvider.java:286 &gt;&gt;&gt;&gt; Method = findCandidateComponents] -- [Content = Identified candidate component class: file [/Users/xk1020/IdeaProjects/Basic-Single-Module-SSJPA/target/classes/com/youmeek/ssm/module/user/dao/SysUserDao.class]]
[2018-07-02 21:44:16.453] -- [DEBUG] -- [main &gt;&gt;&gt;&gt; MutablePropertySources.java:109 &gt;&gt;&gt;&gt; Method = addLast] -- [Content = Adding [systemProperties] PropertySource with lowest search precedence]
[2018-07-02 21:44:16.454] -- [DEBUG] -- [main &gt;&gt;&gt;&gt; MutablePropertySources.java:109 &gt;&gt;&gt;&gt; Method = addLast] -- [Content = Adding [systemEnvironment] PropertySource with lowest search precedence]
[2018-07-02 21:44:16.455] -- [DEBUG] -- [main &gt;&gt;&gt;&gt; AbstractEnvironment.java:127 &gt;&gt;&gt;&gt; Method = &lt;init&gt;] -- [Content = Initialized StandardEnvironment with PropertySources [systemProperties,systemEnvironment]]
[2018-07-02 21:44:16.456] -- [DEBUG] -- [main &gt;&gt;&gt;&gt; PathMatchingResourcePatternResolver.java:312 &gt;&gt;&gt;&gt; Method = findAllClassPathResources] -- [Content = Resolved classpath location [com/youmeek/] to resources [URL [file:/Users/xk1020/IdeaProjects/Basic-Single-Module-SSJPA/target/test-classes/com/youmeek/], URL [file:/Users/xk1020/IdeaProjects/Basic-Single-Module-SSJPA/target/classes/com/youmeek/]]]
[2018-07-02 21:44:16.457] -- [DEBUG] -- [main &gt;&gt;&gt;&gt; PathMatchingResourcePatternResolver.java:637 &gt;&gt;&gt;&gt; Method = doFindMatchingFileSystemResources] -- [Content = Looking for matching resources in directory tree [/Users/xk1020/IdeaProjects/Basic-Single-Module-SSJPA/target/test-classes/com/youmeek]]
[2018-07-02 21:44:16.457] -- [DEBUG] -- [main &gt;&gt;&gt;&gt; PathMatchingResourcePatternResolver.java:699 &gt;&gt;&gt;&gt; Method = doRetrieveMatchingFiles] -- [Content = Searching directory [/Users/xk1020/IdeaProjects/Basic-Single-Module-SSJPA/target/test-classes/com/youmeek] for files matching pattern [/Users/xk1020/IdeaProjects/Basic-Single-Module-SSJPA/target/test-classes/com/youmeek/**/dao/**/*SysUserDaoImpl.class]]
[2018-07-02 21:44:16.457] -- [DEBUG] -- [main &gt;&gt;&gt;&gt; PathMatchingResourcePatternResolver.java:699 &gt;&gt;&gt;&gt; Method = doRetrieveMatchingFiles] -- [Content = Searching directory [/Users/xk1020/IdeaProjects/Basic-Single-Module-SSJPA/target/test-classes/com/youmeek/ssm] for files matching pattern [/Users/xk1020/IdeaProjects/Basic-Single-Module-SSJPA/target/test-classes/com/youmeek/**/dao/**/*SysUserDaoImpl.class]]
[2018-07-02 21:44:16.458] -- [DEBUG] -- [main &gt;&gt;&gt;&gt; PathMatchingResourcePatternResolver.java:637 &gt;&gt;&gt;&gt; Method = doFindMatchingFileSystemResources] -- [Content = Looking for matching resources in directory tree [/Users/xk1020/IdeaProjects/Basic-Single-Module-SSJPA/target/classes/com/youmeek]]
[2018-07-02 21:44:16.458] -- [DEBUG] -- [main &gt;&gt;&gt;&gt; PathMatchingResourcePatternResolver.java:699 &gt;&gt;&gt;&gt; Method = doRetrieveMatchingFiles] -- [Content = Searching directory [/Users/xk1020/IdeaProjects/Basic-Single-Module-SSJPA/target/classes/com/youmeek] for files matching pattern [/Users/xk1020/IdeaProjects/Basic-Single-Module-SSJPA/target/classes/com/youmeek/**/dao/**/*SysUserDaoImpl.class]]
[2018-07-02 21:44:16.459] -- [DEBUG] -- [main &gt;&gt;&gt;&gt; PathMatchingResourcePatternResolver.java:699 &gt;&gt;&gt;&gt; Method = doRetrieveMatchingFiles] -- [Content = Searching directory [/Users/xk1020/IdeaProjects/Basic-Single-Module-SSJPA/target/classes/com/youmeek/ssm] for files matching pattern [/Users/xk1020/IdeaProjects/Basic-Single-Module-SSJPA/target/classes/com/youmeek/**/dao/**/*SysUserDaoImpl.class]]
[2018-07-02 21:44:16.459] -- [DEBUG] -- [main &gt;&gt;&gt;&gt; PathMatchingResourcePatternResolver.java:699 &gt;&gt;&gt;&gt; Method = doRetrieveMatchingFiles] -- [Content = Searching directory [/Users/xk1020/IdeaProjects/Basic-Single-Module-SSJPA/target/classes/com/youmeek/ssm/module] for files matching pattern [/Users/xk1020/IdeaProjects/Basic-Single-Module-SSJPA/target/classes/com/youmeek/**/dao/**/*SysUserDaoImpl.class]]
[2018-07-02 21:44:16.460] -- [DEBUG] -- [main &gt;&gt;&gt;&gt; PathMatchingResourcePatternResolver.java:699 &gt;&gt;&gt;&gt; Method = doRetrieveMatchingFiles] -- [Content = Searching directory [/Users/xk1020/IdeaProjects/Basic-Single-Module-SSJPA/target/classes/com/youmeek/ssm/module/user] for files matching pattern [/Users/xk1020/IdeaProjects/Basic-Single-Module-SSJPA/target/classes/com/youmeek/**/dao/**/*SysUserDaoImpl.class]]
[2018-07-02 21:44:16.461] -- [DEBUG] -- [main &gt;&gt;&gt;&gt; PathMatchingResourcePatternResolver.java:699 &gt;&gt;&gt;&gt; Method = doRetrieveMatchingFiles] -- [Content = Searching directory [/Users/xk1020/IdeaProjects/Basic-Single-Module-SSJPA/target/classes/com/youmeek/ssm/module/user/dao] for files matching pattern [/Users/xk1020/IdeaProjects/Basic-Single-Module-SSJPA/target/classes/com/youmeek/**/dao/**/*SysUserDaoImpl.class]]
[2018-07-02 21:44:16.462] -- [DEBUG] -- [main &gt;&gt;&gt;&gt; PathMatchingResourcePatternResolver.java:699 &gt;&gt;&gt;&gt; Method = doRetrieveMatchingFiles] -- [Content = Searching directory [/Users/xk1020/IdeaProjects/Basic-Single-Module-SSJPA/target/classes/com/youmeek/ssm/module/user/controller] for files matching pattern [/Users/xk1020/IdeaProjects/Basic-Single-Module-SSJPA/target/classes/com/youmeek/**/dao/**/*SysUserDaoImpl.class]]
[2018-07-02 21:44:16.462] -- [DEBUG] -- [main &gt;&gt;&gt;&gt; PathMatchingResourcePatternResolver.java:699 &gt;&gt;&gt;&gt; Method = doRetrieveMatchingFiles] -- [Content = Searching directory [/Users/xk1020/IdeaProjects/Basic-Single-Module-SSJPA/target/classes/com/youmeek/ssm/module/user/service] for files matching pattern [/Users/xk1020/IdeaProjects/Basic-Single-Module-SSJPA/target/classes/com/youmeek/**/dao/**/*SysUserDaoImpl.class]]
[2018-07-02 21:44:16.463] -- [DEBUG] -- [main &gt;&gt;&gt;&gt; PathMatchingResourcePatternResolver.java:699 &gt;&gt;&gt;&gt; Method = doRetrieveMatchingFiles] -- [Content = Searching directory [/Users/xk1020/IdeaProjects/Basic-Single-Module-SSJPA/target/classes/com/youmeek/ssm/module/user/service/impl] for files matching pattern [/Users/xk1020/IdeaProjects/Basic-Single-Module-SSJPA/target/classes/com/youmeek/**/dao/**/*SysUserDaoImpl.class]]
[2018-07-02 21:44:16.464] -- [DEBUG] -- [main &gt;&gt;&gt;&gt; PathMatchingResourcePatternResolver.java:699 &gt;&gt;&gt;&gt; Method = doRetrieveMatchingFiles] -- [Content = Searching directory [/Users/xk1020/IdeaProjects/Basic-Single-Module-SSJPA/target/classes/com/youmeek/ssm/module/user/pojo] for files matching pattern [/Users/xk1020/IdeaProjects/Basic-Single-Module-SSJPA/target/classes/com/youmeek/**/dao/**/*SysUserDaoImpl.class]]
[2018-07-02 21:44:16.464] -- [DEBUG] -- [main &gt;&gt;&gt;&gt; PathMatchingResourcePatternResolver.java:699 &gt;&gt;&gt;&gt; Method = doRetrieveMatchingFiles] -- [Content = Searching directory [/Users/xk1020/IdeaProjects/Basic-Single-Module-SSJPA/target/classes/com/youmeek/ssm/aop] for files matching pattern [/Users/xk1020/IdeaProjects/Basic-Single-Module-SSJPA/target/classes/com/youmeek/**/dao/**/*SysUserDaoImpl.class]]
[2018-07-02 21:44:16.465] -- [DEBUG] -- [main &gt;&gt;&gt;&gt; PathMatchingResourcePatternResolver.java:699 &gt;&gt;&gt;&gt; Method = doRetrieveMatchingFiles] -- [Content = Searching directory [/Users/xk1020/IdeaProjects/Basic-Single-Module-SSJPA/target/classes/com/youmeek/ssm/aop/log] for files matching pattern [/Users/xk1020/IdeaProjects/Basic-Single-Module-SSJPA/target/classes/com/youmeek/**/dao/**/*SysUserDaoImpl.class]]
[2018-07-02 21:44:16.465] -- [DEBUG] -- [main &gt;&gt;&gt;&gt; PathMatchingResourcePatternResolver.java:699 &gt;&gt;&gt;&gt; Method = doRetrieveMatchingFiles] -- [Content = Searching directory [/Users/xk1020/IdeaProjects/Basic-Single-Module-SSJPA/target/classes/com/youmeek/ssm/interceptor] for files matching pattern [/Users/xk1020/IdeaProjects/Basic-Single-Module-SSJPA/target/classes/com/youmeek/**/dao/**/*SysUserDaoImpl.class]]
[2018-07-02 21:44:16.465] -- [DEBUG] -- [main &gt;&gt;&gt;&gt; PathMatchingResourcePatternResolver.java:430 &gt;&gt;&gt;&gt; Method = findPathMatchingResources] -- [Content = Resolved location pattern [classpath*:com/youmeek/**/dao/**/*SysUserDaoImpl.class] to resources []]
[2018-07-02 21:44:16.475] -- [DEBUG] -- [main &gt;&gt;&gt;&gt; RepositoryConfigurationDelegate.java:142 &gt;&gt;&gt;&gt; Method = registerRepositoriesIn] -- [Content = Spring Data JPA - Registering repository: sysUserDao - Interface: com.youmeek.ssm.module.user.dao.SysUserDao - Factory: org.springframework.data.jpa.repository.support.JpaRepositoryFactoryBean]
[2018-07-02 21:44:16.476] -- [DEBUG] -- [main &gt;&gt;&gt;&gt; AbstractBeanDefinitionReader.java:224 &gt;&gt;&gt;&gt; Method = loadBeanDefinitions] -- [Content = Loaded 26 bean definitions from location pattern [classpath*:spring/applicationContext*.xml]]
[2018-07-02 21:44:16.477] -- [INFO] -- [main &gt;&gt;&gt;&gt; AbstractApplicationContext.java:578 &gt;&gt;&gt;&gt; Method = prepareRefresh] -- [Content = Refreshing org.springframework.context.support.GenericApplicationContext@77be656f: startup date [Mon Jul 02 21:44:16 CST 2018]; root of context hierarchy]
[2018-07-02 21:44:16.477] -- [DEBUG] -- [main &gt;&gt;&gt;&gt; AbstractApplicationContext.java:612 &gt;&gt;&gt;&gt; Method = obtainFreshBeanFactory] -- [Content = Bean factory for org.springframework.context.support.GenericApplicationContext@77be656f: org.springframework.beans.factory.support.DefaultListableBeanFactory@7e7be63f: defining beans [org.springframework.context.support.PropertySourcesPlaceholderConfigurer#0,sysUserServiceImpl,org.springframework.context.annotation.internalConfigurationAnnotationProcessor,org.springframework.context.annotation.internalAutowiredAnnotationProcessor,org.springframework.context.annotation.internalRequiredAnnotationProcessor,org.springframework.context.annotation.internalCommonAnnotationProcessor,org.springframework.context.annotation.internalPersistenceAnnotationProcessor,org.springframework.context.event.internalEventListenerProcessor,org.springframework.context.event.internalEventListenerFactory,dataSource,druid-stat-interceptor,druid-stat-pointcut,org.springframework.aop.config.internalAutoProxyCreator,org.springframework.aop.support.DefaultBeanFactoryPointcutAdvisor#0,transactionManager,transactionAdvice,transactionPointcut,org.springframework.aop.support.DefaultBeanFactoryPointcutAdvisor#1,entityManagerFactory,hibernateJpaVendorAdapter,org.springframework.data.jpa.repository.config.JpaRepositoryConfigExtension#0,org.springframework.data.repository.core.support.RepositoryFactoryBeanSupport_Predictor,emBeanDefinitionRegistrarPostProcessor,jpaMappingContext,jpaContext,sysUserDao]; root of factory hierarchy]
[2018-07-02 21:44:16.497] -- [DEBUG] -- [main &gt;&gt;&gt;&gt; DefaultSingletonBeanRegistry.java:221 &gt;&gt;&gt;&gt; Method = getSingleton] -- [Content = Creating shared instance of singleton bean &apos;org.springframework.context.annotation.internalConfigurationAnnotationProcessor&apos;]
[2018-07-02 21:44:16.497] -- [DEBUG] -- [main &gt;&gt;&gt;&gt; AbstractAutowireCapableBeanFactory.java:448 &gt;&gt;&gt;&gt; Method = createBean] -- [Content = Creating instance of bean &apos;org.springframework.context.annotation.internalConfigurationAnnotationProcessor&apos;]
[2018-07-02 21:44:16.506] -- [DEBUG] -- [main &gt;&gt;&gt;&gt; AbstractAutowireCapableBeanFactory.java:529 &gt;&gt;&gt;&gt; Method = doCreateBean] -- [Content = Eagerly caching bean &apos;org.springframework.context.annotation.internalConfigurationAnnotationProcessor&apos; to allow for resolving potential circular references]
[2018-07-02 21:44:16.507] -- [DEBUG] -- [main &gt;&gt;&gt;&gt; AbstractAutowireCapableBeanFactory.java:484 &gt;&gt;&gt;&gt; Method = createBean] -- [Content = Finished creating instance of bean &apos;org.springframework.context.annotation.internalConfigurationAnnotationProcessor&apos;]
[2018-07-02 21:44:16.533] -- [DEBUG] -- [main &gt;&gt;&gt;&gt; DefaultSingletonBeanRegistry.java:221 &gt;&gt;&gt;&gt; Method = getSingleton] -- [Content = Creating shared instance of singleton bean &apos;org.springframework.context.support.PropertySourcesPlaceholderConfigurer#0&apos;]
[2018-07-02 21:44:16.533] -- [DEBUG] -- [main &gt;&gt;&gt;&gt; AbstractAutowireCapableBeanFactory.java:448 &gt;&gt;&gt;&gt; Method = createBean] -- [Content = Creating instance of bean &apos;org.springframework.context.support.PropertySourcesPlaceholderConfigurer#0&apos;]
[2018-07-02 21:44:16.534] -- [DEBUG] -- [main &gt;&gt;&gt;&gt; AbstractAutowireCapableBeanFactory.java:529 &gt;&gt;&gt;&gt; Method = doCreateBean] -- [Content = Eagerly caching bean &apos;org.springframework.context.support.PropertySourcesPlaceholderConfigurer#0&apos; to allow for resolving potential circular references]
[2018-07-02 21:44:16.537] -- [TRACE] -- [main &gt;&gt;&gt;&gt; SpringFactoriesLoader.java:87 &gt;&gt;&gt;&gt; Method = loadFactories] -- [Content = Loaded [org.springframework.beans.BeanInfoFactory] names: [org.springframework.beans.ExtendedBeanInfoFactory]]
[2018-07-02 21:44:16.539] -- [TRACE] -- [main &gt;&gt;&gt;&gt; CachedIntrospectionResults.java:265 &gt;&gt;&gt;&gt; Method = &lt;init&gt;] -- [Content = Getting BeanInfo for class [org.springframework.context.support.PropertySourcesPlaceholderConfigurer]]
[2018-07-02 21:44:16.551] -- [TRACE] -- [main &gt;&gt;&gt;&gt; CachedIntrospectionResults.java:284 &gt;&gt;&gt;&gt; Method = &lt;init&gt;] -- [Content = Caching PropertyDescriptors for class [org.springframework.context.support.PropertySourcesPlaceholderConfigurer]]
[2018-07-02 21:44:16.551] -- [TRACE] -- [main &gt;&gt;&gt;&gt; CachedIntrospectionResults.java:297 &gt;&gt;&gt;&gt; Method = &lt;init&gt;] -- [Content = Found bean property &apos;appliedPropertySources&apos; of type [org.springframework.core.env.PropertySources]]
[2018-07-02 21:44:16.555] -- [TRACE] -- [main &gt;&gt;&gt;&gt; CachedIntrospectionResults.java:297 &gt;&gt;&gt;&gt; Method = &lt;init&gt;] -- [Content = Found bean property &apos;beanFactory&apos; of type [org.springframework.beans.factory.BeanFactory]]
[2018-07-02 21:44:16.556] -- [TRACE] -- [main &gt;&gt;&gt;&gt; CachedIntrospectionResults.java:297 &gt;&gt;&gt;&gt; Method = &lt;init&gt;] -- [Content = Found bean property &apos;beanName&apos; of type [java.lang.String]]
[2018-07-02 21:44:16.556] -- [TRACE] -- [main &gt;&gt;&gt;&gt; CachedIntrospectionResults.java:297 &gt;&gt;&gt;&gt; Method = &lt;init&gt;] -- [Content = Found bean property &apos;class&apos; of type [java.lang.Class]]
[2018-07-02 21:44:16.557] -- [TRACE] -- [main &gt;&gt;&gt;&gt; CachedIntrospectionResults.java:297 &gt;&gt;&gt;&gt; Method = &lt;init&gt;] -- [Content = Found bean property &apos;environment&apos; of type [org.springframework.core.env.Environment]]
[2018-07-02 21:44:16.557] -- [TRACE] -- [main &gt;&gt;&gt;&gt; CachedIntrospectionResults.java:297 &gt;&gt;&gt;&gt; Method = &lt;init&gt;] -- [Content = Found bean property &apos;fileEncoding&apos; of type [java.lang.String]]
[2018-07-02 21:44:16.558] -- [TRACE] -- [main &gt;&gt;&gt;&gt; CachedIntrospectionResults.java:297 &gt;&gt;&gt;&gt; Method = &lt;init&gt;] -- [Content = Found bean property &apos;ignoreResourceNotFound&apos; of type [boolean]]
[2018-07-02 21:44:16.558] -- [TRACE] -- [main &gt;&gt;&gt;&gt; CachedIntrospectionResults.java:297 &gt;&gt;&gt;&gt; Method = &lt;init&gt;] -- [Content = Found bean property &apos;ignoreUnresolvablePlaceholders&apos; of type [boolean]]
[2018-07-02 21:44:16.559] -- [TRACE] -- [main &gt;&gt;&gt;&gt; CachedIntrospectionResults.java:297 &gt;&gt;&gt;&gt; Method = &lt;init&gt;] -- [Content = Found bean property &apos;localOverride&apos; of type [boolean]]
[2018-07-02 21:44:16.559] -- [TRACE] -- [main &gt;&gt;&gt;&gt; CachedIntrospectionResults.java:297 &gt;&gt;&gt;&gt; Method = &lt;init&gt;] -- [Content = Found bean property &apos;location&apos; of type [org.springframework.core.io.Resource]]
[2018-07-02 21:44:16.559] -- [TRACE] -- [main &gt;&gt;&gt;&gt; CachedIntrospectionResults.java:297 &gt;&gt;&gt;&gt; Method = &lt;init&gt;] -- [Content = Found bean property &apos;locations&apos; of type [[Lorg.springframework.core.io.Resource;]]
[2018-07-02 21:44:16.560] -- [TRACE] -- [main &gt;&gt;&gt;&gt; CachedIntrospectionResults.java:297 &gt;&gt;&gt;&gt; Method = &lt;init&gt;] -- [Content = Found bean property &apos;nullValue&apos; of type [java.lang.String]]
[2018-07-02 21:44:16.560] -- [TRACE] -- [main &gt;&gt;&gt;&gt; CachedIntrospectionResults.java:297 &gt;&gt;&gt;&gt; Method = &lt;init&gt;] -- [Content = Found bean property &apos;order&apos; of type [int]]
[2018-07-02 21:44:16.560] -- [TRACE] -- [main &gt;&gt;&gt;&gt; CachedIntrospectionResults.java:297 &gt;&gt;&gt;&gt; Method = &lt;init&gt;] -- [Content = Found bean property &apos;placeholderPrefix&apos; of type [java.lang.String]]
[2018-07-02 21:44:16.561] -- [TRACE] -- [main &gt;&gt;&gt;&gt; CachedIntrospectionResults.java:297 &gt;&gt;&gt;&gt; Method = &lt;init&gt;] -- [Content = Found bean property &apos;placeholderSuffix&apos; of type [java.lang.String]]
[2018-07-02 21:44:16.562] -- [TRACE] -- [main &gt;&gt;&gt;&gt; CachedIntrospectionResults.java:297 &gt;&gt;&gt;&gt; Method = &lt;init&gt;] -- [Content = Found bean property &apos;properties&apos; of type [java.util.Properties]]
[2018-07-02 21:44:16.564] -- [TRACE] -- [main &gt;&gt;&gt;&gt; CachedIntrospectionResults.java:297 &gt;&gt;&gt;&gt; Method = &lt;init&gt;] -- [Content = Found bean property &apos;propertiesArray&apos; of type [[Ljava.util.Properties;]]
[2018-07-02 21:44:16.565] -- [TRACE] -- [main &gt;&gt;&gt;&gt; CachedIntrospectionResults.java:297 &gt;&gt;&gt;&gt; Method = &lt;init&gt;] -- [Content = Found bean property &apos;propertiesPersister&apos; of type [org.springframework.util.PropertiesPersister]]
[2018-07-02 21:44:16.565] -- [TRACE] -- [main &gt;&gt;&gt;&gt; CachedIntrospectionResults.java:297 &gt;&gt;&gt;&gt; Method = &lt;init&gt;] -- [Content = Found bean property &apos;propertySources&apos; of type [org.springframework.core.env.PropertySources]]
[2018-07-02 21:44:16.565] -- [TRACE] -- [main &gt;&gt;&gt;&gt; CachedIntrospectionResults.java:297 &gt;&gt;&gt;&gt; Method = &lt;init&gt;] -- [Content = Found bean property &apos;valueSeparator&apos; of type [java.lang.String]]
[2018-07-02 21:44:16.567] -- [DEBUG] -- [main &gt;&gt;&gt;&gt; PathMatchingResourcePatternResolver.java:312 &gt;&gt;&gt;&gt; Method = findAllClassPathResources] -- [Content = Resolved classpath location [properties/] to resources [URL [file:/Users/xk1020/IdeaProjects/Basic-Single-Module-SSJPA/target/classes/properties/]]]
[2018-07-02 21:44:16.568] -- [DEBUG] -- [main &gt;&gt;&gt;&gt; PathMatchingResourcePatternResolver.java:637 &gt;&gt;&gt;&gt; Method = doFindMatchingFileSystemResources] -- [Content = Looking for matching resources in directory tree [/Users/xk1020/IdeaProjects/Basic-Single-Module-SSJPA/target/classes/properties]]
[2018-07-02 21:44:16.568] -- [DEBUG] -- [main &gt;&gt;&gt;&gt; PathMatchingResourcePatternResolver.java:699 &gt;&gt;&gt;&gt; Method = doRetrieveMatchingFiles] -- [Content = Searching directory [/Users/xk1020/IdeaProjects/Basic-Single-Module-SSJPA/target/classes/properties] for files matching pattern [/Users/xk1020/IdeaProjects/Basic-Single-Module-SSJPA/target/classes/properties/*.properties]]
[2018-07-02 21:44:16.569] -- [DEBUG] -- [main &gt;&gt;&gt;&gt; PathMatchingResourcePatternResolver.java:430 &gt;&gt;&gt;&gt; Method = findPathMatchingResources] -- [Content = Resolved location pattern [classpath*:properties/*.properties] to resources [file [/Users/xk1020/IdeaProjects/Basic-Single-Module-SSJPA/target/classes/properties/config.properties]]]
[2018-07-02 21:44:16.571] -- [DEBUG] -- [main &gt;&gt;&gt;&gt; AbstractAutowireCapableBeanFactory.java:484 &gt;&gt;&gt;&gt; Method = createBean] -- [Content = Finished creating instance of bean &apos;org.springframework.context.support.PropertySourcesPlaceholderConfigurer#0&apos;]
[2018-07-02 21:44:16.571] -- [DEBUG] -- [main &gt;&gt;&gt;&gt; MutablePropertySources.java:109 &gt;&gt;&gt;&gt; Method = addLast] -- [Content = Adding [environmentProperties] PropertySource with lowest search precedence]
[2018-07-02 21:44:16.572] -- [INFO] -- [main &gt;&gt;&gt;&gt; PropertiesLoaderSupport.java:172 &gt;&gt;&gt;&gt; Method = loadProperties] -- [Content = Loading properties file from file [/Users/xk1020/IdeaProjects/Basic-Single-Module-SSJPA/target/classes/properties/config.properties]]
[2018-07-02 21:44:16.572] -- [DEBUG] -- [main &gt;&gt;&gt;&gt; MutablePropertySources.java:109 &gt;&gt;&gt;&gt; Method = addLast] -- [Content = Adding [localProperties] PropertySource with lowest search precedence]
[2018-07-02 21:44:16.577] -- [TRACE] -- [main &gt;&gt;&gt;&gt; PropertySourcesPropertyResolver.java:76 &gt;&gt;&gt;&gt; Method = getProperty] -- [Content = getProperty(&quot;data_source_url&quot;, String)]
[2018-07-02 21:44:16.578] -- [DEBUG] -- [main &gt;&gt;&gt;&gt; PropertySourcesPropertyResolver.java:81 &gt;&gt;&gt;&gt; Method = getProperty] -- [Content = Searching for key &apos;data_source_url&apos; in [environmentProperties]]
[2018-07-02 21:44:16.578] -- [TRACE] -- [main &gt;&gt;&gt;&gt; PropertySourcesPropertyResolver.java:76 &gt;&gt;&gt;&gt; Method = getProperty] -- [Content = getProperty(&quot;data_source_url&quot;, String)]
[2018-07-02 21:44:16.578] -- [DEBUG] -- [main &gt;&gt;&gt;&gt; PropertySourcesPropertyResolver.java:81 &gt;&gt;&gt;&gt; Method = getProperty] -- [Content = Searching for key &apos;data_source_url&apos; in [systemProperties]]
[2018-07-02 21:44:16.579] -- [DEBUG] -- [main &gt;&gt;&gt;&gt; PropertySourcesPropertyResolver.java:81 &gt;&gt;&gt;&gt; Method = getProperty] -- [Content = Searching for key &apos;data_source_url&apos; in [systemEnvironment]]
[2018-07-02 21:44:16.579] -- [DEBUG] -- [main &gt;&gt;&gt;&gt; PropertySourcesPropertyResolver.java:103 &gt;&gt;&gt;&gt; Method = getProperty] -- [Content = Could not find key &apos;data_source_url&apos; in any property source. Returning [null]]
[2018-07-02 21:44:16.579] -- [DEBUG] -- [main &gt;&gt;&gt;&gt; PropertySourcesPropertyResolver.java:81 &gt;&gt;&gt;&gt; Method = getProperty] -- [Content = Searching for key &apos;data_source_url&apos; in [localProperties]]
[2018-07-02 21:44:16.580] -- [DEBUG] -- [main &gt;&gt;&gt;&gt; PropertySourcesPropertyResolver.java:90 &gt;&gt;&gt;&gt; Method = getProperty] -- [Content = Found key &apos;data_source_url&apos; in [localProperties] with type [String] and value &apos;jdbc:mysql://localhost:3306/ssm?useUnicode=true&amp;characterEncoding=utf-8&amp;autoReconnect=true&amp;allowMultiQueries=true&apos;]
[2018-07-02 21:44:16.581] -- [TRACE] -- [main &gt;&gt;&gt;&gt; PropertyPlaceholderHelper.java:165 &gt;&gt;&gt;&gt; Method = parseStringValue] -- [Content = Resolved placeholder &apos;data_source_url&apos;]
[2018-07-02 21:44:16.582] -- [TRACE] -- [main &gt;&gt;&gt;&gt; PropertySourcesPropertyResolver.java:76 &gt;&gt;&gt;&gt; Method = getProperty] -- [Content = getProperty(&quot;data_source_username&quot;, String)]
[2018-07-02 21:44:16.582] -- [DEBUG] -- [main &gt;&gt;&gt;&gt; PropertySourcesPropertyResolver.java:81 &gt;&gt;&gt;&gt; Method = getProperty] -- [Content = Searching for key &apos;data_source_username&apos; in [environmentProperties]]
[2018-07-02 21:44:16.582] -- [TRACE] -- [main &gt;&gt;&gt;&gt; PropertySourcesPropertyResolver.java:76 &gt;&gt;&gt;&gt; Method = getProperty] -- [Content = getProperty(&quot;data_source_username&quot;, String)]
[2018-07-02 21:44:16.583] -- [DEBUG] -- [main &gt;&gt;&gt;&gt; PropertySourcesPropertyResolver.java:81 &gt;&gt;&gt;&gt; Method = getProperty] -- [Content = Searching for key &apos;data_source_username&apos; in [systemProperties]]
[2018-07-02 21:44:16.583] -- [DEBUG] -- [main &gt;&gt;&gt;&gt; PropertySourcesPropertyResolver.java:81 &gt;&gt;&gt;&gt; Method = getProperty] -- [Content = Searching for key &apos;data_source_username&apos; in [systemEnvironment]]
[2018-07-02 21:44:16.583] -- [DEBUG] -- [main &gt;&gt;&gt;&gt; PropertySourcesPropertyResolver.java:103 &gt;&gt;&gt;&gt; Method = getProperty] -- [Content = Could not find key &apos;data_source_username&apos; in any property source. Returning [null]]
[2018-07-02 21:44:16.583] -- [DEBUG] -- [main &gt;&gt;&gt;&gt; PropertySourcesPropertyResolver.java:81 &gt;&gt;&gt;&gt; Method = getProperty] -- [Content = Searching for key &apos;data_source_username&apos; in [localProperties]]
[2018-07-02 21:44:16.584] -- [DEBUG] -- [main &gt;&gt;&gt;&gt; PropertySourcesPropertyResolver.java:90 &gt;&gt;&gt;&gt; Method = getProperty] -- [Content = Found key &apos;data_source_username&apos; in [localProperties] with type [String] and value &apos;root &apos;]
[2018-07-02 21:44:16.584] -- [TRACE] -- [main &gt;&gt;&gt;&gt; PropertyPlaceholderHelper.java:165 &gt;&gt;&gt;&gt; Method = parseStringValue] -- [Content = Resolved placeholder &apos;data_source_username&apos;]
[2018-07-02 21:44:16.584] -- [TRACE] -- [main &gt;&gt;&gt;&gt; PropertySourcesPropertyResolver.java:76 &gt;&gt;&gt;&gt; Method = getProperty] -- [Content = getProperty(&quot;data_source_password&quot;, String)]
[2018-07-02 21:44:16.584] -- [DEBUG] -- [main &gt;&gt;&gt;&gt; PropertySourcesPropertyResolver.java:81 &gt;&gt;&gt;&gt; Method = getProperty] -- [Content = Searching for key &apos;data_source_password&apos; in [environmentProperties]]
[2018-07-02 21:44:16.585] -- [TRACE] -- [main &gt;&gt;&gt;&gt; PropertySourcesPropertyResolver.java:76 &gt;&gt;&gt;&gt; Method = getProperty] -- [Content = getProperty(&quot;data_source_password&quot;, String)]
[2018-07-02 21:44:16.586] -- [DEBUG] -- [main &gt;&gt;&gt;&gt; PropertySourcesPropertyResolver.java:81 &gt;&gt;&gt;&gt; Method = getProperty] -- [Content = Searching for key &apos;data_source_password&apos; in [systemProperties]]
[2018-07-02 21:44:16.587] -- [DEBUG] -- [main &gt;&gt;&gt;&gt; PropertySourcesPropertyResolver.java:81 &gt;&gt;&gt;&gt; Method = getProperty] -- [Content = Searching for key &apos;data_source_password&apos; in [systemEnvironment]]
[2018-07-02 21:44:16.588] -- [DEBUG] -- [main &gt;&gt;&gt;&gt; PropertySourcesPropertyResolver.java:103 &gt;&gt;&gt;&gt; Method = getProperty] -- [Content = Could not find key &apos;data_source_password&apos; in any property source. Returning [null]]
[2018-07-02 21:44:16.588] -- [DEBUG] -- [main &gt;&gt;&gt;&gt; PropertySourcesPropertyResolver.java:81 &gt;&gt;&gt;&gt; Method = getProperty] -- [Content = Searching for key &apos;data_source_password&apos; in [localProperties]]
[2018-07-02 21:44:16.588] -- [DEBUG] -- [main &gt;&gt;&gt;&gt; PropertySourcesPropertyResolver.java:90 &gt;&gt;&gt;&gt; Method = getProperty] -- [Content = Found key &apos;data_source_password&apos; in [localProperties] with type [String] and value &apos;123456&apos;]
[2018-07-02 21:44:16.588] -- [TRACE] -- [main &gt;&gt;&gt;&gt; PropertyPlaceholderHelper.java:165 &gt;&gt;&gt;&gt; Method = parseStringValue] -- [Content = Resolved placeholder &apos;data_source_password&apos;]
[2018-07-02 21:44:16.589] -- [TRACE] -- [main &gt;&gt;&gt;&gt; PropertySourcesPropertyResolver.java:76 &gt;&gt;&gt;&gt; Method = getProperty] -- [Content = getProperty(&quot;validation_query&quot;, String)]
[2018-07-02 21:44:16.589] -- [DEBUG] -- [main &gt;&gt;&gt;&gt; PropertySourcesPropertyResolver.java:81 &gt;&gt;&gt;&gt; Method = getProperty] -- [Content = Searching for key &apos;validation_query&apos; in [environmentProperties]]
[2018-07-02 21:44:16.590] -- [TRACE] -- [main &gt;&gt;&gt;&gt; PropertySourcesPropertyResolver.java:76 &gt;&gt;&gt;&gt; Method = getProperty] -- [Content = getProperty(&quot;validation_query&quot;, String)]
[2018-07-02 21:44:16.591] -- [DEBUG] -- [main &gt;&gt;&gt;&gt; PropertySourcesPropertyResolver.java:81 &gt;&gt;&gt;&gt; Method = getProperty] -- [Content = Searching for key &apos;validation_query&apos; in [systemProperties]]
[2018-07-02 21:44:16.591] -- [DEBUG] -- [main &gt;&gt;&gt;&gt; PropertySourcesPropertyResolver.java:81 &gt;&gt;&gt;&gt; Method = getProperty] -- [Content = Searching for key &apos;validation_query&apos; in [systemEnvironment]]
[2018-07-02 21:44:16.592] -- [DEBUG] -- [main &gt;&gt;&gt;&gt; PropertySourcesPropertyResolver.java:103 &gt;&gt;&gt;&gt; Method = getProperty] -- [Content = Could not find key &apos;validation_query&apos; in any property source. Returning [null]]
[2018-07-02 21:44:16.593] -- [DEBUG] -- [main &gt;&gt;&gt;&gt; PropertySourcesPropertyResolver.java:81 &gt;&gt;&gt;&gt; Method = getProperty] -- [Content = Searching for key &apos;validation_query&apos; in [localProperties]]
[2018-07-02 21:44:16.593] -- [DEBUG] -- [main &gt;&gt;&gt;&gt; PropertySourcesPropertyResolver.java:90 &gt;&gt;&gt;&gt; Method = getProperty] -- [Content = Found key &apos;validation_query&apos; in [localProperties] with type [String] and value &apos;SELECT 1&apos;]
[2018-07-02 21:44:16.594] -- [TRACE] -- [main &gt;&gt;&gt;&gt; PropertyPlaceholderHelper.java:165 &gt;&gt;&gt;&gt; Method = parseStringValue] -- [Content = Resolved placeholder &apos;validation_query&apos;]
[2018-07-02 21:44:16.596] -- [DEBUG] -- [main &gt;&gt;&gt;&gt; DefaultSingletonBeanRegistry.java:221 &gt;&gt;&gt;&gt; Method = getSingleton] -- [Content = Creating shared instance of singleton bean &apos;emBeanDefinitionRegistrarPostProcessor&apos;]
[2018-07-02 21:44:16.597] -- [DEBUG] -- [main &gt;&gt;&gt;&gt; AbstractAutowireCapableBeanFactory.java:448 &gt;&gt;&gt;&gt; Method = createBean] -- [Content = Creating instance of bean &apos;emBeanDefinitionRegistrarPostProcessor&apos;]
[2018-07-02 21:44:16.597] -- [DEBUG] -- [main &gt;&gt;&gt;&gt; AbstractAutowireCapableBeanFactory.java:529 &gt;&gt;&gt;&gt; Method = doCreateBean] -- [Content = Eagerly caching bean &apos;emBeanDefinitionRegistrarPostProcessor&apos; to allow for resolving potential circular references]
[2018-07-02 21:44:16.597] -- [DEBUG] -- [main &gt;&gt;&gt;&gt; AbstractAutowireCapableBeanFactory.java:484 &gt;&gt;&gt;&gt; Method = createBean] -- [Content = Finished creating instance of bean &apos;emBeanDefinitionRegistrarPostProcessor&apos;]
[2018-07-02 21:44:16.605] -- [DEBUG] -- [main &gt;&gt;&gt;&gt; DefaultSingletonBeanRegistry.java:221 &gt;&gt;&gt;&gt; Method = getSingleton] -- [Content = Creating shared instance of singleton bean &apos;org.springframework.context.annotation.internalAutowiredAnnotationProcessor&apos;]
[2018-07-02 21:44:16.605] -- [DEBUG] -- [main &gt;&gt;&gt;&gt; AbstractAutowireCapableBeanFactory.java:448 &gt;&gt;&gt;&gt; Method = createBean] -- [Content = Creating instance of bean &apos;org.springframework.context.annotation.internalAutowiredAnnotationProcessor&apos;]
[2018-07-02 21:44:16.606] -- [INFO] -- [main &gt;&gt;&gt;&gt; AutowiredAnnotationBeanPostProcessor.java:153 &gt;&gt;&gt;&gt; Method = &lt;init&gt;] -- [Content = JSR-330 &apos;javax.inject.Inject&apos; annotation found and supported for autowiring]
[2018-07-02 21:44:16.607] -- [DEBUG] -- [main &gt;&gt;&gt;&gt; AbstractAutowireCapableBeanFactory.java:529 &gt;&gt;&gt;&gt; Method = doCreateBean] -- [Content = Eagerly caching bean &apos;org.springframework.context.annotation.internalAutowiredAnnotationProcessor&apos; to allow for resolving potential circular references]
[2018-07-02 21:44:16.607] -- [DEBUG] -- [main &gt;&gt;&gt;&gt; AbstractAutowireCapableBeanFactory.java:484 &gt;&gt;&gt;&gt; Method = createBean] -- [Content = Finished creating instance of bean &apos;org.springframework.context.annotation.internalAutowiredAnnotationProcessor&apos;]
[2018-07-02 21:44:16.607] -- [DEBUG] -- [main &gt;&gt;&gt;&gt; DefaultSingletonBeanRegistry.java:221 &gt;&gt;&gt;&gt; Method = getSingleton] -- [Content = Creating shared instance of singleton bean &apos;org.springframework.context.annotation.internalRequiredAnnotationProcessor&apos;]
[2018-07-02 21:44:16.608] -- [DEBUG] -- [main &gt;&gt;&gt;&gt; AbstractAutowireCapableBeanFactory.java:448 &gt;&gt;&gt;&gt; Method = createBean] -- [Content = Creating instance of bean &apos;org.springframework.context.annotation.internalRequiredAnnotationProcessor&apos;]
[2018-07-02 21:44:16.608] -- [DEBUG] -- [main &gt;&gt;&gt;&gt; AbstractAutowireCapableBeanFactory.java:529 &gt;&gt;&gt;&gt; Method = doCreateBean] -- [Content = Eagerly caching bean &apos;org.springframework.context.annotation.internalRequiredAnnotationProcessor&apos; to allow for resolving potential circular references]
[2018-07-02 21:44:16.608] -- [DEBUG] -- [main &gt;&gt;&gt;&gt; AbstractAutowireCapableBeanFactory.java:484 &gt;&gt;&gt;&gt; Method = createBean] -- [Content = Finished creating instance of bean &apos;org.springframework.context.annotation.internalRequiredAnnotationProcessor&apos;]
[2018-07-02 21:44:16.609] -- [DEBUG] -- [main &gt;&gt;&gt;&gt; DefaultSingletonBeanRegistry.java:221 &gt;&gt;&gt;&gt; Method = getSingleton] -- [Content = Creating shared instance of singleton bean &apos;org.springframework.context.annotation.internalCommonAnnotationProcessor&apos;]
[2018-07-02 21:44:16.609] -- [DEBUG] -- [main &gt;&gt;&gt;&gt; AbstractAutowireCapableBeanFactory.java:448 &gt;&gt;&gt;&gt; Method = createBean] -- [Content = Creating instance of bean &apos;org.springframework.context.annotation.internalCommonAnnotationProcessor&apos;]
[2018-07-02 21:44:16.614] -- [DEBUG] -- [main &gt;&gt;&gt;&gt; AbstractAutowireCapableBeanFactory.java:529 &gt;&gt;&gt;&gt; Method = doCreateBean] -- [Content = Eagerly caching bean &apos;org.springframework.context.annotation.internalCommonAnnotationProcessor&apos; to allow for resolving potential circular references]
[2018-07-02 21:44:16.614] -- [DEBUG] -- [main &gt;&gt;&gt;&gt; AbstractAutowireCapableBeanFactory.java:484 &gt;&gt;&gt;&gt; Method = createBean] -- [Content = Finished creating instance of bean &apos;org.springframework.context.annotation.internalCommonAnnotationProcessor&apos;]
[2018-07-02 21:44:16.618] -- [DEBUG] -- [main &gt;&gt;&gt;&gt; DefaultSingletonBeanRegistry.java:221 &gt;&gt;&gt;&gt; Method = getSingleton] -- [Content = Creating shared instance of singleton bean &apos;org.springframework.context.annotation.internalPersistenceAnnotationProcessor&apos;]
[2018-07-02 21:44:16.619] -- [DEBUG] -- [main &gt;&gt;&gt;&gt; AbstractAutowireCapableBeanFactory.java:448 &gt;&gt;&gt;&gt; Method = createBean] -- [Content = Creating instance of bean &apos;org.springframework.context.annotation.internalPersistenceAnnotationProcessor&apos;]
[2018-07-02 21:44:16.619] -- [DEBUG] -- [main &gt;&gt;&gt;&gt; AbstractAutowireCapableBeanFactory.java:529 &gt;&gt;&gt;&gt; Method = doCreateBean] -- [Content = Eagerly caching bean &apos;org.springframework.context.annotation.internalPersistenceAnnotationProcessor&apos; to allow for resolving potential circular references]
[2018-07-02 21:44:16.620] -- [DEBUG] -- [main &gt;&gt;&gt;&gt; AbstractAutowireCapableBeanFactory.java:484 &gt;&gt;&gt;&gt; Method = createBean] -- [Content = Finished creating instance of bean &apos;org.springframework.context.annotation.internalPersistenceAnnotationProcessor&apos;]
[2018-07-02 21:44:16.620] -- [DEBUG] -- [main &gt;&gt;&gt;&gt; DefaultSingletonBeanRegistry.java:221 &gt;&gt;&gt;&gt; Method = getSingleton] -- [Content = Creating shared instance of singleton bean &apos;org.springframework.data.repository.core.support.RepositoryFactoryBeanSupport_Predictor&apos;]
[2018-07-02 21:44:16.620] -- [DEBUG] -- [main &gt;&gt;&gt;&gt; AbstractAutowireCapableBeanFactory.java:448 &gt;&gt;&gt;&gt; Method = createBean] -- [Content = Creating instance of bean &apos;org.springframework.data.repository.core.support.RepositoryFactoryBeanSupport_Predictor&apos;]
[2018-07-02 21:44:16.629] -- [TRACE] -- [main &gt;&gt;&gt;&gt; TypeConverterDelegate.java:434 &gt;&gt;&gt;&gt; Method = doConvertValue] -- [Content = Converting String to [class java.lang.Class] using property editor [org.springframework.beans.propertyeditors.ClassEditor@5c7bfdc1]]
[2018-07-02 21:44:16.636] -- [TRACE] -- [main &gt;&gt;&gt;&gt; TypeConverterDelegate.java:434 &gt;&gt;&gt;&gt; Method = doConvertValue] -- [Content = Converting String to [class [Ljava.lang.String;] using property editor [org.springframework.beans.propertyeditors.StringArrayPropertyEditor@37313c65]]
[2018-07-02 21:44:16.638] -- [DEBUG] -- [main &gt;&gt;&gt;&gt; AbstractAutowireCapableBeanFactory.java:529 &gt;&gt;&gt;&gt; Method = doCreateBean] -- [Content = Eagerly caching bean &apos;org.springframework.data.repository.core.support.RepositoryFactoryBeanSupport_Predictor&apos; to allow for resolving potential circular references]
[2018-07-02 21:44:16.639] -- [DEBUG] -- [main &gt;&gt;&gt;&gt; AbstractAutowireCapableBeanFactory.java:484 &gt;&gt;&gt;&gt; Method = createBean] -- [Content = Finished creating instance of bean &apos;org.springframework.data.repository.core.support.RepositoryFactoryBeanSupport_Predictor&apos;]
[2018-07-02 21:44:16.639] -- [DEBUG] -- [main &gt;&gt;&gt;&gt; DefaultSingletonBeanRegistry.java:221 &gt;&gt;&gt;&gt; Method = getSingleton] -- [Content = Creating shared instance of singleton bean &apos;org.springframework.context.annotation.ConfigurationClassPostProcessor.importAwareProcessor&apos;]
[2018-07-02 21:44:16.639] -- [DEBUG] -- [main &gt;&gt;&gt;&gt; AbstractAutowireCapableBeanFactory.java:448 &gt;&gt;&gt;&gt; Method = createBean] -- [Content = Creating instance of bean &apos;org.springframework.context.annotation.ConfigurationClassPostProcessor.importAwareProcessor&apos;]
[2018-07-02 21:44:16.640] -- [DEBUG] -- [main &gt;&gt;&gt;&gt; AbstractAutowireCapableBeanFactory.java:529 &gt;&gt;&gt;&gt; Method = doCreateBean] -- [Content = Eagerly caching bean &apos;org.springframework.context.annotation.ConfigurationClassPostProcessor.importAwareProcessor&apos; to allow for resolving potential circular references]
[2018-07-02 21:44:16.640] -- [DEBUG] -- [main &gt;&gt;&gt;&gt; AbstractAutowireCapableBeanFactory.java:484 &gt;&gt;&gt;&gt; Method = createBean] -- [Content = Finished creating instance of bean &apos;org.springframework.context.annotation.ConfigurationClassPostProcessor.importAwareProcessor&apos;]
[2018-07-02 21:44:16.641] -- [DEBUG] -- [main &gt;&gt;&gt;&gt; DefaultSingletonBeanRegistry.java:221 &gt;&gt;&gt;&gt; Method = getSingleton] -- [Content = Creating shared instance of singleton bean &apos;org.springframework.context.annotation.ConfigurationClassPostProcessor.enhancedConfigurationProcessor&apos;]
[2018-07-02 21:44:16.642] -- [DEBUG] -- [main &gt;&gt;&gt;&gt; AbstractAutowireCapableBeanFactory.java:448 &gt;&gt;&gt;&gt; Method = createBean] -- [Content = Creating instance of bean &apos;org.springframework.context.annotation.ConfigurationClassPostProcessor.enhancedConfigurationProcessor&apos;]
[2018-07-02 21:44:16.642] -- [DEBUG] -- [main &gt;&gt;&gt;&gt; AbstractAutowireCapableBeanFactory.java:529 &gt;&gt;&gt;&gt; Method = doCreateBean] -- [Content = Eagerly caching bean &apos;org.springframework.context.annotation.ConfigurationClassPostProcessor.enhancedConfigurationProcessor&apos; to allow for resolving potential circular references]
[2018-07-02 21:44:16.642] -- [DEBUG] -- [main &gt;&gt;&gt;&gt; AbstractAutowireCapableBeanFactory.java:484 &gt;&gt;&gt;&gt; Method = createBean] -- [Content = Finished creating instance of bean &apos;org.springframework.context.annotation.ConfigurationClassPostProcessor.enhancedConfigurationProcessor&apos;]
[2018-07-02 21:44:16.642] -- [DEBUG] -- [main &gt;&gt;&gt;&gt; DefaultSingletonBeanRegistry.java:221 &gt;&gt;&gt;&gt; Method = getSingleton] -- [Content = Creating shared instance of singleton bean &apos;org.springframework.aop.config.internalAutoProxyCreator&apos;]
[2018-07-02 21:44:16.643] -- [DEBUG] -- [main &gt;&gt;&gt;&gt; AbstractAutowireCapableBeanFactory.java:448 &gt;&gt;&gt;&gt; Method = createBean] -- [Content = Creating instance of bean &apos;org.springframework.aop.config.internalAutoProxyCreator&apos;]
[2018-07-02 21:44:16.655] -- [DEBUG] -- [main &gt;&gt;&gt;&gt; AbstractAutowireCapableBeanFactory.java:529 &gt;&gt;&gt;&gt; Method = doCreateBean] -- [Content = Eagerly caching bean &apos;org.springframework.aop.config.internalAutoProxyCreator&apos; to allow for resolving potential circular references]
[2018-07-02 21:44:16.655] -- [TRACE] -- [main &gt;&gt;&gt;&gt; CachedIntrospectionResults.java:265 &gt;&gt;&gt;&gt; Method = &lt;init&gt;] -- [Content = Getting BeanInfo for class [org.springframework.aop.aspectj.autoproxy.AspectJAwareAdvisorAutoProxyCreator]]
[2018-07-02 21:44:16.664] -- [TRACE] -- [main &gt;&gt;&gt;&gt; CachedIntrospectionResults.java:284 &gt;&gt;&gt;&gt; Method = &lt;init&gt;] -- [Content = Caching PropertyDescriptors for class [org.springframework.aop.aspectj.autoproxy.AspectJAwareAdvisorAutoProxyCreator]]
[2018-07-02 21:44:16.664] -- [TRACE] -- [main &gt;&gt;&gt;&gt; CachedIntrospectionResults.java:297 &gt;&gt;&gt;&gt; Method = &lt;init&gt;] -- [Content = Found bean property &apos;advisorAdapterRegistry&apos; of type [org.springframework.aop.framework.adapter.AdvisorAdapterRegistry]]
[2018-07-02 21:44:16.664] -- [TRACE] -- [main &gt;&gt;&gt;&gt; CachedIntrospectionResults.java:297 &gt;&gt;&gt;&gt; Method = &lt;init&gt;] -- [Content = Found bean property &apos;applyCommonInterceptorsFirst&apos; of type [boolean]]
[2018-07-02 21:44:16.664] -- [TRACE] -- [main &gt;&gt;&gt;&gt; CachedIntrospectionResults.java:297 &gt;&gt;&gt;&gt; Method = &lt;init&gt;] -- [Content = Found bean property &apos;beanClassLoader&apos; of type [java.lang.ClassLoader]]
[2018-07-02 21:44:16.665] -- [TRACE] -- [main &gt;&gt;&gt;&gt; CachedIntrospectionResults.java:297 &gt;&gt;&gt;&gt; Method = &lt;init&gt;] -- [Content = Found bean property &apos;beanFactory&apos; of type [org.springframework.beans.factory.BeanFactory]]
[2018-07-02 21:44:16.665] -- [TRACE] -- [main &gt;&gt;&gt;&gt; CachedIntrospectionResults.java:297 &gt;&gt;&gt;&gt; Method = &lt;init&gt;] -- [Content = Found bean property &apos;class&apos; of type [java.lang.Class]]
[2018-07-02 21:44:16.665] -- [TRACE] -- [main &gt;&gt;&gt;&gt; CachedIntrospectionResults.java:297 &gt;&gt;&gt;&gt; Method = &lt;init&gt;] -- [Content = Found bean property &apos;customTargetSourceCreators&apos; of type [[Lorg.springframework.aop.framework.autoproxy.TargetSourceCreator;]]
[2018-07-02 21:44:16.665] -- [TRACE] -- [main &gt;&gt;&gt;&gt; CachedIntrospectionResults.java:297 &gt;&gt;&gt;&gt; Method = &lt;init&gt;] -- [Content = Found bean property &apos;exposeProxy&apos; of type [boolean]]
[2018-07-02 21:44:16.666] -- [TRACE] -- [main &gt;&gt;&gt;&gt; CachedIntrospectionResults.java:297 &gt;&gt;&gt;&gt; Method = &lt;init&gt;] -- [Content = Found bean property &apos;frozen&apos; of type [boolean]]
[2018-07-02 21:44:16.666] -- [TRACE] -- [main &gt;&gt;&gt;&gt; CachedIntrospectionResults.java:297 &gt;&gt;&gt;&gt; Method = &lt;init&gt;] -- [Content = Found bean property &apos;interceptorNames&apos; of type [[Ljava.lang.String;]]
[2018-07-02 21:44:16.666] -- [TRACE] -- [main &gt;&gt;&gt;&gt; CachedIntrospectionResults.java:297 &gt;&gt;&gt;&gt; Method = &lt;init&gt;] -- [Content = Found bean property &apos;opaque&apos; of type [boolean]]
[2018-07-02 21:44:16.666] -- [TRACE] -- [main &gt;&gt;&gt;&gt; CachedIntrospectionResults.java:297 &gt;&gt;&gt;&gt; Method = &lt;init&gt;] -- [Content = Found bean property &apos;optimize&apos; of type [boolean]]
[2018-07-02 21:44:16.667] -- [TRACE] -- [main &gt;&gt;&gt;&gt; CachedIntrospectionResults.java:297 &gt;&gt;&gt;&gt; Method = &lt;init&gt;] -- [Content = Found bean property &apos;order&apos; of type [int]]
[2018-07-02 21:44:16.667] -- [TRACE] -- [main &gt;&gt;&gt;&gt; CachedIntrospectionResults.java:297 &gt;&gt;&gt;&gt; Method = &lt;init&gt;] -- [Content = Found bean property &apos;proxyClassLoader&apos; of type [java.lang.ClassLoader]]
[2018-07-02 21:44:16.667] -- [TRACE] -- [main &gt;&gt;&gt;&gt; CachedIntrospectionResults.java:297 &gt;&gt;&gt;&gt; Method = &lt;init&gt;] -- [Content = Found bean property &apos;proxyTargetClass&apos; of type [boolean]]
[2018-07-02 21:44:16.669] -- [DEBUG] -- [main &gt;&gt;&gt;&gt; AbstractAutowireCapableBeanFactory.java:484 &gt;&gt;&gt;&gt; Method = createBean] -- [Content = Finished creating instance of bean &apos;org.springframework.aop.config.internalAutoProxyCreator&apos;]
[2018-07-02 21:44:16.672] -- [DEBUG] -- [main &gt;&gt;&gt;&gt; AbstractApplicationContext.java:718 &gt;&gt;&gt;&gt; Method = initMessageSource] -- [Content = Unable to locate MessageSource with name &apos;messageSource&apos;: using default [org.springframework.context.support.DelegatingMessageSource@7f2cfe3f]]
[2018-07-02 21:44:16.673] -- [DEBUG] -- [main &gt;&gt;&gt;&gt; AbstractApplicationContext.java:742 &gt;&gt;&gt;&gt; Method = initApplicationEventMulticaster] -- [Content = Unable to locate ApplicationEventMulticaster with name &apos;applicationEventMulticaster&apos;: using default [org.springframework.context.event.SimpleApplicationEventMulticaster@61710c6]]
[2018-07-02 21:44:16.674] -- [DEBUG] -- [main &gt;&gt;&gt;&gt; DefaultSingletonBeanRegistry.java:221 &gt;&gt;&gt;&gt; Method = getSingleton] -- [Content = Creating shared instance of singleton bean &apos;entityManagerFactory&apos;]
[2018-07-02 21:44:16.674] -- [DEBUG] -- [main &gt;&gt;&gt;&gt; AbstractAutowireCapableBeanFactory.java:448 &gt;&gt;&gt;&gt; Method = createBean] -- [Content = Creating instance of bean &apos;entityManagerFactory&apos;]
[2018-07-02 21:44:16.675] -- [DEBUG] -- [main &gt;&gt;&gt;&gt; DefaultSingletonBeanRegistry.java:221 &gt;&gt;&gt;&gt; Method = getSingleton] -- [Content = Creating shared instance of singleton bean &apos;org.springframework.aop.support.DefaultBeanFactoryPointcutAdvisor#0&apos;]
[2018-07-02 21:44:16.675] -- [DEBUG] -- [main &gt;&gt;&gt;&gt; AbstractAutowireCapableBeanFactory.java:448 &gt;&gt;&gt;&gt; Method = createBean] -- [Content = Creating instance of bean &apos;org.springframework.aop.support.DefaultBeanFactoryPointcutAdvisor#0&apos;]
[2018-07-02 21:44:16.675] -- [TRACE] -- [main &gt;&gt;&gt;&gt; AbstractAutoProxyCreator.java:376 &gt;&gt;&gt;&gt; Method = isInfrastructureClass] -- [Content = Did not attempt to auto-proxy infrastructure class [org.springframework.aop.support.DefaultBeanFactoryPointcutAdvisor]]
[2018-07-02 21:44:16.676] -- [DEBUG] -- [main &gt;&gt;&gt;&gt; AbstractAutowireCapableBeanFactory.java:529 &gt;&gt;&gt;&gt; Method = doCreateBean] -- [Content = Eagerly caching bean &apos;org.springframework.aop.support.DefaultBeanFactoryPointcutAdvisor#0&apos; to allow for resolving potential circular references]
[2018-07-02 21:44:16.677] -- [TRACE] -- [main &gt;&gt;&gt;&gt; CachedIntrospectionResults.java:265 &gt;&gt;&gt;&gt; Method = &lt;init&gt;] -- [Content = Getting BeanInfo for class [org.springframework.aop.support.DefaultBeanFactoryPointcutAdvisor]]
[2018-07-02 21:44:16.679] -- [TRACE] -- [main &gt;&gt;&gt;&gt; CachedIntrospectionResults.java:284 &gt;&gt;&gt;&gt; Method = &lt;init&gt;] -- [Content = Caching PropertyDescriptors for class [org.springframework.aop.support.DefaultBeanFactoryPointcutAdvisor]]
[2018-07-02 21:44:16.679] -- [TRACE] -- [main &gt;&gt;&gt;&gt; CachedIntrospectionResults.java:297 &gt;&gt;&gt;&gt; Method = &lt;init&gt;] -- [Content = Found bean property &apos;advice&apos; of type [org.aopalliance.aop.Advice]]
[2018-07-02 21:44:16.679] -- [TRACE] -- [main &gt;&gt;&gt;&gt; CachedIntrospectionResults.java:297 &gt;&gt;&gt;&gt; Method = &lt;init&gt;] -- [Content = Found bean property &apos;adviceBeanName&apos; of type [java.lang.String]]
[2018-07-02 21:44:16.679] -- [TRACE] -- [main &gt;&gt;&gt;&gt; CachedIntrospectionResults.java:297 &gt;&gt;&gt;&gt; Method = &lt;init&gt;] -- [Content = Found bean property &apos;beanFactory&apos; of type [org.springframework.beans.factory.BeanFactory]]
[2018-07-02 21:44:16.680] -- [TRACE] -- [main &gt;&gt;&gt;&gt; CachedIntrospectionResults.java:297 &gt;&gt;&gt;&gt; Method = &lt;init&gt;] -- [Content = Found bean property &apos;class&apos; of type [java.lang.Class]]
[2018-07-02 21:44:16.680] -- [TRACE] -- [main &gt;&gt;&gt;&gt; CachedIntrospectionResults.java:297 &gt;&gt;&gt;&gt; Method = &lt;init&gt;] -- [Content = Found bean property &apos;order&apos; of type [int]]
[2018-07-02 21:44:16.680] -- [TRACE] -- [main &gt;&gt;&gt;&gt; CachedIntrospectionResults.java:297 &gt;&gt;&gt;&gt; Method = &lt;init&gt;] -- [Content = Found bean property &apos;perInstance&apos; of type [boolean]]
[2018-07-02 21:44:16.680] -- [TRACE] -- [main &gt;&gt;&gt;&gt; CachedIntrospectionResults.java:297 &gt;&gt;&gt;&gt; Method = &lt;init&gt;] -- [Content = Found bean property &apos;pointcut&apos; of type [org.springframework.aop.Pointcut]]
[2018-07-02 21:44:16.681] -- [DEBUG] -- [main &gt;&gt;&gt;&gt; AbstractAutowireCapableBeanFactory.java:448 &gt;&gt;&gt;&gt; Method = createBean] -- [Content = Creating instance of bean &apos;druid-stat-pointcut&apos;]
[2018-07-02 21:44:16.681] -- [DEBUG] -- [main &gt;&gt;&gt;&gt; BeanFactoryAdvisorRetrievalHelper.java:87 &gt;&gt;&gt;&gt; Method = findAdvisorBeans] -- [Content = Skipping currently created advisor &apos;org.springframework.aop.support.DefaultBeanFactoryPointcutAdvisor#0&apos;]
[2018-07-02 21:44:16.681] -- [DEBUG] -- [main &gt;&gt;&gt;&gt; DefaultSingletonBeanRegistry.java:221 &gt;&gt;&gt;&gt; Method = getSingleton] -- [Content = Creating shared instance of singleton bean &apos;org.springframework.aop.support.DefaultBeanFactoryPointcutAdvisor#1&apos;]
[2018-07-02 21:44:16.681] -- [DEBUG] -- [main &gt;&gt;&gt;&gt; AbstractAutowireCapableBeanFactory.java:448 &gt;&gt;&gt;&gt; Method = createBean] -- [Content = Creating instance of bean &apos;org.springframework.aop.support.DefaultBeanFactoryPointcutAdvisor#1&apos;]
[2018-07-02 21:44:16.681] -- [TRACE] -- [main &gt;&gt;&gt;&gt; AbstractAutoProxyCreator.java:376 &gt;&gt;&gt;&gt; Method = isInfrastructureClass] -- [Content = Did not attempt to auto-proxy infrastructure class [org.springframework.aop.support.DefaultBeanFactoryPointcutAdvisor]]
[2018-07-02 21:44:16.682] -- [DEBUG] -- [main &gt;&gt;&gt;&gt; AbstractAutowireCapableBeanFactory.java:529 &gt;&gt;&gt;&gt; Method = doCreateBean] -- [Content = Eagerly caching bean &apos;org.springframework.aop.support.DefaultBeanFactoryPointcutAdvisor#1&apos; to allow for resolving potential circular references]
[2018-07-02 21:44:16.682] -- [DEBUG] -- [main &gt;&gt;&gt;&gt; AbstractAutowireCapableBeanFactory.java:448 &gt;&gt;&gt;&gt; Method = createBean] -- [Content = Creating instance of bean &apos;transactionPointcut&apos;]
[2018-07-02 21:44:16.684] -- [TRACE] -- [main &gt;&gt;&gt;&gt; CachedIntrospectionResults.java:265 &gt;&gt;&gt;&gt; Method = &lt;init&gt;] -- [Content = Getting BeanInfo for class [org.springframework.aop.aspectj.AspectJExpressionPointcut]]
[2018-07-02 21:44:16.686] -- [TRACE] -- [main &gt;&gt;&gt;&gt; CachedIntrospectionResults.java:284 &gt;&gt;&gt;&gt; Method = &lt;init&gt;] -- [Content = Caching PropertyDescriptors for class [org.springframework.aop.aspectj.AspectJExpressionPointcut]]
[2018-07-02 21:44:16.686] -- [TRACE] -- [main &gt;&gt;&gt;&gt; CachedIntrospectionResults.java:297 &gt;&gt;&gt;&gt; Method = &lt;init&gt;] -- [Content = Found bean property &apos;beanFactory&apos; of type [org.springframework.beans.factory.BeanFactory]]
[2018-07-02 21:44:16.686] -- [TRACE] -- [main &gt;&gt;&gt;&gt; CachedIntrospectionResults.java:297 &gt;&gt;&gt;&gt; Method = &lt;init&gt;] -- [Content = Found bean property &apos;class&apos; of type [java.lang.Class]]
[2018-07-02 21:44:16.686] -- [TRACE] -- [main &gt;&gt;&gt;&gt; CachedIntrospectionResults.java:297 &gt;&gt;&gt;&gt; Method = &lt;init&gt;] -- [Content = Found bean property &apos;classFilter&apos; of type [org.springframework.aop.ClassFilter]]
[2018-07-02 21:44:16.687] -- [TRACE] -- [main &gt;&gt;&gt;&gt; CachedIntrospectionResults.java:297 &gt;&gt;&gt;&gt; Method = &lt;init&gt;] -- [Content = Found bean property &apos;expression&apos; of type [java.lang.String]]
[2018-07-02 21:44:16.687] -- [TRACE] -- [main &gt;&gt;&gt;&gt; CachedIntrospectionResults.java:297 &gt;&gt;&gt;&gt; Method = &lt;init&gt;] -- [Content = Found bean property &apos;location&apos; of type [java.lang.String]]
[2018-07-02 21:44:16.687] -- [TRACE] -- [main &gt;&gt;&gt;&gt; CachedIntrospectionResults.java:297 &gt;&gt;&gt;&gt; Method = &lt;init&gt;] -- [Content = Found bean property &apos;methodMatcher&apos; of type [org.springframework.aop.MethodMatcher]]
[2018-07-02 21:44:16.687] -- [TRACE] -- [main &gt;&gt;&gt;&gt; CachedIntrospectionResults.java:297 &gt;&gt;&gt;&gt; Method = &lt;init&gt;] -- [Content = Found bean property &apos;parameterNames&apos; of type [[Ljava.lang.String;]]
[2018-07-02 21:44:16.687] -- [TRACE] -- [main &gt;&gt;&gt;&gt; CachedIntrospectionResults.java:297 &gt;&gt;&gt;&gt; Method = &lt;init&gt;] -- [Content = Found bean property &apos;parameterTypes&apos; of type [[Ljava.lang.Class;]]
[2018-07-02 21:44:16.688] -- [TRACE] -- [main &gt;&gt;&gt;&gt; CachedIntrospectionResults.java:297 &gt;&gt;&gt;&gt; Method = &lt;init&gt;] -- [Content = Found bean property &apos;pointcutDeclarationScope&apos; of type [java.lang.Class]]
[2018-07-02 21:44:16.689] -- [TRACE] -- [main &gt;&gt;&gt;&gt; CachedIntrospectionResults.java:297 &gt;&gt;&gt;&gt; Method = &lt;init&gt;] -- [Content = Found bean property &apos;pointcutExpression&apos; of type [org.aspectj.weaver.tools.PointcutExpression]]
[2018-07-02 21:44:16.689] -- [TRACE] -- [main &gt;&gt;&gt;&gt; CachedIntrospectionResults.java:297 &gt;&gt;&gt;&gt; Method = &lt;init&gt;] -- [Content = Found bean property &apos;runtime&apos; of type [boolean]]
[2018-07-02 21:44:16.689] -- [DEBUG] -- [main &gt;&gt;&gt;&gt; AbstractAutowireCapableBeanFactory.java:484 &gt;&gt;&gt;&gt; Method = createBean] -- [Content = Finished creating instance of bean &apos;transactionPointcut&apos;]
[2018-07-02 21:44:16.690] -- [DEBUG] -- [main &gt;&gt;&gt;&gt; AbstractAutowireCapableBeanFactory.java:484 &gt;&gt;&gt;&gt; Method = createBean] -- [Content = Finished creating instance of bean &apos;org.springframework.aop.support.DefaultBeanFactoryPointcutAdvisor#1&apos;]
[2018-07-02 21:44:16.691] -- [TRACE] -- [main &gt;&gt;&gt;&gt; CachedIntrospectionResults.java:265 &gt;&gt;&gt;&gt; Method = &lt;init&gt;] -- [Content = Getting BeanInfo for class [org.springframework.aop.support.JdkRegexpMethodPointcut]]
[2018-07-02 21:44:16.695] -- [TRACE] -- [main &gt;&gt;&gt;&gt; CachedIntrospectionResults.java:284 &gt;&gt;&gt;&gt; Method = &lt;init&gt;] -- [Content = Caching PropertyDescriptors for class [org.springframework.aop.support.JdkRegexpMethodPointcut]]
[2018-07-02 21:44:16.695] -- [TRACE] -- [main &gt;&gt;&gt;&gt; CachedIntrospectionResults.java:297 &gt;&gt;&gt;&gt; Method = &lt;init&gt;] -- [Content = Found bean property &apos;class&apos; of type [java.lang.Class]]
[2018-07-02 21:44:16.695] -- [TRACE] -- [main &gt;&gt;&gt;&gt; CachedIntrospectionResults.java:297 &gt;&gt;&gt;&gt; Method = &lt;init&gt;] -- [Content = Found bean property &apos;classFilter&apos; of type [org.springframework.aop.ClassFilter]]
[2018-07-02 21:44:16.696] -- [TRACE] -- [main &gt;&gt;&gt;&gt; CachedIntrospectionResults.java:297 &gt;&gt;&gt;&gt; Method = &lt;init&gt;] -- [Content = Found bean property &apos;excludedPattern&apos; of type [java.lang.String]]
[2018-07-02 21:44:16.696] -- [TRACE] -- [main &gt;&gt;&gt;&gt; CachedIntrospectionResults.java:297 &gt;&gt;&gt;&gt; Method = &lt;init&gt;] -- [Content = Found bean property &apos;excludedPatterns&apos; of type [[Ljava.lang.String;]]
[2018-07-02 21:44:16.696] -- [TRACE] -- [main &gt;&gt;&gt;&gt; CachedIntrospectionResults.java:297 &gt;&gt;&gt;&gt; Method = &lt;init&gt;] -- [Content = Found bean property &apos;methodMatcher&apos; of type [org.springframework.aop.MethodMatcher]]
[2018-07-02 21:44:16.696] -- [TRACE] -- [main &gt;&gt;&gt;&gt; CachedIntrospectionResults.java:297 &gt;&gt;&gt;&gt; Method = &lt;init&gt;] -- [Content = Found bean property &apos;pattern&apos; of type [java.lang.String]]
[2018-07-02 21:44:16.696] -- [TRACE] -- [main &gt;&gt;&gt;&gt; CachedIntrospectionResults.java:297 &gt;&gt;&gt;&gt; Method = &lt;init&gt;] -- [Content = Found bean property &apos;patterns&apos; of type [[Ljava.lang.String;]]
[2018-07-02 21:44:16.697] -- [TRACE] -- [main &gt;&gt;&gt;&gt; CachedIntrospectionResults.java:297 &gt;&gt;&gt;&gt; Method = &lt;init&gt;] -- [Content = Found bean property &apos;runtime&apos; of type [boolean]]
[2018-07-02 21:44:16.698] -- [DEBUG] -- [main &gt;&gt;&gt;&gt; BeanFactoryAdvisorRetrievalHelper.java:87 &gt;&gt;&gt;&gt; Method = findAdvisorBeans] -- [Content = Skipping currently created advisor &apos;org.springframework.aop.support.DefaultBeanFactoryPointcutAdvisor#0&apos;]
[2018-07-02 21:44:16.698] -- [DEBUG] -- [main &gt;&gt;&gt;&gt; AbstractBeanFactory.java:251 &gt;&gt;&gt;&gt; Method = doGetBean] -- [Content = Returning cached instance of singleton bean &apos;org.springframework.aop.support.DefaultBeanFactoryPointcutAdvisor#1&apos;]
[2018-07-02 21:44:16.698] -- [DEBUG] -- [main &gt;&gt;&gt;&gt; BeanFactoryAdvisorRetrievalHelper.java:87 &gt;&gt;&gt;&gt; Method = findAdvisorBeans] -- [Content = Skipping currently created advisor &apos;org.springframework.aop.support.DefaultBeanFactoryPointcutAdvisor#0&apos;]
[2018-07-02 21:44:16.698] -- [DEBUG] -- [main &gt;&gt;&gt;&gt; AbstractBeanFactory.java:251 &gt;&gt;&gt;&gt; Method = doGetBean] -- [Content = Returning cached instance of singleton bean &apos;org.springframework.aop.support.DefaultBeanFactoryPointcutAdvisor#1&apos;]
[2018-07-02 21:44:16.802] -- [DEBUG] -- [main &gt;&gt;&gt;&gt; AbstractAutowireCapableBeanFactory.java:484 &gt;&gt;&gt;&gt; Method = createBean] -- [Content = Finished creating instance of bean &apos;druid-stat-pointcut&apos;]
[2018-07-02 21:44:16.802] -- [DEBUG] -- [main &gt;&gt;&gt;&gt; AbstractAutowireCapableBeanFactory.java:484 &gt;&gt;&gt;&gt; Method = createBean] -- [Content = Finished creating instance of bean &apos;org.springframework.aop.support.DefaultBeanFactoryPointcutAdvisor#0&apos;]
[2018-07-02 21:44:16.802] -- [DEBUG] -- [main &gt;&gt;&gt;&gt; AbstractBeanFactory.java:251 &gt;&gt;&gt;&gt; Method = doGetBean] -- [Content = Returning cached instance of singleton bean &apos;org.springframework.aop.support.DefaultBeanFactoryPointcutAdvisor#1&apos;]
[2018-07-02 21:44:16.821] -- [DEBUG] -- [main &gt;&gt;&gt;&gt; AbstractAutowireCapableBeanFactory.java:529 &gt;&gt;&gt;&gt; Method = doCreateBean] -- [Content = Eagerly caching bean &apos;entityManagerFactory&apos; to allow for resolving potential circular references]
[2018-07-02 21:44:16.822] -- [TRACE] -- [main &gt;&gt;&gt;&gt; CachedIntrospectionResults.java:265 &gt;&gt;&gt;&gt; Method = &lt;init&gt;] -- [Content = Getting BeanInfo for class [org.springframework.orm.jpa.LocalContainerEntityManagerFactoryBean]]
[2018-07-02 21:44:16.826] -- [TRACE] -- [main &gt;&gt;&gt;&gt; CachedIntrospectionResults.java:284 &gt;&gt;&gt;&gt; Method = &lt;init&gt;] -- [Content = Caching PropertyDescriptors for class [org.springframework.orm.jpa.LocalContainerEntityManagerFactoryBean]]
[2018-07-02 21:44:16.826] -- [TRACE] -- [main &gt;&gt;&gt;&gt; CachedIntrospectionResults.java:297 &gt;&gt;&gt;&gt; Method = &lt;init&gt;] -- [Content = Found bean property &apos;beanClassLoader&apos; of type [java.lang.ClassLoader]]
[2018-07-02 21:44:16.836] -- [TRACE] -- [main &gt;&gt;&gt;&gt; CachedIntrospectionResults.java:297 &gt;&gt;&gt;&gt; Method = &lt;init&gt;] -- [Content = Found bean property &apos;beanFactory&apos; of type [org.springframework.beans.factory.BeanFactory]]
[2018-07-02 21:44:16.836] -- [TRACE] -- [main &gt;&gt;&gt;&gt; CachedIntrospectionResults.java:297 &gt;&gt;&gt;&gt; Method = &lt;init&gt;] -- [Content = Found bean property &apos;beanName&apos; of type [java.lang.String]]
[2018-07-02 21:44:16.836] -- [TRACE] -- [main &gt;&gt;&gt;&gt; CachedIntrospectionResults.java:297 &gt;&gt;&gt;&gt; Method = &lt;init&gt;] -- [Content = Found bean property &apos;class&apos; of type [java.lang.Class]]
[2018-07-02 21:44:16.837] -- [TRACE] -- [main &gt;&gt;&gt;&gt; CachedIntrospectionResults.java:297 &gt;&gt;&gt;&gt; Method = &lt;init&gt;] -- [Content = Found bean property &apos;dataSource&apos; of type [javax.sql.DataSource]]
[2018-07-02 21:44:16.837] -- [TRACE] -- [main &gt;&gt;&gt;&gt; CachedIntrospectionResults.java:297 &gt;&gt;&gt;&gt; Method = &lt;init&gt;] -- [Content = Found bean property &apos;entityManagerFactoryInterface&apos; of type [java.lang.Class]]
[2018-07-02 21:44:16.838] -- [TRACE] -- [main &gt;&gt;&gt;&gt; CachedIntrospectionResults.java:297 &gt;&gt;&gt;&gt; Method = &lt;init&gt;] -- [Content = Found bean property &apos;entityManagerInterface&apos; of type [java.lang.Class]]
[2018-07-02 21:44:16.838] -- [TRACE] -- [main &gt;&gt;&gt;&gt; CachedIntrospectionResults.java:297 &gt;&gt;&gt;&gt; Method = &lt;init&gt;] -- [Content = Found bean property &apos;jpaDialect&apos; of type [org.springframework.orm.jpa.JpaDialect]]
[2018-07-02 21:44:16.838] -- [TRACE] -- [main &gt;&gt;&gt;&gt; CachedIntrospectionResults.java:297 &gt;&gt;&gt;&gt; Method = &lt;init&gt;] -- [Content = Found bean property &apos;jpaProperties&apos; of type [java.util.Properties]]
[2018-07-02 21:44:16.838] -- [TRACE] -- [main &gt;&gt;&gt;&gt; CachedIntrospectionResults.java:297 &gt;&gt;&gt;&gt; Method = &lt;init&gt;] -- [Content = Found bean property &apos;jpaPropertyMap&apos; of type [java.util.Map]]
[2018-07-02 21:44:16.838] -- [TRACE] -- [main &gt;&gt;&gt;&gt; CachedIntrospectionResults.java:297 &gt;&gt;&gt;&gt; Method = &lt;init&gt;] -- [Content = Found bean property &apos;jpaVendorAdapter&apos; of type [org.springframework.orm.jpa.JpaVendorAdapter]]
[2018-07-02 21:44:16.839] -- [TRACE] -- [main &gt;&gt;&gt;&gt; CachedIntrospectionResults.java:297 &gt;&gt;&gt;&gt; Method = &lt;init&gt;] -- [Content = Found bean property &apos;jtaDataSource&apos; of type [javax.sql.DataSource]]
[2018-07-02 21:44:16.839] -- [TRACE] -- [main &gt;&gt;&gt;&gt; CachedIntrospectionResults.java:297 &gt;&gt;&gt;&gt; Method = &lt;init&gt;] -- [Content = Found bean property &apos;loadTimeWeaver&apos; of type [org.springframework.instrument.classloading.LoadTimeWeaver]]
[2018-07-02 21:44:16.839] -- [TRACE] -- [main &gt;&gt;&gt;&gt; CachedIntrospectionResults.java:297 &gt;&gt;&gt;&gt; Method = &lt;init&gt;] -- [Content = Found bean property &apos;mappingResources&apos; of type [[Ljava.lang.String;]]
[2018-07-02 21:44:16.839] -- [TRACE] -- [main &gt;&gt;&gt;&gt; CachedIntrospectionResults.java:297 &gt;&gt;&gt;&gt; Method = &lt;init&gt;] -- [Content = Found bean property &apos;nativeEntityManagerFactory&apos; of type [javax.persistence.EntityManagerFactory]]
[2018-07-02 21:44:16.840] -- [TRACE] -- [main &gt;&gt;&gt;&gt; CachedIntrospectionResults.java:297 &gt;&gt;&gt;&gt; Method = &lt;init&gt;] -- [Content = Found bean property &apos;object&apos; of type [javax.persistence.EntityManagerFactory]]
[2018-07-02 21:44:16.840] -- [TRACE] -- [main &gt;&gt;&gt;&gt; CachedIntrospectionResults.java:297 &gt;&gt;&gt;&gt; Method = &lt;init&gt;] -- [Content = Found bean property &apos;objectType&apos; of type [java.lang.Class]]
[2018-07-02 21:44:16.840] -- [TRACE] -- [main &gt;&gt;&gt;&gt; CachedIntrospectionResults.java:297 &gt;&gt;&gt;&gt; Method = &lt;init&gt;] -- [Content = Found bean property &apos;packagesToScan&apos; of type [[Ljava.lang.String;]]
[2018-07-02 21:44:16.840] -- [TRACE] -- [main &gt;&gt;&gt;&gt; CachedIntrospectionResults.java:297 &gt;&gt;&gt;&gt; Method = &lt;init&gt;] -- [Content = Found bean property &apos;persistenceProvider&apos; of type [javax.persistence.spi.PersistenceProvider]]
[2018-07-02 21:44:16.840] -- [TRACE] -- [main &gt;&gt;&gt;&gt; CachedIntrospectionResults.java:297 &gt;&gt;&gt;&gt; Method = &lt;init&gt;] -- [Content = Found bean property &apos;persistenceProviderClass&apos; of type [java.lang.Class]]
[2018-07-02 21:44:16.841] -- [TRACE] -- [main &gt;&gt;&gt;&gt; CachedIntrospectionResults.java:297 &gt;&gt;&gt;&gt; Method = &lt;init&gt;] -- [Content = Found bean property &apos;persistenceUnitInfo&apos; of type [javax.persistence.spi.PersistenceUnitInfo]]
[2018-07-02 21:44:16.841] -- [TRACE] -- [main &gt;&gt;&gt;&gt; CachedIntrospectionResults.java:297 &gt;&gt;&gt;&gt; Method = &lt;init&gt;] -- [Content = Found bean property &apos;persistenceUnitManager&apos; of type [org.springframework.orm.jpa.persistenceunit.PersistenceUnitManager]]
[2018-07-02 21:44:16.841] -- [TRACE] -- [main &gt;&gt;&gt;&gt; CachedIntrospectionResults.java:297 &gt;&gt;&gt;&gt; Method = &lt;init&gt;] -- [Content = Found bean property &apos;persistenceUnitName&apos; of type [java.lang.String]]
[2018-07-02 21:44:16.841] -- [TRACE] -- [main &gt;&gt;&gt;&gt; CachedIntrospectionResults.java:297 &gt;&gt;&gt;&gt; Method = &lt;init&gt;] -- [Content = Found bean property &apos;persistenceUnitPostProcessors&apos; of type [[Lorg.springframework.orm.jpa.persistenceunit.PersistenceUnitPostProcessor;]]
[2018-07-02 21:44:16.841] -- [TRACE] -- [main &gt;&gt;&gt;&gt; CachedIntrospectionResults.java:297 &gt;&gt;&gt;&gt; Method = &lt;init&gt;] -- [Content = Found bean property &apos;persistenceXmlLocation&apos; of type [java.lang.String]]
[2018-07-02 21:44:16.842] -- [TRACE] -- [main &gt;&gt;&gt;&gt; CachedIntrospectionResults.java:297 &gt;&gt;&gt;&gt; Method = &lt;init&gt;] -- [Content = Found bean property &apos;resourceLoader&apos; of type [org.springframework.core.io.ResourceLoader]]
[2018-07-02 21:44:16.843] -- [TRACE] -- [main &gt;&gt;&gt;&gt; CachedIntrospectionResults.java:297 &gt;&gt;&gt;&gt; Method = &lt;init&gt;] -- [Content = Found bean property &apos;sharedCacheMode&apos; of type [javax.persistence.SharedCacheMode]]
[2018-07-02 21:44:16.843] -- [TRACE] -- [main &gt;&gt;&gt;&gt; CachedIntrospectionResults.java:297 &gt;&gt;&gt;&gt; Method = &lt;init&gt;] -- [Content = Found bean property &apos;singleton&apos; of type [boolean]]
[2018-07-02 21:44:16.843] -- [TRACE] -- [main &gt;&gt;&gt;&gt; CachedIntrospectionResults.java:297 &gt;&gt;&gt;&gt; Method = &lt;init&gt;] -- [Content = Found bean property &apos;validationMode&apos; of type [javax.persistence.ValidationMode]]
[2018-07-02 21:44:16.846] -- [DEBUG] -- [main &gt;&gt;&gt;&gt; DefaultSingletonBeanRegistry.java:221 &gt;&gt;&gt;&gt; Method = getSingleton] -- [Content = Creating shared instance of singleton bean &apos;dataSource&apos;]
[2018-07-02 21:44:16.846] -- [DEBUG] -- [main &gt;&gt;&gt;&gt; AbstractAutowireCapableBeanFactory.java:448 &gt;&gt;&gt;&gt; Method = createBean] -- [Content = Creating instance of bean &apos;dataSource&apos;]
[2018-07-02 21:44:16.846] -- [DEBUG] -- [main &gt;&gt;&gt;&gt; AbstractBeanFactory.java:251 &gt;&gt;&gt;&gt; Method = doGetBean] -- [Content = Returning cached instance of singleton bean &apos;org.springframework.aop.support.DefaultBeanFactoryPointcutAdvisor#0&apos;]
[2018-07-02 21:44:16.846] -- [DEBUG] -- [main &gt;&gt;&gt;&gt; AbstractBeanFactory.java:251 &gt;&gt;&gt;&gt; Method = doGetBean] -- [Content = Returning cached instance of singleton bean &apos;org.springframework.aop.support.DefaultBeanFactoryPointcutAdvisor#1&apos;]
[2018-07-02 21:44:16.878] -- [DEBUG] -- [main &gt;&gt;&gt;&gt; AbstractAutowireCapableBeanFactory.java:529 &gt;&gt;&gt;&gt; Method = doCreateBean] -- [Content = Eagerly caching bean &apos;dataSource&apos; to allow for resolving potential circular references]
[2018-07-02 21:44:16.878] -- [TRACE] -- [main &gt;&gt;&gt;&gt; CachedIntrospectionResults.java:265 &gt;&gt;&gt;&gt; Method = &lt;init&gt;] -- [Content = Getting BeanInfo for class [com.alibaba.druid.pool.DruidDataSource]]
[2018-07-02 21:44:16.889] -- [TRACE] -- [main &gt;&gt;&gt;&gt; CachedIntrospectionResults.java:284 &gt;&gt;&gt;&gt; Method = &lt;init&gt;] -- [Content = Caching PropertyDescriptors for class [com.alibaba.druid.pool.DruidDataSource]]
[2018-07-02 21:44:16.889] -- [TRACE] -- [main &gt;&gt;&gt;&gt; CachedIntrospectionResults.java:297 &gt;&gt;&gt;&gt; Method = &lt;init&gt;] -- [Content = Found bean property &apos;ID&apos; of type [long]]
[2018-07-02 21:44:16.889] -- [TRACE] -- [main &gt;&gt;&gt;&gt; CachedIntrospectionResults.java:297 &gt;&gt;&gt;&gt; Method = &lt;init&gt;] -- [Content = Found bean property &apos;accessToUnderlyingConnectionAllowed&apos; of type [boolean]]
[2018-07-02 21:44:16.889] -- [TRACE] -- [main &gt;&gt;&gt;&gt; CachedIntrospectionResults.java:297 &gt;&gt;&gt;&gt; Method = &lt;init&gt;] -- [Content = Found bean property &apos;activeConnectionStackTrace&apos; of type [java.util.List]]
[2018-07-02 21:44:16.890] -- [TRACE] -- [main &gt;&gt;&gt;&gt; CachedIntrospectionResults.java:297 &gt;&gt;&gt;&gt; Method = &lt;init&gt;] -- [Content = Found bean property &apos;activeConnections&apos; of type [java.util.Set]]
[2018-07-02 21:44:16.890] -- [TRACE] -- [main &gt;&gt;&gt;&gt; CachedIntrospectionResults.java:297 &gt;&gt;&gt;&gt; Method = &lt;init&gt;] -- [Content = Found bean property &apos;activeCount&apos; of type [int]]
[2018-07-02 21:44:16.890] -- [TRACE] -- [main &gt;&gt;&gt;&gt; CachedIntrospectionResults.java:297 &gt;&gt;&gt;&gt; Method = &lt;init&gt;] -- [Content = Found bean property &apos;activePeak&apos; of type [int]]
[2018-07-02 21:44:16.890] -- [TRACE] -- [main &gt;&gt;&gt;&gt; CachedIntrospectionResults.java:297 &gt;&gt;&gt;&gt; Method = &lt;init&gt;] -- [Content = Found bean property &apos;activePeakTime&apos; of type [java.util.Date]]
[2018-07-02 21:44:16.890] -- [TRACE] -- [main &gt;&gt;&gt;&gt; CachedIntrospectionResults.java:297 &gt;&gt;&gt;&gt; Method = &lt;init&gt;] -- [Content = Found bean property &apos;breakAfterAcquireFailure&apos; of type [boolean]]
[2018-07-02 21:44:16.890] -- [TRACE] -- [main &gt;&gt;&gt;&gt; CachedIntrospectionResults.java:297 &gt;&gt;&gt;&gt; Method = &lt;init&gt;] -- [Content = Found bean property &apos;cachedPreparedStatementAccessCount&apos; of type [long]]
[2018-07-02 21:44:16.891] -- [TRACE] -- [main &gt;&gt;&gt;&gt; CachedIntrospectionResults.java:297 &gt;&gt;&gt;&gt; Method = &lt;init&gt;] -- [Content = Found bean property &apos;cachedPreparedStatementCount&apos; of type [long]]
[2018-07-02 21:44:16.891] -- [TRACE] -- [main &gt;&gt;&gt;&gt; CachedIntrospectionResults.java:297 &gt;&gt;&gt;&gt; Method = &lt;init&gt;] -- [Content = Found bean property &apos;cachedPreparedStatementDeleteCount&apos; of type [long]]
[2018-07-02 21:44:16.891] -- [TRACE] -- [main &gt;&gt;&gt;&gt; CachedIntrospectionResults.java:297 &gt;&gt;&gt;&gt; Method = &lt;init&gt;] -- [Content = Found bean property &apos;cachedPreparedStatementHitCount&apos; of type [long]]
[2018-07-02 21:44:16.891] -- [TRACE] -- [main &gt;&gt;&gt;&gt; CachedIntrospectionResults.java:297 &gt;&gt;&gt;&gt; Method = &lt;init&gt;] -- [Content = Found bean property &apos;cachedPreparedStatementMissCount&apos; of type [long]]
[2018-07-02 21:44:16.891] -- [TRACE] -- [main &gt;&gt;&gt;&gt; CachedIntrospectionResults.java:297 &gt;&gt;&gt;&gt; Method = &lt;init&gt;] -- [Content = Found bean property &apos;class&apos; of type [java.lang.Class]]
[2018-07-02 21:44:16.891] -- [TRACE] -- [main &gt;&gt;&gt;&gt; CachedIntrospectionResults.java:297 &gt;&gt;&gt;&gt; Method = &lt;init&gt;] -- [Content = Found bean property &apos;clearFiltersEnable&apos; of type [boolean]]
[2018-07-02 21:44:16.892] -- [TRACE] -- [main &gt;&gt;&gt;&gt; CachedIntrospectionResults.java:297 &gt;&gt;&gt;&gt; Method = &lt;init&gt;] -- [Content = Found bean property &apos;closeCount&apos; of type [long]]
[2018-07-02 21:44:16.892] -- [TRACE] -- [main &gt;&gt;&gt;&gt; CachedIntrospectionResults.java:297 &gt;&gt;&gt;&gt; Method = &lt;init&gt;] -- [Content = Found bean property &apos;closedPreparedStatementCount&apos; of type [long]]
[2018-07-02 21:44:16.892] -- [TRACE] -- [main &gt;&gt;&gt;&gt; CachedIntrospectionResults.java:297 &gt;&gt;&gt;&gt; Method = &lt;init&gt;] -- [Content = Found bean property &apos;commitCount&apos; of type [long]]
[2018-07-02 21:44:16.892] -- [TRACE] -- [main &gt;&gt;&gt;&gt; CachedIntrospectionResults.java:297 &gt;&gt;&gt;&gt; Method = &lt;init&gt;] -- [Content = Found bean property &apos;compositeData&apos; of type [javax.management.openmbean.CompositeDataSupport]]
[2018-07-02 21:44:16.892] -- [TRACE] -- [main &gt;&gt;&gt;&gt; CachedIntrospectionResults.java:297 &gt;&gt;&gt;&gt; Method = &lt;init&gt;] -- [Content = Found bean property &apos;connectCount&apos; of type [long]]
[2018-07-02 21:44:16.892] -- [TRACE] -- [main &gt;&gt;&gt;&gt; CachedIntrospectionResults.java:297 &gt;&gt;&gt;&gt; Method = &lt;init&gt;] -- [Content = Found bean property &apos;connectErrorCount&apos; of type [long]]
[2018-07-02 21:44:16.893] -- [TRACE] -- [main &gt;&gt;&gt;&gt; CachedIntrospectionResults.java:297 &gt;&gt;&gt;&gt; Method = &lt;init&gt;] -- [Content = Found bean property &apos;connectProperties&apos; of type [java.util.Properties]]
[2018-07-02 21:44:16.893] -- [TRACE] -- [main &gt;&gt;&gt;&gt; CachedIntrospectionResults.java:297 &gt;&gt;&gt;&gt; Method = &lt;init&gt;] -- [Content = Found bean property &apos;connection&apos; of type [com.alibaba.druid.pool.DruidPooledConnection]]
[2018-07-02 21:44:16.893] -- [TRACE] -- [main &gt;&gt;&gt;&gt; CachedIntrospectionResults.java:297 &gt;&gt;&gt;&gt; Method = &lt;init&gt;] -- [Content = Found bean property &apos;connectionErrorRetryAttempts&apos; of type [int]]
[2018-07-02 21:44:16.893] -- [TRACE] -- [main &gt;&gt;&gt;&gt; CachedIntrospectionResults.java:297 &gt;&gt;&gt;&gt; Method = &lt;init&gt;] -- [Content = Found bean property &apos;connectionInitSqls&apos; of type [java.util.Collection]]
[2018-07-02 21:44:16.893] -- [TRACE] -- [main &gt;&gt;&gt;&gt; CachedIntrospectionResults.java:297 &gt;&gt;&gt;&gt; Method = &lt;init&gt;] -- [Content = Found bean property &apos;connectionProperties&apos; of type [java.lang.String]]
[2018-07-02 21:44:16.894] -- [TRACE] -- [main &gt;&gt;&gt;&gt; CachedIntrospectionResults.java:297 &gt;&gt;&gt;&gt; Method = &lt;init&gt;] -- [Content = Found bean property &apos;createCount&apos; of type [long]]
[2018-07-02 21:44:16.894] -- [TRACE] -- [main &gt;&gt;&gt;&gt; CachedIntrospectionResults.java:297 &gt;&gt;&gt;&gt; Method = &lt;init&gt;] -- [Content = Found bean property &apos;createErrorCount&apos; of type [long]]
[2018-07-02 21:44:16.894] -- [TRACE] -- [main &gt;&gt;&gt;&gt; CachedIntrospectionResults.java:297 &gt;&gt;&gt;&gt; Method = &lt;init&gt;] -- [Content = Found bean property &apos;createTimespanMillis&apos; of type [long]]
[2018-07-02 21:44:16.894] -- [TRACE] -- [main &gt;&gt;&gt;&gt; CachedIntrospectionResults.java:297 &gt;&gt;&gt;&gt; Method = &lt;init&gt;] -- [Content = Found bean property &apos;createTimespanNano&apos; of type [long]]
[2018-07-02 21:44:16.894] -- [TRACE] -- [main &gt;&gt;&gt;&gt; CachedIntrospectionResults.java:297 &gt;&gt;&gt;&gt; Method = &lt;init&gt;] -- [Content = Found bean property &apos;createdTime&apos; of type [java.util.Date]]
[2018-07-02 21:44:16.895] -- [TRACE] -- [main &gt;&gt;&gt;&gt; CachedIntrospectionResults.java:297 &gt;&gt;&gt;&gt; Method = &lt;init&gt;] -- [Content = Found bean property &apos;dataSourceStat&apos; of type [com.alibaba.druid.stat.JdbcDataSourceStat]]
[2018-07-02 21:44:16.895] -- [TRACE] -- [main &gt;&gt;&gt;&gt; CachedIntrospectionResults.java:297 &gt;&gt;&gt;&gt; Method = &lt;init&gt;] -- [Content = Found bean property &apos;dbType&apos; of type [java.lang.String]]
[2018-07-02 21:44:16.895] -- [TRACE] -- [main &gt;&gt;&gt;&gt; CachedIntrospectionResults.java:297 &gt;&gt;&gt;&gt; Method = &lt;init&gt;] -- [Content = Found bean property &apos;defaultAutoCommit&apos; of type [boolean]]
[2018-07-02 21:44:16.895] -- [TRACE] -- [main &gt;&gt;&gt;&gt; CachedIntrospectionResults.java:297 &gt;&gt;&gt;&gt; Method = &lt;init&gt;] -- [Content = Found bean property &apos;defaultCatalog&apos; of type [java.lang.String]]
[2018-07-02 21:44:16.895] -- [TRACE] -- [main &gt;&gt;&gt;&gt; CachedIntrospectionResults.java:297 &gt;&gt;&gt;&gt; Method = &lt;init&gt;] -- [Content = Found bean property &apos;defaultReadOnly&apos; of type [java.lang.Boolean]]
[2018-07-02 21:44:16.896] -- [TRACE] -- [main &gt;&gt;&gt;&gt; CachedIntrospectionResults.java:297 &gt;&gt;&gt;&gt; Method = &lt;init&gt;] -- [Content = Found bean property &apos;defaultTransactionIsolation&apos; of type [java.lang.Integer]]
[2018-07-02 21:44:16.896] -- [TRACE] -- [main &gt;&gt;&gt;&gt; CachedIntrospectionResults.java:297 &gt;&gt;&gt;&gt; Method = &lt;init&gt;] -- [Content = Found bean property &apos;destroyCount&apos; of type [long]]
[2018-07-02 21:44:16.896] -- [TRACE] -- [main &gt;&gt;&gt;&gt; CachedIntrospectionResults.java:297 &gt;&gt;&gt;&gt; Method = &lt;init&gt;] -- [Content = Found bean property &apos;discardCount&apos; of type [long]]
[2018-07-02 21:44:16.896] -- [TRACE] -- [main &gt;&gt;&gt;&gt; CachedIntrospectionResults.java:297 &gt;&gt;&gt;&gt; Method = &lt;init&gt;] -- [Content = Found bean property &apos;driver&apos; of type [java.sql.Driver]]
[2018-07-02 21:44:16.896] -- [TRACE] -- [main &gt;&gt;&gt;&gt; CachedIntrospectionResults.java:297 &gt;&gt;&gt;&gt; Method = &lt;init&gt;] -- [Content = Found bean property &apos;driverClassLoader&apos; of type [java.lang.ClassLoader]]
[2018-07-02 21:44:16.897] -- [TRACE] -- [main &gt;&gt;&gt;&gt; CachedIntrospectionResults.java:297 &gt;&gt;&gt;&gt; Method = &lt;init&gt;] -- [Content = Found bean property &apos;driverClassName&apos; of type [java.lang.String]]
[2018-07-02 21:44:16.897] -- [TRACE] -- [main &gt;&gt;&gt;&gt; CachedIntrospectionResults.java:297 &gt;&gt;&gt;&gt; Method = &lt;init&gt;] -- [Content = Found bean property &apos;driverMajorVersion&apos; of type [int]]
[2018-07-02 21:44:16.897] -- [TRACE] -- [main &gt;&gt;&gt;&gt; CachedIntrospectionResults.java:297 &gt;&gt;&gt;&gt; Method = &lt;init&gt;] -- [Content = Found bean property &apos;driverMinorVersion&apos; of type [int]]
[2018-07-02 21:44:16.897] -- [TRACE] -- [main &gt;&gt;&gt;&gt; CachedIntrospectionResults.java:297 &gt;&gt;&gt;&gt; Method = &lt;init&gt;] -- [Content = Found bean property &apos;dupCloseCount&apos; of type [long]]
[2018-07-02 21:44:16.897] -- [TRACE] -- [main &gt;&gt;&gt;&gt; CachedIntrospectionResults.java:297 &gt;&gt;&gt;&gt; Method = &lt;init&gt;] -- [Content = Found bean property &apos;dupCloseLogEnable&apos; of type [boolean]]
[2018-07-02 21:44:16.898] -- [TRACE] -- [main &gt;&gt;&gt;&gt; CachedIntrospectionResults.java:297 &gt;&gt;&gt;&gt; Method = &lt;init&gt;] -- [Content = Found bean property &apos;enable&apos; of type [boolean]]
[2018-07-02 21:44:16.898] -- [TRACE] -- [main &gt;&gt;&gt;&gt; CachedIntrospectionResults.java:297 &gt;&gt;&gt;&gt; Method = &lt;init&gt;] -- [Content = Found bean property &apos;errorCount&apos; of type [long]]
[2018-07-02 21:44:16.898] -- [TRACE] -- [main &gt;&gt;&gt;&gt; CachedIntrospectionResults.java:297 &gt;&gt;&gt;&gt; Method = &lt;init&gt;] -- [Content = Found bean property &apos;exceptionSorter&apos; of type [com.alibaba.druid.pool.ExceptionSorter]]
[2018-07-02 21:44:16.898] -- [TRACE] -- [main &gt;&gt;&gt;&gt; CachedIntrospectionResults.java:297 &gt;&gt;&gt;&gt; Method = &lt;init&gt;] -- [Content = Found bean property &apos;exceptionSorterClassName&apos; of type [java.lang.String]]
[2018-07-02 21:44:16.898] -- [TRACE] -- [main &gt;&gt;&gt;&gt; CachedIntrospectionResults.java:297 &gt;&gt;&gt;&gt; Method = &lt;init&gt;] -- [Content = Found bean property &apos;executeCount&apos; of type [long]]
[2018-07-02 21:44:16.898] -- [TRACE] -- [main &gt;&gt;&gt;&gt; CachedIntrospectionResults.java:297 &gt;&gt;&gt;&gt; Method = &lt;init&gt;] -- [Content = Found bean property &apos;filterClassNames&apos; of type [java.util.List]]
[2018-07-02 21:44:16.899] -- [TRACE] -- [main &gt;&gt;&gt;&gt; CachedIntrospectionResults.java:297 &gt;&gt;&gt;&gt; Method = &lt;init&gt;] -- [Content = Found bean property &apos;filterClasses&apos; of type [[Ljava.lang.String;]]
[2018-07-02 21:44:16.899] -- [TRACE] -- [main &gt;&gt;&gt;&gt; CachedIntrospectionResults.java:297 &gt;&gt;&gt;&gt; Method = &lt;init&gt;] -- [Content = Found bean property &apos;filters&apos; of type [java.lang.String]]
[2018-07-02 21:44:16.899] -- [TRACE] -- [main &gt;&gt;&gt;&gt; CachedIntrospectionResults.java:297 &gt;&gt;&gt;&gt; Method = &lt;init&gt;] -- [Content = Found bean property &apos;initStackTrace&apos; of type [java.lang.String]]
[2018-07-02 21:44:16.899] -- [TRACE] -- [main &gt;&gt;&gt;&gt; CachedIntrospectionResults.java:297 &gt;&gt;&gt;&gt; Method = &lt;init&gt;] -- [Content = Found bean property &apos;inited&apos; of type [boolean]]
[2018-07-02 21:44:16.899] -- [TRACE] -- [main &gt;&gt;&gt;&gt; CachedIntrospectionResults.java:297 &gt;&gt;&gt;&gt; Method = &lt;init&gt;] -- [Content = Found bean property &apos;initialSize&apos; of type [int]]
[2018-07-02 21:44:16.900] -- [TRACE] -- [main &gt;&gt;&gt;&gt; CachedIntrospectionResults.java:297 &gt;&gt;&gt;&gt; Method = &lt;init&gt;] -- [Content = Found bean property &apos;lastCreateError&apos; of type [java.lang.Throwable]]
[2018-07-02 21:44:16.900] -- [TRACE] -- [main &gt;&gt;&gt;&gt; CachedIntrospectionResults.java:297 &gt;&gt;&gt;&gt; Method = &lt;init&gt;] -- [Content = Found bean property &apos;lastCreateErrorTime&apos; of type [java.util.Date]]
[2018-07-02 21:44:16.900] -- [TRACE] -- [main &gt;&gt;&gt;&gt; CachedIntrospectionResults.java:297 &gt;&gt;&gt;&gt; Method = &lt;init&gt;] -- [Content = Found bean property &apos;lastCreateErrorTimeMillis&apos; of type [long]]
[2018-07-02 21:44:16.900] -- [TRACE] -- [main &gt;&gt;&gt;&gt; CachedIntrospectionResults.java:297 &gt;&gt;&gt;&gt; Method = &lt;init&gt;] -- [Content = Found bean property &apos;lastError&apos; of type [java.lang.Throwable]]
[2018-07-02 21:44:16.900] -- [TRACE] -- [main &gt;&gt;&gt;&gt; CachedIntrospectionResults.java:297 &gt;&gt;&gt;&gt; Method = &lt;init&gt;] -- [Content = Found bean property &apos;lastErrorTime&apos; of type [java.util.Date]]
[2018-07-02 21:44:16.900] -- [TRACE] -- [main &gt;&gt;&gt;&gt; CachedIntrospectionResults.java:297 &gt;&gt;&gt;&gt; Method = &lt;init&gt;] -- [Content = Found bean property &apos;lastErrorTimeMillis&apos; of type [long]]
[2018-07-02 21:44:16.901] -- [TRACE] -- [main &gt;&gt;&gt;&gt; CachedIntrospectionResults.java:297 &gt;&gt;&gt;&gt; Method = &lt;init&gt;] -- [Content = Found bean property &apos;lock&apos; of type [java.util.concurrent.locks.Lock]]
[2018-07-02 21:44:16.901] -- [TRACE] -- [main &gt;&gt;&gt;&gt; CachedIntrospectionResults.java:297 &gt;&gt;&gt;&gt; Method = &lt;init&gt;] -- [Content = Found bean property &apos;lockQueueLength&apos; of type [int]]
[2018-07-02 21:44:16.901] -- [TRACE] -- [main &gt;&gt;&gt;&gt; CachedIntrospectionResults.java:297 &gt;&gt;&gt;&gt; Method = &lt;init&gt;] -- [Content = Found bean property &apos;logAbandoned&apos; of type [boolean]]
[2018-07-02 21:44:16.901] -- [TRACE] -- [main &gt;&gt;&gt;&gt; CachedIntrospectionResults.java:297 &gt;&gt;&gt;&gt; Method = &lt;init&gt;] -- [Content = Found bean property &apos;logWriter&apos; of type [java.io.PrintWriter]]
[2018-07-02 21:44:16.901] -- [TRACE] -- [main &gt;&gt;&gt;&gt; CachedIntrospectionResults.java:297 &gt;&gt;&gt;&gt; Method = &lt;init&gt;] -- [Content = Found bean property &apos;loginTimeout&apos; of type [int]]
[2018-07-02 21:44:16.901] -- [TRACE] -- [main &gt;&gt;&gt;&gt; CachedIntrospectionResults.java:297 &gt;&gt;&gt;&gt; Method = &lt;init&gt;] -- [Content = Found bean property &apos;maxActive&apos; of type [int]]
[2018-07-02 21:44:16.902] -- [TRACE] -- [main &gt;&gt;&gt;&gt; CachedIntrospectionResults.java:297 &gt;&gt;&gt;&gt; Method = &lt;init&gt;] -- [Content = Found bean property &apos;maxIdle&apos; of type [int]]
[2018-07-02 21:44:16.902] -- [TRACE] -- [main &gt;&gt;&gt;&gt; CachedIntrospectionResults.java:297 &gt;&gt;&gt;&gt; Method = &lt;init&gt;] -- [Content = Found bean property &apos;maxOpenPreparedStatements&apos; of type [int]]
[2018-07-02 21:44:16.902] -- [TRACE] -- [main &gt;&gt;&gt;&gt; CachedIntrospectionResults.java:297 &gt;&gt;&gt;&gt; Method = &lt;init&gt;] -- [Content = Found bean property &apos;maxPoolPreparedStatementPerConnectionSize&apos; of type [int]]
[2018-07-02 21:44:16.902] -- [TRACE] -- [main &gt;&gt;&gt;&gt; CachedIntrospectionResults.java:297 &gt;&gt;&gt;&gt; Method = &lt;init&gt;] -- [Content = Found bean property &apos;maxWait&apos; of type [long]]
[2018-07-02 21:44:16.902] -- [TRACE] -- [main &gt;&gt;&gt;&gt; CachedIntrospectionResults.java:297 &gt;&gt;&gt;&gt; Method = &lt;init&gt;] -- [Content = Found bean property &apos;maxWaitThreadCount&apos; of type [int]]
[2018-07-02 21:44:16.903] -- [TRACE] -- [main &gt;&gt;&gt;&gt; CachedIntrospectionResults.java:297 &gt;&gt;&gt;&gt; Method = &lt;init&gt;] -- [Content = Found bean property &apos;mbeanRegistered&apos; of type [boolean]]
[2018-07-02 21:44:16.903] -- [TRACE] -- [main &gt;&gt;&gt;&gt; CachedIntrospectionResults.java:297 &gt;&gt;&gt;&gt; Method = &lt;init&gt;] -- [Content = Found bean property &apos;minEvictableIdleTimeMillis&apos; of type [long]]
[2018-07-02 21:44:16.903] -- [TRACE] -- [main &gt;&gt;&gt;&gt; CachedIntrospectionResults.java:297 &gt;&gt;&gt;&gt; Method = &lt;init&gt;] -- [Content = Found bean property &apos;minIdle&apos; of type [int]]
[2018-07-02 21:44:16.903] -- [TRACE] -- [main &gt;&gt;&gt;&gt; CachedIntrospectionResults.java:297 &gt;&gt;&gt;&gt; Method = &lt;init&gt;] -- [Content = Found bean property &apos;name&apos; of type [java.lang.String]]
[2018-07-02 21:44:16.903] -- [TRACE] -- [main &gt;&gt;&gt;&gt; CachedIntrospectionResults.java:297 &gt;&gt;&gt;&gt; Method = &lt;init&gt;] -- [Content = Found bean property &apos;notEmptySignalCount&apos; of type [long]]
[2018-07-02 21:44:16.904] -- [TRACE] -- [main &gt;&gt;&gt;&gt; CachedIntrospectionResults.java:297 &gt;&gt;&gt;&gt; Method = &lt;init&gt;] -- [Content = Found bean property &apos;notEmptyWaitCount&apos; of type [long]]
[2018-07-02 21:44:16.904] -- [TRACE] -- [main &gt;&gt;&gt;&gt; CachedIntrospectionResults.java:297 &gt;&gt;&gt;&gt; Method = &lt;init&gt;] -- [Content = Found bean property &apos;notEmptyWaitMillis&apos; of type [long]]
[2018-07-02 21:44:16.904] -- [TRACE] -- [main &gt;&gt;&gt;&gt; CachedIntrospectionResults.java:297 &gt;&gt;&gt;&gt; Method = &lt;init&gt;] -- [Content = Found bean property &apos;notEmptyWaitNanos&apos; of type [long]]
[2018-07-02 21:44:16.904] -- [TRACE] -- [main &gt;&gt;&gt;&gt; CachedIntrospectionResults.java:297 &gt;&gt;&gt;&gt; Method = &lt;init&gt;] -- [Content = Found bean property &apos;notEmptyWaitThreadCount&apos; of type [int]]
[2018-07-02 21:44:16.904] -- [TRACE] -- [main &gt;&gt;&gt;&gt; CachedIntrospectionResults.java:297 &gt;&gt;&gt;&gt; Method = &lt;init&gt;] -- [Content = Found bean property &apos;notEmptyWaitThreadPeak&apos; of type [int]]
[2018-07-02 21:44:16.904] -- [TRACE] -- [main &gt;&gt;&gt;&gt; CachedIntrospectionResults.java:297 &gt;&gt;&gt;&gt; Method = &lt;init&gt;] -- [Content = Found bean property &apos;numTestsPerEvictionRun&apos; of type [int]]
[2018-07-02 21:44:16.905] -- [TRACE] -- [main &gt;&gt;&gt;&gt; CachedIntrospectionResults.java:297 &gt;&gt;&gt;&gt; Method = &lt;init&gt;] -- [Content = Found bean property &apos;objectName&apos; of type [javax.management.ObjectName]]
[2018-07-02 21:44:16.905] -- [TRACE] -- [main &gt;&gt;&gt;&gt; CachedIntrospectionResults.java:297 &gt;&gt;&gt;&gt; Method = &lt;init&gt;] -- [Content = Found bean property &apos;oracle&apos; of type [boolean]]
[2018-07-02 21:44:16.905] -- [TRACE] -- [main &gt;&gt;&gt;&gt; CachedIntrospectionResults.java:297 &gt;&gt;&gt;&gt; Method = &lt;init&gt;] -- [Content = Found bean property &apos;parentLogger&apos; of type [java.util.logging.Logger]]
[2018-07-02 21:44:16.905] -- [TRACE] -- [main &gt;&gt;&gt;&gt; CachedIntrospectionResults.java:297 &gt;&gt;&gt;&gt; Method = &lt;init&gt;] -- [Content = Found bean property &apos;password&apos; of type [java.lang.String]]
[2018-07-02 21:44:16.905] -- [TRACE] -- [main &gt;&gt;&gt;&gt; CachedIntrospectionResults.java:297 &gt;&gt;&gt;&gt; Method = &lt;init&gt;] -- [Content = Found bean property &apos;passwordCallback&apos; of type [javax.security.auth.callback.PasswordCallback]]
[2018-07-02 21:44:16.906] -- [TRACE] -- [main &gt;&gt;&gt;&gt; CachedIntrospectionResults.java:297 &gt;&gt;&gt;&gt; Method = &lt;init&gt;] -- [Content = Found bean property &apos;passwordCallbackClassName&apos; of type [java.lang.String]]
[2018-07-02 21:44:16.906] -- [TRACE] -- [main &gt;&gt;&gt;&gt; CachedIntrospectionResults.java:297 &gt;&gt;&gt;&gt; Method = &lt;init&gt;] -- [Content = Found bean property &apos;poolPreparedStatements&apos; of type [boolean]]
[2018-07-02 21:44:16.906] -- [TRACE] -- [main &gt;&gt;&gt;&gt; CachedIntrospectionResults.java:297 &gt;&gt;&gt;&gt; Method = &lt;init&gt;] -- [Content = Found bean property &apos;pooledConnection&apos; of type [javax.sql.PooledConnection]]
[2018-07-02 21:44:16.906] -- [TRACE] -- [main &gt;&gt;&gt;&gt; CachedIntrospectionResults.java:297 &gt;&gt;&gt;&gt; Method = &lt;init&gt;] -- [Content = Found bean property &apos;poolingConnectionInfo&apos; of type [java.util.List]]
[2018-07-02 21:44:16.906] -- [TRACE] -- [main &gt;&gt;&gt;&gt; CachedIntrospectionResults.java:297 &gt;&gt;&gt;&gt; Method = &lt;init&gt;] -- [Content = Found bean property &apos;poolingCount&apos; of type [int]]
[2018-07-02 21:44:16.907] -- [TRACE] -- [main &gt;&gt;&gt;&gt; CachedIntrospectionResults.java:297 &gt;&gt;&gt;&gt; Method = &lt;init&gt;] -- [Content = Found bean property &apos;poolingPeak&apos; of type [int]]
[2018-07-02 21:44:16.907] -- [TRACE] -- [main &gt;&gt;&gt;&gt; CachedIntrospectionResults.java:297 &gt;&gt;&gt;&gt; Method = &lt;init&gt;] -- [Content = Found bean property &apos;poolingPeakTime&apos; of type [java.util.Date]]
[2018-07-02 21:44:16.907] -- [TRACE] -- [main &gt;&gt;&gt;&gt; CachedIntrospectionResults.java:297 &gt;&gt;&gt;&gt; Method = &lt;init&gt;] -- [Content = Found bean property &apos;preparedStatementCount&apos; of type [long]]
[2018-07-02 21:44:16.907] -- [TRACE] -- [main &gt;&gt;&gt;&gt; CachedIntrospectionResults.java:297 &gt;&gt;&gt;&gt; Method = &lt;init&gt;] -- [Content = Found bean property &apos;properties&apos; of type [java.lang.String]]
[2018-07-02 21:44:16.907] -- [TRACE] -- [main &gt;&gt;&gt;&gt; CachedIntrospectionResults.java:297 &gt;&gt;&gt;&gt; Method = &lt;init&gt;] -- [Content = Found bean property &apos;proxyFilters&apos; of type [java.util.List]]
[2018-07-02 21:44:16.908] -- [TRACE] -- [main &gt;&gt;&gt;&gt; CachedIntrospectionResults.java:297 &gt;&gt;&gt;&gt; Method = &lt;init&gt;] -- [Content = Found bean property &apos;queryTimeout&apos; of type [int]]
[2018-07-02 21:44:16.908] -- [TRACE] -- [main &gt;&gt;&gt;&gt; CachedIntrospectionResults.java:297 &gt;&gt;&gt;&gt; Method = &lt;init&gt;] -- [Content = Found bean property &apos;rawDriver&apos; of type [java.sql.Driver]]
[2018-07-02 21:44:16.908] -- [TRACE] -- [main &gt;&gt;&gt;&gt; CachedIntrospectionResults.java:297 &gt;&gt;&gt;&gt; Method = &lt;init&gt;] -- [Content = Found bean property &apos;rawDriverMajorVersion&apos; of type [int]]
[2018-07-02 21:44:16.908] -- [TRACE] -- [main &gt;&gt;&gt;&gt; CachedIntrospectionResults.java:297 &gt;&gt;&gt;&gt; Method = &lt;init&gt;] -- [Content = Found bean property &apos;rawDriverMinorVersion&apos; of type [int]]
[2018-07-02 21:44:16.909] -- [TRACE] -- [main &gt;&gt;&gt;&gt; CachedIntrospectionResults.java:297 &gt;&gt;&gt;&gt; Method = &lt;init&gt;] -- [Content = Found bean property &apos;rawJdbcUrl&apos; of type [java.lang.String]]
[2018-07-02 21:44:16.909] -- [TRACE] -- [main &gt;&gt;&gt;&gt; CachedIntrospectionResults.java:297 &gt;&gt;&gt;&gt; Method = &lt;init&gt;] -- [Content = Found bean property &apos;recycleCount&apos; of type [long]]
[2018-07-02 21:44:16.909] -- [TRACE] -- [main &gt;&gt;&gt;&gt; CachedIntrospectionResults.java:297 &gt;&gt;&gt;&gt; Method = &lt;init&gt;] -- [Content = Found bean property &apos;recycleErrorCount&apos; of type [long]]
[2018-07-02 21:44:16.909] -- [TRACE] -- [main &gt;&gt;&gt;&gt; CachedIntrospectionResults.java:297 &gt;&gt;&gt;&gt; Method = &lt;init&gt;] -- [Content = Found bean property &apos;reference&apos; of type [javax.naming.Reference]]
[2018-07-02 21:44:16.909] -- [TRACE] -- [main &gt;&gt;&gt;&gt; CachedIntrospectionResults.java:297 &gt;&gt;&gt;&gt; Method = &lt;init&gt;] -- [Content = Found bean property &apos;removeAbandoned&apos; of type [boolean]]
[2018-07-02 21:44:16.910] -- [TRACE] -- [main &gt;&gt;&gt;&gt; CachedIntrospectionResults.java:297 &gt;&gt;&gt;&gt; Method = &lt;init&gt;] -- [Content = Found bean property &apos;removeAbandonedCount&apos; of type [long]]
[2018-07-02 21:44:16.910] -- [TRACE] -- [main &gt;&gt;&gt;&gt; CachedIntrospectionResults.java:297 &gt;&gt;&gt;&gt; Method = &lt;init&gt;] -- [Content = Found bean property &apos;removeAbandonedTimeout&apos; of type [int]]
[2018-07-02 21:44:16.910] -- [TRACE] -- [main &gt;&gt;&gt;&gt; CachedIntrospectionResults.java:297 &gt;&gt;&gt;&gt; Method = &lt;init&gt;] -- [Content = Found bean property &apos;removeAbandonedTimeoutMillis&apos; of type [long]]
[2018-07-02 21:44:16.910] -- [TRACE] -- [main &gt;&gt;&gt;&gt; CachedIntrospectionResults.java:297 &gt;&gt;&gt;&gt; Method = &lt;init&gt;] -- [Content = Found bean property &apos;resetCount&apos; of type [long]]
[2018-07-02 21:44:16.910] -- [TRACE] -- [main &gt;&gt;&gt;&gt; CachedIntrospectionResults.java:297 &gt;&gt;&gt;&gt; Method = &lt;init&gt;] -- [Content = Found bean property &apos;resetStatEnable&apos; of type [boolean]]
[2018-07-02 21:44:16.910] -- [TRACE] -- [main &gt;&gt;&gt;&gt; CachedIntrospectionResults.java:297 &gt;&gt;&gt;&gt; Method = &lt;init&gt;] -- [Content = Found bean property &apos;rollbackCount&apos; of type [long]]
[2018-07-02 21:44:16.911] -- [TRACE] -- [main &gt;&gt;&gt;&gt; CachedIntrospectionResults.java:297 &gt;&gt;&gt;&gt; Method = &lt;init&gt;] -- [Content = Found bean property &apos;sharePreparedStatements&apos; of type [boolean]]
[2018-07-02 21:44:16.911] -- [TRACE] -- [main &gt;&gt;&gt;&gt; CachedIntrospectionResults.java:297 &gt;&gt;&gt;&gt; Method = &lt;init&gt;] -- [Content = Found bean property &apos;sqlStat&apos;]
[2018-07-02 21:44:16.911] -- [TRACE] -- [main &gt;&gt;&gt;&gt; CachedIntrospectionResults.java:297 &gt;&gt;&gt;&gt; Method = &lt;init&gt;] -- [Content = Found bean property &apos;sqlStatMap&apos; of type [java.util.Map]]
[2018-07-02 21:44:16.911] -- [TRACE] -- [main &gt;&gt;&gt;&gt; CachedIntrospectionResults.java:297 &gt;&gt;&gt;&gt; Method = &lt;init&gt;] -- [Content = Found bean property &apos;startTransactionCount&apos; of type [long]]
[2018-07-02 21:44:16.911] -- [TRACE] -- [main &gt;&gt;&gt;&gt; CachedIntrospectionResults.java:297 &gt;&gt;&gt;&gt; Method = &lt;init&gt;] -- [Content = Found bean property &apos;statData&apos; of type [java.util.Map]]
[2018-07-02 21:44:16.912] -- [TRACE] -- [main &gt;&gt;&gt;&gt; CachedIntrospectionResults.java:297 &gt;&gt;&gt;&gt; Method = &lt;init&gt;] -- [Content = Found bean property &apos;statDataForMBean&apos; of type [java.util.Map]]
[2018-07-02 21:44:16.912] -- [TRACE] -- [main &gt;&gt;&gt;&gt; CachedIntrospectionResults.java:297 &gt;&gt;&gt;&gt; Method = &lt;init&gt;] -- [Content = Found bean property &apos;statLogger&apos; of type [com.alibaba.druid.pool.DruidDataSourceStatLogger]]
[2018-07-02 21:44:16.912] -- [TRACE] -- [main &gt;&gt;&gt;&gt; CachedIntrospectionResults.java:297 &gt;&gt;&gt;&gt; Method = &lt;init&gt;] -- [Content = Found bean property &apos;statLoggerClassName&apos; of type [java.lang.String]]
[2018-07-02 21:44:16.912] -- [TRACE] -- [main &gt;&gt;&gt;&gt; CachedIntrospectionResults.java:297 &gt;&gt;&gt;&gt; Method = &lt;init&gt;] -- [Content = Found bean property &apos;statValueAndReset&apos; of type [com.alibaba.druid.pool.DruidDataSourceStatValue]]
[2018-07-02 21:44:16.912] -- [TRACE] -- [main &gt;&gt;&gt;&gt; CachedIntrospectionResults.java:297 &gt;&gt;&gt;&gt; Method = &lt;init&gt;] -- [Content = Found bean property &apos;testOnBorrow&apos; of type [boolean]]
[2018-07-02 21:44:16.913] -- [TRACE] -- [main &gt;&gt;&gt;&gt; CachedIntrospectionResults.java:297 &gt;&gt;&gt;&gt; Method = &lt;init&gt;] -- [Content = Found bean property &apos;testOnReturn&apos; of type [boolean]]
[2018-07-02 21:44:16.913] -- [TRACE] -- [main &gt;&gt;&gt;&gt; CachedIntrospectionResults.java:297 &gt;&gt;&gt;&gt; Method = &lt;init&gt;] -- [Content = Found bean property &apos;testWhileIdle&apos; of type [boolean]]
[2018-07-02 21:44:16.913] -- [TRACE] -- [main &gt;&gt;&gt;&gt; CachedIntrospectionResults.java:297 &gt;&gt;&gt;&gt; Method = &lt;init&gt;] -- [Content = Found bean property &apos;timeBetweenConnectErrorMillis&apos; of type [long]]
[2018-07-02 21:44:16.913] -- [TRACE] -- [main &gt;&gt;&gt;&gt; CachedIntrospectionResults.java:297 &gt;&gt;&gt;&gt; Method = &lt;init&gt;] -- [Content = Found bean property &apos;timeBetweenEvictionRunsMillis&apos; of type [long]]
[2018-07-02 21:44:16.913] -- [TRACE] -- [main &gt;&gt;&gt;&gt; CachedIntrospectionResults.java:297 &gt;&gt;&gt;&gt; Method = &lt;init&gt;] -- [Content = Found bean property &apos;timeBetweenLogStatsMillis&apos; of type [long]]
[2018-07-02 21:44:16.913] -- [TRACE] -- [main &gt;&gt;&gt;&gt; CachedIntrospectionResults.java:297 &gt;&gt;&gt;&gt; Method = &lt;init&gt;] -- [Content = Found bean property &apos;transactionHistogram&apos; of type [com.alibaba.druid.util.Histogram]]
[2018-07-02 21:44:16.913] -- [TRACE] -- [main &gt;&gt;&gt;&gt; CachedIntrospectionResults.java:297 &gt;&gt;&gt;&gt; Method = &lt;init&gt;] -- [Content = Found bean property &apos;transactionHistogramRanges&apos; of type [[J]]
[2018-07-02 21:44:16.914] -- [TRACE] -- [main &gt;&gt;&gt;&gt; CachedIntrospectionResults.java:297 &gt;&gt;&gt;&gt; Method = &lt;init&gt;] -- [Content = Found bean property &apos;transactionHistogramValues&apos; of type [[J]]
[2018-07-02 21:44:16.914] -- [TRACE] -- [main &gt;&gt;&gt;&gt; CachedIntrospectionResults.java:297 &gt;&gt;&gt;&gt; Method = &lt;init&gt;] -- [Content = Found bean property &apos;transactionQueryTimeout&apos; of type [int]]
[2018-07-02 21:44:16.914] -- [TRACE] -- [main &gt;&gt;&gt;&gt; CachedIntrospectionResults.java:297 &gt;&gt;&gt;&gt; Method = &lt;init&gt;] -- [Content = Found bean property &apos;transactionThresholdMillis&apos; of type [long]]
[2018-07-02 21:44:16.914] -- [TRACE] -- [main &gt;&gt;&gt;&gt; CachedIntrospectionResults.java:297 &gt;&gt;&gt;&gt; Method = &lt;init&gt;] -- [Content = Found bean property &apos;url&apos; of type [java.lang.String]]
[2018-07-02 21:44:16.914] -- [TRACE] -- [main &gt;&gt;&gt;&gt; CachedIntrospectionResults.java:297 &gt;&gt;&gt;&gt; Method = &lt;init&gt;] -- [Content = Found bean property &apos;useGloalDataSourceStat&apos; of type [boolean]]
[2018-07-02 21:44:16.914] -- [TRACE] -- [main &gt;&gt;&gt;&gt; CachedIntrospectionResults.java:297 &gt;&gt;&gt;&gt; Method = &lt;init&gt;] -- [Content = Found bean property &apos;useLocalSessionState&apos; of type [boolean]]
[2018-07-02 21:44:16.915] -- [TRACE] -- [main &gt;&gt;&gt;&gt; CachedIntrospectionResults.java:297 &gt;&gt;&gt;&gt; Method = &lt;init&gt;] -- [Content = Found bean property &apos;useOracleImplicitCache&apos; of type [boolean]]
[2018-07-02 21:44:16.915] -- [TRACE] -- [main &gt;&gt;&gt;&gt; CachedIntrospectionResults.java:297 &gt;&gt;&gt;&gt; Method = &lt;init&gt;] -- [Content = Found bean property &apos;useUnfairLock&apos; of type [boolean]]
[2018-07-02 21:44:16.915] -- [TRACE] -- [main &gt;&gt;&gt;&gt; CachedIntrospectionResults.java:297 &gt;&gt;&gt;&gt; Method = &lt;init&gt;] -- [Content = Found bean property &apos;userCallback&apos; of type [javax.security.auth.callback.NameCallback]]
[2018-07-02 21:44:16.915] -- [TRACE] -- [main &gt;&gt;&gt;&gt; CachedIntrospectionResults.java:297 &gt;&gt;&gt;&gt; Method = &lt;init&gt;] -- [Content = Found bean property &apos;username&apos; of type [java.lang.String]]
[2018-07-02 21:44:16.915] -- [TRACE] -- [main &gt;&gt;&gt;&gt; CachedIntrospectionResults.java:297 &gt;&gt;&gt;&gt; Method = &lt;init&gt;] -- [Content = Found bean property &apos;validConnectionChecker&apos; of type [com.alibaba.druid.pool.ValidConnectionChecker]]
[2018-07-02 21:44:16.916] -- [TRACE] -- [main &gt;&gt;&gt;&gt; CachedIntrospectionResults.java:297 &gt;&gt;&gt;&gt; Method = &lt;init&gt;] -- [Content = Found bean property &apos;validConnectionCheckerClassName&apos; of type [java.lang.String]]
[2018-07-02 21:44:16.916] -- [TRACE] -- [main &gt;&gt;&gt;&gt; CachedIntrospectionResults.java:297 &gt;&gt;&gt;&gt; Method = &lt;init&gt;] -- [Content = Found bean property &apos;validationQuery&apos; of type [java.lang.String]]
[2018-07-02 21:44:16.916] -- [TRACE] -- [main &gt;&gt;&gt;&gt; CachedIntrospectionResults.java:297 &gt;&gt;&gt;&gt; Method = &lt;init&gt;] -- [Content = Found bean property &apos;validationQueryTimeout&apos; of type [int]]
[2018-07-02 21:44:16.916] -- [TRACE] -- [main &gt;&gt;&gt;&gt; CachedIntrospectionResults.java:297 &gt;&gt;&gt;&gt; Method = &lt;init&gt;] -- [Content = Found bean property &apos;version&apos; of type [java.lang.String]]
[2018-07-02 21:44:16.916] -- [TRACE] -- [main &gt;&gt;&gt;&gt; CachedIntrospectionResults.java:297 &gt;&gt;&gt;&gt; Method = &lt;init&gt;] -- [Content = Found bean property &apos;waitThreadCount&apos; of type [int]]
[2018-07-02 21:44:16.916] -- [TRACE] -- [main &gt;&gt;&gt;&gt; CachedIntrospectionResults.java:297 &gt;&gt;&gt;&gt; Method = &lt;init&gt;] -- [Content = Found bean property &apos;wallStatMap&apos; of type [java.util.Map]]
[2018-07-02 21:44:16.918] -- [TRACE] -- [main &gt;&gt;&gt;&gt; TypeConverterDelegate.java:434 &gt;&gt;&gt;&gt; Method = doConvertValue] -- [Content = Converting String to [int] using property editor [org.springframework.beans.propertyeditors.CustomNumberEditor@4f5991f6]]
[2018-07-02 21:44:16.919] -- [TRACE] -- [main &gt;&gt;&gt;&gt; TypeConverterDelegate.java:434 &gt;&gt;&gt;&gt; Method = doConvertValue] -- [Content = Converting String to [int] using property editor [org.springframework.beans.propertyeditors.CustomNumberEditor@4f5991f6]]
[2018-07-02 21:44:16.920] -- [TRACE] -- [main &gt;&gt;&gt;&gt; TypeConverterDelegate.java:434 &gt;&gt;&gt;&gt; Method = doConvertValue] -- [Content = Converting String to [int] using property editor [org.springframework.beans.propertyeditors.CustomNumberEditor@4f5991f6]]
[2018-07-02 21:44:16.920] -- [TRACE] -- [main &gt;&gt;&gt;&gt; TypeConverterDelegate.java:434 &gt;&gt;&gt;&gt; Method = doConvertValue] -- [Content = Converting String to [long] using property editor [org.springframework.beans.propertyeditors.CustomNumberEditor@63fbfaeb]]
[2018-07-02 21:44:16.920] -- [TRACE] -- [main &gt;&gt;&gt;&gt; TypeConverterDelegate.java:434 &gt;&gt;&gt;&gt; Method = doConvertValue] -- [Content = Converting String to [long] using property editor [org.springframework.beans.propertyeditors.CustomNumberEditor@63fbfaeb]]
[2018-07-02 21:44:16.921] -- [TRACE] -- [main &gt;&gt;&gt;&gt; TypeConverterDelegate.java:434 &gt;&gt;&gt;&gt; Method = doConvertValue] -- [Content = Converting String to [long] using property editor [org.springframework.beans.propertyeditors.CustomNumberEditor@63fbfaeb]]
[2018-07-02 21:44:16.921] -- [TRACE] -- [main &gt;&gt;&gt;&gt; TypeConverterDelegate.java:434 &gt;&gt;&gt;&gt; Method = doConvertValue] -- [Content = Converting String to [boolean] using property editor [org.springframework.beans.propertyeditors.CustomBooleanEditor@602e0143]]
[2018-07-02 21:44:16.921] -- [TRACE] -- [main &gt;&gt;&gt;&gt; TypeConverterDelegate.java:434 &gt;&gt;&gt;&gt; Method = doConvertValue] -- [Content = Converting String to [int] using property editor [org.springframework.beans.propertyeditors.CustomNumberEditor@4f5991f6]]
[2018-07-02 21:44:16.921] -- [TRACE] -- [main &gt;&gt;&gt;&gt; TypeConverterDelegate.java:434 &gt;&gt;&gt;&gt; Method = doConvertValue] -- [Content = Converting String to [boolean] using property editor [org.springframework.beans.propertyeditors.CustomBooleanEditor@602e0143]]
[2018-07-02 21:44:16.922] -- [TRACE] -- [main &gt;&gt;&gt;&gt; TypeConverterDelegate.java:434 &gt;&gt;&gt;&gt; Method = doConvertValue] -- [Content = Converting String to [boolean] using property editor [org.springframework.beans.propertyeditors.CustomBooleanEditor@602e0143]]
[2018-07-02 21:44:16.922] -- [TRACE] -- [main &gt;&gt;&gt;&gt; TypeConverterDelegate.java:434 &gt;&gt;&gt;&gt; Method = doConvertValue] -- [Content = Converting String to [boolean] using property editor [org.springframework.beans.propertyeditors.CustomBooleanEditor@602e0143]]
[2018-07-02 21:44:16.922] -- [TRACE] -- [main &gt;&gt;&gt;&gt; TypeConverterDelegate.java:434 &gt;&gt;&gt;&gt; Method = doConvertValue] -- [Content = Converting String to [boolean] using property editor [org.springframework.beans.propertyeditors.CustomBooleanEditor@602e0143]]
[2018-07-02 21:44:16.923] -- [TRACE] -- [main &gt;&gt;&gt;&gt; TypeConverterDelegate.java:434 &gt;&gt;&gt;&gt; Method = doConvertValue] -- [Content = Converting String to [int] using property editor [org.springframework.beans.propertyeditors.CustomNumberEditor@4f5991f6]]
[2018-07-02 21:44:16.923] -- [TRACE] -- [main &gt;&gt;&gt;&gt; TypeConverterDelegate.java:434 &gt;&gt;&gt;&gt; Method = doConvertValue] -- [Content = Converting String to [boolean] using property editor [org.springframework.beans.propertyeditors.CustomBooleanEditor@602e0143]]
[2018-07-02 21:44:16.941] -- [DEBUG] -- [main &gt;&gt;&gt;&gt; AbstractAutowireCapableBeanFactory.java:1678 &gt;&gt;&gt;&gt; Method = invokeCustomInitMethod] -- [Content = Invoking init method  &apos;init&apos; on bean with name &apos;dataSource&apos;]
[2018-07-02 21:44:21.392] -- [WARN] -- [main &gt;&gt;&gt;&gt; AbstractApplicationContext.java:546 &gt;&gt;&gt;&gt; Method = refresh] -- [Content = Exception encountered during context initialization - cancelling refresh attempt: org.springframework.beans.factory.BeanCreationException: Error creating bean with name &apos;entityManagerFactory&apos; defined in file [/Users/xk1020/IdeaProjects/Basic-Single-Module-SSJPA/target/classes/spring/applicationContext-jpa.xml]: Cannot resolve reference to bean &apos;dataSource&apos; while setting bean property &apos;dataSource&apos;; nested exception is org.springframework.beans.factory.BeanCreationException: Error creating bean with name &apos;dataSource&apos; defined in file [/Users/xk1020/IdeaProjects/Basic-Single-Module-SSJPA/target/classes/spring/applicationContext-dataSource.xml]: Invocation of init method failed; nested exception is com.mysql.jdbc.exceptions.jdbc4.MySQLNonTransientConnectionException: Could not create connection to database server. Attempted reconnect 3 times. Giving up.]
[2018-07-02 21:44:21.392] -- [DEBUG] -- [main &gt;&gt;&gt;&gt; DefaultSingletonBeanRegistry.java:512 &gt;&gt;&gt;&gt; Method = destroySingletons] -- [Content = Destroying singletons in org.springframework.beans.factory.support.DefaultListableBeanFactory@7e7be63f: defining beans [org.springframework.context.support.PropertySourcesPlaceholderConfigurer#0,sysUserServiceImpl,org.springframework.context.annotation.internalConfigurationAnnotationProcessor,org.springframework.context.annotation.internalAutowiredAnnotationProcessor,org.springframework.context.annotation.internalRequiredAnnotationProcessor,org.springframework.context.annotation.internalCommonAnnotationProcessor,org.springframework.context.annotation.internalPersistenceAnnotationProcessor,org.springframework.context.event.internalEventListenerProcessor,org.springframework.context.event.internalEventListenerFactory,dataSource,druid-stat-interceptor,druid-stat-pointcut,org.springframework.aop.config.internalAutoProxyCreator,org.springframework.aop.support.DefaultBeanFactoryPointcutAdvisor#0,transactionManager,transactionAdvice,transactionPointcut,org.springframework.aop.support.DefaultBeanFactoryPointcutAdvisor#1,entityManagerFactory,hibernateJpaVendorAdapter,org.springframework.data.jpa.repository.config.JpaRepositoryConfigExtension#0,org.springframework.data.repository.core.support.RepositoryFactoryBeanSupport_Predictor,emBeanDefinitionRegistrarPostProcessor,jpaMappingContext,jpaContext,sysUserDao,org.springframework.context.annotation.ConfigurationClassPostProcessor.importAwareProcessor,org.springframework.context.annotation.ConfigurationClassPostProcessor.enhancedConfigurationProcessor,org.springframework.orm.jpa.SharedEntityManagerCreator#0]; root of factory hierarchy]
[2018-07-02 21:44:21.401] -- [ERROR] -- [main &gt;&gt;&gt;&gt; TestContextManager.java:231 &gt;&gt;&gt;&gt; Method = prepareTestInstance] -- [Content = Caught exception while allowing TestExecutionListener [org.springframework.test.context.support.DependencyInjectionTestExecutionListener@101df177] to prepare test instance [com.youmeek.ssm.SSMTest@33cb5951]]
java.lang.IllegalStateException: Failed to load ApplicationContext
	at org.springframework.test.context.cache.DefaultCacheAwareContextLoaderDelegate.loadContext(DefaultCacheAwareContextLoaderDelegate.java:124)
	at org.springframework.test.context.support.DefaultTestContext.getApplicationContext(DefaultTestContext.java:83)
	at org.springframework.test.context.support.DependencyInjectionTestExecutionListener.injectDependencies(DependencyInjectionTestExecutionListener.java:117)
	at org.springframework.test.context.support.DependencyInjectionTestExecutionListener.prepareTestInstance(DependencyInjectionTestExecutionListener.java:83)
	at org.springframework.test.context.TestContextManager.prepareTestInstance(TestContextManager.java:228)
	at org.springframework.test.context.junit4.SpringJUnit4ClassRunner.createTest(SpringJUnit4ClassRunner.java:230)
	at org.springframework.test.context.junit4.SpringJUnit4ClassRunner$1.runReflectiveCall(SpringJUnit4ClassRunner.java:289)
	at org.junit.internal.runners.model.ReflectiveCallable.run(ReflectiveCallable.java:12)
	at org.springframework.test.context.junit4.SpringJUnit4ClassRunner.methodBlock(SpringJUnit4ClassRunner.java:291)
	at org.springframework.test.context.junit4.SpringJUnit4ClassRunner.runChild(SpringJUnit4ClassRunner.java:249)
	at org.springframework.test.context.junit4.SpringJUnit4ClassRunner.runChild(SpringJUnit4ClassRunner.java:89)
	at org.junit.runners.ParentRunner$3.run(ParentRunner.java:238)
	at org.junit.runners.ParentRunner$1.schedule(ParentRunner.java:63)
	at org.junit.runners.ParentRunner.runChildren(ParentRunner.java:236)
	at org.junit.runners.ParentRunner.access$000(ParentRunner.java:53)
	at org.junit.runners.ParentRunner$2.evaluate(ParentRunner.java:229)
	at org.springframework.test.context.junit4.statements.RunBeforeTestClassCallbacks.evaluate(RunBeforeTestClassCallbacks.java:61)
	at org.springframework.test.context.junit4.statements.RunAfterTestClassCallbacks.evaluate(RunAfterTestClassCallbacks.java:70)
	at org.junit.runners.ParentRunner.run(ParentRunner.java:309)
	at org.springframework.test.context.junit4.SpringJUnit4ClassRunner.run(SpringJUnit4ClassRunner.java:193)
	at org.apache.maven.surefire.junit4.JUnit4Provider.execute(JUnit4Provider.java:252)
	at org.apache.maven.surefire.junit4.JUnit4Provider.executeTestSet(JUnit4Provider.java:141)
	at org.apache.maven.surefire.junit4.JUnit4Provider.invoke(JUnit4Provider.java:112)
	at sun.reflect.NativeMethodAccessorImpl.invoke0(Native Method)
	at sun.reflect.NativeMethodAccessorImpl.invoke(NativeMethodAccessorImpl.java:62)
	at sun.reflect.DelegatingMethodAccessorImpl.invoke(DelegatingMethodAccessorImpl.java:43)
	at java.lang.reflect.Method.invoke(Method.java:498)
	at org.apache.maven.surefire.util.ReflectionUtils.invokeMethodWithArray(ReflectionUtils.java:189)
	at org.apache.maven.surefire.booter.ProviderFactory$ProviderProxy.invoke(ProviderFactory.java:165)
	at org.apache.maven.surefire.booter.ProviderFactory.invokeProvider(ProviderFactory.java:85)
	at org.apache.maven.surefire.booter.ForkedBooter.runSuitesInProcess(ForkedBooter.java:115)
	at org.apache.maven.surefire.booter.ForkedBooter.main(ForkedBooter.java:75)
Caused by: org.springframework.beans.factory.BeanCreationException: Error creating bean with name &apos;entityManagerFactory&apos; defined in file [/Users/xk1020/IdeaProjects/Basic-Single-Module-SSJPA/target/classes/spring/applicationContext-jpa.xml]: Cannot resolve reference to bean &apos;dataSource&apos; while setting bean property &apos;dataSource&apos;; nested exception is org.springframework.beans.factory.BeanCreationException: Error creating bean with name &apos;dataSource&apos; defined in file [/Users/xk1020/IdeaProjects/Basic-Single-Module-SSJPA/target/classes/spring/applicationContext-dataSource.xml]: Invocation of init method failed; nested exception is com.mysql.jdbc.exceptions.jdbc4.MySQLNonTransientConnectionException: Could not create connection to database server. Attempted reconnect 3 times. Giving up.
	at org.springframework.beans.factory.support.BeanDefinitionValueResolver.resolveReference(BeanDefinitionValueResolver.java:359)
	at org.springframework.beans.factory.support.BeanDefinitionValueResolver.resolveValueIfNecessary(BeanDefinitionValueResolver.java:108)
	at org.springframework.beans.factory.support.AbstractAutowireCapableBeanFactory.applyPropertyValues(AbstractAutowireCapableBeanFactory.java:1481)
	at org.springframework.beans.factory.support.AbstractAutowireCapableBeanFactory.populateBean(AbstractAutowireCapableBeanFactory.java:1226)
	at org.springframework.beans.factory.support.AbstractAutowireCapableBeanFactory.doCreateBean(AbstractAutowireCapableBeanFactory.java:543)
	at org.springframework.beans.factory.support.AbstractAutowireCapableBeanFactory.createBean(AbstractAutowireCapableBeanFactory.java:482)
	at org.springframework.beans.factory.support.AbstractBeanFactory$1.getObject(AbstractBeanFactory.java:306)
	at org.springframework.beans.factory.support.DefaultSingletonBeanRegistry.getSingleton(DefaultSingletonBeanRegistry.java:230)
	at org.springframework.beans.factory.support.AbstractBeanFactory.doGetBean(AbstractBeanFactory.java:302)
	at org.springframework.beans.factory.support.AbstractBeanFactory.getBean(AbstractBeanFactory.java:197)
	at org.springframework.context.support.AbstractApplicationContext.getBean(AbstractApplicationContext.java:1054)
	at org.springframework.context.support.AbstractApplicationContext.finishBeanFactoryInitialization(AbstractApplicationContext.java:829)
	at org.springframework.context.support.AbstractApplicationContext.refresh(AbstractApplicationContext.java:538)
	at org.springframework.test.context.support.AbstractGenericContextLoader.loadContext(AbstractGenericContextLoader.java:125)
	at org.springframework.test.context.support.AbstractGenericContextLoader.loadContext(AbstractGenericContextLoader.java:60)
	at org.springframework.test.context.support.AbstractDelegatingSmartContextLoader.delegateLoading(AbstractDelegatingSmartContextLoader.java:109)
	at org.springframework.test.context.support.AbstractDelegatingSmartContextLoader.loadContext(AbstractDelegatingSmartContextLoader.java:261)
	at org.springframework.test.context.cache.DefaultCacheAwareContextLoaderDelegate.loadContextInternal(DefaultCacheAwareContextLoaderDelegate.java:98)
	at org.springframework.test.context.cache.DefaultCacheAwareContextLoaderDelegate.loadContext(DefaultCacheAwareContextLoaderDelegate.java:116)
	... 31 common frames omitted
Caused by: org.springframework.beans.factory.BeanCreationException: Error creating bean with name &apos;dataSource&apos; defined in file [/Users/xk1020/IdeaProjects/Basic-Single-Module-SSJPA/target/classes/spring/applicationContext-dataSource.xml]: Invocation of init method failed; nested exception is com.mysql.jdbc.exceptions.jdbc4.MySQLNonTransientConnectionException: Could not create connection to database server. Attempted reconnect 3 times. Giving up.
	at org.springframework.beans.factory.support.AbstractAutowireCapableBeanFactory.initializeBean(AbstractAutowireCapableBeanFactory.java:1578)
	at org.springframework.beans.factory.support.AbstractAutowireCapableBeanFactory.doCreateBean(AbstractAutowireCapableBeanFactory.java:545)
	at org.springframework.beans.factory.support.AbstractAutowireCapableBeanFactory.createBean(AbstractAutowireCapableBeanFactory.java:482)
	at org.springframework.beans.factory.support.AbstractBeanFactory$1.getObject(AbstractBeanFactory.java:306)
	at org.springframework.beans.factory.support.DefaultSingletonBeanRegistry.getSingleton(DefaultSingletonBeanRegistry.java:230)
	at org.springframework.beans.factory.support.AbstractBeanFactory.doGetBean(AbstractBeanFactory.java:302)
	at org.springframework.beans.factory.support.AbstractBeanFactory.getBean(AbstractBeanFactory.java:197)
	at org.springframework.beans.factory.support.BeanDefinitionValueResolver.resolveReference(BeanDefinitionValueResolver.java:351)
	... 49 common frames omitted
Caused by: com.mysql.jdbc.exceptions.jdbc4.MySQLNonTransientConnectionException: Could not create connection to database server. Attempted reconnect 3 times. Giving up.
	at sun.reflect.NativeConstructorAccessorImpl.newInstance0(Native Method)
	at sun.reflect.NativeConstructorAccessorImpl.newInstance(NativeConstructorAccessorImpl.java:62)
	at sun.reflect.DelegatingConstructorAccessorImpl.newInstance(DelegatingConstructorAccessorImpl.java:45)
	at java.lang.reflect.Constructor.newInstance(Constructor.java:423)
	at com.mysql.jdbc.Util.handleNewInstance(Util.java:411)
	at com.mysql.jdbc.Util.getInstance(Util.java:386)
	at com.mysql.jdbc.SQLError.createSQLException(SQLError.java:1014)
	at com.mysql.jdbc.SQLError.createSQLException(SQLError.java:988)
	at com.mysql.jdbc.SQLError.createSQLException(SQLError.java:974)
	at com.mysql.jdbc.SQLError.createSQLException(SQLError.java:919)
	at com.mysql.jdbc.ConnectionImpl.connectWithRetries(ConnectionImpl.java:2299)
	at com.mysql.jdbc.ConnectionImpl.createNewIO(ConnectionImpl.java:2220)
	at com.mysql.jdbc.ConnectionImpl.&lt;init&gt;(ConnectionImpl.java:813)
	at com.mysql.jdbc.JDBC4Connection.&lt;init&gt;(JDBC4Connection.java:47)
	at sun.reflect.NativeConstructorAccessorImpl.newInstance0(Native Method)
	at sun.reflect.NativeConstructorAccessorImpl.newInstance(NativeConstructorAccessorImpl.java:62)
	at sun.reflect.DelegatingConstructorAccessorImpl.newInstance(DelegatingConstructorAccessorImpl.java:45)
	at java.lang.reflect.Constructor.newInstance(Constructor.java:423)
	at com.mysql.jdbc.Util.handleNewInstance(Util.java:411)
	at com.mysql.jdbc.ConnectionImpl.getInstance(ConnectionImpl.java:399)
	at com.mysql.jdbc.NonRegisteringDriver.connect(NonRegisteringDriver.java:334)
	at com.alibaba.druid.filter.FilterChainImpl.connection_connect(FilterChainImpl.java:148)
	at com.alibaba.druid.filter.FilterAdapter.connection_connect(FilterAdapter.java:786)
	at com.alibaba.druid.filter.FilterEventAdapter.connection_connect(FilterEventAdapter.java:38)
	at com.alibaba.druid.filter.FilterChainImpl.connection_connect(FilterChainImpl.java:142)
	at com.alibaba.druid.filter.stat.StatFilter.connection_connect(StatFilter.java:211)
	at com.alibaba.druid.filter.FilterChainImpl.connection_connect(FilterChainImpl.java:142)
	at com.alibaba.druid.pool.DruidAbstractDataSource.createPhysicalConnection(DruidAbstractDataSource.java:1360)
	at com.alibaba.druid.pool.DruidAbstractDataSource.createPhysicalConnection(DruidAbstractDataSource.java:1414)
	at com.alibaba.druid.pool.DruidDataSource.init(DruidDataSource.java:602)
	at sun.reflect.NativeMethodAccessorImpl.invoke0(Native Method)
	at sun.reflect.NativeMethodAccessorImpl.invoke(NativeMethodAccessorImpl.java:62)
	at sun.reflect.DelegatingMethodAccessorImpl.invoke(DelegatingMethodAccessorImpl.java:43)
	at java.lang.reflect.Method.invoke(Method.java:498)
	at org.springframework.beans.factory.support.AbstractAutowireCapableBeanFactory.invokeCustomInitMethod(AbstractAutowireCapableBeanFactory.java:1706)
	at org.springframework.beans.factory.support.AbstractAutowireCapableBeanFactory.invokeInitMethods(AbstractAutowireCapableBeanFactory.java:1645)
	at org.springframework.beans.factory.support.AbstractAutowireCapableBeanFactory.initializeBean(AbstractAutowireCapableBeanFactory.java:1574)
	... 56 common frames omitted
Caused by: java.sql.SQLException: Access denied for user &apos;root &apos;@&apos;localhost&apos; (using password: YES)
	at com.mysql.jdbc.SQLError.createSQLException(SQLError.java:1074)
	at com.mysql.jdbc.MysqlIO.checkErrorPacket(MysqlIO.java:4074)
	at com.mysql.jdbc.MysqlIO.checkErrorPacket(MysqlIO.java:4006)
	at com.mysql.jdbc.MysqlIO.checkErrorPacket(MysqlIO.java:919)
	at com.mysql.jdbc.MysqlIO.proceedHandshakeWithPluggableAuthentication(MysqlIO.java:1694)
	at com.mysql.jdbc.MysqlIO.doHandshake(MysqlIO.java:1244)
	at com.mysql.jdbc.ConnectionImpl.coreConnect(ConnectionImpl.java:2397)
	at com.mysql.jdbc.ConnectionImpl.connectWithRetries(ConnectionImpl.java:2238)
	... 82 common frames omitted
</system-out>
    <system-err>log4j:WARN No appenders could be found for logger (com.alibaba.druid.pool.DruidDataSource).
log4j:WARN Please initialize the log4j system properly.
log4j:WARN See http://logging.apache.org/log4j/1.2/faq.html#noconfig for more info.
</system-err>
  </testcase>
  <testcase classname="com.youmeek.ssm.SSMTest" name="testBatchDelete" time="0.002">
    <error message="Failed to load ApplicationContext" type="java.lang.IllegalStateException">java.lang.IllegalStateException: Failed to load ApplicationContext
	at org.springframework.test.context.cache.DefaultCacheAwareContextLoaderDelegate.loadContext(DefaultCacheAwareContextLoaderDelegate.java:124)
	at org.springframework.test.context.support.DefaultTestContext.getApplicationContext(DefaultTestContext.java:83)
	at org.springframework.test.context.support.DependencyInjectionTestExecutionListener.injectDependencies(DependencyInjectionTestExecutionListener.java:117)
	at org.springframework.test.context.support.DependencyInjectionTestExecutionListener.prepareTestInstance(DependencyInjectionTestExecutionListener.java:83)
	at org.springframework.test.context.TestContextManager.prepareTestInstance(TestContextManager.java:228)
	at org.springframework.test.context.junit4.SpringJUnit4ClassRunner.createTest(SpringJUnit4ClassRunner.java:230)
	at org.springframework.test.context.junit4.SpringJUnit4ClassRunner$1.runReflectiveCall(SpringJUnit4ClassRunner.java:289)
	at org.junit.internal.runners.model.ReflectiveCallable.run(ReflectiveCallable.java:12)
	at org.springframework.test.context.junit4.SpringJUnit4ClassRunner.methodBlock(SpringJUnit4ClassRunner.java:291)
	at org.springframework.test.context.junit4.SpringJUnit4ClassRunner.runChild(SpringJUnit4ClassRunner.java:249)
	at org.springframework.test.context.junit4.SpringJUnit4ClassRunner.runChild(SpringJUnit4ClassRunner.java:89)
	at org.junit.runners.ParentRunner$3.run(ParentRunner.java:238)
	at org.junit.runners.ParentRunner$1.schedule(ParentRunner.java:63)
	at org.junit.runners.ParentRunner.runChildren(ParentRunner.java:236)
	at org.junit.runners.ParentRunner.access$000(ParentRunner.java:53)
	at org.junit.runners.ParentRunner$2.evaluate(ParentRunner.java:229)
	at org.springframework.test.context.junit4.statements.RunBeforeTestClassCallbacks.evaluate(RunBeforeTestClassCallbacks.java:61)
	at org.springframework.test.context.junit4.statements.RunAfterTestClassCallbacks.evaluate(RunAfterTestClassCallbacks.java:70)
	at org.junit.runners.ParentRunner.run(ParentRunner.java:309)
	at org.springframework.test.context.junit4.SpringJUnit4ClassRunner.run(SpringJUnit4ClassRunner.java:193)
	at org.apache.maven.surefire.junit4.JUnit4Provider.execute(JUnit4Provider.java:252)
	at org.apache.maven.surefire.junit4.JUnit4Provider.executeTestSet(JUnit4Provider.java:141)
	at org.apache.maven.surefire.junit4.JUnit4Provider.invoke(JUnit4Provider.java:112)
	at sun.reflect.NativeMethodAccessorImpl.invoke0(Native Method)
	at sun.reflect.NativeMethodAccessorImpl.invoke(NativeMethodAccessorImpl.java:62)
	at sun.reflect.DelegatingMethodAccessorImpl.invoke(DelegatingMethodAccessorImpl.java:43)
	at java.lang.reflect.Method.invoke(Method.java:498)
	at org.apache.maven.surefire.util.ReflectionUtils.invokeMethodWithArray(ReflectionUtils.java:189)
	at org.apache.maven.surefire.booter.ProviderFactory$ProviderProxy.invoke(ProviderFactory.java:165)
	at org.apache.maven.surefire.booter.ProviderFactory.invokeProvider(ProviderFactory.java:85)
	at org.apache.maven.surefire.booter.ForkedBooter.runSuitesInProcess(ForkedBooter.java:115)
	at org.apache.maven.surefire.booter.ForkedBooter.main(ForkedBooter.java:75)
Caused by: org.springframework.beans.factory.BeanCreationException: Error creating bean with name &apos;entityManagerFactory&apos; defined in file [/Users/xk1020/IdeaProjects/Basic-Single-Module-SSJPA/target/classes/spring/applicationContext-jpa.xml]: Cannot resolve reference to bean &apos;dataSource&apos; while setting bean property &apos;dataSource&apos;; nested exception is org.springframework.beans.factory.BeanCreationException: Error creating bean with name &apos;dataSource&apos; defined in file [/Users/xk1020/IdeaProjects/Basic-Single-Module-SSJPA/target/classes/spring/applicationContext-dataSource.xml]: Invocation of init method failed; nested exception is com.mysql.jdbc.exceptions.jdbc4.MySQLNonTransientConnectionException: Could not create connection to database server. Attempted reconnect 3 times. Giving up.
	at org.springframework.beans.factory.support.BeanDefinitionValueResolver.resolveReference(BeanDefinitionValueResolver.java:359)
	at org.springframework.beans.factory.support.BeanDefinitionValueResolver.resolveValueIfNecessary(BeanDefinitionValueResolver.java:108)
	at org.springframework.beans.factory.support.AbstractAutowireCapableBeanFactory.applyPropertyValues(AbstractAutowireCapableBeanFactory.java:1481)
	at org.springframework.beans.factory.support.AbstractAutowireCapableBeanFactory.populateBean(AbstractAutowireCapableBeanFactory.java:1226)
	at org.springframework.beans.factory.support.AbstractAutowireCapableBeanFactory.doCreateBean(AbstractAutowireCapableBeanFactory.java:543)
	at org.springframework.beans.factory.support.AbstractAutowireCapableBeanFactory.createBean(AbstractAutowireCapableBeanFactory.java:482)
	at org.springframework.beans.factory.support.AbstractBeanFactory$1.getObject(AbstractBeanFactory.java:306)
	at org.springframework.beans.factory.support.DefaultSingletonBeanRegistry.getSingleton(DefaultSingletonBeanRegistry.java:230)
	at org.springframework.beans.factory.support.AbstractBeanFactory.doGetBean(AbstractBeanFactory.java:302)
	at org.springframework.beans.factory.support.AbstractBeanFactory.getBean(AbstractBeanFactory.java:197)
	at org.springframework.context.support.AbstractApplicationContext.getBean(AbstractApplicationContext.java:1054)
	at org.springframework.context.support.AbstractApplicationContext.finishBeanFactoryInitialization(AbstractApplicationContext.java:829)
	at org.springframework.context.support.AbstractApplicationContext.refresh(AbstractApplicationContext.java:538)
	at org.springframework.test.context.support.AbstractGenericContextLoader.loadContext(AbstractGenericContextLoader.java:125)
	at org.springframework.test.context.support.AbstractGenericContextLoader.loadContext(AbstractGenericContextLoader.java:60)
	at org.springframework.test.context.support.AbstractDelegatingSmartContextLoader.delegateLoading(AbstractDelegatingSmartContextLoader.java:109)
	at org.springframework.test.context.support.AbstractDelegatingSmartContextLoader.loadContext(AbstractDelegatingSmartContextLoader.java:261)
	at org.springframework.test.context.cache.DefaultCacheAwareContextLoaderDelegate.loadContextInternal(DefaultCacheAwareContextLoaderDelegate.java:98)
	at org.springframework.test.context.cache.DefaultCacheAwareContextLoaderDelegate.loadContext(DefaultCacheAwareContextLoaderDelegate.java:116)
	... 31 more
Caused by: org.springframework.beans.factory.BeanCreationException: Error creating bean with name &apos;dataSource&apos; defined in file [/Users/xk1020/IdeaProjects/Basic-Single-Module-SSJPA/target/classes/spring/applicationContext-dataSource.xml]: Invocation of init method failed; nested exception is com.mysql.jdbc.exceptions.jdbc4.MySQLNonTransientConnectionException: Could not create connection to database server. Attempted reconnect 3 times. Giving up.
	at org.springframework.beans.factory.support.AbstractAutowireCapableBeanFactory.initializeBean(AbstractAutowireCapableBeanFactory.java:1578)
	at org.springframework.beans.factory.support.AbstractAutowireCapableBeanFactory.doCreateBean(AbstractAutowireCapableBeanFactory.java:545)
	at org.springframework.beans.factory.support.AbstractAutowireCapableBeanFactory.createBean(AbstractAutowireCapableBeanFactory.java:482)
	at org.springframework.beans.factory.support.AbstractBeanFactory$1.getObject(AbstractBeanFactory.java:306)
	at org.springframework.beans.factory.support.DefaultSingletonBeanRegistry.getSingleton(DefaultSingletonBeanRegistry.java:230)
	at org.springframework.beans.factory.support.AbstractBeanFactory.doGetBean(AbstractBeanFactory.java:302)
	at org.springframework.beans.factory.support.AbstractBeanFactory.getBean(AbstractBeanFactory.java:197)
	at org.springframework.beans.factory.support.BeanDefinitionValueResolver.resolveReference(BeanDefinitionValueResolver.java:351)
	... 49 more
Caused by: com.mysql.jdbc.exceptions.jdbc4.MySQLNonTransientConnectionException: Could not create connection to database server. Attempted reconnect 3 times. Giving up.
	at sun.reflect.NativeConstructorAccessorImpl.newInstance0(Native Method)
	at sun.reflect.NativeConstructorAccessorImpl.newInstance(NativeConstructorAccessorImpl.java:62)
	at sun.reflect.DelegatingConstructorAccessorImpl.newInstance(DelegatingConstructorAccessorImpl.java:45)
	at java.lang.reflect.Constructor.newInstance(Constructor.java:423)
	at com.mysql.jdbc.Util.handleNewInstance(Util.java:411)
	at com.mysql.jdbc.Util.getInstance(Util.java:386)
	at com.mysql.jdbc.SQLError.createSQLException(SQLError.java:1014)
	at com.mysql.jdbc.SQLError.createSQLException(SQLError.java:988)
	at com.mysql.jdbc.SQLError.createSQLException(SQLError.java:974)
	at com.mysql.jdbc.SQLError.createSQLException(SQLError.java:919)
	at com.mysql.jdbc.ConnectionImpl.connectWithRetries(ConnectionImpl.java:2299)
	at com.mysql.jdbc.ConnectionImpl.createNewIO(ConnectionImpl.java:2220)
	at com.mysql.jdbc.ConnectionImpl.&lt;init&gt;(ConnectionImpl.java:813)
	at com.mysql.jdbc.JDBC4Connection.&lt;init&gt;(JDBC4Connection.java:47)
	at sun.reflect.NativeConstructorAccessorImpl.newInstance0(Native Method)
	at sun.reflect.NativeConstructorAccessorImpl.newInstance(NativeConstructorAccessorImpl.java:62)
	at sun.reflect.DelegatingConstructorAccessorImpl.newInstance(DelegatingConstructorAccessorImpl.java:45)
	at java.lang.reflect.Constructor.newInstance(Constructor.java:423)
	at com.mysql.jdbc.Util.handleNewInstance(Util.java:411)
	at com.mysql.jdbc.ConnectionImpl.getInstance(ConnectionImpl.java:399)
	at com.mysql.jdbc.NonRegisteringDriver.connect(NonRegisteringDriver.java:334)
	at com.alibaba.druid.filter.FilterChainImpl.connection_connect(FilterChainImpl.java:148)
	at com.alibaba.druid.filter.FilterAdapter.connection_connect(FilterAdapter.java:786)
	at com.alibaba.druid.filter.FilterEventAdapter.connection_connect(FilterEventAdapter.java:38)
	at com.alibaba.druid.filter.FilterChainImpl.connection_connect(FilterChainImpl.java:142)
	at com.alibaba.druid.filter.stat.StatFilter.connection_connect(StatFilter.java:211)
	at com.alibaba.druid.filter.FilterChainImpl.connection_connect(FilterChainImpl.java:142)
	at com.alibaba.druid.pool.DruidAbstractDataSource.createPhysicalConnection(DruidAbstractDataSource.java:1360)
	at com.alibaba.druid.pool.DruidAbstractDataSource.createPhysicalConnection(DruidAbstractDataSource.java:1414)
	at com.alibaba.druid.pool.DruidDataSource.init(DruidDataSource.java:602)
	at sun.reflect.NativeMethodAccessorImpl.invoke0(Native Method)
	at sun.reflect.NativeMethodAccessorImpl.invoke(NativeMethodAccessorImpl.java:62)
	at sun.reflect.DelegatingMethodAccessorImpl.invoke(DelegatingMethodAccessorImpl.java:43)
	at java.lang.reflect.Method.invoke(Method.java:498)
	at org.springframework.beans.factory.support.AbstractAutowireCapableBeanFactory.invokeCustomInitMethod(AbstractAutowireCapableBeanFactory.java:1706)
	at org.springframework.beans.factory.support.AbstractAutowireCapableBeanFactory.invokeInitMethods(AbstractAutowireCapableBeanFactory.java:1645)
	at org.springframework.beans.factory.support.AbstractAutowireCapableBeanFactory.initializeBean(AbstractAutowireCapableBeanFactory.java:1574)
	... 56 more
Caused by: java.sql.SQLException: Access denied for user &apos;root &apos;@&apos;localhost&apos; (using password: YES)
	at com.mysql.jdbc.SQLError.createSQLException(SQLError.java:1074)
	at com.mysql.jdbc.MysqlIO.checkErrorPacket(MysqlIO.java:4074)
	at com.mysql.jdbc.MysqlIO.checkErrorPacket(MysqlIO.java:4006)
	at com.mysql.jdbc.MysqlIO.checkErrorPacket(MysqlIO.java:919)
	at com.mysql.jdbc.MysqlIO.proceedHandshakeWithPluggableAuthentication(MysqlIO.java:1694)
	at com.mysql.jdbc.MysqlIO.doHandshake(MysqlIO.java:1244)
	at com.mysql.jdbc.ConnectionImpl.coreConnect(ConnectionImpl.java:2397)
	at com.mysql.jdbc.ConnectionImpl.connectWithRetries(ConnectionImpl.java:2238)
	... 82 more
</error>
    <system-out>[2018-07-02 21:44:21.407] -- [DEBUG] -- [main &gt;&gt;&gt;&gt; ProfileValueUtils.java:71 &gt;&gt;&gt;&gt; Method = retrieveProfileValueSource] -- [Content = Retrieved @ProfileValueSourceConfiguration [null] for test class [com.youmeek.ssm.SSMTest]]
[2018-07-02 21:44:21.407] -- [DEBUG] -- [main &gt;&gt;&gt;&gt; ProfileValueUtils.java:83 &gt;&gt;&gt;&gt; Method = retrieveProfileValueSource] -- [Content = Retrieved ProfileValueSource type [class org.springframework.test.annotation.SystemProfileValueSource] for class [com.youmeek.ssm.SSMTest]]
[2018-07-02 21:44:21.407] -- [TRACE] -- [main &gt;&gt;&gt;&gt; TestContextManager.java:222 &gt;&gt;&gt;&gt; Method = prepareTestInstance] -- [Content = prepareTestInstance(): instance [com.youmeek.ssm.SSMTest@59f63e24]]
[2018-07-02 21:44:21.407] -- [DEBUG] -- [main &gt;&gt;&gt;&gt; DependencyInjectionTestExecutionListener.java:81 &gt;&gt;&gt;&gt; Method = prepareTestInstance] -- [Content = Performing dependency injection for test context [[DefaultTestContext@49c43f4e testClass = SSMTest, testInstance = com.youmeek.ssm.SSMTest@59f63e24, testMethod = [null], testException = [null], mergedContextConfiguration = [MergedContextConfiguration@290dbf45 testClass = SSMTest, locations = &apos;{classpath*:spring/applicationContext*.xml}&apos;, classes = &apos;{}&apos;, contextInitializerClasses = &apos;[]&apos;, activeProfiles = &apos;{}&apos;, propertySourceLocations = &apos;{}&apos;, propertySourceProperties = &apos;{}&apos;, contextLoader = &apos;org.springframework.test.context.support.DelegatingSmartContextLoader&apos;, parent = [null]]]].]
[2018-07-02 21:44:21.408] -- [DEBUG] -- [main &gt;&gt;&gt;&gt; AbstractDelegatingSmartContextLoader.java:107 &gt;&gt;&gt;&gt; Method = delegateLoading] -- [Content = Delegating to GenericXmlContextLoader to load context from [MergedContextConfiguration@290dbf45 testClass = SSMTest, locations = &apos;{classpath*:spring/applicationContext*.xml}&apos;, classes = &apos;{}&apos;, contextInitializerClasses = &apos;[]&apos;, activeProfiles = &apos;{}&apos;, propertySourceLocations = &apos;{}&apos;, propertySourceProperties = &apos;{}&apos;, contextLoader = &apos;org.springframework.test.context.support.DelegatingSmartContextLoader&apos;, parent = [null]].]
[2018-07-02 21:44:21.408] -- [DEBUG] -- [main &gt;&gt;&gt;&gt; AbstractGenericContextLoader.java:107 &gt;&gt;&gt;&gt; Method = loadContext] -- [Content = Loading ApplicationContext for merged context configuration [[MergedContextConfiguration@290dbf45 testClass = SSMTest, locations = &apos;{classpath*:spring/applicationContext*.xml}&apos;, classes = &apos;{}&apos;, contextInitializerClasses = &apos;[]&apos;, activeProfiles = &apos;{}&apos;, propertySourceLocations = &apos;{}&apos;, propertySourceProperties = &apos;{}&apos;, contextLoader = &apos;org.springframework.test.context.support.DelegatingSmartContextLoader&apos;, parent = [null]]].]
[2018-07-02 21:44:21.409] -- [DEBUG] -- [main &gt;&gt;&gt;&gt; MutablePropertySources.java:109 &gt;&gt;&gt;&gt; Method = addLast] -- [Content = Adding [systemProperties] PropertySource with lowest search precedence]
[2018-07-02 21:44:21.409] -- [DEBUG] -- [main &gt;&gt;&gt;&gt; MutablePropertySources.java:109 &gt;&gt;&gt;&gt; Method = addLast] -- [Content = Adding [systemEnvironment] PropertySource with lowest search precedence]
[2018-07-02 21:44:21.409] -- [DEBUG] -- [main &gt;&gt;&gt;&gt; AbstractEnvironment.java:127 &gt;&gt;&gt;&gt; Method = &lt;init&gt;] -- [Content = Initialized StandardEnvironment with PropertySources [systemProperties,systemEnvironment]]
[2018-07-02 21:44:21.410] -- [DEBUG] -- [main &gt;&gt;&gt;&gt; PathMatchingResourcePatternResolver.java:312 &gt;&gt;&gt;&gt; Method = findAllClassPathResources] -- [Content = Resolved classpath location [spring/] to resources [URL [file:/Users/xk1020/IdeaProjects/Basic-Single-Module-SSJPA/target/classes/spring/]]]
[2018-07-02 21:44:21.410] -- [DEBUG] -- [main &gt;&gt;&gt;&gt; PathMatchingResourcePatternResolver.java:637 &gt;&gt;&gt;&gt; Method = doFindMatchingFileSystemResources] -- [Content = Looking for matching resources in directory tree [/Users/xk1020/IdeaProjects/Basic-Single-Module-SSJPA/target/classes/spring]]
[2018-07-02 21:44:21.410] -- [DEBUG] -- [main &gt;&gt;&gt;&gt; PathMatchingResourcePatternResolver.java:699 &gt;&gt;&gt;&gt; Method = doRetrieveMatchingFiles] -- [Content = Searching directory [/Users/xk1020/IdeaProjects/Basic-Single-Module-SSJPA/target/classes/spring] for files matching pattern [/Users/xk1020/IdeaProjects/Basic-Single-Module-SSJPA/target/classes/spring/applicationContext*.xml]]
[2018-07-02 21:44:21.411] -- [DEBUG] -- [main &gt;&gt;&gt;&gt; PathMatchingResourcePatternResolver.java:430 &gt;&gt;&gt;&gt; Method = findPathMatchingResources] -- [Content = Resolved location pattern [classpath*:spring/applicationContext*.xml] to resources [file [/Users/xk1020/IdeaProjects/Basic-Single-Module-SSJPA/target/classes/spring/applicationContext.xml], file [/Users/xk1020/IdeaProjects/Basic-Single-Module-SSJPA/target/classes/spring/applicationContext-dataSource.xml], file [/Users/xk1020/IdeaProjects/Basic-Single-Module-SSJPA/target/classes/spring/applicationContext-transaction.xml], file [/Users/xk1020/IdeaProjects/Basic-Single-Module-SSJPA/target/classes/spring/applicationContext-jpa.xml]]]
[2018-07-02 21:44:21.411] -- [INFO] -- [main &gt;&gt;&gt;&gt; XmlBeanDefinitionReader.java:317 &gt;&gt;&gt;&gt; Method = loadBeanDefinitions] -- [Content = Loading XML bean definitions from file [/Users/xk1020/IdeaProjects/Basic-Single-Module-SSJPA/target/classes/spring/applicationContext.xml]]
[2018-07-02 21:44:21.412] -- [DEBUG] -- [main &gt;&gt;&gt;&gt; DefaultDocumentLoader.java:73 &gt;&gt;&gt;&gt; Method = loadDocument] -- [Content = Using JAXP provider [com.sun.org.apache.xerces.internal.jaxp.DocumentBuilderFactoryImpl]]
[2018-07-02 21:44:21.413] -- [TRACE] -- [main &gt;&gt;&gt;&gt; PluggableSchemaResolver.java:106 &gt;&gt;&gt;&gt; Method = resolveEntity] -- [Content = Trying to resolve XML entity with public id [null] and system id [http://www.springframework.org/schema/beans/spring-beans-4.2.xsd]]
[2018-07-02 21:44:21.414] -- [DEBUG] -- [main &gt;&gt;&gt;&gt; PluggableSchemaResolver.java:141 &gt;&gt;&gt;&gt; Method = getSchemaMappings] -- [Content = Loading schema mappings from [META-INF/spring.schemas]]
[2018-07-02 21:44:21.417] -- [DEBUG] -- [main &gt;&gt;&gt;&gt; PluggableSchemaResolver.java:147 &gt;&gt;&gt;&gt; Method = getSchemaMappings] -- [Content = Loaded schema mappings: {http://www.springframework.org/schema/tx/spring-tx-2.5.xsd=org/springframework/transaction/config/spring-tx-2.5.xsd, http://www.springframework.org/schema/cache/spring-cache-4.2.xsd=org/springframework/cache/config/spring-cache-4.2.xsd, http://www.springframework.org/schema/aop/spring-aop-4.1.xsd=org/springframework/aop/config/spring-aop-4.1.xsd, http://www.springframework.org/schema/context/spring-context-3.1.xsd=org/springframework/context/config/spring-context-3.1.xsd, http://www.springframework.org/schema/data/repository/spring-repository-1.4.xsd=org/springframework/data/repository/config/spring-repository-1.4.xsd, http://www.springframework.org/schema/jdbc/spring-jdbc-4.1.xsd=org/springframework/jdbc/config/spring-jdbc-4.1.xsd, http://www.springframework.org/schema/util/spring-util-3.0.xsd=org/springframework/beans/factory/xml/spring-util-3.0.xsd, http://www.springframework.org/schema/mvc/spring-mvc-4.1.xsd=org/springframework/web/servlet/config/spring-mvc-4.1.xsd, http://www.springframework.org/schema/data/jpa/spring-jpa.xsd=org/springframework/data/jpa/repository/config/spring-jpa-1.8.xsd, http://www.springframework.org/schema/aop/spring-aop-3.2.xsd=org/springframework/aop/config/spring-aop-3.2.xsd, http://www.springframework.org/schema/tool/spring-tool.xsd=org/springframework/beans/factory/xml/spring-tool-4.2.xsd, http://www.springframework.org/schema/lang/spring-lang-4.1.xsd=org/springframework/scripting/config/spring-lang-4.1.xsd, http://www.springframework.org/schema/context/spring-context-4.0.xsd=org/springframework/context/config/spring-context-4.0.xsd, http://www.springframework.org/schema/mvc/spring-mvc-3.2.xsd=org/springframework/web/servlet/config/spring-mvc-3.2.xsd, http://www.springframework.org/schema/beans/spring-beans-4.2.xsd=org/springframework/beans/factory/xml/spring-beans-4.2.xsd, http://www.springframework.org/schema/oxm/spring-oxm-3.0.xsd=org/springframework/oxm/config/spring-oxm-3.0.xsd, http://www.springframework.org/schema/tool/spring-tool-4.1.xsd=org/springframework/beans/factory/xml/spring-tool-4.1.xsd, http://www.springframework.org/schema/lang/spring-lang-3.2.xsd=org/springframework/scripting/config/spring-lang-3.2.xsd, http://www.springframework.org/schema/cache/spring-cache-3.2.xsd=org/springframework/cache/config/spring-cache-3.2.xsd, http://www.springframework.org/schema/jee/spring-jee-4.1.xsd=org/springframework/ejb/config/spring-jee-4.1.xsd, http://www.springframework.org/schema/jdbc/spring-jdbc-3.1.xsd=org/springframework/jdbc/config/spring-jdbc-3.1.xsd, http://www.springframework.org/schema/task/spring-task-4.2.xsd=org/springframework/scheduling/config/spring-task-4.2.xsd, http://www.springframework.org/schema/util/spring-util-2.0.xsd=org/springframework/beans/factory/xml/spring-util-2.0.xsd, http://www.springframework.org/schema/tool/spring-tool-3.2.xsd=org/springframework/beans/factory/xml/spring-tool-3.2.xsd, http://www.springframework.org/schema/context/spring-context.xsd=org/springframework/context/config/spring-context-4.2.xsd, http://www.springframework.org/schema/tx/spring-tx-4.2.xsd=org/springframework/transaction/config/spring-tx-4.2.xsd, http://www.springframework.org/schema/cache/spring-cache-4.1.xsd=org/springframework/cache/config/spring-cache-4.1.xsd, http://www.springframework.org/schema/aop/spring-aop-4.0.xsd=org/springframework/aop/config/spring-aop-4.0.xsd, http://www.springframework.org/schema/jee/spring-jee-3.2.xsd=org/springframework/ejb/config/spring-jee-3.2.xsd, http://www.springframework.org/schema/context/spring-context-3.0.xsd=org/springframework/context/config/spring-context-3.0.xsd, http://www.springframework.org/schema/jdbc/spring-jdbc-4.0.xsd=org/springframework/jdbc/config/spring-jdbc-4.0.xsd, http://www.springframework.org/schema/util/spring-util-2.5.xsd=org/springframework/beans/factory/xml/spring-util-2.5.xsd, http://www.springframework.org/schema/mvc/spring-mvc-4.0.xsd=org/springframework/web/servlet/config/spring-mvc-4.0.xsd, http://www.springframework.org/schema/beans/spring-beans-3.2.xsd=org/springframework/beans/factory/xml/spring-beans-3.2.xsd, http://www.springframework.org/schema/aop/spring-aop-3.1.xsd=org/springframework/aop/config/spring-aop-3.1.xsd, http://www.springframework.org/schema/lang/spring-lang-4.0.xsd=org/springframework/scripting/config/spring-lang-4.0.xsd, http://www.springframework.org/schema/data/repository/spring-repository-1.8.xsd=org/springframework/data/repository/config/spring-repository-1.8.xsd, http://www.springframework.org/schema/mvc/spring-mvc.xsd=org/springframework/web/servlet/config/spring-mvc-4.2.xsd, http://www.springframework.org/schema/mvc/spring-mvc-3.1.xsd=org/springframework/web/servlet/config/spring-mvc-3.1.xsd, http://www.springframework.org/schema/beans/spring-beans-4.1.xsd=org/springframework/beans/factory/xml/spring-beans-4.1.xsd, http://www.springframework.org/schema/tool/spring-tool-4.0.xsd=org/springframework/beans/factory/xml/spring-tool-4.0.xsd, http://www.springframework.org/schema/lang/spring-lang-3.1.xsd=org/springframework/scripting/config/spring-lang-3.1.xsd, http://www.springframework.org/schema/tx/spring-tx-3.2.xsd=org/springframework/transaction/config/spring-tx-3.2.xsd, http://www.springframework.org/schema/cache/spring-cache-3.1.xsd=org/springframework/cache/config/spring-cache-3.1.xsd, http://www.springframework.org/schema/jee/spring-jee-4.0.xsd=org/springframework/ejb/config/spring-jee-4.0.xsd, http://www.springframework.org/schema/jdbc/spring-jdbc-3.0.xsd=org/springframework/jdbc/config/spring-jdbc-3.0.xsd, http://www.springframework.org/schema/task/spring-task-4.1.xsd=org/springframework/scheduling/config/spring-task-4.1.xsd, http://www.springframework.org/schema/jdbc/spring-jdbc.xsd=org/springframework/jdbc/config/spring-jdbc-4.2.xsd, http://www.springframework.org/schema/tool/spring-tool-3.1.xsd=org/springframework/beans/factory/xml/spring-tool-3.1.xsd, http://www.springframework.org/schema/tx/spring-tx-4.1.xsd=org/springframework/transaction/config/spring-tx-4.1.xsd, http://www.springframework.org/schema/cache/spring-cache-4.0.xsd=org/springframework/cache/config/spring-cache-4.0.xsd, http://www.springframework.org/schema/jee/spring-jee-3.1.xsd=org/springframework/ejb/config/spring-jee-3.1.xsd, http://www.springframework.org/schema/task/spring-task-3.2.xsd=org/springframework/scheduling/config/spring-task-3.2.xsd, http://www.springframework.org/schema/util/spring-util-4.2.xsd=org/springframework/beans/factory/xml/spring-util-4.2.xsd, http://www.springframework.org/schema/beans/spring-beans-3.1.xsd=org/springframework/beans/factory/xml/spring-beans-3.1.xsd, http://www.springframework.org/schema/util/spring-util.xsd=org/springframework/beans/factory/xml/spring-util-4.2.xsd, http://www.springframework.org/schema/data/jpa/spring-jpa-1.3.xsd=org/springframework/data/jpa/repository/config/spring-jpa-1.3.xsd, http://www.springframework.org/schema/aop/spring-aop-3.0.xsd=org/springframework/aop/config/spring-aop-3.0.xsd, http://www.springframework.org/schema/data/repository/spring-repository.xsd=org/springframework/data/repository/config/spring-repository-1.11.xsd, http://www.springframework.org/schema/data/repository/spring-repository-1.7.xsd=org/springframework/data/repository/config/spring-repository-1.7.xsd, http://www.springframework.org/schema/mvc/spring-mvc-3.0.xsd=org/springframework/web/servlet/config/spring-mvc-3.0.xsd, http://www.springframework.org/schema/beans/spring-beans-4.0.xsd=org/springframework/beans/factory/xml/spring-beans-4.0.xsd, http://www.springframework.org/schema/oxm/spring-oxm-4.2.xsd=org/springframework/oxm/config/spring-oxm-4.2.xsd, http://www.springframework.org/schema/data/jpa/spring-jpa-1.8.xsd=org/springframework/data/jpa/repository/config/spring-jpa-1.8.xsd, http://www.springframework.org/schema/beans/spring-beans.xsd=org/springframework/beans/factory/xml/spring-beans-4.2.xsd, http://www.springframework.org/schema/lang/spring-lang-3.0.xsd=org/springframework/scripting/config/spring-lang-3.0.xsd, http://www.springframework.org/schema/tx/spring-tx-3.1.xsd=org/springframework/transaction/config/spring-tx-3.1.xsd, http://www.springframework.org/schema/context/spring-context-2.5.xsd=org/springframework/context/config/spring-context-2.5.xsd, http://www.springframework.org/schema/task/spring-task-4.0.xsd=org/springframework/scheduling/config/spring-task-4.0.xsd, http://www.springframework.org/schema/tool/spring-tool-3.0.xsd=org/springframework/beans/factory/xml/spring-tool-3.0.xsd, http://www.springframework.org/schema/tx/spring-tx-4.0.xsd=org/springframework/transaction/config/spring-tx-4.0.xsd, http://www.springframework.org/schema/aop/spring-aop-2.0.xsd=org/springframework/aop/config/spring-aop-2.0.xsd, http://www.springframework.org/schema/jee/spring-jee-3.0.xsd=org/springframework/ejb/config/spring-jee-3.0.xsd, http://www.springframework.org/schema/task/spring-task-3.1.xsd=org/springframework/scheduling/config/spring-task-3.1.xsd, http://www.springframework.org/schema/util/spring-util-4.1.xsd=org/springframework/beans/factory/xml/spring-util-4.1.xsd, http://www.springframework.org/schema/beans/spring-beans-3.0.xsd=org/springframework/beans/factory/xml/spring-beans-3.0.xsd, http://www.springframework.org/schema/data/jpa/spring-jpa-1.2.xsd=org/springframework/data/jpa/repository/config/spring-jpa-1.2.xsd, http://www.springframework.org/schema/jee/spring-jee.xsd=org/springframework/ejb/config/spring-jee-4.2.xsd, http://www.springframework.org/schema/aop/spring-aop-2.5.xsd=org/springframework/aop/config/spring-aop-2.5.xsd, http://www.springframework.org/schema/lang/spring-lang-2.0.xsd=org/springframework/scripting/config/spring-lang-2.0.xsd, http://www.springframework.org/schema/data/repository/spring-repository-1.6.xsd=org/springframework/data/repository/config/spring-repository-1.6.xsd, http://www.springframework.org/schema/oxm/spring-oxm.xsd=org/springframework/oxm/config/spring-oxm-4.2.xsd, http://www.springframework.org/schema/util/spring-util-3.2.xsd=org/springframework/beans/factory/xml/spring-util-3.2.xsd, http://www.springframework.org/schema/oxm/spring-oxm-4.1.xsd=org/springframework/oxm/config/spring-oxm-4.1.xsd, http://www.springframework.org/schema/task/spring-task.xsd=org/springframework/scheduling/config/spring-task-4.2.xsd, http://www.springframework.org/schema/tool/spring-tool-2.0.xsd=org/springframework/beans/factory/xml/spring-tool-2.0.xsd, http://www.springframework.org/schema/lang/spring-lang-2.5.xsd=org/springframework/scripting/config/spring-lang-2.5.xsd, http://www.springframework.org/schema/tx/spring-tx-3.0.xsd=org/springframework/transaction/config/spring-tx-3.0.xsd, http://www.springframework.org/schema/context/spring-context-4.2.xsd=org/springframework/context/config/spring-context-4.2.xsd, http://www.springframework.org/schema/jee/spring-jee-2.0.xsd=org/springframework/ejb/config/spring-jee-2.0.xsd, http://www.springframework.org/schema/oxm/spring-oxm-3.2.xsd=org/springframework/oxm/config/spring-oxm-3.2.xsd, http://www.springframework.org/schema/tool/spring-tool-2.5.xsd=org/springframework/beans/factory/xml/spring-tool-2.5.xsd, http://www.springframework.org/schema/jee/spring-jee-2.5.xsd=org/springframework/ejb/config/spring-jee-2.5.xsd, http://www.springframework.org/schema/data/repository/spring-repository-1.0.xsd=org/springframework/data/repository/config/spring-repository-1.0.xsd, http://www.springframework.org/schema/task/spring-task-3.0.xsd=org/springframework/scheduling/config/spring-task-3.0.xsd, http://www.springframework.org/schema/util/spring-util-4.0.xsd=org/springframework/beans/factory/xml/spring-util-4.0.xsd, http://www.springframework.org/schema/data/jpa/spring-jpa-1.1.xsd=org/springframework/data/jpa/repository/config/spring-jpa-1.1.xsd, http://www.springframework.org/schema/aop/spring-aop-4.2.xsd=org/springframework/aop/config/spring-aop-4.2.xsd, http://www.springframework.org/schema/lang/spring-lang.xsd=org/springframework/scripting/config/spring-lang-4.2.xsd, http://www.springframework.org/schema/context/spring-context-3.2.xsd=org/springframework/context/config/spring-context-3.2.xsd, http://www.springframework.org/schema/data/repository/spring-repository-1.5.xsd=org/springframework/data/repository/config/spring-repository-1.5.xsd, http://www.springframework.org/schema/jdbc/spring-jdbc-4.2.xsd=org/springframework/jdbc/config/spring-jdbc-4.2.xsd, http://www.springframework.org/schema/mvc/spring-mvc-4.2.xsd=org/springframework/web/servlet/config/spring-mvc-4.2.xsd, http://www.springframework.org/schema/util/spring-util-3.1.xsd=org/springframework/beans/factory/xml/spring-util-3.1.xsd, http://www.springframework.org/schema/beans/spring-beans-2.0.xsd=org/springframework/beans/factory/xml/spring-beans-2.0.xsd, http://www.springframework.org/schema/oxm/spring-oxm-4.0.xsd=org/springframework/oxm/config/spring-oxm-4.0.xsd, http://www.springframework.org/schema/cache/spring-cache.xsd=org/springframework/cache/config/spring-cache-4.2.xsd, http://www.springframework.org/schema/tx/spring-tx.xsd=org/springframework/transaction/config/spring-tx-4.2.xsd, http://www.springframework.org/schema/lang/spring-lang-4.2.xsd=org/springframework/scripting/config/spring-lang-4.2.xsd, http://www.springframework.org/schema/context/spring-context-4.1.xsd=org/springframework/context/config/spring-context-4.1.xsd, http://www.springframework.org/schema/beans/spring-beans-2.5.xsd=org/springframework/beans/factory/xml/spring-beans-2.5.xsd, http://www.springframework.org/schema/oxm/spring-oxm-3.1.xsd=org/springframework/oxm/config/spring-oxm-3.1.xsd, http://www.springframework.org/schema/tool/spring-tool-4.2.xsd=org/springframework/beans/factory/xml/spring-tool-4.2.xsd, http://www.springframework.org/schema/tx/spring-tx-2.0.xsd=org/springframework/transaction/config/spring-tx-2.0.xsd, http://www.springframework.org/schema/data/repository/spring-repository-1.11.xsd=org/springframework/data/repository/config/spring-repository-1.11.xsd, http://www.springframework.org/schema/jee/spring-jee-4.2.xsd=org/springframework/ejb/config/spring-jee-4.2.xsd, http://www.springframework.org/schema/jdbc/spring-jdbc-3.2.xsd=org/springframework/jdbc/config/spring-jdbc-3.2.xsd, http://www.springframework.org/schema/aop/spring-aop.xsd=org/springframework/aop/config/spring-aop-4.2.xsd, http://www.springframework.org/schema/data/jpa/spring-jpa-1.0.xsd=org/springframework/data/jpa/repository/config/spring-jpa-1.0.xsd}]
[2018-07-02 21:44:21.418] -- [DEBUG] -- [main &gt;&gt;&gt;&gt; PluggableSchemaResolver.java:119 &gt;&gt;&gt;&gt; Method = resolveEntity] -- [Content = Found XML schema [http://www.springframework.org/schema/beans/spring-beans-4.2.xsd] in classpath: org/springframework/beans/factory/xml/spring-beans-4.2.xsd]
[2018-07-02 21:44:21.425] -- [TRACE] -- [main &gt;&gt;&gt;&gt; PluggableSchemaResolver.java:106 &gt;&gt;&gt;&gt; Method = resolveEntity] -- [Content = Trying to resolve XML entity with public id [null] and system id [http://www.springframework.org/schema/context/spring-context-4.2.xsd]]
[2018-07-02 21:44:21.426] -- [DEBUG] -- [main &gt;&gt;&gt;&gt; PluggableSchemaResolver.java:119 &gt;&gt;&gt;&gt; Method = resolveEntity] -- [Content = Found XML schema [http://www.springframework.org/schema/context/spring-context-4.2.xsd] in classpath: org/springframework/context/config/spring-context-4.2.xsd]
[2018-07-02 21:44:21.428] -- [TRACE] -- [main &gt;&gt;&gt;&gt; PluggableSchemaResolver.java:106 &gt;&gt;&gt;&gt; Method = resolveEntity] -- [Content = Trying to resolve XML entity with public id [null] and system id [http://www.springframework.org/schema/tool/spring-tool-4.2.xsd]]
[2018-07-02 21:44:21.428] -- [DEBUG] -- [main &gt;&gt;&gt;&gt; PluggableSchemaResolver.java:119 &gt;&gt;&gt;&gt; Method = resolveEntity] -- [Content = Found XML schema [http://www.springframework.org/schema/tool/spring-tool-4.2.xsd] in classpath: org/springframework/beans/factory/xml/spring-tool-4.2.xsd]
[2018-07-02 21:44:21.431] -- [DEBUG] -- [main &gt;&gt;&gt;&gt; DefaultBeanDefinitionDocumentReader.java:92 &gt;&gt;&gt;&gt; Method = registerBeanDefinitions] -- [Content = Loading bean definitions]
[2018-07-02 21:44:21.433] -- [DEBUG] -- [main &gt;&gt;&gt;&gt; DefaultNamespaceHandlerResolver.java:157 &gt;&gt;&gt;&gt; Method = getHandlerMappings] -- [Content = Loaded NamespaceHandler mappings: {http://www.springframework.org/schema/p=org.springframework.beans.factory.xml.SimplePropertyNamespaceHandler, http://www.springframework.org/schema/mvc=org.springframework.web.servlet.config.MvcNamespaceHandler, http://www.springframework.org/schema/util=org.springframework.beans.factory.xml.UtilNamespaceHandler, http://www.springframework.org/schema/jee=org.springframework.ejb.config.JeeNamespaceHandler, http://www.springframework.org/schema/aop=org.springframework.aop.config.AopNamespaceHandler, http://www.springframework.org/schema/data/repository=org.springframework.data.repository.config.RepositoryNameSpaceHandler, http://www.springframework.org/schema/jdbc=org.springframework.jdbc.config.JdbcNamespaceHandler, http://www.springframework.org/schema/oxm=org.springframework.oxm.config.OxmNamespaceHandler, http://www.springframework.org/schema/data/jpa=org.springframework.data.jpa.repository.config.JpaRepositoryNameSpaceHandler, http://www.springframework.org/schema/cache=org.springframework.cache.config.CacheNamespaceHandler, http://www.springframework.org/schema/c=org.springframework.beans.factory.xml.SimpleConstructorNamespaceHandler, http://www.springframework.org/schema/tx=org.springframework.transaction.config.TxNamespaceHandler, http://www.springframework.org/schema/task=org.springframework.scheduling.config.TaskNamespaceHandler, http://www.springframework.org/schema/lang=org.springframework.scripting.config.LangNamespaceHandler, http://www.springframework.org/schema/data/keyvalue=org.springframework.data.keyvalue.repository.config.KeyValueRepositoryNameSpaceHandler, http://www.springframework.org/schema/context=org.springframework.context.config.ContextNamespaceHandler}]
[2018-07-02 21:44:21.434] -- [DEBUG] -- [main &gt;&gt;&gt;&gt; ClassPathScanningCandidateComponentProvider.java:244 &gt;&gt;&gt;&gt; Method = registerDefaultFilters] -- [Content = JSR-250 &apos;javax.annotation.ManagedBean&apos; found and supported for component scanning]
[2018-07-02 21:44:21.434] -- [DEBUG] -- [main &gt;&gt;&gt;&gt; ClassPathScanningCandidateComponentProvider.java:252 &gt;&gt;&gt;&gt; Method = registerDefaultFilters] -- [Content = JSR-330 &apos;javax.inject.Named&apos; annotation found and supported for component scanning]
[2018-07-02 21:44:21.435] -- [DEBUG] -- [main &gt;&gt;&gt;&gt; PathMatchingResourcePatternResolver.java:312 &gt;&gt;&gt;&gt; Method = findAllClassPathResources] -- [Content = Resolved classpath location [com/youmeek/] to resources [URL [file:/Users/xk1020/IdeaProjects/Basic-Single-Module-SSJPA/target/test-classes/com/youmeek/], URL [file:/Users/xk1020/IdeaProjects/Basic-Single-Module-SSJPA/target/classes/com/youmeek/]]]
[2018-07-02 21:44:21.435] -- [DEBUG] -- [main &gt;&gt;&gt;&gt; PathMatchingResourcePatternResolver.java:637 &gt;&gt;&gt;&gt; Method = doFindMatchingFileSystemResources] -- [Content = Looking for matching resources in directory tree [/Users/xk1020/IdeaProjects/Basic-Single-Module-SSJPA/target/test-classes/com/youmeek]]
[2018-07-02 21:44:21.435] -- [DEBUG] -- [main &gt;&gt;&gt;&gt; PathMatchingResourcePatternResolver.java:699 &gt;&gt;&gt;&gt; Method = doRetrieveMatchingFiles] -- [Content = Searching directory [/Users/xk1020/IdeaProjects/Basic-Single-Module-SSJPA/target/test-classes/com/youmeek] for files matching pattern [/Users/xk1020/IdeaProjects/Basic-Single-Module-SSJPA/target/test-classes/com/youmeek/**/service/**/*.class]]
[2018-07-02 21:44:21.436] -- [DEBUG] -- [main &gt;&gt;&gt;&gt; PathMatchingResourcePatternResolver.java:699 &gt;&gt;&gt;&gt; Method = doRetrieveMatchingFiles] -- [Content = Searching directory [/Users/xk1020/IdeaProjects/Basic-Single-Module-SSJPA/target/test-classes/com/youmeek/ssm] for files matching pattern [/Users/xk1020/IdeaProjects/Basic-Single-Module-SSJPA/target/test-classes/com/youmeek/**/service/**/*.class]]
[2018-07-02 21:44:21.436] -- [DEBUG] -- [main &gt;&gt;&gt;&gt; PathMatchingResourcePatternResolver.java:637 &gt;&gt;&gt;&gt; Method = doFindMatchingFileSystemResources] -- [Content = Looking for matching resources in directory tree [/Users/xk1020/IdeaProjects/Basic-Single-Module-SSJPA/target/classes/com/youmeek]]
[2018-07-02 21:44:21.436] -- [DEBUG] -- [main &gt;&gt;&gt;&gt; PathMatchingResourcePatternResolver.java:699 &gt;&gt;&gt;&gt; Method = doRetrieveMatchingFiles] -- [Content = Searching directory [/Users/xk1020/IdeaProjects/Basic-Single-Module-SSJPA/target/classes/com/youmeek] for files matching pattern [/Users/xk1020/IdeaProjects/Basic-Single-Module-SSJPA/target/classes/com/youmeek/**/service/**/*.class]]
[2018-07-02 21:44:21.436] -- [DEBUG] -- [main &gt;&gt;&gt;&gt; PathMatchingResourcePatternResolver.java:699 &gt;&gt;&gt;&gt; Method = doRetrieveMatchingFiles] -- [Content = Searching directory [/Users/xk1020/IdeaProjects/Basic-Single-Module-SSJPA/target/classes/com/youmeek/ssm] for files matching pattern [/Users/xk1020/IdeaProjects/Basic-Single-Module-SSJPA/target/classes/com/youmeek/**/service/**/*.class]]
[2018-07-02 21:44:21.437] -- [DEBUG] -- [main &gt;&gt;&gt;&gt; PathMatchingResourcePatternResolver.java:699 &gt;&gt;&gt;&gt; Method = doRetrieveMatchingFiles] -- [Content = Searching directory [/Users/xk1020/IdeaProjects/Basic-Single-Module-SSJPA/target/classes/com/youmeek/ssm/module] for files matching pattern [/Users/xk1020/IdeaProjects/Basic-Single-Module-SSJPA/target/classes/com/youmeek/**/service/**/*.class]]
[2018-07-02 21:44:21.437] -- [DEBUG] -- [main &gt;&gt;&gt;&gt; PathMatchingResourcePatternResolver.java:699 &gt;&gt;&gt;&gt; Method = doRetrieveMatchingFiles] -- [Content = Searching directory [/Users/xk1020/IdeaProjects/Basic-Single-Module-SSJPA/target/classes/com/youmeek/ssm/module/user] for files matching pattern [/Users/xk1020/IdeaProjects/Basic-Single-Module-SSJPA/target/classes/com/youmeek/**/service/**/*.class]]
[2018-07-02 21:44:21.437] -- [DEBUG] -- [main &gt;&gt;&gt;&gt; PathMatchingResourcePatternResolver.java:699 &gt;&gt;&gt;&gt; Method = doRetrieveMatchingFiles] -- [Content = Searching directory [/Users/xk1020/IdeaProjects/Basic-Single-Module-SSJPA/target/classes/com/youmeek/ssm/module/user/dao] for files matching pattern [/Users/xk1020/IdeaProjects/Basic-Single-Module-SSJPA/target/classes/com/youmeek/**/service/**/*.class]]
[2018-07-02 21:44:21.438] -- [DEBUG] -- [main &gt;&gt;&gt;&gt; PathMatchingResourcePatternResolver.java:699 &gt;&gt;&gt;&gt; Method = doRetrieveMatchingFiles] -- [Content = Searching directory [/Users/xk1020/IdeaProjects/Basic-Single-Module-SSJPA/target/classes/com/youmeek/ssm/module/user/controller] for files matching pattern [/Users/xk1020/IdeaProjects/Basic-Single-Module-SSJPA/target/classes/com/youmeek/**/service/**/*.class]]
[2018-07-02 21:44:21.438] -- [DEBUG] -- [main &gt;&gt;&gt;&gt; PathMatchingResourcePatternResolver.java:699 &gt;&gt;&gt;&gt; Method = doRetrieveMatchingFiles] -- [Content = Searching directory [/Users/xk1020/IdeaProjects/Basic-Single-Module-SSJPA/target/classes/com/youmeek/ssm/module/user/service] for files matching pattern [/Users/xk1020/IdeaProjects/Basic-Single-Module-SSJPA/target/classes/com/youmeek/**/service/**/*.class]]
[2018-07-02 21:44:21.438] -- [DEBUG] -- [main &gt;&gt;&gt;&gt; PathMatchingResourcePatternResolver.java:699 &gt;&gt;&gt;&gt; Method = doRetrieveMatchingFiles] -- [Content = Searching directory [/Users/xk1020/IdeaProjects/Basic-Single-Module-SSJPA/target/classes/com/youmeek/ssm/module/user/service/impl] for files matching pattern [/Users/xk1020/IdeaProjects/Basic-Single-Module-SSJPA/target/classes/com/youmeek/**/service/**/*.class]]
[2018-07-02 21:44:21.439] -- [DEBUG] -- [main &gt;&gt;&gt;&gt; PathMatchingResourcePatternResolver.java:699 &gt;&gt;&gt;&gt; Method = doRetrieveMatchingFiles] -- [Content = Searching directory [/Users/xk1020/IdeaProjects/Basic-Single-Module-SSJPA/target/classes/com/youmeek/ssm/module/user/pojo] for files matching pattern [/Users/xk1020/IdeaProjects/Basic-Single-Module-SSJPA/target/classes/com/youmeek/**/service/**/*.class]]
[2018-07-02 21:44:21.439] -- [DEBUG] -- [main &gt;&gt;&gt;&gt; PathMatchingResourcePatternResolver.java:699 &gt;&gt;&gt;&gt; Method = doRetrieveMatchingFiles] -- [Content = Searching directory [/Users/xk1020/IdeaProjects/Basic-Single-Module-SSJPA/target/classes/com/youmeek/ssm/aop] for files matching pattern [/Users/xk1020/IdeaProjects/Basic-Single-Module-SSJPA/target/classes/com/youmeek/**/service/**/*.class]]
[2018-07-02 21:44:21.439] -- [DEBUG] -- [main &gt;&gt;&gt;&gt; PathMatchingResourcePatternResolver.java:699 &gt;&gt;&gt;&gt; Method = doRetrieveMatchingFiles] -- [Content = Searching directory [/Users/xk1020/IdeaProjects/Basic-Single-Module-SSJPA/target/classes/com/youmeek/ssm/aop/log] for files matching pattern [/Users/xk1020/IdeaProjects/Basic-Single-Module-SSJPA/target/classes/com/youmeek/**/service/**/*.class]]
[2018-07-02 21:44:21.439] -- [DEBUG] -- [main &gt;&gt;&gt;&gt; PathMatchingResourcePatternResolver.java:699 &gt;&gt;&gt;&gt; Method = doRetrieveMatchingFiles] -- [Content = Searching directory [/Users/xk1020/IdeaProjects/Basic-Single-Module-SSJPA/target/classes/com/youmeek/ssm/interceptor] for files matching pattern [/Users/xk1020/IdeaProjects/Basic-Single-Module-SSJPA/target/classes/com/youmeek/**/service/**/*.class]]
[2018-07-02 21:44:21.440] -- [DEBUG] -- [main &gt;&gt;&gt;&gt; PathMatchingResourcePatternResolver.java:430 &gt;&gt;&gt;&gt; Method = findPathMatchingResources] -- [Content = Resolved location pattern [classpath*:com/youmeek/**/service/**/*.class] to resources [file [/Users/xk1020/IdeaProjects/Basic-Single-Module-SSJPA/target/classes/com/youmeek/ssm/module/user/service/impl/SysUserServiceImpl.class], file [/Users/xk1020/IdeaProjects/Basic-Single-Module-SSJPA/target/classes/com/youmeek/ssm/module/user/service/SysUserService.class]]]
[2018-07-02 21:44:21.440] -- [TRACE] -- [main &gt;&gt;&gt;&gt; ClassPathScanningCandidateComponentProvider.java:275 &gt;&gt;&gt;&gt; Method = findCandidateComponents] -- [Content = Scanning file [/Users/xk1020/IdeaProjects/Basic-Single-Module-SSJPA/target/classes/com/youmeek/ssm/module/user/service/impl/SysUserServiceImpl.class]]
[2018-07-02 21:44:21.441] -- [DEBUG] -- [main &gt;&gt;&gt;&gt; ClassPathScanningCandidateComponentProvider.java:286 &gt;&gt;&gt;&gt; Method = findCandidateComponents] -- [Content = Identified candidate component class: file [/Users/xk1020/IdeaProjects/Basic-Single-Module-SSJPA/target/classes/com/youmeek/ssm/module/user/service/impl/SysUserServiceImpl.class]]
[2018-07-02 21:44:21.441] -- [TRACE] -- [main &gt;&gt;&gt;&gt; ClassPathScanningCandidateComponentProvider.java:275 &gt;&gt;&gt;&gt; Method = findCandidateComponents] -- [Content = Scanning file [/Users/xk1020/IdeaProjects/Basic-Single-Module-SSJPA/target/classes/com/youmeek/ssm/module/user/service/SysUserService.class]]
[2018-07-02 21:44:21.441] -- [TRACE] -- [main &gt;&gt;&gt;&gt; ClassPathScanningCandidateComponentProvider.java:298 &gt;&gt;&gt;&gt; Method = findCandidateComponents] -- [Content = Ignored because not matching any filter: file [/Users/xk1020/IdeaProjects/Basic-Single-Module-SSJPA/target/classes/com/youmeek/ssm/module/user/service/SysUserService.class]]
[2018-07-02 21:44:21.442] -- [INFO] -- [main &gt;&gt;&gt;&gt; XmlBeanDefinitionReader.java:317 &gt;&gt;&gt;&gt; Method = loadBeanDefinitions] -- [Content = Loading XML bean definitions from file [/Users/xk1020/IdeaProjects/Basic-Single-Module-SSJPA/target/classes/spring/applicationContext-dataSource.xml]]
[2018-07-02 21:44:21.443] -- [DEBUG] -- [main &gt;&gt;&gt;&gt; DefaultDocumentLoader.java:73 &gt;&gt;&gt;&gt; Method = loadDocument] -- [Content = Using JAXP provider [com.sun.org.apache.xerces.internal.jaxp.DocumentBuilderFactoryImpl]]
[2018-07-02 21:44:21.444] -- [TRACE] -- [main &gt;&gt;&gt;&gt; PluggableSchemaResolver.java:106 &gt;&gt;&gt;&gt; Method = resolveEntity] -- [Content = Trying to resolve XML entity with public id [null] and system id [http://www.springframework.org/schema/beans/spring-beans-4.2.xsd]]
[2018-07-02 21:44:21.445] -- [DEBUG] -- [main &gt;&gt;&gt;&gt; PluggableSchemaResolver.java:119 &gt;&gt;&gt;&gt; Method = resolveEntity] -- [Content = Found XML schema [http://www.springframework.org/schema/beans/spring-beans-4.2.xsd] in classpath: org/springframework/beans/factory/xml/spring-beans-4.2.xsd]
[2018-07-02 21:44:21.452] -- [DEBUG] -- [main &gt;&gt;&gt;&gt; DefaultBeanDefinitionDocumentReader.java:92 &gt;&gt;&gt;&gt; Method = registerBeanDefinitions] -- [Content = Loading bean definitions]
[2018-07-02 21:44:21.454] -- [INFO] -- [main &gt;&gt;&gt;&gt; XmlBeanDefinitionReader.java:317 &gt;&gt;&gt;&gt; Method = loadBeanDefinitions] -- [Content = Loading XML bean definitions from file [/Users/xk1020/IdeaProjects/Basic-Single-Module-SSJPA/target/classes/spring/applicationContext-transaction.xml]]
[2018-07-02 21:44:21.455] -- [DEBUG] -- [main &gt;&gt;&gt;&gt; DefaultDocumentLoader.java:73 &gt;&gt;&gt;&gt; Method = loadDocument] -- [Content = Using JAXP provider [com.sun.org.apache.xerces.internal.jaxp.DocumentBuilderFactoryImpl]]
[2018-07-02 21:44:21.456] -- [TRACE] -- [main &gt;&gt;&gt;&gt; PluggableSchemaResolver.java:106 &gt;&gt;&gt;&gt; Method = resolveEntity] -- [Content = Trying to resolve XML entity with public id [null] and system id [http://www.springframework.org/schema/beans/spring-beans-4.2.xsd]]
[2018-07-02 21:44:21.457] -- [DEBUG] -- [main &gt;&gt;&gt;&gt; PluggableSchemaResolver.java:119 &gt;&gt;&gt;&gt; Method = resolveEntity] -- [Content = Found XML schema [http://www.springframework.org/schema/beans/spring-beans-4.2.xsd] in classpath: org/springframework/beans/factory/xml/spring-beans-4.2.xsd]
[2018-07-02 21:44:21.464] -- [TRACE] -- [main &gt;&gt;&gt;&gt; PluggableSchemaResolver.java:106 &gt;&gt;&gt;&gt; Method = resolveEntity] -- [Content = Trying to resolve XML entity with public id [null] and system id [http://www.springframework.org/schema/aop/spring-aop-4.2.xsd]]
[2018-07-02 21:44:21.464] -- [DEBUG] -- [main &gt;&gt;&gt;&gt; PluggableSchemaResolver.java:119 &gt;&gt;&gt;&gt; Method = resolveEntity] -- [Content = Found XML schema [http://www.springframework.org/schema/aop/spring-aop-4.2.xsd] in classpath: org/springframework/aop/config/spring-aop-4.2.xsd]
[2018-07-02 21:44:21.466] -- [TRACE] -- [main &gt;&gt;&gt;&gt; PluggableSchemaResolver.java:106 &gt;&gt;&gt;&gt; Method = resolveEntity] -- [Content = Trying to resolve XML entity with public id [null] and system id [http://www.springframework.org/schema/tool/spring-tool-4.2.xsd]]
[2018-07-02 21:44:21.466] -- [DEBUG] -- [main &gt;&gt;&gt;&gt; PluggableSchemaResolver.java:119 &gt;&gt;&gt;&gt; Method = resolveEntity] -- [Content = Found XML schema [http://www.springframework.org/schema/tool/spring-tool-4.2.xsd] in classpath: org/springframework/beans/factory/xml/spring-tool-4.2.xsd]
[2018-07-02 21:44:21.470] -- [TRACE] -- [main &gt;&gt;&gt;&gt; PluggableSchemaResolver.java:106 &gt;&gt;&gt;&gt; Method = resolveEntity] -- [Content = Trying to resolve XML entity with public id [null] and system id [http://www.springframework.org/schema/tx/spring-tx-4.2.xsd]]
[2018-07-02 21:44:21.470] -- [DEBUG] -- [main &gt;&gt;&gt;&gt; PluggableSchemaResolver.java:119 &gt;&gt;&gt;&gt; Method = resolveEntity] -- [Content = Found XML schema [http://www.springframework.org/schema/tx/spring-tx-4.2.xsd] in classpath: org/springframework/transaction/config/spring-tx-4.2.xsd]
[2018-07-02 21:44:21.474] -- [DEBUG] -- [main &gt;&gt;&gt;&gt; DefaultBeanDefinitionDocumentReader.java:92 &gt;&gt;&gt;&gt; Method = registerBeanDefinitions] -- [Content = Loading bean definitions]
[2018-07-02 21:44:21.477] -- [INFO] -- [main &gt;&gt;&gt;&gt; XmlBeanDefinitionReader.java:317 &gt;&gt;&gt;&gt; Method = loadBeanDefinitions] -- [Content = Loading XML bean definitions from file [/Users/xk1020/IdeaProjects/Basic-Single-Module-SSJPA/target/classes/spring/applicationContext-jpa.xml]]
[2018-07-02 21:44:21.478] -- [DEBUG] -- [main &gt;&gt;&gt;&gt; DefaultDocumentLoader.java:73 &gt;&gt;&gt;&gt; Method = loadDocument] -- [Content = Using JAXP provider [com.sun.org.apache.xerces.internal.jaxp.DocumentBuilderFactoryImpl]]
[2018-07-02 21:44:21.479] -- [TRACE] -- [main &gt;&gt;&gt;&gt; PluggableSchemaResolver.java:106 &gt;&gt;&gt;&gt; Method = resolveEntity] -- [Content = Trying to resolve XML entity with public id [null] and system id [http://www.springframework.org/schema/beans/spring-beans-4.2.xsd]]
[2018-07-02 21:44:21.480] -- [DEBUG] -- [main &gt;&gt;&gt;&gt; PluggableSchemaResolver.java:119 &gt;&gt;&gt;&gt; Method = resolveEntity] -- [Content = Found XML schema [http://www.springframework.org/schema/beans/spring-beans-4.2.xsd] in classpath: org/springframework/beans/factory/xml/spring-beans-4.2.xsd]
[2018-07-02 21:44:21.486] -- [TRACE] -- [main &gt;&gt;&gt;&gt; PluggableSchemaResolver.java:106 &gt;&gt;&gt;&gt; Method = resolveEntity] -- [Content = Trying to resolve XML entity with public id [null] and system id [http://www.springframework.org/schema/data/jpa/spring-jpa.xsd]]
[2018-07-02 21:44:21.487] -- [DEBUG] -- [main &gt;&gt;&gt;&gt; PluggableSchemaResolver.java:119 &gt;&gt;&gt;&gt; Method = resolveEntity] -- [Content = Found XML schema [http://www.springframework.org/schema/data/jpa/spring-jpa.xsd] in classpath: org/springframework/data/jpa/repository/config/spring-jpa-1.8.xsd]
[2018-07-02 21:44:21.488] -- [TRACE] -- [main &gt;&gt;&gt;&gt; PluggableSchemaResolver.java:106 &gt;&gt;&gt;&gt; Method = resolveEntity] -- [Content = Trying to resolve XML entity with public id [null] and system id [http://www.springframework.org/schema/data/repository/spring-repository.xsd]]
[2018-07-02 21:44:21.489] -- [DEBUG] -- [main &gt;&gt;&gt;&gt; PluggableSchemaResolver.java:119 &gt;&gt;&gt;&gt; Method = resolveEntity] -- [Content = Found XML schema [http://www.springframework.org/schema/data/repository/spring-repository.xsd] in classpath: org/springframework/data/repository/config/spring-repository-1.11.xsd]
[2018-07-02 21:44:21.490] -- [TRACE] -- [main &gt;&gt;&gt;&gt; PluggableSchemaResolver.java:106 &gt;&gt;&gt;&gt; Method = resolveEntity] -- [Content = Trying to resolve XML entity with public id [null] and system id [http://www.springframework.org/schema/context/spring-context.xsd]]
[2018-07-02 21:44:21.490] -- [DEBUG] -- [main &gt;&gt;&gt;&gt; PluggableSchemaResolver.java:119 &gt;&gt;&gt;&gt; Method = resolveEntity] -- [Content = Found XML schema [http://www.springframework.org/schema/context/spring-context.xsd] in classpath: org/springframework/context/config/spring-context-4.2.xsd]
[2018-07-02 21:44:21.491] -- [TRACE] -- [main &gt;&gt;&gt;&gt; PluggableSchemaResolver.java:106 &gt;&gt;&gt;&gt; Method = resolveEntity] -- [Content = Trying to resolve XML entity with public id [null] and system id [http://www.springframework.org/schema/tool/spring-tool-4.2.xsd]]
[2018-07-02 21:44:21.492] -- [DEBUG] -- [main &gt;&gt;&gt;&gt; PluggableSchemaResolver.java:119 &gt;&gt;&gt;&gt; Method = resolveEntity] -- [Content = Found XML schema [http://www.springframework.org/schema/tool/spring-tool-4.2.xsd] in classpath: org/springframework/beans/factory/xml/spring-tool-4.2.xsd]
[2018-07-02 21:44:21.495] -- [DEBUG] -- [main &gt;&gt;&gt;&gt; DefaultBeanDefinitionDocumentReader.java:92 &gt;&gt;&gt;&gt; Method = registerBeanDefinitions] -- [Content = Loading bean definitions]
[2018-07-02 21:44:21.496] -- [DEBUG] -- [main &gt;&gt;&gt;&gt; BeanDefinitionParserDelegate.java:481 &gt;&gt;&gt;&gt; Method = parseBeanDefinitionElement] -- [Content = Neither XML &apos;id&apos; nor &apos;name&apos; specified - using generated bean name [org.springframework.orm.jpa.vendor.HibernateJpaDialect#7a560583]]
[2018-07-02 21:44:21.497] -- [DEBUG] -- [main &gt;&gt;&gt;&gt; MutablePropertySources.java:109 &gt;&gt;&gt;&gt; Method = addLast] -- [Content = Adding [systemProperties] PropertySource with lowest search precedence]
[2018-07-02 21:44:21.497] -- [DEBUG] -- [main &gt;&gt;&gt;&gt; MutablePropertySources.java:109 &gt;&gt;&gt;&gt; Method = addLast] -- [Content = Adding [systemEnvironment] PropertySource with lowest search precedence]
[2018-07-02 21:44:21.498] -- [DEBUG] -- [main &gt;&gt;&gt;&gt; AbstractEnvironment.java:127 &gt;&gt;&gt;&gt; Method = &lt;init&gt;] -- [Content = Initialized StandardEnvironment with PropertySources [systemProperties,systemEnvironment]]
[2018-07-02 21:44:21.498] -- [DEBUG] -- [main &gt;&gt;&gt;&gt; PathMatchingResourcePatternResolver.java:312 &gt;&gt;&gt;&gt; Method = findAllClassPathResources] -- [Content = Resolved classpath location [org/springframework/data/] to resources [URL [jar:file:/Users/xk1020/.m2/repository/org/springframework/data/spring-data-jpa/1.10.1.RELEASE/spring-data-jpa-1.10.1.RELEASE.jar!/org/springframework/data/], URL [jar:file:/Users/xk1020/.m2/repository/org/springframework/data/spring-data-commons/1.12.1.RELEASE/spring-data-commons-1.12.1.RELEASE.jar!/org/springframework/data/]]]
[2018-07-02 21:44:21.499] -- [DEBUG] -- [main &gt;&gt;&gt;&gt; PathMatchingResourcePatternResolver.java:551 &gt;&gt;&gt;&gt; Method = doFindPathMatchingJarResources] -- [Content = Looking for matching resources in jar file [file:/Users/xk1020/.m2/repository/org/springframework/data/spring-data-jpa/1.10.1.RELEASE/spring-data-jpa-1.10.1.RELEASE.jar]]
[2018-07-02 21:44:21.501] -- [DEBUG] -- [main &gt;&gt;&gt;&gt; PathMatchingResourcePatternResolver.java:551 &gt;&gt;&gt;&gt; Method = doFindPathMatchingJarResources] -- [Content = Looking for matching resources in jar file [file:/Users/xk1020/.m2/repository/org/springframework/data/spring-data-commons/1.12.1.RELEASE/spring-data-commons-1.12.1.RELEASE.jar]]
[2018-07-02 21:44:21.504] -- [DEBUG] -- [main &gt;&gt;&gt;&gt; PathMatchingResourcePatternResolver.java:430 &gt;&gt;&gt;&gt; Method = findPathMatchingResources] -- [Content = Resolved location pattern [classpath*:org/springframework/data/**/repository/support/**/*.class] to resources [URL [jar:file:/Users/xk1020/.m2/repository/org/springframework/data/spring-data-jpa/1.10.1.RELEASE/spring-data-jpa-1.10.1.RELEASE.jar!/org/springframework/data/jpa/repository/support/CrudMethodMetadata.class], URL [jar:file:/Users/xk1020/.m2/repository/org/springframework/data/spring-data-jpa/1.10.1.RELEASE/spring-data-jpa-1.10.1.RELEASE.jar!/org/springframework/data/jpa/repository/support/CrudMethodMetadataPostProcessor$1.class], URL [jar:file:/Users/xk1020/.m2/repository/org/springframework/data/spring-data-jpa/1.10.1.RELEASE/spring-data-jpa-1.10.1.RELEASE.jar!/org/springframework/data/jpa/repository/support/CrudMethodMetadataPostProcessor$CrudMethodMetadataPopulatingMethodInterceptor.class], URL [jar:file:/Users/xk1020/.m2/repository/org/springframework/data/spring-data-jpa/1.10.1.RELEASE/spring-data-jpa-1.10.1.RELEASE.jar!/org/springframework/data/jpa/repository/support/CrudMethodMetadataPostProcessor$DefaultCrudMethodMetadata.class], URL [jar:file:/Users/xk1020/.m2/repository/org/springframework/data/spring-data-jpa/1.10.1.RELEASE/spring-data-jpa-1.10.1.RELEASE.jar!/org/springframework/data/jpa/repository/support/CrudMethodMetadataPostProcessor$ThreadBoundTargetSource.class], URL [jar:file:/Users/xk1020/.m2/repository/org/springframework/data/spring-data-jpa/1.10.1.RELEASE/spring-data-jpa-1.10.1.RELEASE.jar!/org/springframework/data/jpa/repository/support/CrudMethodMetadataPostProcessor.class], URL [jar:file:/Users/xk1020/.m2/repository/org/springframework/data/spring-data-jpa/1.10.1.RELEASE/spring-data-jpa-1.10.1.RELEASE.jar!/org/springframework/data/jpa/repository/support/DefaultJpaContext.class], URL [jar:file:/Users/xk1020/.m2/repository/org/springframework/data/spring-data-jpa/1.10.1.RELEASE/spring-data-jpa-1.10.1.RELEASE.jar!/org/springframework/data/jpa/repository/support/EntityManagerBeanDefinitionRegistrarPostProcessor.class], URL [jar:file:/Users/xk1020/.m2/repository/org/springframework/data/spring-data-jpa/1.10.1.RELEASE/spring-data-jpa-1.10.1.RELEASE.jar!/org/springframework/data/jpa/repository/support/JpaEntityInformation.class], URL [jar:file:/Users/xk1020/.m2/repository/org/springframework/data/spring-data-jpa/1.10.1.RELEASE/spring-data-jpa-1.10.1.RELEASE.jar!/org/springframework/data/jpa/repository/support/JpaEntityInformationSupport.class], URL [jar:file:/Users/xk1020/.m2/repository/org/springframework/data/spring-data-jpa/1.10.1.RELEASE/spring-data-jpa-1.10.1.RELEASE.jar!/org/springframework/data/jpa/repository/support/JpaMetamodelEntityInformation$IdentifierDerivingDirectFieldAccessFallbackBeanWrapper.class], URL [jar:file:/Users/xk1020/.m2/repository/org/springframework/data/spring-data-jpa/1.10.1.RELEASE/spring-data-jpa-1.10.1.RELEASE.jar!/org/springframework/data/jpa/repository/support/JpaMetamodelEntityInformation$IdMetadata.class], URL [jar:file:/Users/xk1020/.m2/repository/org/springframework/data/spring-data-jpa/1.10.1.RELEASE/spring-data-jpa-1.10.1.RELEASE.jar!/org/springframework/data/jpa/repository/support/JpaMetamodelEntityInformation.class], URL [jar:file:/Users/xk1020/.m2/repository/org/springframework/data/spring-data-jpa/1.10.1.RELEASE/spring-data-jpa-1.10.1.RELEASE.jar!/org/springframework/data/jpa/repository/support/JpaPersistableEntityInformation.class], URL [jar:file:/Users/xk1020/.m2/repository/org/springframework/data/spring-data-jpa/1.10.1.RELEASE/spring-data-jpa-1.10.1.RELEASE.jar!/org/springframework/data/jpa/repository/support/JpaRepositoryFactory.class], URL [jar:file:/Users/xk1020/.m2/repository/org/springframework/data/spring-data-jpa/1.10.1.RELEASE/spring-data-jpa-1.10.1.RELEASE.jar!/org/springframework/data/jpa/repository/support/JpaRepositoryFactoryBean.class], URL [jar:file:/Users/xk1020/.m2/repository/org/springframework/data/spring-data-jpa/1.10.1.RELEASE/spring-data-jpa-1.10.1.RELEASE.jar!/org/springframework/data/jpa/repository/support/Querydsl$1.class], URL [jar:file:/Users/xk1020/.m2/repository/org/springframework/data/spring-data-jpa/1.10.1.RELEASE/spring-data-jpa-1.10.1.RELEASE.jar!/org/springframework/data/jpa/repository/support/Querydsl.class], URL [jar:file:/Users/xk1020/.m2/repository/org/springframework/data/spring-data-jpa/1.10.1.RELEASE/spring-data-jpa-1.10.1.RELEASE.jar!/org/springframework/data/jpa/repository/support/QueryDslJpaRepository.class], URL [jar:file:/Users/xk1020/.m2/repository/org/springframework/data/spring-data-jpa/1.10.1.RELEASE/spring-data-jpa-1.10.1.RELEASE.jar!/org/springframework/data/jpa/repository/support/QueryDslRepositorySupport.class], URL [jar:file:/Users/xk1020/.m2/repository/org/springframework/data/spring-data-jpa/1.10.1.RELEASE/spring-data-jpa-1.10.1.RELEASE.jar!/org/springframework/data/jpa/repository/support/SimpleJpaRepository$ByIdsSpecification.class], URL [jar:file:/Users/xk1020/.m2/repository/org/springframework/data/spring-data-jpa/1.10.1.RELEASE/spring-data-jpa-1.10.1.RELEASE.jar!/org/springframework/data/jpa/repository/support/SimpleJpaRepository$ExampleSpecification.class], URL [jar:file:/Users/xk1020/.m2/repository/org/springframework/data/spring-data-jpa/1.10.1.RELEASE/spring-data-jpa-1.10.1.RELEASE.jar!/org/springframework/data/jpa/repository/support/SimpleJpaRepository.class], URL [jar:file:/Users/xk1020/.m2/repository/org/springframework/data/spring-data-commons/1.12.1.RELEASE/spring-data-commons-1.12.1.RELEASE.jar!/org/springframework/data/repository/support/AnnotationAttribute.class], URL [jar:file:/Users/xk1020/.m2/repository/org/springframework/data/spring-data-commons/1.12.1.RELEASE/spring-data-commons-1.12.1.RELEASE.jar!/org/springframework/data/repository/support/CrudRepositoryInvoker.class], URL [jar:file:/Users/xk1020/.m2/repository/org/springframework/data/spring-data-commons/1.12.1.RELEASE/spring-data-commons-1.12.1.RELEASE.jar!/org/springframework/data/repository/support/DefaultRepositoryInvokerFactory.class], URL [jar:file:/Users/xk1020/.m2/repository/org/springframework/data/spring-data-commons/1.12.1.RELEASE/spring-data-commons-1.12.1.RELEASE.jar!/org/springframework/data/repository/support/DomainClassConverter$1.class], URL [jar:file:/Users/xk1020/.m2/repository/org/springframework/data/spring-data-commons/1.12.1.RELEASE/spring-data-commons-1.12.1.RELEASE.jar!/org/springframework/data/repository/support/DomainClassConverter$ConversionMatchAbbreviationException.class], URL [jar:file:/Users/xk1020/.m2/repository/org/springframework/data/spring-data-commons/1.12.1.RELEASE/spring-data-commons-1.12.1.RELEASE.jar!/org/springframework/data/repository/support/DomainClassConverter$ToEntityConverter.class], URL [jar:file:/Users/xk1020/.m2/repository/org/springframework/data/spring-data-commons/1.12.1.RELEASE/spring-data-commons-1.12.1.RELEASE.jar!/org/springframework/data/repository/support/DomainClassConverter$ToIdConverter.class], URL [jar:file:/Users/xk1020/.m2/repository/org/springframework/data/spring-data-commons/1.12.1.RELEASE/spring-data-commons-1.12.1.RELEASE.jar!/org/springframework/data/repository/support/DomainClassConverter.class], URL [jar:file:/Users/xk1020/.m2/repository/org/springframework/data/spring-data-commons/1.12.1.RELEASE/spring-data-commons-1.12.1.RELEASE.jar!/org/springframework/data/repository/support/DomainClassPropertyEditor.class], URL [jar:file:/Users/xk1020/.m2/repository/org/springframework/data/spring-data-commons/1.12.1.RELEASE/spring-data-commons-1.12.1.RELEASE.jar!/org/springframework/data/repository/support/DomainClassPropertyEditorRegistrar.class], URL [jar:file:/Users/xk1020/.m2/repository/org/springframework/data/spring-data-commons/1.12.1.RELEASE/spring-data-commons-1.12.1.RELEASE.jar!/org/springframework/data/repository/support/MethodParameters$AnnotationNamingMethodParameter.class], URL [jar:file:/Users/xk1020/.m2/repository/org/springframework/data/spring-data-commons/1.12.1.RELEASE/spring-data-commons-1.12.1.RELEASE.jar!/org/springframework/data/repository/support/MethodParameters.class], URL [jar:file:/Users/xk1020/.m2/repository/org/springframework/data/spring-data-commons/1.12.1.RELEASE/spring-data-commons-1.12.1.RELEASE.jar!/org/springframework/data/repository/support/PagingAndSortingRepositoryInvoker.class], URL [jar:file:/Users/xk1020/.m2/repository/org/springframework/data/spring-data-commons/1.12.1.RELEASE/spring-data-commons-1.12.1.RELEASE.jar!/org/springframework/data/repository/support/QueryMethodParameterConversionException.class], URL [jar:file:/Users/xk1020/.m2/repository/org/springframework/data/spring-data-commons/1.12.1.RELEASE/spring-data-commons-1.12.1.RELEASE.jar!/org/springframework/data/repository/support/ReflectionRepositoryInvoker.class], URL [jar:file:/Users/xk1020/.m2/repository/org/springframework/data/spring-data-commons/1.12.1.RELEASE/spring-data-commons-1.12.1.RELEASE.jar!/org/springframework/data/repository/support/Repositories$EmptyRepositoryFactoryInformation.class], URL [jar:file:/Users/xk1020/.m2/repository/org/springframework/data/spring-data-commons/1.12.1.RELEASE/spring-data-commons-1.12.1.RELEASE.jar!/org/springframework/data/repository/support/Repositories.class], URL [jar:file:/Users/xk1020/.m2/repository/org/springframework/data/spring-data-commons/1.12.1.RELEASE/spring-data-commons-1.12.1.RELEASE.jar!/org/springframework/data/repository/support/RepositoryInvocationInformation.class], URL [jar:file:/Users/xk1020/.m2/repository/org/springframework/data/spring-data-commons/1.12.1.RELEASE/spring-data-commons-1.12.1.RELEASE.jar!/org/springframework/data/repository/support/RepositoryInvoker.class], URL [jar:file:/Users/xk1020/.m2/repository/org/springframework/data/spring-data-commons/1.12.1.RELEASE/spring-data-commons-1.12.1.RELEASE.jar!/org/springframework/data/repository/support/RepositoryInvokerFactory.class]]]
[2018-07-02 21:44:21.504] -- [TRACE] -- [main &gt;&gt;&gt;&gt; ClassPathScanningCandidateComponentProvider.java:275 &gt;&gt;&gt;&gt; Method = findCandidateComponents] -- [Content = Scanning URL [jar:file:/Users/xk1020/.m2/repository/org/springframework/data/spring-data-jpa/1.10.1.RELEASE/spring-data-jpa-1.10.1.RELEASE.jar!/org/springframework/data/jpa/repository/support/CrudMethodMetadata.class]]
[2018-07-02 21:44:21.505] -- [TRACE] -- [main &gt;&gt;&gt;&gt; ClassPathScanningCandidateComponentProvider.java:298 &gt;&gt;&gt;&gt; Method = findCandidateComponents] -- [Content = Ignored because not matching any filter: URL [jar:file:/Users/xk1020/.m2/repository/org/springframework/data/spring-data-jpa/1.10.1.RELEASE/spring-data-jpa-1.10.1.RELEASE.jar!/org/springframework/data/jpa/repository/support/CrudMethodMetadata.class]]
[2018-07-02 21:44:21.505] -- [TRACE] -- [main &gt;&gt;&gt;&gt; ClassPathScanningCandidateComponentProvider.java:275 &gt;&gt;&gt;&gt; Method = findCandidateComponents] -- [Content = Scanning URL [jar:file:/Users/xk1020/.m2/repository/org/springframework/data/spring-data-jpa/1.10.1.RELEASE/spring-data-jpa-1.10.1.RELEASE.jar!/org/springframework/data/jpa/repository/support/CrudMethodMetadataPostProcessor$1.class]]
[2018-07-02 21:44:21.506] -- [TRACE] -- [main &gt;&gt;&gt;&gt; ClassPathScanningCandidateComponentProvider.java:298 &gt;&gt;&gt;&gt; Method = findCandidateComponents] -- [Content = Ignored because not matching any filter: URL [jar:file:/Users/xk1020/.m2/repository/org/springframework/data/spring-data-jpa/1.10.1.RELEASE/spring-data-jpa-1.10.1.RELEASE.jar!/org/springframework/data/jpa/repository/support/CrudMethodMetadataPostProcessor$1.class]]
[2018-07-02 21:44:21.506] -- [TRACE] -- [main &gt;&gt;&gt;&gt; ClassPathScanningCandidateComponentProvider.java:275 &gt;&gt;&gt;&gt; Method = findCandidateComponents] -- [Content = Scanning URL [jar:file:/Users/xk1020/.m2/repository/org/springframework/data/spring-data-jpa/1.10.1.RELEASE/spring-data-jpa-1.10.1.RELEASE.jar!/org/springframework/data/jpa/repository/support/CrudMethodMetadataPostProcessor$CrudMethodMetadataPopulatingMethodInterceptor.class]]
[2018-07-02 21:44:21.507] -- [TRACE] -- [main &gt;&gt;&gt;&gt; ClassPathScanningCandidateComponentProvider.java:298 &gt;&gt;&gt;&gt; Method = findCandidateComponents] -- [Content = Ignored because not matching any filter: URL [jar:file:/Users/xk1020/.m2/repository/org/springframework/data/spring-data-jpa/1.10.1.RELEASE/spring-data-jpa-1.10.1.RELEASE.jar!/org/springframework/data/jpa/repository/support/CrudMethodMetadataPostProcessor$CrudMethodMetadataPopulatingMethodInterceptor.class]]
[2018-07-02 21:44:21.508] -- [TRACE] -- [main &gt;&gt;&gt;&gt; ClassPathScanningCandidateComponentProvider.java:275 &gt;&gt;&gt;&gt; Method = findCandidateComponents] -- [Content = Scanning URL [jar:file:/Users/xk1020/.m2/repository/org/springframework/data/spring-data-jpa/1.10.1.RELEASE/spring-data-jpa-1.10.1.RELEASE.jar!/org/springframework/data/jpa/repository/support/CrudMethodMetadataPostProcessor$DefaultCrudMethodMetadata.class]]
[2018-07-02 21:44:21.508] -- [TRACE] -- [main &gt;&gt;&gt;&gt; ClassPathScanningCandidateComponentProvider.java:298 &gt;&gt;&gt;&gt; Method = findCandidateComponents] -- [Content = Ignored because not matching any filter: URL [jar:file:/Users/xk1020/.m2/repository/org/springframework/data/spring-data-jpa/1.10.1.RELEASE/spring-data-jpa-1.10.1.RELEASE.jar!/org/springframework/data/jpa/repository/support/CrudMethodMetadataPostProcessor$DefaultCrudMethodMetadata.class]]
[2018-07-02 21:44:21.509] -- [TRACE] -- [main &gt;&gt;&gt;&gt; ClassPathScanningCandidateComponentProvider.java:275 &gt;&gt;&gt;&gt; Method = findCandidateComponents] -- [Content = Scanning URL [jar:file:/Users/xk1020/.m2/repository/org/springframework/data/spring-data-jpa/1.10.1.RELEASE/spring-data-jpa-1.10.1.RELEASE.jar!/org/springframework/data/jpa/repository/support/CrudMethodMetadataPostProcessor$ThreadBoundTargetSource.class]]
[2018-07-02 21:44:21.510] -- [TRACE] -- [main &gt;&gt;&gt;&gt; ClassPathScanningCandidateComponentProvider.java:298 &gt;&gt;&gt;&gt; Method = findCandidateComponents] -- [Content = Ignored because not matching any filter: URL [jar:file:/Users/xk1020/.m2/repository/org/springframework/data/spring-data-jpa/1.10.1.RELEASE/spring-data-jpa-1.10.1.RELEASE.jar!/org/springframework/data/jpa/repository/support/CrudMethodMetadataPostProcessor$ThreadBoundTargetSource.class]]
[2018-07-02 21:44:21.510] -- [TRACE] -- [main &gt;&gt;&gt;&gt; ClassPathScanningCandidateComponentProvider.java:275 &gt;&gt;&gt;&gt; Method = findCandidateComponents] -- [Content = Scanning URL [jar:file:/Users/xk1020/.m2/repository/org/springframework/data/spring-data-jpa/1.10.1.RELEASE/spring-data-jpa-1.10.1.RELEASE.jar!/org/springframework/data/jpa/repository/support/CrudMethodMetadataPostProcessor.class]]
[2018-07-02 21:44:21.511] -- [TRACE] -- [main &gt;&gt;&gt;&gt; ClassPathScanningCandidateComponentProvider.java:298 &gt;&gt;&gt;&gt; Method = findCandidateComponents] -- [Content = Ignored because not matching any filter: URL [jar:file:/Users/xk1020/.m2/repository/org/springframework/data/spring-data-jpa/1.10.1.RELEASE/spring-data-jpa-1.10.1.RELEASE.jar!/org/springframework/data/jpa/repository/support/CrudMethodMetadataPostProcessor.class]]
[2018-07-02 21:44:21.511] -- [TRACE] -- [main &gt;&gt;&gt;&gt; ClassPathScanningCandidateComponentProvider.java:275 &gt;&gt;&gt;&gt; Method = findCandidateComponents] -- [Content = Scanning URL [jar:file:/Users/xk1020/.m2/repository/org/springframework/data/spring-data-jpa/1.10.1.RELEASE/spring-data-jpa-1.10.1.RELEASE.jar!/org/springframework/data/jpa/repository/support/DefaultJpaContext.class]]
[2018-07-02 21:44:21.512] -- [TRACE] -- [main &gt;&gt;&gt;&gt; ClassPathScanningCandidateComponentProvider.java:298 &gt;&gt;&gt;&gt; Method = findCandidateComponents] -- [Content = Ignored because not matching any filter: URL [jar:file:/Users/xk1020/.m2/repository/org/springframework/data/spring-data-jpa/1.10.1.RELEASE/spring-data-jpa-1.10.1.RELEASE.jar!/org/springframework/data/jpa/repository/support/DefaultJpaContext.class]]
[2018-07-02 21:44:21.512] -- [TRACE] -- [main &gt;&gt;&gt;&gt; ClassPathScanningCandidateComponentProvider.java:275 &gt;&gt;&gt;&gt; Method = findCandidateComponents] -- [Content = Scanning URL [jar:file:/Users/xk1020/.m2/repository/org/springframework/data/spring-data-jpa/1.10.1.RELEASE/spring-data-jpa-1.10.1.RELEASE.jar!/org/springframework/data/jpa/repository/support/EntityManagerBeanDefinitionRegistrarPostProcessor.class]]
[2018-07-02 21:44:21.513] -- [TRACE] -- [main &gt;&gt;&gt;&gt; ClassPathScanningCandidateComponentProvider.java:298 &gt;&gt;&gt;&gt; Method = findCandidateComponents] -- [Content = Ignored because not matching any filter: URL [jar:file:/Users/xk1020/.m2/repository/org/springframework/data/spring-data-jpa/1.10.1.RELEASE/spring-data-jpa-1.10.1.RELEASE.jar!/org/springframework/data/jpa/repository/support/EntityManagerBeanDefinitionRegistrarPostProcessor.class]]
[2018-07-02 21:44:21.513] -- [TRACE] -- [main &gt;&gt;&gt;&gt; ClassPathScanningCandidateComponentProvider.java:275 &gt;&gt;&gt;&gt; Method = findCandidateComponents] -- [Content = Scanning URL [jar:file:/Users/xk1020/.m2/repository/org/springframework/data/spring-data-jpa/1.10.1.RELEASE/spring-data-jpa-1.10.1.RELEASE.jar!/org/springframework/data/jpa/repository/support/JpaEntityInformation.class]]
[2018-07-02 21:44:21.514] -- [TRACE] -- [main &gt;&gt;&gt;&gt; ClassPathScanningCandidateComponentProvider.java:298 &gt;&gt;&gt;&gt; Method = findCandidateComponents] -- [Content = Ignored because not matching any filter: URL [jar:file:/Users/xk1020/.m2/repository/org/springframework/data/spring-data-jpa/1.10.1.RELEASE/spring-data-jpa-1.10.1.RELEASE.jar!/org/springframework/data/jpa/repository/support/JpaEntityInformation.class]]
[2018-07-02 21:44:21.515] -- [TRACE] -- [main &gt;&gt;&gt;&gt; ClassPathScanningCandidateComponentProvider.java:275 &gt;&gt;&gt;&gt; Method = findCandidateComponents] -- [Content = Scanning URL [jar:file:/Users/xk1020/.m2/repository/org/springframework/data/spring-data-jpa/1.10.1.RELEASE/spring-data-jpa-1.10.1.RELEASE.jar!/org/springframework/data/jpa/repository/support/JpaEntityInformationSupport.class]]
[2018-07-02 21:44:21.516] -- [TRACE] -- [main &gt;&gt;&gt;&gt; ClassPathScanningCandidateComponentProvider.java:298 &gt;&gt;&gt;&gt; Method = findCandidateComponents] -- [Content = Ignored because not matching any filter: URL [jar:file:/Users/xk1020/.m2/repository/org/springframework/data/spring-data-jpa/1.10.1.RELEASE/spring-data-jpa-1.10.1.RELEASE.jar!/org/springframework/data/jpa/repository/support/JpaEntityInformationSupport.class]]
[2018-07-02 21:44:21.516] -- [TRACE] -- [main &gt;&gt;&gt;&gt; ClassPathScanningCandidateComponentProvider.java:275 &gt;&gt;&gt;&gt; Method = findCandidateComponents] -- [Content = Scanning URL [jar:file:/Users/xk1020/.m2/repository/org/springframework/data/spring-data-jpa/1.10.1.RELEASE/spring-data-jpa-1.10.1.RELEASE.jar!/org/springframework/data/jpa/repository/support/JpaMetamodelEntityInformation$IdentifierDerivingDirectFieldAccessFallbackBeanWrapper.class]]
[2018-07-02 21:44:21.520] -- [TRACE] -- [main &gt;&gt;&gt;&gt; ClassPathScanningCandidateComponentProvider.java:298 &gt;&gt;&gt;&gt; Method = findCandidateComponents] -- [Content = Ignored because not matching any filter: URL [jar:file:/Users/xk1020/.m2/repository/org/springframework/data/spring-data-jpa/1.10.1.RELEASE/spring-data-jpa-1.10.1.RELEASE.jar!/org/springframework/data/jpa/repository/support/JpaMetamodelEntityInformation$IdentifierDerivingDirectFieldAccessFallbackBeanWrapper.class]]
[2018-07-02 21:44:21.521] -- [TRACE] -- [main &gt;&gt;&gt;&gt; ClassPathScanningCandidateComponentProvider.java:275 &gt;&gt;&gt;&gt; Method = findCandidateComponents] -- [Content = Scanning URL [jar:file:/Users/xk1020/.m2/repository/org/springframework/data/spring-data-jpa/1.10.1.RELEASE/spring-data-jpa-1.10.1.RELEASE.jar!/org/springframework/data/jpa/repository/support/JpaMetamodelEntityInformation$IdMetadata.class]]
[2018-07-02 21:44:21.522] -- [TRACE] -- [main &gt;&gt;&gt;&gt; ClassPathScanningCandidateComponentProvider.java:298 &gt;&gt;&gt;&gt; Method = findCandidateComponents] -- [Content = Ignored because not matching any filter: URL [jar:file:/Users/xk1020/.m2/repository/org/springframework/data/spring-data-jpa/1.10.1.RELEASE/spring-data-jpa-1.10.1.RELEASE.jar!/org/springframework/data/jpa/repository/support/JpaMetamodelEntityInformation$IdMetadata.class]]
[2018-07-02 21:44:21.522] -- [TRACE] -- [main &gt;&gt;&gt;&gt; ClassPathScanningCandidateComponentProvider.java:275 &gt;&gt;&gt;&gt; Method = findCandidateComponents] -- [Content = Scanning URL [jar:file:/Users/xk1020/.m2/repository/org/springframework/data/spring-data-jpa/1.10.1.RELEASE/spring-data-jpa-1.10.1.RELEASE.jar!/org/springframework/data/jpa/repository/support/JpaMetamodelEntityInformation.class]]
[2018-07-02 21:44:21.523] -- [TRACE] -- [main &gt;&gt;&gt;&gt; ClassPathScanningCandidateComponentProvider.java:298 &gt;&gt;&gt;&gt; Method = findCandidateComponents] -- [Content = Ignored because not matching any filter: URL [jar:file:/Users/xk1020/.m2/repository/org/springframework/data/spring-data-jpa/1.10.1.RELEASE/spring-data-jpa-1.10.1.RELEASE.jar!/org/springframework/data/jpa/repository/support/JpaMetamodelEntityInformation.class]]
[2018-07-02 21:44:21.524] -- [TRACE] -- [main &gt;&gt;&gt;&gt; ClassPathScanningCandidateComponentProvider.java:275 &gt;&gt;&gt;&gt; Method = findCandidateComponents] -- [Content = Scanning URL [jar:file:/Users/xk1020/.m2/repository/org/springframework/data/spring-data-jpa/1.10.1.RELEASE/spring-data-jpa-1.10.1.RELEASE.jar!/org/springframework/data/jpa/repository/support/JpaPersistableEntityInformation.class]]
[2018-07-02 21:44:21.525] -- [TRACE] -- [main &gt;&gt;&gt;&gt; ClassPathScanningCandidateComponentProvider.java:298 &gt;&gt;&gt;&gt; Method = findCandidateComponents] -- [Content = Ignored because not matching any filter: URL [jar:file:/Users/xk1020/.m2/repository/org/springframework/data/spring-data-jpa/1.10.1.RELEASE/spring-data-jpa-1.10.1.RELEASE.jar!/org/springframework/data/jpa/repository/support/JpaPersistableEntityInformation.class]]
[2018-07-02 21:44:21.526] -- [TRACE] -- [main &gt;&gt;&gt;&gt; ClassPathScanningCandidateComponentProvider.java:275 &gt;&gt;&gt;&gt; Method = findCandidateComponents] -- [Content = Scanning URL [jar:file:/Users/xk1020/.m2/repository/org/springframework/data/spring-data-jpa/1.10.1.RELEASE/spring-data-jpa-1.10.1.RELEASE.jar!/org/springframework/data/jpa/repository/support/JpaRepositoryFactory.class]]
[2018-07-02 21:44:21.526] -- [DEBUG] -- [main &gt;&gt;&gt;&gt; ClassPathScanningCandidateComponentProvider.java:286 &gt;&gt;&gt;&gt; Method = findCandidateComponents] -- [Content = Identified candidate component class: URL [jar:file:/Users/xk1020/.m2/repository/org/springframework/data/spring-data-jpa/1.10.1.RELEASE/spring-data-jpa-1.10.1.RELEASE.jar!/org/springframework/data/jpa/repository/support/JpaRepositoryFactory.class]]
[2018-07-02 21:44:21.526] -- [TRACE] -- [main &gt;&gt;&gt;&gt; ClassPathScanningCandidateComponentProvider.java:275 &gt;&gt;&gt;&gt; Method = findCandidateComponents] -- [Content = Scanning URL [jar:file:/Users/xk1020/.m2/repository/org/springframework/data/spring-data-jpa/1.10.1.RELEASE/spring-data-jpa-1.10.1.RELEASE.jar!/org/springframework/data/jpa/repository/support/JpaRepositoryFactoryBean.class]]
[2018-07-02 21:44:21.529] -- [TRACE] -- [main &gt;&gt;&gt;&gt; ClassPathScanningCandidateComponentProvider.java:298 &gt;&gt;&gt;&gt; Method = findCandidateComponents] -- [Content = Ignored because not matching any filter: URL [jar:file:/Users/xk1020/.m2/repository/org/springframework/data/spring-data-jpa/1.10.1.RELEASE/spring-data-jpa-1.10.1.RELEASE.jar!/org/springframework/data/jpa/repository/support/JpaRepositoryFactoryBean.class]]
[2018-07-02 21:44:21.529] -- [TRACE] -- [main &gt;&gt;&gt;&gt; ClassPathScanningCandidateComponentProvider.java:275 &gt;&gt;&gt;&gt; Method = findCandidateComponents] -- [Content = Scanning URL [jar:file:/Users/xk1020/.m2/repository/org/springframework/data/spring-data-jpa/1.10.1.RELEASE/spring-data-jpa-1.10.1.RELEASE.jar!/org/springframework/data/jpa/repository/support/Querydsl$1.class]]
[2018-07-02 21:44:21.529] -- [TRACE] -- [main &gt;&gt;&gt;&gt; ClassPathScanningCandidateComponentProvider.java:298 &gt;&gt;&gt;&gt; Method = findCandidateComponents] -- [Content = Ignored because not matching any filter: URL [jar:file:/Users/xk1020/.m2/repository/org/springframework/data/spring-data-jpa/1.10.1.RELEASE/spring-data-jpa-1.10.1.RELEASE.jar!/org/springframework/data/jpa/repository/support/Querydsl$1.class]]
[2018-07-02 21:44:21.530] -- [TRACE] -- [main &gt;&gt;&gt;&gt; ClassPathScanningCandidateComponentProvider.java:275 &gt;&gt;&gt;&gt; Method = findCandidateComponents] -- [Content = Scanning URL [jar:file:/Users/xk1020/.m2/repository/org/springframework/data/spring-data-jpa/1.10.1.RELEASE/spring-data-jpa-1.10.1.RELEASE.jar!/org/springframework/data/jpa/repository/support/Querydsl.class]]
[2018-07-02 21:44:21.530] -- [TRACE] -- [main &gt;&gt;&gt;&gt; ClassPathScanningCandidateComponentProvider.java:298 &gt;&gt;&gt;&gt; Method = findCandidateComponents] -- [Content = Ignored because not matching any filter: URL [jar:file:/Users/xk1020/.m2/repository/org/springframework/data/spring-data-jpa/1.10.1.RELEASE/spring-data-jpa-1.10.1.RELEASE.jar!/org/springframework/data/jpa/repository/support/Querydsl.class]]
[2018-07-02 21:44:21.531] -- [TRACE] -- [main &gt;&gt;&gt;&gt; ClassPathScanningCandidateComponentProvider.java:275 &gt;&gt;&gt;&gt; Method = findCandidateComponents] -- [Content = Scanning URL [jar:file:/Users/xk1020/.m2/repository/org/springframework/data/spring-data-jpa/1.10.1.RELEASE/spring-data-jpa-1.10.1.RELEASE.jar!/org/springframework/data/jpa/repository/support/QueryDslJpaRepository.class]]
[2018-07-02 21:44:21.535] -- [TRACE] -- [main &gt;&gt;&gt;&gt; ClassPathScanningCandidateComponentProvider.java:298 &gt;&gt;&gt;&gt; Method = findCandidateComponents] -- [Content = Ignored because not matching any filter: URL [jar:file:/Users/xk1020/.m2/repository/org/springframework/data/spring-data-jpa/1.10.1.RELEASE/spring-data-jpa-1.10.1.RELEASE.jar!/org/springframework/data/jpa/repository/support/QueryDslJpaRepository.class]]
[2018-07-02 21:44:21.535] -- [TRACE] -- [main &gt;&gt;&gt;&gt; ClassPathScanningCandidateComponentProvider.java:275 &gt;&gt;&gt;&gt; Method = findCandidateComponents] -- [Content = Scanning URL [jar:file:/Users/xk1020/.m2/repository/org/springframework/data/spring-data-jpa/1.10.1.RELEASE/spring-data-jpa-1.10.1.RELEASE.jar!/org/springframework/data/jpa/repository/support/QueryDslRepositorySupport.class]]
[2018-07-02 21:44:21.536] -- [TRACE] -- [main &gt;&gt;&gt;&gt; ClassPathScanningCandidateComponentProvider.java:298 &gt;&gt;&gt;&gt; Method = findCandidateComponents] -- [Content = Ignored because not matching any filter: URL [jar:file:/Users/xk1020/.m2/repository/org/springframework/data/spring-data-jpa/1.10.1.RELEASE/spring-data-jpa-1.10.1.RELEASE.jar!/org/springframework/data/jpa/repository/support/QueryDslRepositorySupport.class]]
[2018-07-02 21:44:21.536] -- [TRACE] -- [main &gt;&gt;&gt;&gt; ClassPathScanningCandidateComponentProvider.java:275 &gt;&gt;&gt;&gt; Method = findCandidateComponents] -- [Content = Scanning URL [jar:file:/Users/xk1020/.m2/repository/org/springframework/data/spring-data-jpa/1.10.1.RELEASE/spring-data-jpa-1.10.1.RELEASE.jar!/org/springframework/data/jpa/repository/support/SimpleJpaRepository$ByIdsSpecification.class]]
[2018-07-02 21:44:21.537] -- [TRACE] -- [main &gt;&gt;&gt;&gt; ClassPathScanningCandidateComponentProvider.java:298 &gt;&gt;&gt;&gt; Method = findCandidateComponents] -- [Content = Ignored because not matching any filter: URL [jar:file:/Users/xk1020/.m2/repository/org/springframework/data/spring-data-jpa/1.10.1.RELEASE/spring-data-jpa-1.10.1.RELEASE.jar!/org/springframework/data/jpa/repository/support/SimpleJpaRepository$ByIdsSpecification.class]]
[2018-07-02 21:44:21.538] -- [TRACE] -- [main &gt;&gt;&gt;&gt; ClassPathScanningCandidateComponentProvider.java:275 &gt;&gt;&gt;&gt; Method = findCandidateComponents] -- [Content = Scanning URL [jar:file:/Users/xk1020/.m2/repository/org/springframework/data/spring-data-jpa/1.10.1.RELEASE/spring-data-jpa-1.10.1.RELEASE.jar!/org/springframework/data/jpa/repository/support/SimpleJpaRepository$ExampleSpecification.class]]
[2018-07-02 21:44:21.538] -- [TRACE] -- [main &gt;&gt;&gt;&gt; ClassPathScanningCandidateComponentProvider.java:298 &gt;&gt;&gt;&gt; Method = findCandidateComponents] -- [Content = Ignored because not matching any filter: URL [jar:file:/Users/xk1020/.m2/repository/org/springframework/data/spring-data-jpa/1.10.1.RELEASE/spring-data-jpa-1.10.1.RELEASE.jar!/org/springframework/data/jpa/repository/support/SimpleJpaRepository$ExampleSpecification.class]]
[2018-07-02 21:44:21.539] -- [TRACE] -- [main &gt;&gt;&gt;&gt; ClassPathScanningCandidateComponentProvider.java:275 &gt;&gt;&gt;&gt; Method = findCandidateComponents] -- [Content = Scanning URL [jar:file:/Users/xk1020/.m2/repository/org/springframework/data/spring-data-jpa/1.10.1.RELEASE/spring-data-jpa-1.10.1.RELEASE.jar!/org/springframework/data/jpa/repository/support/SimpleJpaRepository.class]]
[2018-07-02 21:44:21.541] -- [TRACE] -- [main &gt;&gt;&gt;&gt; ClassPathScanningCandidateComponentProvider.java:298 &gt;&gt;&gt;&gt; Method = findCandidateComponents] -- [Content = Ignored because not matching any filter: URL [jar:file:/Users/xk1020/.m2/repository/org/springframework/data/spring-data-jpa/1.10.1.RELEASE/spring-data-jpa-1.10.1.RELEASE.jar!/org/springframework/data/jpa/repository/support/SimpleJpaRepository.class]]
[2018-07-02 21:44:21.541] -- [TRACE] -- [main &gt;&gt;&gt;&gt; ClassPathScanningCandidateComponentProvider.java:275 &gt;&gt;&gt;&gt; Method = findCandidateComponents] -- [Content = Scanning URL [jar:file:/Users/xk1020/.m2/repository/org/springframework/data/spring-data-commons/1.12.1.RELEASE/spring-data-commons-1.12.1.RELEASE.jar!/org/springframework/data/repository/support/AnnotationAttribute.class]]
[2018-07-02 21:44:21.542] -- [TRACE] -- [main &gt;&gt;&gt;&gt; ClassPathScanningCandidateComponentProvider.java:298 &gt;&gt;&gt;&gt; Method = findCandidateComponents] -- [Content = Ignored because not matching any filter: URL [jar:file:/Users/xk1020/.m2/repository/org/springframework/data/spring-data-commons/1.12.1.RELEASE/spring-data-commons-1.12.1.RELEASE.jar!/org/springframework/data/repository/support/AnnotationAttribute.class]]
[2018-07-02 21:44:21.542] -- [TRACE] -- [main &gt;&gt;&gt;&gt; ClassPathScanningCandidateComponentProvider.java:275 &gt;&gt;&gt;&gt; Method = findCandidateComponents] -- [Content = Scanning URL [jar:file:/Users/xk1020/.m2/repository/org/springframework/data/spring-data-commons/1.12.1.RELEASE/spring-data-commons-1.12.1.RELEASE.jar!/org/springframework/data/repository/support/CrudRepositoryInvoker.class]]
[2018-07-02 21:44:21.543] -- [TRACE] -- [main &gt;&gt;&gt;&gt; ClassPathScanningCandidateComponentProvider.java:298 &gt;&gt;&gt;&gt; Method = findCandidateComponents] -- [Content = Ignored because not matching any filter: URL [jar:file:/Users/xk1020/.m2/repository/org/springframework/data/spring-data-commons/1.12.1.RELEASE/spring-data-commons-1.12.1.RELEASE.jar!/org/springframework/data/repository/support/CrudRepositoryInvoker.class]]
[2018-07-02 21:44:21.544] -- [TRACE] -- [main &gt;&gt;&gt;&gt; ClassPathScanningCandidateComponentProvider.java:275 &gt;&gt;&gt;&gt; Method = findCandidateComponents] -- [Content = Scanning URL [jar:file:/Users/xk1020/.m2/repository/org/springframework/data/spring-data-commons/1.12.1.RELEASE/spring-data-commons-1.12.1.RELEASE.jar!/org/springframework/data/repository/support/DefaultRepositoryInvokerFactory.class]]
[2018-07-02 21:44:21.544] -- [TRACE] -- [main &gt;&gt;&gt;&gt; ClassPathScanningCandidateComponentProvider.java:298 &gt;&gt;&gt;&gt; Method = findCandidateComponents] -- [Content = Ignored because not matching any filter: URL [jar:file:/Users/xk1020/.m2/repository/org/springframework/data/spring-data-commons/1.12.1.RELEASE/spring-data-commons-1.12.1.RELEASE.jar!/org/springframework/data/repository/support/DefaultRepositoryInvokerFactory.class]]
[2018-07-02 21:44:21.545] -- [TRACE] -- [main &gt;&gt;&gt;&gt; ClassPathScanningCandidateComponentProvider.java:275 &gt;&gt;&gt;&gt; Method = findCandidateComponents] -- [Content = Scanning URL [jar:file:/Users/xk1020/.m2/repository/org/springframework/data/spring-data-commons/1.12.1.RELEASE/spring-data-commons-1.12.1.RELEASE.jar!/org/springframework/data/repository/support/DomainClassConverter$1.class]]
[2018-07-02 21:44:21.545] -- [TRACE] -- [main &gt;&gt;&gt;&gt; ClassPathScanningCandidateComponentProvider.java:298 &gt;&gt;&gt;&gt; Method = findCandidateComponents] -- [Content = Ignored because not matching any filter: URL [jar:file:/Users/xk1020/.m2/repository/org/springframework/data/spring-data-commons/1.12.1.RELEASE/spring-data-commons-1.12.1.RELEASE.jar!/org/springframework/data/repository/support/DomainClassConverter$1.class]]
[2018-07-02 21:44:21.545] -- [TRACE] -- [main &gt;&gt;&gt;&gt; ClassPathScanningCandidateComponentProvider.java:275 &gt;&gt;&gt;&gt; Method = findCandidateComponents] -- [Content = Scanning URL [jar:file:/Users/xk1020/.m2/repository/org/springframework/data/spring-data-commons/1.12.1.RELEASE/spring-data-commons-1.12.1.RELEASE.jar!/org/springframework/data/repository/support/DomainClassConverter$ConversionMatchAbbreviationException.class]]
[2018-07-02 21:44:21.545] -- [TRACE] -- [main &gt;&gt;&gt;&gt; ClassPathScanningCandidateComponentProvider.java:298 &gt;&gt;&gt;&gt; Method = findCandidateComponents] -- [Content = Ignored because not matching any filter: URL [jar:file:/Users/xk1020/.m2/repository/org/springframework/data/spring-data-commons/1.12.1.RELEASE/spring-data-commons-1.12.1.RELEASE.jar!/org/springframework/data/repository/support/DomainClassConverter$ConversionMatchAbbreviationException.class]]
[2018-07-02 21:44:21.546] -- [TRACE] -- [main &gt;&gt;&gt;&gt; ClassPathScanningCandidateComponentProvider.java:275 &gt;&gt;&gt;&gt; Method = findCandidateComponents] -- [Content = Scanning URL [jar:file:/Users/xk1020/.m2/repository/org/springframework/data/spring-data-commons/1.12.1.RELEASE/spring-data-commons-1.12.1.RELEASE.jar!/org/springframework/data/repository/support/DomainClassConverter$ToEntityConverter.class]]
[2018-07-02 21:44:21.546] -- [TRACE] -- [main &gt;&gt;&gt;&gt; ClassPathScanningCandidateComponentProvider.java:298 &gt;&gt;&gt;&gt; Method = findCandidateComponents] -- [Content = Ignored because not matching any filter: URL [jar:file:/Users/xk1020/.m2/repository/org/springframework/data/spring-data-commons/1.12.1.RELEASE/spring-data-commons-1.12.1.RELEASE.jar!/org/springframework/data/repository/support/DomainClassConverter$ToEntityConverter.class]]
[2018-07-02 21:44:21.547] -- [TRACE] -- [main &gt;&gt;&gt;&gt; ClassPathScanningCandidateComponentProvider.java:275 &gt;&gt;&gt;&gt; Method = findCandidateComponents] -- [Content = Scanning URL [jar:file:/Users/xk1020/.m2/repository/org/springframework/data/spring-data-commons/1.12.1.RELEASE/spring-data-commons-1.12.1.RELEASE.jar!/org/springframework/data/repository/support/DomainClassConverter$ToIdConverter.class]]
[2018-07-02 21:44:21.547] -- [TRACE] -- [main &gt;&gt;&gt;&gt; ClassPathScanningCandidateComponentProvider.java:298 &gt;&gt;&gt;&gt; Method = findCandidateComponents] -- [Content = Ignored because not matching any filter: URL [jar:file:/Users/xk1020/.m2/repository/org/springframework/data/spring-data-commons/1.12.1.RELEASE/spring-data-commons-1.12.1.RELEASE.jar!/org/springframework/data/repository/support/DomainClassConverter$ToIdConverter.class]]
[2018-07-02 21:44:21.547] -- [TRACE] -- [main &gt;&gt;&gt;&gt; ClassPathScanningCandidateComponentProvider.java:275 &gt;&gt;&gt;&gt; Method = findCandidateComponents] -- [Content = Scanning URL [jar:file:/Users/xk1020/.m2/repository/org/springframework/data/spring-data-commons/1.12.1.RELEASE/spring-data-commons-1.12.1.RELEASE.jar!/org/springframework/data/repository/support/DomainClassConverter.class]]
[2018-07-02 21:44:21.548] -- [TRACE] -- [main &gt;&gt;&gt;&gt; ClassPathScanningCandidateComponentProvider.java:298 &gt;&gt;&gt;&gt; Method = findCandidateComponents] -- [Content = Ignored because not matching any filter: URL [jar:file:/Users/xk1020/.m2/repository/org/springframework/data/spring-data-commons/1.12.1.RELEASE/spring-data-commons-1.12.1.RELEASE.jar!/org/springframework/data/repository/support/DomainClassConverter.class]]
[2018-07-02 21:44:21.548] -- [TRACE] -- [main &gt;&gt;&gt;&gt; ClassPathScanningCandidateComponentProvider.java:275 &gt;&gt;&gt;&gt; Method = findCandidateComponents] -- [Content = Scanning URL [jar:file:/Users/xk1020/.m2/repository/org/springframework/data/spring-data-commons/1.12.1.RELEASE/spring-data-commons-1.12.1.RELEASE.jar!/org/springframework/data/repository/support/DomainClassPropertyEditor.class]]
[2018-07-02 21:44:21.549] -- [TRACE] -- [main &gt;&gt;&gt;&gt; ClassPathScanningCandidateComponentProvider.java:298 &gt;&gt;&gt;&gt; Method = findCandidateComponents] -- [Content = Ignored because not matching any filter: URL [jar:file:/Users/xk1020/.m2/repository/org/springframework/data/spring-data-commons/1.12.1.RELEASE/spring-data-commons-1.12.1.RELEASE.jar!/org/springframework/data/repository/support/DomainClassPropertyEditor.class]]
[2018-07-02 21:44:21.549] -- [TRACE] -- [main &gt;&gt;&gt;&gt; ClassPathScanningCandidateComponentProvider.java:275 &gt;&gt;&gt;&gt; Method = findCandidateComponents] -- [Content = Scanning URL [jar:file:/Users/xk1020/.m2/repository/org/springframework/data/spring-data-commons/1.12.1.RELEASE/spring-data-commons-1.12.1.RELEASE.jar!/org/springframework/data/repository/support/DomainClassPropertyEditorRegistrar.class]]
[2018-07-02 21:44:21.550] -- [TRACE] -- [main &gt;&gt;&gt;&gt; ClassPathScanningCandidateComponentProvider.java:298 &gt;&gt;&gt;&gt; Method = findCandidateComponents] -- [Content = Ignored because not matching any filter: URL [jar:file:/Users/xk1020/.m2/repository/org/springframework/data/spring-data-commons/1.12.1.RELEASE/spring-data-commons-1.12.1.RELEASE.jar!/org/springframework/data/repository/support/DomainClassPropertyEditorRegistrar.class]]
[2018-07-02 21:44:21.550] -- [TRACE] -- [main &gt;&gt;&gt;&gt; ClassPathScanningCandidateComponentProvider.java:275 &gt;&gt;&gt;&gt; Method = findCandidateComponents] -- [Content = Scanning URL [jar:file:/Users/xk1020/.m2/repository/org/springframework/data/spring-data-commons/1.12.1.RELEASE/spring-data-commons-1.12.1.RELEASE.jar!/org/springframework/data/repository/support/MethodParameters$AnnotationNamingMethodParameter.class]]
[2018-07-02 21:44:21.551] -- [TRACE] -- [main &gt;&gt;&gt;&gt; ClassPathScanningCandidateComponentProvider.java:298 &gt;&gt;&gt;&gt; Method = findCandidateComponents] -- [Content = Ignored because not matching any filter: URL [jar:file:/Users/xk1020/.m2/repository/org/springframework/data/spring-data-commons/1.12.1.RELEASE/spring-data-commons-1.12.1.RELEASE.jar!/org/springframework/data/repository/support/MethodParameters$AnnotationNamingMethodParameter.class]]
[2018-07-02 21:44:21.551] -- [TRACE] -- [main &gt;&gt;&gt;&gt; ClassPathScanningCandidateComponentProvider.java:275 &gt;&gt;&gt;&gt; Method = findCandidateComponents] -- [Content = Scanning URL [jar:file:/Users/xk1020/.m2/repository/org/springframework/data/spring-data-commons/1.12.1.RELEASE/spring-data-commons-1.12.1.RELEASE.jar!/org/springframework/data/repository/support/MethodParameters.class]]
[2018-07-02 21:44:21.551] -- [TRACE] -- [main &gt;&gt;&gt;&gt; ClassPathScanningCandidateComponentProvider.java:298 &gt;&gt;&gt;&gt; Method = findCandidateComponents] -- [Content = Ignored because not matching any filter: URL [jar:file:/Users/xk1020/.m2/repository/org/springframework/data/spring-data-commons/1.12.1.RELEASE/spring-data-commons-1.12.1.RELEASE.jar!/org/springframework/data/repository/support/MethodParameters.class]]
[2018-07-02 21:44:21.552] -- [TRACE] -- [main &gt;&gt;&gt;&gt; ClassPathScanningCandidateComponentProvider.java:275 &gt;&gt;&gt;&gt; Method = findCandidateComponents] -- [Content = Scanning URL [jar:file:/Users/xk1020/.m2/repository/org/springframework/data/spring-data-commons/1.12.1.RELEASE/spring-data-commons-1.12.1.RELEASE.jar!/org/springframework/data/repository/support/PagingAndSortingRepositoryInvoker.class]]
[2018-07-02 21:44:21.552] -- [TRACE] -- [main &gt;&gt;&gt;&gt; ClassPathScanningCandidateComponentProvider.java:298 &gt;&gt;&gt;&gt; Method = findCandidateComponents] -- [Content = Ignored because not matching any filter: URL [jar:file:/Users/xk1020/.m2/repository/org/springframework/data/spring-data-commons/1.12.1.RELEASE/spring-data-commons-1.12.1.RELEASE.jar!/org/springframework/data/repository/support/PagingAndSortingRepositoryInvoker.class]]
[2018-07-02 21:44:21.553] -- [TRACE] -- [main &gt;&gt;&gt;&gt; ClassPathScanningCandidateComponentProvider.java:275 &gt;&gt;&gt;&gt; Method = findCandidateComponents] -- [Content = Scanning URL [jar:file:/Users/xk1020/.m2/repository/org/springframework/data/spring-data-commons/1.12.1.RELEASE/spring-data-commons-1.12.1.RELEASE.jar!/org/springframework/data/repository/support/QueryMethodParameterConversionException.class]]
[2018-07-02 21:44:21.553] -- [TRACE] -- [main &gt;&gt;&gt;&gt; ClassPathScanningCandidateComponentProvider.java:298 &gt;&gt;&gt;&gt; Method = findCandidateComponents] -- [Content = Ignored because not matching any filter: URL [jar:file:/Users/xk1020/.m2/repository/org/springframework/data/spring-data-commons/1.12.1.RELEASE/spring-data-commons-1.12.1.RELEASE.jar!/org/springframework/data/repository/support/QueryMethodParameterConversionException.class]]
[2018-07-02 21:44:21.553] -- [TRACE] -- [main &gt;&gt;&gt;&gt; ClassPathScanningCandidateComponentProvider.java:275 &gt;&gt;&gt;&gt; Method = findCandidateComponents] -- [Content = Scanning URL [jar:file:/Users/xk1020/.m2/repository/org/springframework/data/spring-data-commons/1.12.1.RELEASE/spring-data-commons-1.12.1.RELEASE.jar!/org/springframework/data/repository/support/ReflectionRepositoryInvoker.class]]
[2018-07-02 21:44:21.554] -- [TRACE] -- [main &gt;&gt;&gt;&gt; ClassPathScanningCandidateComponentProvider.java:298 &gt;&gt;&gt;&gt; Method = findCandidateComponents] -- [Content = Ignored because not matching any filter: URL [jar:file:/Users/xk1020/.m2/repository/org/springframework/data/spring-data-commons/1.12.1.RELEASE/spring-data-commons-1.12.1.RELEASE.jar!/org/springframework/data/repository/support/ReflectionRepositoryInvoker.class]]
[2018-07-02 21:44:21.554] -- [TRACE] -- [main &gt;&gt;&gt;&gt; ClassPathScanningCandidateComponentProvider.java:275 &gt;&gt;&gt;&gt; Method = findCandidateComponents] -- [Content = Scanning URL [jar:file:/Users/xk1020/.m2/repository/org/springframework/data/spring-data-commons/1.12.1.RELEASE/spring-data-commons-1.12.1.RELEASE.jar!/org/springframework/data/repository/support/Repositories$EmptyRepositoryFactoryInformation.class]]
[2018-07-02 21:44:21.555] -- [TRACE] -- [main &gt;&gt;&gt;&gt; ClassPathScanningCandidateComponentProvider.java:298 &gt;&gt;&gt;&gt; Method = findCandidateComponents] -- [Content = Ignored because not matching any filter: URL [jar:file:/Users/xk1020/.m2/repository/org/springframework/data/spring-data-commons/1.12.1.RELEASE/spring-data-commons-1.12.1.RELEASE.jar!/org/springframework/data/repository/support/Repositories$EmptyRepositoryFactoryInformation.class]]
[2018-07-02 21:44:21.555] -- [TRACE] -- [main &gt;&gt;&gt;&gt; ClassPathScanningCandidateComponentProvider.java:275 &gt;&gt;&gt;&gt; Method = findCandidateComponents] -- [Content = Scanning URL [jar:file:/Users/xk1020/.m2/repository/org/springframework/data/spring-data-commons/1.12.1.RELEASE/spring-data-commons-1.12.1.RELEASE.jar!/org/springframework/data/repository/support/Repositories.class]]
[2018-07-02 21:44:21.555] -- [TRACE] -- [main &gt;&gt;&gt;&gt; ClassPathScanningCandidateComponentProvider.java:298 &gt;&gt;&gt;&gt; Method = findCandidateComponents] -- [Content = Ignored because not matching any filter: URL [jar:file:/Users/xk1020/.m2/repository/org/springframework/data/spring-data-commons/1.12.1.RELEASE/spring-data-commons-1.12.1.RELEASE.jar!/org/springframework/data/repository/support/Repositories.class]]
[2018-07-02 21:44:21.556] -- [TRACE] -- [main &gt;&gt;&gt;&gt; ClassPathScanningCandidateComponentProvider.java:275 &gt;&gt;&gt;&gt; Method = findCandidateComponents] -- [Content = Scanning URL [jar:file:/Users/xk1020/.m2/repository/org/springframework/data/spring-data-commons/1.12.1.RELEASE/spring-data-commons-1.12.1.RELEASE.jar!/org/springframework/data/repository/support/RepositoryInvocationInformation.class]]
[2018-07-02 21:44:21.556] -- [TRACE] -- [main &gt;&gt;&gt;&gt; ClassPathScanningCandidateComponentProvider.java:298 &gt;&gt;&gt;&gt; Method = findCandidateComponents] -- [Content = Ignored because not matching any filter: URL [jar:file:/Users/xk1020/.m2/repository/org/springframework/data/spring-data-commons/1.12.1.RELEASE/spring-data-commons-1.12.1.RELEASE.jar!/org/springframework/data/repository/support/RepositoryInvocationInformation.class]]
[2018-07-02 21:44:21.556] -- [TRACE] -- [main &gt;&gt;&gt;&gt; ClassPathScanningCandidateComponentProvider.java:275 &gt;&gt;&gt;&gt; Method = findCandidateComponents] -- [Content = Scanning URL [jar:file:/Users/xk1020/.m2/repository/org/springframework/data/spring-data-commons/1.12.1.RELEASE/spring-data-commons-1.12.1.RELEASE.jar!/org/springframework/data/repository/support/RepositoryInvoker.class]]
[2018-07-02 21:44:21.557] -- [TRACE] -- [main &gt;&gt;&gt;&gt; ClassPathScanningCandidateComponentProvider.java:298 &gt;&gt;&gt;&gt; Method = findCandidateComponents] -- [Content = Ignored because not matching any filter: URL [jar:file:/Users/xk1020/.m2/repository/org/springframework/data/spring-data-commons/1.12.1.RELEASE/spring-data-commons-1.12.1.RELEASE.jar!/org/springframework/data/repository/support/RepositoryInvoker.class]]
[2018-07-02 21:44:21.557] -- [TRACE] -- [main &gt;&gt;&gt;&gt; ClassPathScanningCandidateComponentProvider.java:275 &gt;&gt;&gt;&gt; Method = findCandidateComponents] -- [Content = Scanning URL [jar:file:/Users/xk1020/.m2/repository/org/springframework/data/spring-data-commons/1.12.1.RELEASE/spring-data-commons-1.12.1.RELEASE.jar!/org/springframework/data/repository/support/RepositoryInvokerFactory.class]]
[2018-07-02 21:44:21.557] -- [TRACE] -- [main &gt;&gt;&gt;&gt; ClassPathScanningCandidateComponentProvider.java:298 &gt;&gt;&gt;&gt; Method = findCandidateComponents] -- [Content = Ignored because not matching any filter: URL [jar:file:/Users/xk1020/.m2/repository/org/springframework/data/spring-data-commons/1.12.1.RELEASE/spring-data-commons-1.12.1.RELEASE.jar!/org/springframework/data/repository/support/RepositoryInvokerFactory.class]]
[2018-07-02 21:44:21.558] -- [DEBUG] -- [main &gt;&gt;&gt;&gt; MutablePropertySources.java:109 &gt;&gt;&gt;&gt; Method = addLast] -- [Content = Adding [systemProperties] PropertySource with lowest search precedence]
[2018-07-02 21:44:21.558] -- [DEBUG] -- [main &gt;&gt;&gt;&gt; MutablePropertySources.java:109 &gt;&gt;&gt;&gt; Method = addLast] -- [Content = Adding [systemEnvironment] PropertySource with lowest search precedence]
[2018-07-02 21:44:21.558] -- [DEBUG] -- [main &gt;&gt;&gt;&gt; AbstractEnvironment.java:127 &gt;&gt;&gt;&gt; Method = &lt;init&gt;] -- [Content = Initialized StandardEnvironment with PropertySources [systemProperties,systemEnvironment]]
[2018-07-02 21:44:21.559] -- [DEBUG] -- [main &gt;&gt;&gt;&gt; PathMatchingResourcePatternResolver.java:312 &gt;&gt;&gt;&gt; Method = findAllClassPathResources] -- [Content = Resolved classpath location [com/youmeek/] to resources [URL [file:/Users/xk1020/IdeaProjects/Basic-Single-Module-SSJPA/target/test-classes/com/youmeek/], URL [file:/Users/xk1020/IdeaProjects/Basic-Single-Module-SSJPA/target/classes/com/youmeek/]]]
[2018-07-02 21:44:21.559] -- [DEBUG] -- [main &gt;&gt;&gt;&gt; PathMatchingResourcePatternResolver.java:637 &gt;&gt;&gt;&gt; Method = doFindMatchingFileSystemResources] -- [Content = Looking for matching resources in directory tree [/Users/xk1020/IdeaProjects/Basic-Single-Module-SSJPA/target/test-classes/com/youmeek]]
[2018-07-02 21:44:21.559] -- [DEBUG] -- [main &gt;&gt;&gt;&gt; PathMatchingResourcePatternResolver.java:699 &gt;&gt;&gt;&gt; Method = doRetrieveMatchingFiles] -- [Content = Searching directory [/Users/xk1020/IdeaProjects/Basic-Single-Module-SSJPA/target/test-classes/com/youmeek] for files matching pattern [/Users/xk1020/IdeaProjects/Basic-Single-Module-SSJPA/target/test-classes/com/youmeek/**/dao/**/*.class]]
[2018-07-02 21:44:21.560] -- [DEBUG] -- [main &gt;&gt;&gt;&gt; PathMatchingResourcePatternResolver.java:699 &gt;&gt;&gt;&gt; Method = doRetrieveMatchingFiles] -- [Content = Searching directory [/Users/xk1020/IdeaProjects/Basic-Single-Module-SSJPA/target/test-classes/com/youmeek/ssm] for files matching pattern [/Users/xk1020/IdeaProjects/Basic-Single-Module-SSJPA/target/test-classes/com/youmeek/**/dao/**/*.class]]
[2018-07-02 21:44:21.560] -- [DEBUG] -- [main &gt;&gt;&gt;&gt; PathMatchingResourcePatternResolver.java:637 &gt;&gt;&gt;&gt; Method = doFindMatchingFileSystemResources] -- [Content = Looking for matching resources in directory tree [/Users/xk1020/IdeaProjects/Basic-Single-Module-SSJPA/target/classes/com/youmeek]]
[2018-07-02 21:44:21.560] -- [DEBUG] -- [main &gt;&gt;&gt;&gt; PathMatchingResourcePatternResolver.java:699 &gt;&gt;&gt;&gt; Method = doRetrieveMatchingFiles] -- [Content = Searching directory [/Users/xk1020/IdeaProjects/Basic-Single-Module-SSJPA/target/classes/com/youmeek] for files matching pattern [/Users/xk1020/IdeaProjects/Basic-Single-Module-SSJPA/target/classes/com/youmeek/**/dao/**/*.class]]
[2018-07-02 21:44:21.560] -- [DEBUG] -- [main &gt;&gt;&gt;&gt; PathMatchingResourcePatternResolver.java:699 &gt;&gt;&gt;&gt; Method = doRetrieveMatchingFiles] -- [Content = Searching directory [/Users/xk1020/IdeaProjects/Basic-Single-Module-SSJPA/target/classes/com/youmeek/ssm] for files matching pattern [/Users/xk1020/IdeaProjects/Basic-Single-Module-SSJPA/target/classes/com/youmeek/**/dao/**/*.class]]
[2018-07-02 21:44:21.561] -- [DEBUG] -- [main &gt;&gt;&gt;&gt; PathMatchingResourcePatternResolver.java:699 &gt;&gt;&gt;&gt; Method = doRetrieveMatchingFiles] -- [Content = Searching directory [/Users/xk1020/IdeaProjects/Basic-Single-Module-SSJPA/target/classes/com/youmeek/ssm/module] for files matching pattern [/Users/xk1020/IdeaProjects/Basic-Single-Module-SSJPA/target/classes/com/youmeek/**/dao/**/*.class]]
[2018-07-02 21:44:21.561] -- [DEBUG] -- [main &gt;&gt;&gt;&gt; PathMatchingResourcePatternResolver.java:699 &gt;&gt;&gt;&gt; Method = doRetrieveMatchingFiles] -- [Content = Searching directory [/Users/xk1020/IdeaProjects/Basic-Single-Module-SSJPA/target/classes/com/youmeek/ssm/module/user] for files matching pattern [/Users/xk1020/IdeaProjects/Basic-Single-Module-SSJPA/target/classes/com/youmeek/**/dao/**/*.class]]
[2018-07-02 21:44:21.561] -- [DEBUG] -- [main &gt;&gt;&gt;&gt; PathMatchingResourcePatternResolver.java:699 &gt;&gt;&gt;&gt; Method = doRetrieveMatchingFiles] -- [Content = Searching directory [/Users/xk1020/IdeaProjects/Basic-Single-Module-SSJPA/target/classes/com/youmeek/ssm/module/user/dao] for files matching pattern [/Users/xk1020/IdeaProjects/Basic-Single-Module-SSJPA/target/classes/com/youmeek/**/dao/**/*.class]]
[2018-07-02 21:44:21.561] -- [DEBUG] -- [main &gt;&gt;&gt;&gt; PathMatchingResourcePatternResolver.java:699 &gt;&gt;&gt;&gt; Method = doRetrieveMatchingFiles] -- [Content = Searching directory [/Users/xk1020/IdeaProjects/Basic-Single-Module-SSJPA/target/classes/com/youmeek/ssm/module/user/controller] for files matching pattern [/Users/xk1020/IdeaProjects/Basic-Single-Module-SSJPA/target/classes/com/youmeek/**/dao/**/*.class]]
[2018-07-02 21:44:21.562] -- [DEBUG] -- [main &gt;&gt;&gt;&gt; PathMatchingResourcePatternResolver.java:699 &gt;&gt;&gt;&gt; Method = doRetrieveMatchingFiles] -- [Content = Searching directory [/Users/xk1020/IdeaProjects/Basic-Single-Module-SSJPA/target/classes/com/youmeek/ssm/module/user/service] for files matching pattern [/Users/xk1020/IdeaProjects/Basic-Single-Module-SSJPA/target/classes/com/youmeek/**/dao/**/*.class]]
[2018-07-02 21:44:21.562] -- [DEBUG] -- [main &gt;&gt;&gt;&gt; PathMatchingResourcePatternResolver.java:699 &gt;&gt;&gt;&gt; Method = doRetrieveMatchingFiles] -- [Content = Searching directory [/Users/xk1020/IdeaProjects/Basic-Single-Module-SSJPA/target/classes/com/youmeek/ssm/module/user/service/impl] for files matching pattern [/Users/xk1020/IdeaProjects/Basic-Single-Module-SSJPA/target/classes/com/youmeek/**/dao/**/*.class]]
[2018-07-02 21:44:21.562] -- [DEBUG] -- [main &gt;&gt;&gt;&gt; PathMatchingResourcePatternResolver.java:699 &gt;&gt;&gt;&gt; Method = doRetrieveMatchingFiles] -- [Content = Searching directory [/Users/xk1020/IdeaProjects/Basic-Single-Module-SSJPA/target/classes/com/youmeek/ssm/module/user/pojo] for files matching pattern [/Users/xk1020/IdeaProjects/Basic-Single-Module-SSJPA/target/classes/com/youmeek/**/dao/**/*.class]]
[2018-07-02 21:44:21.562] -- [DEBUG] -- [main &gt;&gt;&gt;&gt; PathMatchingResourcePatternResolver.java:699 &gt;&gt;&gt;&gt; Method = doRetrieveMatchingFiles] -- [Content = Searching directory [/Users/xk1020/IdeaProjects/Basic-Single-Module-SSJPA/target/classes/com/youmeek/ssm/aop] for files matching pattern [/Users/xk1020/IdeaProjects/Basic-Single-Module-SSJPA/target/classes/com/youmeek/**/dao/**/*.class]]
[2018-07-02 21:44:21.563] -- [DEBUG] -- [main &gt;&gt;&gt;&gt; PathMatchingResourcePatternResolver.java:699 &gt;&gt;&gt;&gt; Method = doRetrieveMatchingFiles] -- [Content = Searching directory [/Users/xk1020/IdeaProjects/Basic-Single-Module-SSJPA/target/classes/com/youmeek/ssm/aop/log] for files matching pattern [/Users/xk1020/IdeaProjects/Basic-Single-Module-SSJPA/target/classes/com/youmeek/**/dao/**/*.class]]
[2018-07-02 21:44:21.563] -- [DEBUG] -- [main &gt;&gt;&gt;&gt; PathMatchingResourcePatternResolver.java:699 &gt;&gt;&gt;&gt; Method = doRetrieveMatchingFiles] -- [Content = Searching directory [/Users/xk1020/IdeaProjects/Basic-Single-Module-SSJPA/target/classes/com/youmeek/ssm/interceptor] for files matching pattern [/Users/xk1020/IdeaProjects/Basic-Single-Module-SSJPA/target/classes/com/youmeek/**/dao/**/*.class]]
[2018-07-02 21:44:21.563] -- [DEBUG] -- [main &gt;&gt;&gt;&gt; PathMatchingResourcePatternResolver.java:430 &gt;&gt;&gt;&gt; Method = findPathMatchingResources] -- [Content = Resolved location pattern [classpath*:com/youmeek/**/dao/**/*.class] to resources [file [/Users/xk1020/IdeaProjects/Basic-Single-Module-SSJPA/target/classes/com/youmeek/ssm/module/user/dao/SysUserDao.class]]]
[2018-07-02 21:44:21.563] -- [TRACE] -- [main &gt;&gt;&gt;&gt; ClassPathScanningCandidateComponentProvider.java:275 &gt;&gt;&gt;&gt; Method = findCandidateComponents] -- [Content = Scanning file [/Users/xk1020/IdeaProjects/Basic-Single-Module-SSJPA/target/classes/com/youmeek/ssm/module/user/dao/SysUserDao.class]]
[2018-07-02 21:44:21.565] -- [DEBUG] -- [main &gt;&gt;&gt;&gt; ClassPathScanningCandidateComponentProvider.java:286 &gt;&gt;&gt;&gt; Method = findCandidateComponents] -- [Content = Identified candidate component class: file [/Users/xk1020/IdeaProjects/Basic-Single-Module-SSJPA/target/classes/com/youmeek/ssm/module/user/dao/SysUserDao.class]]
[2018-07-02 21:44:21.566] -- [DEBUG] -- [main &gt;&gt;&gt;&gt; MutablePropertySources.java:109 &gt;&gt;&gt;&gt; Method = addLast] -- [Content = Adding [systemProperties] PropertySource with lowest search precedence]
[2018-07-02 21:44:21.567] -- [DEBUG] -- [main &gt;&gt;&gt;&gt; MutablePropertySources.java:109 &gt;&gt;&gt;&gt; Method = addLast] -- [Content = Adding [systemEnvironment] PropertySource with lowest search precedence]
[2018-07-02 21:44:21.568] -- [DEBUG] -- [main &gt;&gt;&gt;&gt; AbstractEnvironment.java:127 &gt;&gt;&gt;&gt; Method = &lt;init&gt;] -- [Content = Initialized StandardEnvironment with PropertySources [systemProperties,systemEnvironment]]
[2018-07-02 21:44:21.568] -- [DEBUG] -- [main &gt;&gt;&gt;&gt; PathMatchingResourcePatternResolver.java:312 &gt;&gt;&gt;&gt; Method = findAllClassPathResources] -- [Content = Resolved classpath location [com/youmeek/] to resources [URL [file:/Users/xk1020/IdeaProjects/Basic-Single-Module-SSJPA/target/test-classes/com/youmeek/], URL [file:/Users/xk1020/IdeaProjects/Basic-Single-Module-SSJPA/target/classes/com/youmeek/]]]
[2018-07-02 21:44:21.569] -- [DEBUG] -- [main &gt;&gt;&gt;&gt; PathMatchingResourcePatternResolver.java:637 &gt;&gt;&gt;&gt; Method = doFindMatchingFileSystemResources] -- [Content = Looking for matching resources in directory tree [/Users/xk1020/IdeaProjects/Basic-Single-Module-SSJPA/target/test-classes/com/youmeek]]
[2018-07-02 21:44:21.569] -- [DEBUG] -- [main &gt;&gt;&gt;&gt; PathMatchingResourcePatternResolver.java:699 &gt;&gt;&gt;&gt; Method = doRetrieveMatchingFiles] -- [Content = Searching directory [/Users/xk1020/IdeaProjects/Basic-Single-Module-SSJPA/target/test-classes/com/youmeek] for files matching pattern [/Users/xk1020/IdeaProjects/Basic-Single-Module-SSJPA/target/test-classes/com/youmeek/**/dao/**/*SysUserDaoImpl.class]]
[2018-07-02 21:44:21.569] -- [DEBUG] -- [main &gt;&gt;&gt;&gt; PathMatchingResourcePatternResolver.java:699 &gt;&gt;&gt;&gt; Method = doRetrieveMatchingFiles] -- [Content = Searching directory [/Users/xk1020/IdeaProjects/Basic-Single-Module-SSJPA/target/test-classes/com/youmeek/ssm] for files matching pattern [/Users/xk1020/IdeaProjects/Basic-Single-Module-SSJPA/target/test-classes/com/youmeek/**/dao/**/*SysUserDaoImpl.class]]
[2018-07-02 21:44:21.569] -- [DEBUG] -- [main &gt;&gt;&gt;&gt; PathMatchingResourcePatternResolver.java:637 &gt;&gt;&gt;&gt; Method = doFindMatchingFileSystemResources] -- [Content = Looking for matching resources in directory tree [/Users/xk1020/IdeaProjects/Basic-Single-Module-SSJPA/target/classes/com/youmeek]]
[2018-07-02 21:44:21.570] -- [DEBUG] -- [main &gt;&gt;&gt;&gt; PathMatchingResourcePatternResolver.java:699 &gt;&gt;&gt;&gt; Method = doRetrieveMatchingFiles] -- [Content = Searching directory [/Users/xk1020/IdeaProjects/Basic-Single-Module-SSJPA/target/classes/com/youmeek] for files matching pattern [/Users/xk1020/IdeaProjects/Basic-Single-Module-SSJPA/target/classes/com/youmeek/**/dao/**/*SysUserDaoImpl.class]]
[2018-07-02 21:44:21.571] -- [DEBUG] -- [main &gt;&gt;&gt;&gt; PathMatchingResourcePatternResolver.java:699 &gt;&gt;&gt;&gt; Method = doRetrieveMatchingFiles] -- [Content = Searching directory [/Users/xk1020/IdeaProjects/Basic-Single-Module-SSJPA/target/classes/com/youmeek/ssm] for files matching pattern [/Users/xk1020/IdeaProjects/Basic-Single-Module-SSJPA/target/classes/com/youmeek/**/dao/**/*SysUserDaoImpl.class]]
[2018-07-02 21:44:21.571] -- [DEBUG] -- [main &gt;&gt;&gt;&gt; PathMatchingResourcePatternResolver.java:699 &gt;&gt;&gt;&gt; Method = doRetrieveMatchingFiles] -- [Content = Searching directory [/Users/xk1020/IdeaProjects/Basic-Single-Module-SSJPA/target/classes/com/youmeek/ssm/module] for files matching pattern [/Users/xk1020/IdeaProjects/Basic-Single-Module-SSJPA/target/classes/com/youmeek/**/dao/**/*SysUserDaoImpl.class]]
[2018-07-02 21:44:21.571] -- [DEBUG] -- [main &gt;&gt;&gt;&gt; PathMatchingResourcePatternResolver.java:699 &gt;&gt;&gt;&gt; Method = doRetrieveMatchingFiles] -- [Content = Searching directory [/Users/xk1020/IdeaProjects/Basic-Single-Module-SSJPA/target/classes/com/youmeek/ssm/module/user] for files matching pattern [/Users/xk1020/IdeaProjects/Basic-Single-Module-SSJPA/target/classes/com/youmeek/**/dao/**/*SysUserDaoImpl.class]]
[2018-07-02 21:44:21.571] -- [DEBUG] -- [main &gt;&gt;&gt;&gt; PathMatchingResourcePatternResolver.java:699 &gt;&gt;&gt;&gt; Method = doRetrieveMatchingFiles] -- [Content = Searching directory [/Users/xk1020/IdeaProjects/Basic-Single-Module-SSJPA/target/classes/com/youmeek/ssm/module/user/dao] for files matching pattern [/Users/xk1020/IdeaProjects/Basic-Single-Module-SSJPA/target/classes/com/youmeek/**/dao/**/*SysUserDaoImpl.class]]
[2018-07-02 21:44:21.572] -- [DEBUG] -- [main &gt;&gt;&gt;&gt; PathMatchingResourcePatternResolver.java:699 &gt;&gt;&gt;&gt; Method = doRetrieveMatchingFiles] -- [Content = Searching directory [/Users/xk1020/IdeaProjects/Basic-Single-Module-SSJPA/target/classes/com/youmeek/ssm/module/user/controller] for files matching pattern [/Users/xk1020/IdeaProjects/Basic-Single-Module-SSJPA/target/classes/com/youmeek/**/dao/**/*SysUserDaoImpl.class]]
[2018-07-02 21:44:21.572] -- [DEBUG] -- [main &gt;&gt;&gt;&gt; PathMatchingResourcePatternResolver.java:699 &gt;&gt;&gt;&gt; Method = doRetrieveMatchingFiles] -- [Content = Searching directory [/Users/xk1020/IdeaProjects/Basic-Single-Module-SSJPA/target/classes/com/youmeek/ssm/module/user/service] for files matching pattern [/Users/xk1020/IdeaProjects/Basic-Single-Module-SSJPA/target/classes/com/youmeek/**/dao/**/*SysUserDaoImpl.class]]
[2018-07-02 21:44:21.572] -- [DEBUG] -- [main &gt;&gt;&gt;&gt; PathMatchingResourcePatternResolver.java:699 &gt;&gt;&gt;&gt; Method = doRetrieveMatchingFiles] -- [Content = Searching directory [/Users/xk1020/IdeaProjects/Basic-Single-Module-SSJPA/target/classes/com/youmeek/ssm/module/user/service/impl] for files matching pattern [/Users/xk1020/IdeaProjects/Basic-Single-Module-SSJPA/target/classes/com/youmeek/**/dao/**/*SysUserDaoImpl.class]]
[2018-07-02 21:44:21.572] -- [DEBUG] -- [main &gt;&gt;&gt;&gt; PathMatchingResourcePatternResolver.java:699 &gt;&gt;&gt;&gt; Method = doRetrieveMatchingFiles] -- [Content = Searching directory [/Users/xk1020/IdeaProjects/Basic-Single-Module-SSJPA/target/classes/com/youmeek/ssm/module/user/pojo] for files matching pattern [/Users/xk1020/IdeaProjects/Basic-Single-Module-SSJPA/target/classes/com/youmeek/**/dao/**/*SysUserDaoImpl.class]]
[2018-07-02 21:44:21.573] -- [DEBUG] -- [main &gt;&gt;&gt;&gt; PathMatchingResourcePatternResolver.java:699 &gt;&gt;&gt;&gt; Method = doRetrieveMatchingFiles] -- [Content = Searching directory [/Users/xk1020/IdeaProjects/Basic-Single-Module-SSJPA/target/classes/com/youmeek/ssm/aop] for files matching pattern [/Users/xk1020/IdeaProjects/Basic-Single-Module-SSJPA/target/classes/com/youmeek/**/dao/**/*SysUserDaoImpl.class]]
[2018-07-02 21:44:21.573] -- [DEBUG] -- [main &gt;&gt;&gt;&gt; PathMatchingResourcePatternResolver.java:699 &gt;&gt;&gt;&gt; Method = doRetrieveMatchingFiles] -- [Content = Searching directory [/Users/xk1020/IdeaProjects/Basic-Single-Module-SSJPA/target/classes/com/youmeek/ssm/aop/log] for files matching pattern [/Users/xk1020/IdeaProjects/Basic-Single-Module-SSJPA/target/classes/com/youmeek/**/dao/**/*SysUserDaoImpl.class]]
[2018-07-02 21:44:21.573] -- [DEBUG] -- [main &gt;&gt;&gt;&gt; PathMatchingResourcePatternResolver.java:699 &gt;&gt;&gt;&gt; Method = doRetrieveMatchingFiles] -- [Content = Searching directory [/Users/xk1020/IdeaProjects/Basic-Single-Module-SSJPA/target/classes/com/youmeek/ssm/interceptor] for files matching pattern [/Users/xk1020/IdeaProjects/Basic-Single-Module-SSJPA/target/classes/com/youmeek/**/dao/**/*SysUserDaoImpl.class]]
[2018-07-02 21:44:21.573] -- [DEBUG] -- [main &gt;&gt;&gt;&gt; PathMatchingResourcePatternResolver.java:430 &gt;&gt;&gt;&gt; Method = findPathMatchingResources] -- [Content = Resolved location pattern [classpath*:com/youmeek/**/dao/**/*SysUserDaoImpl.class] to resources []]
[2018-07-02 21:44:21.574] -- [DEBUG] -- [main &gt;&gt;&gt;&gt; RepositoryConfigurationDelegate.java:142 &gt;&gt;&gt;&gt; Method = registerRepositoriesIn] -- [Content = Spring Data JPA - Registering repository: sysUserDao - Interface: com.youmeek.ssm.module.user.dao.SysUserDao - Factory: org.springframework.data.jpa.repository.support.JpaRepositoryFactoryBean]
[2018-07-02 21:44:21.575] -- [DEBUG] -- [main &gt;&gt;&gt;&gt; AbstractBeanDefinitionReader.java:224 &gt;&gt;&gt;&gt; Method = loadBeanDefinitions] -- [Content = Loaded 26 bean definitions from location pattern [classpath*:spring/applicationContext*.xml]]
[2018-07-02 21:44:21.575] -- [INFO] -- [main &gt;&gt;&gt;&gt; AbstractApplicationContext.java:578 &gt;&gt;&gt;&gt; Method = prepareRefresh] -- [Content = Refreshing org.springframework.context.support.GenericApplicationContext@61f05988: startup date [Mon Jul 02 21:44:21 CST 2018]; root of context hierarchy]
[2018-07-02 21:44:21.575] -- [DEBUG] -- [main &gt;&gt;&gt;&gt; AbstractApplicationContext.java:612 &gt;&gt;&gt;&gt; Method = obtainFreshBeanFactory] -- [Content = Bean factory for org.springframework.context.support.GenericApplicationContext@61f05988: org.springframework.beans.factory.support.DefaultListableBeanFactory@6da00fb9: defining beans [org.springframework.context.support.PropertySourcesPlaceholderConfigurer#0,sysUserServiceImpl,org.springframework.context.annotation.internalConfigurationAnnotationProcessor,org.springframework.context.annotation.internalAutowiredAnnotationProcessor,org.springframework.context.annotation.internalRequiredAnnotationProcessor,org.springframework.context.annotation.internalCommonAnnotationProcessor,org.springframework.context.annotation.internalPersistenceAnnotationProcessor,org.springframework.context.event.internalEventListenerProcessor,org.springframework.context.event.internalEventListenerFactory,dataSource,druid-stat-interceptor,druid-stat-pointcut,org.springframework.aop.config.internalAutoProxyCreator,org.springframework.aop.support.DefaultBeanFactoryPointcutAdvisor#0,transactionManager,transactionAdvice,transactionPointcut,org.springframework.aop.support.DefaultBeanFactoryPointcutAdvisor#1,entityManagerFactory,hibernateJpaVendorAdapter,org.springframework.data.jpa.repository.config.JpaRepositoryConfigExtension#0,org.springframework.data.repository.core.support.RepositoryFactoryBeanSupport_Predictor,emBeanDefinitionRegistrarPostProcessor,jpaMappingContext,jpaContext,sysUserDao]; root of factory hierarchy]
[2018-07-02 21:44:21.576] -- [DEBUG] -- [main &gt;&gt;&gt;&gt; DefaultSingletonBeanRegistry.java:221 &gt;&gt;&gt;&gt; Method = getSingleton] -- [Content = Creating shared instance of singleton bean &apos;org.springframework.context.annotation.internalConfigurationAnnotationProcessor&apos;]
[2018-07-02 21:44:21.576] -- [DEBUG] -- [main &gt;&gt;&gt;&gt; AbstractAutowireCapableBeanFactory.java:448 &gt;&gt;&gt;&gt; Method = createBean] -- [Content = Creating instance of bean &apos;org.springframework.context.annotation.internalConfigurationAnnotationProcessor&apos;]
[2018-07-02 21:44:21.577] -- [DEBUG] -- [main &gt;&gt;&gt;&gt; AbstractAutowireCapableBeanFactory.java:529 &gt;&gt;&gt;&gt; Method = doCreateBean] -- [Content = Eagerly caching bean &apos;org.springframework.context.annotation.internalConfigurationAnnotationProcessor&apos; to allow for resolving potential circular references]
[2018-07-02 21:44:21.577] -- [DEBUG] -- [main &gt;&gt;&gt;&gt; AbstractAutowireCapableBeanFactory.java:484 &gt;&gt;&gt;&gt; Method = createBean] -- [Content = Finished creating instance of bean &apos;org.springframework.context.annotation.internalConfigurationAnnotationProcessor&apos;]
[2018-07-02 21:44:21.588] -- [DEBUG] -- [main &gt;&gt;&gt;&gt; DefaultSingletonBeanRegistry.java:221 &gt;&gt;&gt;&gt; Method = getSingleton] -- [Content = Creating shared instance of singleton bean &apos;org.springframework.context.support.PropertySourcesPlaceholderConfigurer#0&apos;]
[2018-07-02 21:44:21.588] -- [DEBUG] -- [main &gt;&gt;&gt;&gt; AbstractAutowireCapableBeanFactory.java:448 &gt;&gt;&gt;&gt; Method = createBean] -- [Content = Creating instance of bean &apos;org.springframework.context.support.PropertySourcesPlaceholderConfigurer#0&apos;]
[2018-07-02 21:44:21.589] -- [DEBUG] -- [main &gt;&gt;&gt;&gt; AbstractAutowireCapableBeanFactory.java:529 &gt;&gt;&gt;&gt; Method = doCreateBean] -- [Content = Eagerly caching bean &apos;org.springframework.context.support.PropertySourcesPlaceholderConfigurer#0&apos; to allow for resolving potential circular references]
[2018-07-02 21:44:21.589] -- [TRACE] -- [main &gt;&gt;&gt;&gt; CachedIntrospectionResults.java:265 &gt;&gt;&gt;&gt; Method = &lt;init&gt;] -- [Content = Getting BeanInfo for class [org.springframework.context.support.PropertySourcesPlaceholderConfigurer]]
[2018-07-02 21:44:21.589] -- [TRACE] -- [main &gt;&gt;&gt;&gt; CachedIntrospectionResults.java:284 &gt;&gt;&gt;&gt; Method = &lt;init&gt;] -- [Content = Caching PropertyDescriptors for class [org.springframework.context.support.PropertySourcesPlaceholderConfigurer]]
[2018-07-02 21:44:21.589] -- [TRACE] -- [main &gt;&gt;&gt;&gt; CachedIntrospectionResults.java:297 &gt;&gt;&gt;&gt; Method = &lt;init&gt;] -- [Content = Found bean property &apos;appliedPropertySources&apos; of type [org.springframework.core.env.PropertySources]]
[2018-07-02 21:44:21.589] -- [TRACE] -- [main &gt;&gt;&gt;&gt; CachedIntrospectionResults.java:297 &gt;&gt;&gt;&gt; Method = &lt;init&gt;] -- [Content = Found bean property &apos;beanFactory&apos; of type [org.springframework.beans.factory.BeanFactory]]
[2018-07-02 21:44:21.590] -- [TRACE] -- [main &gt;&gt;&gt;&gt; CachedIntrospectionResults.java:297 &gt;&gt;&gt;&gt; Method = &lt;init&gt;] -- [Content = Found bean property &apos;beanName&apos; of type [java.lang.String]]
[2018-07-02 21:44:21.590] -- [TRACE] -- [main &gt;&gt;&gt;&gt; CachedIntrospectionResults.java:297 &gt;&gt;&gt;&gt; Method = &lt;init&gt;] -- [Content = Found bean property &apos;class&apos; of type [java.lang.Class]]
[2018-07-02 21:44:21.590] -- [TRACE] -- [main &gt;&gt;&gt;&gt; CachedIntrospectionResults.java:297 &gt;&gt;&gt;&gt; Method = &lt;init&gt;] -- [Content = Found bean property &apos;environment&apos; of type [org.springframework.core.env.Environment]]
[2018-07-02 21:44:21.590] -- [TRACE] -- [main &gt;&gt;&gt;&gt; CachedIntrospectionResults.java:297 &gt;&gt;&gt;&gt; Method = &lt;init&gt;] -- [Content = Found bean property &apos;fileEncoding&apos; of type [java.lang.String]]
[2018-07-02 21:44:21.591] -- [TRACE] -- [main &gt;&gt;&gt;&gt; CachedIntrospectionResults.java:297 &gt;&gt;&gt;&gt; Method = &lt;init&gt;] -- [Content = Found bean property &apos;ignoreResourceNotFound&apos; of type [boolean]]
[2018-07-02 21:44:21.591] -- [TRACE] -- [main &gt;&gt;&gt;&gt; CachedIntrospectionResults.java:297 &gt;&gt;&gt;&gt; Method = &lt;init&gt;] -- [Content = Found bean property &apos;ignoreUnresolvablePlaceholders&apos; of type [boolean]]
[2018-07-02 21:44:21.591] -- [TRACE] -- [main &gt;&gt;&gt;&gt; CachedIntrospectionResults.java:297 &gt;&gt;&gt;&gt; Method = &lt;init&gt;] -- [Content = Found bean property &apos;localOverride&apos; of type [boolean]]
[2018-07-02 21:44:21.591] -- [TRACE] -- [main &gt;&gt;&gt;&gt; CachedIntrospectionResults.java:297 &gt;&gt;&gt;&gt; Method = &lt;init&gt;] -- [Content = Found bean property &apos;location&apos; of type [org.springframework.core.io.Resource]]
[2018-07-02 21:44:21.592] -- [TRACE] -- [main &gt;&gt;&gt;&gt; CachedIntrospectionResults.java:297 &gt;&gt;&gt;&gt; Method = &lt;init&gt;] -- [Content = Found bean property &apos;locations&apos; of type [[Lorg.springframework.core.io.Resource;]]
[2018-07-02 21:44:21.592] -- [TRACE] -- [main &gt;&gt;&gt;&gt; CachedIntrospectionResults.java:297 &gt;&gt;&gt;&gt; Method = &lt;init&gt;] -- [Content = Found bean property &apos;nullValue&apos; of type [java.lang.String]]
[2018-07-02 21:44:21.593] -- [TRACE] -- [main &gt;&gt;&gt;&gt; CachedIntrospectionResults.java:297 &gt;&gt;&gt;&gt; Method = &lt;init&gt;] -- [Content = Found bean property &apos;order&apos; of type [int]]
[2018-07-02 21:44:21.593] -- [TRACE] -- [main &gt;&gt;&gt;&gt; CachedIntrospectionResults.java:297 &gt;&gt;&gt;&gt; Method = &lt;init&gt;] -- [Content = Found bean property &apos;placeholderPrefix&apos; of type [java.lang.String]]
[2018-07-02 21:44:21.593] -- [TRACE] -- [main &gt;&gt;&gt;&gt; CachedIntrospectionResults.java:297 &gt;&gt;&gt;&gt; Method = &lt;init&gt;] -- [Content = Found bean property &apos;placeholderSuffix&apos; of type [java.lang.String]]
[2018-07-02 21:44:21.593] -- [TRACE] -- [main &gt;&gt;&gt;&gt; CachedIntrospectionResults.java:297 &gt;&gt;&gt;&gt; Method = &lt;init&gt;] -- [Content = Found bean property &apos;properties&apos; of type [java.util.Properties]]
[2018-07-02 21:44:21.593] -- [TRACE] -- [main &gt;&gt;&gt;&gt; CachedIntrospectionResults.java:297 &gt;&gt;&gt;&gt; Method = &lt;init&gt;] -- [Content = Found bean property &apos;propertiesArray&apos; of type [[Ljava.util.Properties;]]
[2018-07-02 21:44:21.594] -- [TRACE] -- [main &gt;&gt;&gt;&gt; CachedIntrospectionResults.java:297 &gt;&gt;&gt;&gt; Method = &lt;init&gt;] -- [Content = Found bean property &apos;propertiesPersister&apos; of type [org.springframework.util.PropertiesPersister]]
[2018-07-02 21:44:21.594] -- [TRACE] -- [main &gt;&gt;&gt;&gt; CachedIntrospectionResults.java:297 &gt;&gt;&gt;&gt; Method = &lt;init&gt;] -- [Content = Found bean property &apos;propertySources&apos; of type [org.springframework.core.env.PropertySources]]
[2018-07-02 21:44:21.595] -- [TRACE] -- [main &gt;&gt;&gt;&gt; CachedIntrospectionResults.java:297 &gt;&gt;&gt;&gt; Method = &lt;init&gt;] -- [Content = Found bean property &apos;valueSeparator&apos; of type [java.lang.String]]
[2018-07-02 21:44:21.596] -- [DEBUG] -- [main &gt;&gt;&gt;&gt; PathMatchingResourcePatternResolver.java:312 &gt;&gt;&gt;&gt; Method = findAllClassPathResources] -- [Content = Resolved classpath location [properties/] to resources [URL [file:/Users/xk1020/IdeaProjects/Basic-Single-Module-SSJPA/target/classes/properties/]]]
[2018-07-02 21:44:21.596] -- [DEBUG] -- [main &gt;&gt;&gt;&gt; PathMatchingResourcePatternResolver.java:637 &gt;&gt;&gt;&gt; Method = doFindMatchingFileSystemResources] -- [Content = Looking for matching resources in directory tree [/Users/xk1020/IdeaProjects/Basic-Single-Module-SSJPA/target/classes/properties]]
[2018-07-02 21:44:21.597] -- [DEBUG] -- [main &gt;&gt;&gt;&gt; PathMatchingResourcePatternResolver.java:699 &gt;&gt;&gt;&gt; Method = doRetrieveMatchingFiles] -- [Content = Searching directory [/Users/xk1020/IdeaProjects/Basic-Single-Module-SSJPA/target/classes/properties] for files matching pattern [/Users/xk1020/IdeaProjects/Basic-Single-Module-SSJPA/target/classes/properties/*.properties]]
[2018-07-02 21:44:21.597] -- [DEBUG] -- [main &gt;&gt;&gt;&gt; PathMatchingResourcePatternResolver.java:430 &gt;&gt;&gt;&gt; Method = findPathMatchingResources] -- [Content = Resolved location pattern [classpath*:properties/*.properties] to resources [file [/Users/xk1020/IdeaProjects/Basic-Single-Module-SSJPA/target/classes/properties/config.properties]]]
[2018-07-02 21:44:21.598] -- [DEBUG] -- [main &gt;&gt;&gt;&gt; AbstractAutowireCapableBeanFactory.java:484 &gt;&gt;&gt;&gt; Method = createBean] -- [Content = Finished creating instance of bean &apos;org.springframework.context.support.PropertySourcesPlaceholderConfigurer#0&apos;]
[2018-07-02 21:44:21.599] -- [DEBUG] -- [main &gt;&gt;&gt;&gt; MutablePropertySources.java:109 &gt;&gt;&gt;&gt; Method = addLast] -- [Content = Adding [environmentProperties] PropertySource with lowest search precedence]
[2018-07-02 21:44:21.599] -- [INFO] -- [main &gt;&gt;&gt;&gt; PropertiesLoaderSupport.java:172 &gt;&gt;&gt;&gt; Method = loadProperties] -- [Content = Loading properties file from file [/Users/xk1020/IdeaProjects/Basic-Single-Module-SSJPA/target/classes/properties/config.properties]]
[2018-07-02 21:44:21.599] -- [DEBUG] -- [main &gt;&gt;&gt;&gt; MutablePropertySources.java:109 &gt;&gt;&gt;&gt; Method = addLast] -- [Content = Adding [localProperties] PropertySource with lowest search precedence]
[2018-07-02 21:44:21.600] -- [TRACE] -- [main &gt;&gt;&gt;&gt; PropertySourcesPropertyResolver.java:76 &gt;&gt;&gt;&gt; Method = getProperty] -- [Content = getProperty(&quot;data_source_url&quot;, String)]
[2018-07-02 21:44:21.600] -- [DEBUG] -- [main &gt;&gt;&gt;&gt; PropertySourcesPropertyResolver.java:81 &gt;&gt;&gt;&gt; Method = getProperty] -- [Content = Searching for key &apos;data_source_url&apos; in [environmentProperties]]
[2018-07-02 21:44:21.601] -- [TRACE] -- [main &gt;&gt;&gt;&gt; PropertySourcesPropertyResolver.java:76 &gt;&gt;&gt;&gt; Method = getProperty] -- [Content = getProperty(&quot;data_source_url&quot;, String)]
[2018-07-02 21:44:21.601] -- [DEBUG] -- [main &gt;&gt;&gt;&gt; PropertySourcesPropertyResolver.java:81 &gt;&gt;&gt;&gt; Method = getProperty] -- [Content = Searching for key &apos;data_source_url&apos; in [systemProperties]]
[2018-07-02 21:44:21.601] -- [DEBUG] -- [main &gt;&gt;&gt;&gt; PropertySourcesPropertyResolver.java:81 &gt;&gt;&gt;&gt; Method = getProperty] -- [Content = Searching for key &apos;data_source_url&apos; in [systemEnvironment]]
[2018-07-02 21:44:21.602] -- [DEBUG] -- [main &gt;&gt;&gt;&gt; PropertySourcesPropertyResolver.java:103 &gt;&gt;&gt;&gt; Method = getProperty] -- [Content = Could not find key &apos;data_source_url&apos; in any property source. Returning [null]]
[2018-07-02 21:44:21.602] -- [DEBUG] -- [main &gt;&gt;&gt;&gt; PropertySourcesPropertyResolver.java:81 &gt;&gt;&gt;&gt; Method = getProperty] -- [Content = Searching for key &apos;data_source_url&apos; in [localProperties]]
[2018-07-02 21:44:21.602] -- [DEBUG] -- [main &gt;&gt;&gt;&gt; PropertySourcesPropertyResolver.java:90 &gt;&gt;&gt;&gt; Method = getProperty] -- [Content = Found key &apos;data_source_url&apos; in [localProperties] with type [String] and value &apos;jdbc:mysql://localhost:3306/ssm?useUnicode=true&amp;characterEncoding=utf-8&amp;autoReconnect=true&amp;allowMultiQueries=true&apos;]
[2018-07-02 21:44:21.603] -- [TRACE] -- [main &gt;&gt;&gt;&gt; PropertyPlaceholderHelper.java:165 &gt;&gt;&gt;&gt; Method = parseStringValue] -- [Content = Resolved placeholder &apos;data_source_url&apos;]
[2018-07-02 21:44:21.603] -- [TRACE] -- [main &gt;&gt;&gt;&gt; PropertySourcesPropertyResolver.java:76 &gt;&gt;&gt;&gt; Method = getProperty] -- [Content = getProperty(&quot;data_source_username&quot;, String)]
[2018-07-02 21:44:21.603] -- [DEBUG] -- [main &gt;&gt;&gt;&gt; PropertySourcesPropertyResolver.java:81 &gt;&gt;&gt;&gt; Method = getProperty] -- [Content = Searching for key &apos;data_source_username&apos; in [environmentProperties]]
[2018-07-02 21:44:21.604] -- [TRACE] -- [main &gt;&gt;&gt;&gt; PropertySourcesPropertyResolver.java:76 &gt;&gt;&gt;&gt; Method = getProperty] -- [Content = getProperty(&quot;data_source_username&quot;, String)]
[2018-07-02 21:44:21.604] -- [DEBUG] -- [main &gt;&gt;&gt;&gt; PropertySourcesPropertyResolver.java:81 &gt;&gt;&gt;&gt; Method = getProperty] -- [Content = Searching for key &apos;data_source_username&apos; in [systemProperties]]
[2018-07-02 21:44:21.604] -- [DEBUG] -- [main &gt;&gt;&gt;&gt; PropertySourcesPropertyResolver.java:81 &gt;&gt;&gt;&gt; Method = getProperty] -- [Content = Searching for key &apos;data_source_username&apos; in [systemEnvironment]]
[2018-07-02 21:44:21.604] -- [DEBUG] -- [main &gt;&gt;&gt;&gt; PropertySourcesPropertyResolver.java:103 &gt;&gt;&gt;&gt; Method = getProperty] -- [Content = Could not find key &apos;data_source_username&apos; in any property source. Returning [null]]
[2018-07-02 21:44:21.605] -- [DEBUG] -- [main &gt;&gt;&gt;&gt; PropertySourcesPropertyResolver.java:81 &gt;&gt;&gt;&gt; Method = getProperty] -- [Content = Searching for key &apos;data_source_username&apos; in [localProperties]]
[2018-07-02 21:44:21.605] -- [DEBUG] -- [main &gt;&gt;&gt;&gt; PropertySourcesPropertyResolver.java:90 &gt;&gt;&gt;&gt; Method = getProperty] -- [Content = Found key &apos;data_source_username&apos; in [localProperties] with type [String] and value &apos;root &apos;]
[2018-07-02 21:44:21.605] -- [TRACE] -- [main &gt;&gt;&gt;&gt; PropertyPlaceholderHelper.java:165 &gt;&gt;&gt;&gt; Method = parseStringValue] -- [Content = Resolved placeholder &apos;data_source_username&apos;]
[2018-07-02 21:44:21.606] -- [TRACE] -- [main &gt;&gt;&gt;&gt; PropertySourcesPropertyResolver.java:76 &gt;&gt;&gt;&gt; Method = getProperty] -- [Content = getProperty(&quot;data_source_password&quot;, String)]
[2018-07-02 21:44:21.606] -- [DEBUG] -- [main &gt;&gt;&gt;&gt; PropertySourcesPropertyResolver.java:81 &gt;&gt;&gt;&gt; Method = getProperty] -- [Content = Searching for key &apos;data_source_password&apos; in [environmentProperties]]
[2018-07-02 21:44:21.606] -- [TRACE] -- [main &gt;&gt;&gt;&gt; PropertySourcesPropertyResolver.java:76 &gt;&gt;&gt;&gt; Method = getProperty] -- [Content = getProperty(&quot;data_source_password&quot;, String)]
[2018-07-02 21:44:21.606] -- [DEBUG] -- [main &gt;&gt;&gt;&gt; PropertySourcesPropertyResolver.java:81 &gt;&gt;&gt;&gt; Method = getProperty] -- [Content = Searching for key &apos;data_source_password&apos; in [systemProperties]]
[2018-07-02 21:44:21.607] -- [DEBUG] -- [main &gt;&gt;&gt;&gt; PropertySourcesPropertyResolver.java:81 &gt;&gt;&gt;&gt; Method = getProperty] -- [Content = Searching for key &apos;data_source_password&apos; in [systemEnvironment]]
[2018-07-02 21:44:21.608] -- [DEBUG] -- [main &gt;&gt;&gt;&gt; PropertySourcesPropertyResolver.java:103 &gt;&gt;&gt;&gt; Method = getProperty] -- [Content = Could not find key &apos;data_source_password&apos; in any property source. Returning [null]]
[2018-07-02 21:44:21.608] -- [DEBUG] -- [main &gt;&gt;&gt;&gt; PropertySourcesPropertyResolver.java:81 &gt;&gt;&gt;&gt; Method = getProperty] -- [Content = Searching for key &apos;data_source_password&apos; in [localProperties]]
[2018-07-02 21:44:21.608] -- [DEBUG] -- [main &gt;&gt;&gt;&gt; PropertySourcesPropertyResolver.java:90 &gt;&gt;&gt;&gt; Method = getProperty] -- [Content = Found key &apos;data_source_password&apos; in [localProperties] with type [String] and value &apos;123456&apos;]
[2018-07-02 21:44:21.609] -- [TRACE] -- [main &gt;&gt;&gt;&gt; PropertyPlaceholderHelper.java:165 &gt;&gt;&gt;&gt; Method = parseStringValue] -- [Content = Resolved placeholder &apos;data_source_password&apos;]
[2018-07-02 21:44:21.609] -- [TRACE] -- [main &gt;&gt;&gt;&gt; PropertySourcesPropertyResolver.java:76 &gt;&gt;&gt;&gt; Method = getProperty] -- [Content = getProperty(&quot;validation_query&quot;, String)]
[2018-07-02 21:44:21.609] -- [DEBUG] -- [main &gt;&gt;&gt;&gt; PropertySourcesPropertyResolver.java:81 &gt;&gt;&gt;&gt; Method = getProperty] -- [Content = Searching for key &apos;validation_query&apos; in [environmentProperties]]
[2018-07-02 21:44:21.610] -- [TRACE] -- [main &gt;&gt;&gt;&gt; PropertySourcesPropertyResolver.java:76 &gt;&gt;&gt;&gt; Method = getProperty] -- [Content = getProperty(&quot;validation_query&quot;, String)]
[2018-07-02 21:44:21.610] -- [DEBUG] -- [main &gt;&gt;&gt;&gt; PropertySourcesPropertyResolver.java:81 &gt;&gt;&gt;&gt; Method = getProperty] -- [Content = Searching for key &apos;validation_query&apos; in [systemProperties]]
[2018-07-02 21:44:21.611] -- [DEBUG] -- [main &gt;&gt;&gt;&gt; PropertySourcesPropertyResolver.java:81 &gt;&gt;&gt;&gt; Method = getProperty] -- [Content = Searching for key &apos;validation_query&apos; in [systemEnvironment]]
[2018-07-02 21:44:21.611] -- [DEBUG] -- [main &gt;&gt;&gt;&gt; PropertySourcesPropertyResolver.java:103 &gt;&gt;&gt;&gt; Method = getProperty] -- [Content = Could not find key &apos;validation_query&apos; in any property source. Returning [null]]
[2018-07-02 21:44:21.611] -- [DEBUG] -- [main &gt;&gt;&gt;&gt; PropertySourcesPropertyResolver.java:81 &gt;&gt;&gt;&gt; Method = getProperty] -- [Content = Searching for key &apos;validation_query&apos; in [localProperties]]
[2018-07-02 21:44:21.611] -- [DEBUG] -- [main &gt;&gt;&gt;&gt; PropertySourcesPropertyResolver.java:90 &gt;&gt;&gt;&gt; Method = getProperty] -- [Content = Found key &apos;validation_query&apos; in [localProperties] with type [String] and value &apos;SELECT 1&apos;]
[2018-07-02 21:44:21.612] -- [TRACE] -- [main &gt;&gt;&gt;&gt; PropertyPlaceholderHelper.java:165 &gt;&gt;&gt;&gt; Method = parseStringValue] -- [Content = Resolved placeholder &apos;validation_query&apos;]
[2018-07-02 21:44:21.626] -- [DEBUG] -- [main &gt;&gt;&gt;&gt; DefaultSingletonBeanRegistry.java:221 &gt;&gt;&gt;&gt; Method = getSingleton] -- [Content = Creating shared instance of singleton bean &apos;emBeanDefinitionRegistrarPostProcessor&apos;]
[2018-07-02 21:44:21.626] -- [DEBUG] -- [main &gt;&gt;&gt;&gt; AbstractAutowireCapableBeanFactory.java:448 &gt;&gt;&gt;&gt; Method = createBean] -- [Content = Creating instance of bean &apos;emBeanDefinitionRegistrarPostProcessor&apos;]
[2018-07-02 21:44:21.627] -- [DEBUG] -- [main &gt;&gt;&gt;&gt; AbstractAutowireCapableBeanFactory.java:529 &gt;&gt;&gt;&gt; Method = doCreateBean] -- [Content = Eagerly caching bean &apos;emBeanDefinitionRegistrarPostProcessor&apos; to allow for resolving potential circular references]
[2018-07-02 21:44:21.627] -- [DEBUG] -- [main &gt;&gt;&gt;&gt; AbstractAutowireCapableBeanFactory.java:484 &gt;&gt;&gt;&gt; Method = createBean] -- [Content = Finished creating instance of bean &apos;emBeanDefinitionRegistrarPostProcessor&apos;]
[2018-07-02 21:44:21.629] -- [DEBUG] -- [main &gt;&gt;&gt;&gt; DefaultSingletonBeanRegistry.java:221 &gt;&gt;&gt;&gt; Method = getSingleton] -- [Content = Creating shared instance of singleton bean &apos;org.springframework.context.annotation.internalAutowiredAnnotationProcessor&apos;]
[2018-07-02 21:44:21.634] -- [DEBUG] -- [main &gt;&gt;&gt;&gt; AbstractAutowireCapableBeanFactory.java:448 &gt;&gt;&gt;&gt; Method = createBean] -- [Content = Creating instance of bean &apos;org.springframework.context.annotation.internalAutowiredAnnotationProcessor&apos;]
[2018-07-02 21:44:21.637] -- [INFO] -- [main &gt;&gt;&gt;&gt; AutowiredAnnotationBeanPostProcessor.java:153 &gt;&gt;&gt;&gt; Method = &lt;init&gt;] -- [Content = JSR-330 &apos;javax.inject.Inject&apos; annotation found and supported for autowiring]
[2018-07-02 21:44:21.638] -- [DEBUG] -- [main &gt;&gt;&gt;&gt; AbstractAutowireCapableBeanFactory.java:529 &gt;&gt;&gt;&gt; Method = doCreateBean] -- [Content = Eagerly caching bean &apos;org.springframework.context.annotation.internalAutowiredAnnotationProcessor&apos; to allow for resolving potential circular references]
[2018-07-02 21:44:21.639] -- [DEBUG] -- [main &gt;&gt;&gt;&gt; AbstractAutowireCapableBeanFactory.java:484 &gt;&gt;&gt;&gt; Method = createBean] -- [Content = Finished creating instance of bean &apos;org.springframework.context.annotation.internalAutowiredAnnotationProcessor&apos;]
[2018-07-02 21:44:21.640] -- [DEBUG] -- [main &gt;&gt;&gt;&gt; DefaultSingletonBeanRegistry.java:221 &gt;&gt;&gt;&gt; Method = getSingleton] -- [Content = Creating shared instance of singleton bean &apos;org.springframework.context.annotation.internalRequiredAnnotationProcessor&apos;]
[2018-07-02 21:44:21.640] -- [DEBUG] -- [main &gt;&gt;&gt;&gt; AbstractAutowireCapableBeanFactory.java:448 &gt;&gt;&gt;&gt; Method = createBean] -- [Content = Creating instance of bean &apos;org.springframework.context.annotation.internalRequiredAnnotationProcessor&apos;]
[2018-07-02 21:44:21.640] -- [DEBUG] -- [main &gt;&gt;&gt;&gt; AbstractAutowireCapableBeanFactory.java:529 &gt;&gt;&gt;&gt; Method = doCreateBean] -- [Content = Eagerly caching bean &apos;org.springframework.context.annotation.internalRequiredAnnotationProcessor&apos; to allow for resolving potential circular references]
[2018-07-02 21:44:21.641] -- [DEBUG] -- [main &gt;&gt;&gt;&gt; AbstractAutowireCapableBeanFactory.java:484 &gt;&gt;&gt;&gt; Method = createBean] -- [Content = Finished creating instance of bean &apos;org.springframework.context.annotation.internalRequiredAnnotationProcessor&apos;]
[2018-07-02 21:44:21.641] -- [DEBUG] -- [main &gt;&gt;&gt;&gt; DefaultSingletonBeanRegistry.java:221 &gt;&gt;&gt;&gt; Method = getSingleton] -- [Content = Creating shared instance of singleton bean &apos;org.springframework.context.annotation.internalCommonAnnotationProcessor&apos;]
[2018-07-02 21:44:21.641] -- [DEBUG] -- [main &gt;&gt;&gt;&gt; AbstractAutowireCapableBeanFactory.java:448 &gt;&gt;&gt;&gt; Method = createBean] -- [Content = Creating instance of bean &apos;org.springframework.context.annotation.internalCommonAnnotationProcessor&apos;]
[2018-07-02 21:44:21.641] -- [DEBUG] -- [main &gt;&gt;&gt;&gt; AbstractAutowireCapableBeanFactory.java:529 &gt;&gt;&gt;&gt; Method = doCreateBean] -- [Content = Eagerly caching bean &apos;org.springframework.context.annotation.internalCommonAnnotationProcessor&apos; to allow for resolving potential circular references]
[2018-07-02 21:44:21.642] -- [DEBUG] -- [main &gt;&gt;&gt;&gt; AbstractAutowireCapableBeanFactory.java:484 &gt;&gt;&gt;&gt; Method = createBean] -- [Content = Finished creating instance of bean &apos;org.springframework.context.annotation.internalCommonAnnotationProcessor&apos;]
[2018-07-02 21:44:21.642] -- [DEBUG] -- [main &gt;&gt;&gt;&gt; DefaultSingletonBeanRegistry.java:221 &gt;&gt;&gt;&gt; Method = getSingleton] -- [Content = Creating shared instance of singleton bean &apos;org.springframework.context.annotation.internalPersistenceAnnotationProcessor&apos;]
[2018-07-02 21:44:21.642] -- [DEBUG] -- [main &gt;&gt;&gt;&gt; AbstractAutowireCapableBeanFactory.java:448 &gt;&gt;&gt;&gt; Method = createBean] -- [Content = Creating instance of bean &apos;org.springframework.context.annotation.internalPersistenceAnnotationProcessor&apos;]
[2018-07-02 21:44:21.642] -- [DEBUG] -- [main &gt;&gt;&gt;&gt; AbstractAutowireCapableBeanFactory.java:529 &gt;&gt;&gt;&gt; Method = doCreateBean] -- [Content = Eagerly caching bean &apos;org.springframework.context.annotation.internalPersistenceAnnotationProcessor&apos; to allow for resolving potential circular references]
[2018-07-02 21:44:21.649] -- [DEBUG] -- [main &gt;&gt;&gt;&gt; AbstractAutowireCapableBeanFactory.java:484 &gt;&gt;&gt;&gt; Method = createBean] -- [Content = Finished creating instance of bean &apos;org.springframework.context.annotation.internalPersistenceAnnotationProcessor&apos;]
[2018-07-02 21:44:21.652] -- [DEBUG] -- [main &gt;&gt;&gt;&gt; DefaultSingletonBeanRegistry.java:221 &gt;&gt;&gt;&gt; Method = getSingleton] -- [Content = Creating shared instance of singleton bean &apos;org.springframework.data.repository.core.support.RepositoryFactoryBeanSupport_Predictor&apos;]
[2018-07-02 21:44:21.652] -- [DEBUG] -- [main &gt;&gt;&gt;&gt; AbstractAutowireCapableBeanFactory.java:448 &gt;&gt;&gt;&gt; Method = createBean] -- [Content = Creating instance of bean &apos;org.springframework.data.repository.core.support.RepositoryFactoryBeanSupport_Predictor&apos;]
[2018-07-02 21:44:21.667] -- [TRACE] -- [main &gt;&gt;&gt;&gt; TypeConverterDelegate.java:434 &gt;&gt;&gt;&gt; Method = doConvertValue] -- [Content = Converting String to [class java.lang.Class] using property editor [org.springframework.beans.propertyeditors.ClassEditor@320de594]]
[2018-07-02 21:44:21.668] -- [TRACE] -- [main &gt;&gt;&gt;&gt; TypeConverterDelegate.java:434 &gt;&gt;&gt;&gt; Method = doConvertValue] -- [Content = Converting String to [class [Ljava.lang.String;] using property editor [org.springframework.beans.propertyeditors.StringArrayPropertyEditor@abf688e]]
[2018-07-02 21:44:21.669] -- [DEBUG] -- [main &gt;&gt;&gt;&gt; AbstractAutowireCapableBeanFactory.java:529 &gt;&gt;&gt;&gt; Method = doCreateBean] -- [Content = Eagerly caching bean &apos;org.springframework.data.repository.core.support.RepositoryFactoryBeanSupport_Predictor&apos; to allow for resolving potential circular references]
[2018-07-02 21:44:21.669] -- [DEBUG] -- [main &gt;&gt;&gt;&gt; AbstractAutowireCapableBeanFactory.java:484 &gt;&gt;&gt;&gt; Method = createBean] -- [Content = Finished creating instance of bean &apos;org.springframework.data.repository.core.support.RepositoryFactoryBeanSupport_Predictor&apos;]
[2018-07-02 21:44:21.682] -- [DEBUG] -- [main &gt;&gt;&gt;&gt; DefaultSingletonBeanRegistry.java:221 &gt;&gt;&gt;&gt; Method = getSingleton] -- [Content = Creating shared instance of singleton bean &apos;org.springframework.context.annotation.ConfigurationClassPostProcessor.importAwareProcessor&apos;]
[2018-07-02 21:44:21.682] -- [DEBUG] -- [main &gt;&gt;&gt;&gt; AbstractAutowireCapableBeanFactory.java:448 &gt;&gt;&gt;&gt; Method = createBean] -- [Content = Creating instance of bean &apos;org.springframework.context.annotation.ConfigurationClassPostProcessor.importAwareProcessor&apos;]
[2018-07-02 21:44:21.683] -- [DEBUG] -- [main &gt;&gt;&gt;&gt; AbstractAutowireCapableBeanFactory.java:529 &gt;&gt;&gt;&gt; Method = doCreateBean] -- [Content = Eagerly caching bean &apos;org.springframework.context.annotation.ConfigurationClassPostProcessor.importAwareProcessor&apos; to allow for resolving potential circular references]
[2018-07-02 21:44:21.683] -- [DEBUG] -- [main &gt;&gt;&gt;&gt; AbstractAutowireCapableBeanFactory.java:484 &gt;&gt;&gt;&gt; Method = createBean] -- [Content = Finished creating instance of bean &apos;org.springframework.context.annotation.ConfigurationClassPostProcessor.importAwareProcessor&apos;]
[2018-07-02 21:44:21.683] -- [DEBUG] -- [main &gt;&gt;&gt;&gt; DefaultSingletonBeanRegistry.java:221 &gt;&gt;&gt;&gt; Method = getSingleton] -- [Content = Creating shared instance of singleton bean &apos;org.springframework.context.annotation.ConfigurationClassPostProcessor.enhancedConfigurationProcessor&apos;]
[2018-07-02 21:44:21.683] -- [DEBUG] -- [main &gt;&gt;&gt;&gt; AbstractAutowireCapableBeanFactory.java:448 &gt;&gt;&gt;&gt; Method = createBean] -- [Content = Creating instance of bean &apos;org.springframework.context.annotation.ConfigurationClassPostProcessor.enhancedConfigurationProcessor&apos;]
[2018-07-02 21:44:21.684] -- [DEBUG] -- [main &gt;&gt;&gt;&gt; AbstractAutowireCapableBeanFactory.java:529 &gt;&gt;&gt;&gt; Method = doCreateBean] -- [Content = Eagerly caching bean &apos;org.springframework.context.annotation.ConfigurationClassPostProcessor.enhancedConfigurationProcessor&apos; to allow for resolving potential circular references]
[2018-07-02 21:44:21.684] -- [DEBUG] -- [main &gt;&gt;&gt;&gt; AbstractAutowireCapableBeanFactory.java:484 &gt;&gt;&gt;&gt; Method = createBean] -- [Content = Finished creating instance of bean &apos;org.springframework.context.annotation.ConfigurationClassPostProcessor.enhancedConfigurationProcessor&apos;]
[2018-07-02 21:44:21.686] -- [DEBUG] -- [main &gt;&gt;&gt;&gt; DefaultSingletonBeanRegistry.java:221 &gt;&gt;&gt;&gt; Method = getSingleton] -- [Content = Creating shared instance of singleton bean &apos;org.springframework.aop.config.internalAutoProxyCreator&apos;]
[2018-07-02 21:44:21.687] -- [DEBUG] -- [main &gt;&gt;&gt;&gt; AbstractAutowireCapableBeanFactory.java:448 &gt;&gt;&gt;&gt; Method = createBean] -- [Content = Creating instance of bean &apos;org.springframework.aop.config.internalAutoProxyCreator&apos;]
[2018-07-02 21:44:21.691] -- [DEBUG] -- [main &gt;&gt;&gt;&gt; AbstractAutowireCapableBeanFactory.java:529 &gt;&gt;&gt;&gt; Method = doCreateBean] -- [Content = Eagerly caching bean &apos;org.springframework.aop.config.internalAutoProxyCreator&apos; to allow for resolving potential circular references]
[2018-07-02 21:44:21.692] -- [TRACE] -- [main &gt;&gt;&gt;&gt; CachedIntrospectionResults.java:265 &gt;&gt;&gt;&gt; Method = &lt;init&gt;] -- [Content = Getting BeanInfo for class [org.springframework.aop.aspectj.autoproxy.AspectJAwareAdvisorAutoProxyCreator]]
[2018-07-02 21:44:21.692] -- [TRACE] -- [main &gt;&gt;&gt;&gt; CachedIntrospectionResults.java:284 &gt;&gt;&gt;&gt; Method = &lt;init&gt;] -- [Content = Caching PropertyDescriptors for class [org.springframework.aop.aspectj.autoproxy.AspectJAwareAdvisorAutoProxyCreator]]
[2018-07-02 21:44:21.693] -- [TRACE] -- [main &gt;&gt;&gt;&gt; CachedIntrospectionResults.java:297 &gt;&gt;&gt;&gt; Method = &lt;init&gt;] -- [Content = Found bean property &apos;advisorAdapterRegistry&apos; of type [org.springframework.aop.framework.adapter.AdvisorAdapterRegistry]]
[2018-07-02 21:44:21.693] -- [TRACE] -- [main &gt;&gt;&gt;&gt; CachedIntrospectionResults.java:297 &gt;&gt;&gt;&gt; Method = &lt;init&gt;] -- [Content = Found bean property &apos;applyCommonInterceptorsFirst&apos; of type [boolean]]
[2018-07-02 21:44:21.693] -- [TRACE] -- [main &gt;&gt;&gt;&gt; CachedIntrospectionResults.java:297 &gt;&gt;&gt;&gt; Method = &lt;init&gt;] -- [Content = Found bean property &apos;beanClassLoader&apos; of type [java.lang.ClassLoader]]
[2018-07-02 21:44:21.693] -- [TRACE] -- [main &gt;&gt;&gt;&gt; CachedIntrospectionResults.java:297 &gt;&gt;&gt;&gt; Method = &lt;init&gt;] -- [Content = Found bean property &apos;beanFactory&apos; of type [org.springframework.beans.factory.BeanFactory]]
[2018-07-02 21:44:21.693] -- [TRACE] -- [main &gt;&gt;&gt;&gt; CachedIntrospectionResults.java:297 &gt;&gt;&gt;&gt; Method = &lt;init&gt;] -- [Content = Found bean property &apos;class&apos; of type [java.lang.Class]]
[2018-07-02 21:44:21.694] -- [TRACE] -- [main &gt;&gt;&gt;&gt; CachedIntrospectionResults.java:297 &gt;&gt;&gt;&gt; Method = &lt;init&gt;] -- [Content = Found bean property &apos;customTargetSourceCreators&apos; of type [[Lorg.springframework.aop.framework.autoproxy.TargetSourceCreator;]]
[2018-07-02 21:44:21.694] -- [TRACE] -- [main &gt;&gt;&gt;&gt; CachedIntrospectionResults.java:297 &gt;&gt;&gt;&gt; Method = &lt;init&gt;] -- [Content = Found bean property &apos;exposeProxy&apos; of type [boolean]]
[2018-07-02 21:44:21.694] -- [TRACE] -- [main &gt;&gt;&gt;&gt; CachedIntrospectionResults.java:297 &gt;&gt;&gt;&gt; Method = &lt;init&gt;] -- [Content = Found bean property &apos;frozen&apos; of type [boolean]]
[2018-07-02 21:44:21.695] -- [TRACE] -- [main &gt;&gt;&gt;&gt; CachedIntrospectionResults.java:297 &gt;&gt;&gt;&gt; Method = &lt;init&gt;] -- [Content = Found bean property &apos;interceptorNames&apos; of type [[Ljava.lang.String;]]
[2018-07-02 21:44:21.695] -- [TRACE] -- [main &gt;&gt;&gt;&gt; CachedIntrospectionResults.java:297 &gt;&gt;&gt;&gt; Method = &lt;init&gt;] -- [Content = Found bean property &apos;opaque&apos; of type [boolean]]
[2018-07-02 21:44:21.695] -- [TRACE] -- [main &gt;&gt;&gt;&gt; CachedIntrospectionResults.java:297 &gt;&gt;&gt;&gt; Method = &lt;init&gt;] -- [Content = Found bean property &apos;optimize&apos; of type [boolean]]
[2018-07-02 21:44:21.696] -- [TRACE] -- [main &gt;&gt;&gt;&gt; CachedIntrospectionResults.java:297 &gt;&gt;&gt;&gt; Method = &lt;init&gt;] -- [Content = Found bean property &apos;order&apos; of type [int]]
[2018-07-02 21:44:21.697] -- [TRACE] -- [main &gt;&gt;&gt;&gt; CachedIntrospectionResults.java:297 &gt;&gt;&gt;&gt; Method = &lt;init&gt;] -- [Content = Found bean property &apos;proxyClassLoader&apos; of type [java.lang.ClassLoader]]
[2018-07-02 21:44:21.698] -- [TRACE] -- [main &gt;&gt;&gt;&gt; CachedIntrospectionResults.java:297 &gt;&gt;&gt;&gt; Method = &lt;init&gt;] -- [Content = Found bean property &apos;proxyTargetClass&apos; of type [boolean]]
[2018-07-02 21:44:21.701] -- [DEBUG] -- [main &gt;&gt;&gt;&gt; AbstractAutowireCapableBeanFactory.java:484 &gt;&gt;&gt;&gt; Method = createBean] -- [Content = Finished creating instance of bean &apos;org.springframework.aop.config.internalAutoProxyCreator&apos;]
[2018-07-02 21:44:21.702] -- [DEBUG] -- [main &gt;&gt;&gt;&gt; AbstractApplicationContext.java:718 &gt;&gt;&gt;&gt; Method = initMessageSource] -- [Content = Unable to locate MessageSource with name &apos;messageSource&apos;: using default [org.springframework.context.support.DelegatingMessageSource@478ee483]]
[2018-07-02 21:44:21.702] -- [DEBUG] -- [main &gt;&gt;&gt;&gt; AbstractApplicationContext.java:742 &gt;&gt;&gt;&gt; Method = initApplicationEventMulticaster] -- [Content = Unable to locate ApplicationEventMulticaster with name &apos;applicationEventMulticaster&apos;: using default [org.springframework.context.event.SimpleApplicationEventMulticaster@1a7288a3]]
[2018-07-02 21:44:21.703] -- [DEBUG] -- [main &gt;&gt;&gt;&gt; DefaultSingletonBeanRegistry.java:221 &gt;&gt;&gt;&gt; Method = getSingleton] -- [Content = Creating shared instance of singleton bean &apos;entityManagerFactory&apos;]
[2018-07-02 21:44:21.703] -- [DEBUG] -- [main &gt;&gt;&gt;&gt; AbstractAutowireCapableBeanFactory.java:448 &gt;&gt;&gt;&gt; Method = createBean] -- [Content = Creating instance of bean &apos;entityManagerFactory&apos;]
[2018-07-02 21:44:21.704] -- [DEBUG] -- [main &gt;&gt;&gt;&gt; DefaultSingletonBeanRegistry.java:221 &gt;&gt;&gt;&gt; Method = getSingleton] -- [Content = Creating shared instance of singleton bean &apos;org.springframework.aop.support.DefaultBeanFactoryPointcutAdvisor#0&apos;]
[2018-07-02 21:44:21.704] -- [DEBUG] -- [main &gt;&gt;&gt;&gt; AbstractAutowireCapableBeanFactory.java:448 &gt;&gt;&gt;&gt; Method = createBean] -- [Content = Creating instance of bean &apos;org.springframework.aop.support.DefaultBeanFactoryPointcutAdvisor#0&apos;]
[2018-07-02 21:44:21.704] -- [TRACE] -- [main &gt;&gt;&gt;&gt; AbstractAutoProxyCreator.java:376 &gt;&gt;&gt;&gt; Method = isInfrastructureClass] -- [Content = Did not attempt to auto-proxy infrastructure class [org.springframework.aop.support.DefaultBeanFactoryPointcutAdvisor]]
[2018-07-02 21:44:21.705] -- [DEBUG] -- [main &gt;&gt;&gt;&gt; AbstractAutowireCapableBeanFactory.java:529 &gt;&gt;&gt;&gt; Method = doCreateBean] -- [Content = Eagerly caching bean &apos;org.springframework.aop.support.DefaultBeanFactoryPointcutAdvisor#0&apos; to allow for resolving potential circular references]
[2018-07-02 21:44:21.705] -- [TRACE] -- [main &gt;&gt;&gt;&gt; CachedIntrospectionResults.java:265 &gt;&gt;&gt;&gt; Method = &lt;init&gt;] -- [Content = Getting BeanInfo for class [org.springframework.aop.support.DefaultBeanFactoryPointcutAdvisor]]
[2018-07-02 21:44:21.705] -- [TRACE] -- [main &gt;&gt;&gt;&gt; CachedIntrospectionResults.java:284 &gt;&gt;&gt;&gt; Method = &lt;init&gt;] -- [Content = Caching PropertyDescriptors for class [org.springframework.aop.support.DefaultBeanFactoryPointcutAdvisor]]
[2018-07-02 21:44:21.706] -- [TRACE] -- [main &gt;&gt;&gt;&gt; CachedIntrospectionResults.java:297 &gt;&gt;&gt;&gt; Method = &lt;init&gt;] -- [Content = Found bean property &apos;advice&apos; of type [org.aopalliance.aop.Advice]]
[2018-07-02 21:44:21.706] -- [TRACE] -- [main &gt;&gt;&gt;&gt; CachedIntrospectionResults.java:297 &gt;&gt;&gt;&gt; Method = &lt;init&gt;] -- [Content = Found bean property &apos;adviceBeanName&apos; of type [java.lang.String]]
[2018-07-02 21:44:21.706] -- [TRACE] -- [main &gt;&gt;&gt;&gt; CachedIntrospectionResults.java:297 &gt;&gt;&gt;&gt; Method = &lt;init&gt;] -- [Content = Found bean property &apos;beanFactory&apos; of type [org.springframework.beans.factory.BeanFactory]]
[2018-07-02 21:44:21.706] -- [TRACE] -- [main &gt;&gt;&gt;&gt; CachedIntrospectionResults.java:297 &gt;&gt;&gt;&gt; Method = &lt;init&gt;] -- [Content = Found bean property &apos;class&apos; of type [java.lang.Class]]
[2018-07-02 21:44:21.706] -- [TRACE] -- [main &gt;&gt;&gt;&gt; CachedIntrospectionResults.java:297 &gt;&gt;&gt;&gt; Method = &lt;init&gt;] -- [Content = Found bean property &apos;order&apos; of type [int]]
[2018-07-02 21:44:21.707] -- [TRACE] -- [main &gt;&gt;&gt;&gt; CachedIntrospectionResults.java:297 &gt;&gt;&gt;&gt; Method = &lt;init&gt;] -- [Content = Found bean property &apos;perInstance&apos; of type [boolean]]
[2018-07-02 21:44:21.707] -- [TRACE] -- [main &gt;&gt;&gt;&gt; CachedIntrospectionResults.java:297 &gt;&gt;&gt;&gt; Method = &lt;init&gt;] -- [Content = Found bean property &apos;pointcut&apos; of type [org.springframework.aop.Pointcut]]
[2018-07-02 21:44:21.708] -- [DEBUG] -- [main &gt;&gt;&gt;&gt; AbstractAutowireCapableBeanFactory.java:448 &gt;&gt;&gt;&gt; Method = createBean] -- [Content = Creating instance of bean &apos;druid-stat-pointcut&apos;]
[2018-07-02 21:44:21.709] -- [DEBUG] -- [main &gt;&gt;&gt;&gt; BeanFactoryAdvisorRetrievalHelper.java:87 &gt;&gt;&gt;&gt; Method = findAdvisorBeans] -- [Content = Skipping currently created advisor &apos;org.springframework.aop.support.DefaultBeanFactoryPointcutAdvisor#0&apos;]
[2018-07-02 21:44:21.710] -- [DEBUG] -- [main &gt;&gt;&gt;&gt; DefaultSingletonBeanRegistry.java:221 &gt;&gt;&gt;&gt; Method = getSingleton] -- [Content = Creating shared instance of singleton bean &apos;org.springframework.aop.support.DefaultBeanFactoryPointcutAdvisor#1&apos;]
[2018-07-02 21:44:21.710] -- [DEBUG] -- [main &gt;&gt;&gt;&gt; AbstractAutowireCapableBeanFactory.java:448 &gt;&gt;&gt;&gt; Method = createBean] -- [Content = Creating instance of bean &apos;org.springframework.aop.support.DefaultBeanFactoryPointcutAdvisor#1&apos;]
[2018-07-02 21:44:21.710] -- [TRACE] -- [main &gt;&gt;&gt;&gt; AbstractAutoProxyCreator.java:376 &gt;&gt;&gt;&gt; Method = isInfrastructureClass] -- [Content = Did not attempt to auto-proxy infrastructure class [org.springframework.aop.support.DefaultBeanFactoryPointcutAdvisor]]
[2018-07-02 21:44:21.711] -- [DEBUG] -- [main &gt;&gt;&gt;&gt; AbstractAutowireCapableBeanFactory.java:529 &gt;&gt;&gt;&gt; Method = doCreateBean] -- [Content = Eagerly caching bean &apos;org.springframework.aop.support.DefaultBeanFactoryPointcutAdvisor#1&apos; to allow for resolving potential circular references]
[2018-07-02 21:44:21.712] -- [DEBUG] -- [main &gt;&gt;&gt;&gt; AbstractAutowireCapableBeanFactory.java:448 &gt;&gt;&gt;&gt; Method = createBean] -- [Content = Creating instance of bean &apos;transactionPointcut&apos;]
[2018-07-02 21:44:21.713] -- [TRACE] -- [main &gt;&gt;&gt;&gt; CachedIntrospectionResults.java:265 &gt;&gt;&gt;&gt; Method = &lt;init&gt;] -- [Content = Getting BeanInfo for class [org.springframework.aop.aspectj.AspectJExpressionPointcut]]
[2018-07-02 21:44:21.714] -- [TRACE] -- [main &gt;&gt;&gt;&gt; CachedIntrospectionResults.java:284 &gt;&gt;&gt;&gt; Method = &lt;init&gt;] -- [Content = Caching PropertyDescriptors for class [org.springframework.aop.aspectj.AspectJExpressionPointcut]]
[2018-07-02 21:44:21.714] -- [TRACE] -- [main &gt;&gt;&gt;&gt; CachedIntrospectionResults.java:297 &gt;&gt;&gt;&gt; Method = &lt;init&gt;] -- [Content = Found bean property &apos;beanFactory&apos; of type [org.springframework.beans.factory.BeanFactory]]
[2018-07-02 21:44:21.714] -- [TRACE] -- [main &gt;&gt;&gt;&gt; CachedIntrospectionResults.java:297 &gt;&gt;&gt;&gt; Method = &lt;init&gt;] -- [Content = Found bean property &apos;class&apos; of type [java.lang.Class]]
[2018-07-02 21:44:21.714] -- [TRACE] -- [main &gt;&gt;&gt;&gt; CachedIntrospectionResults.java:297 &gt;&gt;&gt;&gt; Method = &lt;init&gt;] -- [Content = Found bean property &apos;classFilter&apos; of type [org.springframework.aop.ClassFilter]]
[2018-07-02 21:44:21.715] -- [TRACE] -- [main &gt;&gt;&gt;&gt; CachedIntrospectionResults.java:297 &gt;&gt;&gt;&gt; Method = &lt;init&gt;] -- [Content = Found bean property &apos;expression&apos; of type [java.lang.String]]
[2018-07-02 21:44:21.715] -- [TRACE] -- [main &gt;&gt;&gt;&gt; CachedIntrospectionResults.java:297 &gt;&gt;&gt;&gt; Method = &lt;init&gt;] -- [Content = Found bean property &apos;location&apos; of type [java.lang.String]]
[2018-07-02 21:44:21.715] -- [TRACE] -- [main &gt;&gt;&gt;&gt; CachedIntrospectionResults.java:297 &gt;&gt;&gt;&gt; Method = &lt;init&gt;] -- [Content = Found bean property &apos;methodMatcher&apos; of type [org.springframework.aop.MethodMatcher]]
[2018-07-02 21:44:21.716] -- [TRACE] -- [main &gt;&gt;&gt;&gt; CachedIntrospectionResults.java:297 &gt;&gt;&gt;&gt; Method = &lt;init&gt;] -- [Content = Found bean property &apos;parameterNames&apos; of type [[Ljava.lang.String;]]
[2018-07-02 21:44:21.716] -- [TRACE] -- [main &gt;&gt;&gt;&gt; CachedIntrospectionResults.java:297 &gt;&gt;&gt;&gt; Method = &lt;init&gt;] -- [Content = Found bean property &apos;parameterTypes&apos; of type [[Ljava.lang.Class;]]
[2018-07-02 21:44:21.716] -- [TRACE] -- [main &gt;&gt;&gt;&gt; CachedIntrospectionResults.java:297 &gt;&gt;&gt;&gt; Method = &lt;init&gt;] -- [Content = Found bean property &apos;pointcutDeclarationScope&apos; of type [java.lang.Class]]
[2018-07-02 21:44:21.717] -- [TRACE] -- [main &gt;&gt;&gt;&gt; CachedIntrospectionResults.java:297 &gt;&gt;&gt;&gt; Method = &lt;init&gt;] -- [Content = Found bean property &apos;pointcutExpression&apos; of type [org.aspectj.weaver.tools.PointcutExpression]]
[2018-07-02 21:44:21.717] -- [TRACE] -- [main &gt;&gt;&gt;&gt; CachedIntrospectionResults.java:297 &gt;&gt;&gt;&gt; Method = &lt;init&gt;] -- [Content = Found bean property &apos;runtime&apos; of type [boolean]]
[2018-07-02 21:44:21.718] -- [DEBUG] -- [main &gt;&gt;&gt;&gt; AbstractAutowireCapableBeanFactory.java:484 &gt;&gt;&gt;&gt; Method = createBean] -- [Content = Finished creating instance of bean &apos;transactionPointcut&apos;]
[2018-07-02 21:44:21.718] -- [DEBUG] -- [main &gt;&gt;&gt;&gt; AbstractAutowireCapableBeanFactory.java:484 &gt;&gt;&gt;&gt; Method = createBean] -- [Content = Finished creating instance of bean &apos;org.springframework.aop.support.DefaultBeanFactoryPointcutAdvisor#1&apos;]
[2018-07-02 21:44:21.719] -- [TRACE] -- [main &gt;&gt;&gt;&gt; CachedIntrospectionResults.java:265 &gt;&gt;&gt;&gt; Method = &lt;init&gt;] -- [Content = Getting BeanInfo for class [org.springframework.aop.support.JdkRegexpMethodPointcut]]
[2018-07-02 21:44:21.719] -- [TRACE] -- [main &gt;&gt;&gt;&gt; CachedIntrospectionResults.java:284 &gt;&gt;&gt;&gt; Method = &lt;init&gt;] -- [Content = Caching PropertyDescriptors for class [org.springframework.aop.support.JdkRegexpMethodPointcut]]
[2018-07-02 21:44:21.720] -- [TRACE] -- [main &gt;&gt;&gt;&gt; CachedIntrospectionResults.java:297 &gt;&gt;&gt;&gt; Method = &lt;init&gt;] -- [Content = Found bean property &apos;class&apos; of type [java.lang.Class]]
[2018-07-02 21:44:21.720] -- [TRACE] -- [main &gt;&gt;&gt;&gt; CachedIntrospectionResults.java:297 &gt;&gt;&gt;&gt; Method = &lt;init&gt;] -- [Content = Found bean property &apos;classFilter&apos; of type [org.springframework.aop.ClassFilter]]
[2018-07-02 21:44:21.721] -- [TRACE] -- [main &gt;&gt;&gt;&gt; CachedIntrospectionResults.java:297 &gt;&gt;&gt;&gt; Method = &lt;init&gt;] -- [Content = Found bean property &apos;excludedPattern&apos; of type [java.lang.String]]
[2018-07-02 21:44:21.722] -- [TRACE] -- [main &gt;&gt;&gt;&gt; CachedIntrospectionResults.java:297 &gt;&gt;&gt;&gt; Method = &lt;init&gt;] -- [Content = Found bean property &apos;excludedPatterns&apos; of type [[Ljava.lang.String;]]
[2018-07-02 21:44:21.722] -- [TRACE] -- [main &gt;&gt;&gt;&gt; CachedIntrospectionResults.java:297 &gt;&gt;&gt;&gt; Method = &lt;init&gt;] -- [Content = Found bean property &apos;methodMatcher&apos; of type [org.springframework.aop.MethodMatcher]]
[2018-07-02 21:44:21.723] -- [TRACE] -- [main &gt;&gt;&gt;&gt; CachedIntrospectionResults.java:297 &gt;&gt;&gt;&gt; Method = &lt;init&gt;] -- [Content = Found bean property &apos;pattern&apos; of type [java.lang.String]]
[2018-07-02 21:44:21.723] -- [TRACE] -- [main &gt;&gt;&gt;&gt; CachedIntrospectionResults.java:297 &gt;&gt;&gt;&gt; Method = &lt;init&gt;] -- [Content = Found bean property &apos;patterns&apos; of type [[Ljava.lang.String;]]
[2018-07-02 21:44:21.723] -- [TRACE] -- [main &gt;&gt;&gt;&gt; CachedIntrospectionResults.java:297 &gt;&gt;&gt;&gt; Method = &lt;init&gt;] -- [Content = Found bean property &apos;runtime&apos; of type [boolean]]
[2018-07-02 21:44:21.724] -- [DEBUG] -- [main &gt;&gt;&gt;&gt; BeanFactoryAdvisorRetrievalHelper.java:87 &gt;&gt;&gt;&gt; Method = findAdvisorBeans] -- [Content = Skipping currently created advisor &apos;org.springframework.aop.support.DefaultBeanFactoryPointcutAdvisor#0&apos;]
[2018-07-02 21:44:21.724] -- [DEBUG] -- [main &gt;&gt;&gt;&gt; AbstractBeanFactory.java:251 &gt;&gt;&gt;&gt; Method = doGetBean] -- [Content = Returning cached instance of singleton bean &apos;org.springframework.aop.support.DefaultBeanFactoryPointcutAdvisor#1&apos;]
[2018-07-02 21:44:21.724] -- [DEBUG] -- [main &gt;&gt;&gt;&gt; BeanFactoryAdvisorRetrievalHelper.java:87 &gt;&gt;&gt;&gt; Method = findAdvisorBeans] -- [Content = Skipping currently created advisor &apos;org.springframework.aop.support.DefaultBeanFactoryPointcutAdvisor#0&apos;]
[2018-07-02 21:44:21.724] -- [DEBUG] -- [main &gt;&gt;&gt;&gt; AbstractBeanFactory.java:251 &gt;&gt;&gt;&gt; Method = doGetBean] -- [Content = Returning cached instance of singleton bean &apos;org.springframework.aop.support.DefaultBeanFactoryPointcutAdvisor#1&apos;]
[2018-07-02 21:44:21.734] -- [DEBUG] -- [main &gt;&gt;&gt;&gt; AbstractAutowireCapableBeanFactory.java:484 &gt;&gt;&gt;&gt; Method = createBean] -- [Content = Finished creating instance of bean &apos;druid-stat-pointcut&apos;]
[2018-07-02 21:44:21.737] -- [DEBUG] -- [main &gt;&gt;&gt;&gt; AbstractAutowireCapableBeanFactory.java:484 &gt;&gt;&gt;&gt; Method = createBean] -- [Content = Finished creating instance of bean &apos;org.springframework.aop.support.DefaultBeanFactoryPointcutAdvisor#0&apos;]
[2018-07-02 21:44:21.737] -- [DEBUG] -- [main &gt;&gt;&gt;&gt; AbstractBeanFactory.java:251 &gt;&gt;&gt;&gt; Method = doGetBean] -- [Content = Returning cached instance of singleton bean &apos;org.springframework.aop.support.DefaultBeanFactoryPointcutAdvisor#1&apos;]
[2018-07-02 21:44:21.738] -- [DEBUG] -- [main &gt;&gt;&gt;&gt; AbstractAutowireCapableBeanFactory.java:529 &gt;&gt;&gt;&gt; Method = doCreateBean] -- [Content = Eagerly caching bean &apos;entityManagerFactory&apos; to allow for resolving potential circular references]
[2018-07-02 21:44:21.738] -- [TRACE] -- [main &gt;&gt;&gt;&gt; CachedIntrospectionResults.java:265 &gt;&gt;&gt;&gt; Method = &lt;init&gt;] -- [Content = Getting BeanInfo for class [org.springframework.orm.jpa.LocalContainerEntityManagerFactoryBean]]
[2018-07-02 21:44:21.738] -- [TRACE] -- [main &gt;&gt;&gt;&gt; CachedIntrospectionResults.java:284 &gt;&gt;&gt;&gt; Method = &lt;init&gt;] -- [Content = Caching PropertyDescriptors for class [org.springframework.orm.jpa.LocalContainerEntityManagerFactoryBean]]
[2018-07-02 21:44:21.738] -- [TRACE] -- [main &gt;&gt;&gt;&gt; CachedIntrospectionResults.java:297 &gt;&gt;&gt;&gt; Method = &lt;init&gt;] -- [Content = Found bean property &apos;beanClassLoader&apos; of type [java.lang.ClassLoader]]
[2018-07-02 21:44:21.738] -- [TRACE] -- [main &gt;&gt;&gt;&gt; CachedIntrospectionResults.java:297 &gt;&gt;&gt;&gt; Method = &lt;init&gt;] -- [Content = Found bean property &apos;beanFactory&apos; of type [org.springframework.beans.factory.BeanFactory]]
[2018-07-02 21:44:21.738] -- [TRACE] -- [main &gt;&gt;&gt;&gt; CachedIntrospectionResults.java:297 &gt;&gt;&gt;&gt; Method = &lt;init&gt;] -- [Content = Found bean property &apos;beanName&apos; of type [java.lang.String]]
[2018-07-02 21:44:21.739] -- [TRACE] -- [main &gt;&gt;&gt;&gt; CachedIntrospectionResults.java:297 &gt;&gt;&gt;&gt; Method = &lt;init&gt;] -- [Content = Found bean property &apos;class&apos; of type [java.lang.Class]]
[2018-07-02 21:44:21.739] -- [TRACE] -- [main &gt;&gt;&gt;&gt; CachedIntrospectionResults.java:297 &gt;&gt;&gt;&gt; Method = &lt;init&gt;] -- [Content = Found bean property &apos;dataSource&apos; of type [javax.sql.DataSource]]
[2018-07-02 21:44:21.739] -- [TRACE] -- [main &gt;&gt;&gt;&gt; CachedIntrospectionResults.java:297 &gt;&gt;&gt;&gt; Method = &lt;init&gt;] -- [Content = Found bean property &apos;entityManagerFactoryInterface&apos; of type [java.lang.Class]]
[2018-07-02 21:44:21.739] -- [TRACE] -- [main &gt;&gt;&gt;&gt; CachedIntrospectionResults.java:297 &gt;&gt;&gt;&gt; Method = &lt;init&gt;] -- [Content = Found bean property &apos;entityManagerInterface&apos; of type [java.lang.Class]]
[2018-07-02 21:44:21.739] -- [TRACE] -- [main &gt;&gt;&gt;&gt; CachedIntrospectionResults.java:297 &gt;&gt;&gt;&gt; Method = &lt;init&gt;] -- [Content = Found bean property &apos;jpaDialect&apos; of type [org.springframework.orm.jpa.JpaDialect]]
[2018-07-02 21:44:21.739] -- [TRACE] -- [main &gt;&gt;&gt;&gt; CachedIntrospectionResults.java:297 &gt;&gt;&gt;&gt; Method = &lt;init&gt;] -- [Content = Found bean property &apos;jpaProperties&apos; of type [java.util.Properties]]
[2018-07-02 21:44:21.740] -- [TRACE] -- [main &gt;&gt;&gt;&gt; CachedIntrospectionResults.java:297 &gt;&gt;&gt;&gt; Method = &lt;init&gt;] -- [Content = Found bean property &apos;jpaPropertyMap&apos; of type [java.util.Map]]
[2018-07-02 21:44:21.740] -- [TRACE] -- [main &gt;&gt;&gt;&gt; CachedIntrospectionResults.java:297 &gt;&gt;&gt;&gt; Method = &lt;init&gt;] -- [Content = Found bean property &apos;jpaVendorAdapter&apos; of type [org.springframework.orm.jpa.JpaVendorAdapter]]
[2018-07-02 21:44:21.740] -- [TRACE] -- [main &gt;&gt;&gt;&gt; CachedIntrospectionResults.java:297 &gt;&gt;&gt;&gt; Method = &lt;init&gt;] -- [Content = Found bean property &apos;jtaDataSource&apos; of type [javax.sql.DataSource]]
[2018-07-02 21:44:21.740] -- [TRACE] -- [main &gt;&gt;&gt;&gt; CachedIntrospectionResults.java:297 &gt;&gt;&gt;&gt; Method = &lt;init&gt;] -- [Content = Found bean property &apos;loadTimeWeaver&apos; of type [org.springframework.instrument.classloading.LoadTimeWeaver]]
[2018-07-02 21:44:21.740] -- [TRACE] -- [main &gt;&gt;&gt;&gt; CachedIntrospectionResults.java:297 &gt;&gt;&gt;&gt; Method = &lt;init&gt;] -- [Content = Found bean property &apos;mappingResources&apos; of type [[Ljava.lang.String;]]
[2018-07-02 21:44:21.741] -- [TRACE] -- [main &gt;&gt;&gt;&gt; CachedIntrospectionResults.java:297 &gt;&gt;&gt;&gt; Method = &lt;init&gt;] -- [Content = Found bean property &apos;nativeEntityManagerFactory&apos; of type [javax.persistence.EntityManagerFactory]]
[2018-07-02 21:44:21.741] -- [TRACE] -- [main &gt;&gt;&gt;&gt; CachedIntrospectionResults.java:297 &gt;&gt;&gt;&gt; Method = &lt;init&gt;] -- [Content = Found bean property &apos;object&apos; of type [javax.persistence.EntityManagerFactory]]
[2018-07-02 21:44:21.741] -- [TRACE] -- [main &gt;&gt;&gt;&gt; CachedIntrospectionResults.java:297 &gt;&gt;&gt;&gt; Method = &lt;init&gt;] -- [Content = Found bean property &apos;objectType&apos; of type [java.lang.Class]]
[2018-07-02 21:44:21.741] -- [TRACE] -- [main &gt;&gt;&gt;&gt; CachedIntrospectionResults.java:297 &gt;&gt;&gt;&gt; Method = &lt;init&gt;] -- [Content = Found bean property &apos;packagesToScan&apos; of type [[Ljava.lang.String;]]
[2018-07-02 21:44:21.741] -- [TRACE] -- [main &gt;&gt;&gt;&gt; CachedIntrospectionResults.java:297 &gt;&gt;&gt;&gt; Method = &lt;init&gt;] -- [Content = Found bean property &apos;persistenceProvider&apos; of type [javax.persistence.spi.PersistenceProvider]]
[2018-07-02 21:44:21.742] -- [TRACE] -- [main &gt;&gt;&gt;&gt; CachedIntrospectionResults.java:297 &gt;&gt;&gt;&gt; Method = &lt;init&gt;] -- [Content = Found bean property &apos;persistenceProviderClass&apos; of type [java.lang.Class]]
[2018-07-02 21:44:21.742] -- [TRACE] -- [main &gt;&gt;&gt;&gt; CachedIntrospectionResults.java:297 &gt;&gt;&gt;&gt; Method = &lt;init&gt;] -- [Content = Found bean property &apos;persistenceUnitInfo&apos; of type [javax.persistence.spi.PersistenceUnitInfo]]
[2018-07-02 21:44:21.742] -- [TRACE] -- [main &gt;&gt;&gt;&gt; CachedIntrospectionResults.java:297 &gt;&gt;&gt;&gt; Method = &lt;init&gt;] -- [Content = Found bean property &apos;persistenceUnitManager&apos; of type [org.springframework.orm.jpa.persistenceunit.PersistenceUnitManager]]
[2018-07-02 21:44:21.742] -- [TRACE] -- [main &gt;&gt;&gt;&gt; CachedIntrospectionResults.java:297 &gt;&gt;&gt;&gt; Method = &lt;init&gt;] -- [Content = Found bean property &apos;persistenceUnitName&apos; of type [java.lang.String]]
[2018-07-02 21:44:21.742] -- [TRACE] -- [main &gt;&gt;&gt;&gt; CachedIntrospectionResults.java:297 &gt;&gt;&gt;&gt; Method = &lt;init&gt;] -- [Content = Found bean property &apos;persistenceUnitPostProcessors&apos; of type [[Lorg.springframework.orm.jpa.persistenceunit.PersistenceUnitPostProcessor;]]
[2018-07-02 21:44:21.743] -- [TRACE] -- [main &gt;&gt;&gt;&gt; CachedIntrospectionResults.java:297 &gt;&gt;&gt;&gt; Method = &lt;init&gt;] -- [Content = Found bean property &apos;persistenceXmlLocation&apos; of type [java.lang.String]]
[2018-07-02 21:44:21.743] -- [TRACE] -- [main &gt;&gt;&gt;&gt; CachedIntrospectionResults.java:297 &gt;&gt;&gt;&gt; Method = &lt;init&gt;] -- [Content = Found bean property &apos;resourceLoader&apos; of type [org.springframework.core.io.ResourceLoader]]
[2018-07-02 21:44:21.743] -- [TRACE] -- [main &gt;&gt;&gt;&gt; CachedIntrospectionResults.java:297 &gt;&gt;&gt;&gt; Method = &lt;init&gt;] -- [Content = Found bean property &apos;sharedCacheMode&apos; of type [javax.persistence.SharedCacheMode]]
[2018-07-02 21:44:21.743] -- [TRACE] -- [main &gt;&gt;&gt;&gt; CachedIntrospectionResults.java:297 &gt;&gt;&gt;&gt; Method = &lt;init&gt;] -- [Content = Found bean property &apos;singleton&apos; of type [boolean]]
[2018-07-02 21:44:21.743] -- [TRACE] -- [main &gt;&gt;&gt;&gt; CachedIntrospectionResults.java:297 &gt;&gt;&gt;&gt; Method = &lt;init&gt;] -- [Content = Found bean property &apos;validationMode&apos; of type [javax.persistence.ValidationMode]]
[2018-07-02 21:44:21.745] -- [DEBUG] -- [main &gt;&gt;&gt;&gt; DefaultSingletonBeanRegistry.java:221 &gt;&gt;&gt;&gt; Method = getSingleton] -- [Content = Creating shared instance of singleton bean &apos;dataSource&apos;]
[2018-07-02 21:44:21.745] -- [DEBUG] -- [main &gt;&gt;&gt;&gt; AbstractAutowireCapableBeanFactory.java:448 &gt;&gt;&gt;&gt; Method = createBean] -- [Content = Creating instance of bean &apos;dataSource&apos;]
[2018-07-02 21:44:21.745] -- [DEBUG] -- [main &gt;&gt;&gt;&gt; AbstractBeanFactory.java:251 &gt;&gt;&gt;&gt; Method = doGetBean] -- [Content = Returning cached instance of singleton bean &apos;org.springframework.aop.support.DefaultBeanFactoryPointcutAdvisor#0&apos;]
[2018-07-02 21:44:21.745] -- [DEBUG] -- [main &gt;&gt;&gt;&gt; AbstractBeanFactory.java:251 &gt;&gt;&gt;&gt; Method = doGetBean] -- [Content = Returning cached instance of singleton bean &apos;org.springframework.aop.support.DefaultBeanFactoryPointcutAdvisor#1&apos;]
[2018-07-02 21:44:21.747] -- [DEBUG] -- [main &gt;&gt;&gt;&gt; AbstractAutowireCapableBeanFactory.java:529 &gt;&gt;&gt;&gt; Method = doCreateBean] -- [Content = Eagerly caching bean &apos;dataSource&apos; to allow for resolving potential circular references]
[2018-07-02 21:44:21.747] -- [TRACE] -- [main &gt;&gt;&gt;&gt; CachedIntrospectionResults.java:265 &gt;&gt;&gt;&gt; Method = &lt;init&gt;] -- [Content = Getting BeanInfo for class [com.alibaba.druid.pool.DruidDataSource]]
[2018-07-02 21:44:21.748] -- [TRACE] -- [main &gt;&gt;&gt;&gt; CachedIntrospectionResults.java:284 &gt;&gt;&gt;&gt; Method = &lt;init&gt;] -- [Content = Caching PropertyDescriptors for class [com.alibaba.druid.pool.DruidDataSource]]
[2018-07-02 21:44:21.748] -- [TRACE] -- [main &gt;&gt;&gt;&gt; CachedIntrospectionResults.java:297 &gt;&gt;&gt;&gt; Method = &lt;init&gt;] -- [Content = Found bean property &apos;ID&apos; of type [long]]
[2018-07-02 21:44:21.748] -- [TRACE] -- [main &gt;&gt;&gt;&gt; CachedIntrospectionResults.java:297 &gt;&gt;&gt;&gt; Method = &lt;init&gt;] -- [Content = Found bean property &apos;accessToUnderlyingConnectionAllowed&apos; of type [boolean]]
[2018-07-02 21:44:21.748] -- [TRACE] -- [main &gt;&gt;&gt;&gt; CachedIntrospectionResults.java:297 &gt;&gt;&gt;&gt; Method = &lt;init&gt;] -- [Content = Found bean property &apos;activeConnectionStackTrace&apos; of type [java.util.List]]
[2018-07-02 21:44:21.748] -- [TRACE] -- [main &gt;&gt;&gt;&gt; CachedIntrospectionResults.java:297 &gt;&gt;&gt;&gt; Method = &lt;init&gt;] -- [Content = Found bean property &apos;activeConnections&apos; of type [java.util.Set]]
[2018-07-02 21:44:21.749] -- [TRACE] -- [main &gt;&gt;&gt;&gt; CachedIntrospectionResults.java:297 &gt;&gt;&gt;&gt; Method = &lt;init&gt;] -- [Content = Found bean property &apos;activeCount&apos; of type [int]]
[2018-07-02 21:44:21.749] -- [TRACE] -- [main &gt;&gt;&gt;&gt; CachedIntrospectionResults.java:297 &gt;&gt;&gt;&gt; Method = &lt;init&gt;] -- [Content = Found bean property &apos;activePeak&apos; of type [int]]
[2018-07-02 21:44:21.749] -- [TRACE] -- [main &gt;&gt;&gt;&gt; CachedIntrospectionResults.java:297 &gt;&gt;&gt;&gt; Method = &lt;init&gt;] -- [Content = Found bean property &apos;activePeakTime&apos; of type [java.util.Date]]
[2018-07-02 21:44:21.749] -- [TRACE] -- [main &gt;&gt;&gt;&gt; CachedIntrospectionResults.java:297 &gt;&gt;&gt;&gt; Method = &lt;init&gt;] -- [Content = Found bean property &apos;breakAfterAcquireFailure&apos; of type [boolean]]
[2018-07-02 21:44:21.750] -- [TRACE] -- [main &gt;&gt;&gt;&gt; CachedIntrospectionResults.java:297 &gt;&gt;&gt;&gt; Method = &lt;init&gt;] -- [Content = Found bean property &apos;cachedPreparedStatementAccessCount&apos; of type [long]]
[2018-07-02 21:44:21.750] -- [TRACE] -- [main &gt;&gt;&gt;&gt; CachedIntrospectionResults.java:297 &gt;&gt;&gt;&gt; Method = &lt;init&gt;] -- [Content = Found bean property &apos;cachedPreparedStatementCount&apos; of type [long]]
[2018-07-02 21:44:21.750] -- [TRACE] -- [main &gt;&gt;&gt;&gt; CachedIntrospectionResults.java:297 &gt;&gt;&gt;&gt; Method = &lt;init&gt;] -- [Content = Found bean property &apos;cachedPreparedStatementDeleteCount&apos; of type [long]]
[2018-07-02 21:44:21.751] -- [TRACE] -- [main &gt;&gt;&gt;&gt; CachedIntrospectionResults.java:297 &gt;&gt;&gt;&gt; Method = &lt;init&gt;] -- [Content = Found bean property &apos;cachedPreparedStatementHitCount&apos; of type [long]]
[2018-07-02 21:44:21.751] -- [TRACE] -- [main &gt;&gt;&gt;&gt; CachedIntrospectionResults.java:297 &gt;&gt;&gt;&gt; Method = &lt;init&gt;] -- [Content = Found bean property &apos;cachedPreparedStatementMissCount&apos; of type [long]]
[2018-07-02 21:44:21.751] -- [TRACE] -- [main &gt;&gt;&gt;&gt; CachedIntrospectionResults.java:297 &gt;&gt;&gt;&gt; Method = &lt;init&gt;] -- [Content = Found bean property &apos;class&apos; of type [java.lang.Class]]
[2018-07-02 21:44:21.752] -- [TRACE] -- [main &gt;&gt;&gt;&gt; CachedIntrospectionResults.java:297 &gt;&gt;&gt;&gt; Method = &lt;init&gt;] -- [Content = Found bean property &apos;clearFiltersEnable&apos; of type [boolean]]
[2018-07-02 21:44:21.752] -- [TRACE] -- [main &gt;&gt;&gt;&gt; CachedIntrospectionResults.java:297 &gt;&gt;&gt;&gt; Method = &lt;init&gt;] -- [Content = Found bean property &apos;closeCount&apos; of type [long]]
[2018-07-02 21:44:21.753] -- [TRACE] -- [main &gt;&gt;&gt;&gt; CachedIntrospectionResults.java:297 &gt;&gt;&gt;&gt; Method = &lt;init&gt;] -- [Content = Found bean property &apos;closedPreparedStatementCount&apos; of type [long]]
[2018-07-02 21:44:21.753] -- [TRACE] -- [main &gt;&gt;&gt;&gt; CachedIntrospectionResults.java:297 &gt;&gt;&gt;&gt; Method = &lt;init&gt;] -- [Content = Found bean property &apos;commitCount&apos; of type [long]]
[2018-07-02 21:44:21.753] -- [TRACE] -- [main &gt;&gt;&gt;&gt; CachedIntrospectionResults.java:297 &gt;&gt;&gt;&gt; Method = &lt;init&gt;] -- [Content = Found bean property &apos;compositeData&apos; of type [javax.management.openmbean.CompositeDataSupport]]
[2018-07-02 21:44:21.754] -- [TRACE] -- [main &gt;&gt;&gt;&gt; CachedIntrospectionResults.java:297 &gt;&gt;&gt;&gt; Method = &lt;init&gt;] -- [Content = Found bean property &apos;connectCount&apos; of type [long]]
[2018-07-02 21:44:21.754] -- [TRACE] -- [main &gt;&gt;&gt;&gt; CachedIntrospectionResults.java:297 &gt;&gt;&gt;&gt; Method = &lt;init&gt;] -- [Content = Found bean property &apos;connectErrorCount&apos; of type [long]]
[2018-07-02 21:44:21.754] -- [TRACE] -- [main &gt;&gt;&gt;&gt; CachedIntrospectionResults.java:297 &gt;&gt;&gt;&gt; Method = &lt;init&gt;] -- [Content = Found bean property &apos;connectProperties&apos; of type [java.util.Properties]]
[2018-07-02 21:44:21.754] -- [TRACE] -- [main &gt;&gt;&gt;&gt; CachedIntrospectionResults.java:297 &gt;&gt;&gt;&gt; Method = &lt;init&gt;] -- [Content = Found bean property &apos;connection&apos; of type [com.alibaba.druid.pool.DruidPooledConnection]]
[2018-07-02 21:44:21.754] -- [TRACE] -- [main &gt;&gt;&gt;&gt; CachedIntrospectionResults.java:297 &gt;&gt;&gt;&gt; Method = &lt;init&gt;] -- [Content = Found bean property &apos;connectionErrorRetryAttempts&apos; of type [int]]
[2018-07-02 21:44:21.755] -- [TRACE] -- [main &gt;&gt;&gt;&gt; CachedIntrospectionResults.java:297 &gt;&gt;&gt;&gt; Method = &lt;init&gt;] -- [Content = Found bean property &apos;connectionInitSqls&apos; of type [java.util.Collection]]
[2018-07-02 21:44:21.755] -- [TRACE] -- [main &gt;&gt;&gt;&gt; CachedIntrospectionResults.java:297 &gt;&gt;&gt;&gt; Method = &lt;init&gt;] -- [Content = Found bean property &apos;connectionProperties&apos; of type [java.lang.String]]
[2018-07-02 21:44:21.755] -- [TRACE] -- [main &gt;&gt;&gt;&gt; CachedIntrospectionResults.java:297 &gt;&gt;&gt;&gt; Method = &lt;init&gt;] -- [Content = Found bean property &apos;createCount&apos; of type [long]]
[2018-07-02 21:44:21.755] -- [TRACE] -- [main &gt;&gt;&gt;&gt; CachedIntrospectionResults.java:297 &gt;&gt;&gt;&gt; Method = &lt;init&gt;] -- [Content = Found bean property &apos;createErrorCount&apos; of type [long]]
[2018-07-02 21:44:21.756] -- [TRACE] -- [main &gt;&gt;&gt;&gt; CachedIntrospectionResults.java:297 &gt;&gt;&gt;&gt; Method = &lt;init&gt;] -- [Content = Found bean property &apos;createTimespanMillis&apos; of type [long]]
[2018-07-02 21:44:21.756] -- [TRACE] -- [main &gt;&gt;&gt;&gt; CachedIntrospectionResults.java:297 &gt;&gt;&gt;&gt; Method = &lt;init&gt;] -- [Content = Found bean property &apos;createTimespanNano&apos; of type [long]]
[2018-07-02 21:44:21.756] -- [TRACE] -- [main &gt;&gt;&gt;&gt; CachedIntrospectionResults.java:297 &gt;&gt;&gt;&gt; Method = &lt;init&gt;] -- [Content = Found bean property &apos;createdTime&apos; of type [java.util.Date]]
[2018-07-02 21:44:21.756] -- [TRACE] -- [main &gt;&gt;&gt;&gt; CachedIntrospectionResults.java:297 &gt;&gt;&gt;&gt; Method = &lt;init&gt;] -- [Content = Found bean property &apos;dataSourceStat&apos; of type [com.alibaba.druid.stat.JdbcDataSourceStat]]
[2018-07-02 21:44:21.757] -- [TRACE] -- [main &gt;&gt;&gt;&gt; CachedIntrospectionResults.java:297 &gt;&gt;&gt;&gt; Method = &lt;init&gt;] -- [Content = Found bean property &apos;dbType&apos; of type [java.lang.String]]
[2018-07-02 21:44:21.757] -- [TRACE] -- [main &gt;&gt;&gt;&gt; CachedIntrospectionResults.java:297 &gt;&gt;&gt;&gt; Method = &lt;init&gt;] -- [Content = Found bean property &apos;defaultAutoCommit&apos; of type [boolean]]
[2018-07-02 21:44:21.757] -- [TRACE] -- [main &gt;&gt;&gt;&gt; CachedIntrospectionResults.java:297 &gt;&gt;&gt;&gt; Method = &lt;init&gt;] -- [Content = Found bean property &apos;defaultCatalog&apos; of type [java.lang.String]]
[2018-07-02 21:44:21.757] -- [TRACE] -- [main &gt;&gt;&gt;&gt; CachedIntrospectionResults.java:297 &gt;&gt;&gt;&gt; Method = &lt;init&gt;] -- [Content = Found bean property &apos;defaultReadOnly&apos; of type [java.lang.Boolean]]
[2018-07-02 21:44:21.757] -- [TRACE] -- [main &gt;&gt;&gt;&gt; CachedIntrospectionResults.java:297 &gt;&gt;&gt;&gt; Method = &lt;init&gt;] -- [Content = Found bean property &apos;defaultTransactionIsolation&apos; of type [java.lang.Integer]]
[2018-07-02 21:44:21.758] -- [TRACE] -- [main &gt;&gt;&gt;&gt; CachedIntrospectionResults.java:297 &gt;&gt;&gt;&gt; Method = &lt;init&gt;] -- [Content = Found bean property &apos;destroyCount&apos; of type [long]]
[2018-07-02 21:44:21.758] -- [TRACE] -- [main &gt;&gt;&gt;&gt; CachedIntrospectionResults.java:297 &gt;&gt;&gt;&gt; Method = &lt;init&gt;] -- [Content = Found bean property &apos;discardCount&apos; of type [long]]
[2018-07-02 21:44:21.758] -- [TRACE] -- [main &gt;&gt;&gt;&gt; CachedIntrospectionResults.java:297 &gt;&gt;&gt;&gt; Method = &lt;init&gt;] -- [Content = Found bean property &apos;driver&apos; of type [java.sql.Driver]]
[2018-07-02 21:44:21.758] -- [TRACE] -- [main &gt;&gt;&gt;&gt; CachedIntrospectionResults.java:297 &gt;&gt;&gt;&gt; Method = &lt;init&gt;] -- [Content = Found bean property &apos;driverClassLoader&apos; of type [java.lang.ClassLoader]]
[2018-07-02 21:44:21.758] -- [TRACE] -- [main &gt;&gt;&gt;&gt; CachedIntrospectionResults.java:297 &gt;&gt;&gt;&gt; Method = &lt;init&gt;] -- [Content = Found bean property &apos;driverClassName&apos; of type [java.lang.String]]
[2018-07-02 21:44:21.759] -- [TRACE] -- [main &gt;&gt;&gt;&gt; CachedIntrospectionResults.java:297 &gt;&gt;&gt;&gt; Method = &lt;init&gt;] -- [Content = Found bean property &apos;driverMajorVersion&apos; of type [int]]
[2018-07-02 21:44:21.759] -- [TRACE] -- [main &gt;&gt;&gt;&gt; CachedIntrospectionResults.java:297 &gt;&gt;&gt;&gt; Method = &lt;init&gt;] -- [Content = Found bean property &apos;driverMinorVersion&apos; of type [int]]
[2018-07-02 21:44:21.759] -- [TRACE] -- [main &gt;&gt;&gt;&gt; CachedIntrospectionResults.java:297 &gt;&gt;&gt;&gt; Method = &lt;init&gt;] -- [Content = Found bean property &apos;dupCloseCount&apos; of type [long]]
[2018-07-02 21:44:21.759] -- [TRACE] -- [main &gt;&gt;&gt;&gt; CachedIntrospectionResults.java:297 &gt;&gt;&gt;&gt; Method = &lt;init&gt;] -- [Content = Found bean property &apos;dupCloseLogEnable&apos; of type [boolean]]
[2018-07-02 21:44:21.759] -- [TRACE] -- [main &gt;&gt;&gt;&gt; CachedIntrospectionResults.java:297 &gt;&gt;&gt;&gt; Method = &lt;init&gt;] -- [Content = Found bean property &apos;enable&apos; of type [boolean]]
[2018-07-02 21:44:21.760] -- [TRACE] -- [main &gt;&gt;&gt;&gt; CachedIntrospectionResults.java:297 &gt;&gt;&gt;&gt; Method = &lt;init&gt;] -- [Content = Found bean property &apos;errorCount&apos; of type [long]]
[2018-07-02 21:44:21.760] -- [TRACE] -- [main &gt;&gt;&gt;&gt; CachedIntrospectionResults.java:297 &gt;&gt;&gt;&gt; Method = &lt;init&gt;] -- [Content = Found bean property &apos;exceptionSorter&apos; of type [com.alibaba.druid.pool.ExceptionSorter]]
[2018-07-02 21:44:21.760] -- [TRACE] -- [main &gt;&gt;&gt;&gt; CachedIntrospectionResults.java:297 &gt;&gt;&gt;&gt; Method = &lt;init&gt;] -- [Content = Found bean property &apos;exceptionSorterClassName&apos; of type [java.lang.String]]
[2018-07-02 21:44:21.760] -- [TRACE] -- [main &gt;&gt;&gt;&gt; CachedIntrospectionResults.java:297 &gt;&gt;&gt;&gt; Method = &lt;init&gt;] -- [Content = Found bean property &apos;executeCount&apos; of type [long]]
[2018-07-02 21:44:21.760] -- [TRACE] -- [main &gt;&gt;&gt;&gt; CachedIntrospectionResults.java:297 &gt;&gt;&gt;&gt; Method = &lt;init&gt;] -- [Content = Found bean property &apos;filterClassNames&apos; of type [java.util.List]]
[2018-07-02 21:44:21.761] -- [TRACE] -- [main &gt;&gt;&gt;&gt; CachedIntrospectionResults.java:297 &gt;&gt;&gt;&gt; Method = &lt;init&gt;] -- [Content = Found bean property &apos;filterClasses&apos; of type [[Ljava.lang.String;]]
[2018-07-02 21:44:21.761] -- [TRACE] -- [main &gt;&gt;&gt;&gt; CachedIntrospectionResults.java:297 &gt;&gt;&gt;&gt; Method = &lt;init&gt;] -- [Content = Found bean property &apos;filters&apos; of type [java.lang.String]]
[2018-07-02 21:44:21.761] -- [TRACE] -- [main &gt;&gt;&gt;&gt; CachedIntrospectionResults.java:297 &gt;&gt;&gt;&gt; Method = &lt;init&gt;] -- [Content = Found bean property &apos;initStackTrace&apos; of type [java.lang.String]]
[2018-07-02 21:44:21.761] -- [TRACE] -- [main &gt;&gt;&gt;&gt; CachedIntrospectionResults.java:297 &gt;&gt;&gt;&gt; Method = &lt;init&gt;] -- [Content = Found bean property &apos;inited&apos; of type [boolean]]
[2018-07-02 21:44:21.761] -- [TRACE] -- [main &gt;&gt;&gt;&gt; CachedIntrospectionResults.java:297 &gt;&gt;&gt;&gt; Method = &lt;init&gt;] -- [Content = Found bean property &apos;initialSize&apos; of type [int]]
[2018-07-02 21:44:21.762] -- [TRACE] -- [main &gt;&gt;&gt;&gt; CachedIntrospectionResults.java:297 &gt;&gt;&gt;&gt; Method = &lt;init&gt;] -- [Content = Found bean property &apos;lastCreateError&apos; of type [java.lang.Throwable]]
[2018-07-02 21:44:21.762] -- [TRACE] -- [main &gt;&gt;&gt;&gt; CachedIntrospectionResults.java:297 &gt;&gt;&gt;&gt; Method = &lt;init&gt;] -- [Content = Found bean property &apos;lastCreateErrorTime&apos; of type [java.util.Date]]
[2018-07-02 21:44:21.762] -- [TRACE] -- [main &gt;&gt;&gt;&gt; CachedIntrospectionResults.java:297 &gt;&gt;&gt;&gt; Method = &lt;init&gt;] -- [Content = Found bean property &apos;lastCreateErrorTimeMillis&apos; of type [long]]
[2018-07-02 21:44:21.762] -- [TRACE] -- [main &gt;&gt;&gt;&gt; CachedIntrospectionResults.java:297 &gt;&gt;&gt;&gt; Method = &lt;init&gt;] -- [Content = Found bean property &apos;lastError&apos; of type [java.lang.Throwable]]
[2018-07-02 21:44:21.762] -- [TRACE] -- [main &gt;&gt;&gt;&gt; CachedIntrospectionResults.java:297 &gt;&gt;&gt;&gt; Method = &lt;init&gt;] -- [Content = Found bean property &apos;lastErrorTime&apos; of type [java.util.Date]]
[2018-07-02 21:44:21.763] -- [TRACE] -- [main &gt;&gt;&gt;&gt; CachedIntrospectionResults.java:297 &gt;&gt;&gt;&gt; Method = &lt;init&gt;] -- [Content = Found bean property &apos;lastErrorTimeMillis&apos; of type [long]]
[2018-07-02 21:44:21.763] -- [TRACE] -- [main &gt;&gt;&gt;&gt; CachedIntrospectionResults.java:297 &gt;&gt;&gt;&gt; Method = &lt;init&gt;] -- [Content = Found bean property &apos;lock&apos; of type [java.util.concurrent.locks.Lock]]
[2018-07-02 21:44:21.763] -- [TRACE] -- [main &gt;&gt;&gt;&gt; CachedIntrospectionResults.java:297 &gt;&gt;&gt;&gt; Method = &lt;init&gt;] -- [Content = Found bean property &apos;lockQueueLength&apos; of type [int]]
[2018-07-02 21:44:21.763] -- [TRACE] -- [main &gt;&gt;&gt;&gt; CachedIntrospectionResults.java:297 &gt;&gt;&gt;&gt; Method = &lt;init&gt;] -- [Content = Found bean property &apos;logAbandoned&apos; of type [boolean]]
[2018-07-02 21:44:21.763] -- [TRACE] -- [main &gt;&gt;&gt;&gt; CachedIntrospectionResults.java:297 &gt;&gt;&gt;&gt; Method = &lt;init&gt;] -- [Content = Found bean property &apos;logWriter&apos; of type [java.io.PrintWriter]]
[2018-07-02 21:44:21.764] -- [TRACE] -- [main &gt;&gt;&gt;&gt; CachedIntrospectionResults.java:297 &gt;&gt;&gt;&gt; Method = &lt;init&gt;] -- [Content = Found bean property &apos;loginTimeout&apos; of type [int]]
[2018-07-02 21:44:21.764] -- [TRACE] -- [main &gt;&gt;&gt;&gt; CachedIntrospectionResults.java:297 &gt;&gt;&gt;&gt; Method = &lt;init&gt;] -- [Content = Found bean property &apos;maxActive&apos; of type [int]]
[2018-07-02 21:44:21.764] -- [TRACE] -- [main &gt;&gt;&gt;&gt; CachedIntrospectionResults.java:297 &gt;&gt;&gt;&gt; Method = &lt;init&gt;] -- [Content = Found bean property &apos;maxIdle&apos; of type [int]]
[2018-07-02 21:44:21.764] -- [TRACE] -- [main &gt;&gt;&gt;&gt; CachedIntrospectionResults.java:297 &gt;&gt;&gt;&gt; Method = &lt;init&gt;] -- [Content = Found bean property &apos;maxOpenPreparedStatements&apos; of type [int]]
[2018-07-02 21:44:21.764] -- [TRACE] -- [main &gt;&gt;&gt;&gt; CachedIntrospectionResults.java:297 &gt;&gt;&gt;&gt; Method = &lt;init&gt;] -- [Content = Found bean property &apos;maxPoolPreparedStatementPerConnectionSize&apos; of type [int]]
[2018-07-02 21:44:21.764] -- [TRACE] -- [main &gt;&gt;&gt;&gt; CachedIntrospectionResults.java:297 &gt;&gt;&gt;&gt; Method = &lt;init&gt;] -- [Content = Found bean property &apos;maxWait&apos; of type [long]]
[2018-07-02 21:44:21.765] -- [TRACE] -- [main &gt;&gt;&gt;&gt; CachedIntrospectionResults.java:297 &gt;&gt;&gt;&gt; Method = &lt;init&gt;] -- [Content = Found bean property &apos;maxWaitThreadCount&apos; of type [int]]
[2018-07-02 21:44:21.765] -- [TRACE] -- [main &gt;&gt;&gt;&gt; CachedIntrospectionResults.java:297 &gt;&gt;&gt;&gt; Method = &lt;init&gt;] -- [Content = Found bean property &apos;mbeanRegistered&apos; of type [boolean]]
[2018-07-02 21:44:21.765] -- [TRACE] -- [main &gt;&gt;&gt;&gt; CachedIntrospectionResults.java:297 &gt;&gt;&gt;&gt; Method = &lt;init&gt;] -- [Content = Found bean property &apos;minEvictableIdleTimeMillis&apos; of type [long]]
[2018-07-02 21:44:21.765] -- [TRACE] -- [main &gt;&gt;&gt;&gt; CachedIntrospectionResults.java:297 &gt;&gt;&gt;&gt; Method = &lt;init&gt;] -- [Content = Found bean property &apos;minIdle&apos; of type [int]]
[2018-07-02 21:44:21.765] -- [TRACE] -- [main &gt;&gt;&gt;&gt; CachedIntrospectionResults.java:297 &gt;&gt;&gt;&gt; Method = &lt;init&gt;] -- [Content = Found bean property &apos;name&apos; of type [java.lang.String]]
[2018-07-02 21:44:21.766] -- [TRACE] -- [main &gt;&gt;&gt;&gt; CachedIntrospectionResults.java:297 &gt;&gt;&gt;&gt; Method = &lt;init&gt;] -- [Content = Found bean property &apos;notEmptySignalCount&apos; of type [long]]
[2018-07-02 21:44:21.766] -- [TRACE] -- [main &gt;&gt;&gt;&gt; CachedIntrospectionResults.java:297 &gt;&gt;&gt;&gt; Method = &lt;init&gt;] -- [Content = Found bean property &apos;notEmptyWaitCount&apos; of type [long]]
[2018-07-02 21:44:21.766] -- [TRACE] -- [main &gt;&gt;&gt;&gt; CachedIntrospectionResults.java:297 &gt;&gt;&gt;&gt; Method = &lt;init&gt;] -- [Content = Found bean property &apos;notEmptyWaitMillis&apos; of type [long]]
[2018-07-02 21:44:21.766] -- [TRACE] -- [main &gt;&gt;&gt;&gt; CachedIntrospectionResults.java:297 &gt;&gt;&gt;&gt; Method = &lt;init&gt;] -- [Content = Found bean property &apos;notEmptyWaitNanos&apos; of type [long]]
[2018-07-02 21:44:21.766] -- [TRACE] -- [main &gt;&gt;&gt;&gt; CachedIntrospectionResults.java:297 &gt;&gt;&gt;&gt; Method = &lt;init&gt;] -- [Content = Found bean property &apos;notEmptyWaitThreadCount&apos; of type [int]]
[2018-07-02 21:44:21.767] -- [TRACE] -- [main &gt;&gt;&gt;&gt; CachedIntrospectionResults.java:297 &gt;&gt;&gt;&gt; Method = &lt;init&gt;] -- [Content = Found bean property &apos;notEmptyWaitThreadPeak&apos; of type [int]]
[2018-07-02 21:44:21.767] -- [TRACE] -- [main &gt;&gt;&gt;&gt; CachedIntrospectionResults.java:297 &gt;&gt;&gt;&gt; Method = &lt;init&gt;] -- [Content = Found bean property &apos;numTestsPerEvictionRun&apos; of type [int]]
[2018-07-02 21:44:21.767] -- [TRACE] -- [main &gt;&gt;&gt;&gt; CachedIntrospectionResults.java:297 &gt;&gt;&gt;&gt; Method = &lt;init&gt;] -- [Content = Found bean property &apos;objectName&apos; of type [javax.management.ObjectName]]
[2018-07-02 21:44:21.767] -- [TRACE] -- [main &gt;&gt;&gt;&gt; CachedIntrospectionResults.java:297 &gt;&gt;&gt;&gt; Method = &lt;init&gt;] -- [Content = Found bean property &apos;oracle&apos; of type [boolean]]
[2018-07-02 21:44:21.767] -- [TRACE] -- [main &gt;&gt;&gt;&gt; CachedIntrospectionResults.java:297 &gt;&gt;&gt;&gt; Method = &lt;init&gt;] -- [Content = Found bean property &apos;parentLogger&apos; of type [java.util.logging.Logger]]
[2018-07-02 21:44:21.767] -- [TRACE] -- [main &gt;&gt;&gt;&gt; CachedIntrospectionResults.java:297 &gt;&gt;&gt;&gt; Method = &lt;init&gt;] -- [Content = Found bean property &apos;password&apos; of type [java.lang.String]]
[2018-07-02 21:44:21.767] -- [TRACE] -- [main &gt;&gt;&gt;&gt; CachedIntrospectionResults.java:297 &gt;&gt;&gt;&gt; Method = &lt;init&gt;] -- [Content = Found bean property &apos;passwordCallback&apos; of type [javax.security.auth.callback.PasswordCallback]]
[2018-07-02 21:44:21.768] -- [TRACE] -- [main &gt;&gt;&gt;&gt; CachedIntrospectionResults.java:297 &gt;&gt;&gt;&gt; Method = &lt;init&gt;] -- [Content = Found bean property &apos;passwordCallbackClassName&apos; of type [java.lang.String]]
[2018-07-02 21:44:21.768] -- [TRACE] -- [main &gt;&gt;&gt;&gt; CachedIntrospectionResults.java:297 &gt;&gt;&gt;&gt; Method = &lt;init&gt;] -- [Content = Found bean property &apos;poolPreparedStatements&apos; of type [boolean]]
[2018-07-02 21:44:21.768] -- [TRACE] -- [main &gt;&gt;&gt;&gt; CachedIntrospectionResults.java:297 &gt;&gt;&gt;&gt; Method = &lt;init&gt;] -- [Content = Found bean property &apos;pooledConnection&apos; of type [javax.sql.PooledConnection]]
[2018-07-02 21:44:21.768] -- [TRACE] -- [main &gt;&gt;&gt;&gt; CachedIntrospectionResults.java:297 &gt;&gt;&gt;&gt; Method = &lt;init&gt;] -- [Content = Found bean property &apos;poolingConnectionInfo&apos; of type [java.util.List]]
[2018-07-02 21:44:21.768] -- [TRACE] -- [main &gt;&gt;&gt;&gt; CachedIntrospectionResults.java:297 &gt;&gt;&gt;&gt; Method = &lt;init&gt;] -- [Content = Found bean property &apos;poolingCount&apos; of type [int]]
[2018-07-02 21:44:21.769] -- [TRACE] -- [main &gt;&gt;&gt;&gt; CachedIntrospectionResults.java:297 &gt;&gt;&gt;&gt; Method = &lt;init&gt;] -- [Content = Found bean property &apos;poolingPeak&apos; of type [int]]
[2018-07-02 21:44:21.769] -- [TRACE] -- [main &gt;&gt;&gt;&gt; CachedIntrospectionResults.java:297 &gt;&gt;&gt;&gt; Method = &lt;init&gt;] -- [Content = Found bean property &apos;poolingPeakTime&apos; of type [java.util.Date]]
[2018-07-02 21:44:21.769] -- [TRACE] -- [main &gt;&gt;&gt;&gt; CachedIntrospectionResults.java:297 &gt;&gt;&gt;&gt; Method = &lt;init&gt;] -- [Content = Found bean property &apos;preparedStatementCount&apos; of type [long]]
[2018-07-02 21:44:21.769] -- [TRACE] -- [main &gt;&gt;&gt;&gt; CachedIntrospectionResults.java:297 &gt;&gt;&gt;&gt; Method = &lt;init&gt;] -- [Content = Found bean property &apos;properties&apos; of type [java.lang.String]]
[2018-07-02 21:44:21.769] -- [TRACE] -- [main &gt;&gt;&gt;&gt; CachedIntrospectionResults.java:297 &gt;&gt;&gt;&gt; Method = &lt;init&gt;] -- [Content = Found bean property &apos;proxyFilters&apos; of type [java.util.List]]
[2018-07-02 21:44:21.769] -- [TRACE] -- [main &gt;&gt;&gt;&gt; CachedIntrospectionResults.java:297 &gt;&gt;&gt;&gt; Method = &lt;init&gt;] -- [Content = Found bean property &apos;queryTimeout&apos; of type [int]]
[2018-07-02 21:44:21.770] -- [TRACE] -- [main &gt;&gt;&gt;&gt; CachedIntrospectionResults.java:297 &gt;&gt;&gt;&gt; Method = &lt;init&gt;] -- [Content = Found bean property &apos;rawDriver&apos; of type [java.sql.Driver]]
[2018-07-02 21:44:21.770] -- [TRACE] -- [main &gt;&gt;&gt;&gt; CachedIntrospectionResults.java:297 &gt;&gt;&gt;&gt; Method = &lt;init&gt;] -- [Content = Found bean property &apos;rawDriverMajorVersion&apos; of type [int]]
[2018-07-02 21:44:21.770] -- [TRACE] -- [main &gt;&gt;&gt;&gt; CachedIntrospectionResults.java:297 &gt;&gt;&gt;&gt; Method = &lt;init&gt;] -- [Content = Found bean property &apos;rawDriverMinorVersion&apos; of type [int]]
[2018-07-02 21:44:21.770] -- [TRACE] -- [main &gt;&gt;&gt;&gt; CachedIntrospectionResults.java:297 &gt;&gt;&gt;&gt; Method = &lt;init&gt;] -- [Content = Found bean property &apos;rawJdbcUrl&apos; of type [java.lang.String]]
[2018-07-02 21:44:21.770] -- [TRACE] -- [main &gt;&gt;&gt;&gt; CachedIntrospectionResults.java:297 &gt;&gt;&gt;&gt; Method = &lt;init&gt;] -- [Content = Found bean property &apos;recycleCount&apos; of type [long]]
[2018-07-02 21:44:21.770] -- [TRACE] -- [main &gt;&gt;&gt;&gt; CachedIntrospectionResults.java:297 &gt;&gt;&gt;&gt; Method = &lt;init&gt;] -- [Content = Found bean property &apos;recycleErrorCount&apos; of type [long]]
[2018-07-02 21:44:21.771] -- [TRACE] -- [main &gt;&gt;&gt;&gt; CachedIntrospectionResults.java:297 &gt;&gt;&gt;&gt; Method = &lt;init&gt;] -- [Content = Found bean property &apos;reference&apos; of type [javax.naming.Reference]]
[2018-07-02 21:44:21.771] -- [TRACE] -- [main &gt;&gt;&gt;&gt; CachedIntrospectionResults.java:297 &gt;&gt;&gt;&gt; Method = &lt;init&gt;] -- [Content = Found bean property &apos;removeAbandoned&apos; of type [boolean]]
[2018-07-02 21:44:21.771] -- [TRACE] -- [main &gt;&gt;&gt;&gt; CachedIntrospectionResults.java:297 &gt;&gt;&gt;&gt; Method = &lt;init&gt;] -- [Content = Found bean property &apos;removeAbandonedCount&apos; of type [long]]
[2018-07-02 21:44:21.771] -- [TRACE] -- [main &gt;&gt;&gt;&gt; CachedIntrospectionResults.java:297 &gt;&gt;&gt;&gt; Method = &lt;init&gt;] -- [Content = Found bean property &apos;removeAbandonedTimeout&apos; of type [int]]
[2018-07-02 21:44:21.771] -- [TRACE] -- [main &gt;&gt;&gt;&gt; CachedIntrospectionResults.java:297 &gt;&gt;&gt;&gt; Method = &lt;init&gt;] -- [Content = Found bean property &apos;removeAbandonedTimeoutMillis&apos; of type [long]]
[2018-07-02 21:44:21.771] -- [TRACE] -- [main &gt;&gt;&gt;&gt; CachedIntrospectionResults.java:297 &gt;&gt;&gt;&gt; Method = &lt;init&gt;] -- [Content = Found bean property &apos;resetCount&apos; of type [long]]
[2018-07-02 21:44:21.772] -- [TRACE] -- [main &gt;&gt;&gt;&gt; CachedIntrospectionResults.java:297 &gt;&gt;&gt;&gt; Method = &lt;init&gt;] -- [Content = Found bean property &apos;resetStatEnable&apos; of type [boolean]]
[2018-07-02 21:44:21.772] -- [TRACE] -- [main &gt;&gt;&gt;&gt; CachedIntrospectionResults.java:297 &gt;&gt;&gt;&gt; Method = &lt;init&gt;] -- [Content = Found bean property &apos;rollbackCount&apos; of type [long]]
[2018-07-02 21:44:21.772] -- [TRACE] -- [main &gt;&gt;&gt;&gt; CachedIntrospectionResults.java:297 &gt;&gt;&gt;&gt; Method = &lt;init&gt;] -- [Content = Found bean property &apos;sharePreparedStatements&apos; of type [boolean]]
[2018-07-02 21:44:21.772] -- [TRACE] -- [main &gt;&gt;&gt;&gt; CachedIntrospectionResults.java:297 &gt;&gt;&gt;&gt; Method = &lt;init&gt;] -- [Content = Found bean property &apos;sqlStat&apos;]
[2018-07-02 21:44:21.772] -- [TRACE] -- [main &gt;&gt;&gt;&gt; CachedIntrospectionResults.java:297 &gt;&gt;&gt;&gt; Method = &lt;init&gt;] -- [Content = Found bean property &apos;sqlStatMap&apos; of type [java.util.Map]]
[2018-07-02 21:44:21.772] -- [TRACE] -- [main &gt;&gt;&gt;&gt; CachedIntrospectionResults.java:297 &gt;&gt;&gt;&gt; Method = &lt;init&gt;] -- [Content = Found bean property &apos;startTransactionCount&apos; of type [long]]
[2018-07-02 21:44:21.773] -- [TRACE] -- [main &gt;&gt;&gt;&gt; CachedIntrospectionResults.java:297 &gt;&gt;&gt;&gt; Method = &lt;init&gt;] -- [Content = Found bean property &apos;statData&apos; of type [java.util.Map]]
[2018-07-02 21:44:21.773] -- [TRACE] -- [main &gt;&gt;&gt;&gt; CachedIntrospectionResults.java:297 &gt;&gt;&gt;&gt; Method = &lt;init&gt;] -- [Content = Found bean property &apos;statDataForMBean&apos; of type [java.util.Map]]
[2018-07-02 21:44:21.773] -- [TRACE] -- [main &gt;&gt;&gt;&gt; CachedIntrospectionResults.java:297 &gt;&gt;&gt;&gt; Method = &lt;init&gt;] -- [Content = Found bean property &apos;statLogger&apos; of type [com.alibaba.druid.pool.DruidDataSourceStatLogger]]
[2018-07-02 21:44:21.773] -- [TRACE] -- [main &gt;&gt;&gt;&gt; CachedIntrospectionResults.java:297 &gt;&gt;&gt;&gt; Method = &lt;init&gt;] -- [Content = Found bean property &apos;statLoggerClassName&apos; of type [java.lang.String]]
[2018-07-02 21:44:21.773] -- [TRACE] -- [main &gt;&gt;&gt;&gt; CachedIntrospectionResults.java:297 &gt;&gt;&gt;&gt; Method = &lt;init&gt;] -- [Content = Found bean property &apos;statValueAndReset&apos; of type [com.alibaba.druid.pool.DruidDataSourceStatValue]]
[2018-07-02 21:44:21.774] -- [TRACE] -- [main &gt;&gt;&gt;&gt; CachedIntrospectionResults.java:297 &gt;&gt;&gt;&gt; Method = &lt;init&gt;] -- [Content = Found bean property &apos;testOnBorrow&apos; of type [boolean]]
[2018-07-02 21:44:21.774] -- [TRACE] -- [main &gt;&gt;&gt;&gt; CachedIntrospectionResults.java:297 &gt;&gt;&gt;&gt; Method = &lt;init&gt;] -- [Content = Found bean property &apos;testOnReturn&apos; of type [boolean]]
[2018-07-02 21:44:21.774] -- [TRACE] -- [main &gt;&gt;&gt;&gt; CachedIntrospectionResults.java:297 &gt;&gt;&gt;&gt; Method = &lt;init&gt;] -- [Content = Found bean property &apos;testWhileIdle&apos; of type [boolean]]
[2018-07-02 21:44:21.774] -- [TRACE] -- [main &gt;&gt;&gt;&gt; CachedIntrospectionResults.java:297 &gt;&gt;&gt;&gt; Method = &lt;init&gt;] -- [Content = Found bean property &apos;timeBetweenConnectErrorMillis&apos; of type [long]]
[2018-07-02 21:44:21.774] -- [TRACE] -- [main &gt;&gt;&gt;&gt; CachedIntrospectionResults.java:297 &gt;&gt;&gt;&gt; Method = &lt;init&gt;] -- [Content = Found bean property &apos;timeBetweenEvictionRunsMillis&apos; of type [long]]
[2018-07-02 21:44:21.775] -- [TRACE] -- [main &gt;&gt;&gt;&gt; CachedIntrospectionResults.java:297 &gt;&gt;&gt;&gt; Method = &lt;init&gt;] -- [Content = Found bean property &apos;timeBetweenLogStatsMillis&apos; of type [long]]
[2018-07-02 21:44:21.775] -- [TRACE] -- [main &gt;&gt;&gt;&gt; CachedIntrospectionResults.java:297 &gt;&gt;&gt;&gt; Method = &lt;init&gt;] -- [Content = Found bean property &apos;transactionHistogram&apos; of type [com.alibaba.druid.util.Histogram]]
[2018-07-02 21:44:21.775] -- [TRACE] -- [main &gt;&gt;&gt;&gt; CachedIntrospectionResults.java:297 &gt;&gt;&gt;&gt; Method = &lt;init&gt;] -- [Content = Found bean property &apos;transactionHistogramRanges&apos; of type [[J]]
[2018-07-02 21:44:21.775] -- [TRACE] -- [main &gt;&gt;&gt;&gt; CachedIntrospectionResults.java:297 &gt;&gt;&gt;&gt; Method = &lt;init&gt;] -- [Content = Found bean property &apos;transactionHistogramValues&apos; of type [[J]]
[2018-07-02 21:44:21.775] -- [TRACE] -- [main &gt;&gt;&gt;&gt; CachedIntrospectionResults.java:297 &gt;&gt;&gt;&gt; Method = &lt;init&gt;] -- [Content = Found bean property &apos;transactionQueryTimeout&apos; of type [int]]
[2018-07-02 21:44:21.775] -- [TRACE] -- [main &gt;&gt;&gt;&gt; CachedIntrospectionResults.java:297 &gt;&gt;&gt;&gt; Method = &lt;init&gt;] -- [Content = Found bean property &apos;transactionThresholdMillis&apos; of type [long]]
[2018-07-02 21:44:21.776] -- [TRACE] -- [main &gt;&gt;&gt;&gt; CachedIntrospectionResults.java:297 &gt;&gt;&gt;&gt; Method = &lt;init&gt;] -- [Content = Found bean property &apos;url&apos; of type [java.lang.String]]
[2018-07-02 21:44:21.776] -- [TRACE] -- [main &gt;&gt;&gt;&gt; CachedIntrospectionResults.java:297 &gt;&gt;&gt;&gt; Method = &lt;init&gt;] -- [Content = Found bean property &apos;useGloalDataSourceStat&apos; of type [boolean]]
[2018-07-02 21:44:21.776] -- [TRACE] -- [main &gt;&gt;&gt;&gt; CachedIntrospectionResults.java:297 &gt;&gt;&gt;&gt; Method = &lt;init&gt;] -- [Content = Found bean property &apos;useLocalSessionState&apos; of type [boolean]]
[2018-07-02 21:44:21.776] -- [TRACE] -- [main &gt;&gt;&gt;&gt; CachedIntrospectionResults.java:297 &gt;&gt;&gt;&gt; Method = &lt;init&gt;] -- [Content = Found bean property &apos;useOracleImplicitCache&apos; of type [boolean]]
[2018-07-02 21:44:21.776] -- [TRACE] -- [main &gt;&gt;&gt;&gt; CachedIntrospectionResults.java:297 &gt;&gt;&gt;&gt; Method = &lt;init&gt;] -- [Content = Found bean property &apos;useUnfairLock&apos; of type [boolean]]
[2018-07-02 21:44:21.776] -- [TRACE] -- [main &gt;&gt;&gt;&gt; CachedIntrospectionResults.java:297 &gt;&gt;&gt;&gt; Method = &lt;init&gt;] -- [Content = Found bean property &apos;userCallback&apos; of type [javax.security.auth.callback.NameCallback]]
[2018-07-02 21:44:21.776] -- [TRACE] -- [main &gt;&gt;&gt;&gt; CachedIntrospectionResults.java:297 &gt;&gt;&gt;&gt; Method = &lt;init&gt;] -- [Content = Found bean property &apos;username&apos; of type [java.lang.String]]
[2018-07-02 21:44:21.777] -- [TRACE] -- [main &gt;&gt;&gt;&gt; CachedIntrospectionResults.java:297 &gt;&gt;&gt;&gt; Method = &lt;init&gt;] -- [Content = Found bean property &apos;validConnectionChecker&apos; of type [com.alibaba.druid.pool.ValidConnectionChecker]]
[2018-07-02 21:44:21.777] -- [TRACE] -- [main &gt;&gt;&gt;&gt; CachedIntrospectionResults.java:297 &gt;&gt;&gt;&gt; Method = &lt;init&gt;] -- [Content = Found bean property &apos;validConnectionCheckerClassName&apos; of type [java.lang.String]]
[2018-07-02 21:44:21.777] -- [TRACE] -- [main &gt;&gt;&gt;&gt; CachedIntrospectionResults.java:297 &gt;&gt;&gt;&gt; Method = &lt;init&gt;] -- [Content = Found bean property &apos;validationQuery&apos; of type [java.lang.String]]
[2018-07-02 21:44:21.777] -- [TRACE] -- [main &gt;&gt;&gt;&gt; CachedIntrospectionResults.java:297 &gt;&gt;&gt;&gt; Method = &lt;init&gt;] -- [Content = Found bean property &apos;validationQueryTimeout&apos; of type [int]]
[2018-07-02 21:44:21.777] -- [TRACE] -- [main &gt;&gt;&gt;&gt; CachedIntrospectionResults.java:297 &gt;&gt;&gt;&gt; Method = &lt;init&gt;] -- [Content = Found bean property &apos;version&apos; of type [java.lang.String]]
[2018-07-02 21:44:21.777] -- [TRACE] -- [main &gt;&gt;&gt;&gt; CachedIntrospectionResults.java:297 &gt;&gt;&gt;&gt; Method = &lt;init&gt;] -- [Content = Found bean property &apos;waitThreadCount&apos; of type [int]]
[2018-07-02 21:44:21.778] -- [TRACE] -- [main &gt;&gt;&gt;&gt; CachedIntrospectionResults.java:297 &gt;&gt;&gt;&gt; Method = &lt;init&gt;] -- [Content = Found bean property &apos;wallStatMap&apos; of type [java.util.Map]]
[2018-07-02 21:44:21.778] -- [TRACE] -- [main &gt;&gt;&gt;&gt; TypeConverterDelegate.java:434 &gt;&gt;&gt;&gt; Method = doConvertValue] -- [Content = Converting String to [int] using property editor [org.springframework.beans.propertyeditors.CustomNumberEditor@686449f9]]
[2018-07-02 21:44:21.779] -- [TRACE] -- [main &gt;&gt;&gt;&gt; TypeConverterDelegate.java:434 &gt;&gt;&gt;&gt; Method = doConvertValue] -- [Content = Converting String to [int] using property editor [org.springframework.beans.propertyeditors.CustomNumberEditor@686449f9]]
[2018-07-02 21:44:21.780] -- [TRACE] -- [main &gt;&gt;&gt;&gt; TypeConverterDelegate.java:434 &gt;&gt;&gt;&gt; Method = doConvertValue] -- [Content = Converting String to [int] using property editor [org.springframework.beans.propertyeditors.CustomNumberEditor@686449f9]]
[2018-07-02 21:44:21.780] -- [TRACE] -- [main &gt;&gt;&gt;&gt; TypeConverterDelegate.java:434 &gt;&gt;&gt;&gt; Method = doConvertValue] -- [Content = Converting String to [long] using property editor [org.springframework.beans.propertyeditors.CustomNumberEditor@665df3c6]]
[2018-07-02 21:44:21.780] -- [TRACE] -- [main &gt;&gt;&gt;&gt; TypeConverterDelegate.java:434 &gt;&gt;&gt;&gt; Method = doConvertValue] -- [Content = Converting String to [long] using property editor [org.springframework.beans.propertyeditors.CustomNumberEditor@665df3c6]]
[2018-07-02 21:44:21.781] -- [TRACE] -- [main &gt;&gt;&gt;&gt; TypeConverterDelegate.java:434 &gt;&gt;&gt;&gt; Method = doConvertValue] -- [Content = Converting String to [long] using property editor [org.springframework.beans.propertyeditors.CustomNumberEditor@665df3c6]]
[2018-07-02 21:44:21.781] -- [TRACE] -- [main &gt;&gt;&gt;&gt; TypeConverterDelegate.java:434 &gt;&gt;&gt;&gt; Method = doConvertValue] -- [Content = Converting String to [boolean] using property editor [org.springframework.beans.propertyeditors.CustomBooleanEditor@68b6f0d6]]
[2018-07-02 21:44:21.781] -- [TRACE] -- [main &gt;&gt;&gt;&gt; TypeConverterDelegate.java:434 &gt;&gt;&gt;&gt; Method = doConvertValue] -- [Content = Converting String to [int] using property editor [org.springframework.beans.propertyeditors.CustomNumberEditor@686449f9]]
[2018-07-02 21:44:21.781] -- [TRACE] -- [main &gt;&gt;&gt;&gt; TypeConverterDelegate.java:434 &gt;&gt;&gt;&gt; Method = doConvertValue] -- [Content = Converting String to [boolean] using property editor [org.springframework.beans.propertyeditors.CustomBooleanEditor@68b6f0d6]]
[2018-07-02 21:44:21.782] -- [TRACE] -- [main &gt;&gt;&gt;&gt; TypeConverterDelegate.java:434 &gt;&gt;&gt;&gt; Method = doConvertValue] -- [Content = Converting String to [boolean] using property editor [org.springframework.beans.propertyeditors.CustomBooleanEditor@68b6f0d6]]
[2018-07-02 21:44:21.782] -- [TRACE] -- [main &gt;&gt;&gt;&gt; TypeConverterDelegate.java:434 &gt;&gt;&gt;&gt; Method = doConvertValue] -- [Content = Converting String to [boolean] using property editor [org.springframework.beans.propertyeditors.CustomBooleanEditor@68b6f0d6]]
[2018-07-02 21:44:21.782] -- [TRACE] -- [main &gt;&gt;&gt;&gt; TypeConverterDelegate.java:434 &gt;&gt;&gt;&gt; Method = doConvertValue] -- [Content = Converting String to [boolean] using property editor [org.springframework.beans.propertyeditors.CustomBooleanEditor@68b6f0d6]]
[2018-07-02 21:44:21.783] -- [TRACE] -- [main &gt;&gt;&gt;&gt; TypeConverterDelegate.java:434 &gt;&gt;&gt;&gt; Method = doConvertValue] -- [Content = Converting String to [int] using property editor [org.springframework.beans.propertyeditors.CustomNumberEditor@686449f9]]
[2018-07-02 21:44:21.783] -- [TRACE] -- [main &gt;&gt;&gt;&gt; TypeConverterDelegate.java:434 &gt;&gt;&gt;&gt; Method = doConvertValue] -- [Content = Converting String to [boolean] using property editor [org.springframework.beans.propertyeditors.CustomBooleanEditor@68b6f0d6]]
[2018-07-02 21:44:21.783] -- [DEBUG] -- [main &gt;&gt;&gt;&gt; AbstractAutowireCapableBeanFactory.java:1678 &gt;&gt;&gt;&gt; Method = invokeCustomInitMethod] -- [Content = Invoking init method  &apos;init&apos; on bean with name &apos;dataSource&apos;]
[2018-07-02 21:44:25.798] -- [WARN] -- [main &gt;&gt;&gt;&gt; AbstractApplicationContext.java:546 &gt;&gt;&gt;&gt; Method = refresh] -- [Content = Exception encountered during context initialization - cancelling refresh attempt: org.springframework.beans.factory.BeanCreationException: Error creating bean with name &apos;entityManagerFactory&apos; defined in file [/Users/xk1020/IdeaProjects/Basic-Single-Module-SSJPA/target/classes/spring/applicationContext-jpa.xml]: Cannot resolve reference to bean &apos;dataSource&apos; while setting bean property &apos;dataSource&apos;; nested exception is org.springframework.beans.factory.BeanCreationException: Error creating bean with name &apos;dataSource&apos; defined in file [/Users/xk1020/IdeaProjects/Basic-Single-Module-SSJPA/target/classes/spring/applicationContext-dataSource.xml]: Invocation of init method failed; nested exception is com.mysql.jdbc.exceptions.jdbc4.MySQLNonTransientConnectionException: Could not create connection to database server. Attempted reconnect 3 times. Giving up.]
[2018-07-02 21:44:25.801] -- [DEBUG] -- [main &gt;&gt;&gt;&gt; DefaultSingletonBeanRegistry.java:512 &gt;&gt;&gt;&gt; Method = destroySingletons] -- [Content = Destroying singletons in org.springframework.beans.factory.support.DefaultListableBeanFactory@6da00fb9: defining beans [org.springframework.context.support.PropertySourcesPlaceholderConfigurer#0,sysUserServiceImpl,org.springframework.context.annotation.internalConfigurationAnnotationProcessor,org.springframework.context.annotation.internalAutowiredAnnotationProcessor,org.springframework.context.annotation.internalRequiredAnnotationProcessor,org.springframework.context.annotation.internalCommonAnnotationProcessor,org.springframework.context.annotation.internalPersistenceAnnotationProcessor,org.springframework.context.event.internalEventListenerProcessor,org.springframework.context.event.internalEventListenerFactory,dataSource,druid-stat-interceptor,druid-stat-pointcut,org.springframework.aop.config.internalAutoProxyCreator,org.springframework.aop.support.DefaultBeanFactoryPointcutAdvisor#0,transactionManager,transactionAdvice,transactionPointcut,org.springframework.aop.support.DefaultBeanFactoryPointcutAdvisor#1,entityManagerFactory,hibernateJpaVendorAdapter,org.springframework.data.jpa.repository.config.JpaRepositoryConfigExtension#0,org.springframework.data.repository.core.support.RepositoryFactoryBeanSupport_Predictor,emBeanDefinitionRegistrarPostProcessor,jpaMappingContext,jpaContext,sysUserDao,org.springframework.context.annotation.ConfigurationClassPostProcessor.importAwareProcessor,org.springframework.context.annotation.ConfigurationClassPostProcessor.enhancedConfigurationProcessor,org.springframework.orm.jpa.SharedEntityManagerCreator#0]; root of factory hierarchy]
[2018-07-02 21:44:25.803] -- [ERROR] -- [main &gt;&gt;&gt;&gt; TestContextManager.java:231 &gt;&gt;&gt;&gt; Method = prepareTestInstance] -- [Content = Caught exception while allowing TestExecutionListener [org.springframework.test.context.support.DependencyInjectionTestExecutionListener@101df177] to prepare test instance [com.youmeek.ssm.SSMTest@59f63e24]]
java.lang.IllegalStateException: Failed to load ApplicationContext
	at org.springframework.test.context.cache.DefaultCacheAwareContextLoaderDelegate.loadContext(DefaultCacheAwareContextLoaderDelegate.java:124)
	at org.springframework.test.context.support.DefaultTestContext.getApplicationContext(DefaultTestContext.java:83)
	at org.springframework.test.context.support.DependencyInjectionTestExecutionListener.injectDependencies(DependencyInjectionTestExecutionListener.java:117)
	at org.springframework.test.context.support.DependencyInjectionTestExecutionListener.prepareTestInstance(DependencyInjectionTestExecutionListener.java:83)
	at org.springframework.test.context.TestContextManager.prepareTestInstance(TestContextManager.java:228)
	at org.springframework.test.context.junit4.SpringJUnit4ClassRunner.createTest(SpringJUnit4ClassRunner.java:230)
	at org.springframework.test.context.junit4.SpringJUnit4ClassRunner$1.runReflectiveCall(SpringJUnit4ClassRunner.java:289)
	at org.junit.internal.runners.model.ReflectiveCallable.run(ReflectiveCallable.java:12)
	at org.springframework.test.context.junit4.SpringJUnit4ClassRunner.methodBlock(SpringJUnit4ClassRunner.java:291)
	at org.springframework.test.context.junit4.SpringJUnit4ClassRunner.runChild(SpringJUnit4ClassRunner.java:249)
	at org.springframework.test.context.junit4.SpringJUnit4ClassRunner.runChild(SpringJUnit4ClassRunner.java:89)
	at org.junit.runners.ParentRunner$3.run(ParentRunner.java:238)
	at org.junit.runners.ParentRunner$1.schedule(ParentRunner.java:63)
	at org.junit.runners.ParentRunner.runChildren(ParentRunner.java:236)
	at org.junit.runners.ParentRunner.access$000(ParentRunner.java:53)
	at org.junit.runners.ParentRunner$2.evaluate(ParentRunner.java:229)
	at org.springframework.test.context.junit4.statements.RunBeforeTestClassCallbacks.evaluate(RunBeforeTestClassCallbacks.java:61)
	at org.springframework.test.context.junit4.statements.RunAfterTestClassCallbacks.evaluate(RunAfterTestClassCallbacks.java:70)
	at org.junit.runners.ParentRunner.run(ParentRunner.java:309)
	at org.springframework.test.context.junit4.SpringJUnit4ClassRunner.run(SpringJUnit4ClassRunner.java:193)
	at org.apache.maven.surefire.junit4.JUnit4Provider.execute(JUnit4Provider.java:252)
	at org.apache.maven.surefire.junit4.JUnit4Provider.executeTestSet(JUnit4Provider.java:141)
	at org.apache.maven.surefire.junit4.JUnit4Provider.invoke(JUnit4Provider.java:112)
	at sun.reflect.NativeMethodAccessorImpl.invoke0(Native Method)
	at sun.reflect.NativeMethodAccessorImpl.invoke(NativeMethodAccessorImpl.java:62)
	at sun.reflect.DelegatingMethodAccessorImpl.invoke(DelegatingMethodAccessorImpl.java:43)
	at java.lang.reflect.Method.invoke(Method.java:498)
	at org.apache.maven.surefire.util.ReflectionUtils.invokeMethodWithArray(ReflectionUtils.java:189)
	at org.apache.maven.surefire.booter.ProviderFactory$ProviderProxy.invoke(ProviderFactory.java:165)
	at org.apache.maven.surefire.booter.ProviderFactory.invokeProvider(ProviderFactory.java:85)
	at org.apache.maven.surefire.booter.ForkedBooter.runSuitesInProcess(ForkedBooter.java:115)
	at org.apache.maven.surefire.booter.ForkedBooter.main(ForkedBooter.java:75)
Caused by: org.springframework.beans.factory.BeanCreationException: Error creating bean with name &apos;entityManagerFactory&apos; defined in file [/Users/xk1020/IdeaProjects/Basic-Single-Module-SSJPA/target/classes/spring/applicationContext-jpa.xml]: Cannot resolve reference to bean &apos;dataSource&apos; while setting bean property &apos;dataSource&apos;; nested exception is org.springframework.beans.factory.BeanCreationException: Error creating bean with name &apos;dataSource&apos; defined in file [/Users/xk1020/IdeaProjects/Basic-Single-Module-SSJPA/target/classes/spring/applicationContext-dataSource.xml]: Invocation of init method failed; nested exception is com.mysql.jdbc.exceptions.jdbc4.MySQLNonTransientConnectionException: Could not create connection to database server. Attempted reconnect 3 times. Giving up.
	at org.springframework.beans.factory.support.BeanDefinitionValueResolver.resolveReference(BeanDefinitionValueResolver.java:359)
	at org.springframework.beans.factory.support.BeanDefinitionValueResolver.resolveValueIfNecessary(BeanDefinitionValueResolver.java:108)
	at org.springframework.beans.factory.support.AbstractAutowireCapableBeanFactory.applyPropertyValues(AbstractAutowireCapableBeanFactory.java:1481)
	at org.springframework.beans.factory.support.AbstractAutowireCapableBeanFactory.populateBean(AbstractAutowireCapableBeanFactory.java:1226)
	at org.springframework.beans.factory.support.AbstractAutowireCapableBeanFactory.doCreateBean(AbstractAutowireCapableBeanFactory.java:543)
	at org.springframework.beans.factory.support.AbstractAutowireCapableBeanFactory.createBean(AbstractAutowireCapableBeanFactory.java:482)
	at org.springframework.beans.factory.support.AbstractBeanFactory$1.getObject(AbstractBeanFactory.java:306)
	at org.springframework.beans.factory.support.DefaultSingletonBeanRegistry.getSingleton(DefaultSingletonBeanRegistry.java:230)
	at org.springframework.beans.factory.support.AbstractBeanFactory.doGetBean(AbstractBeanFactory.java:302)
	at org.springframework.beans.factory.support.AbstractBeanFactory.getBean(AbstractBeanFactory.java:197)
	at org.springframework.context.support.AbstractApplicationContext.getBean(AbstractApplicationContext.java:1054)
	at org.springframework.context.support.AbstractApplicationContext.finishBeanFactoryInitialization(AbstractApplicationContext.java:829)
	at org.springframework.context.support.AbstractApplicationContext.refresh(AbstractApplicationContext.java:538)
	at org.springframework.test.context.support.AbstractGenericContextLoader.loadContext(AbstractGenericContextLoader.java:125)
	at org.springframework.test.context.support.AbstractGenericContextLoader.loadContext(AbstractGenericContextLoader.java:60)
	at org.springframework.test.context.support.AbstractDelegatingSmartContextLoader.delegateLoading(AbstractDelegatingSmartContextLoader.java:109)
	at org.springframework.test.context.support.AbstractDelegatingSmartContextLoader.loadContext(AbstractDelegatingSmartContextLoader.java:261)
	at org.springframework.test.context.cache.DefaultCacheAwareContextLoaderDelegate.loadContextInternal(DefaultCacheAwareContextLoaderDelegate.java:98)
	at org.springframework.test.context.cache.DefaultCacheAwareContextLoaderDelegate.loadContext(DefaultCacheAwareContextLoaderDelegate.java:116)
	... 31 common frames omitted
Caused by: org.springframework.beans.factory.BeanCreationException: Error creating bean with name &apos;dataSource&apos; defined in file [/Users/xk1020/IdeaProjects/Basic-Single-Module-SSJPA/target/classes/spring/applicationContext-dataSource.xml]: Invocation of init method failed; nested exception is com.mysql.jdbc.exceptions.jdbc4.MySQLNonTransientConnectionException: Could not create connection to database server. Attempted reconnect 3 times. Giving up.
	at org.springframework.beans.factory.support.AbstractAutowireCapableBeanFactory.initializeBean(AbstractAutowireCapableBeanFactory.java:1578)
	at org.springframework.beans.factory.support.AbstractAutowireCapableBeanFactory.doCreateBean(AbstractAutowireCapableBeanFactory.java:545)
	at org.springframework.beans.factory.support.AbstractAutowireCapableBeanFactory.createBean(AbstractAutowireCapableBeanFactory.java:482)
	at org.springframework.beans.factory.support.AbstractBeanFactory$1.getObject(AbstractBeanFactory.java:306)
	at org.springframework.beans.factory.support.DefaultSingletonBeanRegistry.getSingleton(DefaultSingletonBeanRegistry.java:230)
	at org.springframework.beans.factory.support.AbstractBeanFactory.doGetBean(AbstractBeanFactory.java:302)
	at org.springframework.beans.factory.support.AbstractBeanFactory.getBean(AbstractBeanFactory.java:197)
	at org.springframework.beans.factory.support.BeanDefinitionValueResolver.resolveReference(BeanDefinitionValueResolver.java:351)
	... 49 common frames omitted
Caused by: com.mysql.jdbc.exceptions.jdbc4.MySQLNonTransientConnectionException: Could not create connection to database server. Attempted reconnect 3 times. Giving up.
	at sun.reflect.NativeConstructorAccessorImpl.newInstance0(Native Method)
	at sun.reflect.NativeConstructorAccessorImpl.newInstance(NativeConstructorAccessorImpl.java:62)
	at sun.reflect.DelegatingConstructorAccessorImpl.newInstance(DelegatingConstructorAccessorImpl.java:45)
	at java.lang.reflect.Constructor.newInstance(Constructor.java:423)
	at com.mysql.jdbc.Util.handleNewInstance(Util.java:411)
	at com.mysql.jdbc.Util.getInstance(Util.java:386)
	at com.mysql.jdbc.SQLError.createSQLException(SQLError.java:1014)
	at com.mysql.jdbc.SQLError.createSQLException(SQLError.java:988)
	at com.mysql.jdbc.SQLError.createSQLException(SQLError.java:974)
	at com.mysql.jdbc.SQLError.createSQLException(SQLError.java:919)
	at com.mysql.jdbc.ConnectionImpl.connectWithRetries(ConnectionImpl.java:2299)
	at com.mysql.jdbc.ConnectionImpl.createNewIO(ConnectionImpl.java:2220)
	at com.mysql.jdbc.ConnectionImpl.&lt;init&gt;(ConnectionImpl.java:813)
	at com.mysql.jdbc.JDBC4Connection.&lt;init&gt;(JDBC4Connection.java:47)
	at sun.reflect.NativeConstructorAccessorImpl.newInstance0(Native Method)
	at sun.reflect.NativeConstructorAccessorImpl.newInstance(NativeConstructorAccessorImpl.java:62)
	at sun.reflect.DelegatingConstructorAccessorImpl.newInstance(DelegatingConstructorAccessorImpl.java:45)
	at java.lang.reflect.Constructor.newInstance(Constructor.java:423)
	at com.mysql.jdbc.Util.handleNewInstance(Util.java:411)
	at com.mysql.jdbc.ConnectionImpl.getInstance(ConnectionImpl.java:399)
	at com.mysql.jdbc.NonRegisteringDriver.connect(NonRegisteringDriver.java:334)
	at com.alibaba.druid.filter.FilterChainImpl.connection_connect(FilterChainImpl.java:148)
	at com.alibaba.druid.filter.FilterAdapter.connection_connect(FilterAdapter.java:786)
	at com.alibaba.druid.filter.FilterEventAdapter.connection_connect(FilterEventAdapter.java:38)
	at com.alibaba.druid.filter.FilterChainImpl.connection_connect(FilterChainImpl.java:142)
	at com.alibaba.druid.filter.stat.StatFilter.connection_connect(StatFilter.java:211)
	at com.alibaba.druid.filter.FilterChainImpl.connection_connect(FilterChainImpl.java:142)
	at com.alibaba.druid.pool.DruidAbstractDataSource.createPhysicalConnection(DruidAbstractDataSource.java:1360)
	at com.alibaba.druid.pool.DruidAbstractDataSource.createPhysicalConnection(DruidAbstractDataSource.java:1414)
	at com.alibaba.druid.pool.DruidDataSource.init(DruidDataSource.java:602)
	at sun.reflect.NativeMethodAccessorImpl.invoke0(Native Method)
	at sun.reflect.NativeMethodAccessorImpl.invoke(NativeMethodAccessorImpl.java:62)
	at sun.reflect.DelegatingMethodAccessorImpl.invoke(DelegatingMethodAccessorImpl.java:43)
	at java.lang.reflect.Method.invoke(Method.java:498)
	at org.springframework.beans.factory.support.AbstractAutowireCapableBeanFactory.invokeCustomInitMethod(AbstractAutowireCapableBeanFactory.java:1706)
	at org.springframework.beans.factory.support.AbstractAutowireCapableBeanFactory.invokeInitMethods(AbstractAutowireCapableBeanFactory.java:1645)
	at org.springframework.beans.factory.support.AbstractAutowireCapableBeanFactory.initializeBean(AbstractAutowireCapableBeanFactory.java:1574)
	... 56 common frames omitted
Caused by: java.sql.SQLException: Access denied for user &apos;root &apos;@&apos;localhost&apos; (using password: YES)
	at com.mysql.jdbc.SQLError.createSQLException(SQLError.java:1074)
	at com.mysql.jdbc.MysqlIO.checkErrorPacket(MysqlIO.java:4074)
	at com.mysql.jdbc.MysqlIO.checkErrorPacket(MysqlIO.java:4006)
	at com.mysql.jdbc.MysqlIO.checkErrorPacket(MysqlIO.java:919)
	at com.mysql.jdbc.MysqlIO.proceedHandshakeWithPluggableAuthentication(MysqlIO.java:1694)
	at com.mysql.jdbc.MysqlIO.doHandshake(MysqlIO.java:1244)
	at com.mysql.jdbc.ConnectionImpl.coreConnect(ConnectionImpl.java:2397)
	at com.mysql.jdbc.ConnectionImpl.connectWithRetries(ConnectionImpl.java:2238)
	... 82 common frames omitted
</system-out>
  </testcase>
  <testcase classname="com.youmeek.ssm.SSMTest" name="testSave" time="0.002">
    <error message="Failed to load ApplicationContext" type="java.lang.IllegalStateException">java.lang.IllegalStateException: Failed to load ApplicationContext
	at org.springframework.test.context.cache.DefaultCacheAwareContextLoaderDelegate.loadContext(DefaultCacheAwareContextLoaderDelegate.java:124)
	at org.springframework.test.context.support.DefaultTestContext.getApplicationContext(DefaultTestContext.java:83)
	at org.springframework.test.context.support.DependencyInjectionTestExecutionListener.injectDependencies(DependencyInjectionTestExecutionListener.java:117)
	at org.springframework.test.context.support.DependencyInjectionTestExecutionListener.prepareTestInstance(DependencyInjectionTestExecutionListener.java:83)
	at org.springframework.test.context.TestContextManager.prepareTestInstance(TestContextManager.java:228)
	at org.springframework.test.context.junit4.SpringJUnit4ClassRunner.createTest(SpringJUnit4ClassRunner.java:230)
	at org.springframework.test.context.junit4.SpringJUnit4ClassRunner$1.runReflectiveCall(SpringJUnit4ClassRunner.java:289)
	at org.junit.internal.runners.model.ReflectiveCallable.run(ReflectiveCallable.java:12)
	at org.springframework.test.context.junit4.SpringJUnit4ClassRunner.methodBlock(SpringJUnit4ClassRunner.java:291)
	at org.springframework.test.context.junit4.SpringJUnit4ClassRunner.runChild(SpringJUnit4ClassRunner.java:249)
	at org.springframework.test.context.junit4.SpringJUnit4ClassRunner.runChild(SpringJUnit4ClassRunner.java:89)
	at org.junit.runners.ParentRunner$3.run(ParentRunner.java:238)
	at org.junit.runners.ParentRunner$1.schedule(ParentRunner.java:63)
	at org.junit.runners.ParentRunner.runChildren(ParentRunner.java:236)
	at org.junit.runners.ParentRunner.access$000(ParentRunner.java:53)
	at org.junit.runners.ParentRunner$2.evaluate(ParentRunner.java:229)
	at org.springframework.test.context.junit4.statements.RunBeforeTestClassCallbacks.evaluate(RunBeforeTestClassCallbacks.java:61)
	at org.springframework.test.context.junit4.statements.RunAfterTestClassCallbacks.evaluate(RunAfterTestClassCallbacks.java:70)
	at org.junit.runners.ParentRunner.run(ParentRunner.java:309)
	at org.springframework.test.context.junit4.SpringJUnit4ClassRunner.run(SpringJUnit4ClassRunner.java:193)
	at org.apache.maven.surefire.junit4.JUnit4Provider.execute(JUnit4Provider.java:252)
	at org.apache.maven.surefire.junit4.JUnit4Provider.executeTestSet(JUnit4Provider.java:141)
	at org.apache.maven.surefire.junit4.JUnit4Provider.invoke(JUnit4Provider.java:112)
	at sun.reflect.NativeMethodAccessorImpl.invoke0(Native Method)
	at sun.reflect.NativeMethodAccessorImpl.invoke(NativeMethodAccessorImpl.java:62)
	at sun.reflect.DelegatingMethodAccessorImpl.invoke(DelegatingMethodAccessorImpl.java:43)
	at java.lang.reflect.Method.invoke(Method.java:498)
	at org.apache.maven.surefire.util.ReflectionUtils.invokeMethodWithArray(ReflectionUtils.java:189)
	at org.apache.maven.surefire.booter.ProviderFactory$ProviderProxy.invoke(ProviderFactory.java:165)
	at org.apache.maven.surefire.booter.ProviderFactory.invokeProvider(ProviderFactory.java:85)
	at org.apache.maven.surefire.booter.ForkedBooter.runSuitesInProcess(ForkedBooter.java:115)
	at org.apache.maven.surefire.booter.ForkedBooter.main(ForkedBooter.java:75)
Caused by: org.springframework.beans.factory.BeanCreationException: Error creating bean with name &apos;entityManagerFactory&apos; defined in file [/Users/xk1020/IdeaProjects/Basic-Single-Module-SSJPA/target/classes/spring/applicationContext-jpa.xml]: Cannot resolve reference to bean &apos;dataSource&apos; while setting bean property &apos;dataSource&apos;; nested exception is org.springframework.beans.factory.BeanCreationException: Error creating bean with name &apos;dataSource&apos; defined in file [/Users/xk1020/IdeaProjects/Basic-Single-Module-SSJPA/target/classes/spring/applicationContext-dataSource.xml]: Invocation of init method failed; nested exception is com.mysql.jdbc.exceptions.jdbc4.MySQLNonTransientConnectionException: Could not create connection to database server. Attempted reconnect 3 times. Giving up.
	at org.springframework.beans.factory.support.BeanDefinitionValueResolver.resolveReference(BeanDefinitionValueResolver.java:359)
	at org.springframework.beans.factory.support.BeanDefinitionValueResolver.resolveValueIfNecessary(BeanDefinitionValueResolver.java:108)
	at org.springframework.beans.factory.support.AbstractAutowireCapableBeanFactory.applyPropertyValues(AbstractAutowireCapableBeanFactory.java:1481)
	at org.springframework.beans.factory.support.AbstractAutowireCapableBeanFactory.populateBean(AbstractAutowireCapableBeanFactory.java:1226)
	at org.springframework.beans.factory.support.AbstractAutowireCapableBeanFactory.doCreateBean(AbstractAutowireCapableBeanFactory.java:543)
	at org.springframework.beans.factory.support.AbstractAutowireCapableBeanFactory.createBean(AbstractAutowireCapableBeanFactory.java:482)
	at org.springframework.beans.factory.support.AbstractBeanFactory$1.getObject(AbstractBeanFactory.java:306)
	at org.springframework.beans.factory.support.DefaultSingletonBeanRegistry.getSingleton(DefaultSingletonBeanRegistry.java:230)
	at org.springframework.beans.factory.support.AbstractBeanFactory.doGetBean(AbstractBeanFactory.java:302)
	at org.springframework.beans.factory.support.AbstractBeanFactory.getBean(AbstractBeanFactory.java:197)
	at org.springframework.context.support.AbstractApplicationContext.getBean(AbstractApplicationContext.java:1054)
	at org.springframework.context.support.AbstractApplicationContext.finishBeanFactoryInitialization(AbstractApplicationContext.java:829)
	at org.springframework.context.support.AbstractApplicationContext.refresh(AbstractApplicationContext.java:538)
	at org.springframework.test.context.support.AbstractGenericContextLoader.loadContext(AbstractGenericContextLoader.java:125)
	at org.springframework.test.context.support.AbstractGenericContextLoader.loadContext(AbstractGenericContextLoader.java:60)
	at org.springframework.test.context.support.AbstractDelegatingSmartContextLoader.delegateLoading(AbstractDelegatingSmartContextLoader.java:109)
	at org.springframework.test.context.support.AbstractDelegatingSmartContextLoader.loadContext(AbstractDelegatingSmartContextLoader.java:261)
	at org.springframework.test.context.cache.DefaultCacheAwareContextLoaderDelegate.loadContextInternal(DefaultCacheAwareContextLoaderDelegate.java:98)
	at org.springframework.test.context.cache.DefaultCacheAwareContextLoaderDelegate.loadContext(DefaultCacheAwareContextLoaderDelegate.java:116)
	... 31 more
Caused by: org.springframework.beans.factory.BeanCreationException: Error creating bean with name &apos;dataSource&apos; defined in file [/Users/xk1020/IdeaProjects/Basic-Single-Module-SSJPA/target/classes/spring/applicationContext-dataSource.xml]: Invocation of init method failed; nested exception is com.mysql.jdbc.exceptions.jdbc4.MySQLNonTransientConnectionException: Could not create connection to database server. Attempted reconnect 3 times. Giving up.
	at org.springframework.beans.factory.support.AbstractAutowireCapableBeanFactory.initializeBean(AbstractAutowireCapableBeanFactory.java:1578)
	at org.springframework.beans.factory.support.AbstractAutowireCapableBeanFactory.doCreateBean(AbstractAutowireCapableBeanFactory.java:545)
	at org.springframework.beans.factory.support.AbstractAutowireCapableBeanFactory.createBean(AbstractAutowireCapableBeanFactory.java:482)
	at org.springframework.beans.factory.support.AbstractBeanFactory$1.getObject(AbstractBeanFactory.java:306)
	at org.springframework.beans.factory.support.DefaultSingletonBeanRegistry.getSingleton(DefaultSingletonBeanRegistry.java:230)
	at org.springframework.beans.factory.support.AbstractBeanFactory.doGetBean(AbstractBeanFactory.java:302)
	at org.springframework.beans.factory.support.AbstractBeanFactory.getBean(AbstractBeanFactory.java:197)
	at org.springframework.beans.factory.support.BeanDefinitionValueResolver.resolveReference(BeanDefinitionValueResolver.java:351)
	... 49 more
Caused by: com.mysql.jdbc.exceptions.jdbc4.MySQLNonTransientConnectionException: Could not create connection to database server. Attempted reconnect 3 times. Giving up.
	at sun.reflect.NativeConstructorAccessorImpl.newInstance0(Native Method)
	at sun.reflect.NativeConstructorAccessorImpl.newInstance(NativeConstructorAccessorImpl.java:62)
	at sun.reflect.DelegatingConstructorAccessorImpl.newInstance(DelegatingConstructorAccessorImpl.java:45)
	at java.lang.reflect.Constructor.newInstance(Constructor.java:423)
	at com.mysql.jdbc.Util.handleNewInstance(Util.java:411)
	at com.mysql.jdbc.Util.getInstance(Util.java:386)
	at com.mysql.jdbc.SQLError.createSQLException(SQLError.java:1014)
	at com.mysql.jdbc.SQLError.createSQLException(SQLError.java:988)
	at com.mysql.jdbc.SQLError.createSQLException(SQLError.java:974)
	at com.mysql.jdbc.SQLError.createSQLException(SQLError.java:919)
	at com.mysql.jdbc.ConnectionImpl.connectWithRetries(ConnectionImpl.java:2299)
	at com.mysql.jdbc.ConnectionImpl.createNewIO(ConnectionImpl.java:2220)
	at com.mysql.jdbc.ConnectionImpl.&lt;init&gt;(ConnectionImpl.java:813)
	at com.mysql.jdbc.JDBC4Connection.&lt;init&gt;(JDBC4Connection.java:47)
	at sun.reflect.NativeConstructorAccessorImpl.newInstance0(Native Method)
	at sun.reflect.NativeConstructorAccessorImpl.newInstance(NativeConstructorAccessorImpl.java:62)
	at sun.reflect.DelegatingConstructorAccessorImpl.newInstance(DelegatingConstructorAccessorImpl.java:45)
	at java.lang.reflect.Constructor.newInstance(Constructor.java:423)
	at com.mysql.jdbc.Util.handleNewInstance(Util.java:411)
	at com.mysql.jdbc.ConnectionImpl.getInstance(ConnectionImpl.java:399)
	at com.mysql.jdbc.NonRegisteringDriver.connect(NonRegisteringDriver.java:334)
	at com.alibaba.druid.filter.FilterChainImpl.connection_connect(FilterChainImpl.java:148)
	at com.alibaba.druid.filter.FilterAdapter.connection_connect(FilterAdapter.java:786)
	at com.alibaba.druid.filter.FilterEventAdapter.connection_connect(FilterEventAdapter.java:38)
	at com.alibaba.druid.filter.FilterChainImpl.connection_connect(FilterChainImpl.java:142)
	at com.alibaba.druid.filter.stat.StatFilter.connection_connect(StatFilter.java:211)
	at com.alibaba.druid.filter.FilterChainImpl.connection_connect(FilterChainImpl.java:142)
	at com.alibaba.druid.pool.DruidAbstractDataSource.createPhysicalConnection(DruidAbstractDataSource.java:1360)
	at com.alibaba.druid.pool.DruidAbstractDataSource.createPhysicalConnection(DruidAbstractDataSource.java:1414)
	at com.alibaba.druid.pool.DruidDataSource.init(DruidDataSource.java:602)
	at sun.reflect.NativeMethodAccessorImpl.invoke0(Native Method)
	at sun.reflect.NativeMethodAccessorImpl.invoke(NativeMethodAccessorImpl.java:62)
	at sun.reflect.DelegatingMethodAccessorImpl.invoke(DelegatingMethodAccessorImpl.java:43)
	at java.lang.reflect.Method.invoke(Method.java:498)
	at org.springframework.beans.factory.support.AbstractAutowireCapableBeanFactory.invokeCustomInitMethod(AbstractAutowireCapableBeanFactory.java:1706)
	at org.springframework.beans.factory.support.AbstractAutowireCapableBeanFactory.invokeInitMethods(AbstractAutowireCapableBeanFactory.java:1645)
	at org.springframework.beans.factory.support.AbstractAutowireCapableBeanFactory.initializeBean(AbstractAutowireCapableBeanFactory.java:1574)
	... 56 more
Caused by: java.sql.SQLException: Access denied for user &apos;root &apos;@&apos;localhost&apos; (using password: YES)
	at com.mysql.jdbc.SQLError.createSQLException(SQLError.java:1074)
	at com.mysql.jdbc.MysqlIO.checkErrorPacket(MysqlIO.java:4074)
	at com.mysql.jdbc.MysqlIO.checkErrorPacket(MysqlIO.java:4006)
	at com.mysql.jdbc.MysqlIO.checkErrorPacket(MysqlIO.java:919)
	at com.mysql.jdbc.MysqlIO.proceedHandshakeWithPluggableAuthentication(MysqlIO.java:1694)
	at com.mysql.jdbc.MysqlIO.doHandshake(MysqlIO.java:1244)
	at com.mysql.jdbc.ConnectionImpl.coreConnect(ConnectionImpl.java:2397)
	at com.mysql.jdbc.ConnectionImpl.connectWithRetries(ConnectionImpl.java:2238)
	... 82 more
</error>
    <system-out>[2018-07-02 21:44:25.805] -- [DEBUG] -- [main &gt;&gt;&gt;&gt; ProfileValueUtils.java:71 &gt;&gt;&gt;&gt; Method = retrieveProfileValueSource] -- [Content = Retrieved @ProfileValueSourceConfiguration [null] for test class [com.youmeek.ssm.SSMTest]]
[2018-07-02 21:44:25.806] -- [DEBUG] -- [main &gt;&gt;&gt;&gt; ProfileValueUtils.java:83 &gt;&gt;&gt;&gt; Method = retrieveProfileValueSource] -- [Content = Retrieved ProfileValueSource type [class org.springframework.test.annotation.SystemProfileValueSource] for class [com.youmeek.ssm.SSMTest]]
[2018-07-02 21:44:25.806] -- [TRACE] -- [main &gt;&gt;&gt;&gt; TestContextManager.java:222 &gt;&gt;&gt;&gt; Method = prepareTestInstance] -- [Content = prepareTestInstance(): instance [com.youmeek.ssm.SSMTest@7b8233cd]]
[2018-07-02 21:44:25.806] -- [DEBUG] -- [main &gt;&gt;&gt;&gt; DependencyInjectionTestExecutionListener.java:81 &gt;&gt;&gt;&gt; Method = prepareTestInstance] -- [Content = Performing dependency injection for test context [[DefaultTestContext@49c43f4e testClass = SSMTest, testInstance = com.youmeek.ssm.SSMTest@7b8233cd, testMethod = [null], testException = [null], mergedContextConfiguration = [MergedContextConfiguration@290dbf45 testClass = SSMTest, locations = &apos;{classpath*:spring/applicationContext*.xml}&apos;, classes = &apos;{}&apos;, contextInitializerClasses = &apos;[]&apos;, activeProfiles = &apos;{}&apos;, propertySourceLocations = &apos;{}&apos;, propertySourceProperties = &apos;{}&apos;, contextLoader = &apos;org.springframework.test.context.support.DelegatingSmartContextLoader&apos;, parent = [null]]]].]
[2018-07-02 21:44:25.807] -- [DEBUG] -- [main &gt;&gt;&gt;&gt; AbstractDelegatingSmartContextLoader.java:107 &gt;&gt;&gt;&gt; Method = delegateLoading] -- [Content = Delegating to GenericXmlContextLoader to load context from [MergedContextConfiguration@290dbf45 testClass = SSMTest, locations = &apos;{classpath*:spring/applicationContext*.xml}&apos;, classes = &apos;{}&apos;, contextInitializerClasses = &apos;[]&apos;, activeProfiles = &apos;{}&apos;, propertySourceLocations = &apos;{}&apos;, propertySourceProperties = &apos;{}&apos;, contextLoader = &apos;org.springframework.test.context.support.DelegatingSmartContextLoader&apos;, parent = [null]].]
[2018-07-02 21:44:25.807] -- [DEBUG] -- [main &gt;&gt;&gt;&gt; AbstractGenericContextLoader.java:107 &gt;&gt;&gt;&gt; Method = loadContext] -- [Content = Loading ApplicationContext for merged context configuration [[MergedContextConfiguration@290dbf45 testClass = SSMTest, locations = &apos;{classpath*:spring/applicationContext*.xml}&apos;, classes = &apos;{}&apos;, contextInitializerClasses = &apos;[]&apos;, activeProfiles = &apos;{}&apos;, propertySourceLocations = &apos;{}&apos;, propertySourceProperties = &apos;{}&apos;, contextLoader = &apos;org.springframework.test.context.support.DelegatingSmartContextLoader&apos;, parent = [null]]].]
[2018-07-02 21:44:25.808] -- [DEBUG] -- [main &gt;&gt;&gt;&gt; MutablePropertySources.java:109 &gt;&gt;&gt;&gt; Method = addLast] -- [Content = Adding [systemProperties] PropertySource with lowest search precedence]
[2018-07-02 21:44:25.808] -- [DEBUG] -- [main &gt;&gt;&gt;&gt; MutablePropertySources.java:109 &gt;&gt;&gt;&gt; Method = addLast] -- [Content = Adding [systemEnvironment] PropertySource with lowest search precedence]
[2018-07-02 21:44:25.808] -- [DEBUG] -- [main &gt;&gt;&gt;&gt; AbstractEnvironment.java:127 &gt;&gt;&gt;&gt; Method = &lt;init&gt;] -- [Content = Initialized StandardEnvironment with PropertySources [systemProperties,systemEnvironment]]
[2018-07-02 21:44:25.809] -- [DEBUG] -- [main &gt;&gt;&gt;&gt; PathMatchingResourcePatternResolver.java:312 &gt;&gt;&gt;&gt; Method = findAllClassPathResources] -- [Content = Resolved classpath location [spring/] to resources [URL [file:/Users/xk1020/IdeaProjects/Basic-Single-Module-SSJPA/target/classes/spring/]]]
[2018-07-02 21:44:25.809] -- [DEBUG] -- [main &gt;&gt;&gt;&gt; PathMatchingResourcePatternResolver.java:637 &gt;&gt;&gt;&gt; Method = doFindMatchingFileSystemResources] -- [Content = Looking for matching resources in directory tree [/Users/xk1020/IdeaProjects/Basic-Single-Module-SSJPA/target/classes/spring]]
[2018-07-02 21:44:25.809] -- [DEBUG] -- [main &gt;&gt;&gt;&gt; PathMatchingResourcePatternResolver.java:699 &gt;&gt;&gt;&gt; Method = doRetrieveMatchingFiles] -- [Content = Searching directory [/Users/xk1020/IdeaProjects/Basic-Single-Module-SSJPA/target/classes/spring] for files matching pattern [/Users/xk1020/IdeaProjects/Basic-Single-Module-SSJPA/target/classes/spring/applicationContext*.xml]]
[2018-07-02 21:44:25.810] -- [DEBUG] -- [main &gt;&gt;&gt;&gt; PathMatchingResourcePatternResolver.java:430 &gt;&gt;&gt;&gt; Method = findPathMatchingResources] -- [Content = Resolved location pattern [classpath*:spring/applicationContext*.xml] to resources [file [/Users/xk1020/IdeaProjects/Basic-Single-Module-SSJPA/target/classes/spring/applicationContext.xml], file [/Users/xk1020/IdeaProjects/Basic-Single-Module-SSJPA/target/classes/spring/applicationContext-dataSource.xml], file [/Users/xk1020/IdeaProjects/Basic-Single-Module-SSJPA/target/classes/spring/applicationContext-transaction.xml], file [/Users/xk1020/IdeaProjects/Basic-Single-Module-SSJPA/target/classes/spring/applicationContext-jpa.xml]]]
[2018-07-02 21:44:25.810] -- [INFO] -- [main &gt;&gt;&gt;&gt; XmlBeanDefinitionReader.java:317 &gt;&gt;&gt;&gt; Method = loadBeanDefinitions] -- [Content = Loading XML bean definitions from file [/Users/xk1020/IdeaProjects/Basic-Single-Module-SSJPA/target/classes/spring/applicationContext.xml]]
[2018-07-02 21:44:25.811] -- [DEBUG] -- [main &gt;&gt;&gt;&gt; DefaultDocumentLoader.java:73 &gt;&gt;&gt;&gt; Method = loadDocument] -- [Content = Using JAXP provider [com.sun.org.apache.xerces.internal.jaxp.DocumentBuilderFactoryImpl]]
[2018-07-02 21:44:25.813] -- [TRACE] -- [main &gt;&gt;&gt;&gt; PluggableSchemaResolver.java:106 &gt;&gt;&gt;&gt; Method = resolveEntity] -- [Content = Trying to resolve XML entity with public id [null] and system id [http://www.springframework.org/schema/beans/spring-beans-4.2.xsd]]
[2018-07-02 21:44:25.813] -- [DEBUG] -- [main &gt;&gt;&gt;&gt; PluggableSchemaResolver.java:141 &gt;&gt;&gt;&gt; Method = getSchemaMappings] -- [Content = Loading schema mappings from [META-INF/spring.schemas]]
[2018-07-02 21:44:25.816] -- [DEBUG] -- [main &gt;&gt;&gt;&gt; PluggableSchemaResolver.java:147 &gt;&gt;&gt;&gt; Method = getSchemaMappings] -- [Content = Loaded schema mappings: {http://www.springframework.org/schema/tx/spring-tx-2.5.xsd=org/springframework/transaction/config/spring-tx-2.5.xsd, http://www.springframework.org/schema/cache/spring-cache-4.2.xsd=org/springframework/cache/config/spring-cache-4.2.xsd, http://www.springframework.org/schema/aop/spring-aop-4.1.xsd=org/springframework/aop/config/spring-aop-4.1.xsd, http://www.springframework.org/schema/context/spring-context-3.1.xsd=org/springframework/context/config/spring-context-3.1.xsd, http://www.springframework.org/schema/data/repository/spring-repository-1.4.xsd=org/springframework/data/repository/config/spring-repository-1.4.xsd, http://www.springframework.org/schema/jdbc/spring-jdbc-4.1.xsd=org/springframework/jdbc/config/spring-jdbc-4.1.xsd, http://www.springframework.org/schema/util/spring-util-3.0.xsd=org/springframework/beans/factory/xml/spring-util-3.0.xsd, http://www.springframework.org/schema/mvc/spring-mvc-4.1.xsd=org/springframework/web/servlet/config/spring-mvc-4.1.xsd, http://www.springframework.org/schema/data/jpa/spring-jpa.xsd=org/springframework/data/jpa/repository/config/spring-jpa-1.8.xsd, http://www.springframework.org/schema/aop/spring-aop-3.2.xsd=org/springframework/aop/config/spring-aop-3.2.xsd, http://www.springframework.org/schema/tool/spring-tool.xsd=org/springframework/beans/factory/xml/spring-tool-4.2.xsd, http://www.springframework.org/schema/lang/spring-lang-4.1.xsd=org/springframework/scripting/config/spring-lang-4.1.xsd, http://www.springframework.org/schema/context/spring-context-4.0.xsd=org/springframework/context/config/spring-context-4.0.xsd, http://www.springframework.org/schema/mvc/spring-mvc-3.2.xsd=org/springframework/web/servlet/config/spring-mvc-3.2.xsd, http://www.springframework.org/schema/beans/spring-beans-4.2.xsd=org/springframework/beans/factory/xml/spring-beans-4.2.xsd, http://www.springframework.org/schema/oxm/spring-oxm-3.0.xsd=org/springframework/oxm/config/spring-oxm-3.0.xsd, http://www.springframework.org/schema/tool/spring-tool-4.1.xsd=org/springframework/beans/factory/xml/spring-tool-4.1.xsd, http://www.springframework.org/schema/lang/spring-lang-3.2.xsd=org/springframework/scripting/config/spring-lang-3.2.xsd, http://www.springframework.org/schema/cache/spring-cache-3.2.xsd=org/springframework/cache/config/spring-cache-3.2.xsd, http://www.springframework.org/schema/jee/spring-jee-4.1.xsd=org/springframework/ejb/config/spring-jee-4.1.xsd, http://www.springframework.org/schema/jdbc/spring-jdbc-3.1.xsd=org/springframework/jdbc/config/spring-jdbc-3.1.xsd, http://www.springframework.org/schema/task/spring-task-4.2.xsd=org/springframework/scheduling/config/spring-task-4.2.xsd, http://www.springframework.org/schema/util/spring-util-2.0.xsd=org/springframework/beans/factory/xml/spring-util-2.0.xsd, http://www.springframework.org/schema/tool/spring-tool-3.2.xsd=org/springframework/beans/factory/xml/spring-tool-3.2.xsd, http://www.springframework.org/schema/context/spring-context.xsd=org/springframework/context/config/spring-context-4.2.xsd, http://www.springframework.org/schema/tx/spring-tx-4.2.xsd=org/springframework/transaction/config/spring-tx-4.2.xsd, http://www.springframework.org/schema/cache/spring-cache-4.1.xsd=org/springframework/cache/config/spring-cache-4.1.xsd, http://www.springframework.org/schema/aop/spring-aop-4.0.xsd=org/springframework/aop/config/spring-aop-4.0.xsd, http://www.springframework.org/schema/jee/spring-jee-3.2.xsd=org/springframework/ejb/config/spring-jee-3.2.xsd, http://www.springframework.org/schema/context/spring-context-3.0.xsd=org/springframework/context/config/spring-context-3.0.xsd, http://www.springframework.org/schema/jdbc/spring-jdbc-4.0.xsd=org/springframework/jdbc/config/spring-jdbc-4.0.xsd, http://www.springframework.org/schema/util/spring-util-2.5.xsd=org/springframework/beans/factory/xml/spring-util-2.5.xsd, http://www.springframework.org/schema/mvc/spring-mvc-4.0.xsd=org/springframework/web/servlet/config/spring-mvc-4.0.xsd, http://www.springframework.org/schema/beans/spring-beans-3.2.xsd=org/springframework/beans/factory/xml/spring-beans-3.2.xsd, http://www.springframework.org/schema/aop/spring-aop-3.1.xsd=org/springframework/aop/config/spring-aop-3.1.xsd, http://www.springframework.org/schema/lang/spring-lang-4.0.xsd=org/springframework/scripting/config/spring-lang-4.0.xsd, http://www.springframework.org/schema/data/repository/spring-repository-1.8.xsd=org/springframework/data/repository/config/spring-repository-1.8.xsd, http://www.springframework.org/schema/mvc/spring-mvc.xsd=org/springframework/web/servlet/config/spring-mvc-4.2.xsd, http://www.springframework.org/schema/mvc/spring-mvc-3.1.xsd=org/springframework/web/servlet/config/spring-mvc-3.1.xsd, http://www.springframework.org/schema/beans/spring-beans-4.1.xsd=org/springframework/beans/factory/xml/spring-beans-4.1.xsd, http://www.springframework.org/schema/tool/spring-tool-4.0.xsd=org/springframework/beans/factory/xml/spring-tool-4.0.xsd, http://www.springframework.org/schema/lang/spring-lang-3.1.xsd=org/springframework/scripting/config/spring-lang-3.1.xsd, http://www.springframework.org/schema/tx/spring-tx-3.2.xsd=org/springframework/transaction/config/spring-tx-3.2.xsd, http://www.springframework.org/schema/cache/spring-cache-3.1.xsd=org/springframework/cache/config/spring-cache-3.1.xsd, http://www.springframework.org/schema/jee/spring-jee-4.0.xsd=org/springframework/ejb/config/spring-jee-4.0.xsd, http://www.springframework.org/schema/jdbc/spring-jdbc-3.0.xsd=org/springframework/jdbc/config/spring-jdbc-3.0.xsd, http://www.springframework.org/schema/task/spring-task-4.1.xsd=org/springframework/scheduling/config/spring-task-4.1.xsd, http://www.springframework.org/schema/jdbc/spring-jdbc.xsd=org/springframework/jdbc/config/spring-jdbc-4.2.xsd, http://www.springframework.org/schema/tool/spring-tool-3.1.xsd=org/springframework/beans/factory/xml/spring-tool-3.1.xsd, http://www.springframework.org/schema/tx/spring-tx-4.1.xsd=org/springframework/transaction/config/spring-tx-4.1.xsd, http://www.springframework.org/schema/cache/spring-cache-4.0.xsd=org/springframework/cache/config/spring-cache-4.0.xsd, http://www.springframework.org/schema/jee/spring-jee-3.1.xsd=org/springframework/ejb/config/spring-jee-3.1.xsd, http://www.springframework.org/schema/task/spring-task-3.2.xsd=org/springframework/scheduling/config/spring-task-3.2.xsd, http://www.springframework.org/schema/util/spring-util-4.2.xsd=org/springframework/beans/factory/xml/spring-util-4.2.xsd, http://www.springframework.org/schema/beans/spring-beans-3.1.xsd=org/springframework/beans/factory/xml/spring-beans-3.1.xsd, http://www.springframework.org/schema/util/spring-util.xsd=org/springframework/beans/factory/xml/spring-util-4.2.xsd, http://www.springframework.org/schema/data/jpa/spring-jpa-1.3.xsd=org/springframework/data/jpa/repository/config/spring-jpa-1.3.xsd, http://www.springframework.org/schema/aop/spring-aop-3.0.xsd=org/springframework/aop/config/spring-aop-3.0.xsd, http://www.springframework.org/schema/data/repository/spring-repository.xsd=org/springframework/data/repository/config/spring-repository-1.11.xsd, http://www.springframework.org/schema/data/repository/spring-repository-1.7.xsd=org/springframework/data/repository/config/spring-repository-1.7.xsd, http://www.springframework.org/schema/mvc/spring-mvc-3.0.xsd=org/springframework/web/servlet/config/spring-mvc-3.0.xsd, http://www.springframework.org/schema/beans/spring-beans-4.0.xsd=org/springframework/beans/factory/xml/spring-beans-4.0.xsd, http://www.springframework.org/schema/oxm/spring-oxm-4.2.xsd=org/springframework/oxm/config/spring-oxm-4.2.xsd, http://www.springframework.org/schema/data/jpa/spring-jpa-1.8.xsd=org/springframework/data/jpa/repository/config/spring-jpa-1.8.xsd, http://www.springframework.org/schema/beans/spring-beans.xsd=org/springframework/beans/factory/xml/spring-beans-4.2.xsd, http://www.springframework.org/schema/lang/spring-lang-3.0.xsd=org/springframework/scripting/config/spring-lang-3.0.xsd, http://www.springframework.org/schema/tx/spring-tx-3.1.xsd=org/springframework/transaction/config/spring-tx-3.1.xsd, http://www.springframework.org/schema/context/spring-context-2.5.xsd=org/springframework/context/config/spring-context-2.5.xsd, http://www.springframework.org/schema/task/spring-task-4.0.xsd=org/springframework/scheduling/config/spring-task-4.0.xsd, http://www.springframework.org/schema/tool/spring-tool-3.0.xsd=org/springframework/beans/factory/xml/spring-tool-3.0.xsd, http://www.springframework.org/schema/tx/spring-tx-4.0.xsd=org/springframework/transaction/config/spring-tx-4.0.xsd, http://www.springframework.org/schema/aop/spring-aop-2.0.xsd=org/springframework/aop/config/spring-aop-2.0.xsd, http://www.springframework.org/schema/jee/spring-jee-3.0.xsd=org/springframework/ejb/config/spring-jee-3.0.xsd, http://www.springframework.org/schema/task/spring-task-3.1.xsd=org/springframework/scheduling/config/spring-task-3.1.xsd, http://www.springframework.org/schema/util/spring-util-4.1.xsd=org/springframework/beans/factory/xml/spring-util-4.1.xsd, http://www.springframework.org/schema/beans/spring-beans-3.0.xsd=org/springframework/beans/factory/xml/spring-beans-3.0.xsd, http://www.springframework.org/schema/data/jpa/spring-jpa-1.2.xsd=org/springframework/data/jpa/repository/config/spring-jpa-1.2.xsd, http://www.springframework.org/schema/jee/spring-jee.xsd=org/springframework/ejb/config/spring-jee-4.2.xsd, http://www.springframework.org/schema/aop/spring-aop-2.5.xsd=org/springframework/aop/config/spring-aop-2.5.xsd, http://www.springframework.org/schema/lang/spring-lang-2.0.xsd=org/springframework/scripting/config/spring-lang-2.0.xsd, http://www.springframework.org/schema/data/repository/spring-repository-1.6.xsd=org/springframework/data/repository/config/spring-repository-1.6.xsd, http://www.springframework.org/schema/oxm/spring-oxm.xsd=org/springframework/oxm/config/spring-oxm-4.2.xsd, http://www.springframework.org/schema/util/spring-util-3.2.xsd=org/springframework/beans/factory/xml/spring-util-3.2.xsd, http://www.springframework.org/schema/oxm/spring-oxm-4.1.xsd=org/springframework/oxm/config/spring-oxm-4.1.xsd, http://www.springframework.org/schema/task/spring-task.xsd=org/springframework/scheduling/config/spring-task-4.2.xsd, http://www.springframework.org/schema/tool/spring-tool-2.0.xsd=org/springframework/beans/factory/xml/spring-tool-2.0.xsd, http://www.springframework.org/schema/lang/spring-lang-2.5.xsd=org/springframework/scripting/config/spring-lang-2.5.xsd, http://www.springframework.org/schema/tx/spring-tx-3.0.xsd=org/springframework/transaction/config/spring-tx-3.0.xsd, http://www.springframework.org/schema/context/spring-context-4.2.xsd=org/springframework/context/config/spring-context-4.2.xsd, http://www.springframework.org/schema/jee/spring-jee-2.0.xsd=org/springframework/ejb/config/spring-jee-2.0.xsd, http://www.springframework.org/schema/oxm/spring-oxm-3.2.xsd=org/springframework/oxm/config/spring-oxm-3.2.xsd, http://www.springframework.org/schema/tool/spring-tool-2.5.xsd=org/springframework/beans/factory/xml/spring-tool-2.5.xsd, http://www.springframework.org/schema/jee/spring-jee-2.5.xsd=org/springframework/ejb/config/spring-jee-2.5.xsd, http://www.springframework.org/schema/data/repository/spring-repository-1.0.xsd=org/springframework/data/repository/config/spring-repository-1.0.xsd, http://www.springframework.org/schema/task/spring-task-3.0.xsd=org/springframework/scheduling/config/spring-task-3.0.xsd, http://www.springframework.org/schema/util/spring-util-4.0.xsd=org/springframework/beans/factory/xml/spring-util-4.0.xsd, http://www.springframework.org/schema/data/jpa/spring-jpa-1.1.xsd=org/springframework/data/jpa/repository/config/spring-jpa-1.1.xsd, http://www.springframework.org/schema/aop/spring-aop-4.2.xsd=org/springframework/aop/config/spring-aop-4.2.xsd, http://www.springframework.org/schema/lang/spring-lang.xsd=org/springframework/scripting/config/spring-lang-4.2.xsd, http://www.springframework.org/schema/context/spring-context-3.2.xsd=org/springframework/context/config/spring-context-3.2.xsd, http://www.springframework.org/schema/data/repository/spring-repository-1.5.xsd=org/springframework/data/repository/config/spring-repository-1.5.xsd, http://www.springframework.org/schema/jdbc/spring-jdbc-4.2.xsd=org/springframework/jdbc/config/spring-jdbc-4.2.xsd, http://www.springframework.org/schema/mvc/spring-mvc-4.2.xsd=org/springframework/web/servlet/config/spring-mvc-4.2.xsd, http://www.springframework.org/schema/util/spring-util-3.1.xsd=org/springframework/beans/factory/xml/spring-util-3.1.xsd, http://www.springframework.org/schema/beans/spring-beans-2.0.xsd=org/springframework/beans/factory/xml/spring-beans-2.0.xsd, http://www.springframework.org/schema/oxm/spring-oxm-4.0.xsd=org/springframework/oxm/config/spring-oxm-4.0.xsd, http://www.springframework.org/schema/cache/spring-cache.xsd=org/springframework/cache/config/spring-cache-4.2.xsd, http://www.springframework.org/schema/tx/spring-tx.xsd=org/springframework/transaction/config/spring-tx-4.2.xsd, http://www.springframework.org/schema/lang/spring-lang-4.2.xsd=org/springframework/scripting/config/spring-lang-4.2.xsd, http://www.springframework.org/schema/context/spring-context-4.1.xsd=org/springframework/context/config/spring-context-4.1.xsd, http://www.springframework.org/schema/beans/spring-beans-2.5.xsd=org/springframework/beans/factory/xml/spring-beans-2.5.xsd, http://www.springframework.org/schema/oxm/spring-oxm-3.1.xsd=org/springframework/oxm/config/spring-oxm-3.1.xsd, http://www.springframework.org/schema/tool/spring-tool-4.2.xsd=org/springframework/beans/factory/xml/spring-tool-4.2.xsd, http://www.springframework.org/schema/tx/spring-tx-2.0.xsd=org/springframework/transaction/config/spring-tx-2.0.xsd, http://www.springframework.org/schema/data/repository/spring-repository-1.11.xsd=org/springframework/data/repository/config/spring-repository-1.11.xsd, http://www.springframework.org/schema/jee/spring-jee-4.2.xsd=org/springframework/ejb/config/spring-jee-4.2.xsd, http://www.springframework.org/schema/jdbc/spring-jdbc-3.2.xsd=org/springframework/jdbc/config/spring-jdbc-3.2.xsd, http://www.springframework.org/schema/aop/spring-aop.xsd=org/springframework/aop/config/spring-aop-4.2.xsd, http://www.springframework.org/schema/data/jpa/spring-jpa-1.0.xsd=org/springframework/data/jpa/repository/config/spring-jpa-1.0.xsd}]
[2018-07-02 21:44:25.817] -- [DEBUG] -- [main &gt;&gt;&gt;&gt; PluggableSchemaResolver.java:119 &gt;&gt;&gt;&gt; Method = resolveEntity] -- [Content = Found XML schema [http://www.springframework.org/schema/beans/spring-beans-4.2.xsd] in classpath: org/springframework/beans/factory/xml/spring-beans-4.2.xsd]
[2018-07-02 21:44:25.822] -- [TRACE] -- [main &gt;&gt;&gt;&gt; PluggableSchemaResolver.java:106 &gt;&gt;&gt;&gt; Method = resolveEntity] -- [Content = Trying to resolve XML entity with public id [null] and system id [http://www.springframework.org/schema/context/spring-context-4.2.xsd]]
[2018-07-02 21:44:25.823] -- [DEBUG] -- [main &gt;&gt;&gt;&gt; PluggableSchemaResolver.java:119 &gt;&gt;&gt;&gt; Method = resolveEntity] -- [Content = Found XML schema [http://www.springframework.org/schema/context/spring-context-4.2.xsd] in classpath: org/springframework/context/config/spring-context-4.2.xsd]
[2018-07-02 21:44:25.824] -- [TRACE] -- [main &gt;&gt;&gt;&gt; PluggableSchemaResolver.java:106 &gt;&gt;&gt;&gt; Method = resolveEntity] -- [Content = Trying to resolve XML entity with public id [null] and system id [http://www.springframework.org/schema/tool/spring-tool-4.2.xsd]]
[2018-07-02 21:44:25.825] -- [DEBUG] -- [main &gt;&gt;&gt;&gt; PluggableSchemaResolver.java:119 &gt;&gt;&gt;&gt; Method = resolveEntity] -- [Content = Found XML schema [http://www.springframework.org/schema/tool/spring-tool-4.2.xsd] in classpath: org/springframework/beans/factory/xml/spring-tool-4.2.xsd]
[2018-07-02 21:44:25.828] -- [DEBUG] -- [main &gt;&gt;&gt;&gt; DefaultBeanDefinitionDocumentReader.java:92 &gt;&gt;&gt;&gt; Method = registerBeanDefinitions] -- [Content = Loading bean definitions]
[2018-07-02 21:44:25.830] -- [DEBUG] -- [main &gt;&gt;&gt;&gt; DefaultNamespaceHandlerResolver.java:157 &gt;&gt;&gt;&gt; Method = getHandlerMappings] -- [Content = Loaded NamespaceHandler mappings: {http://www.springframework.org/schema/p=org.springframework.beans.factory.xml.SimplePropertyNamespaceHandler, http://www.springframework.org/schema/mvc=org.springframework.web.servlet.config.MvcNamespaceHandler, http://www.springframework.org/schema/util=org.springframework.beans.factory.xml.UtilNamespaceHandler, http://www.springframework.org/schema/jee=org.springframework.ejb.config.JeeNamespaceHandler, http://www.springframework.org/schema/aop=org.springframework.aop.config.AopNamespaceHandler, http://www.springframework.org/schema/data/repository=org.springframework.data.repository.config.RepositoryNameSpaceHandler, http://www.springframework.org/schema/jdbc=org.springframework.jdbc.config.JdbcNamespaceHandler, http://www.springframework.org/schema/oxm=org.springframework.oxm.config.OxmNamespaceHandler, http://www.springframework.org/schema/data/jpa=org.springframework.data.jpa.repository.config.JpaRepositoryNameSpaceHandler, http://www.springframework.org/schema/cache=org.springframework.cache.config.CacheNamespaceHandler, http://www.springframework.org/schema/c=org.springframework.beans.factory.xml.SimpleConstructorNamespaceHandler, http://www.springframework.org/schema/tx=org.springframework.transaction.config.TxNamespaceHandler, http://www.springframework.org/schema/task=org.springframework.scheduling.config.TaskNamespaceHandler, http://www.springframework.org/schema/lang=org.springframework.scripting.config.LangNamespaceHandler, http://www.springframework.org/schema/data/keyvalue=org.springframework.data.keyvalue.repository.config.KeyValueRepositoryNameSpaceHandler, http://www.springframework.org/schema/context=org.springframework.context.config.ContextNamespaceHandler}]
[2018-07-02 21:44:25.830] -- [DEBUG] -- [main &gt;&gt;&gt;&gt; ClassPathScanningCandidateComponentProvider.java:244 &gt;&gt;&gt;&gt; Method = registerDefaultFilters] -- [Content = JSR-250 &apos;javax.annotation.ManagedBean&apos; found and supported for component scanning]
[2018-07-02 21:44:25.830] -- [DEBUG] -- [main &gt;&gt;&gt;&gt; ClassPathScanningCandidateComponentProvider.java:252 &gt;&gt;&gt;&gt; Method = registerDefaultFilters] -- [Content = JSR-330 &apos;javax.inject.Named&apos; annotation found and supported for component scanning]
[2018-07-02 21:44:25.831] -- [DEBUG] -- [main &gt;&gt;&gt;&gt; PathMatchingResourcePatternResolver.java:312 &gt;&gt;&gt;&gt; Method = findAllClassPathResources] -- [Content = Resolved classpath location [com/youmeek/] to resources [URL [file:/Users/xk1020/IdeaProjects/Basic-Single-Module-SSJPA/target/test-classes/com/youmeek/], URL [file:/Users/xk1020/IdeaProjects/Basic-Single-Module-SSJPA/target/classes/com/youmeek/]]]
[2018-07-02 21:44:25.831] -- [DEBUG] -- [main &gt;&gt;&gt;&gt; PathMatchingResourcePatternResolver.java:637 &gt;&gt;&gt;&gt; Method = doFindMatchingFileSystemResources] -- [Content = Looking for matching resources in directory tree [/Users/xk1020/IdeaProjects/Basic-Single-Module-SSJPA/target/test-classes/com/youmeek]]
[2018-07-02 21:44:25.832] -- [DEBUG] -- [main &gt;&gt;&gt;&gt; PathMatchingResourcePatternResolver.java:699 &gt;&gt;&gt;&gt; Method = doRetrieveMatchingFiles] -- [Content = Searching directory [/Users/xk1020/IdeaProjects/Basic-Single-Module-SSJPA/target/test-classes/com/youmeek] for files matching pattern [/Users/xk1020/IdeaProjects/Basic-Single-Module-SSJPA/target/test-classes/com/youmeek/**/service/**/*.class]]
[2018-07-02 21:44:25.832] -- [DEBUG] -- [main &gt;&gt;&gt;&gt; PathMatchingResourcePatternResolver.java:699 &gt;&gt;&gt;&gt; Method = doRetrieveMatchingFiles] -- [Content = Searching directory [/Users/xk1020/IdeaProjects/Basic-Single-Module-SSJPA/target/test-classes/com/youmeek/ssm] for files matching pattern [/Users/xk1020/IdeaProjects/Basic-Single-Module-SSJPA/target/test-classes/com/youmeek/**/service/**/*.class]]
[2018-07-02 21:44:25.832] -- [DEBUG] -- [main &gt;&gt;&gt;&gt; PathMatchingResourcePatternResolver.java:637 &gt;&gt;&gt;&gt; Method = doFindMatchingFileSystemResources] -- [Content = Looking for matching resources in directory tree [/Users/xk1020/IdeaProjects/Basic-Single-Module-SSJPA/target/classes/com/youmeek]]
[2018-07-02 21:44:25.833] -- [DEBUG] -- [main &gt;&gt;&gt;&gt; PathMatchingResourcePatternResolver.java:699 &gt;&gt;&gt;&gt; Method = doRetrieveMatchingFiles] -- [Content = Searching directory [/Users/xk1020/IdeaProjects/Basic-Single-Module-SSJPA/target/classes/com/youmeek] for files matching pattern [/Users/xk1020/IdeaProjects/Basic-Single-Module-SSJPA/target/classes/com/youmeek/**/service/**/*.class]]
[2018-07-02 21:44:25.833] -- [DEBUG] -- [main &gt;&gt;&gt;&gt; PathMatchingResourcePatternResolver.java:699 &gt;&gt;&gt;&gt; Method = doRetrieveMatchingFiles] -- [Content = Searching directory [/Users/xk1020/IdeaProjects/Basic-Single-Module-SSJPA/target/classes/com/youmeek/ssm] for files matching pattern [/Users/xk1020/IdeaProjects/Basic-Single-Module-SSJPA/target/classes/com/youmeek/**/service/**/*.class]]
[2018-07-02 21:44:25.833] -- [DEBUG] -- [main &gt;&gt;&gt;&gt; PathMatchingResourcePatternResolver.java:699 &gt;&gt;&gt;&gt; Method = doRetrieveMatchingFiles] -- [Content = Searching directory [/Users/xk1020/IdeaProjects/Basic-Single-Module-SSJPA/target/classes/com/youmeek/ssm/module] for files matching pattern [/Users/xk1020/IdeaProjects/Basic-Single-Module-SSJPA/target/classes/com/youmeek/**/service/**/*.class]]
[2018-07-02 21:44:25.834] -- [DEBUG] -- [main &gt;&gt;&gt;&gt; PathMatchingResourcePatternResolver.java:699 &gt;&gt;&gt;&gt; Method = doRetrieveMatchingFiles] -- [Content = Searching directory [/Users/xk1020/IdeaProjects/Basic-Single-Module-SSJPA/target/classes/com/youmeek/ssm/module/user] for files matching pattern [/Users/xk1020/IdeaProjects/Basic-Single-Module-SSJPA/target/classes/com/youmeek/**/service/**/*.class]]
[2018-07-02 21:44:25.834] -- [DEBUG] -- [main &gt;&gt;&gt;&gt; PathMatchingResourcePatternResolver.java:699 &gt;&gt;&gt;&gt; Method = doRetrieveMatchingFiles] -- [Content = Searching directory [/Users/xk1020/IdeaProjects/Basic-Single-Module-SSJPA/target/classes/com/youmeek/ssm/module/user/dao] for files matching pattern [/Users/xk1020/IdeaProjects/Basic-Single-Module-SSJPA/target/classes/com/youmeek/**/service/**/*.class]]
[2018-07-02 21:44:25.834] -- [DEBUG] -- [main &gt;&gt;&gt;&gt; PathMatchingResourcePatternResolver.java:699 &gt;&gt;&gt;&gt; Method = doRetrieveMatchingFiles] -- [Content = Searching directory [/Users/xk1020/IdeaProjects/Basic-Single-Module-SSJPA/target/classes/com/youmeek/ssm/module/user/controller] for files matching pattern [/Users/xk1020/IdeaProjects/Basic-Single-Module-SSJPA/target/classes/com/youmeek/**/service/**/*.class]]
[2018-07-02 21:44:25.835] -- [DEBUG] -- [main &gt;&gt;&gt;&gt; PathMatchingResourcePatternResolver.java:699 &gt;&gt;&gt;&gt; Method = doRetrieveMatchingFiles] -- [Content = Searching directory [/Users/xk1020/IdeaProjects/Basic-Single-Module-SSJPA/target/classes/com/youmeek/ssm/module/user/service] for files matching pattern [/Users/xk1020/IdeaProjects/Basic-Single-Module-SSJPA/target/classes/com/youmeek/**/service/**/*.class]]
[2018-07-02 21:44:25.835] -- [DEBUG] -- [main &gt;&gt;&gt;&gt; PathMatchingResourcePatternResolver.java:699 &gt;&gt;&gt;&gt; Method = doRetrieveMatchingFiles] -- [Content = Searching directory [/Users/xk1020/IdeaProjects/Basic-Single-Module-SSJPA/target/classes/com/youmeek/ssm/module/user/service/impl] for files matching pattern [/Users/xk1020/IdeaProjects/Basic-Single-Module-SSJPA/target/classes/com/youmeek/**/service/**/*.class]]
[2018-07-02 21:44:25.835] -- [DEBUG] -- [main &gt;&gt;&gt;&gt; PathMatchingResourcePatternResolver.java:699 &gt;&gt;&gt;&gt; Method = doRetrieveMatchingFiles] -- [Content = Searching directory [/Users/xk1020/IdeaProjects/Basic-Single-Module-SSJPA/target/classes/com/youmeek/ssm/module/user/pojo] for files matching pattern [/Users/xk1020/IdeaProjects/Basic-Single-Module-SSJPA/target/classes/com/youmeek/**/service/**/*.class]]
[2018-07-02 21:44:25.836] -- [DEBUG] -- [main &gt;&gt;&gt;&gt; PathMatchingResourcePatternResolver.java:699 &gt;&gt;&gt;&gt; Method = doRetrieveMatchingFiles] -- [Content = Searching directory [/Users/xk1020/IdeaProjects/Basic-Single-Module-SSJPA/target/classes/com/youmeek/ssm/aop] for files matching pattern [/Users/xk1020/IdeaProjects/Basic-Single-Module-SSJPA/target/classes/com/youmeek/**/service/**/*.class]]
[2018-07-02 21:44:25.836] -- [DEBUG] -- [main &gt;&gt;&gt;&gt; PathMatchingResourcePatternResolver.java:699 &gt;&gt;&gt;&gt; Method = doRetrieveMatchingFiles] -- [Content = Searching directory [/Users/xk1020/IdeaProjects/Basic-Single-Module-SSJPA/target/classes/com/youmeek/ssm/aop/log] for files matching pattern [/Users/xk1020/IdeaProjects/Basic-Single-Module-SSJPA/target/classes/com/youmeek/**/service/**/*.class]]
[2018-07-02 21:44:25.836] -- [DEBUG] -- [main &gt;&gt;&gt;&gt; PathMatchingResourcePatternResolver.java:699 &gt;&gt;&gt;&gt; Method = doRetrieveMatchingFiles] -- [Content = Searching directory [/Users/xk1020/IdeaProjects/Basic-Single-Module-SSJPA/target/classes/com/youmeek/ssm/interceptor] for files matching pattern [/Users/xk1020/IdeaProjects/Basic-Single-Module-SSJPA/target/classes/com/youmeek/**/service/**/*.class]]
[2018-07-02 21:44:25.837] -- [DEBUG] -- [main &gt;&gt;&gt;&gt; PathMatchingResourcePatternResolver.java:430 &gt;&gt;&gt;&gt; Method = findPathMatchingResources] -- [Content = Resolved location pattern [classpath*:com/youmeek/**/service/**/*.class] to resources [file [/Users/xk1020/IdeaProjects/Basic-Single-Module-SSJPA/target/classes/com/youmeek/ssm/module/user/service/impl/SysUserServiceImpl.class], file [/Users/xk1020/IdeaProjects/Basic-Single-Module-SSJPA/target/classes/com/youmeek/ssm/module/user/service/SysUserService.class]]]
[2018-07-02 21:44:25.837] -- [TRACE] -- [main &gt;&gt;&gt;&gt; ClassPathScanningCandidateComponentProvider.java:275 &gt;&gt;&gt;&gt; Method = findCandidateComponents] -- [Content = Scanning file [/Users/xk1020/IdeaProjects/Basic-Single-Module-SSJPA/target/classes/com/youmeek/ssm/module/user/service/impl/SysUserServiceImpl.class]]
[2018-07-02 21:44:25.838] -- [DEBUG] -- [main &gt;&gt;&gt;&gt; ClassPathScanningCandidateComponentProvider.java:286 &gt;&gt;&gt;&gt; Method = findCandidateComponents] -- [Content = Identified candidate component class: file [/Users/xk1020/IdeaProjects/Basic-Single-Module-SSJPA/target/classes/com/youmeek/ssm/module/user/service/impl/SysUserServiceImpl.class]]
[2018-07-02 21:44:25.838] -- [TRACE] -- [main &gt;&gt;&gt;&gt; ClassPathScanningCandidateComponentProvider.java:275 &gt;&gt;&gt;&gt; Method = findCandidateComponents] -- [Content = Scanning file [/Users/xk1020/IdeaProjects/Basic-Single-Module-SSJPA/target/classes/com/youmeek/ssm/module/user/service/SysUserService.class]]
[2018-07-02 21:44:25.839] -- [TRACE] -- [main &gt;&gt;&gt;&gt; ClassPathScanningCandidateComponentProvider.java:298 &gt;&gt;&gt;&gt; Method = findCandidateComponents] -- [Content = Ignored because not matching any filter: file [/Users/xk1020/IdeaProjects/Basic-Single-Module-SSJPA/target/classes/com/youmeek/ssm/module/user/service/SysUserService.class]]
[2018-07-02 21:44:25.839] -- [INFO] -- [main &gt;&gt;&gt;&gt; XmlBeanDefinitionReader.java:317 &gt;&gt;&gt;&gt; Method = loadBeanDefinitions] -- [Content = Loading XML bean definitions from file [/Users/xk1020/IdeaProjects/Basic-Single-Module-SSJPA/target/classes/spring/applicationContext-dataSource.xml]]
[2018-07-02 21:44:25.840] -- [DEBUG] -- [main &gt;&gt;&gt;&gt; DefaultDocumentLoader.java:73 &gt;&gt;&gt;&gt; Method = loadDocument] -- [Content = Using JAXP provider [com.sun.org.apache.xerces.internal.jaxp.DocumentBuilderFactoryImpl]]
[2018-07-02 21:44:25.842] -- [TRACE] -- [main &gt;&gt;&gt;&gt; PluggableSchemaResolver.java:106 &gt;&gt;&gt;&gt; Method = resolveEntity] -- [Content = Trying to resolve XML entity with public id [null] and system id [http://www.springframework.org/schema/beans/spring-beans-4.2.xsd]]
[2018-07-02 21:44:25.842] -- [DEBUG] -- [main &gt;&gt;&gt;&gt; PluggableSchemaResolver.java:119 &gt;&gt;&gt;&gt; Method = resolveEntity] -- [Content = Found XML schema [http://www.springframework.org/schema/beans/spring-beans-4.2.xsd] in classpath: org/springframework/beans/factory/xml/spring-beans-4.2.xsd]
[2018-07-02 21:44:25.849] -- [DEBUG] -- [main &gt;&gt;&gt;&gt; DefaultBeanDefinitionDocumentReader.java:92 &gt;&gt;&gt;&gt; Method = registerBeanDefinitions] -- [Content = Loading bean definitions]
[2018-07-02 21:44:25.850] -- [INFO] -- [main &gt;&gt;&gt;&gt; XmlBeanDefinitionReader.java:317 &gt;&gt;&gt;&gt; Method = loadBeanDefinitions] -- [Content = Loading XML bean definitions from file [/Users/xk1020/IdeaProjects/Basic-Single-Module-SSJPA/target/classes/spring/applicationContext-transaction.xml]]
[2018-07-02 21:44:25.851] -- [DEBUG] -- [main &gt;&gt;&gt;&gt; DefaultDocumentLoader.java:73 &gt;&gt;&gt;&gt; Method = loadDocument] -- [Content = Using JAXP provider [com.sun.org.apache.xerces.internal.jaxp.DocumentBuilderFactoryImpl]]
[2018-07-02 21:44:25.853] -- [TRACE] -- [main &gt;&gt;&gt;&gt; PluggableSchemaResolver.java:106 &gt;&gt;&gt;&gt; Method = resolveEntity] -- [Content = Trying to resolve XML entity with public id [null] and system id [http://www.springframework.org/schema/beans/spring-beans-4.2.xsd]]
[2018-07-02 21:44:25.853] -- [DEBUG] -- [main &gt;&gt;&gt;&gt; PluggableSchemaResolver.java:119 &gt;&gt;&gt;&gt; Method = resolveEntity] -- [Content = Found XML schema [http://www.springframework.org/schema/beans/spring-beans-4.2.xsd] in classpath: org/springframework/beans/factory/xml/spring-beans-4.2.xsd]
[2018-07-02 21:44:25.859] -- [TRACE] -- [main &gt;&gt;&gt;&gt; PluggableSchemaResolver.java:106 &gt;&gt;&gt;&gt; Method = resolveEntity] -- [Content = Trying to resolve XML entity with public id [null] and system id [http://www.springframework.org/schema/aop/spring-aop-4.2.xsd]]
[2018-07-02 21:44:25.859] -- [DEBUG] -- [main &gt;&gt;&gt;&gt; PluggableSchemaResolver.java:119 &gt;&gt;&gt;&gt; Method = resolveEntity] -- [Content = Found XML schema [http://www.springframework.org/schema/aop/spring-aop-4.2.xsd] in classpath: org/springframework/aop/config/spring-aop-4.2.xsd]
[2018-07-02 21:44:25.861] -- [TRACE] -- [main &gt;&gt;&gt;&gt; PluggableSchemaResolver.java:106 &gt;&gt;&gt;&gt; Method = resolveEntity] -- [Content = Trying to resolve XML entity with public id [null] and system id [http://www.springframework.org/schema/tool/spring-tool-4.2.xsd]]
[2018-07-02 21:44:25.861] -- [DEBUG] -- [main &gt;&gt;&gt;&gt; PluggableSchemaResolver.java:119 &gt;&gt;&gt;&gt; Method = resolveEntity] -- [Content = Found XML schema [http://www.springframework.org/schema/tool/spring-tool-4.2.xsd] in classpath: org/springframework/beans/factory/xml/spring-tool-4.2.xsd]
[2018-07-02 21:44:25.864] -- [TRACE] -- [main &gt;&gt;&gt;&gt; PluggableSchemaResolver.java:106 &gt;&gt;&gt;&gt; Method = resolveEntity] -- [Content = Trying to resolve XML entity with public id [null] and system id [http://www.springframework.org/schema/tx/spring-tx-4.2.xsd]]
[2018-07-02 21:44:25.864] -- [DEBUG] -- [main &gt;&gt;&gt;&gt; PluggableSchemaResolver.java:119 &gt;&gt;&gt;&gt; Method = resolveEntity] -- [Content = Found XML schema [http://www.springframework.org/schema/tx/spring-tx-4.2.xsd] in classpath: org/springframework/transaction/config/spring-tx-4.2.xsd]
[2018-07-02 21:44:25.868] -- [DEBUG] -- [main &gt;&gt;&gt;&gt; DefaultBeanDefinitionDocumentReader.java:92 &gt;&gt;&gt;&gt; Method = registerBeanDefinitions] -- [Content = Loading bean definitions]
[2018-07-02 21:44:25.870] -- [INFO] -- [main &gt;&gt;&gt;&gt; XmlBeanDefinitionReader.java:317 &gt;&gt;&gt;&gt; Method = loadBeanDefinitions] -- [Content = Loading XML bean definitions from file [/Users/xk1020/IdeaProjects/Basic-Single-Module-SSJPA/target/classes/spring/applicationContext-jpa.xml]]
[2018-07-02 21:44:25.871] -- [DEBUG] -- [main &gt;&gt;&gt;&gt; DefaultDocumentLoader.java:73 &gt;&gt;&gt;&gt; Method = loadDocument] -- [Content = Using JAXP provider [com.sun.org.apache.xerces.internal.jaxp.DocumentBuilderFactoryImpl]]
[2018-07-02 21:44:25.873] -- [TRACE] -- [main &gt;&gt;&gt;&gt; PluggableSchemaResolver.java:106 &gt;&gt;&gt;&gt; Method = resolveEntity] -- [Content = Trying to resolve XML entity with public id [null] and system id [http://www.springframework.org/schema/beans/spring-beans-4.2.xsd]]
[2018-07-02 21:44:25.873] -- [DEBUG] -- [main &gt;&gt;&gt;&gt; PluggableSchemaResolver.java:119 &gt;&gt;&gt;&gt; Method = resolveEntity] -- [Content = Found XML schema [http://www.springframework.org/schema/beans/spring-beans-4.2.xsd] in classpath: org/springframework/beans/factory/xml/spring-beans-4.2.xsd]
[2018-07-02 21:44:25.879] -- [TRACE] -- [main &gt;&gt;&gt;&gt; PluggableSchemaResolver.java:106 &gt;&gt;&gt;&gt; Method = resolveEntity] -- [Content = Trying to resolve XML entity with public id [null] and system id [http://www.springframework.org/schema/data/jpa/spring-jpa.xsd]]
[2018-07-02 21:44:25.879] -- [DEBUG] -- [main &gt;&gt;&gt;&gt; PluggableSchemaResolver.java:119 &gt;&gt;&gt;&gt; Method = resolveEntity] -- [Content = Found XML schema [http://www.springframework.org/schema/data/jpa/spring-jpa.xsd] in classpath: org/springframework/data/jpa/repository/config/spring-jpa-1.8.xsd]
[2018-07-02 21:44:25.880] -- [TRACE] -- [main &gt;&gt;&gt;&gt; PluggableSchemaResolver.java:106 &gt;&gt;&gt;&gt; Method = resolveEntity] -- [Content = Trying to resolve XML entity with public id [null] and system id [http://www.springframework.org/schema/data/repository/spring-repository.xsd]]
[2018-07-02 21:44:25.881] -- [DEBUG] -- [main &gt;&gt;&gt;&gt; PluggableSchemaResolver.java:119 &gt;&gt;&gt;&gt; Method = resolveEntity] -- [Content = Found XML schema [http://www.springframework.org/schema/data/repository/spring-repository.xsd] in classpath: org/springframework/data/repository/config/spring-repository-1.11.xsd]
[2018-07-02 21:44:25.882] -- [TRACE] -- [main &gt;&gt;&gt;&gt; PluggableSchemaResolver.java:106 &gt;&gt;&gt;&gt; Method = resolveEntity] -- [Content = Trying to resolve XML entity with public id [null] and system id [http://www.springframework.org/schema/context/spring-context.xsd]]
[2018-07-02 21:44:25.882] -- [DEBUG] -- [main &gt;&gt;&gt;&gt; PluggableSchemaResolver.java:119 &gt;&gt;&gt;&gt; Method = resolveEntity] -- [Content = Found XML schema [http://www.springframework.org/schema/context/spring-context.xsd] in classpath: org/springframework/context/config/spring-context-4.2.xsd]
[2018-07-02 21:44:25.884] -- [TRACE] -- [main &gt;&gt;&gt;&gt; PluggableSchemaResolver.java:106 &gt;&gt;&gt;&gt; Method = resolveEntity] -- [Content = Trying to resolve XML entity with public id [null] and system id [http://www.springframework.org/schema/tool/spring-tool-4.2.xsd]]
[2018-07-02 21:44:25.884] -- [DEBUG] -- [main &gt;&gt;&gt;&gt; PluggableSchemaResolver.java:119 &gt;&gt;&gt;&gt; Method = resolveEntity] -- [Content = Found XML schema [http://www.springframework.org/schema/tool/spring-tool-4.2.xsd] in classpath: org/springframework/beans/factory/xml/spring-tool-4.2.xsd]
[2018-07-02 21:44:25.887] -- [DEBUG] -- [main &gt;&gt;&gt;&gt; DefaultBeanDefinitionDocumentReader.java:92 &gt;&gt;&gt;&gt; Method = registerBeanDefinitions] -- [Content = Loading bean definitions]
[2018-07-02 21:44:25.888] -- [DEBUG] -- [main &gt;&gt;&gt;&gt; BeanDefinitionParserDelegate.java:481 &gt;&gt;&gt;&gt; Method = parseBeanDefinitionElement] -- [Content = Neither XML &apos;id&apos; nor &apos;name&apos; specified - using generated bean name [org.springframework.orm.jpa.vendor.HibernateJpaDialect#60d1a32f]]
[2018-07-02 21:44:25.889] -- [DEBUG] -- [main &gt;&gt;&gt;&gt; MutablePropertySources.java:109 &gt;&gt;&gt;&gt; Method = addLast] -- [Content = Adding [systemProperties] PropertySource with lowest search precedence]
[2018-07-02 21:44:25.890] -- [DEBUG] -- [main &gt;&gt;&gt;&gt; MutablePropertySources.java:109 &gt;&gt;&gt;&gt; Method = addLast] -- [Content = Adding [systemEnvironment] PropertySource with lowest search precedence]
[2018-07-02 21:44:25.890] -- [DEBUG] -- [main &gt;&gt;&gt;&gt; AbstractEnvironment.java:127 &gt;&gt;&gt;&gt; Method = &lt;init&gt;] -- [Content = Initialized StandardEnvironment with PropertySources [systemProperties,systemEnvironment]]
[2018-07-02 21:44:25.890] -- [DEBUG] -- [main &gt;&gt;&gt;&gt; PathMatchingResourcePatternResolver.java:312 &gt;&gt;&gt;&gt; Method = findAllClassPathResources] -- [Content = Resolved classpath location [org/springframework/data/] to resources [URL [jar:file:/Users/xk1020/.m2/repository/org/springframework/data/spring-data-jpa/1.10.1.RELEASE/spring-data-jpa-1.10.1.RELEASE.jar!/org/springframework/data/], URL [jar:file:/Users/xk1020/.m2/repository/org/springframework/data/spring-data-commons/1.12.1.RELEASE/spring-data-commons-1.12.1.RELEASE.jar!/org/springframework/data/]]]
[2018-07-02 21:44:25.891] -- [DEBUG] -- [main &gt;&gt;&gt;&gt; PathMatchingResourcePatternResolver.java:551 &gt;&gt;&gt;&gt; Method = doFindPathMatchingJarResources] -- [Content = Looking for matching resources in jar file [file:/Users/xk1020/.m2/repository/org/springframework/data/spring-data-jpa/1.10.1.RELEASE/spring-data-jpa-1.10.1.RELEASE.jar]]
[2018-07-02 21:44:25.893] -- [DEBUG] -- [main &gt;&gt;&gt;&gt; PathMatchingResourcePatternResolver.java:551 &gt;&gt;&gt;&gt; Method = doFindPathMatchingJarResources] -- [Content = Looking for matching resources in jar file [file:/Users/xk1020/.m2/repository/org/springframework/data/spring-data-commons/1.12.1.RELEASE/spring-data-commons-1.12.1.RELEASE.jar]]
[2018-07-02 21:44:25.897] -- [DEBUG] -- [main &gt;&gt;&gt;&gt; PathMatchingResourcePatternResolver.java:430 &gt;&gt;&gt;&gt; Method = findPathMatchingResources] -- [Content = Resolved location pattern [classpath*:org/springframework/data/**/repository/support/**/*.class] to resources [URL [jar:file:/Users/xk1020/.m2/repository/org/springframework/data/spring-data-jpa/1.10.1.RELEASE/spring-data-jpa-1.10.1.RELEASE.jar!/org/springframework/data/jpa/repository/support/CrudMethodMetadata.class], URL [jar:file:/Users/xk1020/.m2/repository/org/springframework/data/spring-data-jpa/1.10.1.RELEASE/spring-data-jpa-1.10.1.RELEASE.jar!/org/springframework/data/jpa/repository/support/CrudMethodMetadataPostProcessor$1.class], URL [jar:file:/Users/xk1020/.m2/repository/org/springframework/data/spring-data-jpa/1.10.1.RELEASE/spring-data-jpa-1.10.1.RELEASE.jar!/org/springframework/data/jpa/repository/support/CrudMethodMetadataPostProcessor$CrudMethodMetadataPopulatingMethodInterceptor.class], URL [jar:file:/Users/xk1020/.m2/repository/org/springframework/data/spring-data-jpa/1.10.1.RELEASE/spring-data-jpa-1.10.1.RELEASE.jar!/org/springframework/data/jpa/repository/support/CrudMethodMetadataPostProcessor$DefaultCrudMethodMetadata.class], URL [jar:file:/Users/xk1020/.m2/repository/org/springframework/data/spring-data-jpa/1.10.1.RELEASE/spring-data-jpa-1.10.1.RELEASE.jar!/org/springframework/data/jpa/repository/support/CrudMethodMetadataPostProcessor$ThreadBoundTargetSource.class], URL [jar:file:/Users/xk1020/.m2/repository/org/springframework/data/spring-data-jpa/1.10.1.RELEASE/spring-data-jpa-1.10.1.RELEASE.jar!/org/springframework/data/jpa/repository/support/CrudMethodMetadataPostProcessor.class], URL [jar:file:/Users/xk1020/.m2/repository/org/springframework/data/spring-data-jpa/1.10.1.RELEASE/spring-data-jpa-1.10.1.RELEASE.jar!/org/springframework/data/jpa/repository/support/DefaultJpaContext.class], URL [jar:file:/Users/xk1020/.m2/repository/org/springframework/data/spring-data-jpa/1.10.1.RELEASE/spring-data-jpa-1.10.1.RELEASE.jar!/org/springframework/data/jpa/repository/support/EntityManagerBeanDefinitionRegistrarPostProcessor.class], URL [jar:file:/Users/xk1020/.m2/repository/org/springframework/data/spring-data-jpa/1.10.1.RELEASE/spring-data-jpa-1.10.1.RELEASE.jar!/org/springframework/data/jpa/repository/support/JpaEntityInformation.class], URL [jar:file:/Users/xk1020/.m2/repository/org/springframework/data/spring-data-jpa/1.10.1.RELEASE/spring-data-jpa-1.10.1.RELEASE.jar!/org/springframework/data/jpa/repository/support/JpaEntityInformationSupport.class], URL [jar:file:/Users/xk1020/.m2/repository/org/springframework/data/spring-data-jpa/1.10.1.RELEASE/spring-data-jpa-1.10.1.RELEASE.jar!/org/springframework/data/jpa/repository/support/JpaMetamodelEntityInformation$IdentifierDerivingDirectFieldAccessFallbackBeanWrapper.class], URL [jar:file:/Users/xk1020/.m2/repository/org/springframework/data/spring-data-jpa/1.10.1.RELEASE/spring-data-jpa-1.10.1.RELEASE.jar!/org/springframework/data/jpa/repository/support/JpaMetamodelEntityInformation$IdMetadata.class], URL [jar:file:/Users/xk1020/.m2/repository/org/springframework/data/spring-data-jpa/1.10.1.RELEASE/spring-data-jpa-1.10.1.RELEASE.jar!/org/springframework/data/jpa/repository/support/JpaMetamodelEntityInformation.class], URL [jar:file:/Users/xk1020/.m2/repository/org/springframework/data/spring-data-jpa/1.10.1.RELEASE/spring-data-jpa-1.10.1.RELEASE.jar!/org/springframework/data/jpa/repository/support/JpaPersistableEntityInformation.class], URL [jar:file:/Users/xk1020/.m2/repository/org/springframework/data/spring-data-jpa/1.10.1.RELEASE/spring-data-jpa-1.10.1.RELEASE.jar!/org/springframework/data/jpa/repository/support/JpaRepositoryFactory.class], URL [jar:file:/Users/xk1020/.m2/repository/org/springframework/data/spring-data-jpa/1.10.1.RELEASE/spring-data-jpa-1.10.1.RELEASE.jar!/org/springframework/data/jpa/repository/support/JpaRepositoryFactoryBean.class], URL [jar:file:/Users/xk1020/.m2/repository/org/springframework/data/spring-data-jpa/1.10.1.RELEASE/spring-data-jpa-1.10.1.RELEASE.jar!/org/springframework/data/jpa/repository/support/Querydsl$1.class], URL [jar:file:/Users/xk1020/.m2/repository/org/springframework/data/spring-data-jpa/1.10.1.RELEASE/spring-data-jpa-1.10.1.RELEASE.jar!/org/springframework/data/jpa/repository/support/Querydsl.class], URL [jar:file:/Users/xk1020/.m2/repository/org/springframework/data/spring-data-jpa/1.10.1.RELEASE/spring-data-jpa-1.10.1.RELEASE.jar!/org/springframework/data/jpa/repository/support/QueryDslJpaRepository.class], URL [jar:file:/Users/xk1020/.m2/repository/org/springframework/data/spring-data-jpa/1.10.1.RELEASE/spring-data-jpa-1.10.1.RELEASE.jar!/org/springframework/data/jpa/repository/support/QueryDslRepositorySupport.class], URL [jar:file:/Users/xk1020/.m2/repository/org/springframework/data/spring-data-jpa/1.10.1.RELEASE/spring-data-jpa-1.10.1.RELEASE.jar!/org/springframework/data/jpa/repository/support/SimpleJpaRepository$ByIdsSpecification.class], URL [jar:file:/Users/xk1020/.m2/repository/org/springframework/data/spring-data-jpa/1.10.1.RELEASE/spring-data-jpa-1.10.1.RELEASE.jar!/org/springframework/data/jpa/repository/support/SimpleJpaRepository$ExampleSpecification.class], URL [jar:file:/Users/xk1020/.m2/repository/org/springframework/data/spring-data-jpa/1.10.1.RELEASE/spring-data-jpa-1.10.1.RELEASE.jar!/org/springframework/data/jpa/repository/support/SimpleJpaRepository.class], URL [jar:file:/Users/xk1020/.m2/repository/org/springframework/data/spring-data-commons/1.12.1.RELEASE/spring-data-commons-1.12.1.RELEASE.jar!/org/springframework/data/repository/support/AnnotationAttribute.class], URL [jar:file:/Users/xk1020/.m2/repository/org/springframework/data/spring-data-commons/1.12.1.RELEASE/spring-data-commons-1.12.1.RELEASE.jar!/org/springframework/data/repository/support/CrudRepositoryInvoker.class], URL [jar:file:/Users/xk1020/.m2/repository/org/springframework/data/spring-data-commons/1.12.1.RELEASE/spring-data-commons-1.12.1.RELEASE.jar!/org/springframework/data/repository/support/DefaultRepositoryInvokerFactory.class], URL [jar:file:/Users/xk1020/.m2/repository/org/springframework/data/spring-data-commons/1.12.1.RELEASE/spring-data-commons-1.12.1.RELEASE.jar!/org/springframework/data/repository/support/DomainClassConverter$1.class], URL [jar:file:/Users/xk1020/.m2/repository/org/springframework/data/spring-data-commons/1.12.1.RELEASE/spring-data-commons-1.12.1.RELEASE.jar!/org/springframework/data/repository/support/DomainClassConverter$ConversionMatchAbbreviationException.class], URL [jar:file:/Users/xk1020/.m2/repository/org/springframework/data/spring-data-commons/1.12.1.RELEASE/spring-data-commons-1.12.1.RELEASE.jar!/org/springframework/data/repository/support/DomainClassConverter$ToEntityConverter.class], URL [jar:file:/Users/xk1020/.m2/repository/org/springframework/data/spring-data-commons/1.12.1.RELEASE/spring-data-commons-1.12.1.RELEASE.jar!/org/springframework/data/repository/support/DomainClassConverter$ToIdConverter.class], URL [jar:file:/Users/xk1020/.m2/repository/org/springframework/data/spring-data-commons/1.12.1.RELEASE/spring-data-commons-1.12.1.RELEASE.jar!/org/springframework/data/repository/support/DomainClassConverter.class], URL [jar:file:/Users/xk1020/.m2/repository/org/springframework/data/spring-data-commons/1.12.1.RELEASE/spring-data-commons-1.12.1.RELEASE.jar!/org/springframework/data/repository/support/DomainClassPropertyEditor.class], URL [jar:file:/Users/xk1020/.m2/repository/org/springframework/data/spring-data-commons/1.12.1.RELEASE/spring-data-commons-1.12.1.RELEASE.jar!/org/springframework/data/repository/support/DomainClassPropertyEditorRegistrar.class], URL [jar:file:/Users/xk1020/.m2/repository/org/springframework/data/spring-data-commons/1.12.1.RELEASE/spring-data-commons-1.12.1.RELEASE.jar!/org/springframework/data/repository/support/MethodParameters$AnnotationNamingMethodParameter.class], URL [jar:file:/Users/xk1020/.m2/repository/org/springframework/data/spring-data-commons/1.12.1.RELEASE/spring-data-commons-1.12.1.RELEASE.jar!/org/springframework/data/repository/support/MethodParameters.class], URL [jar:file:/Users/xk1020/.m2/repository/org/springframework/data/spring-data-commons/1.12.1.RELEASE/spring-data-commons-1.12.1.RELEASE.jar!/org/springframework/data/repository/support/PagingAndSortingRepositoryInvoker.class], URL [jar:file:/Users/xk1020/.m2/repository/org/springframework/data/spring-data-commons/1.12.1.RELEASE/spring-data-commons-1.12.1.RELEASE.jar!/org/springframework/data/repository/support/QueryMethodParameterConversionException.class], URL [jar:file:/Users/xk1020/.m2/repository/org/springframework/data/spring-data-commons/1.12.1.RELEASE/spring-data-commons-1.12.1.RELEASE.jar!/org/springframework/data/repository/support/ReflectionRepositoryInvoker.class], URL [jar:file:/Users/xk1020/.m2/repository/org/springframework/data/spring-data-commons/1.12.1.RELEASE/spring-data-commons-1.12.1.RELEASE.jar!/org/springframework/data/repository/support/Repositories$EmptyRepositoryFactoryInformation.class], URL [jar:file:/Users/xk1020/.m2/repository/org/springframework/data/spring-data-commons/1.12.1.RELEASE/spring-data-commons-1.12.1.RELEASE.jar!/org/springframework/data/repository/support/Repositories.class], URL [jar:file:/Users/xk1020/.m2/repository/org/springframework/data/spring-data-commons/1.12.1.RELEASE/spring-data-commons-1.12.1.RELEASE.jar!/org/springframework/data/repository/support/RepositoryInvocationInformation.class], URL [jar:file:/Users/xk1020/.m2/repository/org/springframework/data/spring-data-commons/1.12.1.RELEASE/spring-data-commons-1.12.1.RELEASE.jar!/org/springframework/data/repository/support/RepositoryInvoker.class], URL [jar:file:/Users/xk1020/.m2/repository/org/springframework/data/spring-data-commons/1.12.1.RELEASE/spring-data-commons-1.12.1.RELEASE.jar!/org/springframework/data/repository/support/RepositoryInvokerFactory.class]]]
[2018-07-02 21:44:25.898] -- [TRACE] -- [main &gt;&gt;&gt;&gt; ClassPathScanningCandidateComponentProvider.java:275 &gt;&gt;&gt;&gt; Method = findCandidateComponents] -- [Content = Scanning URL [jar:file:/Users/xk1020/.m2/repository/org/springframework/data/spring-data-jpa/1.10.1.RELEASE/spring-data-jpa-1.10.1.RELEASE.jar!/org/springframework/data/jpa/repository/support/CrudMethodMetadata.class]]
[2018-07-02 21:44:25.898] -- [TRACE] -- [main &gt;&gt;&gt;&gt; ClassPathScanningCandidateComponentProvider.java:298 &gt;&gt;&gt;&gt; Method = findCandidateComponents] -- [Content = Ignored because not matching any filter: URL [jar:file:/Users/xk1020/.m2/repository/org/springframework/data/spring-data-jpa/1.10.1.RELEASE/spring-data-jpa-1.10.1.RELEASE.jar!/org/springframework/data/jpa/repository/support/CrudMethodMetadata.class]]
[2018-07-02 21:44:25.898] -- [TRACE] -- [main &gt;&gt;&gt;&gt; ClassPathScanningCandidateComponentProvider.java:275 &gt;&gt;&gt;&gt; Method = findCandidateComponents] -- [Content = Scanning URL [jar:file:/Users/xk1020/.m2/repository/org/springframework/data/spring-data-jpa/1.10.1.RELEASE/spring-data-jpa-1.10.1.RELEASE.jar!/org/springframework/data/jpa/repository/support/CrudMethodMetadataPostProcessor$1.class]]
[2018-07-02 21:44:25.899] -- [TRACE] -- [main &gt;&gt;&gt;&gt; ClassPathScanningCandidateComponentProvider.java:298 &gt;&gt;&gt;&gt; Method = findCandidateComponents] -- [Content = Ignored because not matching any filter: URL [jar:file:/Users/xk1020/.m2/repository/org/springframework/data/spring-data-jpa/1.10.1.RELEASE/spring-data-jpa-1.10.1.RELEASE.jar!/org/springframework/data/jpa/repository/support/CrudMethodMetadataPostProcessor$1.class]]
[2018-07-02 21:44:25.899] -- [TRACE] -- [main &gt;&gt;&gt;&gt; ClassPathScanningCandidateComponentProvider.java:275 &gt;&gt;&gt;&gt; Method = findCandidateComponents] -- [Content = Scanning URL [jar:file:/Users/xk1020/.m2/repository/org/springframework/data/spring-data-jpa/1.10.1.RELEASE/spring-data-jpa-1.10.1.RELEASE.jar!/org/springframework/data/jpa/repository/support/CrudMethodMetadataPostProcessor$CrudMethodMetadataPopulatingMethodInterceptor.class]]
[2018-07-02 21:44:25.900] -- [TRACE] -- [main &gt;&gt;&gt;&gt; ClassPathScanningCandidateComponentProvider.java:298 &gt;&gt;&gt;&gt; Method = findCandidateComponents] -- [Content = Ignored because not matching any filter: URL [jar:file:/Users/xk1020/.m2/repository/org/springframework/data/spring-data-jpa/1.10.1.RELEASE/spring-data-jpa-1.10.1.RELEASE.jar!/org/springframework/data/jpa/repository/support/CrudMethodMetadataPostProcessor$CrudMethodMetadataPopulatingMethodInterceptor.class]]
[2018-07-02 21:44:25.900] -- [TRACE] -- [main &gt;&gt;&gt;&gt; ClassPathScanningCandidateComponentProvider.java:275 &gt;&gt;&gt;&gt; Method = findCandidateComponents] -- [Content = Scanning URL [jar:file:/Users/xk1020/.m2/repository/org/springframework/data/spring-data-jpa/1.10.1.RELEASE/spring-data-jpa-1.10.1.RELEASE.jar!/org/springframework/data/jpa/repository/support/CrudMethodMetadataPostProcessor$DefaultCrudMethodMetadata.class]]
[2018-07-02 21:44:25.901] -- [TRACE] -- [main &gt;&gt;&gt;&gt; ClassPathScanningCandidateComponentProvider.java:298 &gt;&gt;&gt;&gt; Method = findCandidateComponents] -- [Content = Ignored because not matching any filter: URL [jar:file:/Users/xk1020/.m2/repository/org/springframework/data/spring-data-jpa/1.10.1.RELEASE/spring-data-jpa-1.10.1.RELEASE.jar!/org/springframework/data/jpa/repository/support/CrudMethodMetadataPostProcessor$DefaultCrudMethodMetadata.class]]
[2018-07-02 21:44:25.901] -- [TRACE] -- [main &gt;&gt;&gt;&gt; ClassPathScanningCandidateComponentProvider.java:275 &gt;&gt;&gt;&gt; Method = findCandidateComponents] -- [Content = Scanning URL [jar:file:/Users/xk1020/.m2/repository/org/springframework/data/spring-data-jpa/1.10.1.RELEASE/spring-data-jpa-1.10.1.RELEASE.jar!/org/springframework/data/jpa/repository/support/CrudMethodMetadataPostProcessor$ThreadBoundTargetSource.class]]
[2018-07-02 21:44:25.902] -- [TRACE] -- [main &gt;&gt;&gt;&gt; ClassPathScanningCandidateComponentProvider.java:298 &gt;&gt;&gt;&gt; Method = findCandidateComponents] -- [Content = Ignored because not matching any filter: URL [jar:file:/Users/xk1020/.m2/repository/org/springframework/data/spring-data-jpa/1.10.1.RELEASE/spring-data-jpa-1.10.1.RELEASE.jar!/org/springframework/data/jpa/repository/support/CrudMethodMetadataPostProcessor$ThreadBoundTargetSource.class]]
[2018-07-02 21:44:25.902] -- [TRACE] -- [main &gt;&gt;&gt;&gt; ClassPathScanningCandidateComponentProvider.java:275 &gt;&gt;&gt;&gt; Method = findCandidateComponents] -- [Content = Scanning URL [jar:file:/Users/xk1020/.m2/repository/org/springframework/data/spring-data-jpa/1.10.1.RELEASE/spring-data-jpa-1.10.1.RELEASE.jar!/org/springframework/data/jpa/repository/support/CrudMethodMetadataPostProcessor.class]]
[2018-07-02 21:44:25.904] -- [TRACE] -- [main &gt;&gt;&gt;&gt; ClassPathScanningCandidateComponentProvider.java:298 &gt;&gt;&gt;&gt; Method = findCandidateComponents] -- [Content = Ignored because not matching any filter: URL [jar:file:/Users/xk1020/.m2/repository/org/springframework/data/spring-data-jpa/1.10.1.RELEASE/spring-data-jpa-1.10.1.RELEASE.jar!/org/springframework/data/jpa/repository/support/CrudMethodMetadataPostProcessor.class]]
[2018-07-02 21:44:25.904] -- [TRACE] -- [main &gt;&gt;&gt;&gt; ClassPathScanningCandidateComponentProvider.java:275 &gt;&gt;&gt;&gt; Method = findCandidateComponents] -- [Content = Scanning URL [jar:file:/Users/xk1020/.m2/repository/org/springframework/data/spring-data-jpa/1.10.1.RELEASE/spring-data-jpa-1.10.1.RELEASE.jar!/org/springframework/data/jpa/repository/support/DefaultJpaContext.class]]
[2018-07-02 21:44:25.904] -- [TRACE] -- [main &gt;&gt;&gt;&gt; ClassPathScanningCandidateComponentProvider.java:298 &gt;&gt;&gt;&gt; Method = findCandidateComponents] -- [Content = Ignored because not matching any filter: URL [jar:file:/Users/xk1020/.m2/repository/org/springframework/data/spring-data-jpa/1.10.1.RELEASE/spring-data-jpa-1.10.1.RELEASE.jar!/org/springframework/data/jpa/repository/support/DefaultJpaContext.class]]
[2018-07-02 21:44:25.905] -- [TRACE] -- [main &gt;&gt;&gt;&gt; ClassPathScanningCandidateComponentProvider.java:275 &gt;&gt;&gt;&gt; Method = findCandidateComponents] -- [Content = Scanning URL [jar:file:/Users/xk1020/.m2/repository/org/springframework/data/spring-data-jpa/1.10.1.RELEASE/spring-data-jpa-1.10.1.RELEASE.jar!/org/springframework/data/jpa/repository/support/EntityManagerBeanDefinitionRegistrarPostProcessor.class]]
[2018-07-02 21:44:25.905] -- [TRACE] -- [main &gt;&gt;&gt;&gt; ClassPathScanningCandidateComponentProvider.java:298 &gt;&gt;&gt;&gt; Method = findCandidateComponents] -- [Content = Ignored because not matching any filter: URL [jar:file:/Users/xk1020/.m2/repository/org/springframework/data/spring-data-jpa/1.10.1.RELEASE/spring-data-jpa-1.10.1.RELEASE.jar!/org/springframework/data/jpa/repository/support/EntityManagerBeanDefinitionRegistrarPostProcessor.class]]
[2018-07-02 21:44:25.906] -- [TRACE] -- [main &gt;&gt;&gt;&gt; ClassPathScanningCandidateComponentProvider.java:275 &gt;&gt;&gt;&gt; Method = findCandidateComponents] -- [Content = Scanning URL [jar:file:/Users/xk1020/.m2/repository/org/springframework/data/spring-data-jpa/1.10.1.RELEASE/spring-data-jpa-1.10.1.RELEASE.jar!/org/springframework/data/jpa/repository/support/JpaEntityInformation.class]]
[2018-07-02 21:44:25.907] -- [TRACE] -- [main &gt;&gt;&gt;&gt; ClassPathScanningCandidateComponentProvider.java:298 &gt;&gt;&gt;&gt; Method = findCandidateComponents] -- [Content = Ignored because not matching any filter: URL [jar:file:/Users/xk1020/.m2/repository/org/springframework/data/spring-data-jpa/1.10.1.RELEASE/spring-data-jpa-1.10.1.RELEASE.jar!/org/springframework/data/jpa/repository/support/JpaEntityInformation.class]]
[2018-07-02 21:44:25.907] -- [TRACE] -- [main &gt;&gt;&gt;&gt; ClassPathScanningCandidateComponentProvider.java:275 &gt;&gt;&gt;&gt; Method = findCandidateComponents] -- [Content = Scanning URL [jar:file:/Users/xk1020/.m2/repository/org/springframework/data/spring-data-jpa/1.10.1.RELEASE/spring-data-jpa-1.10.1.RELEASE.jar!/org/springframework/data/jpa/repository/support/JpaEntityInformationSupport.class]]
[2018-07-02 21:44:25.908] -- [TRACE] -- [main &gt;&gt;&gt;&gt; ClassPathScanningCandidateComponentProvider.java:298 &gt;&gt;&gt;&gt; Method = findCandidateComponents] -- [Content = Ignored because not matching any filter: URL [jar:file:/Users/xk1020/.m2/repository/org/springframework/data/spring-data-jpa/1.10.1.RELEASE/spring-data-jpa-1.10.1.RELEASE.jar!/org/springframework/data/jpa/repository/support/JpaEntityInformationSupport.class]]
[2018-07-02 21:44:25.909] -- [TRACE] -- [main &gt;&gt;&gt;&gt; ClassPathScanningCandidateComponentProvider.java:275 &gt;&gt;&gt;&gt; Method = findCandidateComponents] -- [Content = Scanning URL [jar:file:/Users/xk1020/.m2/repository/org/springframework/data/spring-data-jpa/1.10.1.RELEASE/spring-data-jpa-1.10.1.RELEASE.jar!/org/springframework/data/jpa/repository/support/JpaMetamodelEntityInformation$IdentifierDerivingDirectFieldAccessFallbackBeanWrapper.class]]
[2018-07-02 21:44:25.912] -- [TRACE] -- [main &gt;&gt;&gt;&gt; ClassPathScanningCandidateComponentProvider.java:298 &gt;&gt;&gt;&gt; Method = findCandidateComponents] -- [Content = Ignored because not matching any filter: URL [jar:file:/Users/xk1020/.m2/repository/org/springframework/data/spring-data-jpa/1.10.1.RELEASE/spring-data-jpa-1.10.1.RELEASE.jar!/org/springframework/data/jpa/repository/support/JpaMetamodelEntityInformation$IdentifierDerivingDirectFieldAccessFallbackBeanWrapper.class]]
[2018-07-02 21:44:25.913] -- [TRACE] -- [main &gt;&gt;&gt;&gt; ClassPathScanningCandidateComponentProvider.java:275 &gt;&gt;&gt;&gt; Method = findCandidateComponents] -- [Content = Scanning URL [jar:file:/Users/xk1020/.m2/repository/org/springframework/data/spring-data-jpa/1.10.1.RELEASE/spring-data-jpa-1.10.1.RELEASE.jar!/org/springframework/data/jpa/repository/support/JpaMetamodelEntityInformation$IdMetadata.class]]
[2018-07-02 21:44:25.913] -- [TRACE] -- [main &gt;&gt;&gt;&gt; ClassPathScanningCandidateComponentProvider.java:298 &gt;&gt;&gt;&gt; Method = findCandidateComponents] -- [Content = Ignored because not matching any filter: URL [jar:file:/Users/xk1020/.m2/repository/org/springframework/data/spring-data-jpa/1.10.1.RELEASE/spring-data-jpa-1.10.1.RELEASE.jar!/org/springframework/data/jpa/repository/support/JpaMetamodelEntityInformation$IdMetadata.class]]
[2018-07-02 21:44:25.913] -- [TRACE] -- [main &gt;&gt;&gt;&gt; ClassPathScanningCandidateComponentProvider.java:275 &gt;&gt;&gt;&gt; Method = findCandidateComponents] -- [Content = Scanning URL [jar:file:/Users/xk1020/.m2/repository/org/springframework/data/spring-data-jpa/1.10.1.RELEASE/spring-data-jpa-1.10.1.RELEASE.jar!/org/springframework/data/jpa/repository/support/JpaMetamodelEntityInformation.class]]
[2018-07-02 21:44:25.915] -- [TRACE] -- [main &gt;&gt;&gt;&gt; ClassPathScanningCandidateComponentProvider.java:298 &gt;&gt;&gt;&gt; Method = findCandidateComponents] -- [Content = Ignored because not matching any filter: URL [jar:file:/Users/xk1020/.m2/repository/org/springframework/data/spring-data-jpa/1.10.1.RELEASE/spring-data-jpa-1.10.1.RELEASE.jar!/org/springframework/data/jpa/repository/support/JpaMetamodelEntityInformation.class]]
[2018-07-02 21:44:25.915] -- [TRACE] -- [main &gt;&gt;&gt;&gt; ClassPathScanningCandidateComponentProvider.java:275 &gt;&gt;&gt;&gt; Method = findCandidateComponents] -- [Content = Scanning URL [jar:file:/Users/xk1020/.m2/repository/org/springframework/data/spring-data-jpa/1.10.1.RELEASE/spring-data-jpa-1.10.1.RELEASE.jar!/org/springframework/data/jpa/repository/support/JpaPersistableEntityInformation.class]]
[2018-07-02 21:44:25.916] -- [TRACE] -- [main &gt;&gt;&gt;&gt; ClassPathScanningCandidateComponentProvider.java:298 &gt;&gt;&gt;&gt; Method = findCandidateComponents] -- [Content = Ignored because not matching any filter: URL [jar:file:/Users/xk1020/.m2/repository/org/springframework/data/spring-data-jpa/1.10.1.RELEASE/spring-data-jpa-1.10.1.RELEASE.jar!/org/springframework/data/jpa/repository/support/JpaPersistableEntityInformation.class]]
[2018-07-02 21:44:25.917] -- [TRACE] -- [main &gt;&gt;&gt;&gt; ClassPathScanningCandidateComponentProvider.java:275 &gt;&gt;&gt;&gt; Method = findCandidateComponents] -- [Content = Scanning URL [jar:file:/Users/xk1020/.m2/repository/org/springframework/data/spring-data-jpa/1.10.1.RELEASE/spring-data-jpa-1.10.1.RELEASE.jar!/org/springframework/data/jpa/repository/support/JpaRepositoryFactory.class]]
[2018-07-02 21:44:25.917] -- [DEBUG] -- [main &gt;&gt;&gt;&gt; ClassPathScanningCandidateComponentProvider.java:286 &gt;&gt;&gt;&gt; Method = findCandidateComponents] -- [Content = Identified candidate component class: URL [jar:file:/Users/xk1020/.m2/repository/org/springframework/data/spring-data-jpa/1.10.1.RELEASE/spring-data-jpa-1.10.1.RELEASE.jar!/org/springframework/data/jpa/repository/support/JpaRepositoryFactory.class]]
[2018-07-02 21:44:25.917] -- [TRACE] -- [main &gt;&gt;&gt;&gt; ClassPathScanningCandidateComponentProvider.java:275 &gt;&gt;&gt;&gt; Method = findCandidateComponents] -- [Content = Scanning URL [jar:file:/Users/xk1020/.m2/repository/org/springframework/data/spring-data-jpa/1.10.1.RELEASE/spring-data-jpa-1.10.1.RELEASE.jar!/org/springframework/data/jpa/repository/support/JpaRepositoryFactoryBean.class]]
[2018-07-02 21:44:25.920] -- [TRACE] -- [main &gt;&gt;&gt;&gt; ClassPathScanningCandidateComponentProvider.java:298 &gt;&gt;&gt;&gt; Method = findCandidateComponents] -- [Content = Ignored because not matching any filter: URL [jar:file:/Users/xk1020/.m2/repository/org/springframework/data/spring-data-jpa/1.10.1.RELEASE/spring-data-jpa-1.10.1.RELEASE.jar!/org/springframework/data/jpa/repository/support/JpaRepositoryFactoryBean.class]]
[2018-07-02 21:44:25.920] -- [TRACE] -- [main &gt;&gt;&gt;&gt; ClassPathScanningCandidateComponentProvider.java:275 &gt;&gt;&gt;&gt; Method = findCandidateComponents] -- [Content = Scanning URL [jar:file:/Users/xk1020/.m2/repository/org/springframework/data/spring-data-jpa/1.10.1.RELEASE/spring-data-jpa-1.10.1.RELEASE.jar!/org/springframework/data/jpa/repository/support/Querydsl$1.class]]
[2018-07-02 21:44:25.920] -- [TRACE] -- [main &gt;&gt;&gt;&gt; ClassPathScanningCandidateComponentProvider.java:298 &gt;&gt;&gt;&gt; Method = findCandidateComponents] -- [Content = Ignored because not matching any filter: URL [jar:file:/Users/xk1020/.m2/repository/org/springframework/data/spring-data-jpa/1.10.1.RELEASE/spring-data-jpa-1.10.1.RELEASE.jar!/org/springframework/data/jpa/repository/support/Querydsl$1.class]]
[2018-07-02 21:44:25.921] -- [TRACE] -- [main &gt;&gt;&gt;&gt; ClassPathScanningCandidateComponentProvider.java:275 &gt;&gt;&gt;&gt; Method = findCandidateComponents] -- [Content = Scanning URL [jar:file:/Users/xk1020/.m2/repository/org/springframework/data/spring-data-jpa/1.10.1.RELEASE/spring-data-jpa-1.10.1.RELEASE.jar!/org/springframework/data/jpa/repository/support/Querydsl.class]]
[2018-07-02 21:44:25.921] -- [TRACE] -- [main &gt;&gt;&gt;&gt; ClassPathScanningCandidateComponentProvider.java:298 &gt;&gt;&gt;&gt; Method = findCandidateComponents] -- [Content = Ignored because not matching any filter: URL [jar:file:/Users/xk1020/.m2/repository/org/springframework/data/spring-data-jpa/1.10.1.RELEASE/spring-data-jpa-1.10.1.RELEASE.jar!/org/springframework/data/jpa/repository/support/Querydsl.class]]
[2018-07-02 21:44:25.921] -- [TRACE] -- [main &gt;&gt;&gt;&gt; ClassPathScanningCandidateComponentProvider.java:275 &gt;&gt;&gt;&gt; Method = findCandidateComponents] -- [Content = Scanning URL [jar:file:/Users/xk1020/.m2/repository/org/springframework/data/spring-data-jpa/1.10.1.RELEASE/spring-data-jpa-1.10.1.RELEASE.jar!/org/springframework/data/jpa/repository/support/QueryDslJpaRepository.class]]
[2018-07-02 21:44:25.925] -- [TRACE] -- [main &gt;&gt;&gt;&gt; ClassPathScanningCandidateComponentProvider.java:298 &gt;&gt;&gt;&gt; Method = findCandidateComponents] -- [Content = Ignored because not matching any filter: URL [jar:file:/Users/xk1020/.m2/repository/org/springframework/data/spring-data-jpa/1.10.1.RELEASE/spring-data-jpa-1.10.1.RELEASE.jar!/org/springframework/data/jpa/repository/support/QueryDslJpaRepository.class]]
[2018-07-02 21:44:25.926] -- [TRACE] -- [main &gt;&gt;&gt;&gt; ClassPathScanningCandidateComponentProvider.java:275 &gt;&gt;&gt;&gt; Method = findCandidateComponents] -- [Content = Scanning URL [jar:file:/Users/xk1020/.m2/repository/org/springframework/data/spring-data-jpa/1.10.1.RELEASE/spring-data-jpa-1.10.1.RELEASE.jar!/org/springframework/data/jpa/repository/support/QueryDslRepositorySupport.class]]
[2018-07-02 21:44:25.926] -- [TRACE] -- [main &gt;&gt;&gt;&gt; ClassPathScanningCandidateComponentProvider.java:298 &gt;&gt;&gt;&gt; Method = findCandidateComponents] -- [Content = Ignored because not matching any filter: URL [jar:file:/Users/xk1020/.m2/repository/org/springframework/data/spring-data-jpa/1.10.1.RELEASE/spring-data-jpa-1.10.1.RELEASE.jar!/org/springframework/data/jpa/repository/support/QueryDslRepositorySupport.class]]
[2018-07-02 21:44:25.927] -- [TRACE] -- [main &gt;&gt;&gt;&gt; ClassPathScanningCandidateComponentProvider.java:275 &gt;&gt;&gt;&gt; Method = findCandidateComponents] -- [Content = Scanning URL [jar:file:/Users/xk1020/.m2/repository/org/springframework/data/spring-data-jpa/1.10.1.RELEASE/spring-data-jpa-1.10.1.RELEASE.jar!/org/springframework/data/jpa/repository/support/SimpleJpaRepository$ByIdsSpecification.class]]
[2018-07-02 21:44:25.928] -- [TRACE] -- [main &gt;&gt;&gt;&gt; ClassPathScanningCandidateComponentProvider.java:298 &gt;&gt;&gt;&gt; Method = findCandidateComponents] -- [Content = Ignored because not matching any filter: URL [jar:file:/Users/xk1020/.m2/repository/org/springframework/data/spring-data-jpa/1.10.1.RELEASE/spring-data-jpa-1.10.1.RELEASE.jar!/org/springframework/data/jpa/repository/support/SimpleJpaRepository$ByIdsSpecification.class]]
[2018-07-02 21:44:25.928] -- [TRACE] -- [main &gt;&gt;&gt;&gt; ClassPathScanningCandidateComponentProvider.java:275 &gt;&gt;&gt;&gt; Method = findCandidateComponents] -- [Content = Scanning URL [jar:file:/Users/xk1020/.m2/repository/org/springframework/data/spring-data-jpa/1.10.1.RELEASE/spring-data-jpa-1.10.1.RELEASE.jar!/org/springframework/data/jpa/repository/support/SimpleJpaRepository$ExampleSpecification.class]]
[2018-07-02 21:44:25.929] -- [TRACE] -- [main &gt;&gt;&gt;&gt; ClassPathScanningCandidateComponentProvider.java:298 &gt;&gt;&gt;&gt; Method = findCandidateComponents] -- [Content = Ignored because not matching any filter: URL [jar:file:/Users/xk1020/.m2/repository/org/springframework/data/spring-data-jpa/1.10.1.RELEASE/spring-data-jpa-1.10.1.RELEASE.jar!/org/springframework/data/jpa/repository/support/SimpleJpaRepository$ExampleSpecification.class]]
[2018-07-02 21:44:25.929] -- [TRACE] -- [main &gt;&gt;&gt;&gt; ClassPathScanningCandidateComponentProvider.java:275 &gt;&gt;&gt;&gt; Method = findCandidateComponents] -- [Content = Scanning URL [jar:file:/Users/xk1020/.m2/repository/org/springframework/data/spring-data-jpa/1.10.1.RELEASE/spring-data-jpa-1.10.1.RELEASE.jar!/org/springframework/data/jpa/repository/support/SimpleJpaRepository.class]]
[2018-07-02 21:44:25.931] -- [TRACE] -- [main &gt;&gt;&gt;&gt; ClassPathScanningCandidateComponentProvider.java:298 &gt;&gt;&gt;&gt; Method = findCandidateComponents] -- [Content = Ignored because not matching any filter: URL [jar:file:/Users/xk1020/.m2/repository/org/springframework/data/spring-data-jpa/1.10.1.RELEASE/spring-data-jpa-1.10.1.RELEASE.jar!/org/springframework/data/jpa/repository/support/SimpleJpaRepository.class]]
[2018-07-02 21:44:25.932] -- [TRACE] -- [main &gt;&gt;&gt;&gt; ClassPathScanningCandidateComponentProvider.java:275 &gt;&gt;&gt;&gt; Method = findCandidateComponents] -- [Content = Scanning URL [jar:file:/Users/xk1020/.m2/repository/org/springframework/data/spring-data-commons/1.12.1.RELEASE/spring-data-commons-1.12.1.RELEASE.jar!/org/springframework/data/repository/support/AnnotationAttribute.class]]
[2018-07-02 21:44:25.934] -- [TRACE] -- [main &gt;&gt;&gt;&gt; ClassPathScanningCandidateComponentProvider.java:298 &gt;&gt;&gt;&gt; Method = findCandidateComponents] -- [Content = Ignored because not matching any filter: URL [jar:file:/Users/xk1020/.m2/repository/org/springframework/data/spring-data-commons/1.12.1.RELEASE/spring-data-commons-1.12.1.RELEASE.jar!/org/springframework/data/repository/support/AnnotationAttribute.class]]
[2018-07-02 21:44:25.934] -- [TRACE] -- [main &gt;&gt;&gt;&gt; ClassPathScanningCandidateComponentProvider.java:275 &gt;&gt;&gt;&gt; Method = findCandidateComponents] -- [Content = Scanning URL [jar:file:/Users/xk1020/.m2/repository/org/springframework/data/spring-data-commons/1.12.1.RELEASE/spring-data-commons-1.12.1.RELEASE.jar!/org/springframework/data/repository/support/CrudRepositoryInvoker.class]]
[2018-07-02 21:44:25.935] -- [TRACE] -- [main &gt;&gt;&gt;&gt; ClassPathScanningCandidateComponentProvider.java:298 &gt;&gt;&gt;&gt; Method = findCandidateComponents] -- [Content = Ignored because not matching any filter: URL [jar:file:/Users/xk1020/.m2/repository/org/springframework/data/spring-data-commons/1.12.1.RELEASE/spring-data-commons-1.12.1.RELEASE.jar!/org/springframework/data/repository/support/CrudRepositoryInvoker.class]]
[2018-07-02 21:44:25.936] -- [TRACE] -- [main &gt;&gt;&gt;&gt; ClassPathScanningCandidateComponentProvider.java:275 &gt;&gt;&gt;&gt; Method = findCandidateComponents] -- [Content = Scanning URL [jar:file:/Users/xk1020/.m2/repository/org/springframework/data/spring-data-commons/1.12.1.RELEASE/spring-data-commons-1.12.1.RELEASE.jar!/org/springframework/data/repository/support/DefaultRepositoryInvokerFactory.class]]
[2018-07-02 21:44:25.936] -- [TRACE] -- [main &gt;&gt;&gt;&gt; ClassPathScanningCandidateComponentProvider.java:298 &gt;&gt;&gt;&gt; Method = findCandidateComponents] -- [Content = Ignored because not matching any filter: URL [jar:file:/Users/xk1020/.m2/repository/org/springframework/data/spring-data-commons/1.12.1.RELEASE/spring-data-commons-1.12.1.RELEASE.jar!/org/springframework/data/repository/support/DefaultRepositoryInvokerFactory.class]]
[2018-07-02 21:44:25.937] -- [TRACE] -- [main &gt;&gt;&gt;&gt; ClassPathScanningCandidateComponentProvider.java:275 &gt;&gt;&gt;&gt; Method = findCandidateComponents] -- [Content = Scanning URL [jar:file:/Users/xk1020/.m2/repository/org/springframework/data/spring-data-commons/1.12.1.RELEASE/spring-data-commons-1.12.1.RELEASE.jar!/org/springframework/data/repository/support/DomainClassConverter$1.class]]
[2018-07-02 21:44:25.937] -- [TRACE] -- [main &gt;&gt;&gt;&gt; ClassPathScanningCandidateComponentProvider.java:298 &gt;&gt;&gt;&gt; Method = findCandidateComponents] -- [Content = Ignored because not matching any filter: URL [jar:file:/Users/xk1020/.m2/repository/org/springframework/data/spring-data-commons/1.12.1.RELEASE/spring-data-commons-1.12.1.RELEASE.jar!/org/springframework/data/repository/support/DomainClassConverter$1.class]]
[2018-07-02 21:44:25.937] -- [TRACE] -- [main &gt;&gt;&gt;&gt; ClassPathScanningCandidateComponentProvider.java:275 &gt;&gt;&gt;&gt; Method = findCandidateComponents] -- [Content = Scanning URL [jar:file:/Users/xk1020/.m2/repository/org/springframework/data/spring-data-commons/1.12.1.RELEASE/spring-data-commons-1.12.1.RELEASE.jar!/org/springframework/data/repository/support/DomainClassConverter$ConversionMatchAbbreviationException.class]]
[2018-07-02 21:44:25.938] -- [TRACE] -- [main &gt;&gt;&gt;&gt; ClassPathScanningCandidateComponentProvider.java:298 &gt;&gt;&gt;&gt; Method = findCandidateComponents] -- [Content = Ignored because not matching any filter: URL [jar:file:/Users/xk1020/.m2/repository/org/springframework/data/spring-data-commons/1.12.1.RELEASE/spring-data-commons-1.12.1.RELEASE.jar!/org/springframework/data/repository/support/DomainClassConverter$ConversionMatchAbbreviationException.class]]
[2018-07-02 21:44:25.938] -- [TRACE] -- [main &gt;&gt;&gt;&gt; ClassPathScanningCandidateComponentProvider.java:275 &gt;&gt;&gt;&gt; Method = findCandidateComponents] -- [Content = Scanning URL [jar:file:/Users/xk1020/.m2/repository/org/springframework/data/spring-data-commons/1.12.1.RELEASE/spring-data-commons-1.12.1.RELEASE.jar!/org/springframework/data/repository/support/DomainClassConverter$ToEntityConverter.class]]
[2018-07-02 21:44:25.939] -- [TRACE] -- [main &gt;&gt;&gt;&gt; ClassPathScanningCandidateComponentProvider.java:298 &gt;&gt;&gt;&gt; Method = findCandidateComponents] -- [Content = Ignored because not matching any filter: URL [jar:file:/Users/xk1020/.m2/repository/org/springframework/data/spring-data-commons/1.12.1.RELEASE/spring-data-commons-1.12.1.RELEASE.jar!/org/springframework/data/repository/support/DomainClassConverter$ToEntityConverter.class]]
[2018-07-02 21:44:25.939] -- [TRACE] -- [main &gt;&gt;&gt;&gt; ClassPathScanningCandidateComponentProvider.java:275 &gt;&gt;&gt;&gt; Method = findCandidateComponents] -- [Content = Scanning URL [jar:file:/Users/xk1020/.m2/repository/org/springframework/data/spring-data-commons/1.12.1.RELEASE/spring-data-commons-1.12.1.RELEASE.jar!/org/springframework/data/repository/support/DomainClassConverter$ToIdConverter.class]]
[2018-07-02 21:44:25.940] -- [TRACE] -- [main &gt;&gt;&gt;&gt; ClassPathScanningCandidateComponentProvider.java:298 &gt;&gt;&gt;&gt; Method = findCandidateComponents] -- [Content = Ignored because not matching any filter: URL [jar:file:/Users/xk1020/.m2/repository/org/springframework/data/spring-data-commons/1.12.1.RELEASE/spring-data-commons-1.12.1.RELEASE.jar!/org/springframework/data/repository/support/DomainClassConverter$ToIdConverter.class]]
[2018-07-02 21:44:25.940] -- [TRACE] -- [main &gt;&gt;&gt;&gt; ClassPathScanningCandidateComponentProvider.java:275 &gt;&gt;&gt;&gt; Method = findCandidateComponents] -- [Content = Scanning URL [jar:file:/Users/xk1020/.m2/repository/org/springframework/data/spring-data-commons/1.12.1.RELEASE/spring-data-commons-1.12.1.RELEASE.jar!/org/springframework/data/repository/support/DomainClassConverter.class]]
[2018-07-02 21:44:25.941] -- [TRACE] -- [main &gt;&gt;&gt;&gt; ClassPathScanningCandidateComponentProvider.java:298 &gt;&gt;&gt;&gt; Method = findCandidateComponents] -- [Content = Ignored because not matching any filter: URL [jar:file:/Users/xk1020/.m2/repository/org/springframework/data/spring-data-commons/1.12.1.RELEASE/spring-data-commons-1.12.1.RELEASE.jar!/org/springframework/data/repository/support/DomainClassConverter.class]]
[2018-07-02 21:44:25.941] -- [TRACE] -- [main &gt;&gt;&gt;&gt; ClassPathScanningCandidateComponentProvider.java:275 &gt;&gt;&gt;&gt; Method = findCandidateComponents] -- [Content = Scanning URL [jar:file:/Users/xk1020/.m2/repository/org/springframework/data/spring-data-commons/1.12.1.RELEASE/spring-data-commons-1.12.1.RELEASE.jar!/org/springframework/data/repository/support/DomainClassPropertyEditor.class]]
[2018-07-02 21:44:25.942] -- [TRACE] -- [main &gt;&gt;&gt;&gt; ClassPathScanningCandidateComponentProvider.java:298 &gt;&gt;&gt;&gt; Method = findCandidateComponents] -- [Content = Ignored because not matching any filter: URL [jar:file:/Users/xk1020/.m2/repository/org/springframework/data/spring-data-commons/1.12.1.RELEASE/spring-data-commons-1.12.1.RELEASE.jar!/org/springframework/data/repository/support/DomainClassPropertyEditor.class]]
[2018-07-02 21:44:25.942] -- [TRACE] -- [main &gt;&gt;&gt;&gt; ClassPathScanningCandidateComponentProvider.java:275 &gt;&gt;&gt;&gt; Method = findCandidateComponents] -- [Content = Scanning URL [jar:file:/Users/xk1020/.m2/repository/org/springframework/data/spring-data-commons/1.12.1.RELEASE/spring-data-commons-1.12.1.RELEASE.jar!/org/springframework/data/repository/support/DomainClassPropertyEditorRegistrar.class]]
[2018-07-02 21:44:25.943] -- [TRACE] -- [main &gt;&gt;&gt;&gt; ClassPathScanningCandidateComponentProvider.java:298 &gt;&gt;&gt;&gt; Method = findCandidateComponents] -- [Content = Ignored because not matching any filter: URL [jar:file:/Users/xk1020/.m2/repository/org/springframework/data/spring-data-commons/1.12.1.RELEASE/spring-data-commons-1.12.1.RELEASE.jar!/org/springframework/data/repository/support/DomainClassPropertyEditorRegistrar.class]]
[2018-07-02 21:44:25.943] -- [TRACE] -- [main &gt;&gt;&gt;&gt; ClassPathScanningCandidateComponentProvider.java:275 &gt;&gt;&gt;&gt; Method = findCandidateComponents] -- [Content = Scanning URL [jar:file:/Users/xk1020/.m2/repository/org/springframework/data/spring-data-commons/1.12.1.RELEASE/spring-data-commons-1.12.1.RELEASE.jar!/org/springframework/data/repository/support/MethodParameters$AnnotationNamingMethodParameter.class]]
[2018-07-02 21:44:25.944] -- [TRACE] -- [main &gt;&gt;&gt;&gt; ClassPathScanningCandidateComponentProvider.java:298 &gt;&gt;&gt;&gt; Method = findCandidateComponents] -- [Content = Ignored because not matching any filter: URL [jar:file:/Users/xk1020/.m2/repository/org/springframework/data/spring-data-commons/1.12.1.RELEASE/spring-data-commons-1.12.1.RELEASE.jar!/org/springframework/data/repository/support/MethodParameters$AnnotationNamingMethodParameter.class]]
[2018-07-02 21:44:25.944] -- [TRACE] -- [main &gt;&gt;&gt;&gt; ClassPathScanningCandidateComponentProvider.java:275 &gt;&gt;&gt;&gt; Method = findCandidateComponents] -- [Content = Scanning URL [jar:file:/Users/xk1020/.m2/repository/org/springframework/data/spring-data-commons/1.12.1.RELEASE/spring-data-commons-1.12.1.RELEASE.jar!/org/springframework/data/repository/support/MethodParameters.class]]
[2018-07-02 21:44:25.944] -- [TRACE] -- [main &gt;&gt;&gt;&gt; ClassPathScanningCandidateComponentProvider.java:298 &gt;&gt;&gt;&gt; Method = findCandidateComponents] -- [Content = Ignored because not matching any filter: URL [jar:file:/Users/xk1020/.m2/repository/org/springframework/data/spring-data-commons/1.12.1.RELEASE/spring-data-commons-1.12.1.RELEASE.jar!/org/springframework/data/repository/support/MethodParameters.class]]
[2018-07-02 21:44:25.945] -- [TRACE] -- [main &gt;&gt;&gt;&gt; ClassPathScanningCandidateComponentProvider.java:275 &gt;&gt;&gt;&gt; Method = findCandidateComponents] -- [Content = Scanning URL [jar:file:/Users/xk1020/.m2/repository/org/springframework/data/spring-data-commons/1.12.1.RELEASE/spring-data-commons-1.12.1.RELEASE.jar!/org/springframework/data/repository/support/PagingAndSortingRepositoryInvoker.class]]
[2018-07-02 21:44:25.946] -- [TRACE] -- [main &gt;&gt;&gt;&gt; ClassPathScanningCandidateComponentProvider.java:298 &gt;&gt;&gt;&gt; Method = findCandidateComponents] -- [Content = Ignored because not matching any filter: URL [jar:file:/Users/xk1020/.m2/repository/org/springframework/data/spring-data-commons/1.12.1.RELEASE/spring-data-commons-1.12.1.RELEASE.jar!/org/springframework/data/repository/support/PagingAndSortingRepositoryInvoker.class]]
[2018-07-02 21:44:25.946] -- [TRACE] -- [main &gt;&gt;&gt;&gt; ClassPathScanningCandidateComponentProvider.java:275 &gt;&gt;&gt;&gt; Method = findCandidateComponents] -- [Content = Scanning URL [jar:file:/Users/xk1020/.m2/repository/org/springframework/data/spring-data-commons/1.12.1.RELEASE/spring-data-commons-1.12.1.RELEASE.jar!/org/springframework/data/repository/support/QueryMethodParameterConversionException.class]]
[2018-07-02 21:44:25.946] -- [TRACE] -- [main &gt;&gt;&gt;&gt; ClassPathScanningCandidateComponentProvider.java:298 &gt;&gt;&gt;&gt; Method = findCandidateComponents] -- [Content = Ignored because not matching any filter: URL [jar:file:/Users/xk1020/.m2/repository/org/springframework/data/spring-data-commons/1.12.1.RELEASE/spring-data-commons-1.12.1.RELEASE.jar!/org/springframework/data/repository/support/QueryMethodParameterConversionException.class]]
[2018-07-02 21:44:25.946] -- [TRACE] -- [main &gt;&gt;&gt;&gt; ClassPathScanningCandidateComponentProvider.java:275 &gt;&gt;&gt;&gt; Method = findCandidateComponents] -- [Content = Scanning URL [jar:file:/Users/xk1020/.m2/repository/org/springframework/data/spring-data-commons/1.12.1.RELEASE/spring-data-commons-1.12.1.RELEASE.jar!/org/springframework/data/repository/support/ReflectionRepositoryInvoker.class]]
[2018-07-02 21:44:25.947] -- [TRACE] -- [main &gt;&gt;&gt;&gt; ClassPathScanningCandidateComponentProvider.java:298 &gt;&gt;&gt;&gt; Method = findCandidateComponents] -- [Content = Ignored because not matching any filter: URL [jar:file:/Users/xk1020/.m2/repository/org/springframework/data/spring-data-commons/1.12.1.RELEASE/spring-data-commons-1.12.1.RELEASE.jar!/org/springframework/data/repository/support/ReflectionRepositoryInvoker.class]]
[2018-07-02 21:44:25.947] -- [TRACE] -- [main &gt;&gt;&gt;&gt; ClassPathScanningCandidateComponentProvider.java:275 &gt;&gt;&gt;&gt; Method = findCandidateComponents] -- [Content = Scanning URL [jar:file:/Users/xk1020/.m2/repository/org/springframework/data/spring-data-commons/1.12.1.RELEASE/spring-data-commons-1.12.1.RELEASE.jar!/org/springframework/data/repository/support/Repositories$EmptyRepositoryFactoryInformation.class]]
[2018-07-02 21:44:25.948] -- [TRACE] -- [main &gt;&gt;&gt;&gt; ClassPathScanningCandidateComponentProvider.java:298 &gt;&gt;&gt;&gt; Method = findCandidateComponents] -- [Content = Ignored because not matching any filter: URL [jar:file:/Users/xk1020/.m2/repository/org/springframework/data/spring-data-commons/1.12.1.RELEASE/spring-data-commons-1.12.1.RELEASE.jar!/org/springframework/data/repository/support/Repositories$EmptyRepositoryFactoryInformation.class]]
[2018-07-02 21:44:25.948] -- [TRACE] -- [main &gt;&gt;&gt;&gt; ClassPathScanningCandidateComponentProvider.java:275 &gt;&gt;&gt;&gt; Method = findCandidateComponents] -- [Content = Scanning URL [jar:file:/Users/xk1020/.m2/repository/org/springframework/data/spring-data-commons/1.12.1.RELEASE/spring-data-commons-1.12.1.RELEASE.jar!/org/springframework/data/repository/support/Repositories.class]]
[2018-07-02 21:44:25.949] -- [TRACE] -- [main &gt;&gt;&gt;&gt; ClassPathScanningCandidateComponentProvider.java:298 &gt;&gt;&gt;&gt; Method = findCandidateComponents] -- [Content = Ignored because not matching any filter: URL [jar:file:/Users/xk1020/.m2/repository/org/springframework/data/spring-data-commons/1.12.1.RELEASE/spring-data-commons-1.12.1.RELEASE.jar!/org/springframework/data/repository/support/Repositories.class]]
[2018-07-02 21:44:25.949] -- [TRACE] -- [main &gt;&gt;&gt;&gt; ClassPathScanningCandidateComponentProvider.java:275 &gt;&gt;&gt;&gt; Method = findCandidateComponents] -- [Content = Scanning URL [jar:file:/Users/xk1020/.m2/repository/org/springframework/data/spring-data-commons/1.12.1.RELEASE/spring-data-commons-1.12.1.RELEASE.jar!/org/springframework/data/repository/support/RepositoryInvocationInformation.class]]
[2018-07-02 21:44:25.949] -- [TRACE] -- [main &gt;&gt;&gt;&gt; ClassPathScanningCandidateComponentProvider.java:298 &gt;&gt;&gt;&gt; Method = findCandidateComponents] -- [Content = Ignored because not matching any filter: URL [jar:file:/Users/xk1020/.m2/repository/org/springframework/data/spring-data-commons/1.12.1.RELEASE/spring-data-commons-1.12.1.RELEASE.jar!/org/springframework/data/repository/support/RepositoryInvocationInformation.class]]
[2018-07-02 21:44:25.950] -- [TRACE] -- [main &gt;&gt;&gt;&gt; ClassPathScanningCandidateComponentProvider.java:275 &gt;&gt;&gt;&gt; Method = findCandidateComponents] -- [Content = Scanning URL [jar:file:/Users/xk1020/.m2/repository/org/springframework/data/spring-data-commons/1.12.1.RELEASE/spring-data-commons-1.12.1.RELEASE.jar!/org/springframework/data/repository/support/RepositoryInvoker.class]]
[2018-07-02 21:44:25.950] -- [TRACE] -- [main &gt;&gt;&gt;&gt; ClassPathScanningCandidateComponentProvider.java:298 &gt;&gt;&gt;&gt; Method = findCandidateComponents] -- [Content = Ignored because not matching any filter: URL [jar:file:/Users/xk1020/.m2/repository/org/springframework/data/spring-data-commons/1.12.1.RELEASE/spring-data-commons-1.12.1.RELEASE.jar!/org/springframework/data/repository/support/RepositoryInvoker.class]]
[2018-07-02 21:44:25.951] -- [TRACE] -- [main &gt;&gt;&gt;&gt; ClassPathScanningCandidateComponentProvider.java:275 &gt;&gt;&gt;&gt; Method = findCandidateComponents] -- [Content = Scanning URL [jar:file:/Users/xk1020/.m2/repository/org/springframework/data/spring-data-commons/1.12.1.RELEASE/spring-data-commons-1.12.1.RELEASE.jar!/org/springframework/data/repository/support/RepositoryInvokerFactory.class]]
[2018-07-02 21:44:25.951] -- [TRACE] -- [main &gt;&gt;&gt;&gt; ClassPathScanningCandidateComponentProvider.java:298 &gt;&gt;&gt;&gt; Method = findCandidateComponents] -- [Content = Ignored because not matching any filter: URL [jar:file:/Users/xk1020/.m2/repository/org/springframework/data/spring-data-commons/1.12.1.RELEASE/spring-data-commons-1.12.1.RELEASE.jar!/org/springframework/data/repository/support/RepositoryInvokerFactory.class]]
[2018-07-02 21:44:25.951] -- [DEBUG] -- [main &gt;&gt;&gt;&gt; MutablePropertySources.java:109 &gt;&gt;&gt;&gt; Method = addLast] -- [Content = Adding [systemProperties] PropertySource with lowest search precedence]
[2018-07-02 21:44:25.952] -- [DEBUG] -- [main &gt;&gt;&gt;&gt; MutablePropertySources.java:109 &gt;&gt;&gt;&gt; Method = addLast] -- [Content = Adding [systemEnvironment] PropertySource with lowest search precedence]
[2018-07-02 21:44:25.952] -- [DEBUG] -- [main &gt;&gt;&gt;&gt; AbstractEnvironment.java:127 &gt;&gt;&gt;&gt; Method = &lt;init&gt;] -- [Content = Initialized StandardEnvironment with PropertySources [systemProperties,systemEnvironment]]
[2018-07-02 21:44:25.953] -- [DEBUG] -- [main &gt;&gt;&gt;&gt; PathMatchingResourcePatternResolver.java:312 &gt;&gt;&gt;&gt; Method = findAllClassPathResources] -- [Content = Resolved classpath location [com/youmeek/] to resources [URL [file:/Users/xk1020/IdeaProjects/Basic-Single-Module-SSJPA/target/test-classes/com/youmeek/], URL [file:/Users/xk1020/IdeaProjects/Basic-Single-Module-SSJPA/target/classes/com/youmeek/]]]
[2018-07-02 21:44:25.953] -- [DEBUG] -- [main &gt;&gt;&gt;&gt; PathMatchingResourcePatternResolver.java:637 &gt;&gt;&gt;&gt; Method = doFindMatchingFileSystemResources] -- [Content = Looking for matching resources in directory tree [/Users/xk1020/IdeaProjects/Basic-Single-Module-SSJPA/target/test-classes/com/youmeek]]
[2018-07-02 21:44:25.953] -- [DEBUG] -- [main &gt;&gt;&gt;&gt; PathMatchingResourcePatternResolver.java:699 &gt;&gt;&gt;&gt; Method = doRetrieveMatchingFiles] -- [Content = Searching directory [/Users/xk1020/IdeaProjects/Basic-Single-Module-SSJPA/target/test-classes/com/youmeek] for files matching pattern [/Users/xk1020/IdeaProjects/Basic-Single-Module-SSJPA/target/test-classes/com/youmeek/**/dao/**/*.class]]
[2018-07-02 21:44:25.954] -- [DEBUG] -- [main &gt;&gt;&gt;&gt; PathMatchingResourcePatternResolver.java:699 &gt;&gt;&gt;&gt; Method = doRetrieveMatchingFiles] -- [Content = Searching directory [/Users/xk1020/IdeaProjects/Basic-Single-Module-SSJPA/target/test-classes/com/youmeek/ssm] for files matching pattern [/Users/xk1020/IdeaProjects/Basic-Single-Module-SSJPA/target/test-classes/com/youmeek/**/dao/**/*.class]]
[2018-07-02 21:44:25.954] -- [DEBUG] -- [main &gt;&gt;&gt;&gt; PathMatchingResourcePatternResolver.java:637 &gt;&gt;&gt;&gt; Method = doFindMatchingFileSystemResources] -- [Content = Looking for matching resources in directory tree [/Users/xk1020/IdeaProjects/Basic-Single-Module-SSJPA/target/classes/com/youmeek]]
[2018-07-02 21:44:25.954] -- [DEBUG] -- [main &gt;&gt;&gt;&gt; PathMatchingResourcePatternResolver.java:699 &gt;&gt;&gt;&gt; Method = doRetrieveMatchingFiles] -- [Content = Searching directory [/Users/xk1020/IdeaProjects/Basic-Single-Module-SSJPA/target/classes/com/youmeek] for files matching pattern [/Users/xk1020/IdeaProjects/Basic-Single-Module-SSJPA/target/classes/com/youmeek/**/dao/**/*.class]]
[2018-07-02 21:44:25.954] -- [DEBUG] -- [main &gt;&gt;&gt;&gt; PathMatchingResourcePatternResolver.java:699 &gt;&gt;&gt;&gt; Method = doRetrieveMatchingFiles] -- [Content = Searching directory [/Users/xk1020/IdeaProjects/Basic-Single-Module-SSJPA/target/classes/com/youmeek/ssm] for files matching pattern [/Users/xk1020/IdeaProjects/Basic-Single-Module-SSJPA/target/classes/com/youmeek/**/dao/**/*.class]]
[2018-07-02 21:44:25.955] -- [DEBUG] -- [main &gt;&gt;&gt;&gt; PathMatchingResourcePatternResolver.java:699 &gt;&gt;&gt;&gt; Method = doRetrieveMatchingFiles] -- [Content = Searching directory [/Users/xk1020/IdeaProjects/Basic-Single-Module-SSJPA/target/classes/com/youmeek/ssm/module] for files matching pattern [/Users/xk1020/IdeaProjects/Basic-Single-Module-SSJPA/target/classes/com/youmeek/**/dao/**/*.class]]
[2018-07-02 21:44:25.955] -- [DEBUG] -- [main &gt;&gt;&gt;&gt; PathMatchingResourcePatternResolver.java:699 &gt;&gt;&gt;&gt; Method = doRetrieveMatchingFiles] -- [Content = Searching directory [/Users/xk1020/IdeaProjects/Basic-Single-Module-SSJPA/target/classes/com/youmeek/ssm/module/user] for files matching pattern [/Users/xk1020/IdeaProjects/Basic-Single-Module-SSJPA/target/classes/com/youmeek/**/dao/**/*.class]]
[2018-07-02 21:44:25.955] -- [DEBUG] -- [main &gt;&gt;&gt;&gt; PathMatchingResourcePatternResolver.java:699 &gt;&gt;&gt;&gt; Method = doRetrieveMatchingFiles] -- [Content = Searching directory [/Users/xk1020/IdeaProjects/Basic-Single-Module-SSJPA/target/classes/com/youmeek/ssm/module/user/dao] for files matching pattern [/Users/xk1020/IdeaProjects/Basic-Single-Module-SSJPA/target/classes/com/youmeek/**/dao/**/*.class]]
[2018-07-02 21:44:25.956] -- [DEBUG] -- [main &gt;&gt;&gt;&gt; PathMatchingResourcePatternResolver.java:699 &gt;&gt;&gt;&gt; Method = doRetrieveMatchingFiles] -- [Content = Searching directory [/Users/xk1020/IdeaProjects/Basic-Single-Module-SSJPA/target/classes/com/youmeek/ssm/module/user/controller] for files matching pattern [/Users/xk1020/IdeaProjects/Basic-Single-Module-SSJPA/target/classes/com/youmeek/**/dao/**/*.class]]
[2018-07-02 21:44:25.956] -- [DEBUG] -- [main &gt;&gt;&gt;&gt; PathMatchingResourcePatternResolver.java:699 &gt;&gt;&gt;&gt; Method = doRetrieveMatchingFiles] -- [Content = Searching directory [/Users/xk1020/IdeaProjects/Basic-Single-Module-SSJPA/target/classes/com/youmeek/ssm/module/user/service] for files matching pattern [/Users/xk1020/IdeaProjects/Basic-Single-Module-SSJPA/target/classes/com/youmeek/**/dao/**/*.class]]
[2018-07-02 21:44:25.956] -- [DEBUG] -- [main &gt;&gt;&gt;&gt; PathMatchingResourcePatternResolver.java:699 &gt;&gt;&gt;&gt; Method = doRetrieveMatchingFiles] -- [Content = Searching directory [/Users/xk1020/IdeaProjects/Basic-Single-Module-SSJPA/target/classes/com/youmeek/ssm/module/user/service/impl] for files matching pattern [/Users/xk1020/IdeaProjects/Basic-Single-Module-SSJPA/target/classes/com/youmeek/**/dao/**/*.class]]
[2018-07-02 21:44:25.956] -- [DEBUG] -- [main &gt;&gt;&gt;&gt; PathMatchingResourcePatternResolver.java:699 &gt;&gt;&gt;&gt; Method = doRetrieveMatchingFiles] -- [Content = Searching directory [/Users/xk1020/IdeaProjects/Basic-Single-Module-SSJPA/target/classes/com/youmeek/ssm/module/user/pojo] for files matching pattern [/Users/xk1020/IdeaProjects/Basic-Single-Module-SSJPA/target/classes/com/youmeek/**/dao/**/*.class]]
[2018-07-02 21:44:25.957] -- [DEBUG] -- [main &gt;&gt;&gt;&gt; PathMatchingResourcePatternResolver.java:699 &gt;&gt;&gt;&gt; Method = doRetrieveMatchingFiles] -- [Content = Searching directory [/Users/xk1020/IdeaProjects/Basic-Single-Module-SSJPA/target/classes/com/youmeek/ssm/aop] for files matching pattern [/Users/xk1020/IdeaProjects/Basic-Single-Module-SSJPA/target/classes/com/youmeek/**/dao/**/*.class]]
[2018-07-02 21:44:25.957] -- [DEBUG] -- [main &gt;&gt;&gt;&gt; PathMatchingResourcePatternResolver.java:699 &gt;&gt;&gt;&gt; Method = doRetrieveMatchingFiles] -- [Content = Searching directory [/Users/xk1020/IdeaProjects/Basic-Single-Module-SSJPA/target/classes/com/youmeek/ssm/aop/log] for files matching pattern [/Users/xk1020/IdeaProjects/Basic-Single-Module-SSJPA/target/classes/com/youmeek/**/dao/**/*.class]]
[2018-07-02 21:44:25.957] -- [DEBUG] -- [main &gt;&gt;&gt;&gt; PathMatchingResourcePatternResolver.java:699 &gt;&gt;&gt;&gt; Method = doRetrieveMatchingFiles] -- [Content = Searching directory [/Users/xk1020/IdeaProjects/Basic-Single-Module-SSJPA/target/classes/com/youmeek/ssm/interceptor] for files matching pattern [/Users/xk1020/IdeaProjects/Basic-Single-Module-SSJPA/target/classes/com/youmeek/**/dao/**/*.class]]
[2018-07-02 21:44:25.957] -- [DEBUG] -- [main &gt;&gt;&gt;&gt; PathMatchingResourcePatternResolver.java:430 &gt;&gt;&gt;&gt; Method = findPathMatchingResources] -- [Content = Resolved location pattern [classpath*:com/youmeek/**/dao/**/*.class] to resources [file [/Users/xk1020/IdeaProjects/Basic-Single-Module-SSJPA/target/classes/com/youmeek/ssm/module/user/dao/SysUserDao.class]]]
[2018-07-02 21:44:25.958] -- [TRACE] -- [main &gt;&gt;&gt;&gt; ClassPathScanningCandidateComponentProvider.java:275 &gt;&gt;&gt;&gt; Method = findCandidateComponents] -- [Content = Scanning file [/Users/xk1020/IdeaProjects/Basic-Single-Module-SSJPA/target/classes/com/youmeek/ssm/module/user/dao/SysUserDao.class]]
[2018-07-02 21:44:25.959] -- [DEBUG] -- [main &gt;&gt;&gt;&gt; ClassPathScanningCandidateComponentProvider.java:286 &gt;&gt;&gt;&gt; Method = findCandidateComponents] -- [Content = Identified candidate component class: file [/Users/xk1020/IdeaProjects/Basic-Single-Module-SSJPA/target/classes/com/youmeek/ssm/module/user/dao/SysUserDao.class]]
[2018-07-02 21:44:25.960] -- [DEBUG] -- [main &gt;&gt;&gt;&gt; MutablePropertySources.java:109 &gt;&gt;&gt;&gt; Method = addLast] -- [Content = Adding [systemProperties] PropertySource with lowest search precedence]
[2018-07-02 21:44:25.961] -- [DEBUG] -- [main &gt;&gt;&gt;&gt; MutablePropertySources.java:109 &gt;&gt;&gt;&gt; Method = addLast] -- [Content = Adding [systemEnvironment] PropertySource with lowest search precedence]
[2018-07-02 21:44:25.961] -- [DEBUG] -- [main &gt;&gt;&gt;&gt; AbstractEnvironment.java:127 &gt;&gt;&gt;&gt; Method = &lt;init&gt;] -- [Content = Initialized StandardEnvironment with PropertySources [systemProperties,systemEnvironment]]
[2018-07-02 21:44:25.961] -- [DEBUG] -- [main &gt;&gt;&gt;&gt; PathMatchingResourcePatternResolver.java:312 &gt;&gt;&gt;&gt; Method = findAllClassPathResources] -- [Content = Resolved classpath location [com/youmeek/] to resources [URL [file:/Users/xk1020/IdeaProjects/Basic-Single-Module-SSJPA/target/test-classes/com/youmeek/], URL [file:/Users/xk1020/IdeaProjects/Basic-Single-Module-SSJPA/target/classes/com/youmeek/]]]
[2018-07-02 21:44:25.962] -- [DEBUG] -- [main &gt;&gt;&gt;&gt; PathMatchingResourcePatternResolver.java:637 &gt;&gt;&gt;&gt; Method = doFindMatchingFileSystemResources] -- [Content = Looking for matching resources in directory tree [/Users/xk1020/IdeaProjects/Basic-Single-Module-SSJPA/target/test-classes/com/youmeek]]
[2018-07-02 21:44:25.962] -- [DEBUG] -- [main &gt;&gt;&gt;&gt; PathMatchingResourcePatternResolver.java:699 &gt;&gt;&gt;&gt; Method = doRetrieveMatchingFiles] -- [Content = Searching directory [/Users/xk1020/IdeaProjects/Basic-Single-Module-SSJPA/target/test-classes/com/youmeek] for files matching pattern [/Users/xk1020/IdeaProjects/Basic-Single-Module-SSJPA/target/test-classes/com/youmeek/**/dao/**/*SysUserDaoImpl.class]]
[2018-07-02 21:44:25.962] -- [DEBUG] -- [main &gt;&gt;&gt;&gt; PathMatchingResourcePatternResolver.java:699 &gt;&gt;&gt;&gt; Method = doRetrieveMatchingFiles] -- [Content = Searching directory [/Users/xk1020/IdeaProjects/Basic-Single-Module-SSJPA/target/test-classes/com/youmeek/ssm] for files matching pattern [/Users/xk1020/IdeaProjects/Basic-Single-Module-SSJPA/target/test-classes/com/youmeek/**/dao/**/*SysUserDaoImpl.class]]
[2018-07-02 21:44:25.963] -- [DEBUG] -- [main &gt;&gt;&gt;&gt; PathMatchingResourcePatternResolver.java:637 &gt;&gt;&gt;&gt; Method = doFindMatchingFileSystemResources] -- [Content = Looking for matching resources in directory tree [/Users/xk1020/IdeaProjects/Basic-Single-Module-SSJPA/target/classes/com/youmeek]]
[2018-07-02 21:44:25.963] -- [DEBUG] -- [main &gt;&gt;&gt;&gt; PathMatchingResourcePatternResolver.java:699 &gt;&gt;&gt;&gt; Method = doRetrieveMatchingFiles] -- [Content = Searching directory [/Users/xk1020/IdeaProjects/Basic-Single-Module-SSJPA/target/classes/com/youmeek] for files matching pattern [/Users/xk1020/IdeaProjects/Basic-Single-Module-SSJPA/target/classes/com/youmeek/**/dao/**/*SysUserDaoImpl.class]]
[2018-07-02 21:44:25.963] -- [DEBUG] -- [main &gt;&gt;&gt;&gt; PathMatchingResourcePatternResolver.java:699 &gt;&gt;&gt;&gt; Method = doRetrieveMatchingFiles] -- [Content = Searching directory [/Users/xk1020/IdeaProjects/Basic-Single-Module-SSJPA/target/classes/com/youmeek/ssm] for files matching pattern [/Users/xk1020/IdeaProjects/Basic-Single-Module-SSJPA/target/classes/com/youmeek/**/dao/**/*SysUserDaoImpl.class]]
[2018-07-02 21:44:25.963] -- [DEBUG] -- [main &gt;&gt;&gt;&gt; PathMatchingResourcePatternResolver.java:699 &gt;&gt;&gt;&gt; Method = doRetrieveMatchingFiles] -- [Content = Searching directory [/Users/xk1020/IdeaProjects/Basic-Single-Module-SSJPA/target/classes/com/youmeek/ssm/module] for files matching pattern [/Users/xk1020/IdeaProjects/Basic-Single-Module-SSJPA/target/classes/com/youmeek/**/dao/**/*SysUserDaoImpl.class]]
[2018-07-02 21:44:25.964] -- [DEBUG] -- [main &gt;&gt;&gt;&gt; PathMatchingResourcePatternResolver.java:699 &gt;&gt;&gt;&gt; Method = doRetrieveMatchingFiles] -- [Content = Searching directory [/Users/xk1020/IdeaProjects/Basic-Single-Module-SSJPA/target/classes/com/youmeek/ssm/module/user] for files matching pattern [/Users/xk1020/IdeaProjects/Basic-Single-Module-SSJPA/target/classes/com/youmeek/**/dao/**/*SysUserDaoImpl.class]]
[2018-07-02 21:44:25.964] -- [DEBUG] -- [main &gt;&gt;&gt;&gt; PathMatchingResourcePatternResolver.java:699 &gt;&gt;&gt;&gt; Method = doRetrieveMatchingFiles] -- [Content = Searching directory [/Users/xk1020/IdeaProjects/Basic-Single-Module-SSJPA/target/classes/com/youmeek/ssm/module/user/dao] for files matching pattern [/Users/xk1020/IdeaProjects/Basic-Single-Module-SSJPA/target/classes/com/youmeek/**/dao/**/*SysUserDaoImpl.class]]
[2018-07-02 21:44:25.964] -- [DEBUG] -- [main &gt;&gt;&gt;&gt; PathMatchingResourcePatternResolver.java:699 &gt;&gt;&gt;&gt; Method = doRetrieveMatchingFiles] -- [Content = Searching directory [/Users/xk1020/IdeaProjects/Basic-Single-Module-SSJPA/target/classes/com/youmeek/ssm/module/user/controller] for files matching pattern [/Users/xk1020/IdeaProjects/Basic-Single-Module-SSJPA/target/classes/com/youmeek/**/dao/**/*SysUserDaoImpl.class]]
[2018-07-02 21:44:25.964] -- [DEBUG] -- [main &gt;&gt;&gt;&gt; PathMatchingResourcePatternResolver.java:699 &gt;&gt;&gt;&gt; Method = doRetrieveMatchingFiles] -- [Content = Searching directory [/Users/xk1020/IdeaProjects/Basic-Single-Module-SSJPA/target/classes/com/youmeek/ssm/module/user/service] for files matching pattern [/Users/xk1020/IdeaProjects/Basic-Single-Module-SSJPA/target/classes/com/youmeek/**/dao/**/*SysUserDaoImpl.class]]
[2018-07-02 21:44:25.965] -- [DEBUG] -- [main &gt;&gt;&gt;&gt; PathMatchingResourcePatternResolver.java:699 &gt;&gt;&gt;&gt; Method = doRetrieveMatchingFiles] -- [Content = Searching directory [/Users/xk1020/IdeaProjects/Basic-Single-Module-SSJPA/target/classes/com/youmeek/ssm/module/user/service/impl] for files matching pattern [/Users/xk1020/IdeaProjects/Basic-Single-Module-SSJPA/target/classes/com/youmeek/**/dao/**/*SysUserDaoImpl.class]]
[2018-07-02 21:44:25.965] -- [DEBUG] -- [main &gt;&gt;&gt;&gt; PathMatchingResourcePatternResolver.java:699 &gt;&gt;&gt;&gt; Method = doRetrieveMatchingFiles] -- [Content = Searching directory [/Users/xk1020/IdeaProjects/Basic-Single-Module-SSJPA/target/classes/com/youmeek/ssm/module/user/pojo] for files matching pattern [/Users/xk1020/IdeaProjects/Basic-Single-Module-SSJPA/target/classes/com/youmeek/**/dao/**/*SysUserDaoImpl.class]]
[2018-07-02 21:44:25.965] -- [DEBUG] -- [main &gt;&gt;&gt;&gt; PathMatchingResourcePatternResolver.java:699 &gt;&gt;&gt;&gt; Method = doRetrieveMatchingFiles] -- [Content = Searching directory [/Users/xk1020/IdeaProjects/Basic-Single-Module-SSJPA/target/classes/com/youmeek/ssm/aop] for files matching pattern [/Users/xk1020/IdeaProjects/Basic-Single-Module-SSJPA/target/classes/com/youmeek/**/dao/**/*SysUserDaoImpl.class]]
[2018-07-02 21:44:25.966] -- [DEBUG] -- [main &gt;&gt;&gt;&gt; PathMatchingResourcePatternResolver.java:699 &gt;&gt;&gt;&gt; Method = doRetrieveMatchingFiles] -- [Content = Searching directory [/Users/xk1020/IdeaProjects/Basic-Single-Module-SSJPA/target/classes/com/youmeek/ssm/aop/log] for files matching pattern [/Users/xk1020/IdeaProjects/Basic-Single-Module-SSJPA/target/classes/com/youmeek/**/dao/**/*SysUserDaoImpl.class]]
[2018-07-02 21:44:25.966] -- [DEBUG] -- [main &gt;&gt;&gt;&gt; PathMatchingResourcePatternResolver.java:699 &gt;&gt;&gt;&gt; Method = doRetrieveMatchingFiles] -- [Content = Searching directory [/Users/xk1020/IdeaProjects/Basic-Single-Module-SSJPA/target/classes/com/youmeek/ssm/interceptor] for files matching pattern [/Users/xk1020/IdeaProjects/Basic-Single-Module-SSJPA/target/classes/com/youmeek/**/dao/**/*SysUserDaoImpl.class]]
[2018-07-02 21:44:25.966] -- [DEBUG] -- [main &gt;&gt;&gt;&gt; PathMatchingResourcePatternResolver.java:430 &gt;&gt;&gt;&gt; Method = findPathMatchingResources] -- [Content = Resolved location pattern [classpath*:com/youmeek/**/dao/**/*SysUserDaoImpl.class] to resources []]
[2018-07-02 21:44:25.967] -- [DEBUG] -- [main &gt;&gt;&gt;&gt; RepositoryConfigurationDelegate.java:142 &gt;&gt;&gt;&gt; Method = registerRepositoriesIn] -- [Content = Spring Data JPA - Registering repository: sysUserDao - Interface: com.youmeek.ssm.module.user.dao.SysUserDao - Factory: org.springframework.data.jpa.repository.support.JpaRepositoryFactoryBean]
[2018-07-02 21:44:25.967] -- [DEBUG] -- [main &gt;&gt;&gt;&gt; AbstractBeanDefinitionReader.java:224 &gt;&gt;&gt;&gt; Method = loadBeanDefinitions] -- [Content = Loaded 26 bean definitions from location pattern [classpath*:spring/applicationContext*.xml]]
[2018-07-02 21:44:25.967] -- [INFO] -- [main &gt;&gt;&gt;&gt; AbstractApplicationContext.java:578 &gt;&gt;&gt;&gt; Method = prepareRefresh] -- [Content = Refreshing org.springframework.context.support.GenericApplicationContext@4b20ca2b: startup date [Mon Jul 02 21:44:25 CST 2018]; root of context hierarchy]
[2018-07-02 21:44:25.968] -- [DEBUG] -- [main &gt;&gt;&gt;&gt; AbstractApplicationContext.java:612 &gt;&gt;&gt;&gt; Method = obtainFreshBeanFactory] -- [Content = Bean factory for org.springframework.context.support.GenericApplicationContext@4b20ca2b: org.springframework.beans.factory.support.DefaultListableBeanFactory@3f1c5af9: defining beans [org.springframework.context.support.PropertySourcesPlaceholderConfigurer#0,sysUserServiceImpl,org.springframework.context.annotation.internalConfigurationAnnotationProcessor,org.springframework.context.annotation.internalAutowiredAnnotationProcessor,org.springframework.context.annotation.internalRequiredAnnotationProcessor,org.springframework.context.annotation.internalCommonAnnotationProcessor,org.springframework.context.annotation.internalPersistenceAnnotationProcessor,org.springframework.context.event.internalEventListenerProcessor,org.springframework.context.event.internalEventListenerFactory,dataSource,druid-stat-interceptor,druid-stat-pointcut,org.springframework.aop.config.internalAutoProxyCreator,org.springframework.aop.support.DefaultBeanFactoryPointcutAdvisor#0,transactionManager,transactionAdvice,transactionPointcut,org.springframework.aop.support.DefaultBeanFactoryPointcutAdvisor#1,entityManagerFactory,hibernateJpaVendorAdapter,org.springframework.data.jpa.repository.config.JpaRepositoryConfigExtension#0,org.springframework.data.repository.core.support.RepositoryFactoryBeanSupport_Predictor,emBeanDefinitionRegistrarPostProcessor,jpaMappingContext,jpaContext,sysUserDao]; root of factory hierarchy]
[2018-07-02 21:44:25.969] -- [DEBUG] -- [main &gt;&gt;&gt;&gt; DefaultSingletonBeanRegistry.java:221 &gt;&gt;&gt;&gt; Method = getSingleton] -- [Content = Creating shared instance of singleton bean &apos;org.springframework.context.annotation.internalConfigurationAnnotationProcessor&apos;]
[2018-07-02 21:44:25.969] -- [DEBUG] -- [main &gt;&gt;&gt;&gt; AbstractAutowireCapableBeanFactory.java:448 &gt;&gt;&gt;&gt; Method = createBean] -- [Content = Creating instance of bean &apos;org.springframework.context.annotation.internalConfigurationAnnotationProcessor&apos;]
[2018-07-02 21:44:25.969] -- [DEBUG] -- [main &gt;&gt;&gt;&gt; AbstractAutowireCapableBeanFactory.java:529 &gt;&gt;&gt;&gt; Method = doCreateBean] -- [Content = Eagerly caching bean &apos;org.springframework.context.annotation.internalConfigurationAnnotationProcessor&apos; to allow for resolving potential circular references]
[2018-07-02 21:44:25.969] -- [DEBUG] -- [main &gt;&gt;&gt;&gt; AbstractAutowireCapableBeanFactory.java:484 &gt;&gt;&gt;&gt; Method = createBean] -- [Content = Finished creating instance of bean &apos;org.springframework.context.annotation.internalConfigurationAnnotationProcessor&apos;]
[2018-07-02 21:44:25.979] -- [DEBUG] -- [main &gt;&gt;&gt;&gt; DefaultSingletonBeanRegistry.java:221 &gt;&gt;&gt;&gt; Method = getSingleton] -- [Content = Creating shared instance of singleton bean &apos;org.springframework.context.support.PropertySourcesPlaceholderConfigurer#0&apos;]
[2018-07-02 21:44:25.980] -- [DEBUG] -- [main &gt;&gt;&gt;&gt; AbstractAutowireCapableBeanFactory.java:448 &gt;&gt;&gt;&gt; Method = createBean] -- [Content = Creating instance of bean &apos;org.springframework.context.support.PropertySourcesPlaceholderConfigurer#0&apos;]
[2018-07-02 21:44:25.980] -- [DEBUG] -- [main &gt;&gt;&gt;&gt; AbstractAutowireCapableBeanFactory.java:529 &gt;&gt;&gt;&gt; Method = doCreateBean] -- [Content = Eagerly caching bean &apos;org.springframework.context.support.PropertySourcesPlaceholderConfigurer#0&apos; to allow for resolving potential circular references]
[2018-07-02 21:44:25.980] -- [TRACE] -- [main &gt;&gt;&gt;&gt; CachedIntrospectionResults.java:265 &gt;&gt;&gt;&gt; Method = &lt;init&gt;] -- [Content = Getting BeanInfo for class [org.springframework.context.support.PropertySourcesPlaceholderConfigurer]]
[2018-07-02 21:44:25.980] -- [TRACE] -- [main &gt;&gt;&gt;&gt; CachedIntrospectionResults.java:284 &gt;&gt;&gt;&gt; Method = &lt;init&gt;] -- [Content = Caching PropertyDescriptors for class [org.springframework.context.support.PropertySourcesPlaceholderConfigurer]]
[2018-07-02 21:44:25.981] -- [TRACE] -- [main &gt;&gt;&gt;&gt; CachedIntrospectionResults.java:297 &gt;&gt;&gt;&gt; Method = &lt;init&gt;] -- [Content = Found bean property &apos;appliedPropertySources&apos; of type [org.springframework.core.env.PropertySources]]
[2018-07-02 21:44:25.981] -- [TRACE] -- [main &gt;&gt;&gt;&gt; CachedIntrospectionResults.java:297 &gt;&gt;&gt;&gt; Method = &lt;init&gt;] -- [Content = Found bean property &apos;beanFactory&apos; of type [org.springframework.beans.factory.BeanFactory]]
[2018-07-02 21:44:25.981] -- [TRACE] -- [main &gt;&gt;&gt;&gt; CachedIntrospectionResults.java:297 &gt;&gt;&gt;&gt; Method = &lt;init&gt;] -- [Content = Found bean property &apos;beanName&apos; of type [java.lang.String]]
[2018-07-02 21:44:25.981] -- [TRACE] -- [main &gt;&gt;&gt;&gt; CachedIntrospectionResults.java:297 &gt;&gt;&gt;&gt; Method = &lt;init&gt;] -- [Content = Found bean property &apos;class&apos; of type [java.lang.Class]]
[2018-07-02 21:44:25.981] -- [TRACE] -- [main &gt;&gt;&gt;&gt; CachedIntrospectionResults.java:297 &gt;&gt;&gt;&gt; Method = &lt;init&gt;] -- [Content = Found bean property &apos;environment&apos; of type [org.springframework.core.env.Environment]]
[2018-07-02 21:44:25.982] -- [TRACE] -- [main &gt;&gt;&gt;&gt; CachedIntrospectionResults.java:297 &gt;&gt;&gt;&gt; Method = &lt;init&gt;] -- [Content = Found bean property &apos;fileEncoding&apos; of type [java.lang.String]]
[2018-07-02 21:44:25.982] -- [TRACE] -- [main &gt;&gt;&gt;&gt; CachedIntrospectionResults.java:297 &gt;&gt;&gt;&gt; Method = &lt;init&gt;] -- [Content = Found bean property &apos;ignoreResourceNotFound&apos; of type [boolean]]
[2018-07-02 21:44:25.982] -- [TRACE] -- [main &gt;&gt;&gt;&gt; CachedIntrospectionResults.java:297 &gt;&gt;&gt;&gt; Method = &lt;init&gt;] -- [Content = Found bean property &apos;ignoreUnresolvablePlaceholders&apos; of type [boolean]]
[2018-07-02 21:44:25.982] -- [TRACE] -- [main &gt;&gt;&gt;&gt; CachedIntrospectionResults.java:297 &gt;&gt;&gt;&gt; Method = &lt;init&gt;] -- [Content = Found bean property &apos;localOverride&apos; of type [boolean]]
[2018-07-02 21:44:25.982] -- [TRACE] -- [main &gt;&gt;&gt;&gt; CachedIntrospectionResults.java:297 &gt;&gt;&gt;&gt; Method = &lt;init&gt;] -- [Content = Found bean property &apos;location&apos; of type [org.springframework.core.io.Resource]]
[2018-07-02 21:44:25.982] -- [TRACE] -- [main &gt;&gt;&gt;&gt; CachedIntrospectionResults.java:297 &gt;&gt;&gt;&gt; Method = &lt;init&gt;] -- [Content = Found bean property &apos;locations&apos; of type [[Lorg.springframework.core.io.Resource;]]
[2018-07-02 21:44:25.983] -- [TRACE] -- [main &gt;&gt;&gt;&gt; CachedIntrospectionResults.java:297 &gt;&gt;&gt;&gt; Method = &lt;init&gt;] -- [Content = Found bean property &apos;nullValue&apos; of type [java.lang.String]]
[2018-07-02 21:44:25.983] -- [TRACE] -- [main &gt;&gt;&gt;&gt; CachedIntrospectionResults.java:297 &gt;&gt;&gt;&gt; Method = &lt;init&gt;] -- [Content = Found bean property &apos;order&apos; of type [int]]
[2018-07-02 21:44:25.983] -- [TRACE] -- [main &gt;&gt;&gt;&gt; CachedIntrospectionResults.java:297 &gt;&gt;&gt;&gt; Method = &lt;init&gt;] -- [Content = Found bean property &apos;placeholderPrefix&apos; of type [java.lang.String]]
[2018-07-02 21:44:25.983] -- [TRACE] -- [main &gt;&gt;&gt;&gt; CachedIntrospectionResults.java:297 &gt;&gt;&gt;&gt; Method = &lt;init&gt;] -- [Content = Found bean property &apos;placeholderSuffix&apos; of type [java.lang.String]]
[2018-07-02 21:44:25.983] -- [TRACE] -- [main &gt;&gt;&gt;&gt; CachedIntrospectionResults.java:297 &gt;&gt;&gt;&gt; Method = &lt;init&gt;] -- [Content = Found bean property &apos;properties&apos; of type [java.util.Properties]]
[2018-07-02 21:44:25.984] -- [TRACE] -- [main &gt;&gt;&gt;&gt; CachedIntrospectionResults.java:297 &gt;&gt;&gt;&gt; Method = &lt;init&gt;] -- [Content = Found bean property &apos;propertiesArray&apos; of type [[Ljava.util.Properties;]]
[2018-07-02 21:44:25.984] -- [TRACE] -- [main &gt;&gt;&gt;&gt; CachedIntrospectionResults.java:297 &gt;&gt;&gt;&gt; Method = &lt;init&gt;] -- [Content = Found bean property &apos;propertiesPersister&apos; of type [org.springframework.util.PropertiesPersister]]
[2018-07-02 21:44:25.984] -- [TRACE] -- [main &gt;&gt;&gt;&gt; CachedIntrospectionResults.java:297 &gt;&gt;&gt;&gt; Method = &lt;init&gt;] -- [Content = Found bean property &apos;propertySources&apos; of type [org.springframework.core.env.PropertySources]]
[2018-07-02 21:44:25.984] -- [TRACE] -- [main &gt;&gt;&gt;&gt; CachedIntrospectionResults.java:297 &gt;&gt;&gt;&gt; Method = &lt;init&gt;] -- [Content = Found bean property &apos;valueSeparator&apos; of type [java.lang.String]]
[2018-07-02 21:44:25.985] -- [DEBUG] -- [main &gt;&gt;&gt;&gt; PathMatchingResourcePatternResolver.java:312 &gt;&gt;&gt;&gt; Method = findAllClassPathResources] -- [Content = Resolved classpath location [properties/] to resources [URL [file:/Users/xk1020/IdeaProjects/Basic-Single-Module-SSJPA/target/classes/properties/]]]
[2018-07-02 21:44:25.985] -- [DEBUG] -- [main &gt;&gt;&gt;&gt; PathMatchingResourcePatternResolver.java:637 &gt;&gt;&gt;&gt; Method = doFindMatchingFileSystemResources] -- [Content = Looking for matching resources in directory tree [/Users/xk1020/IdeaProjects/Basic-Single-Module-SSJPA/target/classes/properties]]
[2018-07-02 21:44:25.985] -- [DEBUG] -- [main &gt;&gt;&gt;&gt; PathMatchingResourcePatternResolver.java:699 &gt;&gt;&gt;&gt; Method = doRetrieveMatchingFiles] -- [Content = Searching directory [/Users/xk1020/IdeaProjects/Basic-Single-Module-SSJPA/target/classes/properties] for files matching pattern [/Users/xk1020/IdeaProjects/Basic-Single-Module-SSJPA/target/classes/properties/*.properties]]
[2018-07-02 21:44:25.986] -- [DEBUG] -- [main &gt;&gt;&gt;&gt; PathMatchingResourcePatternResolver.java:430 &gt;&gt;&gt;&gt; Method = findPathMatchingResources] -- [Content = Resolved location pattern [classpath*:properties/*.properties] to resources [file [/Users/xk1020/IdeaProjects/Basic-Single-Module-SSJPA/target/classes/properties/config.properties]]]
[2018-07-02 21:44:25.986] -- [DEBUG] -- [main &gt;&gt;&gt;&gt; AbstractAutowireCapableBeanFactory.java:484 &gt;&gt;&gt;&gt; Method = createBean] -- [Content = Finished creating instance of bean &apos;org.springframework.context.support.PropertySourcesPlaceholderConfigurer#0&apos;]
[2018-07-02 21:44:25.987] -- [DEBUG] -- [main &gt;&gt;&gt;&gt; MutablePropertySources.java:109 &gt;&gt;&gt;&gt; Method = addLast] -- [Content = Adding [environmentProperties] PropertySource with lowest search precedence]
[2018-07-02 21:44:25.987] -- [INFO] -- [main &gt;&gt;&gt;&gt; PropertiesLoaderSupport.java:172 &gt;&gt;&gt;&gt; Method = loadProperties] -- [Content = Loading properties file from file [/Users/xk1020/IdeaProjects/Basic-Single-Module-SSJPA/target/classes/properties/config.properties]]
[2018-07-02 21:44:25.987] -- [DEBUG] -- [main &gt;&gt;&gt;&gt; MutablePropertySources.java:109 &gt;&gt;&gt;&gt; Method = addLast] -- [Content = Adding [localProperties] PropertySource with lowest search precedence]
[2018-07-02 21:44:25.988] -- [TRACE] -- [main &gt;&gt;&gt;&gt; PropertySourcesPropertyResolver.java:76 &gt;&gt;&gt;&gt; Method = getProperty] -- [Content = getProperty(&quot;data_source_url&quot;, String)]
[2018-07-02 21:44:25.988] -- [DEBUG] -- [main &gt;&gt;&gt;&gt; PropertySourcesPropertyResolver.java:81 &gt;&gt;&gt;&gt; Method = getProperty] -- [Content = Searching for key &apos;data_source_url&apos; in [environmentProperties]]
[2018-07-02 21:44:25.988] -- [TRACE] -- [main &gt;&gt;&gt;&gt; PropertySourcesPropertyResolver.java:76 &gt;&gt;&gt;&gt; Method = getProperty] -- [Content = getProperty(&quot;data_source_url&quot;, String)]
[2018-07-02 21:44:25.989] -- [DEBUG] -- [main &gt;&gt;&gt;&gt; PropertySourcesPropertyResolver.java:81 &gt;&gt;&gt;&gt; Method = getProperty] -- [Content = Searching for key &apos;data_source_url&apos; in [systemProperties]]
[2018-07-02 21:44:25.989] -- [DEBUG] -- [main &gt;&gt;&gt;&gt; PropertySourcesPropertyResolver.java:81 &gt;&gt;&gt;&gt; Method = getProperty] -- [Content = Searching for key &apos;data_source_url&apos; in [systemEnvironment]]
[2018-07-02 21:44:25.989] -- [DEBUG] -- [main &gt;&gt;&gt;&gt; PropertySourcesPropertyResolver.java:103 &gt;&gt;&gt;&gt; Method = getProperty] -- [Content = Could not find key &apos;data_source_url&apos; in any property source. Returning [null]]
[2018-07-02 21:44:25.990] -- [DEBUG] -- [main &gt;&gt;&gt;&gt; PropertySourcesPropertyResolver.java:81 &gt;&gt;&gt;&gt; Method = getProperty] -- [Content = Searching for key &apos;data_source_url&apos; in [localProperties]]
[2018-07-02 21:44:25.990] -- [DEBUG] -- [main &gt;&gt;&gt;&gt; PropertySourcesPropertyResolver.java:90 &gt;&gt;&gt;&gt; Method = getProperty] -- [Content = Found key &apos;data_source_url&apos; in [localProperties] with type [String] and value &apos;jdbc:mysql://localhost:3306/ssm?useUnicode=true&amp;characterEncoding=utf-8&amp;autoReconnect=true&amp;allowMultiQueries=true&apos;]
[2018-07-02 21:44:25.990] -- [TRACE] -- [main &gt;&gt;&gt;&gt; PropertyPlaceholderHelper.java:165 &gt;&gt;&gt;&gt; Method = parseStringValue] -- [Content = Resolved placeholder &apos;data_source_url&apos;]
[2018-07-02 21:44:25.991] -- [TRACE] -- [main &gt;&gt;&gt;&gt; PropertySourcesPropertyResolver.java:76 &gt;&gt;&gt;&gt; Method = getProperty] -- [Content = getProperty(&quot;data_source_username&quot;, String)]
[2018-07-02 21:44:25.991] -- [DEBUG] -- [main &gt;&gt;&gt;&gt; PropertySourcesPropertyResolver.java:81 &gt;&gt;&gt;&gt; Method = getProperty] -- [Content = Searching for key &apos;data_source_username&apos; in [environmentProperties]]
[2018-07-02 21:44:25.991] -- [TRACE] -- [main &gt;&gt;&gt;&gt; PropertySourcesPropertyResolver.java:76 &gt;&gt;&gt;&gt; Method = getProperty] -- [Content = getProperty(&quot;data_source_username&quot;, String)]
[2018-07-02 21:44:25.991] -- [DEBUG] -- [main &gt;&gt;&gt;&gt; PropertySourcesPropertyResolver.java:81 &gt;&gt;&gt;&gt; Method = getProperty] -- [Content = Searching for key &apos;data_source_username&apos; in [systemProperties]]
[2018-07-02 21:44:25.991] -- [DEBUG] -- [main &gt;&gt;&gt;&gt; PropertySourcesPropertyResolver.java:81 &gt;&gt;&gt;&gt; Method = getProperty] -- [Content = Searching for key &apos;data_source_username&apos; in [systemEnvironment]]
[2018-07-02 21:44:25.992] -- [DEBUG] -- [main &gt;&gt;&gt;&gt; PropertySourcesPropertyResolver.java:103 &gt;&gt;&gt;&gt; Method = getProperty] -- [Content = Could not find key &apos;data_source_username&apos; in any property source. Returning [null]]
[2018-07-02 21:44:25.992] -- [DEBUG] -- [main &gt;&gt;&gt;&gt; PropertySourcesPropertyResolver.java:81 &gt;&gt;&gt;&gt; Method = getProperty] -- [Content = Searching for key &apos;data_source_username&apos; in [localProperties]]
[2018-07-02 21:44:25.992] -- [DEBUG] -- [main &gt;&gt;&gt;&gt; PropertySourcesPropertyResolver.java:90 &gt;&gt;&gt;&gt; Method = getProperty] -- [Content = Found key &apos;data_source_username&apos; in [localProperties] with type [String] and value &apos;root &apos;]
[2018-07-02 21:44:25.992] -- [TRACE] -- [main &gt;&gt;&gt;&gt; PropertyPlaceholderHelper.java:165 &gt;&gt;&gt;&gt; Method = parseStringValue] -- [Content = Resolved placeholder &apos;data_source_username&apos;]
[2018-07-02 21:44:25.992] -- [TRACE] -- [main &gt;&gt;&gt;&gt; PropertySourcesPropertyResolver.java:76 &gt;&gt;&gt;&gt; Method = getProperty] -- [Content = getProperty(&quot;data_source_password&quot;, String)]
[2018-07-02 21:44:25.993] -- [DEBUG] -- [main &gt;&gt;&gt;&gt; PropertySourcesPropertyResolver.java:81 &gt;&gt;&gt;&gt; Method = getProperty] -- [Content = Searching for key &apos;data_source_password&apos; in [environmentProperties]]
[2018-07-02 21:44:25.993] -- [TRACE] -- [main &gt;&gt;&gt;&gt; PropertySourcesPropertyResolver.java:76 &gt;&gt;&gt;&gt; Method = getProperty] -- [Content = getProperty(&quot;data_source_password&quot;, String)]
[2018-07-02 21:44:25.993] -- [DEBUG] -- [main &gt;&gt;&gt;&gt; PropertySourcesPropertyResolver.java:81 &gt;&gt;&gt;&gt; Method = getProperty] -- [Content = Searching for key &apos;data_source_password&apos; in [systemProperties]]
[2018-07-02 21:44:25.993] -- [DEBUG] -- [main &gt;&gt;&gt;&gt; PropertySourcesPropertyResolver.java:81 &gt;&gt;&gt;&gt; Method = getProperty] -- [Content = Searching for key &apos;data_source_password&apos; in [systemEnvironment]]
[2018-07-02 21:44:25.993] -- [DEBUG] -- [main &gt;&gt;&gt;&gt; PropertySourcesPropertyResolver.java:103 &gt;&gt;&gt;&gt; Method = getProperty] -- [Content = Could not find key &apos;data_source_password&apos; in any property source. Returning [null]]
[2018-07-02 21:44:25.994] -- [DEBUG] -- [main &gt;&gt;&gt;&gt; PropertySourcesPropertyResolver.java:81 &gt;&gt;&gt;&gt; Method = getProperty] -- [Content = Searching for key &apos;data_source_password&apos; in [localProperties]]
[2018-07-02 21:44:25.994] -- [DEBUG] -- [main &gt;&gt;&gt;&gt; PropertySourcesPropertyResolver.java:90 &gt;&gt;&gt;&gt; Method = getProperty] -- [Content = Found key &apos;data_source_password&apos; in [localProperties] with type [String] and value &apos;123456&apos;]
[2018-07-02 21:44:25.994] -- [TRACE] -- [main &gt;&gt;&gt;&gt; PropertyPlaceholderHelper.java:165 &gt;&gt;&gt;&gt; Method = parseStringValue] -- [Content = Resolved placeholder &apos;data_source_password&apos;]
[2018-07-02 21:44:25.994] -- [TRACE] -- [main &gt;&gt;&gt;&gt; PropertySourcesPropertyResolver.java:76 &gt;&gt;&gt;&gt; Method = getProperty] -- [Content = getProperty(&quot;validation_query&quot;, String)]
[2018-07-02 21:44:25.994] -- [DEBUG] -- [main &gt;&gt;&gt;&gt; PropertySourcesPropertyResolver.java:81 &gt;&gt;&gt;&gt; Method = getProperty] -- [Content = Searching for key &apos;validation_query&apos; in [environmentProperties]]
[2018-07-02 21:44:25.995] -- [TRACE] -- [main &gt;&gt;&gt;&gt; PropertySourcesPropertyResolver.java:76 &gt;&gt;&gt;&gt; Method = getProperty] -- [Content = getProperty(&quot;validation_query&quot;, String)]
[2018-07-02 21:44:25.995] -- [DEBUG] -- [main &gt;&gt;&gt;&gt; PropertySourcesPropertyResolver.java:81 &gt;&gt;&gt;&gt; Method = getProperty] -- [Content = Searching for key &apos;validation_query&apos; in [systemProperties]]
[2018-07-02 21:44:25.995] -- [DEBUG] -- [main &gt;&gt;&gt;&gt; PropertySourcesPropertyResolver.java:81 &gt;&gt;&gt;&gt; Method = getProperty] -- [Content = Searching for key &apos;validation_query&apos; in [systemEnvironment]]
[2018-07-02 21:44:25.995] -- [DEBUG] -- [main &gt;&gt;&gt;&gt; PropertySourcesPropertyResolver.java:103 &gt;&gt;&gt;&gt; Method = getProperty] -- [Content = Could not find key &apos;validation_query&apos; in any property source. Returning [null]]
[2018-07-02 21:44:25.995] -- [DEBUG] -- [main &gt;&gt;&gt;&gt; PropertySourcesPropertyResolver.java:81 &gt;&gt;&gt;&gt; Method = getProperty] -- [Content = Searching for key &apos;validation_query&apos; in [localProperties]]
[2018-07-02 21:44:25.996] -- [DEBUG] -- [main &gt;&gt;&gt;&gt; PropertySourcesPropertyResolver.java:90 &gt;&gt;&gt;&gt; Method = getProperty] -- [Content = Found key &apos;validation_query&apos; in [localProperties] with type [String] and value &apos;SELECT 1&apos;]
[2018-07-02 21:44:25.996] -- [TRACE] -- [main &gt;&gt;&gt;&gt; PropertyPlaceholderHelper.java:165 &gt;&gt;&gt;&gt; Method = parseStringValue] -- [Content = Resolved placeholder &apos;validation_query&apos;]
[2018-07-02 21:44:25.996] -- [DEBUG] -- [main &gt;&gt;&gt;&gt; DefaultSingletonBeanRegistry.java:221 &gt;&gt;&gt;&gt; Method = getSingleton] -- [Content = Creating shared instance of singleton bean &apos;emBeanDefinitionRegistrarPostProcessor&apos;]
[2018-07-02 21:44:25.997] -- [DEBUG] -- [main &gt;&gt;&gt;&gt; AbstractAutowireCapableBeanFactory.java:448 &gt;&gt;&gt;&gt; Method = createBean] -- [Content = Creating instance of bean &apos;emBeanDefinitionRegistrarPostProcessor&apos;]
[2018-07-02 21:44:25.997] -- [DEBUG] -- [main &gt;&gt;&gt;&gt; AbstractAutowireCapableBeanFactory.java:529 &gt;&gt;&gt;&gt; Method = doCreateBean] -- [Content = Eagerly caching bean &apos;emBeanDefinitionRegistrarPostProcessor&apos; to allow for resolving potential circular references]
[2018-07-02 21:44:25.997] -- [DEBUG] -- [main &gt;&gt;&gt;&gt; AbstractAutowireCapableBeanFactory.java:484 &gt;&gt;&gt;&gt; Method = createBean] -- [Content = Finished creating instance of bean &apos;emBeanDefinitionRegistrarPostProcessor&apos;]
[2018-07-02 21:44:25.998] -- [DEBUG] -- [main &gt;&gt;&gt;&gt; DefaultSingletonBeanRegistry.java:221 &gt;&gt;&gt;&gt; Method = getSingleton] -- [Content = Creating shared instance of singleton bean &apos;org.springframework.context.annotation.internalAutowiredAnnotationProcessor&apos;]
[2018-07-02 21:44:25.999] -- [DEBUG] -- [main &gt;&gt;&gt;&gt; AbstractAutowireCapableBeanFactory.java:448 &gt;&gt;&gt;&gt; Method = createBean] -- [Content = Creating instance of bean &apos;org.springframework.context.annotation.internalAutowiredAnnotationProcessor&apos;]
[2018-07-02 21:44:25.999] -- [INFO] -- [main &gt;&gt;&gt;&gt; AutowiredAnnotationBeanPostProcessor.java:153 &gt;&gt;&gt;&gt; Method = &lt;init&gt;] -- [Content = JSR-330 &apos;javax.inject.Inject&apos; annotation found and supported for autowiring]
[2018-07-02 21:44:25.999] -- [DEBUG] -- [main &gt;&gt;&gt;&gt; AbstractAutowireCapableBeanFactory.java:529 &gt;&gt;&gt;&gt; Method = doCreateBean] -- [Content = Eagerly caching bean &apos;org.springframework.context.annotation.internalAutowiredAnnotationProcessor&apos; to allow for resolving potential circular references]
[2018-07-02 21:44:25.999] -- [DEBUG] -- [main &gt;&gt;&gt;&gt; AbstractAutowireCapableBeanFactory.java:484 &gt;&gt;&gt;&gt; Method = createBean] -- [Content = Finished creating instance of bean &apos;org.springframework.context.annotation.internalAutowiredAnnotationProcessor&apos;]
[2018-07-02 21:44:25.999] -- [DEBUG] -- [main &gt;&gt;&gt;&gt; DefaultSingletonBeanRegistry.java:221 &gt;&gt;&gt;&gt; Method = getSingleton] -- [Content = Creating shared instance of singleton bean &apos;org.springframework.context.annotation.internalRequiredAnnotationProcessor&apos;]
[2018-07-02 21:44:26.000] -- [DEBUG] -- [main &gt;&gt;&gt;&gt; AbstractAutowireCapableBeanFactory.java:448 &gt;&gt;&gt;&gt; Method = createBean] -- [Content = Creating instance of bean &apos;org.springframework.context.annotation.internalRequiredAnnotationProcessor&apos;]
[2018-07-02 21:44:26.000] -- [DEBUG] -- [main &gt;&gt;&gt;&gt; AbstractAutowireCapableBeanFactory.java:529 &gt;&gt;&gt;&gt; Method = doCreateBean] -- [Content = Eagerly caching bean &apos;org.springframework.context.annotation.internalRequiredAnnotationProcessor&apos; to allow for resolving potential circular references]
[2018-07-02 21:44:26.000] -- [DEBUG] -- [main &gt;&gt;&gt;&gt; AbstractAutowireCapableBeanFactory.java:484 &gt;&gt;&gt;&gt; Method = createBean] -- [Content = Finished creating instance of bean &apos;org.springframework.context.annotation.internalRequiredAnnotationProcessor&apos;]
[2018-07-02 21:44:26.000] -- [DEBUG] -- [main &gt;&gt;&gt;&gt; DefaultSingletonBeanRegistry.java:221 &gt;&gt;&gt;&gt; Method = getSingleton] -- [Content = Creating shared instance of singleton bean &apos;org.springframework.context.annotation.internalCommonAnnotationProcessor&apos;]
[2018-07-02 21:44:26.001] -- [DEBUG] -- [main &gt;&gt;&gt;&gt; AbstractAutowireCapableBeanFactory.java:448 &gt;&gt;&gt;&gt; Method = createBean] -- [Content = Creating instance of bean &apos;org.springframework.context.annotation.internalCommonAnnotationProcessor&apos;]
[2018-07-02 21:44:26.001] -- [DEBUG] -- [main &gt;&gt;&gt;&gt; AbstractAutowireCapableBeanFactory.java:529 &gt;&gt;&gt;&gt; Method = doCreateBean] -- [Content = Eagerly caching bean &apos;org.springframework.context.annotation.internalCommonAnnotationProcessor&apos; to allow for resolving potential circular references]
[2018-07-02 21:44:26.001] -- [DEBUG] -- [main &gt;&gt;&gt;&gt; AbstractAutowireCapableBeanFactory.java:484 &gt;&gt;&gt;&gt; Method = createBean] -- [Content = Finished creating instance of bean &apos;org.springframework.context.annotation.internalCommonAnnotationProcessor&apos;]
[2018-07-02 21:44:26.001] -- [DEBUG] -- [main &gt;&gt;&gt;&gt; DefaultSingletonBeanRegistry.java:221 &gt;&gt;&gt;&gt; Method = getSingleton] -- [Content = Creating shared instance of singleton bean &apos;org.springframework.context.annotation.internalPersistenceAnnotationProcessor&apos;]
[2018-07-02 21:44:26.001] -- [DEBUG] -- [main &gt;&gt;&gt;&gt; AbstractAutowireCapableBeanFactory.java:448 &gt;&gt;&gt;&gt; Method = createBean] -- [Content = Creating instance of bean &apos;org.springframework.context.annotation.internalPersistenceAnnotationProcessor&apos;]
[2018-07-02 21:44:26.002] -- [DEBUG] -- [main &gt;&gt;&gt;&gt; AbstractAutowireCapableBeanFactory.java:529 &gt;&gt;&gt;&gt; Method = doCreateBean] -- [Content = Eagerly caching bean &apos;org.springframework.context.annotation.internalPersistenceAnnotationProcessor&apos; to allow for resolving potential circular references]
[2018-07-02 21:44:26.002] -- [DEBUG] -- [main &gt;&gt;&gt;&gt; AbstractAutowireCapableBeanFactory.java:484 &gt;&gt;&gt;&gt; Method = createBean] -- [Content = Finished creating instance of bean &apos;org.springframework.context.annotation.internalPersistenceAnnotationProcessor&apos;]
[2018-07-02 21:44:26.002] -- [DEBUG] -- [main &gt;&gt;&gt;&gt; DefaultSingletonBeanRegistry.java:221 &gt;&gt;&gt;&gt; Method = getSingleton] -- [Content = Creating shared instance of singleton bean &apos;org.springframework.data.repository.core.support.RepositoryFactoryBeanSupport_Predictor&apos;]
[2018-07-02 21:44:26.002] -- [DEBUG] -- [main &gt;&gt;&gt;&gt; AbstractAutowireCapableBeanFactory.java:448 &gt;&gt;&gt;&gt; Method = createBean] -- [Content = Creating instance of bean &apos;org.springframework.data.repository.core.support.RepositoryFactoryBeanSupport_Predictor&apos;]
[2018-07-02 21:44:26.003] -- [TRACE] -- [main &gt;&gt;&gt;&gt; TypeConverterDelegate.java:434 &gt;&gt;&gt;&gt; Method = doConvertValue] -- [Content = Converting String to [class java.lang.Class] using property editor [org.springframework.beans.propertyeditors.ClassEditor@34a1d21f]]
[2018-07-02 21:44:26.004] -- [TRACE] -- [main &gt;&gt;&gt;&gt; TypeConverterDelegate.java:434 &gt;&gt;&gt;&gt; Method = doConvertValue] -- [Content = Converting String to [class [Ljava.lang.String;] using property editor [org.springframework.beans.propertyeditors.StringArrayPropertyEditor@73c60324]]
[2018-07-02 21:44:26.004] -- [DEBUG] -- [main &gt;&gt;&gt;&gt; AbstractAutowireCapableBeanFactory.java:529 &gt;&gt;&gt;&gt; Method = doCreateBean] -- [Content = Eagerly caching bean &apos;org.springframework.data.repository.core.support.RepositoryFactoryBeanSupport_Predictor&apos; to allow for resolving potential circular references]
[2018-07-02 21:44:26.004] -- [DEBUG] -- [main &gt;&gt;&gt;&gt; AbstractAutowireCapableBeanFactory.java:484 &gt;&gt;&gt;&gt; Method = createBean] -- [Content = Finished creating instance of bean &apos;org.springframework.data.repository.core.support.RepositoryFactoryBeanSupport_Predictor&apos;]
[2018-07-02 21:44:26.004] -- [DEBUG] -- [main &gt;&gt;&gt;&gt; DefaultSingletonBeanRegistry.java:221 &gt;&gt;&gt;&gt; Method = getSingleton] -- [Content = Creating shared instance of singleton bean &apos;org.springframework.context.annotation.ConfigurationClassPostProcessor.importAwareProcessor&apos;]
[2018-07-02 21:44:26.004] -- [DEBUG] -- [main &gt;&gt;&gt;&gt; AbstractAutowireCapableBeanFactory.java:448 &gt;&gt;&gt;&gt; Method = createBean] -- [Content = Creating instance of bean &apos;org.springframework.context.annotation.ConfigurationClassPostProcessor.importAwareProcessor&apos;]
[2018-07-02 21:44:26.004] -- [DEBUG] -- [main &gt;&gt;&gt;&gt; AbstractAutowireCapableBeanFactory.java:529 &gt;&gt;&gt;&gt; Method = doCreateBean] -- [Content = Eagerly caching bean &apos;org.springframework.context.annotation.ConfigurationClassPostProcessor.importAwareProcessor&apos; to allow for resolving potential circular references]
[2018-07-02 21:44:26.005] -- [DEBUG] -- [main &gt;&gt;&gt;&gt; AbstractAutowireCapableBeanFactory.java:484 &gt;&gt;&gt;&gt; Method = createBean] -- [Content = Finished creating instance of bean &apos;org.springframework.context.annotation.ConfigurationClassPostProcessor.importAwareProcessor&apos;]
[2018-07-02 21:44:26.010] -- [DEBUG] -- [main &gt;&gt;&gt;&gt; DefaultSingletonBeanRegistry.java:221 &gt;&gt;&gt;&gt; Method = getSingleton] -- [Content = Creating shared instance of singleton bean &apos;org.springframework.context.annotation.ConfigurationClassPostProcessor.enhancedConfigurationProcessor&apos;]
[2018-07-02 21:44:26.011] -- [DEBUG] -- [main &gt;&gt;&gt;&gt; AbstractAutowireCapableBeanFactory.java:448 &gt;&gt;&gt;&gt; Method = createBean] -- [Content = Creating instance of bean &apos;org.springframework.context.annotation.ConfigurationClassPostProcessor.enhancedConfigurationProcessor&apos;]
[2018-07-02 21:44:26.011] -- [DEBUG] -- [main &gt;&gt;&gt;&gt; AbstractAutowireCapableBeanFactory.java:529 &gt;&gt;&gt;&gt; Method = doCreateBean] -- [Content = Eagerly caching bean &apos;org.springframework.context.annotation.ConfigurationClassPostProcessor.enhancedConfigurationProcessor&apos; to allow for resolving potential circular references]
[2018-07-02 21:44:26.011] -- [DEBUG] -- [main &gt;&gt;&gt;&gt; AbstractAutowireCapableBeanFactory.java:484 &gt;&gt;&gt;&gt; Method = createBean] -- [Content = Finished creating instance of bean &apos;org.springframework.context.annotation.ConfigurationClassPostProcessor.enhancedConfigurationProcessor&apos;]
[2018-07-02 21:44:26.012] -- [DEBUG] -- [main &gt;&gt;&gt;&gt; DefaultSingletonBeanRegistry.java:221 &gt;&gt;&gt;&gt; Method = getSingleton] -- [Content = Creating shared instance of singleton bean &apos;org.springframework.aop.config.internalAutoProxyCreator&apos;]
[2018-07-02 21:44:26.012] -- [DEBUG] -- [main &gt;&gt;&gt;&gt; AbstractAutowireCapableBeanFactory.java:448 &gt;&gt;&gt;&gt; Method = createBean] -- [Content = Creating instance of bean &apos;org.springframework.aop.config.internalAutoProxyCreator&apos;]
[2018-07-02 21:44:26.013] -- [DEBUG] -- [main &gt;&gt;&gt;&gt; AbstractAutowireCapableBeanFactory.java:529 &gt;&gt;&gt;&gt; Method = doCreateBean] -- [Content = Eagerly caching bean &apos;org.springframework.aop.config.internalAutoProxyCreator&apos; to allow for resolving potential circular references]
[2018-07-02 21:44:26.013] -- [TRACE] -- [main &gt;&gt;&gt;&gt; CachedIntrospectionResults.java:265 &gt;&gt;&gt;&gt; Method = &lt;init&gt;] -- [Content = Getting BeanInfo for class [org.springframework.aop.aspectj.autoproxy.AspectJAwareAdvisorAutoProxyCreator]]
[2018-07-02 21:44:26.013] -- [TRACE] -- [main &gt;&gt;&gt;&gt; CachedIntrospectionResults.java:284 &gt;&gt;&gt;&gt; Method = &lt;init&gt;] -- [Content = Caching PropertyDescriptors for class [org.springframework.aop.aspectj.autoproxy.AspectJAwareAdvisorAutoProxyCreator]]
[2018-07-02 21:44:26.014] -- [TRACE] -- [main &gt;&gt;&gt;&gt; CachedIntrospectionResults.java:297 &gt;&gt;&gt;&gt; Method = &lt;init&gt;] -- [Content = Found bean property &apos;advisorAdapterRegistry&apos; of type [org.springframework.aop.framework.adapter.AdvisorAdapterRegistry]]
[2018-07-02 21:44:26.014] -- [TRACE] -- [main &gt;&gt;&gt;&gt; CachedIntrospectionResults.java:297 &gt;&gt;&gt;&gt; Method = &lt;init&gt;] -- [Content = Found bean property &apos;applyCommonInterceptorsFirst&apos; of type [boolean]]
[2018-07-02 21:44:26.014] -- [TRACE] -- [main &gt;&gt;&gt;&gt; CachedIntrospectionResults.java:297 &gt;&gt;&gt;&gt; Method = &lt;init&gt;] -- [Content = Found bean property &apos;beanClassLoader&apos; of type [java.lang.ClassLoader]]
[2018-07-02 21:44:26.015] -- [TRACE] -- [main &gt;&gt;&gt;&gt; CachedIntrospectionResults.java:297 &gt;&gt;&gt;&gt; Method = &lt;init&gt;] -- [Content = Found bean property &apos;beanFactory&apos; of type [org.springframework.beans.factory.BeanFactory]]
[2018-07-02 21:44:26.015] -- [TRACE] -- [main &gt;&gt;&gt;&gt; CachedIntrospectionResults.java:297 &gt;&gt;&gt;&gt; Method = &lt;init&gt;] -- [Content = Found bean property &apos;class&apos; of type [java.lang.Class]]
[2018-07-02 21:44:26.015] -- [TRACE] -- [main &gt;&gt;&gt;&gt; CachedIntrospectionResults.java:297 &gt;&gt;&gt;&gt; Method = &lt;init&gt;] -- [Content = Found bean property &apos;customTargetSourceCreators&apos; of type [[Lorg.springframework.aop.framework.autoproxy.TargetSourceCreator;]]
[2018-07-02 21:44:26.015] -- [TRACE] -- [main &gt;&gt;&gt;&gt; CachedIntrospectionResults.java:297 &gt;&gt;&gt;&gt; Method = &lt;init&gt;] -- [Content = Found bean property &apos;exposeProxy&apos; of type [boolean]]
[2018-07-02 21:44:26.015] -- [TRACE] -- [main &gt;&gt;&gt;&gt; CachedIntrospectionResults.java:297 &gt;&gt;&gt;&gt; Method = &lt;init&gt;] -- [Content = Found bean property &apos;frozen&apos; of type [boolean]]
[2018-07-02 21:44:26.016] -- [TRACE] -- [main &gt;&gt;&gt;&gt; CachedIntrospectionResults.java:297 &gt;&gt;&gt;&gt; Method = &lt;init&gt;] -- [Content = Found bean property &apos;interceptorNames&apos; of type [[Ljava.lang.String;]]
[2018-07-02 21:44:26.016] -- [TRACE] -- [main &gt;&gt;&gt;&gt; CachedIntrospectionResults.java:297 &gt;&gt;&gt;&gt; Method = &lt;init&gt;] -- [Content = Found bean property &apos;opaque&apos; of type [boolean]]
[2018-07-02 21:44:26.016] -- [TRACE] -- [main &gt;&gt;&gt;&gt; CachedIntrospectionResults.java:297 &gt;&gt;&gt;&gt; Method = &lt;init&gt;] -- [Content = Found bean property &apos;optimize&apos; of type [boolean]]
[2018-07-02 21:44:26.016] -- [TRACE] -- [main &gt;&gt;&gt;&gt; CachedIntrospectionResults.java:297 &gt;&gt;&gt;&gt; Method = &lt;init&gt;] -- [Content = Found bean property &apos;order&apos; of type [int]]
[2018-07-02 21:44:26.017] -- [TRACE] -- [main &gt;&gt;&gt;&gt; CachedIntrospectionResults.java:297 &gt;&gt;&gt;&gt; Method = &lt;init&gt;] -- [Content = Found bean property &apos;proxyClassLoader&apos; of type [java.lang.ClassLoader]]
[2018-07-02 21:44:26.017] -- [TRACE] -- [main &gt;&gt;&gt;&gt; CachedIntrospectionResults.java:297 &gt;&gt;&gt;&gt; Method = &lt;init&gt;] -- [Content = Found bean property &apos;proxyTargetClass&apos; of type [boolean]]
[2018-07-02 21:44:26.018] -- [DEBUG] -- [main &gt;&gt;&gt;&gt; AbstractAutowireCapableBeanFactory.java:484 &gt;&gt;&gt;&gt; Method = createBean] -- [Content = Finished creating instance of bean &apos;org.springframework.aop.config.internalAutoProxyCreator&apos;]
[2018-07-02 21:44:26.018] -- [DEBUG] -- [main &gt;&gt;&gt;&gt; AbstractApplicationContext.java:718 &gt;&gt;&gt;&gt; Method = initMessageSource] -- [Content = Unable to locate MessageSource with name &apos;messageSource&apos;: using default [org.springframework.context.support.DelegatingMessageSource@71ae31b0]]
[2018-07-02 21:44:26.018] -- [DEBUG] -- [main &gt;&gt;&gt;&gt; AbstractApplicationContext.java:742 &gt;&gt;&gt;&gt; Method = initApplicationEventMulticaster] -- [Content = Unable to locate ApplicationEventMulticaster with name &apos;applicationEventMulticaster&apos;: using default [org.springframework.context.event.SimpleApplicationEventMulticaster@4ba534b0]]
[2018-07-02 21:44:26.034] -- [DEBUG] -- [main &gt;&gt;&gt;&gt; DefaultSingletonBeanRegistry.java:221 &gt;&gt;&gt;&gt; Method = getSingleton] -- [Content = Creating shared instance of singleton bean &apos;entityManagerFactory&apos;]
[2018-07-02 21:44:26.037] -- [DEBUG] -- [main &gt;&gt;&gt;&gt; AbstractAutowireCapableBeanFactory.java:448 &gt;&gt;&gt;&gt; Method = createBean] -- [Content = Creating instance of bean &apos;entityManagerFactory&apos;]
[2018-07-02 21:44:26.039] -- [DEBUG] -- [main &gt;&gt;&gt;&gt; DefaultSingletonBeanRegistry.java:221 &gt;&gt;&gt;&gt; Method = getSingleton] -- [Content = Creating shared instance of singleton bean &apos;org.springframework.aop.support.DefaultBeanFactoryPointcutAdvisor#0&apos;]
[2018-07-02 21:44:26.040] -- [DEBUG] -- [main &gt;&gt;&gt;&gt; AbstractAutowireCapableBeanFactory.java:448 &gt;&gt;&gt;&gt; Method = createBean] -- [Content = Creating instance of bean &apos;org.springframework.aop.support.DefaultBeanFactoryPointcutAdvisor#0&apos;]
[2018-07-02 21:44:26.040] -- [TRACE] -- [main &gt;&gt;&gt;&gt; AbstractAutoProxyCreator.java:376 &gt;&gt;&gt;&gt; Method = isInfrastructureClass] -- [Content = Did not attempt to auto-proxy infrastructure class [org.springframework.aop.support.DefaultBeanFactoryPointcutAdvisor]]
[2018-07-02 21:44:26.040] -- [DEBUG] -- [main &gt;&gt;&gt;&gt; AbstractAutowireCapableBeanFactory.java:529 &gt;&gt;&gt;&gt; Method = doCreateBean] -- [Content = Eagerly caching bean &apos;org.springframework.aop.support.DefaultBeanFactoryPointcutAdvisor#0&apos; to allow for resolving potential circular references]
[2018-07-02 21:44:26.040] -- [TRACE] -- [main &gt;&gt;&gt;&gt; CachedIntrospectionResults.java:265 &gt;&gt;&gt;&gt; Method = &lt;init&gt;] -- [Content = Getting BeanInfo for class [org.springframework.aop.support.DefaultBeanFactoryPointcutAdvisor]]
[2018-07-02 21:44:26.041] -- [TRACE] -- [main &gt;&gt;&gt;&gt; CachedIntrospectionResults.java:284 &gt;&gt;&gt;&gt; Method = &lt;init&gt;] -- [Content = Caching PropertyDescriptors for class [org.springframework.aop.support.DefaultBeanFactoryPointcutAdvisor]]
[2018-07-02 21:44:26.041] -- [TRACE] -- [main &gt;&gt;&gt;&gt; CachedIntrospectionResults.java:297 &gt;&gt;&gt;&gt; Method = &lt;init&gt;] -- [Content = Found bean property &apos;advice&apos; of type [org.aopalliance.aop.Advice]]
[2018-07-02 21:44:26.042] -- [TRACE] -- [main &gt;&gt;&gt;&gt; CachedIntrospectionResults.java:297 &gt;&gt;&gt;&gt; Method = &lt;init&gt;] -- [Content = Found bean property &apos;adviceBeanName&apos; of type [java.lang.String]]
[2018-07-02 21:44:26.042] -- [TRACE] -- [main &gt;&gt;&gt;&gt; CachedIntrospectionResults.java:297 &gt;&gt;&gt;&gt; Method = &lt;init&gt;] -- [Content = Found bean property &apos;beanFactory&apos; of type [org.springframework.beans.factory.BeanFactory]]
[2018-07-02 21:44:26.043] -- [TRACE] -- [main &gt;&gt;&gt;&gt; CachedIntrospectionResults.java:297 &gt;&gt;&gt;&gt; Method = &lt;init&gt;] -- [Content = Found bean property &apos;class&apos; of type [java.lang.Class]]
[2018-07-02 21:44:26.044] -- [TRACE] -- [main &gt;&gt;&gt;&gt; CachedIntrospectionResults.java:297 &gt;&gt;&gt;&gt; Method = &lt;init&gt;] -- [Content = Found bean property &apos;order&apos; of type [int]]
[2018-07-02 21:44:26.044] -- [TRACE] -- [main &gt;&gt;&gt;&gt; CachedIntrospectionResults.java:297 &gt;&gt;&gt;&gt; Method = &lt;init&gt;] -- [Content = Found bean property &apos;perInstance&apos; of type [boolean]]
[2018-07-02 21:44:26.045] -- [TRACE] -- [main &gt;&gt;&gt;&gt; CachedIntrospectionResults.java:297 &gt;&gt;&gt;&gt; Method = &lt;init&gt;] -- [Content = Found bean property &apos;pointcut&apos; of type [org.springframework.aop.Pointcut]]
[2018-07-02 21:44:26.046] -- [DEBUG] -- [main &gt;&gt;&gt;&gt; AbstractAutowireCapableBeanFactory.java:448 &gt;&gt;&gt;&gt; Method = createBean] -- [Content = Creating instance of bean &apos;druid-stat-pointcut&apos;]
[2018-07-02 21:44:26.046] -- [DEBUG] -- [main &gt;&gt;&gt;&gt; BeanFactoryAdvisorRetrievalHelper.java:87 &gt;&gt;&gt;&gt; Method = findAdvisorBeans] -- [Content = Skipping currently created advisor &apos;org.springframework.aop.support.DefaultBeanFactoryPointcutAdvisor#0&apos;]
[2018-07-02 21:44:26.047] -- [DEBUG] -- [main &gt;&gt;&gt;&gt; DefaultSingletonBeanRegistry.java:221 &gt;&gt;&gt;&gt; Method = getSingleton] -- [Content = Creating shared instance of singleton bean &apos;org.springframework.aop.support.DefaultBeanFactoryPointcutAdvisor#1&apos;]
[2018-07-02 21:44:26.047] -- [DEBUG] -- [main &gt;&gt;&gt;&gt; AbstractAutowireCapableBeanFactory.java:448 &gt;&gt;&gt;&gt; Method = createBean] -- [Content = Creating instance of bean &apos;org.springframework.aop.support.DefaultBeanFactoryPointcutAdvisor#1&apos;]
[2018-07-02 21:44:26.047] -- [TRACE] -- [main &gt;&gt;&gt;&gt; AbstractAutoProxyCreator.java:376 &gt;&gt;&gt;&gt; Method = isInfrastructureClass] -- [Content = Did not attempt to auto-proxy infrastructure class [org.springframework.aop.support.DefaultBeanFactoryPointcutAdvisor]]
[2018-07-02 21:44:26.048] -- [DEBUG] -- [main &gt;&gt;&gt;&gt; AbstractAutowireCapableBeanFactory.java:529 &gt;&gt;&gt;&gt; Method = doCreateBean] -- [Content = Eagerly caching bean &apos;org.springframework.aop.support.DefaultBeanFactoryPointcutAdvisor#1&apos; to allow for resolving potential circular references]
[2018-07-02 21:44:26.048] -- [DEBUG] -- [main &gt;&gt;&gt;&gt; AbstractAutowireCapableBeanFactory.java:448 &gt;&gt;&gt;&gt; Method = createBean] -- [Content = Creating instance of bean &apos;transactionPointcut&apos;]
[2018-07-02 21:44:26.048] -- [TRACE] -- [main &gt;&gt;&gt;&gt; CachedIntrospectionResults.java:265 &gt;&gt;&gt;&gt; Method = &lt;init&gt;] -- [Content = Getting BeanInfo for class [org.springframework.aop.aspectj.AspectJExpressionPointcut]]
[2018-07-02 21:44:26.049] -- [TRACE] -- [main &gt;&gt;&gt;&gt; CachedIntrospectionResults.java:284 &gt;&gt;&gt;&gt; Method = &lt;init&gt;] -- [Content = Caching PropertyDescriptors for class [org.springframework.aop.aspectj.AspectJExpressionPointcut]]
[2018-07-02 21:44:26.049] -- [TRACE] -- [main &gt;&gt;&gt;&gt; CachedIntrospectionResults.java:297 &gt;&gt;&gt;&gt; Method = &lt;init&gt;] -- [Content = Found bean property &apos;beanFactory&apos; of type [org.springframework.beans.factory.BeanFactory]]
[2018-07-02 21:44:26.049] -- [TRACE] -- [main &gt;&gt;&gt;&gt; CachedIntrospectionResults.java:297 &gt;&gt;&gt;&gt; Method = &lt;init&gt;] -- [Content = Found bean property &apos;class&apos; of type [java.lang.Class]]
[2018-07-02 21:44:26.053] -- [TRACE] -- [main &gt;&gt;&gt;&gt; CachedIntrospectionResults.java:297 &gt;&gt;&gt;&gt; Method = &lt;init&gt;] -- [Content = Found bean property &apos;classFilter&apos; of type [org.springframework.aop.ClassFilter]]
[2018-07-02 21:44:26.054] -- [TRACE] -- [main &gt;&gt;&gt;&gt; CachedIntrospectionResults.java:297 &gt;&gt;&gt;&gt; Method = &lt;init&gt;] -- [Content = Found bean property &apos;expression&apos; of type [java.lang.String]]
[2018-07-02 21:44:26.055] -- [TRACE] -- [main &gt;&gt;&gt;&gt; CachedIntrospectionResults.java:297 &gt;&gt;&gt;&gt; Method = &lt;init&gt;] -- [Content = Found bean property &apos;location&apos; of type [java.lang.String]]
[2018-07-02 21:44:26.055] -- [TRACE] -- [main &gt;&gt;&gt;&gt; CachedIntrospectionResults.java:297 &gt;&gt;&gt;&gt; Method = &lt;init&gt;] -- [Content = Found bean property &apos;methodMatcher&apos; of type [org.springframework.aop.MethodMatcher]]
[2018-07-02 21:44:26.056] -- [TRACE] -- [main &gt;&gt;&gt;&gt; CachedIntrospectionResults.java:297 &gt;&gt;&gt;&gt; Method = &lt;init&gt;] -- [Content = Found bean property &apos;parameterNames&apos; of type [[Ljava.lang.String;]]
[2018-07-02 21:44:26.056] -- [TRACE] -- [main &gt;&gt;&gt;&gt; CachedIntrospectionResults.java:297 &gt;&gt;&gt;&gt; Method = &lt;init&gt;] -- [Content = Found bean property &apos;parameterTypes&apos; of type [[Ljava.lang.Class;]]
[2018-07-02 21:44:26.056] -- [TRACE] -- [main &gt;&gt;&gt;&gt; CachedIntrospectionResults.java:297 &gt;&gt;&gt;&gt; Method = &lt;init&gt;] -- [Content = Found bean property &apos;pointcutDeclarationScope&apos; of type [java.lang.Class]]
[2018-07-02 21:44:26.057] -- [TRACE] -- [main &gt;&gt;&gt;&gt; CachedIntrospectionResults.java:297 &gt;&gt;&gt;&gt; Method = &lt;init&gt;] -- [Content = Found bean property &apos;pointcutExpression&apos; of type [org.aspectj.weaver.tools.PointcutExpression]]
[2018-07-02 21:44:26.057] -- [TRACE] -- [main &gt;&gt;&gt;&gt; CachedIntrospectionResults.java:297 &gt;&gt;&gt;&gt; Method = &lt;init&gt;] -- [Content = Found bean property &apos;runtime&apos; of type [boolean]]
[2018-07-02 21:44:26.057] -- [DEBUG] -- [main &gt;&gt;&gt;&gt; AbstractAutowireCapableBeanFactory.java:484 &gt;&gt;&gt;&gt; Method = createBean] -- [Content = Finished creating instance of bean &apos;transactionPointcut&apos;]
[2018-07-02 21:44:26.058] -- [DEBUG] -- [main &gt;&gt;&gt;&gt; AbstractAutowireCapableBeanFactory.java:484 &gt;&gt;&gt;&gt; Method = createBean] -- [Content = Finished creating instance of bean &apos;org.springframework.aop.support.DefaultBeanFactoryPointcutAdvisor#1&apos;]
[2018-07-02 21:44:26.058] -- [TRACE] -- [main &gt;&gt;&gt;&gt; CachedIntrospectionResults.java:265 &gt;&gt;&gt;&gt; Method = &lt;init&gt;] -- [Content = Getting BeanInfo for class [org.springframework.aop.support.JdkRegexpMethodPointcut]]
[2018-07-02 21:44:26.059] -- [TRACE] -- [main &gt;&gt;&gt;&gt; CachedIntrospectionResults.java:284 &gt;&gt;&gt;&gt; Method = &lt;init&gt;] -- [Content = Caching PropertyDescriptors for class [org.springframework.aop.support.JdkRegexpMethodPointcut]]
[2018-07-02 21:44:26.059] -- [TRACE] -- [main &gt;&gt;&gt;&gt; CachedIntrospectionResults.java:297 &gt;&gt;&gt;&gt; Method = &lt;init&gt;] -- [Content = Found bean property &apos;class&apos; of type [java.lang.Class]]
[2018-07-02 21:44:26.059] -- [TRACE] -- [main &gt;&gt;&gt;&gt; CachedIntrospectionResults.java:297 &gt;&gt;&gt;&gt; Method = &lt;init&gt;] -- [Content = Found bean property &apos;classFilter&apos; of type [org.springframework.aop.ClassFilter]]
[2018-07-02 21:44:26.059] -- [TRACE] -- [main &gt;&gt;&gt;&gt; CachedIntrospectionResults.java:297 &gt;&gt;&gt;&gt; Method = &lt;init&gt;] -- [Content = Found bean property &apos;excludedPattern&apos; of type [java.lang.String]]
[2018-07-02 21:44:26.060] -- [TRACE] -- [main &gt;&gt;&gt;&gt; CachedIntrospectionResults.java:297 &gt;&gt;&gt;&gt; Method = &lt;init&gt;] -- [Content = Found bean property &apos;excludedPatterns&apos; of type [[Ljava.lang.String;]]
[2018-07-02 21:44:26.060] -- [TRACE] -- [main &gt;&gt;&gt;&gt; CachedIntrospectionResults.java:297 &gt;&gt;&gt;&gt; Method = &lt;init&gt;] -- [Content = Found bean property &apos;methodMatcher&apos; of type [org.springframework.aop.MethodMatcher]]
[2018-07-02 21:44:26.060] -- [TRACE] -- [main &gt;&gt;&gt;&gt; CachedIntrospectionResults.java:297 &gt;&gt;&gt;&gt; Method = &lt;init&gt;] -- [Content = Found bean property &apos;pattern&apos; of type [java.lang.String]]
[2018-07-02 21:44:26.060] -- [TRACE] -- [main &gt;&gt;&gt;&gt; CachedIntrospectionResults.java:297 &gt;&gt;&gt;&gt; Method = &lt;init&gt;] -- [Content = Found bean property &apos;patterns&apos; of type [[Ljava.lang.String;]]
[2018-07-02 21:44:26.060] -- [TRACE] -- [main &gt;&gt;&gt;&gt; CachedIntrospectionResults.java:297 &gt;&gt;&gt;&gt; Method = &lt;init&gt;] -- [Content = Found bean property &apos;runtime&apos; of type [boolean]]
[2018-07-02 21:44:26.061] -- [DEBUG] -- [main &gt;&gt;&gt;&gt; BeanFactoryAdvisorRetrievalHelper.java:87 &gt;&gt;&gt;&gt; Method = findAdvisorBeans] -- [Content = Skipping currently created advisor &apos;org.springframework.aop.support.DefaultBeanFactoryPointcutAdvisor#0&apos;]
[2018-07-02 21:44:26.061] -- [DEBUG] -- [main &gt;&gt;&gt;&gt; AbstractBeanFactory.java:251 &gt;&gt;&gt;&gt; Method = doGetBean] -- [Content = Returning cached instance of singleton bean &apos;org.springframework.aop.support.DefaultBeanFactoryPointcutAdvisor#1&apos;]
[2018-07-02 21:44:26.061] -- [DEBUG] -- [main &gt;&gt;&gt;&gt; BeanFactoryAdvisorRetrievalHelper.java:87 &gt;&gt;&gt;&gt; Method = findAdvisorBeans] -- [Content = Skipping currently created advisor &apos;org.springframework.aop.support.DefaultBeanFactoryPointcutAdvisor#0&apos;]
[2018-07-02 21:44:26.067] -- [DEBUG] -- [main &gt;&gt;&gt;&gt; AbstractBeanFactory.java:251 &gt;&gt;&gt;&gt; Method = doGetBean] -- [Content = Returning cached instance of singleton bean &apos;org.springframework.aop.support.DefaultBeanFactoryPointcutAdvisor#1&apos;]
[2018-07-02 21:44:26.090] -- [DEBUG] -- [main &gt;&gt;&gt;&gt; AbstractAutowireCapableBeanFactory.java:484 &gt;&gt;&gt;&gt; Method = createBean] -- [Content = Finished creating instance of bean &apos;druid-stat-pointcut&apos;]
[2018-07-02 21:44:26.095] -- [DEBUG] -- [main &gt;&gt;&gt;&gt; AbstractAutowireCapableBeanFactory.java:484 &gt;&gt;&gt;&gt; Method = createBean] -- [Content = Finished creating instance of bean &apos;org.springframework.aop.support.DefaultBeanFactoryPointcutAdvisor#0&apos;]
[2018-07-02 21:44:26.096] -- [DEBUG] -- [main &gt;&gt;&gt;&gt; AbstractBeanFactory.java:251 &gt;&gt;&gt;&gt; Method = doGetBean] -- [Content = Returning cached instance of singleton bean &apos;org.springframework.aop.support.DefaultBeanFactoryPointcutAdvisor#1&apos;]
[2018-07-02 21:44:26.097] -- [DEBUG] -- [main &gt;&gt;&gt;&gt; AbstractAutowireCapableBeanFactory.java:529 &gt;&gt;&gt;&gt; Method = doCreateBean] -- [Content = Eagerly caching bean &apos;entityManagerFactory&apos; to allow for resolving potential circular references]
[2018-07-02 21:44:26.098] -- [TRACE] -- [main &gt;&gt;&gt;&gt; CachedIntrospectionResults.java:265 &gt;&gt;&gt;&gt; Method = &lt;init&gt;] -- [Content = Getting BeanInfo for class [org.springframework.orm.jpa.LocalContainerEntityManagerFactoryBean]]
[2018-07-02 21:44:26.099] -- [TRACE] -- [main &gt;&gt;&gt;&gt; CachedIntrospectionResults.java:284 &gt;&gt;&gt;&gt; Method = &lt;init&gt;] -- [Content = Caching PropertyDescriptors for class [org.springframework.orm.jpa.LocalContainerEntityManagerFactoryBean]]
[2018-07-02 21:44:26.099] -- [TRACE] -- [main &gt;&gt;&gt;&gt; CachedIntrospectionResults.java:297 &gt;&gt;&gt;&gt; Method = &lt;init&gt;] -- [Content = Found bean property &apos;beanClassLoader&apos; of type [java.lang.ClassLoader]]
[2018-07-02 21:44:26.100] -- [TRACE] -- [main &gt;&gt;&gt;&gt; CachedIntrospectionResults.java:297 &gt;&gt;&gt;&gt; Method = &lt;init&gt;] -- [Content = Found bean property &apos;beanFactory&apos; of type [org.springframework.beans.factory.BeanFactory]]
[2018-07-02 21:44:26.100] -- [TRACE] -- [main &gt;&gt;&gt;&gt; CachedIntrospectionResults.java:297 &gt;&gt;&gt;&gt; Method = &lt;init&gt;] -- [Content = Found bean property &apos;beanName&apos; of type [java.lang.String]]
[2018-07-02 21:44:26.100] -- [TRACE] -- [main &gt;&gt;&gt;&gt; CachedIntrospectionResults.java:297 &gt;&gt;&gt;&gt; Method = &lt;init&gt;] -- [Content = Found bean property &apos;class&apos; of type [java.lang.Class]]
[2018-07-02 21:44:26.101] -- [TRACE] -- [main &gt;&gt;&gt;&gt; CachedIntrospectionResults.java:297 &gt;&gt;&gt;&gt; Method = &lt;init&gt;] -- [Content = Found bean property &apos;dataSource&apos; of type [javax.sql.DataSource]]
[2018-07-02 21:44:26.104] -- [TRACE] -- [main &gt;&gt;&gt;&gt; CachedIntrospectionResults.java:297 &gt;&gt;&gt;&gt; Method = &lt;init&gt;] -- [Content = Found bean property &apos;entityManagerFactoryInterface&apos; of type [java.lang.Class]]
[2018-07-02 21:44:26.104] -- [TRACE] -- [main &gt;&gt;&gt;&gt; CachedIntrospectionResults.java:297 &gt;&gt;&gt;&gt; Method = &lt;init&gt;] -- [Content = Found bean property &apos;entityManagerInterface&apos; of type [java.lang.Class]]
[2018-07-02 21:44:26.105] -- [TRACE] -- [main &gt;&gt;&gt;&gt; CachedIntrospectionResults.java:297 &gt;&gt;&gt;&gt; Method = &lt;init&gt;] -- [Content = Found bean property &apos;jpaDialect&apos; of type [org.springframework.orm.jpa.JpaDialect]]
[2018-07-02 21:44:26.105] -- [TRACE] -- [main &gt;&gt;&gt;&gt; CachedIntrospectionResults.java:297 &gt;&gt;&gt;&gt; Method = &lt;init&gt;] -- [Content = Found bean property &apos;jpaProperties&apos; of type [java.util.Properties]]
[2018-07-02 21:44:26.105] -- [TRACE] -- [main &gt;&gt;&gt;&gt; CachedIntrospectionResults.java:297 &gt;&gt;&gt;&gt; Method = &lt;init&gt;] -- [Content = Found bean property &apos;jpaPropertyMap&apos; of type [java.util.Map]]
[2018-07-02 21:44:26.105] -- [TRACE] -- [main &gt;&gt;&gt;&gt; CachedIntrospectionResults.java:297 &gt;&gt;&gt;&gt; Method = &lt;init&gt;] -- [Content = Found bean property &apos;jpaVendorAdapter&apos; of type [org.springframework.orm.jpa.JpaVendorAdapter]]
[2018-07-02 21:44:26.105] -- [TRACE] -- [main &gt;&gt;&gt;&gt; CachedIntrospectionResults.java:297 &gt;&gt;&gt;&gt; Method = &lt;init&gt;] -- [Content = Found bean property &apos;jtaDataSource&apos; of type [javax.sql.DataSource]]
[2018-07-02 21:44:26.105] -- [TRACE] -- [main &gt;&gt;&gt;&gt; CachedIntrospectionResults.java:297 &gt;&gt;&gt;&gt; Method = &lt;init&gt;] -- [Content = Found bean property &apos;loadTimeWeaver&apos; of type [org.springframework.instrument.classloading.LoadTimeWeaver]]
[2018-07-02 21:44:26.106] -- [TRACE] -- [main &gt;&gt;&gt;&gt; CachedIntrospectionResults.java:297 &gt;&gt;&gt;&gt; Method = &lt;init&gt;] -- [Content = Found bean property &apos;mappingResources&apos; of type [[Ljava.lang.String;]]
[2018-07-02 21:44:26.106] -- [TRACE] -- [main &gt;&gt;&gt;&gt; CachedIntrospectionResults.java:297 &gt;&gt;&gt;&gt; Method = &lt;init&gt;] -- [Content = Found bean property &apos;nativeEntityManagerFactory&apos; of type [javax.persistence.EntityManagerFactory]]
[2018-07-02 21:44:26.106] -- [TRACE] -- [main &gt;&gt;&gt;&gt; CachedIntrospectionResults.java:297 &gt;&gt;&gt;&gt; Method = &lt;init&gt;] -- [Content = Found bean property &apos;object&apos; of type [javax.persistence.EntityManagerFactory]]
[2018-07-02 21:44:26.106] -- [TRACE] -- [main &gt;&gt;&gt;&gt; CachedIntrospectionResults.java:297 &gt;&gt;&gt;&gt; Method = &lt;init&gt;] -- [Content = Found bean property &apos;objectType&apos; of type [java.lang.Class]]
[2018-07-02 21:44:26.106] -- [TRACE] -- [main &gt;&gt;&gt;&gt; CachedIntrospectionResults.java:297 &gt;&gt;&gt;&gt; Method = &lt;init&gt;] -- [Content = Found bean property &apos;packagesToScan&apos; of type [[Ljava.lang.String;]]
[2018-07-02 21:44:26.106] -- [TRACE] -- [main &gt;&gt;&gt;&gt; CachedIntrospectionResults.java:297 &gt;&gt;&gt;&gt; Method = &lt;init&gt;] -- [Content = Found bean property &apos;persistenceProvider&apos; of type [javax.persistence.spi.PersistenceProvider]]
[2018-07-02 21:44:26.107] -- [TRACE] -- [main &gt;&gt;&gt;&gt; CachedIntrospectionResults.java:297 &gt;&gt;&gt;&gt; Method = &lt;init&gt;] -- [Content = Found bean property &apos;persistenceProviderClass&apos; of type [java.lang.Class]]
[2018-07-02 21:44:26.107] -- [TRACE] -- [main &gt;&gt;&gt;&gt; CachedIntrospectionResults.java:297 &gt;&gt;&gt;&gt; Method = &lt;init&gt;] -- [Content = Found bean property &apos;persistenceUnitInfo&apos; of type [javax.persistence.spi.PersistenceUnitInfo]]
[2018-07-02 21:44:26.107] -- [TRACE] -- [main &gt;&gt;&gt;&gt; CachedIntrospectionResults.java:297 &gt;&gt;&gt;&gt; Method = &lt;init&gt;] -- [Content = Found bean property &apos;persistenceUnitManager&apos; of type [org.springframework.orm.jpa.persistenceunit.PersistenceUnitManager]]
[2018-07-02 21:44:26.107] -- [TRACE] -- [main &gt;&gt;&gt;&gt; CachedIntrospectionResults.java:297 &gt;&gt;&gt;&gt; Method = &lt;init&gt;] -- [Content = Found bean property &apos;persistenceUnitName&apos; of type [java.lang.String]]
[2018-07-02 21:44:26.107] -- [TRACE] -- [main &gt;&gt;&gt;&gt; CachedIntrospectionResults.java:297 &gt;&gt;&gt;&gt; Method = &lt;init&gt;] -- [Content = Found bean property &apos;persistenceUnitPostProcessors&apos; of type [[Lorg.springframework.orm.jpa.persistenceunit.PersistenceUnitPostProcessor;]]
[2018-07-02 21:44:26.107] -- [TRACE] -- [main &gt;&gt;&gt;&gt; CachedIntrospectionResults.java:297 &gt;&gt;&gt;&gt; Method = &lt;init&gt;] -- [Content = Found bean property &apos;persistenceXmlLocation&apos; of type [java.lang.String]]
[2018-07-02 21:44:26.108] -- [TRACE] -- [main &gt;&gt;&gt;&gt; CachedIntrospectionResults.java:297 &gt;&gt;&gt;&gt; Method = &lt;init&gt;] -- [Content = Found bean property &apos;resourceLoader&apos; of type [org.springframework.core.io.ResourceLoader]]
[2018-07-02 21:44:26.108] -- [TRACE] -- [main &gt;&gt;&gt;&gt; CachedIntrospectionResults.java:297 &gt;&gt;&gt;&gt; Method = &lt;init&gt;] -- [Content = Found bean property &apos;sharedCacheMode&apos; of type [javax.persistence.SharedCacheMode]]
[2018-07-02 21:44:26.108] -- [TRACE] -- [main &gt;&gt;&gt;&gt; CachedIntrospectionResults.java:297 &gt;&gt;&gt;&gt; Method = &lt;init&gt;] -- [Content = Found bean property &apos;singleton&apos; of type [boolean]]
[2018-07-02 21:44:26.108] -- [TRACE] -- [main &gt;&gt;&gt;&gt; CachedIntrospectionResults.java:297 &gt;&gt;&gt;&gt; Method = &lt;init&gt;] -- [Content = Found bean property &apos;validationMode&apos; of type [javax.persistence.ValidationMode]]
[2018-07-02 21:44:26.110] -- [DEBUG] -- [main &gt;&gt;&gt;&gt; DefaultSingletonBeanRegistry.java:221 &gt;&gt;&gt;&gt; Method = getSingleton] -- [Content = Creating shared instance of singleton bean &apos;dataSource&apos;]
[2018-07-02 21:44:26.110] -- [DEBUG] -- [main &gt;&gt;&gt;&gt; AbstractAutowireCapableBeanFactory.java:448 &gt;&gt;&gt;&gt; Method = createBean] -- [Content = Creating instance of bean &apos;dataSource&apos;]
[2018-07-02 21:44:26.110] -- [DEBUG] -- [main &gt;&gt;&gt;&gt; AbstractBeanFactory.java:251 &gt;&gt;&gt;&gt; Method = doGetBean] -- [Content = Returning cached instance of singleton bean &apos;org.springframework.aop.support.DefaultBeanFactoryPointcutAdvisor#0&apos;]
[2018-07-02 21:44:26.110] -- [DEBUG] -- [main &gt;&gt;&gt;&gt; AbstractBeanFactory.java:251 &gt;&gt;&gt;&gt; Method = doGetBean] -- [Content = Returning cached instance of singleton bean &apos;org.springframework.aop.support.DefaultBeanFactoryPointcutAdvisor#1&apos;]
[2018-07-02 21:44:26.112] -- [DEBUG] -- [main &gt;&gt;&gt;&gt; AbstractAutowireCapableBeanFactory.java:529 &gt;&gt;&gt;&gt; Method = doCreateBean] -- [Content = Eagerly caching bean &apos;dataSource&apos; to allow for resolving potential circular references]
[2018-07-02 21:44:26.113] -- [TRACE] -- [main &gt;&gt;&gt;&gt; CachedIntrospectionResults.java:265 &gt;&gt;&gt;&gt; Method = &lt;init&gt;] -- [Content = Getting BeanInfo for class [com.alibaba.druid.pool.DruidDataSource]]
[2018-07-02 21:44:26.115] -- [TRACE] -- [main &gt;&gt;&gt;&gt; CachedIntrospectionResults.java:284 &gt;&gt;&gt;&gt; Method = &lt;init&gt;] -- [Content = Caching PropertyDescriptors for class [com.alibaba.druid.pool.DruidDataSource]]
[2018-07-02 21:44:26.115] -- [TRACE] -- [main &gt;&gt;&gt;&gt; CachedIntrospectionResults.java:297 &gt;&gt;&gt;&gt; Method = &lt;init&gt;] -- [Content = Found bean property &apos;ID&apos; of type [long]]
[2018-07-02 21:44:26.116] -- [TRACE] -- [main &gt;&gt;&gt;&gt; CachedIntrospectionResults.java:297 &gt;&gt;&gt;&gt; Method = &lt;init&gt;] -- [Content = Found bean property &apos;accessToUnderlyingConnectionAllowed&apos; of type [boolean]]
[2018-07-02 21:44:26.116] -- [TRACE] -- [main &gt;&gt;&gt;&gt; CachedIntrospectionResults.java:297 &gt;&gt;&gt;&gt; Method = &lt;init&gt;] -- [Content = Found bean property &apos;activeConnectionStackTrace&apos; of type [java.util.List]]
[2018-07-02 21:44:26.117] -- [TRACE] -- [main &gt;&gt;&gt;&gt; CachedIntrospectionResults.java:297 &gt;&gt;&gt;&gt; Method = &lt;init&gt;] -- [Content = Found bean property &apos;activeConnections&apos; of type [java.util.Set]]
[2018-07-02 21:44:26.117] -- [TRACE] -- [main &gt;&gt;&gt;&gt; CachedIntrospectionResults.java:297 &gt;&gt;&gt;&gt; Method = &lt;init&gt;] -- [Content = Found bean property &apos;activeCount&apos; of type [int]]
[2018-07-02 21:44:26.117] -- [TRACE] -- [main &gt;&gt;&gt;&gt; CachedIntrospectionResults.java:297 &gt;&gt;&gt;&gt; Method = &lt;init&gt;] -- [Content = Found bean property &apos;activePeak&apos; of type [int]]
[2018-07-02 21:44:26.117] -- [TRACE] -- [main &gt;&gt;&gt;&gt; CachedIntrospectionResults.java:297 &gt;&gt;&gt;&gt; Method = &lt;init&gt;] -- [Content = Found bean property &apos;activePeakTime&apos; of type [java.util.Date]]
[2018-07-02 21:44:26.118] -- [TRACE] -- [main &gt;&gt;&gt;&gt; CachedIntrospectionResults.java:297 &gt;&gt;&gt;&gt; Method = &lt;init&gt;] -- [Content = Found bean property &apos;breakAfterAcquireFailure&apos; of type [boolean]]
[2018-07-02 21:44:26.118] -- [TRACE] -- [main &gt;&gt;&gt;&gt; CachedIntrospectionResults.java:297 &gt;&gt;&gt;&gt; Method = &lt;init&gt;] -- [Content = Found bean property &apos;cachedPreparedStatementAccessCount&apos; of type [long]]
[2018-07-02 21:44:26.118] -- [TRACE] -- [main &gt;&gt;&gt;&gt; CachedIntrospectionResults.java:297 &gt;&gt;&gt;&gt; Method = &lt;init&gt;] -- [Content = Found bean property &apos;cachedPreparedStatementCount&apos; of type [long]]
[2018-07-02 21:44:26.118] -- [TRACE] -- [main &gt;&gt;&gt;&gt; CachedIntrospectionResults.java:297 &gt;&gt;&gt;&gt; Method = &lt;init&gt;] -- [Content = Found bean property &apos;cachedPreparedStatementDeleteCount&apos; of type [long]]
[2018-07-02 21:44:26.118] -- [TRACE] -- [main &gt;&gt;&gt;&gt; CachedIntrospectionResults.java:297 &gt;&gt;&gt;&gt; Method = &lt;init&gt;] -- [Content = Found bean property &apos;cachedPreparedStatementHitCount&apos; of type [long]]
[2018-07-02 21:44:26.119] -- [TRACE] -- [main &gt;&gt;&gt;&gt; CachedIntrospectionResults.java:297 &gt;&gt;&gt;&gt; Method = &lt;init&gt;] -- [Content = Found bean property &apos;cachedPreparedStatementMissCount&apos; of type [long]]
[2018-07-02 21:44:26.119] -- [TRACE] -- [main &gt;&gt;&gt;&gt; CachedIntrospectionResults.java:297 &gt;&gt;&gt;&gt; Method = &lt;init&gt;] -- [Content = Found bean property &apos;class&apos; of type [java.lang.Class]]
[2018-07-02 21:44:26.119] -- [TRACE] -- [main &gt;&gt;&gt;&gt; CachedIntrospectionResults.java:297 &gt;&gt;&gt;&gt; Method = &lt;init&gt;] -- [Content = Found bean property &apos;clearFiltersEnable&apos; of type [boolean]]
[2018-07-02 21:44:26.119] -- [TRACE] -- [main &gt;&gt;&gt;&gt; CachedIntrospectionResults.java:297 &gt;&gt;&gt;&gt; Method = &lt;init&gt;] -- [Content = Found bean property &apos;closeCount&apos; of type [long]]
[2018-07-02 21:44:26.119] -- [TRACE] -- [main &gt;&gt;&gt;&gt; CachedIntrospectionResults.java:297 &gt;&gt;&gt;&gt; Method = &lt;init&gt;] -- [Content = Found bean property &apos;closedPreparedStatementCount&apos; of type [long]]
[2018-07-02 21:44:26.120] -- [TRACE] -- [main &gt;&gt;&gt;&gt; CachedIntrospectionResults.java:297 &gt;&gt;&gt;&gt; Method = &lt;init&gt;] -- [Content = Found bean property &apos;commitCount&apos; of type [long]]
[2018-07-02 21:44:26.120] -- [TRACE] -- [main &gt;&gt;&gt;&gt; CachedIntrospectionResults.java:297 &gt;&gt;&gt;&gt; Method = &lt;init&gt;] -- [Content = Found bean property &apos;compositeData&apos; of type [javax.management.openmbean.CompositeDataSupport]]
[2018-07-02 21:44:26.120] -- [TRACE] -- [main &gt;&gt;&gt;&gt; CachedIntrospectionResults.java:297 &gt;&gt;&gt;&gt; Method = &lt;init&gt;] -- [Content = Found bean property &apos;connectCount&apos; of type [long]]
[2018-07-02 21:44:26.120] -- [TRACE] -- [main &gt;&gt;&gt;&gt; CachedIntrospectionResults.java:297 &gt;&gt;&gt;&gt; Method = &lt;init&gt;] -- [Content = Found bean property &apos;connectErrorCount&apos; of type [long]]
[2018-07-02 21:44:26.121] -- [TRACE] -- [main &gt;&gt;&gt;&gt; CachedIntrospectionResults.java:297 &gt;&gt;&gt;&gt; Method = &lt;init&gt;] -- [Content = Found bean property &apos;connectProperties&apos; of type [java.util.Properties]]
[2018-07-02 21:44:26.121] -- [TRACE] -- [main &gt;&gt;&gt;&gt; CachedIntrospectionResults.java:297 &gt;&gt;&gt;&gt; Method = &lt;init&gt;] -- [Content = Found bean property &apos;connection&apos; of type [com.alibaba.druid.pool.DruidPooledConnection]]
[2018-07-02 21:44:26.121] -- [TRACE] -- [main &gt;&gt;&gt;&gt; CachedIntrospectionResults.java:297 &gt;&gt;&gt;&gt; Method = &lt;init&gt;] -- [Content = Found bean property &apos;connectionErrorRetryAttempts&apos; of type [int]]
[2018-07-02 21:44:26.121] -- [TRACE] -- [main &gt;&gt;&gt;&gt; CachedIntrospectionResults.java:297 &gt;&gt;&gt;&gt; Method = &lt;init&gt;] -- [Content = Found bean property &apos;connectionInitSqls&apos; of type [java.util.Collection]]
[2018-07-02 21:44:26.122] -- [TRACE] -- [main &gt;&gt;&gt;&gt; CachedIntrospectionResults.java:297 &gt;&gt;&gt;&gt; Method = &lt;init&gt;] -- [Content = Found bean property &apos;connectionProperties&apos; of type [java.lang.String]]
[2018-07-02 21:44:26.122] -- [TRACE] -- [main &gt;&gt;&gt;&gt; CachedIntrospectionResults.java:297 &gt;&gt;&gt;&gt; Method = &lt;init&gt;] -- [Content = Found bean property &apos;createCount&apos; of type [long]]
[2018-07-02 21:44:26.122] -- [TRACE] -- [main &gt;&gt;&gt;&gt; CachedIntrospectionResults.java:297 &gt;&gt;&gt;&gt; Method = &lt;init&gt;] -- [Content = Found bean property &apos;createErrorCount&apos; of type [long]]
[2018-07-02 21:44:26.122] -- [TRACE] -- [main &gt;&gt;&gt;&gt; CachedIntrospectionResults.java:297 &gt;&gt;&gt;&gt; Method = &lt;init&gt;] -- [Content = Found bean property &apos;createTimespanMillis&apos; of type [long]]
[2018-07-02 21:44:26.122] -- [TRACE] -- [main &gt;&gt;&gt;&gt; CachedIntrospectionResults.java:297 &gt;&gt;&gt;&gt; Method = &lt;init&gt;] -- [Content = Found bean property &apos;createTimespanNano&apos; of type [long]]
[2018-07-02 21:44:26.123] -- [TRACE] -- [main &gt;&gt;&gt;&gt; CachedIntrospectionResults.java:297 &gt;&gt;&gt;&gt; Method = &lt;init&gt;] -- [Content = Found bean property &apos;createdTime&apos; of type [java.util.Date]]
[2018-07-02 21:44:26.123] -- [TRACE] -- [main &gt;&gt;&gt;&gt; CachedIntrospectionResults.java:297 &gt;&gt;&gt;&gt; Method = &lt;init&gt;] -- [Content = Found bean property &apos;dataSourceStat&apos; of type [com.alibaba.druid.stat.JdbcDataSourceStat]]
[2018-07-02 21:44:26.123] -- [TRACE] -- [main &gt;&gt;&gt;&gt; CachedIntrospectionResults.java:297 &gt;&gt;&gt;&gt; Method = &lt;init&gt;] -- [Content = Found bean property &apos;dbType&apos; of type [java.lang.String]]
[2018-07-02 21:44:26.123] -- [TRACE] -- [main &gt;&gt;&gt;&gt; CachedIntrospectionResults.java:297 &gt;&gt;&gt;&gt; Method = &lt;init&gt;] -- [Content = Found bean property &apos;defaultAutoCommit&apos; of type [boolean]]
[2018-07-02 21:44:26.123] -- [TRACE] -- [main &gt;&gt;&gt;&gt; CachedIntrospectionResults.java:297 &gt;&gt;&gt;&gt; Method = &lt;init&gt;] -- [Content = Found bean property &apos;defaultCatalog&apos; of type [java.lang.String]]
[2018-07-02 21:44:26.124] -- [TRACE] -- [main &gt;&gt;&gt;&gt; CachedIntrospectionResults.java:297 &gt;&gt;&gt;&gt; Method = &lt;init&gt;] -- [Content = Found bean property &apos;defaultReadOnly&apos; of type [java.lang.Boolean]]
[2018-07-02 21:44:26.124] -- [TRACE] -- [main &gt;&gt;&gt;&gt; CachedIntrospectionResults.java:297 &gt;&gt;&gt;&gt; Method = &lt;init&gt;] -- [Content = Found bean property &apos;defaultTransactionIsolation&apos; of type [java.lang.Integer]]
[2018-07-02 21:44:26.124] -- [TRACE] -- [main &gt;&gt;&gt;&gt; CachedIntrospectionResults.java:297 &gt;&gt;&gt;&gt; Method = &lt;init&gt;] -- [Content = Found bean property &apos;destroyCount&apos; of type [long]]
[2018-07-02 21:44:26.124] -- [TRACE] -- [main &gt;&gt;&gt;&gt; CachedIntrospectionResults.java:297 &gt;&gt;&gt;&gt; Method = &lt;init&gt;] -- [Content = Found bean property &apos;discardCount&apos; of type [long]]
[2018-07-02 21:44:26.125] -- [TRACE] -- [main &gt;&gt;&gt;&gt; CachedIntrospectionResults.java:297 &gt;&gt;&gt;&gt; Method = &lt;init&gt;] -- [Content = Found bean property &apos;driver&apos; of type [java.sql.Driver]]
[2018-07-02 21:44:26.126] -- [TRACE] -- [main &gt;&gt;&gt;&gt; CachedIntrospectionResults.java:297 &gt;&gt;&gt;&gt; Method = &lt;init&gt;] -- [Content = Found bean property &apos;driverClassLoader&apos; of type [java.lang.ClassLoader]]
[2018-07-02 21:44:26.127] -- [TRACE] -- [main &gt;&gt;&gt;&gt; CachedIntrospectionResults.java:297 &gt;&gt;&gt;&gt; Method = &lt;init&gt;] -- [Content = Found bean property &apos;driverClassName&apos; of type [java.lang.String]]
[2018-07-02 21:44:26.127] -- [TRACE] -- [main &gt;&gt;&gt;&gt; CachedIntrospectionResults.java:297 &gt;&gt;&gt;&gt; Method = &lt;init&gt;] -- [Content = Found bean property &apos;driverMajorVersion&apos; of type [int]]
[2018-07-02 21:44:26.128] -- [TRACE] -- [main &gt;&gt;&gt;&gt; CachedIntrospectionResults.java:297 &gt;&gt;&gt;&gt; Method = &lt;init&gt;] -- [Content = Found bean property &apos;driverMinorVersion&apos; of type [int]]
[2018-07-02 21:44:26.128] -- [TRACE] -- [main &gt;&gt;&gt;&gt; CachedIntrospectionResults.java:297 &gt;&gt;&gt;&gt; Method = &lt;init&gt;] -- [Content = Found bean property &apos;dupCloseCount&apos; of type [long]]
[2018-07-02 21:44:26.128] -- [TRACE] -- [main &gt;&gt;&gt;&gt; CachedIntrospectionResults.java:297 &gt;&gt;&gt;&gt; Method = &lt;init&gt;] -- [Content = Found bean property &apos;dupCloseLogEnable&apos; of type [boolean]]
[2018-07-02 21:44:26.128] -- [TRACE] -- [main &gt;&gt;&gt;&gt; CachedIntrospectionResults.java:297 &gt;&gt;&gt;&gt; Method = &lt;init&gt;] -- [Content = Found bean property &apos;enable&apos; of type [boolean]]
[2018-07-02 21:44:26.129] -- [TRACE] -- [main &gt;&gt;&gt;&gt; CachedIntrospectionResults.java:297 &gt;&gt;&gt;&gt; Method = &lt;init&gt;] -- [Content = Found bean property &apos;errorCount&apos; of type [long]]
[2018-07-02 21:44:26.129] -- [TRACE] -- [main &gt;&gt;&gt;&gt; CachedIntrospectionResults.java:297 &gt;&gt;&gt;&gt; Method = &lt;init&gt;] -- [Content = Found bean property &apos;exceptionSorter&apos; of type [com.alibaba.druid.pool.ExceptionSorter]]
[2018-07-02 21:44:26.129] -- [TRACE] -- [main &gt;&gt;&gt;&gt; CachedIntrospectionResults.java:297 &gt;&gt;&gt;&gt; Method = &lt;init&gt;] -- [Content = Found bean property &apos;exceptionSorterClassName&apos; of type [java.lang.String]]
[2018-07-02 21:44:26.129] -- [TRACE] -- [main &gt;&gt;&gt;&gt; CachedIntrospectionResults.java:297 &gt;&gt;&gt;&gt; Method = &lt;init&gt;] -- [Content = Found bean property &apos;executeCount&apos; of type [long]]
[2018-07-02 21:44:26.130] -- [TRACE] -- [main &gt;&gt;&gt;&gt; CachedIntrospectionResults.java:297 &gt;&gt;&gt;&gt; Method = &lt;init&gt;] -- [Content = Found bean property &apos;filterClassNames&apos; of type [java.util.List]]
[2018-07-02 21:44:26.130] -- [TRACE] -- [main &gt;&gt;&gt;&gt; CachedIntrospectionResults.java:297 &gt;&gt;&gt;&gt; Method = &lt;init&gt;] -- [Content = Found bean property &apos;filterClasses&apos; of type [[Ljava.lang.String;]]
[2018-07-02 21:44:26.130] -- [TRACE] -- [main &gt;&gt;&gt;&gt; CachedIntrospectionResults.java:297 &gt;&gt;&gt;&gt; Method = &lt;init&gt;] -- [Content = Found bean property &apos;filters&apos; of type [java.lang.String]]
[2018-07-02 21:44:26.130] -- [TRACE] -- [main &gt;&gt;&gt;&gt; CachedIntrospectionResults.java:297 &gt;&gt;&gt;&gt; Method = &lt;init&gt;] -- [Content = Found bean property &apos;initStackTrace&apos; of type [java.lang.String]]
[2018-07-02 21:44:26.131] -- [TRACE] -- [main &gt;&gt;&gt;&gt; CachedIntrospectionResults.java:297 &gt;&gt;&gt;&gt; Method = &lt;init&gt;] -- [Content = Found bean property &apos;inited&apos; of type [boolean]]
[2018-07-02 21:44:26.132] -- [TRACE] -- [main &gt;&gt;&gt;&gt; CachedIntrospectionResults.java:297 &gt;&gt;&gt;&gt; Method = &lt;init&gt;] -- [Content = Found bean property &apos;initialSize&apos; of type [int]]
[2018-07-02 21:44:26.132] -- [TRACE] -- [main &gt;&gt;&gt;&gt; CachedIntrospectionResults.java:297 &gt;&gt;&gt;&gt; Method = &lt;init&gt;] -- [Content = Found bean property &apos;lastCreateError&apos; of type [java.lang.Throwable]]
[2018-07-02 21:44:26.133] -- [TRACE] -- [main &gt;&gt;&gt;&gt; CachedIntrospectionResults.java:297 &gt;&gt;&gt;&gt; Method = &lt;init&gt;] -- [Content = Found bean property &apos;lastCreateErrorTime&apos; of type [java.util.Date]]
[2018-07-02 21:44:26.133] -- [TRACE] -- [main &gt;&gt;&gt;&gt; CachedIntrospectionResults.java:297 &gt;&gt;&gt;&gt; Method = &lt;init&gt;] -- [Content = Found bean property &apos;lastCreateErrorTimeMillis&apos; of type [long]]
[2018-07-02 21:44:26.133] -- [TRACE] -- [main &gt;&gt;&gt;&gt; CachedIntrospectionResults.java:297 &gt;&gt;&gt;&gt; Method = &lt;init&gt;] -- [Content = Found bean property &apos;lastError&apos; of type [java.lang.Throwable]]
[2018-07-02 21:44:26.133] -- [TRACE] -- [main &gt;&gt;&gt;&gt; CachedIntrospectionResults.java:297 &gt;&gt;&gt;&gt; Method = &lt;init&gt;] -- [Content = Found bean property &apos;lastErrorTime&apos; of type [java.util.Date]]
[2018-07-02 21:44:26.133] -- [TRACE] -- [main &gt;&gt;&gt;&gt; CachedIntrospectionResults.java:297 &gt;&gt;&gt;&gt; Method = &lt;init&gt;] -- [Content = Found bean property &apos;lastErrorTimeMillis&apos; of type [long]]
[2018-07-02 21:44:26.134] -- [TRACE] -- [main &gt;&gt;&gt;&gt; CachedIntrospectionResults.java:297 &gt;&gt;&gt;&gt; Method = &lt;init&gt;] -- [Content = Found bean property &apos;lock&apos; of type [java.util.concurrent.locks.Lock]]
[2018-07-02 21:44:26.134] -- [TRACE] -- [main &gt;&gt;&gt;&gt; CachedIntrospectionResults.java:297 &gt;&gt;&gt;&gt; Method = &lt;init&gt;] -- [Content = Found bean property &apos;lockQueueLength&apos; of type [int]]
[2018-07-02 21:44:26.134] -- [TRACE] -- [main &gt;&gt;&gt;&gt; CachedIntrospectionResults.java:297 &gt;&gt;&gt;&gt; Method = &lt;init&gt;] -- [Content = Found bean property &apos;logAbandoned&apos; of type [boolean]]
[2018-07-02 21:44:26.135] -- [TRACE] -- [main &gt;&gt;&gt;&gt; CachedIntrospectionResults.java:297 &gt;&gt;&gt;&gt; Method = &lt;init&gt;] -- [Content = Found bean property &apos;logWriter&apos; of type [java.io.PrintWriter]]
[2018-07-02 21:44:26.135] -- [TRACE] -- [main &gt;&gt;&gt;&gt; CachedIntrospectionResults.java:297 &gt;&gt;&gt;&gt; Method = &lt;init&gt;] -- [Content = Found bean property &apos;loginTimeout&apos; of type [int]]
[2018-07-02 21:44:26.136] -- [TRACE] -- [main &gt;&gt;&gt;&gt; CachedIntrospectionResults.java:297 &gt;&gt;&gt;&gt; Method = &lt;init&gt;] -- [Content = Found bean property &apos;maxActive&apos; of type [int]]
[2018-07-02 21:44:26.136] -- [TRACE] -- [main &gt;&gt;&gt;&gt; CachedIntrospectionResults.java:297 &gt;&gt;&gt;&gt; Method = &lt;init&gt;] -- [Content = Found bean property &apos;maxIdle&apos; of type [int]]
[2018-07-02 21:44:26.136] -- [TRACE] -- [main &gt;&gt;&gt;&gt; CachedIntrospectionResults.java:297 &gt;&gt;&gt;&gt; Method = &lt;init&gt;] -- [Content = Found bean property &apos;maxOpenPreparedStatements&apos; of type [int]]
[2018-07-02 21:44:26.137] -- [TRACE] -- [main &gt;&gt;&gt;&gt; CachedIntrospectionResults.java:297 &gt;&gt;&gt;&gt; Method = &lt;init&gt;] -- [Content = Found bean property &apos;maxPoolPreparedStatementPerConnectionSize&apos; of type [int]]
[2018-07-02 21:44:26.137] -- [TRACE] -- [main &gt;&gt;&gt;&gt; CachedIntrospectionResults.java:297 &gt;&gt;&gt;&gt; Method = &lt;init&gt;] -- [Content = Found bean property &apos;maxWait&apos; of type [long]]
[2018-07-02 21:44:26.137] -- [TRACE] -- [main &gt;&gt;&gt;&gt; CachedIntrospectionResults.java:297 &gt;&gt;&gt;&gt; Method = &lt;init&gt;] -- [Content = Found bean property &apos;maxWaitThreadCount&apos; of type [int]]
[2018-07-02 21:44:26.137] -- [TRACE] -- [main &gt;&gt;&gt;&gt; CachedIntrospectionResults.java:297 &gt;&gt;&gt;&gt; Method = &lt;init&gt;] -- [Content = Found bean property &apos;mbeanRegistered&apos; of type [boolean]]
[2018-07-02 21:44:26.137] -- [TRACE] -- [main &gt;&gt;&gt;&gt; CachedIntrospectionResults.java:297 &gt;&gt;&gt;&gt; Method = &lt;init&gt;] -- [Content = Found bean property &apos;minEvictableIdleTimeMillis&apos; of type [long]]
[2018-07-02 21:44:26.138] -- [TRACE] -- [main &gt;&gt;&gt;&gt; CachedIntrospectionResults.java:297 &gt;&gt;&gt;&gt; Method = &lt;init&gt;] -- [Content = Found bean property &apos;minIdle&apos; of type [int]]
[2018-07-02 21:44:26.138] -- [TRACE] -- [main &gt;&gt;&gt;&gt; CachedIntrospectionResults.java:297 &gt;&gt;&gt;&gt; Method = &lt;init&gt;] -- [Content = Found bean property &apos;name&apos; of type [java.lang.String]]
[2018-07-02 21:44:26.138] -- [TRACE] -- [main &gt;&gt;&gt;&gt; CachedIntrospectionResults.java:297 &gt;&gt;&gt;&gt; Method = &lt;init&gt;] -- [Content = Found bean property &apos;notEmptySignalCount&apos; of type [long]]
[2018-07-02 21:44:26.138] -- [TRACE] -- [main &gt;&gt;&gt;&gt; CachedIntrospectionResults.java:297 &gt;&gt;&gt;&gt; Method = &lt;init&gt;] -- [Content = Found bean property &apos;notEmptyWaitCount&apos; of type [long]]
[2018-07-02 21:44:26.138] -- [TRACE] -- [main &gt;&gt;&gt;&gt; CachedIntrospectionResults.java:297 &gt;&gt;&gt;&gt; Method = &lt;init&gt;] -- [Content = Found bean property &apos;notEmptyWaitMillis&apos; of type [long]]
[2018-07-02 21:44:26.139] -- [TRACE] -- [main &gt;&gt;&gt;&gt; CachedIntrospectionResults.java:297 &gt;&gt;&gt;&gt; Method = &lt;init&gt;] -- [Content = Found bean property &apos;notEmptyWaitNanos&apos; of type [long]]
[2018-07-02 21:44:26.139] -- [TRACE] -- [main &gt;&gt;&gt;&gt; CachedIntrospectionResults.java:297 &gt;&gt;&gt;&gt; Method = &lt;init&gt;] -- [Content = Found bean property &apos;notEmptyWaitThreadCount&apos; of type [int]]
[2018-07-02 21:44:26.139] -- [TRACE] -- [main &gt;&gt;&gt;&gt; CachedIntrospectionResults.java:297 &gt;&gt;&gt;&gt; Method = &lt;init&gt;] -- [Content = Found bean property &apos;notEmptyWaitThreadPeak&apos; of type [int]]
[2018-07-02 21:44:26.140] -- [TRACE] -- [main &gt;&gt;&gt;&gt; CachedIntrospectionResults.java:297 &gt;&gt;&gt;&gt; Method = &lt;init&gt;] -- [Content = Found bean property &apos;numTestsPerEvictionRun&apos; of type [int]]
[2018-07-02 21:44:26.141] -- [TRACE] -- [main &gt;&gt;&gt;&gt; CachedIntrospectionResults.java:297 &gt;&gt;&gt;&gt; Method = &lt;init&gt;] -- [Content = Found bean property &apos;objectName&apos; of type [javax.management.ObjectName]]
[2018-07-02 21:44:26.142] -- [TRACE] -- [main &gt;&gt;&gt;&gt; CachedIntrospectionResults.java:297 &gt;&gt;&gt;&gt; Method = &lt;init&gt;] -- [Content = Found bean property &apos;oracle&apos; of type [boolean]]
[2018-07-02 21:44:26.142] -- [TRACE] -- [main &gt;&gt;&gt;&gt; CachedIntrospectionResults.java:297 &gt;&gt;&gt;&gt; Method = &lt;init&gt;] -- [Content = Found bean property &apos;parentLogger&apos; of type [java.util.logging.Logger]]
[2018-07-02 21:44:26.142] -- [TRACE] -- [main &gt;&gt;&gt;&gt; CachedIntrospectionResults.java:297 &gt;&gt;&gt;&gt; Method = &lt;init&gt;] -- [Content = Found bean property &apos;password&apos; of type [java.lang.String]]
[2018-07-02 21:44:26.142] -- [TRACE] -- [main &gt;&gt;&gt;&gt; CachedIntrospectionResults.java:297 &gt;&gt;&gt;&gt; Method = &lt;init&gt;] -- [Content = Found bean property &apos;passwordCallback&apos; of type [javax.security.auth.callback.PasswordCallback]]
[2018-07-02 21:44:26.142] -- [TRACE] -- [main &gt;&gt;&gt;&gt; CachedIntrospectionResults.java:297 &gt;&gt;&gt;&gt; Method = &lt;init&gt;] -- [Content = Found bean property &apos;passwordCallbackClassName&apos; of type [java.lang.String]]
[2018-07-02 21:44:26.143] -- [TRACE] -- [main &gt;&gt;&gt;&gt; CachedIntrospectionResults.java:297 &gt;&gt;&gt;&gt; Method = &lt;init&gt;] -- [Content = Found bean property &apos;poolPreparedStatements&apos; of type [boolean]]
[2018-07-02 21:44:26.143] -- [TRACE] -- [main &gt;&gt;&gt;&gt; CachedIntrospectionResults.java:297 &gt;&gt;&gt;&gt; Method = &lt;init&gt;] -- [Content = Found bean property &apos;pooledConnection&apos; of type [javax.sql.PooledConnection]]
[2018-07-02 21:44:26.143] -- [TRACE] -- [main &gt;&gt;&gt;&gt; CachedIntrospectionResults.java:297 &gt;&gt;&gt;&gt; Method = &lt;init&gt;] -- [Content = Found bean property &apos;poolingConnectionInfo&apos; of type [java.util.List]]
[2018-07-02 21:44:26.143] -- [TRACE] -- [main &gt;&gt;&gt;&gt; CachedIntrospectionResults.java:297 &gt;&gt;&gt;&gt; Method = &lt;init&gt;] -- [Content = Found bean property &apos;poolingCount&apos; of type [int]]
[2018-07-02 21:44:26.143] -- [TRACE] -- [main &gt;&gt;&gt;&gt; CachedIntrospectionResults.java:297 &gt;&gt;&gt;&gt; Method = &lt;init&gt;] -- [Content = Found bean property &apos;poolingPeak&apos; of type [int]]
[2018-07-02 21:44:26.143] -- [TRACE] -- [main &gt;&gt;&gt;&gt; CachedIntrospectionResults.java:297 &gt;&gt;&gt;&gt; Method = &lt;init&gt;] -- [Content = Found bean property &apos;poolingPeakTime&apos; of type [java.util.Date]]
[2018-07-02 21:44:26.144] -- [TRACE] -- [main &gt;&gt;&gt;&gt; CachedIntrospectionResults.java:297 &gt;&gt;&gt;&gt; Method = &lt;init&gt;] -- [Content = Found bean property &apos;preparedStatementCount&apos; of type [long]]
[2018-07-02 21:44:26.144] -- [TRACE] -- [main &gt;&gt;&gt;&gt; CachedIntrospectionResults.java:297 &gt;&gt;&gt;&gt; Method = &lt;init&gt;] -- [Content = Found bean property &apos;properties&apos; of type [java.lang.String]]
[2018-07-02 21:44:26.144] -- [TRACE] -- [main &gt;&gt;&gt;&gt; CachedIntrospectionResults.java:297 &gt;&gt;&gt;&gt; Method = &lt;init&gt;] -- [Content = Found bean property &apos;proxyFilters&apos; of type [java.util.List]]
[2018-07-02 21:44:26.144] -- [TRACE] -- [main &gt;&gt;&gt;&gt; CachedIntrospectionResults.java:297 &gt;&gt;&gt;&gt; Method = &lt;init&gt;] -- [Content = Found bean property &apos;queryTimeout&apos; of type [int]]
[2018-07-02 21:44:26.144] -- [TRACE] -- [main &gt;&gt;&gt;&gt; CachedIntrospectionResults.java:297 &gt;&gt;&gt;&gt; Method = &lt;init&gt;] -- [Content = Found bean property &apos;rawDriver&apos; of type [java.sql.Driver]]
[2018-07-02 21:44:26.144] -- [TRACE] -- [main &gt;&gt;&gt;&gt; CachedIntrospectionResults.java:297 &gt;&gt;&gt;&gt; Method = &lt;init&gt;] -- [Content = Found bean property &apos;rawDriverMajorVersion&apos; of type [int]]
[2018-07-02 21:44:26.145] -- [TRACE] -- [main &gt;&gt;&gt;&gt; CachedIntrospectionResults.java:297 &gt;&gt;&gt;&gt; Method = &lt;init&gt;] -- [Content = Found bean property &apos;rawDriverMinorVersion&apos; of type [int]]
[2018-07-02 21:44:26.145] -- [TRACE] -- [main &gt;&gt;&gt;&gt; CachedIntrospectionResults.java:297 &gt;&gt;&gt;&gt; Method = &lt;init&gt;] -- [Content = Found bean property &apos;rawJdbcUrl&apos; of type [java.lang.String]]
[2018-07-02 21:44:26.145] -- [TRACE] -- [main &gt;&gt;&gt;&gt; CachedIntrospectionResults.java:297 &gt;&gt;&gt;&gt; Method = &lt;init&gt;] -- [Content = Found bean property &apos;recycleCount&apos; of type [long]]
[2018-07-02 21:44:26.145] -- [TRACE] -- [main &gt;&gt;&gt;&gt; CachedIntrospectionResults.java:297 &gt;&gt;&gt;&gt; Method = &lt;init&gt;] -- [Content = Found bean property &apos;recycleErrorCount&apos; of type [long]]
[2018-07-02 21:44:26.145] -- [TRACE] -- [main &gt;&gt;&gt;&gt; CachedIntrospectionResults.java:297 &gt;&gt;&gt;&gt; Method = &lt;init&gt;] -- [Content = Found bean property &apos;reference&apos; of type [javax.naming.Reference]]
[2018-07-02 21:44:26.145] -- [TRACE] -- [main &gt;&gt;&gt;&gt; CachedIntrospectionResults.java:297 &gt;&gt;&gt;&gt; Method = &lt;init&gt;] -- [Content = Found bean property &apos;removeAbandoned&apos; of type [boolean]]
[2018-07-02 21:44:26.145] -- [TRACE] -- [main &gt;&gt;&gt;&gt; CachedIntrospectionResults.java:297 &gt;&gt;&gt;&gt; Method = &lt;init&gt;] -- [Content = Found bean property &apos;removeAbandonedCount&apos; of type [long]]
[2018-07-02 21:44:26.146] -- [TRACE] -- [main &gt;&gt;&gt;&gt; CachedIntrospectionResults.java:297 &gt;&gt;&gt;&gt; Method = &lt;init&gt;] -- [Content = Found bean property &apos;removeAbandonedTimeout&apos; of type [int]]
[2018-07-02 21:44:26.146] -- [TRACE] -- [main &gt;&gt;&gt;&gt; CachedIntrospectionResults.java:297 &gt;&gt;&gt;&gt; Method = &lt;init&gt;] -- [Content = Found bean property &apos;removeAbandonedTimeoutMillis&apos; of type [long]]
[2018-07-02 21:44:26.146] -- [TRACE] -- [main &gt;&gt;&gt;&gt; CachedIntrospectionResults.java:297 &gt;&gt;&gt;&gt; Method = &lt;init&gt;] -- [Content = Found bean property &apos;resetCount&apos; of type [long]]
[2018-07-02 21:44:26.146] -- [TRACE] -- [main &gt;&gt;&gt;&gt; CachedIntrospectionResults.java:297 &gt;&gt;&gt;&gt; Method = &lt;init&gt;] -- [Content = Found bean property &apos;resetStatEnable&apos; of type [boolean]]
[2018-07-02 21:44:26.146] -- [TRACE] -- [main &gt;&gt;&gt;&gt; CachedIntrospectionResults.java:297 &gt;&gt;&gt;&gt; Method = &lt;init&gt;] -- [Content = Found bean property &apos;rollbackCount&apos; of type [long]]
[2018-07-02 21:44:26.146] -- [TRACE] -- [main &gt;&gt;&gt;&gt; CachedIntrospectionResults.java:297 &gt;&gt;&gt;&gt; Method = &lt;init&gt;] -- [Content = Found bean property &apos;sharePreparedStatements&apos; of type [boolean]]
[2018-07-02 21:44:26.146] -- [TRACE] -- [main &gt;&gt;&gt;&gt; CachedIntrospectionResults.java:297 &gt;&gt;&gt;&gt; Method = &lt;init&gt;] -- [Content = Found bean property &apos;sqlStat&apos;]
[2018-07-02 21:44:26.147] -- [TRACE] -- [main &gt;&gt;&gt;&gt; CachedIntrospectionResults.java:297 &gt;&gt;&gt;&gt; Method = &lt;init&gt;] -- [Content = Found bean property &apos;sqlStatMap&apos; of type [java.util.Map]]
[2018-07-02 21:44:26.147] -- [TRACE] -- [main &gt;&gt;&gt;&gt; CachedIntrospectionResults.java:297 &gt;&gt;&gt;&gt; Method = &lt;init&gt;] -- [Content = Found bean property &apos;startTransactionCount&apos; of type [long]]
[2018-07-02 21:44:26.147] -- [TRACE] -- [main &gt;&gt;&gt;&gt; CachedIntrospectionResults.java:297 &gt;&gt;&gt;&gt; Method = &lt;init&gt;] -- [Content = Found bean property &apos;statData&apos; of type [java.util.Map]]
[2018-07-02 21:44:26.147] -- [TRACE] -- [main &gt;&gt;&gt;&gt; CachedIntrospectionResults.java:297 &gt;&gt;&gt;&gt; Method = &lt;init&gt;] -- [Content = Found bean property &apos;statDataForMBean&apos; of type [java.util.Map]]
[2018-07-02 21:44:26.147] -- [TRACE] -- [main &gt;&gt;&gt;&gt; CachedIntrospectionResults.java:297 &gt;&gt;&gt;&gt; Method = &lt;init&gt;] -- [Content = Found bean property &apos;statLogger&apos; of type [com.alibaba.druid.pool.DruidDataSourceStatLogger]]
[2018-07-02 21:44:26.147] -- [TRACE] -- [main &gt;&gt;&gt;&gt; CachedIntrospectionResults.java:297 &gt;&gt;&gt;&gt; Method = &lt;init&gt;] -- [Content = Found bean property &apos;statLoggerClassName&apos; of type [java.lang.String]]
[2018-07-02 21:44:26.148] -- [TRACE] -- [main &gt;&gt;&gt;&gt; CachedIntrospectionResults.java:297 &gt;&gt;&gt;&gt; Method = &lt;init&gt;] -- [Content = Found bean property &apos;statValueAndReset&apos; of type [com.alibaba.druid.pool.DruidDataSourceStatValue]]
[2018-07-02 21:44:26.148] -- [TRACE] -- [main &gt;&gt;&gt;&gt; CachedIntrospectionResults.java:297 &gt;&gt;&gt;&gt; Method = &lt;init&gt;] -- [Content = Found bean property &apos;testOnBorrow&apos; of type [boolean]]
[2018-07-02 21:44:26.148] -- [TRACE] -- [main &gt;&gt;&gt;&gt; CachedIntrospectionResults.java:297 &gt;&gt;&gt;&gt; Method = &lt;init&gt;] -- [Content = Found bean property &apos;testOnReturn&apos; of type [boolean]]
[2018-07-02 21:44:26.148] -- [TRACE] -- [main &gt;&gt;&gt;&gt; CachedIntrospectionResults.java:297 &gt;&gt;&gt;&gt; Method = &lt;init&gt;] -- [Content = Found bean property &apos;testWhileIdle&apos; of type [boolean]]
[2018-07-02 21:44:26.149] -- [TRACE] -- [main &gt;&gt;&gt;&gt; CachedIntrospectionResults.java:297 &gt;&gt;&gt;&gt; Method = &lt;init&gt;] -- [Content = Found bean property &apos;timeBetweenConnectErrorMillis&apos; of type [long]]
[2018-07-02 21:44:26.149] -- [TRACE] -- [main &gt;&gt;&gt;&gt; CachedIntrospectionResults.java:297 &gt;&gt;&gt;&gt; Method = &lt;init&gt;] -- [Content = Found bean property &apos;timeBetweenEvictionRunsMillis&apos; of type [long]]
[2018-07-02 21:44:26.150] -- [TRACE] -- [main &gt;&gt;&gt;&gt; CachedIntrospectionResults.java:297 &gt;&gt;&gt;&gt; Method = &lt;init&gt;] -- [Content = Found bean property &apos;timeBetweenLogStatsMillis&apos; of type [long]]
[2018-07-02 21:44:26.150] -- [TRACE] -- [main &gt;&gt;&gt;&gt; CachedIntrospectionResults.java:297 &gt;&gt;&gt;&gt; Method = &lt;init&gt;] -- [Content = Found bean property &apos;transactionHistogram&apos; of type [com.alibaba.druid.util.Histogram]]
[2018-07-02 21:44:26.150] -- [TRACE] -- [main &gt;&gt;&gt;&gt; CachedIntrospectionResults.java:297 &gt;&gt;&gt;&gt; Method = &lt;init&gt;] -- [Content = Found bean property &apos;transactionHistogramRanges&apos; of type [[J]]
[2018-07-02 21:44:26.151] -- [TRACE] -- [main &gt;&gt;&gt;&gt; CachedIntrospectionResults.java:297 &gt;&gt;&gt;&gt; Method = &lt;init&gt;] -- [Content = Found bean property &apos;transactionHistogramValues&apos; of type [[J]]
[2018-07-02 21:44:26.151] -- [TRACE] -- [main &gt;&gt;&gt;&gt; CachedIntrospectionResults.java:297 &gt;&gt;&gt;&gt; Method = &lt;init&gt;] -- [Content = Found bean property &apos;transactionQueryTimeout&apos; of type [int]]
[2018-07-02 21:44:26.151] -- [TRACE] -- [main &gt;&gt;&gt;&gt; CachedIntrospectionResults.java:297 &gt;&gt;&gt;&gt; Method = &lt;init&gt;] -- [Content = Found bean property &apos;transactionThresholdMillis&apos; of type [long]]
[2018-07-02 21:44:26.151] -- [TRACE] -- [main &gt;&gt;&gt;&gt; CachedIntrospectionResults.java:297 &gt;&gt;&gt;&gt; Method = &lt;init&gt;] -- [Content = Found bean property &apos;url&apos; of type [java.lang.String]]
[2018-07-02 21:44:26.151] -- [TRACE] -- [main &gt;&gt;&gt;&gt; CachedIntrospectionResults.java:297 &gt;&gt;&gt;&gt; Method = &lt;init&gt;] -- [Content = Found bean property &apos;useGloalDataSourceStat&apos; of type [boolean]]
[2018-07-02 21:44:26.152] -- [TRACE] -- [main &gt;&gt;&gt;&gt; CachedIntrospectionResults.java:297 &gt;&gt;&gt;&gt; Method = &lt;init&gt;] -- [Content = Found bean property &apos;useLocalSessionState&apos; of type [boolean]]
[2018-07-02 21:44:26.152] -- [TRACE] -- [main &gt;&gt;&gt;&gt; CachedIntrospectionResults.java:297 &gt;&gt;&gt;&gt; Method = &lt;init&gt;] -- [Content = Found bean property &apos;useOracleImplicitCache&apos; of type [boolean]]
[2018-07-02 21:44:26.152] -- [TRACE] -- [main &gt;&gt;&gt;&gt; CachedIntrospectionResults.java:297 &gt;&gt;&gt;&gt; Method = &lt;init&gt;] -- [Content = Found bean property &apos;useUnfairLock&apos; of type [boolean]]
[2018-07-02 21:44:26.152] -- [TRACE] -- [main &gt;&gt;&gt;&gt; CachedIntrospectionResults.java:297 &gt;&gt;&gt;&gt; Method = &lt;init&gt;] -- [Content = Found bean property &apos;userCallback&apos; of type [javax.security.auth.callback.NameCallback]]
[2018-07-02 21:44:26.152] -- [TRACE] -- [main &gt;&gt;&gt;&gt; CachedIntrospectionResults.java:297 &gt;&gt;&gt;&gt; Method = &lt;init&gt;] -- [Content = Found bean property &apos;username&apos; of type [java.lang.String]]
[2018-07-02 21:44:26.152] -- [TRACE] -- [main &gt;&gt;&gt;&gt; CachedIntrospectionResults.java:297 &gt;&gt;&gt;&gt; Method = &lt;init&gt;] -- [Content = Found bean property &apos;validConnectionChecker&apos; of type [com.alibaba.druid.pool.ValidConnectionChecker]]
[2018-07-02 21:44:26.153] -- [TRACE] -- [main &gt;&gt;&gt;&gt; CachedIntrospectionResults.java:297 &gt;&gt;&gt;&gt; Method = &lt;init&gt;] -- [Content = Found bean property &apos;validConnectionCheckerClassName&apos; of type [java.lang.String]]
[2018-07-02 21:44:26.153] -- [TRACE] -- [main &gt;&gt;&gt;&gt; CachedIntrospectionResults.java:297 &gt;&gt;&gt;&gt; Method = &lt;init&gt;] -- [Content = Found bean property &apos;validationQuery&apos; of type [java.lang.String]]
[2018-07-02 21:44:26.153] -- [TRACE] -- [main &gt;&gt;&gt;&gt; CachedIntrospectionResults.java:297 &gt;&gt;&gt;&gt; Method = &lt;init&gt;] -- [Content = Found bean property &apos;validationQueryTimeout&apos; of type [int]]
[2018-07-02 21:44:26.153] -- [TRACE] -- [main &gt;&gt;&gt;&gt; CachedIntrospectionResults.java:297 &gt;&gt;&gt;&gt; Method = &lt;init&gt;] -- [Content = Found bean property &apos;version&apos; of type [java.lang.String]]
[2018-07-02 21:44:26.153] -- [TRACE] -- [main &gt;&gt;&gt;&gt; CachedIntrospectionResults.java:297 &gt;&gt;&gt;&gt; Method = &lt;init&gt;] -- [Content = Found bean property &apos;waitThreadCount&apos; of type [int]]
[2018-07-02 21:44:26.153] -- [TRACE] -- [main &gt;&gt;&gt;&gt; CachedIntrospectionResults.java:297 &gt;&gt;&gt;&gt; Method = &lt;init&gt;] -- [Content = Found bean property &apos;wallStatMap&apos; of type [java.util.Map]]
[2018-07-02 21:44:26.154] -- [TRACE] -- [main &gt;&gt;&gt;&gt; TypeConverterDelegate.java:434 &gt;&gt;&gt;&gt; Method = doConvertValue] -- [Content = Converting String to [int] using property editor [org.springframework.beans.propertyeditors.CustomNumberEditor@2c104774]]
[2018-07-02 21:44:26.154] -- [TRACE] -- [main &gt;&gt;&gt;&gt; TypeConverterDelegate.java:434 &gt;&gt;&gt;&gt; Method = doConvertValue] -- [Content = Converting String to [int] using property editor [org.springframework.beans.propertyeditors.CustomNumberEditor@2c104774]]
[2018-07-02 21:44:26.155] -- [TRACE] -- [main &gt;&gt;&gt;&gt; TypeConverterDelegate.java:434 &gt;&gt;&gt;&gt; Method = doConvertValue] -- [Content = Converting String to [int] using property editor [org.springframework.beans.propertyeditors.CustomNumberEditor@2c104774]]
[2018-07-02 21:44:26.155] -- [TRACE] -- [main &gt;&gt;&gt;&gt; TypeConverterDelegate.java:434 &gt;&gt;&gt;&gt; Method = doConvertValue] -- [Content = Converting String to [long] using property editor [org.springframework.beans.propertyeditors.CustomNumberEditor@2cb3d0f7]]
[2018-07-02 21:44:26.155] -- [TRACE] -- [main &gt;&gt;&gt;&gt; TypeConverterDelegate.java:434 &gt;&gt;&gt;&gt; Method = doConvertValue] -- [Content = Converting String to [long] using property editor [org.springframework.beans.propertyeditors.CustomNumberEditor@2cb3d0f7]]
[2018-07-02 21:44:26.155] -- [TRACE] -- [main &gt;&gt;&gt;&gt; TypeConverterDelegate.java:434 &gt;&gt;&gt;&gt; Method = doConvertValue] -- [Content = Converting String to [long] using property editor [org.springframework.beans.propertyeditors.CustomNumberEditor@2cb3d0f7]]
[2018-07-02 21:44:26.156] -- [TRACE] -- [main &gt;&gt;&gt;&gt; TypeConverterDelegate.java:434 &gt;&gt;&gt;&gt; Method = doConvertValue] -- [Content = Converting String to [boolean] using property editor [org.springframework.beans.propertyeditors.CustomBooleanEditor@4e517165]]
[2018-07-02 21:44:26.156] -- [TRACE] -- [main &gt;&gt;&gt;&gt; TypeConverterDelegate.java:434 &gt;&gt;&gt;&gt; Method = doConvertValue] -- [Content = Converting String to [int] using property editor [org.springframework.beans.propertyeditors.CustomNumberEditor@2c104774]]
[2018-07-02 21:44:26.156] -- [TRACE] -- [main &gt;&gt;&gt;&gt; TypeConverterDelegate.java:434 &gt;&gt;&gt;&gt; Method = doConvertValue] -- [Content = Converting String to [boolean] using property editor [org.springframework.beans.propertyeditors.CustomBooleanEditor@4e517165]]
[2018-07-02 21:44:26.157] -- [TRACE] -- [main &gt;&gt;&gt;&gt; TypeConverterDelegate.java:434 &gt;&gt;&gt;&gt; Method = doConvertValue] -- [Content = Converting String to [boolean] using property editor [org.springframework.beans.propertyeditors.CustomBooleanEditor@4e517165]]
[2018-07-02 21:44:26.157] -- [TRACE] -- [main &gt;&gt;&gt;&gt; TypeConverterDelegate.java:434 &gt;&gt;&gt;&gt; Method = doConvertValue] -- [Content = Converting String to [boolean] using property editor [org.springframework.beans.propertyeditors.CustomBooleanEditor@4e517165]]
[2018-07-02 21:44:26.157] -- [TRACE] -- [main &gt;&gt;&gt;&gt; TypeConverterDelegate.java:434 &gt;&gt;&gt;&gt; Method = doConvertValue] -- [Content = Converting String to [boolean] using property editor [org.springframework.beans.propertyeditors.CustomBooleanEditor@4e517165]]
[2018-07-02 21:44:26.157] -- [TRACE] -- [main &gt;&gt;&gt;&gt; TypeConverterDelegate.java:434 &gt;&gt;&gt;&gt; Method = doConvertValue] -- [Content = Converting String to [int] using property editor [org.springframework.beans.propertyeditors.CustomNumberEditor@2c104774]]
[2018-07-02 21:44:26.157] -- [TRACE] -- [main &gt;&gt;&gt;&gt; TypeConverterDelegate.java:434 &gt;&gt;&gt;&gt; Method = doConvertValue] -- [Content = Converting String to [boolean] using property editor [org.springframework.beans.propertyeditors.CustomBooleanEditor@4e517165]]
[2018-07-02 21:44:26.158] -- [DEBUG] -- [main &gt;&gt;&gt;&gt; AbstractAutowireCapableBeanFactory.java:1678 &gt;&gt;&gt;&gt; Method = invokeCustomInitMethod] -- [Content = Invoking init method  &apos;init&apos; on bean with name &apos;dataSource&apos;]
[2018-07-02 21:44:30.171] -- [WARN] -- [main &gt;&gt;&gt;&gt; AbstractApplicationContext.java:546 &gt;&gt;&gt;&gt; Method = refresh] -- [Content = Exception encountered during context initialization - cancelling refresh attempt: org.springframework.beans.factory.BeanCreationException: Error creating bean with name &apos;entityManagerFactory&apos; defined in file [/Users/xk1020/IdeaProjects/Basic-Single-Module-SSJPA/target/classes/spring/applicationContext-jpa.xml]: Cannot resolve reference to bean &apos;dataSource&apos; while setting bean property &apos;dataSource&apos;; nested exception is org.springframework.beans.factory.BeanCreationException: Error creating bean with name &apos;dataSource&apos; defined in file [/Users/xk1020/IdeaProjects/Basic-Single-Module-SSJPA/target/classes/spring/applicationContext-dataSource.xml]: Invocation of init method failed; nested exception is com.mysql.jdbc.exceptions.jdbc4.MySQLNonTransientConnectionException: Could not create connection to database server. Attempted reconnect 3 times. Giving up.]
[2018-07-02 21:44:30.172] -- [DEBUG] -- [main &gt;&gt;&gt;&gt; DefaultSingletonBeanRegistry.java:512 &gt;&gt;&gt;&gt; Method = destroySingletons] -- [Content = Destroying singletons in org.springframework.beans.factory.support.DefaultListableBeanFactory@3f1c5af9: defining beans [org.springframework.context.support.PropertySourcesPlaceholderConfigurer#0,sysUserServiceImpl,org.springframework.context.annotation.internalConfigurationAnnotationProcessor,org.springframework.context.annotation.internalAutowiredAnnotationProcessor,org.springframework.context.annotation.internalRequiredAnnotationProcessor,org.springframework.context.annotation.internalCommonAnnotationProcessor,org.springframework.context.annotation.internalPersistenceAnnotationProcessor,org.springframework.context.event.internalEventListenerProcessor,org.springframework.context.event.internalEventListenerFactory,dataSource,druid-stat-interceptor,druid-stat-pointcut,org.springframework.aop.config.internalAutoProxyCreator,org.springframework.aop.support.DefaultBeanFactoryPointcutAdvisor#0,transactionManager,transactionAdvice,transactionPointcut,org.springframework.aop.support.DefaultBeanFactoryPointcutAdvisor#1,entityManagerFactory,hibernateJpaVendorAdapter,org.springframework.data.jpa.repository.config.JpaRepositoryConfigExtension#0,org.springframework.data.repository.core.support.RepositoryFactoryBeanSupport_Predictor,emBeanDefinitionRegistrarPostProcessor,jpaMappingContext,jpaContext,sysUserDao,org.springframework.context.annotation.ConfigurationClassPostProcessor.importAwareProcessor,org.springframework.context.annotation.ConfigurationClassPostProcessor.enhancedConfigurationProcessor,org.springframework.orm.jpa.SharedEntityManagerCreator#0]; root of factory hierarchy]
[2018-07-02 21:44:30.173] -- [ERROR] -- [main &gt;&gt;&gt;&gt; TestContextManager.java:231 &gt;&gt;&gt;&gt; Method = prepareTestInstance] -- [Content = Caught exception while allowing TestExecutionListener [org.springframework.test.context.support.DependencyInjectionTestExecutionListener@101df177] to prepare test instance [com.youmeek.ssm.SSMTest@7b8233cd]]
java.lang.IllegalStateException: Failed to load ApplicationContext
	at org.springframework.test.context.cache.DefaultCacheAwareContextLoaderDelegate.loadContext(DefaultCacheAwareContextLoaderDelegate.java:124)
	at org.springframework.test.context.support.DefaultTestContext.getApplicationContext(DefaultTestContext.java:83)
	at org.springframework.test.context.support.DependencyInjectionTestExecutionListener.injectDependencies(DependencyInjectionTestExecutionListener.java:117)
	at org.springframework.test.context.support.DependencyInjectionTestExecutionListener.prepareTestInstance(DependencyInjectionTestExecutionListener.java:83)
	at org.springframework.test.context.TestContextManager.prepareTestInstance(TestContextManager.java:228)
	at org.springframework.test.context.junit4.SpringJUnit4ClassRunner.createTest(SpringJUnit4ClassRunner.java:230)
	at org.springframework.test.context.junit4.SpringJUnit4ClassRunner$1.runReflectiveCall(SpringJUnit4ClassRunner.java:289)
	at org.junit.internal.runners.model.ReflectiveCallable.run(ReflectiveCallable.java:12)
	at org.springframework.test.context.junit4.SpringJUnit4ClassRunner.methodBlock(SpringJUnit4ClassRunner.java:291)
	at org.springframework.test.context.junit4.SpringJUnit4ClassRunner.runChild(SpringJUnit4ClassRunner.java:249)
	at org.springframework.test.context.junit4.SpringJUnit4ClassRunner.runChild(SpringJUnit4ClassRunner.java:89)
	at org.junit.runners.ParentRunner$3.run(ParentRunner.java:238)
	at org.junit.runners.ParentRunner$1.schedule(ParentRunner.java:63)
	at org.junit.runners.ParentRunner.runChildren(ParentRunner.java:236)
	at org.junit.runners.ParentRunner.access$000(ParentRunner.java:53)
	at org.junit.runners.ParentRunner$2.evaluate(ParentRunner.java:229)
	at org.springframework.test.context.junit4.statements.RunBeforeTestClassCallbacks.evaluate(RunBeforeTestClassCallbacks.java:61)
	at org.springframework.test.context.junit4.statements.RunAfterTestClassCallbacks.evaluate(RunAfterTestClassCallbacks.java:70)
	at org.junit.runners.ParentRunner.run(ParentRunner.java:309)
	at org.springframework.test.context.junit4.SpringJUnit4ClassRunner.run(SpringJUnit4ClassRunner.java:193)
	at org.apache.maven.surefire.junit4.JUnit4Provider.execute(JUnit4Provider.java:252)
	at org.apache.maven.surefire.junit4.JUnit4Provider.executeTestSet(JUnit4Provider.java:141)
	at org.apache.maven.surefire.junit4.JUnit4Provider.invoke(JUnit4Provider.java:112)
	at sun.reflect.NativeMethodAccessorImpl.invoke0(Native Method)
	at sun.reflect.NativeMethodAccessorImpl.invoke(NativeMethodAccessorImpl.java:62)
	at sun.reflect.DelegatingMethodAccessorImpl.invoke(DelegatingMethodAccessorImpl.java:43)
	at java.lang.reflect.Method.invoke(Method.java:498)
	at org.apache.maven.surefire.util.ReflectionUtils.invokeMethodWithArray(ReflectionUtils.java:189)
	at org.apache.maven.surefire.booter.ProviderFactory$ProviderProxy.invoke(ProviderFactory.java:165)
	at org.apache.maven.surefire.booter.ProviderFactory.invokeProvider(ProviderFactory.java:85)
	at org.apache.maven.surefire.booter.ForkedBooter.runSuitesInProcess(ForkedBooter.java:115)
	at org.apache.maven.surefire.booter.ForkedBooter.main(ForkedBooter.java:75)
Caused by: org.springframework.beans.factory.BeanCreationException: Error creating bean with name &apos;entityManagerFactory&apos; defined in file [/Users/xk1020/IdeaProjects/Basic-Single-Module-SSJPA/target/classes/spring/applicationContext-jpa.xml]: Cannot resolve reference to bean &apos;dataSource&apos; while setting bean property &apos;dataSource&apos;; nested exception is org.springframework.beans.factory.BeanCreationException: Error creating bean with name &apos;dataSource&apos; defined in file [/Users/xk1020/IdeaProjects/Basic-Single-Module-SSJPA/target/classes/spring/applicationContext-dataSource.xml]: Invocation of init method failed; nested exception is com.mysql.jdbc.exceptions.jdbc4.MySQLNonTransientConnectionException: Could not create connection to database server. Attempted reconnect 3 times. Giving up.
	at org.springframework.beans.factory.support.BeanDefinitionValueResolver.resolveReference(BeanDefinitionValueResolver.java:359)
	at org.springframework.beans.factory.support.BeanDefinitionValueResolver.resolveValueIfNecessary(BeanDefinitionValueResolver.java:108)
	at org.springframework.beans.factory.support.AbstractAutowireCapableBeanFactory.applyPropertyValues(AbstractAutowireCapableBeanFactory.java:1481)
	at org.springframework.beans.factory.support.AbstractAutowireCapableBeanFactory.populateBean(AbstractAutowireCapableBeanFactory.java:1226)
	at org.springframework.beans.factory.support.AbstractAutowireCapableBeanFactory.doCreateBean(AbstractAutowireCapableBeanFactory.java:543)
	at org.springframework.beans.factory.support.AbstractAutowireCapableBeanFactory.createBean(AbstractAutowireCapableBeanFactory.java:482)
	at org.springframework.beans.factory.support.AbstractBeanFactory$1.getObject(AbstractBeanFactory.java:306)
	at org.springframework.beans.factory.support.DefaultSingletonBeanRegistry.getSingleton(DefaultSingletonBeanRegistry.java:230)
	at org.springframework.beans.factory.support.AbstractBeanFactory.doGetBean(AbstractBeanFactory.java:302)
	at org.springframework.beans.factory.support.AbstractBeanFactory.getBean(AbstractBeanFactory.java:197)
	at org.springframework.context.support.AbstractApplicationContext.getBean(AbstractApplicationContext.java:1054)
	at org.springframework.context.support.AbstractApplicationContext.finishBeanFactoryInitialization(AbstractApplicationContext.java:829)
	at org.springframework.context.support.AbstractApplicationContext.refresh(AbstractApplicationContext.java:538)
	at org.springframework.test.context.support.AbstractGenericContextLoader.loadContext(AbstractGenericContextLoader.java:125)
	at org.springframework.test.context.support.AbstractGenericContextLoader.loadContext(AbstractGenericContextLoader.java:60)
	at org.springframework.test.context.support.AbstractDelegatingSmartContextLoader.delegateLoading(AbstractDelegatingSmartContextLoader.java:109)
	at org.springframework.test.context.support.AbstractDelegatingSmartContextLoader.loadContext(AbstractDelegatingSmartContextLoader.java:261)
	at org.springframework.test.context.cache.DefaultCacheAwareContextLoaderDelegate.loadContextInternal(DefaultCacheAwareContextLoaderDelegate.java:98)
	at org.springframework.test.context.cache.DefaultCacheAwareContextLoaderDelegate.loadContext(DefaultCacheAwareContextLoaderDelegate.java:116)
	... 31 common frames omitted
Caused by: org.springframework.beans.factory.BeanCreationException: Error creating bean with name &apos;dataSource&apos; defined in file [/Users/xk1020/IdeaProjects/Basic-Single-Module-SSJPA/target/classes/spring/applicationContext-dataSource.xml]: Invocation of init method failed; nested exception is com.mysql.jdbc.exceptions.jdbc4.MySQLNonTransientConnectionException: Could not create connection to database server. Attempted reconnect 3 times. Giving up.
	at org.springframework.beans.factory.support.AbstractAutowireCapableBeanFactory.initializeBean(AbstractAutowireCapableBeanFactory.java:1578)
	at org.springframework.beans.factory.support.AbstractAutowireCapableBeanFactory.doCreateBean(AbstractAutowireCapableBeanFactory.java:545)
	at org.springframework.beans.factory.support.AbstractAutowireCapableBeanFactory.createBean(AbstractAutowireCapableBeanFactory.java:482)
	at org.springframework.beans.factory.support.AbstractBeanFactory$1.getObject(AbstractBeanFactory.java:306)
	at org.springframework.beans.factory.support.DefaultSingletonBeanRegistry.getSingleton(DefaultSingletonBeanRegistry.java:230)
	at org.springframework.beans.factory.support.AbstractBeanFactory.doGetBean(AbstractBeanFactory.java:302)
	at org.springframework.beans.factory.support.AbstractBeanFactory.getBean(AbstractBeanFactory.java:197)
	at org.springframework.beans.factory.support.BeanDefinitionValueResolver.resolveReference(BeanDefinitionValueResolver.java:351)
	... 49 common frames omitted
Caused by: com.mysql.jdbc.exceptions.jdbc4.MySQLNonTransientConnectionException: Could not create connection to database server. Attempted reconnect 3 times. Giving up.
	at sun.reflect.NativeConstructorAccessorImpl.newInstance0(Native Method)
	at sun.reflect.NativeConstructorAccessorImpl.newInstance(NativeConstructorAccessorImpl.java:62)
	at sun.reflect.DelegatingConstructorAccessorImpl.newInstance(DelegatingConstructorAccessorImpl.java:45)
	at java.lang.reflect.Constructor.newInstance(Constructor.java:423)
	at com.mysql.jdbc.Util.handleNewInstance(Util.java:411)
	at com.mysql.jdbc.Util.getInstance(Util.java:386)
	at com.mysql.jdbc.SQLError.createSQLException(SQLError.java:1014)
	at com.mysql.jdbc.SQLError.createSQLException(SQLError.java:988)
	at com.mysql.jdbc.SQLError.createSQLException(SQLError.java:974)
	at com.mysql.jdbc.SQLError.createSQLException(SQLError.java:919)
	at com.mysql.jdbc.ConnectionImpl.connectWithRetries(ConnectionImpl.java:2299)
	at com.mysql.jdbc.ConnectionImpl.createNewIO(ConnectionImpl.java:2220)
	at com.mysql.jdbc.ConnectionImpl.&lt;init&gt;(ConnectionImpl.java:813)
	at com.mysql.jdbc.JDBC4Connection.&lt;init&gt;(JDBC4Connection.java:47)
	at sun.reflect.NativeConstructorAccessorImpl.newInstance0(Native Method)
	at sun.reflect.NativeConstructorAccessorImpl.newInstance(NativeConstructorAccessorImpl.java:62)
	at sun.reflect.DelegatingConstructorAccessorImpl.newInstance(DelegatingConstructorAccessorImpl.java:45)
	at java.lang.reflect.Constructor.newInstance(Constructor.java:423)
	at com.mysql.jdbc.Util.handleNewInstance(Util.java:411)
	at com.mysql.jdbc.ConnectionImpl.getInstance(ConnectionImpl.java:399)
	at com.mysql.jdbc.NonRegisteringDriver.connect(NonRegisteringDriver.java:334)
	at com.alibaba.druid.filter.FilterChainImpl.connection_connect(FilterChainImpl.java:148)
	at com.alibaba.druid.filter.FilterAdapter.connection_connect(FilterAdapter.java:786)
	at com.alibaba.druid.filter.FilterEventAdapter.connection_connect(FilterEventAdapter.java:38)
	at com.alibaba.druid.filter.FilterChainImpl.connection_connect(FilterChainImpl.java:142)
	at com.alibaba.druid.filter.stat.StatFilter.connection_connect(StatFilter.java:211)
	at com.alibaba.druid.filter.FilterChainImpl.connection_connect(FilterChainImpl.java:142)
	at com.alibaba.druid.pool.DruidAbstractDataSource.createPhysicalConnection(DruidAbstractDataSource.java:1360)
	at com.alibaba.druid.pool.DruidAbstractDataSource.createPhysicalConnection(DruidAbstractDataSource.java:1414)
	at com.alibaba.druid.pool.DruidDataSource.init(DruidDataSource.java:602)
	at sun.reflect.NativeMethodAccessorImpl.invoke0(Native Method)
	at sun.reflect.NativeMethodAccessorImpl.invoke(NativeMethodAccessorImpl.java:62)
	at sun.reflect.DelegatingMethodAccessorImpl.invoke(DelegatingMethodAccessorImpl.java:43)
	at java.lang.reflect.Method.invoke(Method.java:498)
	at org.springframework.beans.factory.support.AbstractAutowireCapableBeanFactory.invokeCustomInitMethod(AbstractAutowireCapableBeanFactory.java:1706)
	at org.springframework.beans.factory.support.AbstractAutowireCapableBeanFactory.invokeInitMethods(AbstractAutowireCapableBeanFactory.java:1645)
	at org.springframework.beans.factory.support.AbstractAutowireCapableBeanFactory.initializeBean(AbstractAutowireCapableBeanFactory.java:1574)
	... 56 common frames omitted
Caused by: java.sql.SQLException: Access denied for user &apos;root &apos;@&apos;localhost&apos; (using password: YES)
	at com.mysql.jdbc.SQLError.createSQLException(SQLError.java:1074)
	at com.mysql.jdbc.MysqlIO.checkErrorPacket(MysqlIO.java:4074)
	at com.mysql.jdbc.MysqlIO.checkErrorPacket(MysqlIO.java:4006)
	at com.mysql.jdbc.MysqlIO.checkErrorPacket(MysqlIO.java:919)
	at com.mysql.jdbc.MysqlIO.proceedHandshakeWithPluggableAuthentication(MysqlIO.java:1694)
	at com.mysql.jdbc.MysqlIO.doHandshake(MysqlIO.java:1244)
	at com.mysql.jdbc.ConnectionImpl.coreConnect(ConnectionImpl.java:2397)
	at com.mysql.jdbc.ConnectionImpl.connectWithRetries(ConnectionImpl.java:2238)
	... 82 common frames omitted
</system-out>
  </testcase>
  <testcase classname="com.youmeek.ssm.SSMTest" name="testQueryPage" time="0.002">
    <error message="Failed to load ApplicationContext" type="java.lang.IllegalStateException">java.lang.IllegalStateException: Failed to load ApplicationContext
	at org.springframework.test.context.cache.DefaultCacheAwareContextLoaderDelegate.loadContext(DefaultCacheAwareContextLoaderDelegate.java:124)
	at org.springframework.test.context.support.DefaultTestContext.getApplicationContext(DefaultTestContext.java:83)
	at org.springframework.test.context.support.DependencyInjectionTestExecutionListener.injectDependencies(DependencyInjectionTestExecutionListener.java:117)
	at org.springframework.test.context.support.DependencyInjectionTestExecutionListener.prepareTestInstance(DependencyInjectionTestExecutionListener.java:83)
	at org.springframework.test.context.TestContextManager.prepareTestInstance(TestContextManager.java:228)
	at org.springframework.test.context.junit4.SpringJUnit4ClassRunner.createTest(SpringJUnit4ClassRunner.java:230)
	at org.springframework.test.context.junit4.SpringJUnit4ClassRunner$1.runReflectiveCall(SpringJUnit4ClassRunner.java:289)
	at org.junit.internal.runners.model.ReflectiveCallable.run(ReflectiveCallable.java:12)
	at org.springframework.test.context.junit4.SpringJUnit4ClassRunner.methodBlock(SpringJUnit4ClassRunner.java:291)
	at org.springframework.test.context.junit4.SpringJUnit4ClassRunner.runChild(SpringJUnit4ClassRunner.java:249)
	at org.springframework.test.context.junit4.SpringJUnit4ClassRunner.runChild(SpringJUnit4ClassRunner.java:89)
	at org.junit.runners.ParentRunner$3.run(ParentRunner.java:238)
	at org.junit.runners.ParentRunner$1.schedule(ParentRunner.java:63)
	at org.junit.runners.ParentRunner.runChildren(ParentRunner.java:236)
	at org.junit.runners.ParentRunner.access$000(ParentRunner.java:53)
	at org.junit.runners.ParentRunner$2.evaluate(ParentRunner.java:229)
	at org.springframework.test.context.junit4.statements.RunBeforeTestClassCallbacks.evaluate(RunBeforeTestClassCallbacks.java:61)
	at org.springframework.test.context.junit4.statements.RunAfterTestClassCallbacks.evaluate(RunAfterTestClassCallbacks.java:70)
	at org.junit.runners.ParentRunner.run(ParentRunner.java:309)
	at org.springframework.test.context.junit4.SpringJUnit4ClassRunner.run(SpringJUnit4ClassRunner.java:193)
	at org.apache.maven.surefire.junit4.JUnit4Provider.execute(JUnit4Provider.java:252)
	at org.apache.maven.surefire.junit4.JUnit4Provider.executeTestSet(JUnit4Provider.java:141)
	at org.apache.maven.surefire.junit4.JUnit4Provider.invoke(JUnit4Provider.java:112)
	at sun.reflect.NativeMethodAccessorImpl.invoke0(Native Method)
	at sun.reflect.NativeMethodAccessorImpl.invoke(NativeMethodAccessorImpl.java:62)
	at sun.reflect.DelegatingMethodAccessorImpl.invoke(DelegatingMethodAccessorImpl.java:43)
	at java.lang.reflect.Method.invoke(Method.java:498)
	at org.apache.maven.surefire.util.ReflectionUtils.invokeMethodWithArray(ReflectionUtils.java:189)
	at org.apache.maven.surefire.booter.ProviderFactory$ProviderProxy.invoke(ProviderFactory.java:165)
	at org.apache.maven.surefire.booter.ProviderFactory.invokeProvider(ProviderFactory.java:85)
	at org.apache.maven.surefire.booter.ForkedBooter.runSuitesInProcess(ForkedBooter.java:115)
	at org.apache.maven.surefire.booter.ForkedBooter.main(ForkedBooter.java:75)
Caused by: org.springframework.beans.factory.BeanCreationException: Error creating bean with name &apos;entityManagerFactory&apos; defined in file [/Users/xk1020/IdeaProjects/Basic-Single-Module-SSJPA/target/classes/spring/applicationContext-jpa.xml]: Cannot resolve reference to bean &apos;dataSource&apos; while setting bean property &apos;dataSource&apos;; nested exception is org.springframework.beans.factory.BeanCreationException: Error creating bean with name &apos;dataSource&apos; defined in file [/Users/xk1020/IdeaProjects/Basic-Single-Module-SSJPA/target/classes/spring/applicationContext-dataSource.xml]: Invocation of init method failed; nested exception is com.mysql.jdbc.exceptions.jdbc4.MySQLNonTransientConnectionException: Could not create connection to database server. Attempted reconnect 3 times. Giving up.
	at org.springframework.beans.factory.support.BeanDefinitionValueResolver.resolveReference(BeanDefinitionValueResolver.java:359)
	at org.springframework.beans.factory.support.BeanDefinitionValueResolver.resolveValueIfNecessary(BeanDefinitionValueResolver.java:108)
	at org.springframework.beans.factory.support.AbstractAutowireCapableBeanFactory.applyPropertyValues(AbstractAutowireCapableBeanFactory.java:1481)
	at org.springframework.beans.factory.support.AbstractAutowireCapableBeanFactory.populateBean(AbstractAutowireCapableBeanFactory.java:1226)
	at org.springframework.beans.factory.support.AbstractAutowireCapableBeanFactory.doCreateBean(AbstractAutowireCapableBeanFactory.java:543)
	at org.springframework.beans.factory.support.AbstractAutowireCapableBeanFactory.createBean(AbstractAutowireCapableBeanFactory.java:482)
	at org.springframework.beans.factory.support.AbstractBeanFactory$1.getObject(AbstractBeanFactory.java:306)
	at org.springframework.beans.factory.support.DefaultSingletonBeanRegistry.getSingleton(DefaultSingletonBeanRegistry.java:230)
	at org.springframework.beans.factory.support.AbstractBeanFactory.doGetBean(AbstractBeanFactory.java:302)
	at org.springframework.beans.factory.support.AbstractBeanFactory.getBean(AbstractBeanFactory.java:197)
	at org.springframework.context.support.AbstractApplicationContext.getBean(AbstractApplicationContext.java:1054)
	at org.springframework.context.support.AbstractApplicationContext.finishBeanFactoryInitialization(AbstractApplicationContext.java:829)
	at org.springframework.context.support.AbstractApplicationContext.refresh(AbstractApplicationContext.java:538)
	at org.springframework.test.context.support.AbstractGenericContextLoader.loadContext(AbstractGenericContextLoader.java:125)
	at org.springframework.test.context.support.AbstractGenericContextLoader.loadContext(AbstractGenericContextLoader.java:60)
	at org.springframework.test.context.support.AbstractDelegatingSmartContextLoader.delegateLoading(AbstractDelegatingSmartContextLoader.java:109)
	at org.springframework.test.context.support.AbstractDelegatingSmartContextLoader.loadContext(AbstractDelegatingSmartContextLoader.java:261)
	at org.springframework.test.context.cache.DefaultCacheAwareContextLoaderDelegate.loadContextInternal(DefaultCacheAwareContextLoaderDelegate.java:98)
	at org.springframework.test.context.cache.DefaultCacheAwareContextLoaderDelegate.loadContext(DefaultCacheAwareContextLoaderDelegate.java:116)
	... 31 more
Caused by: org.springframework.beans.factory.BeanCreationException: Error creating bean with name &apos;dataSource&apos; defined in file [/Users/xk1020/IdeaProjects/Basic-Single-Module-SSJPA/target/classes/spring/applicationContext-dataSource.xml]: Invocation of init method failed; nested exception is com.mysql.jdbc.exceptions.jdbc4.MySQLNonTransientConnectionException: Could not create connection to database server. Attempted reconnect 3 times. Giving up.
	at org.springframework.beans.factory.support.AbstractAutowireCapableBeanFactory.initializeBean(AbstractAutowireCapableBeanFactory.java:1578)
	at org.springframework.beans.factory.support.AbstractAutowireCapableBeanFactory.doCreateBean(AbstractAutowireCapableBeanFactory.java:545)
	at org.springframework.beans.factory.support.AbstractAutowireCapableBeanFactory.createBean(AbstractAutowireCapableBeanFactory.java:482)
	at org.springframework.beans.factory.support.AbstractBeanFactory$1.getObject(AbstractBeanFactory.java:306)
	at org.springframework.beans.factory.support.DefaultSingletonBeanRegistry.getSingleton(DefaultSingletonBeanRegistry.java:230)
	at org.springframework.beans.factory.support.AbstractBeanFactory.doGetBean(AbstractBeanFactory.java:302)
	at org.springframework.beans.factory.support.AbstractBeanFactory.getBean(AbstractBeanFactory.java:197)
	at org.springframework.beans.factory.support.BeanDefinitionValueResolver.resolveReference(BeanDefinitionValueResolver.java:351)
	... 49 more
Caused by: com.mysql.jdbc.exceptions.jdbc4.MySQLNonTransientConnectionException: Could not create connection to database server. Attempted reconnect 3 times. Giving up.
	at sun.reflect.NativeConstructorAccessorImpl.newInstance0(Native Method)
	at sun.reflect.NativeConstructorAccessorImpl.newInstance(NativeConstructorAccessorImpl.java:62)
	at sun.reflect.DelegatingConstructorAccessorImpl.newInstance(DelegatingConstructorAccessorImpl.java:45)
	at java.lang.reflect.Constructor.newInstance(Constructor.java:423)
	at com.mysql.jdbc.Util.handleNewInstance(Util.java:411)
	at com.mysql.jdbc.Util.getInstance(Util.java:386)
	at com.mysql.jdbc.SQLError.createSQLException(SQLError.java:1014)
	at com.mysql.jdbc.SQLError.createSQLException(SQLError.java:988)
	at com.mysql.jdbc.SQLError.createSQLException(SQLError.java:974)
	at com.mysql.jdbc.SQLError.createSQLException(SQLError.java:919)
	at com.mysql.jdbc.ConnectionImpl.connectWithRetries(ConnectionImpl.java:2299)
	at com.mysql.jdbc.ConnectionImpl.createNewIO(ConnectionImpl.java:2220)
	at com.mysql.jdbc.ConnectionImpl.&lt;init&gt;(ConnectionImpl.java:813)
	at com.mysql.jdbc.JDBC4Connection.&lt;init&gt;(JDBC4Connection.java:47)
	at sun.reflect.NativeConstructorAccessorImpl.newInstance0(Native Method)
	at sun.reflect.NativeConstructorAccessorImpl.newInstance(NativeConstructorAccessorImpl.java:62)
	at sun.reflect.DelegatingConstructorAccessorImpl.newInstance(DelegatingConstructorAccessorImpl.java:45)
	at java.lang.reflect.Constructor.newInstance(Constructor.java:423)
	at com.mysql.jdbc.Util.handleNewInstance(Util.java:411)
	at com.mysql.jdbc.ConnectionImpl.getInstance(ConnectionImpl.java:399)
	at com.mysql.jdbc.NonRegisteringDriver.connect(NonRegisteringDriver.java:334)
	at com.alibaba.druid.filter.FilterChainImpl.connection_connect(FilterChainImpl.java:148)
	at com.alibaba.druid.filter.FilterAdapter.connection_connect(FilterAdapter.java:786)
	at com.alibaba.druid.filter.FilterEventAdapter.connection_connect(FilterEventAdapter.java:38)
	at com.alibaba.druid.filter.FilterChainImpl.connection_connect(FilterChainImpl.java:142)
	at com.alibaba.druid.filter.stat.StatFilter.connection_connect(StatFilter.java:211)
	at com.alibaba.druid.filter.FilterChainImpl.connection_connect(FilterChainImpl.java:142)
	at com.alibaba.druid.pool.DruidAbstractDataSource.createPhysicalConnection(DruidAbstractDataSource.java:1360)
	at com.alibaba.druid.pool.DruidAbstractDataSource.createPhysicalConnection(DruidAbstractDataSource.java:1414)
	at com.alibaba.druid.pool.DruidDataSource.init(DruidDataSource.java:602)
	at sun.reflect.NativeMethodAccessorImpl.invoke0(Native Method)
	at sun.reflect.NativeMethodAccessorImpl.invoke(NativeMethodAccessorImpl.java:62)
	at sun.reflect.DelegatingMethodAccessorImpl.invoke(DelegatingMethodAccessorImpl.java:43)
	at java.lang.reflect.Method.invoke(Method.java:498)
	at org.springframework.beans.factory.support.AbstractAutowireCapableBeanFactory.invokeCustomInitMethod(AbstractAutowireCapableBeanFactory.java:1706)
	at org.springframework.beans.factory.support.AbstractAutowireCapableBeanFactory.invokeInitMethods(AbstractAutowireCapableBeanFactory.java:1645)
	at org.springframework.beans.factory.support.AbstractAutowireCapableBeanFactory.initializeBean(AbstractAutowireCapableBeanFactory.java:1574)
	... 56 more
Caused by: java.sql.SQLException: Access denied for user &apos;root &apos;@&apos;localhost&apos; (using password: YES)
	at com.mysql.jdbc.SQLError.createSQLException(SQLError.java:1074)
	at com.mysql.jdbc.MysqlIO.checkErrorPacket(MysqlIO.java:4074)
	at com.mysql.jdbc.MysqlIO.checkErrorPacket(MysqlIO.java:4006)
	at com.mysql.jdbc.MysqlIO.checkErrorPacket(MysqlIO.java:919)
	at com.mysql.jdbc.MysqlIO.proceedHandshakeWithPluggableAuthentication(MysqlIO.java:1694)
	at com.mysql.jdbc.MysqlIO.doHandshake(MysqlIO.java:1244)
	at com.mysql.jdbc.ConnectionImpl.coreConnect(ConnectionImpl.java:2397)
	at com.mysql.jdbc.ConnectionImpl.connectWithRetries(ConnectionImpl.java:2238)
	... 82 more
</error>
    <system-out>[2018-07-02 21:44:30.175] -- [DEBUG] -- [main &gt;&gt;&gt;&gt; ProfileValueUtils.java:71 &gt;&gt;&gt;&gt; Method = retrieveProfileValueSource] -- [Content = Retrieved @ProfileValueSourceConfiguration [null] for test class [com.youmeek.ssm.SSMTest]]
[2018-07-02 21:44:30.175] -- [DEBUG] -- [main &gt;&gt;&gt;&gt; ProfileValueUtils.java:83 &gt;&gt;&gt;&gt; Method = retrieveProfileValueSource] -- [Content = Retrieved ProfileValueSource type [class org.springframework.test.annotation.SystemProfileValueSource] for class [com.youmeek.ssm.SSMTest]]
[2018-07-02 21:44:30.176] -- [TRACE] -- [main &gt;&gt;&gt;&gt; TestContextManager.java:222 &gt;&gt;&gt;&gt; Method = prepareTestInstance] -- [Content = prepareTestInstance(): instance [com.youmeek.ssm.SSMTest@7e3f95fe]]
[2018-07-02 21:44:30.176] -- [DEBUG] -- [main &gt;&gt;&gt;&gt; DependencyInjectionTestExecutionListener.java:81 &gt;&gt;&gt;&gt; Method = prepareTestInstance] -- [Content = Performing dependency injection for test context [[DefaultTestContext@49c43f4e testClass = SSMTest, testInstance = com.youmeek.ssm.SSMTest@7e3f95fe, testMethod = [null], testException = [null], mergedContextConfiguration = [MergedContextConfiguration@290dbf45 testClass = SSMTest, locations = &apos;{classpath*:spring/applicationContext*.xml}&apos;, classes = &apos;{}&apos;, contextInitializerClasses = &apos;[]&apos;, activeProfiles = &apos;{}&apos;, propertySourceLocations = &apos;{}&apos;, propertySourceProperties = &apos;{}&apos;, contextLoader = &apos;org.springframework.test.context.support.DelegatingSmartContextLoader&apos;, parent = [null]]]].]
[2018-07-02 21:44:30.176] -- [DEBUG] -- [main &gt;&gt;&gt;&gt; AbstractDelegatingSmartContextLoader.java:107 &gt;&gt;&gt;&gt; Method = delegateLoading] -- [Content = Delegating to GenericXmlContextLoader to load context from [MergedContextConfiguration@290dbf45 testClass = SSMTest, locations = &apos;{classpath*:spring/applicationContext*.xml}&apos;, classes = &apos;{}&apos;, contextInitializerClasses = &apos;[]&apos;, activeProfiles = &apos;{}&apos;, propertySourceLocations = &apos;{}&apos;, propertySourceProperties = &apos;{}&apos;, contextLoader = &apos;org.springframework.test.context.support.DelegatingSmartContextLoader&apos;, parent = [null]].]
[2018-07-02 21:44:30.176] -- [DEBUG] -- [main &gt;&gt;&gt;&gt; AbstractGenericContextLoader.java:107 &gt;&gt;&gt;&gt; Method = loadContext] -- [Content = Loading ApplicationContext for merged context configuration [[MergedContextConfiguration@290dbf45 testClass = SSMTest, locations = &apos;{classpath*:spring/applicationContext*.xml}&apos;, classes = &apos;{}&apos;, contextInitializerClasses = &apos;[]&apos;, activeProfiles = &apos;{}&apos;, propertySourceLocations = &apos;{}&apos;, propertySourceProperties = &apos;{}&apos;, contextLoader = &apos;org.springframework.test.context.support.DelegatingSmartContextLoader&apos;, parent = [null]]].]
[2018-07-02 21:44:30.177] -- [DEBUG] -- [main &gt;&gt;&gt;&gt; MutablePropertySources.java:109 &gt;&gt;&gt;&gt; Method = addLast] -- [Content = Adding [systemProperties] PropertySource with lowest search precedence]
[2018-07-02 21:44:30.177] -- [DEBUG] -- [main &gt;&gt;&gt;&gt; MutablePropertySources.java:109 &gt;&gt;&gt;&gt; Method = addLast] -- [Content = Adding [systemEnvironment] PropertySource with lowest search precedence]
[2018-07-02 21:44:30.178] -- [DEBUG] -- [main &gt;&gt;&gt;&gt; AbstractEnvironment.java:127 &gt;&gt;&gt;&gt; Method = &lt;init&gt;] -- [Content = Initialized StandardEnvironment with PropertySources [systemProperties,systemEnvironment]]
[2018-07-02 21:44:30.178] -- [DEBUG] -- [main &gt;&gt;&gt;&gt; PathMatchingResourcePatternResolver.java:312 &gt;&gt;&gt;&gt; Method = findAllClassPathResources] -- [Content = Resolved classpath location [spring/] to resources [URL [file:/Users/xk1020/IdeaProjects/Basic-Single-Module-SSJPA/target/classes/spring/]]]
[2018-07-02 21:44:30.178] -- [DEBUG] -- [main &gt;&gt;&gt;&gt; PathMatchingResourcePatternResolver.java:637 &gt;&gt;&gt;&gt; Method = doFindMatchingFileSystemResources] -- [Content = Looking for matching resources in directory tree [/Users/xk1020/IdeaProjects/Basic-Single-Module-SSJPA/target/classes/spring]]
[2018-07-02 21:44:30.178] -- [DEBUG] -- [main &gt;&gt;&gt;&gt; PathMatchingResourcePatternResolver.java:699 &gt;&gt;&gt;&gt; Method = doRetrieveMatchingFiles] -- [Content = Searching directory [/Users/xk1020/IdeaProjects/Basic-Single-Module-SSJPA/target/classes/spring] for files matching pattern [/Users/xk1020/IdeaProjects/Basic-Single-Module-SSJPA/target/classes/spring/applicationContext*.xml]]
[2018-07-02 21:44:30.179] -- [DEBUG] -- [main &gt;&gt;&gt;&gt; PathMatchingResourcePatternResolver.java:430 &gt;&gt;&gt;&gt; Method = findPathMatchingResources] -- [Content = Resolved location pattern [classpath*:spring/applicationContext*.xml] to resources [file [/Users/xk1020/IdeaProjects/Basic-Single-Module-SSJPA/target/classes/spring/applicationContext.xml], file [/Users/xk1020/IdeaProjects/Basic-Single-Module-SSJPA/target/classes/spring/applicationContext-dataSource.xml], file [/Users/xk1020/IdeaProjects/Basic-Single-Module-SSJPA/target/classes/spring/applicationContext-transaction.xml], file [/Users/xk1020/IdeaProjects/Basic-Single-Module-SSJPA/target/classes/spring/applicationContext-jpa.xml]]]
[2018-07-02 21:44:30.179] -- [INFO] -- [main &gt;&gt;&gt;&gt; XmlBeanDefinitionReader.java:317 &gt;&gt;&gt;&gt; Method = loadBeanDefinitions] -- [Content = Loading XML bean definitions from file [/Users/xk1020/IdeaProjects/Basic-Single-Module-SSJPA/target/classes/spring/applicationContext.xml]]
[2018-07-02 21:44:30.180] -- [DEBUG] -- [main &gt;&gt;&gt;&gt; DefaultDocumentLoader.java:73 &gt;&gt;&gt;&gt; Method = loadDocument] -- [Content = Using JAXP provider [com.sun.org.apache.xerces.internal.jaxp.DocumentBuilderFactoryImpl]]
[2018-07-02 21:44:30.181] -- [TRACE] -- [main &gt;&gt;&gt;&gt; PluggableSchemaResolver.java:106 &gt;&gt;&gt;&gt; Method = resolveEntity] -- [Content = Trying to resolve XML entity with public id [null] and system id [http://www.springframework.org/schema/beans/spring-beans-4.2.xsd]]
[2018-07-02 21:44:30.182] -- [DEBUG] -- [main &gt;&gt;&gt;&gt; PluggableSchemaResolver.java:141 &gt;&gt;&gt;&gt; Method = getSchemaMappings] -- [Content = Loading schema mappings from [META-INF/spring.schemas]]
[2018-07-02 21:44:30.184] -- [DEBUG] -- [main &gt;&gt;&gt;&gt; PluggableSchemaResolver.java:147 &gt;&gt;&gt;&gt; Method = getSchemaMappings] -- [Content = Loaded schema mappings: {http://www.springframework.org/schema/tx/spring-tx-2.5.xsd=org/springframework/transaction/config/spring-tx-2.5.xsd, http://www.springframework.org/schema/cache/spring-cache-4.2.xsd=org/springframework/cache/config/spring-cache-4.2.xsd, http://www.springframework.org/schema/aop/spring-aop-4.1.xsd=org/springframework/aop/config/spring-aop-4.1.xsd, http://www.springframework.org/schema/context/spring-context-3.1.xsd=org/springframework/context/config/spring-context-3.1.xsd, http://www.springframework.org/schema/data/repository/spring-repository-1.4.xsd=org/springframework/data/repository/config/spring-repository-1.4.xsd, http://www.springframework.org/schema/jdbc/spring-jdbc-4.1.xsd=org/springframework/jdbc/config/spring-jdbc-4.1.xsd, http://www.springframework.org/schema/util/spring-util-3.0.xsd=org/springframework/beans/factory/xml/spring-util-3.0.xsd, http://www.springframework.org/schema/mvc/spring-mvc-4.1.xsd=org/springframework/web/servlet/config/spring-mvc-4.1.xsd, http://www.springframework.org/schema/data/jpa/spring-jpa.xsd=org/springframework/data/jpa/repository/config/spring-jpa-1.8.xsd, http://www.springframework.org/schema/aop/spring-aop-3.2.xsd=org/springframework/aop/config/spring-aop-3.2.xsd, http://www.springframework.org/schema/tool/spring-tool.xsd=org/springframework/beans/factory/xml/spring-tool-4.2.xsd, http://www.springframework.org/schema/lang/spring-lang-4.1.xsd=org/springframework/scripting/config/spring-lang-4.1.xsd, http://www.springframework.org/schema/context/spring-context-4.0.xsd=org/springframework/context/config/spring-context-4.0.xsd, http://www.springframework.org/schema/mvc/spring-mvc-3.2.xsd=org/springframework/web/servlet/config/spring-mvc-3.2.xsd, http://www.springframework.org/schema/beans/spring-beans-4.2.xsd=org/springframework/beans/factory/xml/spring-beans-4.2.xsd, http://www.springframework.org/schema/oxm/spring-oxm-3.0.xsd=org/springframework/oxm/config/spring-oxm-3.0.xsd, http://www.springframework.org/schema/tool/spring-tool-4.1.xsd=org/springframework/beans/factory/xml/spring-tool-4.1.xsd, http://www.springframework.org/schema/lang/spring-lang-3.2.xsd=org/springframework/scripting/config/spring-lang-3.2.xsd, http://www.springframework.org/schema/cache/spring-cache-3.2.xsd=org/springframework/cache/config/spring-cache-3.2.xsd, http://www.springframework.org/schema/jee/spring-jee-4.1.xsd=org/springframework/ejb/config/spring-jee-4.1.xsd, http://www.springframework.org/schema/jdbc/spring-jdbc-3.1.xsd=org/springframework/jdbc/config/spring-jdbc-3.1.xsd, http://www.springframework.org/schema/task/spring-task-4.2.xsd=org/springframework/scheduling/config/spring-task-4.2.xsd, http://www.springframework.org/schema/util/spring-util-2.0.xsd=org/springframework/beans/factory/xml/spring-util-2.0.xsd, http://www.springframework.org/schema/tool/spring-tool-3.2.xsd=org/springframework/beans/factory/xml/spring-tool-3.2.xsd, http://www.springframework.org/schema/context/spring-context.xsd=org/springframework/context/config/spring-context-4.2.xsd, http://www.springframework.org/schema/tx/spring-tx-4.2.xsd=org/springframework/transaction/config/spring-tx-4.2.xsd, http://www.springframework.org/schema/cache/spring-cache-4.1.xsd=org/springframework/cache/config/spring-cache-4.1.xsd, http://www.springframework.org/schema/aop/spring-aop-4.0.xsd=org/springframework/aop/config/spring-aop-4.0.xsd, http://www.springframework.org/schema/jee/spring-jee-3.2.xsd=org/springframework/ejb/config/spring-jee-3.2.xsd, http://www.springframework.org/schema/context/spring-context-3.0.xsd=org/springframework/context/config/spring-context-3.0.xsd, http://www.springframework.org/schema/jdbc/spring-jdbc-4.0.xsd=org/springframework/jdbc/config/spring-jdbc-4.0.xsd, http://www.springframework.org/schema/util/spring-util-2.5.xsd=org/springframework/beans/factory/xml/spring-util-2.5.xsd, http://www.springframework.org/schema/mvc/spring-mvc-4.0.xsd=org/springframework/web/servlet/config/spring-mvc-4.0.xsd, http://www.springframework.org/schema/beans/spring-beans-3.2.xsd=org/springframework/beans/factory/xml/spring-beans-3.2.xsd, http://www.springframework.org/schema/aop/spring-aop-3.1.xsd=org/springframework/aop/config/spring-aop-3.1.xsd, http://www.springframework.org/schema/lang/spring-lang-4.0.xsd=org/springframework/scripting/config/spring-lang-4.0.xsd, http://www.springframework.org/schema/data/repository/spring-repository-1.8.xsd=org/springframework/data/repository/config/spring-repository-1.8.xsd, http://www.springframework.org/schema/mvc/spring-mvc.xsd=org/springframework/web/servlet/config/spring-mvc-4.2.xsd, http://www.springframework.org/schema/mvc/spring-mvc-3.1.xsd=org/springframework/web/servlet/config/spring-mvc-3.1.xsd, http://www.springframework.org/schema/beans/spring-beans-4.1.xsd=org/springframework/beans/factory/xml/spring-beans-4.1.xsd, http://www.springframework.org/schema/tool/spring-tool-4.0.xsd=org/springframework/beans/factory/xml/spring-tool-4.0.xsd, http://www.springframework.org/schema/lang/spring-lang-3.1.xsd=org/springframework/scripting/config/spring-lang-3.1.xsd, http://www.springframework.org/schema/tx/spring-tx-3.2.xsd=org/springframework/transaction/config/spring-tx-3.2.xsd, http://www.springframework.org/schema/cache/spring-cache-3.1.xsd=org/springframework/cache/config/spring-cache-3.1.xsd, http://www.springframework.org/schema/jee/spring-jee-4.0.xsd=org/springframework/ejb/config/spring-jee-4.0.xsd, http://www.springframework.org/schema/jdbc/spring-jdbc-3.0.xsd=org/springframework/jdbc/config/spring-jdbc-3.0.xsd, http://www.springframework.org/schema/task/spring-task-4.1.xsd=org/springframework/scheduling/config/spring-task-4.1.xsd, http://www.springframework.org/schema/jdbc/spring-jdbc.xsd=org/springframework/jdbc/config/spring-jdbc-4.2.xsd, http://www.springframework.org/schema/tool/spring-tool-3.1.xsd=org/springframework/beans/factory/xml/spring-tool-3.1.xsd, http://www.springframework.org/schema/tx/spring-tx-4.1.xsd=org/springframework/transaction/config/spring-tx-4.1.xsd, http://www.springframework.org/schema/cache/spring-cache-4.0.xsd=org/springframework/cache/config/spring-cache-4.0.xsd, http://www.springframework.org/schema/jee/spring-jee-3.1.xsd=org/springframework/ejb/config/spring-jee-3.1.xsd, http://www.springframework.org/schema/task/spring-task-3.2.xsd=org/springframework/scheduling/config/spring-task-3.2.xsd, http://www.springframework.org/schema/util/spring-util-4.2.xsd=org/springframework/beans/factory/xml/spring-util-4.2.xsd, http://www.springframework.org/schema/beans/spring-beans-3.1.xsd=org/springframework/beans/factory/xml/spring-beans-3.1.xsd, http://www.springframework.org/schema/util/spring-util.xsd=org/springframework/beans/factory/xml/spring-util-4.2.xsd, http://www.springframework.org/schema/data/jpa/spring-jpa-1.3.xsd=org/springframework/data/jpa/repository/config/spring-jpa-1.3.xsd, http://www.springframework.org/schema/aop/spring-aop-3.0.xsd=org/springframework/aop/config/spring-aop-3.0.xsd, http://www.springframework.org/schema/data/repository/spring-repository.xsd=org/springframework/data/repository/config/spring-repository-1.11.xsd, http://www.springframework.org/schema/data/repository/spring-repository-1.7.xsd=org/springframework/data/repository/config/spring-repository-1.7.xsd, http://www.springframework.org/schema/mvc/spring-mvc-3.0.xsd=org/springframework/web/servlet/config/spring-mvc-3.0.xsd, http://www.springframework.org/schema/beans/spring-beans-4.0.xsd=org/springframework/beans/factory/xml/spring-beans-4.0.xsd, http://www.springframework.org/schema/oxm/spring-oxm-4.2.xsd=org/springframework/oxm/config/spring-oxm-4.2.xsd, http://www.springframework.org/schema/data/jpa/spring-jpa-1.8.xsd=org/springframework/data/jpa/repository/config/spring-jpa-1.8.xsd, http://www.springframework.org/schema/beans/spring-beans.xsd=org/springframework/beans/factory/xml/spring-beans-4.2.xsd, http://www.springframework.org/schema/lang/spring-lang-3.0.xsd=org/springframework/scripting/config/spring-lang-3.0.xsd, http://www.springframework.org/schema/tx/spring-tx-3.1.xsd=org/springframework/transaction/config/spring-tx-3.1.xsd, http://www.springframework.org/schema/context/spring-context-2.5.xsd=org/springframework/context/config/spring-context-2.5.xsd, http://www.springframework.org/schema/task/spring-task-4.0.xsd=org/springframework/scheduling/config/spring-task-4.0.xsd, http://www.springframework.org/schema/tool/spring-tool-3.0.xsd=org/springframework/beans/factory/xml/spring-tool-3.0.xsd, http://www.springframework.org/schema/tx/spring-tx-4.0.xsd=org/springframework/transaction/config/spring-tx-4.0.xsd, http://www.springframework.org/schema/aop/spring-aop-2.0.xsd=org/springframework/aop/config/spring-aop-2.0.xsd, http://www.springframework.org/schema/jee/spring-jee-3.0.xsd=org/springframework/ejb/config/spring-jee-3.0.xsd, http://www.springframework.org/schema/task/spring-task-3.1.xsd=org/springframework/scheduling/config/spring-task-3.1.xsd, http://www.springframework.org/schema/util/spring-util-4.1.xsd=org/springframework/beans/factory/xml/spring-util-4.1.xsd, http://www.springframework.org/schema/beans/spring-beans-3.0.xsd=org/springframework/beans/factory/xml/spring-beans-3.0.xsd, http://www.springframework.org/schema/data/jpa/spring-jpa-1.2.xsd=org/springframework/data/jpa/repository/config/spring-jpa-1.2.xsd, http://www.springframework.org/schema/jee/spring-jee.xsd=org/springframework/ejb/config/spring-jee-4.2.xsd, http://www.springframework.org/schema/aop/spring-aop-2.5.xsd=org/springframework/aop/config/spring-aop-2.5.xsd, http://www.springframework.org/schema/lang/spring-lang-2.0.xsd=org/springframework/scripting/config/spring-lang-2.0.xsd, http://www.springframework.org/schema/data/repository/spring-repository-1.6.xsd=org/springframework/data/repository/config/spring-repository-1.6.xsd, http://www.springframework.org/schema/oxm/spring-oxm.xsd=org/springframework/oxm/config/spring-oxm-4.2.xsd, http://www.springframework.org/schema/util/spring-util-3.2.xsd=org/springframework/beans/factory/xml/spring-util-3.2.xsd, http://www.springframework.org/schema/oxm/spring-oxm-4.1.xsd=org/springframework/oxm/config/spring-oxm-4.1.xsd, http://www.springframework.org/schema/task/spring-task.xsd=org/springframework/scheduling/config/spring-task-4.2.xsd, http://www.springframework.org/schema/tool/spring-tool-2.0.xsd=org/springframework/beans/factory/xml/spring-tool-2.0.xsd, http://www.springframework.org/schema/lang/spring-lang-2.5.xsd=org/springframework/scripting/config/spring-lang-2.5.xsd, http://www.springframework.org/schema/tx/spring-tx-3.0.xsd=org/springframework/transaction/config/spring-tx-3.0.xsd, http://www.springframework.org/schema/context/spring-context-4.2.xsd=org/springframework/context/config/spring-context-4.2.xsd, http://www.springframework.org/schema/jee/spring-jee-2.0.xsd=org/springframework/ejb/config/spring-jee-2.0.xsd, http://www.springframework.org/schema/oxm/spring-oxm-3.2.xsd=org/springframework/oxm/config/spring-oxm-3.2.xsd, http://www.springframework.org/schema/tool/spring-tool-2.5.xsd=org/springframework/beans/factory/xml/spring-tool-2.5.xsd, http://www.springframework.org/schema/jee/spring-jee-2.5.xsd=org/springframework/ejb/config/spring-jee-2.5.xsd, http://www.springframework.org/schema/data/repository/spring-repository-1.0.xsd=org/springframework/data/repository/config/spring-repository-1.0.xsd, http://www.springframework.org/schema/task/spring-task-3.0.xsd=org/springframework/scheduling/config/spring-task-3.0.xsd, http://www.springframework.org/schema/util/spring-util-4.0.xsd=org/springframework/beans/factory/xml/spring-util-4.0.xsd, http://www.springframework.org/schema/data/jpa/spring-jpa-1.1.xsd=org/springframework/data/jpa/repository/config/spring-jpa-1.1.xsd, http://www.springframework.org/schema/aop/spring-aop-4.2.xsd=org/springframework/aop/config/spring-aop-4.2.xsd, http://www.springframework.org/schema/lang/spring-lang.xsd=org/springframework/scripting/config/spring-lang-4.2.xsd, http://www.springframework.org/schema/context/spring-context-3.2.xsd=org/springframework/context/config/spring-context-3.2.xsd, http://www.springframework.org/schema/data/repository/spring-repository-1.5.xsd=org/springframework/data/repository/config/spring-repository-1.5.xsd, http://www.springframework.org/schema/jdbc/spring-jdbc-4.2.xsd=org/springframework/jdbc/config/spring-jdbc-4.2.xsd, http://www.springframework.org/schema/mvc/spring-mvc-4.2.xsd=org/springframework/web/servlet/config/spring-mvc-4.2.xsd, http://www.springframework.org/schema/util/spring-util-3.1.xsd=org/springframework/beans/factory/xml/spring-util-3.1.xsd, http://www.springframework.org/schema/beans/spring-beans-2.0.xsd=org/springframework/beans/factory/xml/spring-beans-2.0.xsd, http://www.springframework.org/schema/oxm/spring-oxm-4.0.xsd=org/springframework/oxm/config/spring-oxm-4.0.xsd, http://www.springframework.org/schema/cache/spring-cache.xsd=org/springframework/cache/config/spring-cache-4.2.xsd, http://www.springframework.org/schema/tx/spring-tx.xsd=org/springframework/transaction/config/spring-tx-4.2.xsd, http://www.springframework.org/schema/lang/spring-lang-4.2.xsd=org/springframework/scripting/config/spring-lang-4.2.xsd, http://www.springframework.org/schema/context/spring-context-4.1.xsd=org/springframework/context/config/spring-context-4.1.xsd, http://www.springframework.org/schema/beans/spring-beans-2.5.xsd=org/springframework/beans/factory/xml/spring-beans-2.5.xsd, http://www.springframework.org/schema/oxm/spring-oxm-3.1.xsd=org/springframework/oxm/config/spring-oxm-3.1.xsd, http://www.springframework.org/schema/tool/spring-tool-4.2.xsd=org/springframework/beans/factory/xml/spring-tool-4.2.xsd, http://www.springframework.org/schema/tx/spring-tx-2.0.xsd=org/springframework/transaction/config/spring-tx-2.0.xsd, http://www.springframework.org/schema/data/repository/spring-repository-1.11.xsd=org/springframework/data/repository/config/spring-repository-1.11.xsd, http://www.springframework.org/schema/jee/spring-jee-4.2.xsd=org/springframework/ejb/config/spring-jee-4.2.xsd, http://www.springframework.org/schema/jdbc/spring-jdbc-3.2.xsd=org/springframework/jdbc/config/spring-jdbc-3.2.xsd, http://www.springframework.org/schema/aop/spring-aop.xsd=org/springframework/aop/config/spring-aop-4.2.xsd, http://www.springframework.org/schema/data/jpa/spring-jpa-1.0.xsd=org/springframework/data/jpa/repository/config/spring-jpa-1.0.xsd}]
[2018-07-02 21:44:30.185] -- [DEBUG] -- [main &gt;&gt;&gt;&gt; PluggableSchemaResolver.java:119 &gt;&gt;&gt;&gt; Method = resolveEntity] -- [Content = Found XML schema [http://www.springframework.org/schema/beans/spring-beans-4.2.xsd] in classpath: org/springframework/beans/factory/xml/spring-beans-4.2.xsd]
[2018-07-02 21:44:30.189] -- [TRACE] -- [main &gt;&gt;&gt;&gt; PluggableSchemaResolver.java:106 &gt;&gt;&gt;&gt; Method = resolveEntity] -- [Content = Trying to resolve XML entity with public id [null] and system id [http://www.springframework.org/schema/context/spring-context-4.2.xsd]]
[2018-07-02 21:44:30.189] -- [DEBUG] -- [main &gt;&gt;&gt;&gt; PluggableSchemaResolver.java:119 &gt;&gt;&gt;&gt; Method = resolveEntity] -- [Content = Found XML schema [http://www.springframework.org/schema/context/spring-context-4.2.xsd] in classpath: org/springframework/context/config/spring-context-4.2.xsd]
[2018-07-02 21:44:30.190] -- [TRACE] -- [main &gt;&gt;&gt;&gt; PluggableSchemaResolver.java:106 &gt;&gt;&gt;&gt; Method = resolveEntity] -- [Content = Trying to resolve XML entity with public id [null] and system id [http://www.springframework.org/schema/tool/spring-tool-4.2.xsd]]
[2018-07-02 21:44:30.191] -- [DEBUG] -- [main &gt;&gt;&gt;&gt; PluggableSchemaResolver.java:119 &gt;&gt;&gt;&gt; Method = resolveEntity] -- [Content = Found XML schema [http://www.springframework.org/schema/tool/spring-tool-4.2.xsd] in classpath: org/springframework/beans/factory/xml/spring-tool-4.2.xsd]
[2018-07-02 21:44:30.193] -- [DEBUG] -- [main &gt;&gt;&gt;&gt; DefaultBeanDefinitionDocumentReader.java:92 &gt;&gt;&gt;&gt; Method = registerBeanDefinitions] -- [Content = Loading bean definitions]
[2018-07-02 21:44:30.194] -- [DEBUG] -- [main &gt;&gt;&gt;&gt; DefaultNamespaceHandlerResolver.java:157 &gt;&gt;&gt;&gt; Method = getHandlerMappings] -- [Content = Loaded NamespaceHandler mappings: {http://www.springframework.org/schema/p=org.springframework.beans.factory.xml.SimplePropertyNamespaceHandler, http://www.springframework.org/schema/mvc=org.springframework.web.servlet.config.MvcNamespaceHandler, http://www.springframework.org/schema/util=org.springframework.beans.factory.xml.UtilNamespaceHandler, http://www.springframework.org/schema/jee=org.springframework.ejb.config.JeeNamespaceHandler, http://www.springframework.org/schema/aop=org.springframework.aop.config.AopNamespaceHandler, http://www.springframework.org/schema/data/repository=org.springframework.data.repository.config.RepositoryNameSpaceHandler, http://www.springframework.org/schema/jdbc=org.springframework.jdbc.config.JdbcNamespaceHandler, http://www.springframework.org/schema/oxm=org.springframework.oxm.config.OxmNamespaceHandler, http://www.springframework.org/schema/data/jpa=org.springframework.data.jpa.repository.config.JpaRepositoryNameSpaceHandler, http://www.springframework.org/schema/cache=org.springframework.cache.config.CacheNamespaceHandler, http://www.springframework.org/schema/c=org.springframework.beans.factory.xml.SimpleConstructorNamespaceHandler, http://www.springframework.org/schema/tx=org.springframework.transaction.config.TxNamespaceHandler, http://www.springframework.org/schema/task=org.springframework.scheduling.config.TaskNamespaceHandler, http://www.springframework.org/schema/lang=org.springframework.scripting.config.LangNamespaceHandler, http://www.springframework.org/schema/data/keyvalue=org.springframework.data.keyvalue.repository.config.KeyValueRepositoryNameSpaceHandler, http://www.springframework.org/schema/context=org.springframework.context.config.ContextNamespaceHandler}]
[2018-07-02 21:44:30.195] -- [DEBUG] -- [main &gt;&gt;&gt;&gt; ClassPathScanningCandidateComponentProvider.java:244 &gt;&gt;&gt;&gt; Method = registerDefaultFilters] -- [Content = JSR-250 &apos;javax.annotation.ManagedBean&apos; found and supported for component scanning]
[2018-07-02 21:44:30.195] -- [DEBUG] -- [main &gt;&gt;&gt;&gt; ClassPathScanningCandidateComponentProvider.java:252 &gt;&gt;&gt;&gt; Method = registerDefaultFilters] -- [Content = JSR-330 &apos;javax.inject.Named&apos; annotation found and supported for component scanning]
[2018-07-02 21:44:30.196] -- [DEBUG] -- [main &gt;&gt;&gt;&gt; PathMatchingResourcePatternResolver.java:312 &gt;&gt;&gt;&gt; Method = findAllClassPathResources] -- [Content = Resolved classpath location [com/youmeek/] to resources [URL [file:/Users/xk1020/IdeaProjects/Basic-Single-Module-SSJPA/target/test-classes/com/youmeek/], URL [file:/Users/xk1020/IdeaProjects/Basic-Single-Module-SSJPA/target/classes/com/youmeek/]]]
[2018-07-02 21:44:30.196] -- [DEBUG] -- [main &gt;&gt;&gt;&gt; PathMatchingResourcePatternResolver.java:637 &gt;&gt;&gt;&gt; Method = doFindMatchingFileSystemResources] -- [Content = Looking for matching resources in directory tree [/Users/xk1020/IdeaProjects/Basic-Single-Module-SSJPA/target/test-classes/com/youmeek]]
[2018-07-02 21:44:30.196] -- [DEBUG] -- [main &gt;&gt;&gt;&gt; PathMatchingResourcePatternResolver.java:699 &gt;&gt;&gt;&gt; Method = doRetrieveMatchingFiles] -- [Content = Searching directory [/Users/xk1020/IdeaProjects/Basic-Single-Module-SSJPA/target/test-classes/com/youmeek] for files matching pattern [/Users/xk1020/IdeaProjects/Basic-Single-Module-SSJPA/target/test-classes/com/youmeek/**/service/**/*.class]]
[2018-07-02 21:44:30.197] -- [DEBUG] -- [main &gt;&gt;&gt;&gt; PathMatchingResourcePatternResolver.java:699 &gt;&gt;&gt;&gt; Method = doRetrieveMatchingFiles] -- [Content = Searching directory [/Users/xk1020/IdeaProjects/Basic-Single-Module-SSJPA/target/test-classes/com/youmeek/ssm] for files matching pattern [/Users/xk1020/IdeaProjects/Basic-Single-Module-SSJPA/target/test-classes/com/youmeek/**/service/**/*.class]]
[2018-07-02 21:44:30.197] -- [DEBUG] -- [main &gt;&gt;&gt;&gt; PathMatchingResourcePatternResolver.java:637 &gt;&gt;&gt;&gt; Method = doFindMatchingFileSystemResources] -- [Content = Looking for matching resources in directory tree [/Users/xk1020/IdeaProjects/Basic-Single-Module-SSJPA/target/classes/com/youmeek]]
[2018-07-02 21:44:30.197] -- [DEBUG] -- [main &gt;&gt;&gt;&gt; PathMatchingResourcePatternResolver.java:699 &gt;&gt;&gt;&gt; Method = doRetrieveMatchingFiles] -- [Content = Searching directory [/Users/xk1020/IdeaProjects/Basic-Single-Module-SSJPA/target/classes/com/youmeek] for files matching pattern [/Users/xk1020/IdeaProjects/Basic-Single-Module-SSJPA/target/classes/com/youmeek/**/service/**/*.class]]
[2018-07-02 21:44:30.197] -- [DEBUG] -- [main &gt;&gt;&gt;&gt; PathMatchingResourcePatternResolver.java:699 &gt;&gt;&gt;&gt; Method = doRetrieveMatchingFiles] -- [Content = Searching directory [/Users/xk1020/IdeaProjects/Basic-Single-Module-SSJPA/target/classes/com/youmeek/ssm] for files matching pattern [/Users/xk1020/IdeaProjects/Basic-Single-Module-SSJPA/target/classes/com/youmeek/**/service/**/*.class]]
[2018-07-02 21:44:30.198] -- [DEBUG] -- [main &gt;&gt;&gt;&gt; PathMatchingResourcePatternResolver.java:699 &gt;&gt;&gt;&gt; Method = doRetrieveMatchingFiles] -- [Content = Searching directory [/Users/xk1020/IdeaProjects/Basic-Single-Module-SSJPA/target/classes/com/youmeek/ssm/module] for files matching pattern [/Users/xk1020/IdeaProjects/Basic-Single-Module-SSJPA/target/classes/com/youmeek/**/service/**/*.class]]
[2018-07-02 21:44:30.198] -- [DEBUG] -- [main &gt;&gt;&gt;&gt; PathMatchingResourcePatternResolver.java:699 &gt;&gt;&gt;&gt; Method = doRetrieveMatchingFiles] -- [Content = Searching directory [/Users/xk1020/IdeaProjects/Basic-Single-Module-SSJPA/target/classes/com/youmeek/ssm/module/user] for files matching pattern [/Users/xk1020/IdeaProjects/Basic-Single-Module-SSJPA/target/classes/com/youmeek/**/service/**/*.class]]
[2018-07-02 21:44:30.198] -- [DEBUG] -- [main &gt;&gt;&gt;&gt; PathMatchingResourcePatternResolver.java:699 &gt;&gt;&gt;&gt; Method = doRetrieveMatchingFiles] -- [Content = Searching directory [/Users/xk1020/IdeaProjects/Basic-Single-Module-SSJPA/target/classes/com/youmeek/ssm/module/user/dao] for files matching pattern [/Users/xk1020/IdeaProjects/Basic-Single-Module-SSJPA/target/classes/com/youmeek/**/service/**/*.class]]
[2018-07-02 21:44:30.199] -- [DEBUG] -- [main &gt;&gt;&gt;&gt; PathMatchingResourcePatternResolver.java:699 &gt;&gt;&gt;&gt; Method = doRetrieveMatchingFiles] -- [Content = Searching directory [/Users/xk1020/IdeaProjects/Basic-Single-Module-SSJPA/target/classes/com/youmeek/ssm/module/user/controller] for files matching pattern [/Users/xk1020/IdeaProjects/Basic-Single-Module-SSJPA/target/classes/com/youmeek/**/service/**/*.class]]
[2018-07-02 21:44:30.199] -- [DEBUG] -- [main &gt;&gt;&gt;&gt; PathMatchingResourcePatternResolver.java:699 &gt;&gt;&gt;&gt; Method = doRetrieveMatchingFiles] -- [Content = Searching directory [/Users/xk1020/IdeaProjects/Basic-Single-Module-SSJPA/target/classes/com/youmeek/ssm/module/user/service] for files matching pattern [/Users/xk1020/IdeaProjects/Basic-Single-Module-SSJPA/target/classes/com/youmeek/**/service/**/*.class]]
[2018-07-02 21:44:30.199] -- [DEBUG] -- [main &gt;&gt;&gt;&gt; PathMatchingResourcePatternResolver.java:699 &gt;&gt;&gt;&gt; Method = doRetrieveMatchingFiles] -- [Content = Searching directory [/Users/xk1020/IdeaProjects/Basic-Single-Module-SSJPA/target/classes/com/youmeek/ssm/module/user/service/impl] for files matching pattern [/Users/xk1020/IdeaProjects/Basic-Single-Module-SSJPA/target/classes/com/youmeek/**/service/**/*.class]]
[2018-07-02 21:44:30.199] -- [DEBUG] -- [main &gt;&gt;&gt;&gt; PathMatchingResourcePatternResolver.java:699 &gt;&gt;&gt;&gt; Method = doRetrieveMatchingFiles] -- [Content = Searching directory [/Users/xk1020/IdeaProjects/Basic-Single-Module-SSJPA/target/classes/com/youmeek/ssm/module/user/pojo] for files matching pattern [/Users/xk1020/IdeaProjects/Basic-Single-Module-SSJPA/target/classes/com/youmeek/**/service/**/*.class]]
[2018-07-02 21:44:30.199] -- [DEBUG] -- [main &gt;&gt;&gt;&gt; PathMatchingResourcePatternResolver.java:699 &gt;&gt;&gt;&gt; Method = doRetrieveMatchingFiles] -- [Content = Searching directory [/Users/xk1020/IdeaProjects/Basic-Single-Module-SSJPA/target/classes/com/youmeek/ssm/aop] for files matching pattern [/Users/xk1020/IdeaProjects/Basic-Single-Module-SSJPA/target/classes/com/youmeek/**/service/**/*.class]]
[2018-07-02 21:44:30.200] -- [DEBUG] -- [main &gt;&gt;&gt;&gt; PathMatchingResourcePatternResolver.java:699 &gt;&gt;&gt;&gt; Method = doRetrieveMatchingFiles] -- [Content = Searching directory [/Users/xk1020/IdeaProjects/Basic-Single-Module-SSJPA/target/classes/com/youmeek/ssm/aop/log] for files matching pattern [/Users/xk1020/IdeaProjects/Basic-Single-Module-SSJPA/target/classes/com/youmeek/**/service/**/*.class]]
[2018-07-02 21:44:30.200] -- [DEBUG] -- [main &gt;&gt;&gt;&gt; PathMatchingResourcePatternResolver.java:699 &gt;&gt;&gt;&gt; Method = doRetrieveMatchingFiles] -- [Content = Searching directory [/Users/xk1020/IdeaProjects/Basic-Single-Module-SSJPA/target/classes/com/youmeek/ssm/interceptor] for files matching pattern [/Users/xk1020/IdeaProjects/Basic-Single-Module-SSJPA/target/classes/com/youmeek/**/service/**/*.class]]
[2018-07-02 21:44:30.200] -- [DEBUG] -- [main &gt;&gt;&gt;&gt; PathMatchingResourcePatternResolver.java:430 &gt;&gt;&gt;&gt; Method = findPathMatchingResources] -- [Content = Resolved location pattern [classpath*:com/youmeek/**/service/**/*.class] to resources [file [/Users/xk1020/IdeaProjects/Basic-Single-Module-SSJPA/target/classes/com/youmeek/ssm/module/user/service/impl/SysUserServiceImpl.class], file [/Users/xk1020/IdeaProjects/Basic-Single-Module-SSJPA/target/classes/com/youmeek/ssm/module/user/service/SysUserService.class]]]
[2018-07-02 21:44:30.200] -- [TRACE] -- [main &gt;&gt;&gt;&gt; ClassPathScanningCandidateComponentProvider.java:275 &gt;&gt;&gt;&gt; Method = findCandidateComponents] -- [Content = Scanning file [/Users/xk1020/IdeaProjects/Basic-Single-Module-SSJPA/target/classes/com/youmeek/ssm/module/user/service/impl/SysUserServiceImpl.class]]
[2018-07-02 21:44:30.201] -- [DEBUG] -- [main &gt;&gt;&gt;&gt; ClassPathScanningCandidateComponentProvider.java:286 &gt;&gt;&gt;&gt; Method = findCandidateComponents] -- [Content = Identified candidate component class: file [/Users/xk1020/IdeaProjects/Basic-Single-Module-SSJPA/target/classes/com/youmeek/ssm/module/user/service/impl/SysUserServiceImpl.class]]
[2018-07-02 21:44:30.201] -- [TRACE] -- [main &gt;&gt;&gt;&gt; ClassPathScanningCandidateComponentProvider.java:275 &gt;&gt;&gt;&gt; Method = findCandidateComponents] -- [Content = Scanning file [/Users/xk1020/IdeaProjects/Basic-Single-Module-SSJPA/target/classes/com/youmeek/ssm/module/user/service/SysUserService.class]]
[2018-07-02 21:44:30.201] -- [TRACE] -- [main &gt;&gt;&gt;&gt; ClassPathScanningCandidateComponentProvider.java:298 &gt;&gt;&gt;&gt; Method = findCandidateComponents] -- [Content = Ignored because not matching any filter: file [/Users/xk1020/IdeaProjects/Basic-Single-Module-SSJPA/target/classes/com/youmeek/ssm/module/user/service/SysUserService.class]]
[2018-07-02 21:44:30.202] -- [INFO] -- [main &gt;&gt;&gt;&gt; XmlBeanDefinitionReader.java:317 &gt;&gt;&gt;&gt; Method = loadBeanDefinitions] -- [Content = Loading XML bean definitions from file [/Users/xk1020/IdeaProjects/Basic-Single-Module-SSJPA/target/classes/spring/applicationContext-dataSource.xml]]
[2018-07-02 21:44:30.203] -- [DEBUG] -- [main &gt;&gt;&gt;&gt; DefaultDocumentLoader.java:73 &gt;&gt;&gt;&gt; Method = loadDocument] -- [Content = Using JAXP provider [com.sun.org.apache.xerces.internal.jaxp.DocumentBuilderFactoryImpl]]
[2018-07-02 21:44:30.204] -- [TRACE] -- [main &gt;&gt;&gt;&gt; PluggableSchemaResolver.java:106 &gt;&gt;&gt;&gt; Method = resolveEntity] -- [Content = Trying to resolve XML entity with public id [null] and system id [http://www.springframework.org/schema/beans/spring-beans-4.2.xsd]]
[2018-07-02 21:44:30.204] -- [DEBUG] -- [main &gt;&gt;&gt;&gt; PluggableSchemaResolver.java:119 &gt;&gt;&gt;&gt; Method = resolveEntity] -- [Content = Found XML schema [http://www.springframework.org/schema/beans/spring-beans-4.2.xsd] in classpath: org/springframework/beans/factory/xml/spring-beans-4.2.xsd]
[2018-07-02 21:44:30.209] -- [DEBUG] -- [main &gt;&gt;&gt;&gt; DefaultBeanDefinitionDocumentReader.java:92 &gt;&gt;&gt;&gt; Method = registerBeanDefinitions] -- [Content = Loading bean definitions]
[2018-07-02 21:44:30.210] -- [INFO] -- [main &gt;&gt;&gt;&gt; XmlBeanDefinitionReader.java:317 &gt;&gt;&gt;&gt; Method = loadBeanDefinitions] -- [Content = Loading XML bean definitions from file [/Users/xk1020/IdeaProjects/Basic-Single-Module-SSJPA/target/classes/spring/applicationContext-transaction.xml]]
[2018-07-02 21:44:30.211] -- [DEBUG] -- [main &gt;&gt;&gt;&gt; DefaultDocumentLoader.java:73 &gt;&gt;&gt;&gt; Method = loadDocument] -- [Content = Using JAXP provider [com.sun.org.apache.xerces.internal.jaxp.DocumentBuilderFactoryImpl]]
[2018-07-02 21:44:30.212] -- [TRACE] -- [main &gt;&gt;&gt;&gt; PluggableSchemaResolver.java:106 &gt;&gt;&gt;&gt; Method = resolveEntity] -- [Content = Trying to resolve XML entity with public id [null] and system id [http://www.springframework.org/schema/beans/spring-beans-4.2.xsd]]
[2018-07-02 21:44:30.212] -- [DEBUG] -- [main &gt;&gt;&gt;&gt; PluggableSchemaResolver.java:119 &gt;&gt;&gt;&gt; Method = resolveEntity] -- [Content = Found XML schema [http://www.springframework.org/schema/beans/spring-beans-4.2.xsd] in classpath: org/springframework/beans/factory/xml/spring-beans-4.2.xsd]
[2018-07-02 21:44:30.217] -- [TRACE] -- [main &gt;&gt;&gt;&gt; PluggableSchemaResolver.java:106 &gt;&gt;&gt;&gt; Method = resolveEntity] -- [Content = Trying to resolve XML entity with public id [null] and system id [http://www.springframework.org/schema/aop/spring-aop-4.2.xsd]]
[2018-07-02 21:44:30.217] -- [DEBUG] -- [main &gt;&gt;&gt;&gt; PluggableSchemaResolver.java:119 &gt;&gt;&gt;&gt; Method = resolveEntity] -- [Content = Found XML schema [http://www.springframework.org/schema/aop/spring-aop-4.2.xsd] in classpath: org/springframework/aop/config/spring-aop-4.2.xsd]
[2018-07-02 21:44:30.218] -- [TRACE] -- [main &gt;&gt;&gt;&gt; PluggableSchemaResolver.java:106 &gt;&gt;&gt;&gt; Method = resolveEntity] -- [Content = Trying to resolve XML entity with public id [null] and system id [http://www.springframework.org/schema/tool/spring-tool-4.2.xsd]]
[2018-07-02 21:44:30.219] -- [DEBUG] -- [main &gt;&gt;&gt;&gt; PluggableSchemaResolver.java:119 &gt;&gt;&gt;&gt; Method = resolveEntity] -- [Content = Found XML schema [http://www.springframework.org/schema/tool/spring-tool-4.2.xsd] in classpath: org/springframework/beans/factory/xml/spring-tool-4.2.xsd]
[2018-07-02 21:44:30.221] -- [TRACE] -- [main &gt;&gt;&gt;&gt; PluggableSchemaResolver.java:106 &gt;&gt;&gt;&gt; Method = resolveEntity] -- [Content = Trying to resolve XML entity with public id [null] and system id [http://www.springframework.org/schema/tx/spring-tx-4.2.xsd]]
[2018-07-02 21:44:30.222] -- [DEBUG] -- [main &gt;&gt;&gt;&gt; PluggableSchemaResolver.java:119 &gt;&gt;&gt;&gt; Method = resolveEntity] -- [Content = Found XML schema [http://www.springframework.org/schema/tx/spring-tx-4.2.xsd] in classpath: org/springframework/transaction/config/spring-tx-4.2.xsd]
[2018-07-02 21:44:30.224] -- [DEBUG] -- [main &gt;&gt;&gt;&gt; DefaultBeanDefinitionDocumentReader.java:92 &gt;&gt;&gt;&gt; Method = registerBeanDefinitions] -- [Content = Loading bean definitions]
[2018-07-02 21:44:30.226] -- [INFO] -- [main &gt;&gt;&gt;&gt; XmlBeanDefinitionReader.java:317 &gt;&gt;&gt;&gt; Method = loadBeanDefinitions] -- [Content = Loading XML bean definitions from file [/Users/xk1020/IdeaProjects/Basic-Single-Module-SSJPA/target/classes/spring/applicationContext-jpa.xml]]
[2018-07-02 21:44:30.227] -- [DEBUG] -- [main &gt;&gt;&gt;&gt; DefaultDocumentLoader.java:73 &gt;&gt;&gt;&gt; Method = loadDocument] -- [Content = Using JAXP provider [com.sun.org.apache.xerces.internal.jaxp.DocumentBuilderFactoryImpl]]
[2018-07-02 21:44:30.228] -- [TRACE] -- [main &gt;&gt;&gt;&gt; PluggableSchemaResolver.java:106 &gt;&gt;&gt;&gt; Method = resolveEntity] -- [Content = Trying to resolve XML entity with public id [null] and system id [http://www.springframework.org/schema/beans/spring-beans-4.2.xsd]]
[2018-07-02 21:44:30.229] -- [DEBUG] -- [main &gt;&gt;&gt;&gt; PluggableSchemaResolver.java:119 &gt;&gt;&gt;&gt; Method = resolveEntity] -- [Content = Found XML schema [http://www.springframework.org/schema/beans/spring-beans-4.2.xsd] in classpath: org/springframework/beans/factory/xml/spring-beans-4.2.xsd]
[2018-07-02 21:44:30.233] -- [TRACE] -- [main &gt;&gt;&gt;&gt; PluggableSchemaResolver.java:106 &gt;&gt;&gt;&gt; Method = resolveEntity] -- [Content = Trying to resolve XML entity with public id [null] and system id [http://www.springframework.org/schema/data/jpa/spring-jpa.xsd]]
[2018-07-02 21:44:30.233] -- [DEBUG] -- [main &gt;&gt;&gt;&gt; PluggableSchemaResolver.java:119 &gt;&gt;&gt;&gt; Method = resolveEntity] -- [Content = Found XML schema [http://www.springframework.org/schema/data/jpa/spring-jpa.xsd] in classpath: org/springframework/data/jpa/repository/config/spring-jpa-1.8.xsd]
[2018-07-02 21:44:30.234] -- [TRACE] -- [main &gt;&gt;&gt;&gt; PluggableSchemaResolver.java:106 &gt;&gt;&gt;&gt; Method = resolveEntity] -- [Content = Trying to resolve XML entity with public id [null] and system id [http://www.springframework.org/schema/data/repository/spring-repository.xsd]]
[2018-07-02 21:44:30.234] -- [DEBUG] -- [main &gt;&gt;&gt;&gt; PluggableSchemaResolver.java:119 &gt;&gt;&gt;&gt; Method = resolveEntity] -- [Content = Found XML schema [http://www.springframework.org/schema/data/repository/spring-repository.xsd] in classpath: org/springframework/data/repository/config/spring-repository-1.11.xsd]
[2018-07-02 21:44:30.235] -- [TRACE] -- [main &gt;&gt;&gt;&gt; PluggableSchemaResolver.java:106 &gt;&gt;&gt;&gt; Method = resolveEntity] -- [Content = Trying to resolve XML entity with public id [null] and system id [http://www.springframework.org/schema/context/spring-context.xsd]]
[2018-07-02 21:44:30.236] -- [DEBUG] -- [main &gt;&gt;&gt;&gt; PluggableSchemaResolver.java:119 &gt;&gt;&gt;&gt; Method = resolveEntity] -- [Content = Found XML schema [http://www.springframework.org/schema/context/spring-context.xsd] in classpath: org/springframework/context/config/spring-context-4.2.xsd]
[2018-07-02 21:44:30.237] -- [TRACE] -- [main &gt;&gt;&gt;&gt; PluggableSchemaResolver.java:106 &gt;&gt;&gt;&gt; Method = resolveEntity] -- [Content = Trying to resolve XML entity with public id [null] and system id [http://www.springframework.org/schema/tool/spring-tool-4.2.xsd]]
[2018-07-02 21:44:30.237] -- [DEBUG] -- [main &gt;&gt;&gt;&gt; PluggableSchemaResolver.java:119 &gt;&gt;&gt;&gt; Method = resolveEntity] -- [Content = Found XML schema [http://www.springframework.org/schema/tool/spring-tool-4.2.xsd] in classpath: org/springframework/beans/factory/xml/spring-tool-4.2.xsd]
[2018-07-02 21:44:30.240] -- [DEBUG] -- [main &gt;&gt;&gt;&gt; DefaultBeanDefinitionDocumentReader.java:92 &gt;&gt;&gt;&gt; Method = registerBeanDefinitions] -- [Content = Loading bean definitions]
[2018-07-02 21:44:30.240] -- [DEBUG] -- [main &gt;&gt;&gt;&gt; BeanDefinitionParserDelegate.java:481 &gt;&gt;&gt;&gt; Method = parseBeanDefinitionElement] -- [Content = Neither XML &apos;id&apos; nor &apos;name&apos; specified - using generated bean name [org.springframework.orm.jpa.vendor.HibernateJpaDialect#305f031]]
[2018-07-02 21:44:30.241] -- [DEBUG] -- [main &gt;&gt;&gt;&gt; MutablePropertySources.java:109 &gt;&gt;&gt;&gt; Method = addLast] -- [Content = Adding [systemProperties] PropertySource with lowest search precedence]
[2018-07-02 21:44:30.241] -- [DEBUG] -- [main &gt;&gt;&gt;&gt; MutablePropertySources.java:109 &gt;&gt;&gt;&gt; Method = addLast] -- [Content = Adding [systemEnvironment] PropertySource with lowest search precedence]
[2018-07-02 21:44:30.242] -- [DEBUG] -- [main &gt;&gt;&gt;&gt; AbstractEnvironment.java:127 &gt;&gt;&gt;&gt; Method = &lt;init&gt;] -- [Content = Initialized StandardEnvironment with PropertySources [systemProperties,systemEnvironment]]
[2018-07-02 21:44:30.242] -- [DEBUG] -- [main &gt;&gt;&gt;&gt; PathMatchingResourcePatternResolver.java:312 &gt;&gt;&gt;&gt; Method = findAllClassPathResources] -- [Content = Resolved classpath location [org/springframework/data/] to resources [URL [jar:file:/Users/xk1020/.m2/repository/org/springframework/data/spring-data-jpa/1.10.1.RELEASE/spring-data-jpa-1.10.1.RELEASE.jar!/org/springframework/data/], URL [jar:file:/Users/xk1020/.m2/repository/org/springframework/data/spring-data-commons/1.12.1.RELEASE/spring-data-commons-1.12.1.RELEASE.jar!/org/springframework/data/]]]
[2018-07-02 21:44:30.242] -- [DEBUG] -- [main &gt;&gt;&gt;&gt; PathMatchingResourcePatternResolver.java:551 &gt;&gt;&gt;&gt; Method = doFindPathMatchingJarResources] -- [Content = Looking for matching resources in jar file [file:/Users/xk1020/.m2/repository/org/springframework/data/spring-data-jpa/1.10.1.RELEASE/spring-data-jpa-1.10.1.RELEASE.jar]]
[2018-07-02 21:44:30.244] -- [DEBUG] -- [main &gt;&gt;&gt;&gt; PathMatchingResourcePatternResolver.java:551 &gt;&gt;&gt;&gt; Method = doFindPathMatchingJarResources] -- [Content = Looking for matching resources in jar file [file:/Users/xk1020/.m2/repository/org/springframework/data/spring-data-commons/1.12.1.RELEASE/spring-data-commons-1.12.1.RELEASE.jar]]
[2018-07-02 21:44:30.246] -- [DEBUG] -- [main &gt;&gt;&gt;&gt; PathMatchingResourcePatternResolver.java:430 &gt;&gt;&gt;&gt; Method = findPathMatchingResources] -- [Content = Resolved location pattern [classpath*:org/springframework/data/**/repository/support/**/*.class] to resources [URL [jar:file:/Users/xk1020/.m2/repository/org/springframework/data/spring-data-jpa/1.10.1.RELEASE/spring-data-jpa-1.10.1.RELEASE.jar!/org/springframework/data/jpa/repository/support/CrudMethodMetadata.class], URL [jar:file:/Users/xk1020/.m2/repository/org/springframework/data/spring-data-jpa/1.10.1.RELEASE/spring-data-jpa-1.10.1.RELEASE.jar!/org/springframework/data/jpa/repository/support/CrudMethodMetadataPostProcessor$1.class], URL [jar:file:/Users/xk1020/.m2/repository/org/springframework/data/spring-data-jpa/1.10.1.RELEASE/spring-data-jpa-1.10.1.RELEASE.jar!/org/springframework/data/jpa/repository/support/CrudMethodMetadataPostProcessor$CrudMethodMetadataPopulatingMethodInterceptor.class], URL [jar:file:/Users/xk1020/.m2/repository/org/springframework/data/spring-data-jpa/1.10.1.RELEASE/spring-data-jpa-1.10.1.RELEASE.jar!/org/springframework/data/jpa/repository/support/CrudMethodMetadataPostProcessor$DefaultCrudMethodMetadata.class], URL [jar:file:/Users/xk1020/.m2/repository/org/springframework/data/spring-data-jpa/1.10.1.RELEASE/spring-data-jpa-1.10.1.RELEASE.jar!/org/springframework/data/jpa/repository/support/CrudMethodMetadataPostProcessor$ThreadBoundTargetSource.class], URL [jar:file:/Users/xk1020/.m2/repository/org/springframework/data/spring-data-jpa/1.10.1.RELEASE/spring-data-jpa-1.10.1.RELEASE.jar!/org/springframework/data/jpa/repository/support/CrudMethodMetadataPostProcessor.class], URL [jar:file:/Users/xk1020/.m2/repository/org/springframework/data/spring-data-jpa/1.10.1.RELEASE/spring-data-jpa-1.10.1.RELEASE.jar!/org/springframework/data/jpa/repository/support/DefaultJpaContext.class], URL [jar:file:/Users/xk1020/.m2/repository/org/springframework/data/spring-data-jpa/1.10.1.RELEASE/spring-data-jpa-1.10.1.RELEASE.jar!/org/springframework/data/jpa/repository/support/EntityManagerBeanDefinitionRegistrarPostProcessor.class], URL [jar:file:/Users/xk1020/.m2/repository/org/springframework/data/spring-data-jpa/1.10.1.RELEASE/spring-data-jpa-1.10.1.RELEASE.jar!/org/springframework/data/jpa/repository/support/JpaEntityInformation.class], URL [jar:file:/Users/xk1020/.m2/repository/org/springframework/data/spring-data-jpa/1.10.1.RELEASE/spring-data-jpa-1.10.1.RELEASE.jar!/org/springframework/data/jpa/repository/support/JpaEntityInformationSupport.class], URL [jar:file:/Users/xk1020/.m2/repository/org/springframework/data/spring-data-jpa/1.10.1.RELEASE/spring-data-jpa-1.10.1.RELEASE.jar!/org/springframework/data/jpa/repository/support/JpaMetamodelEntityInformation$IdentifierDerivingDirectFieldAccessFallbackBeanWrapper.class], URL [jar:file:/Users/xk1020/.m2/repository/org/springframework/data/spring-data-jpa/1.10.1.RELEASE/spring-data-jpa-1.10.1.RELEASE.jar!/org/springframework/data/jpa/repository/support/JpaMetamodelEntityInformation$IdMetadata.class], URL [jar:file:/Users/xk1020/.m2/repository/org/springframework/data/spring-data-jpa/1.10.1.RELEASE/spring-data-jpa-1.10.1.RELEASE.jar!/org/springframework/data/jpa/repository/support/JpaMetamodelEntityInformation.class], URL [jar:file:/Users/xk1020/.m2/repository/org/springframework/data/spring-data-jpa/1.10.1.RELEASE/spring-data-jpa-1.10.1.RELEASE.jar!/org/springframework/data/jpa/repository/support/JpaPersistableEntityInformation.class], URL [jar:file:/Users/xk1020/.m2/repository/org/springframework/data/spring-data-jpa/1.10.1.RELEASE/spring-data-jpa-1.10.1.RELEASE.jar!/org/springframework/data/jpa/repository/support/JpaRepositoryFactory.class], URL [jar:file:/Users/xk1020/.m2/repository/org/springframework/data/spring-data-jpa/1.10.1.RELEASE/spring-data-jpa-1.10.1.RELEASE.jar!/org/springframework/data/jpa/repository/support/JpaRepositoryFactoryBean.class], URL [jar:file:/Users/xk1020/.m2/repository/org/springframework/data/spring-data-jpa/1.10.1.RELEASE/spring-data-jpa-1.10.1.RELEASE.jar!/org/springframework/data/jpa/repository/support/Querydsl$1.class], URL [jar:file:/Users/xk1020/.m2/repository/org/springframework/data/spring-data-jpa/1.10.1.RELEASE/spring-data-jpa-1.10.1.RELEASE.jar!/org/springframework/data/jpa/repository/support/Querydsl.class], URL [jar:file:/Users/xk1020/.m2/repository/org/springframework/data/spring-data-jpa/1.10.1.RELEASE/spring-data-jpa-1.10.1.RELEASE.jar!/org/springframework/data/jpa/repository/support/QueryDslJpaRepository.class], URL [jar:file:/Users/xk1020/.m2/repository/org/springframework/data/spring-data-jpa/1.10.1.RELEASE/spring-data-jpa-1.10.1.RELEASE.jar!/org/springframework/data/jpa/repository/support/QueryDslRepositorySupport.class], URL [jar:file:/Users/xk1020/.m2/repository/org/springframework/data/spring-data-jpa/1.10.1.RELEASE/spring-data-jpa-1.10.1.RELEASE.jar!/org/springframework/data/jpa/repository/support/SimpleJpaRepository$ByIdsSpecification.class], URL [jar:file:/Users/xk1020/.m2/repository/org/springframework/data/spring-data-jpa/1.10.1.RELEASE/spring-data-jpa-1.10.1.RELEASE.jar!/org/springframework/data/jpa/repository/support/SimpleJpaRepository$ExampleSpecification.class], URL [jar:file:/Users/xk1020/.m2/repository/org/springframework/data/spring-data-jpa/1.10.1.RELEASE/spring-data-jpa-1.10.1.RELEASE.jar!/org/springframework/data/jpa/repository/support/SimpleJpaRepository.class], URL [jar:file:/Users/xk1020/.m2/repository/org/springframework/data/spring-data-commons/1.12.1.RELEASE/spring-data-commons-1.12.1.RELEASE.jar!/org/springframework/data/repository/support/AnnotationAttribute.class], URL [jar:file:/Users/xk1020/.m2/repository/org/springframework/data/spring-data-commons/1.12.1.RELEASE/spring-data-commons-1.12.1.RELEASE.jar!/org/springframework/data/repository/support/CrudRepositoryInvoker.class], URL [jar:file:/Users/xk1020/.m2/repository/org/springframework/data/spring-data-commons/1.12.1.RELEASE/spring-data-commons-1.12.1.RELEASE.jar!/org/springframework/data/repository/support/DefaultRepositoryInvokerFactory.class], URL [jar:file:/Users/xk1020/.m2/repository/org/springframework/data/spring-data-commons/1.12.1.RELEASE/spring-data-commons-1.12.1.RELEASE.jar!/org/springframework/data/repository/support/DomainClassConverter$1.class], URL [jar:file:/Users/xk1020/.m2/repository/org/springframework/data/spring-data-commons/1.12.1.RELEASE/spring-data-commons-1.12.1.RELEASE.jar!/org/springframework/data/repository/support/DomainClassConverter$ConversionMatchAbbreviationException.class], URL [jar:file:/Users/xk1020/.m2/repository/org/springframework/data/spring-data-commons/1.12.1.RELEASE/spring-data-commons-1.12.1.RELEASE.jar!/org/springframework/data/repository/support/DomainClassConverter$ToEntityConverter.class], URL [jar:file:/Users/xk1020/.m2/repository/org/springframework/data/spring-data-commons/1.12.1.RELEASE/spring-data-commons-1.12.1.RELEASE.jar!/org/springframework/data/repository/support/DomainClassConverter$ToIdConverter.class], URL [jar:file:/Users/xk1020/.m2/repository/org/springframework/data/spring-data-commons/1.12.1.RELEASE/spring-data-commons-1.12.1.RELEASE.jar!/org/springframework/data/repository/support/DomainClassConverter.class], URL [jar:file:/Users/xk1020/.m2/repository/org/springframework/data/spring-data-commons/1.12.1.RELEASE/spring-data-commons-1.12.1.RELEASE.jar!/org/springframework/data/repository/support/DomainClassPropertyEditor.class], URL [jar:file:/Users/xk1020/.m2/repository/org/springframework/data/spring-data-commons/1.12.1.RELEASE/spring-data-commons-1.12.1.RELEASE.jar!/org/springframework/data/repository/support/DomainClassPropertyEditorRegistrar.class], URL [jar:file:/Users/xk1020/.m2/repository/org/springframework/data/spring-data-commons/1.12.1.RELEASE/spring-data-commons-1.12.1.RELEASE.jar!/org/springframework/data/repository/support/MethodParameters$AnnotationNamingMethodParameter.class], URL [jar:file:/Users/xk1020/.m2/repository/org/springframework/data/spring-data-commons/1.12.1.RELEASE/spring-data-commons-1.12.1.RELEASE.jar!/org/springframework/data/repository/support/MethodParameters.class], URL [jar:file:/Users/xk1020/.m2/repository/org/springframework/data/spring-data-commons/1.12.1.RELEASE/spring-data-commons-1.12.1.RELEASE.jar!/org/springframework/data/repository/support/PagingAndSortingRepositoryInvoker.class], URL [jar:file:/Users/xk1020/.m2/repository/org/springframework/data/spring-data-commons/1.12.1.RELEASE/spring-data-commons-1.12.1.RELEASE.jar!/org/springframework/data/repository/support/QueryMethodParameterConversionException.class], URL [jar:file:/Users/xk1020/.m2/repository/org/springframework/data/spring-data-commons/1.12.1.RELEASE/spring-data-commons-1.12.1.RELEASE.jar!/org/springframework/data/repository/support/ReflectionRepositoryInvoker.class], URL [jar:file:/Users/xk1020/.m2/repository/org/springframework/data/spring-data-commons/1.12.1.RELEASE/spring-data-commons-1.12.1.RELEASE.jar!/org/springframework/data/repository/support/Repositories$EmptyRepositoryFactoryInformation.class], URL [jar:file:/Users/xk1020/.m2/repository/org/springframework/data/spring-data-commons/1.12.1.RELEASE/spring-data-commons-1.12.1.RELEASE.jar!/org/springframework/data/repository/support/Repositories.class], URL [jar:file:/Users/xk1020/.m2/repository/org/springframework/data/spring-data-commons/1.12.1.RELEASE/spring-data-commons-1.12.1.RELEASE.jar!/org/springframework/data/repository/support/RepositoryInvocationInformation.class], URL [jar:file:/Users/xk1020/.m2/repository/org/springframework/data/spring-data-commons/1.12.1.RELEASE/spring-data-commons-1.12.1.RELEASE.jar!/org/springframework/data/repository/support/RepositoryInvoker.class], URL [jar:file:/Users/xk1020/.m2/repository/org/springframework/data/spring-data-commons/1.12.1.RELEASE/spring-data-commons-1.12.1.RELEASE.jar!/org/springframework/data/repository/support/RepositoryInvokerFactory.class]]]
[2018-07-02 21:44:30.247] -- [TRACE] -- [main &gt;&gt;&gt;&gt; ClassPathScanningCandidateComponentProvider.java:275 &gt;&gt;&gt;&gt; Method = findCandidateComponents] -- [Content = Scanning URL [jar:file:/Users/xk1020/.m2/repository/org/springframework/data/spring-data-jpa/1.10.1.RELEASE/spring-data-jpa-1.10.1.RELEASE.jar!/org/springframework/data/jpa/repository/support/CrudMethodMetadata.class]]
[2018-07-02 21:44:30.247] -- [TRACE] -- [main &gt;&gt;&gt;&gt; ClassPathScanningCandidateComponentProvider.java:298 &gt;&gt;&gt;&gt; Method = findCandidateComponents] -- [Content = Ignored because not matching any filter: URL [jar:file:/Users/xk1020/.m2/repository/org/springframework/data/spring-data-jpa/1.10.1.RELEASE/spring-data-jpa-1.10.1.RELEASE.jar!/org/springframework/data/jpa/repository/support/CrudMethodMetadata.class]]
[2018-07-02 21:44:30.247] -- [TRACE] -- [main &gt;&gt;&gt;&gt; ClassPathScanningCandidateComponentProvider.java:275 &gt;&gt;&gt;&gt; Method = findCandidateComponents] -- [Content = Scanning URL [jar:file:/Users/xk1020/.m2/repository/org/springframework/data/spring-data-jpa/1.10.1.RELEASE/spring-data-jpa-1.10.1.RELEASE.jar!/org/springframework/data/jpa/repository/support/CrudMethodMetadataPostProcessor$1.class]]
[2018-07-02 21:44:30.248] -- [TRACE] -- [main &gt;&gt;&gt;&gt; ClassPathScanningCandidateComponentProvider.java:298 &gt;&gt;&gt;&gt; Method = findCandidateComponents] -- [Content = Ignored because not matching any filter: URL [jar:file:/Users/xk1020/.m2/repository/org/springframework/data/spring-data-jpa/1.10.1.RELEASE/spring-data-jpa-1.10.1.RELEASE.jar!/org/springframework/data/jpa/repository/support/CrudMethodMetadataPostProcessor$1.class]]
[2018-07-02 21:44:30.248] -- [TRACE] -- [main &gt;&gt;&gt;&gt; ClassPathScanningCandidateComponentProvider.java:275 &gt;&gt;&gt;&gt; Method = findCandidateComponents] -- [Content = Scanning URL [jar:file:/Users/xk1020/.m2/repository/org/springframework/data/spring-data-jpa/1.10.1.RELEASE/spring-data-jpa-1.10.1.RELEASE.jar!/org/springframework/data/jpa/repository/support/CrudMethodMetadataPostProcessor$CrudMethodMetadataPopulatingMethodInterceptor.class]]
[2018-07-02 21:44:30.249] -- [TRACE] -- [main &gt;&gt;&gt;&gt; ClassPathScanningCandidateComponentProvider.java:298 &gt;&gt;&gt;&gt; Method = findCandidateComponents] -- [Content = Ignored because not matching any filter: URL [jar:file:/Users/xk1020/.m2/repository/org/springframework/data/spring-data-jpa/1.10.1.RELEASE/spring-data-jpa-1.10.1.RELEASE.jar!/org/springframework/data/jpa/repository/support/CrudMethodMetadataPostProcessor$CrudMethodMetadataPopulatingMethodInterceptor.class]]
[2018-07-02 21:44:30.249] -- [TRACE] -- [main &gt;&gt;&gt;&gt; ClassPathScanningCandidateComponentProvider.java:275 &gt;&gt;&gt;&gt; Method = findCandidateComponents] -- [Content = Scanning URL [jar:file:/Users/xk1020/.m2/repository/org/springframework/data/spring-data-jpa/1.10.1.RELEASE/spring-data-jpa-1.10.1.RELEASE.jar!/org/springframework/data/jpa/repository/support/CrudMethodMetadataPostProcessor$DefaultCrudMethodMetadata.class]]
[2018-07-02 21:44:30.249] -- [TRACE] -- [main &gt;&gt;&gt;&gt; ClassPathScanningCandidateComponentProvider.java:298 &gt;&gt;&gt;&gt; Method = findCandidateComponents] -- [Content = Ignored because not matching any filter: URL [jar:file:/Users/xk1020/.m2/repository/org/springframework/data/spring-data-jpa/1.10.1.RELEASE/spring-data-jpa-1.10.1.RELEASE.jar!/org/springframework/data/jpa/repository/support/CrudMethodMetadataPostProcessor$DefaultCrudMethodMetadata.class]]
[2018-07-02 21:44:30.250] -- [TRACE] -- [main &gt;&gt;&gt;&gt; ClassPathScanningCandidateComponentProvider.java:275 &gt;&gt;&gt;&gt; Method = findCandidateComponents] -- [Content = Scanning URL [jar:file:/Users/xk1020/.m2/repository/org/springframework/data/spring-data-jpa/1.10.1.RELEASE/spring-data-jpa-1.10.1.RELEASE.jar!/org/springframework/data/jpa/repository/support/CrudMethodMetadataPostProcessor$ThreadBoundTargetSource.class]]
[2018-07-02 21:44:30.250] -- [TRACE] -- [main &gt;&gt;&gt;&gt; ClassPathScanningCandidateComponentProvider.java:298 &gt;&gt;&gt;&gt; Method = findCandidateComponents] -- [Content = Ignored because not matching any filter: URL [jar:file:/Users/xk1020/.m2/repository/org/springframework/data/spring-data-jpa/1.10.1.RELEASE/spring-data-jpa-1.10.1.RELEASE.jar!/org/springframework/data/jpa/repository/support/CrudMethodMetadataPostProcessor$ThreadBoundTargetSource.class]]
[2018-07-02 21:44:30.251] -- [TRACE] -- [main &gt;&gt;&gt;&gt; ClassPathScanningCandidateComponentProvider.java:275 &gt;&gt;&gt;&gt; Method = findCandidateComponents] -- [Content = Scanning URL [jar:file:/Users/xk1020/.m2/repository/org/springframework/data/spring-data-jpa/1.10.1.RELEASE/spring-data-jpa-1.10.1.RELEASE.jar!/org/springframework/data/jpa/repository/support/CrudMethodMetadataPostProcessor.class]]
[2018-07-02 21:44:30.251] -- [TRACE] -- [main &gt;&gt;&gt;&gt; ClassPathScanningCandidateComponentProvider.java:298 &gt;&gt;&gt;&gt; Method = findCandidateComponents] -- [Content = Ignored because not matching any filter: URL [jar:file:/Users/xk1020/.m2/repository/org/springframework/data/spring-data-jpa/1.10.1.RELEASE/spring-data-jpa-1.10.1.RELEASE.jar!/org/springframework/data/jpa/repository/support/CrudMethodMetadataPostProcessor.class]]
[2018-07-02 21:44:30.252] -- [TRACE] -- [main &gt;&gt;&gt;&gt; ClassPathScanningCandidateComponentProvider.java:275 &gt;&gt;&gt;&gt; Method = findCandidateComponents] -- [Content = Scanning URL [jar:file:/Users/xk1020/.m2/repository/org/springframework/data/spring-data-jpa/1.10.1.RELEASE/spring-data-jpa-1.10.1.RELEASE.jar!/org/springframework/data/jpa/repository/support/DefaultJpaContext.class]]
[2018-07-02 21:44:30.253] -- [TRACE] -- [main &gt;&gt;&gt;&gt; ClassPathScanningCandidateComponentProvider.java:298 &gt;&gt;&gt;&gt; Method = findCandidateComponents] -- [Content = Ignored because not matching any filter: URL [jar:file:/Users/xk1020/.m2/repository/org/springframework/data/spring-data-jpa/1.10.1.RELEASE/spring-data-jpa-1.10.1.RELEASE.jar!/org/springframework/data/jpa/repository/support/DefaultJpaContext.class]]
[2018-07-02 21:44:30.253] -- [TRACE] -- [main &gt;&gt;&gt;&gt; ClassPathScanningCandidateComponentProvider.java:275 &gt;&gt;&gt;&gt; Method = findCandidateComponents] -- [Content = Scanning URL [jar:file:/Users/xk1020/.m2/repository/org/springframework/data/spring-data-jpa/1.10.1.RELEASE/spring-data-jpa-1.10.1.RELEASE.jar!/org/springframework/data/jpa/repository/support/EntityManagerBeanDefinitionRegistrarPostProcessor.class]]
[2018-07-02 21:44:30.253] -- [TRACE] -- [main &gt;&gt;&gt;&gt; ClassPathScanningCandidateComponentProvider.java:298 &gt;&gt;&gt;&gt; Method = findCandidateComponents] -- [Content = Ignored because not matching any filter: URL [jar:file:/Users/xk1020/.m2/repository/org/springframework/data/spring-data-jpa/1.10.1.RELEASE/spring-data-jpa-1.10.1.RELEASE.jar!/org/springframework/data/jpa/repository/support/EntityManagerBeanDefinitionRegistrarPostProcessor.class]]
[2018-07-02 21:44:30.254] -- [TRACE] -- [main &gt;&gt;&gt;&gt; ClassPathScanningCandidateComponentProvider.java:275 &gt;&gt;&gt;&gt; Method = findCandidateComponents] -- [Content = Scanning URL [jar:file:/Users/xk1020/.m2/repository/org/springframework/data/spring-data-jpa/1.10.1.RELEASE/spring-data-jpa-1.10.1.RELEASE.jar!/org/springframework/data/jpa/repository/support/JpaEntityInformation.class]]
[2018-07-02 21:44:30.254] -- [TRACE] -- [main &gt;&gt;&gt;&gt; ClassPathScanningCandidateComponentProvider.java:298 &gt;&gt;&gt;&gt; Method = findCandidateComponents] -- [Content = Ignored because not matching any filter: URL [jar:file:/Users/xk1020/.m2/repository/org/springframework/data/spring-data-jpa/1.10.1.RELEASE/spring-data-jpa-1.10.1.RELEASE.jar!/org/springframework/data/jpa/repository/support/JpaEntityInformation.class]]
[2018-07-02 21:44:30.255] -- [TRACE] -- [main &gt;&gt;&gt;&gt; ClassPathScanningCandidateComponentProvider.java:275 &gt;&gt;&gt;&gt; Method = findCandidateComponents] -- [Content = Scanning URL [jar:file:/Users/xk1020/.m2/repository/org/springframework/data/spring-data-jpa/1.10.1.RELEASE/spring-data-jpa-1.10.1.RELEASE.jar!/org/springframework/data/jpa/repository/support/JpaEntityInformationSupport.class]]
[2018-07-02 21:44:30.256] -- [TRACE] -- [main &gt;&gt;&gt;&gt; ClassPathScanningCandidateComponentProvider.java:298 &gt;&gt;&gt;&gt; Method = findCandidateComponents] -- [Content = Ignored because not matching any filter: URL [jar:file:/Users/xk1020/.m2/repository/org/springframework/data/spring-data-jpa/1.10.1.RELEASE/spring-data-jpa-1.10.1.RELEASE.jar!/org/springframework/data/jpa/repository/support/JpaEntityInformationSupport.class]]
[2018-07-02 21:44:30.256] -- [TRACE] -- [main &gt;&gt;&gt;&gt; ClassPathScanningCandidateComponentProvider.java:275 &gt;&gt;&gt;&gt; Method = findCandidateComponents] -- [Content = Scanning URL [jar:file:/Users/xk1020/.m2/repository/org/springframework/data/spring-data-jpa/1.10.1.RELEASE/spring-data-jpa-1.10.1.RELEASE.jar!/org/springframework/data/jpa/repository/support/JpaMetamodelEntityInformation$IdentifierDerivingDirectFieldAccessFallbackBeanWrapper.class]]
[2018-07-02 21:44:30.259] -- [TRACE] -- [main &gt;&gt;&gt;&gt; ClassPathScanningCandidateComponentProvider.java:298 &gt;&gt;&gt;&gt; Method = findCandidateComponents] -- [Content = Ignored because not matching any filter: URL [jar:file:/Users/xk1020/.m2/repository/org/springframework/data/spring-data-jpa/1.10.1.RELEASE/spring-data-jpa-1.10.1.RELEASE.jar!/org/springframework/data/jpa/repository/support/JpaMetamodelEntityInformation$IdentifierDerivingDirectFieldAccessFallbackBeanWrapper.class]]
[2018-07-02 21:44:30.259] -- [TRACE] -- [main &gt;&gt;&gt;&gt; ClassPathScanningCandidateComponentProvider.java:275 &gt;&gt;&gt;&gt; Method = findCandidateComponents] -- [Content = Scanning URL [jar:file:/Users/xk1020/.m2/repository/org/springframework/data/spring-data-jpa/1.10.1.RELEASE/spring-data-jpa-1.10.1.RELEASE.jar!/org/springframework/data/jpa/repository/support/JpaMetamodelEntityInformation$IdMetadata.class]]
[2018-07-02 21:44:30.259] -- [TRACE] -- [main &gt;&gt;&gt;&gt; ClassPathScanningCandidateComponentProvider.java:298 &gt;&gt;&gt;&gt; Method = findCandidateComponents] -- [Content = Ignored because not matching any filter: URL [jar:file:/Users/xk1020/.m2/repository/org/springframework/data/spring-data-jpa/1.10.1.RELEASE/spring-data-jpa-1.10.1.RELEASE.jar!/org/springframework/data/jpa/repository/support/JpaMetamodelEntityInformation$IdMetadata.class]]
[2018-07-02 21:44:30.260] -- [TRACE] -- [main &gt;&gt;&gt;&gt; ClassPathScanningCandidateComponentProvider.java:275 &gt;&gt;&gt;&gt; Method = findCandidateComponents] -- [Content = Scanning URL [jar:file:/Users/xk1020/.m2/repository/org/springframework/data/spring-data-jpa/1.10.1.RELEASE/spring-data-jpa-1.10.1.RELEASE.jar!/org/springframework/data/jpa/repository/support/JpaMetamodelEntityInformation.class]]
[2018-07-02 21:44:30.260] -- [TRACE] -- [main &gt;&gt;&gt;&gt; ClassPathScanningCandidateComponentProvider.java:298 &gt;&gt;&gt;&gt; Method = findCandidateComponents] -- [Content = Ignored because not matching any filter: URL [jar:file:/Users/xk1020/.m2/repository/org/springframework/data/spring-data-jpa/1.10.1.RELEASE/spring-data-jpa-1.10.1.RELEASE.jar!/org/springframework/data/jpa/repository/support/JpaMetamodelEntityInformation.class]]
[2018-07-02 21:44:30.261] -- [TRACE] -- [main &gt;&gt;&gt;&gt; ClassPathScanningCandidateComponentProvider.java:275 &gt;&gt;&gt;&gt; Method = findCandidateComponents] -- [Content = Scanning URL [jar:file:/Users/xk1020/.m2/repository/org/springframework/data/spring-data-jpa/1.10.1.RELEASE/spring-data-jpa-1.10.1.RELEASE.jar!/org/springframework/data/jpa/repository/support/JpaPersistableEntityInformation.class]]
[2018-07-02 21:44:30.261] -- [TRACE] -- [main &gt;&gt;&gt;&gt; ClassPathScanningCandidateComponentProvider.java:298 &gt;&gt;&gt;&gt; Method = findCandidateComponents] -- [Content = Ignored because not matching any filter: URL [jar:file:/Users/xk1020/.m2/repository/org/springframework/data/spring-data-jpa/1.10.1.RELEASE/spring-data-jpa-1.10.1.RELEASE.jar!/org/springframework/data/jpa/repository/support/JpaPersistableEntityInformation.class]]
[2018-07-02 21:44:30.262] -- [TRACE] -- [main &gt;&gt;&gt;&gt; ClassPathScanningCandidateComponentProvider.java:275 &gt;&gt;&gt;&gt; Method = findCandidateComponents] -- [Content = Scanning URL [jar:file:/Users/xk1020/.m2/repository/org/springframework/data/spring-data-jpa/1.10.1.RELEASE/spring-data-jpa-1.10.1.RELEASE.jar!/org/springframework/data/jpa/repository/support/JpaRepositoryFactory.class]]
[2018-07-02 21:44:30.262] -- [DEBUG] -- [main &gt;&gt;&gt;&gt; ClassPathScanningCandidateComponentProvider.java:286 &gt;&gt;&gt;&gt; Method = findCandidateComponents] -- [Content = Identified candidate component class: URL [jar:file:/Users/xk1020/.m2/repository/org/springframework/data/spring-data-jpa/1.10.1.RELEASE/spring-data-jpa-1.10.1.RELEASE.jar!/org/springframework/data/jpa/repository/support/JpaRepositoryFactory.class]]
[2018-07-02 21:44:30.262] -- [TRACE] -- [main &gt;&gt;&gt;&gt; ClassPathScanningCandidateComponentProvider.java:275 &gt;&gt;&gt;&gt; Method = findCandidateComponents] -- [Content = Scanning URL [jar:file:/Users/xk1020/.m2/repository/org/springframework/data/spring-data-jpa/1.10.1.RELEASE/spring-data-jpa-1.10.1.RELEASE.jar!/org/springframework/data/jpa/repository/support/JpaRepositoryFactoryBean.class]]
[2018-07-02 21:44:30.264] -- [TRACE] -- [main &gt;&gt;&gt;&gt; ClassPathScanningCandidateComponentProvider.java:298 &gt;&gt;&gt;&gt; Method = findCandidateComponents] -- [Content = Ignored because not matching any filter: URL [jar:file:/Users/xk1020/.m2/repository/org/springframework/data/spring-data-jpa/1.10.1.RELEASE/spring-data-jpa-1.10.1.RELEASE.jar!/org/springframework/data/jpa/repository/support/JpaRepositoryFactoryBean.class]]
[2018-07-02 21:44:30.264] -- [TRACE] -- [main &gt;&gt;&gt;&gt; ClassPathScanningCandidateComponentProvider.java:275 &gt;&gt;&gt;&gt; Method = findCandidateComponents] -- [Content = Scanning URL [jar:file:/Users/xk1020/.m2/repository/org/springframework/data/spring-data-jpa/1.10.1.RELEASE/spring-data-jpa-1.10.1.RELEASE.jar!/org/springframework/data/jpa/repository/support/Querydsl$1.class]]
[2018-07-02 21:44:30.264] -- [TRACE] -- [main &gt;&gt;&gt;&gt; ClassPathScanningCandidateComponentProvider.java:298 &gt;&gt;&gt;&gt; Method = findCandidateComponents] -- [Content = Ignored because not matching any filter: URL [jar:file:/Users/xk1020/.m2/repository/org/springframework/data/spring-data-jpa/1.10.1.RELEASE/spring-data-jpa-1.10.1.RELEASE.jar!/org/springframework/data/jpa/repository/support/Querydsl$1.class]]
[2018-07-02 21:44:30.264] -- [TRACE] -- [main &gt;&gt;&gt;&gt; ClassPathScanningCandidateComponentProvider.java:275 &gt;&gt;&gt;&gt; Method = findCandidateComponents] -- [Content = Scanning URL [jar:file:/Users/xk1020/.m2/repository/org/springframework/data/spring-data-jpa/1.10.1.RELEASE/spring-data-jpa-1.10.1.RELEASE.jar!/org/springframework/data/jpa/repository/support/Querydsl.class]]
[2018-07-02 21:44:30.265] -- [TRACE] -- [main &gt;&gt;&gt;&gt; ClassPathScanningCandidateComponentProvider.java:298 &gt;&gt;&gt;&gt; Method = findCandidateComponents] -- [Content = Ignored because not matching any filter: URL [jar:file:/Users/xk1020/.m2/repository/org/springframework/data/spring-data-jpa/1.10.1.RELEASE/spring-data-jpa-1.10.1.RELEASE.jar!/org/springframework/data/jpa/repository/support/Querydsl.class]]
[2018-07-02 21:44:30.265] -- [TRACE] -- [main &gt;&gt;&gt;&gt; ClassPathScanningCandidateComponentProvider.java:275 &gt;&gt;&gt;&gt; Method = findCandidateComponents] -- [Content = Scanning URL [jar:file:/Users/xk1020/.m2/repository/org/springframework/data/spring-data-jpa/1.10.1.RELEASE/spring-data-jpa-1.10.1.RELEASE.jar!/org/springframework/data/jpa/repository/support/QueryDslJpaRepository.class]]
[2018-07-02 21:44:30.267] -- [TRACE] -- [main &gt;&gt;&gt;&gt; ClassPathScanningCandidateComponentProvider.java:298 &gt;&gt;&gt;&gt; Method = findCandidateComponents] -- [Content = Ignored because not matching any filter: URL [jar:file:/Users/xk1020/.m2/repository/org/springframework/data/spring-data-jpa/1.10.1.RELEASE/spring-data-jpa-1.10.1.RELEASE.jar!/org/springframework/data/jpa/repository/support/QueryDslJpaRepository.class]]
[2018-07-02 21:44:30.268] -- [TRACE] -- [main &gt;&gt;&gt;&gt; ClassPathScanningCandidateComponentProvider.java:275 &gt;&gt;&gt;&gt; Method = findCandidateComponents] -- [Content = Scanning URL [jar:file:/Users/xk1020/.m2/repository/org/springframework/data/spring-data-jpa/1.10.1.RELEASE/spring-data-jpa-1.10.1.RELEASE.jar!/org/springframework/data/jpa/repository/support/QueryDslRepositorySupport.class]]
[2018-07-02 21:44:30.268] -- [TRACE] -- [main &gt;&gt;&gt;&gt; ClassPathScanningCandidateComponentProvider.java:298 &gt;&gt;&gt;&gt; Method = findCandidateComponents] -- [Content = Ignored because not matching any filter: URL [jar:file:/Users/xk1020/.m2/repository/org/springframework/data/spring-data-jpa/1.10.1.RELEASE/spring-data-jpa-1.10.1.RELEASE.jar!/org/springframework/data/jpa/repository/support/QueryDslRepositorySupport.class]]
[2018-07-02 21:44:30.268] -- [TRACE] -- [main &gt;&gt;&gt;&gt; ClassPathScanningCandidateComponentProvider.java:275 &gt;&gt;&gt;&gt; Method = findCandidateComponents] -- [Content = Scanning URL [jar:file:/Users/xk1020/.m2/repository/org/springframework/data/spring-data-jpa/1.10.1.RELEASE/spring-data-jpa-1.10.1.RELEASE.jar!/org/springframework/data/jpa/repository/support/SimpleJpaRepository$ByIdsSpecification.class]]
[2018-07-02 21:44:30.269] -- [TRACE] -- [main &gt;&gt;&gt;&gt; ClassPathScanningCandidateComponentProvider.java:298 &gt;&gt;&gt;&gt; Method = findCandidateComponents] -- [Content = Ignored because not matching any filter: URL [jar:file:/Users/xk1020/.m2/repository/org/springframework/data/spring-data-jpa/1.10.1.RELEASE/spring-data-jpa-1.10.1.RELEASE.jar!/org/springframework/data/jpa/repository/support/SimpleJpaRepository$ByIdsSpecification.class]]
[2018-07-02 21:44:30.269] -- [TRACE] -- [main &gt;&gt;&gt;&gt; ClassPathScanningCandidateComponentProvider.java:275 &gt;&gt;&gt;&gt; Method = findCandidateComponents] -- [Content = Scanning URL [jar:file:/Users/xk1020/.m2/repository/org/springframework/data/spring-data-jpa/1.10.1.RELEASE/spring-data-jpa-1.10.1.RELEASE.jar!/org/springframework/data/jpa/repository/support/SimpleJpaRepository$ExampleSpecification.class]]
[2018-07-02 21:44:30.269] -- [TRACE] -- [main &gt;&gt;&gt;&gt; ClassPathScanningCandidateComponentProvider.java:298 &gt;&gt;&gt;&gt; Method = findCandidateComponents] -- [Content = Ignored because not matching any filter: URL [jar:file:/Users/xk1020/.m2/repository/org/springframework/data/spring-data-jpa/1.10.1.RELEASE/spring-data-jpa-1.10.1.RELEASE.jar!/org/springframework/data/jpa/repository/support/SimpleJpaRepository$ExampleSpecification.class]]
[2018-07-02 21:44:30.269] -- [TRACE] -- [main &gt;&gt;&gt;&gt; ClassPathScanningCandidateComponentProvider.java:275 &gt;&gt;&gt;&gt; Method = findCandidateComponents] -- [Content = Scanning URL [jar:file:/Users/xk1020/.m2/repository/org/springframework/data/spring-data-jpa/1.10.1.RELEASE/spring-data-jpa-1.10.1.RELEASE.jar!/org/springframework/data/jpa/repository/support/SimpleJpaRepository.class]]
[2018-07-02 21:44:30.271] -- [TRACE] -- [main &gt;&gt;&gt;&gt; ClassPathScanningCandidateComponentProvider.java:298 &gt;&gt;&gt;&gt; Method = findCandidateComponents] -- [Content = Ignored because not matching any filter: URL [jar:file:/Users/xk1020/.m2/repository/org/springframework/data/spring-data-jpa/1.10.1.RELEASE/spring-data-jpa-1.10.1.RELEASE.jar!/org/springframework/data/jpa/repository/support/SimpleJpaRepository.class]]
[2018-07-02 21:44:30.271] -- [TRACE] -- [main &gt;&gt;&gt;&gt; ClassPathScanningCandidateComponentProvider.java:275 &gt;&gt;&gt;&gt; Method = findCandidateComponents] -- [Content = Scanning URL [jar:file:/Users/xk1020/.m2/repository/org/springframework/data/spring-data-commons/1.12.1.RELEASE/spring-data-commons-1.12.1.RELEASE.jar!/org/springframework/data/repository/support/AnnotationAttribute.class]]
[2018-07-02 21:44:30.272] -- [TRACE] -- [main &gt;&gt;&gt;&gt; ClassPathScanningCandidateComponentProvider.java:298 &gt;&gt;&gt;&gt; Method = findCandidateComponents] -- [Content = Ignored because not matching any filter: URL [jar:file:/Users/xk1020/.m2/repository/org/springframework/data/spring-data-commons/1.12.1.RELEASE/spring-data-commons-1.12.1.RELEASE.jar!/org/springframework/data/repository/support/AnnotationAttribute.class]]
[2018-07-02 21:44:30.272] -- [TRACE] -- [main &gt;&gt;&gt;&gt; ClassPathScanningCandidateComponentProvider.java:275 &gt;&gt;&gt;&gt; Method = findCandidateComponents] -- [Content = Scanning URL [jar:file:/Users/xk1020/.m2/repository/org/springframework/data/spring-data-commons/1.12.1.RELEASE/spring-data-commons-1.12.1.RELEASE.jar!/org/springframework/data/repository/support/CrudRepositoryInvoker.class]]
[2018-07-02 21:44:30.273] -- [TRACE] -- [main &gt;&gt;&gt;&gt; ClassPathScanningCandidateComponentProvider.java:298 &gt;&gt;&gt;&gt; Method = findCandidateComponents] -- [Content = Ignored because not matching any filter: URL [jar:file:/Users/xk1020/.m2/repository/org/springframework/data/spring-data-commons/1.12.1.RELEASE/spring-data-commons-1.12.1.RELEASE.jar!/org/springframework/data/repository/support/CrudRepositoryInvoker.class]]
[2018-07-02 21:44:30.273] -- [TRACE] -- [main &gt;&gt;&gt;&gt; ClassPathScanningCandidateComponentProvider.java:275 &gt;&gt;&gt;&gt; Method = findCandidateComponents] -- [Content = Scanning URL [jar:file:/Users/xk1020/.m2/repository/org/springframework/data/spring-data-commons/1.12.1.RELEASE/spring-data-commons-1.12.1.RELEASE.jar!/org/springframework/data/repository/support/DefaultRepositoryInvokerFactory.class]]
[2018-07-02 21:44:30.274] -- [TRACE] -- [main &gt;&gt;&gt;&gt; ClassPathScanningCandidateComponentProvider.java:298 &gt;&gt;&gt;&gt; Method = findCandidateComponents] -- [Content = Ignored because not matching any filter: URL [jar:file:/Users/xk1020/.m2/repository/org/springframework/data/spring-data-commons/1.12.1.RELEASE/spring-data-commons-1.12.1.RELEASE.jar!/org/springframework/data/repository/support/DefaultRepositoryInvokerFactory.class]]
[2018-07-02 21:44:30.274] -- [TRACE] -- [main &gt;&gt;&gt;&gt; ClassPathScanningCandidateComponentProvider.java:275 &gt;&gt;&gt;&gt; Method = findCandidateComponents] -- [Content = Scanning URL [jar:file:/Users/xk1020/.m2/repository/org/springframework/data/spring-data-commons/1.12.1.RELEASE/spring-data-commons-1.12.1.RELEASE.jar!/org/springframework/data/repository/support/DomainClassConverter$1.class]]
[2018-07-02 21:44:30.274] -- [TRACE] -- [main &gt;&gt;&gt;&gt; ClassPathScanningCandidateComponentProvider.java:298 &gt;&gt;&gt;&gt; Method = findCandidateComponents] -- [Content = Ignored because not matching any filter: URL [jar:file:/Users/xk1020/.m2/repository/org/springframework/data/spring-data-commons/1.12.1.RELEASE/spring-data-commons-1.12.1.RELEASE.jar!/org/springframework/data/repository/support/DomainClassConverter$1.class]]
[2018-07-02 21:44:30.274] -- [TRACE] -- [main &gt;&gt;&gt;&gt; ClassPathScanningCandidateComponentProvider.java:275 &gt;&gt;&gt;&gt; Method = findCandidateComponents] -- [Content = Scanning URL [jar:file:/Users/xk1020/.m2/repository/org/springframework/data/spring-data-commons/1.12.1.RELEASE/spring-data-commons-1.12.1.RELEASE.jar!/org/springframework/data/repository/support/DomainClassConverter$ConversionMatchAbbreviationException.class]]
[2018-07-02 21:44:30.275] -- [TRACE] -- [main &gt;&gt;&gt;&gt; ClassPathScanningCandidateComponentProvider.java:298 &gt;&gt;&gt;&gt; Method = findCandidateComponents] -- [Content = Ignored because not matching any filter: URL [jar:file:/Users/xk1020/.m2/repository/org/springframework/data/spring-data-commons/1.12.1.RELEASE/spring-data-commons-1.12.1.RELEASE.jar!/org/springframework/data/repository/support/DomainClassConverter$ConversionMatchAbbreviationException.class]]
[2018-07-02 21:44:30.275] -- [TRACE] -- [main &gt;&gt;&gt;&gt; ClassPathScanningCandidateComponentProvider.java:275 &gt;&gt;&gt;&gt; Method = findCandidateComponents] -- [Content = Scanning URL [jar:file:/Users/xk1020/.m2/repository/org/springframework/data/spring-data-commons/1.12.1.RELEASE/spring-data-commons-1.12.1.RELEASE.jar!/org/springframework/data/repository/support/DomainClassConverter$ToEntityConverter.class]]
[2018-07-02 21:44:30.275] -- [TRACE] -- [main &gt;&gt;&gt;&gt; ClassPathScanningCandidateComponentProvider.java:298 &gt;&gt;&gt;&gt; Method = findCandidateComponents] -- [Content = Ignored because not matching any filter: URL [jar:file:/Users/xk1020/.m2/repository/org/springframework/data/spring-data-commons/1.12.1.RELEASE/spring-data-commons-1.12.1.RELEASE.jar!/org/springframework/data/repository/support/DomainClassConverter$ToEntityConverter.class]]
[2018-07-02 21:44:30.275] -- [TRACE] -- [main &gt;&gt;&gt;&gt; ClassPathScanningCandidateComponentProvider.java:275 &gt;&gt;&gt;&gt; Method = findCandidateComponents] -- [Content = Scanning URL [jar:file:/Users/xk1020/.m2/repository/org/springframework/data/spring-data-commons/1.12.1.RELEASE/spring-data-commons-1.12.1.RELEASE.jar!/org/springframework/data/repository/support/DomainClassConverter$ToIdConverter.class]]
[2018-07-02 21:44:30.276] -- [TRACE] -- [main &gt;&gt;&gt;&gt; ClassPathScanningCandidateComponentProvider.java:298 &gt;&gt;&gt;&gt; Method = findCandidateComponents] -- [Content = Ignored because not matching any filter: URL [jar:file:/Users/xk1020/.m2/repository/org/springframework/data/spring-data-commons/1.12.1.RELEASE/spring-data-commons-1.12.1.RELEASE.jar!/org/springframework/data/repository/support/DomainClassConverter$ToIdConverter.class]]
[2018-07-02 21:44:30.276] -- [TRACE] -- [main &gt;&gt;&gt;&gt; ClassPathScanningCandidateComponentProvider.java:275 &gt;&gt;&gt;&gt; Method = findCandidateComponents] -- [Content = Scanning URL [jar:file:/Users/xk1020/.m2/repository/org/springframework/data/spring-data-commons/1.12.1.RELEASE/spring-data-commons-1.12.1.RELEASE.jar!/org/springframework/data/repository/support/DomainClassConverter.class]]
[2018-07-02 21:44:30.277] -- [TRACE] -- [main &gt;&gt;&gt;&gt; ClassPathScanningCandidateComponentProvider.java:298 &gt;&gt;&gt;&gt; Method = findCandidateComponents] -- [Content = Ignored because not matching any filter: URL [jar:file:/Users/xk1020/.m2/repository/org/springframework/data/spring-data-commons/1.12.1.RELEASE/spring-data-commons-1.12.1.RELEASE.jar!/org/springframework/data/repository/support/DomainClassConverter.class]]
[2018-07-02 21:44:30.277] -- [TRACE] -- [main &gt;&gt;&gt;&gt; ClassPathScanningCandidateComponentProvider.java:275 &gt;&gt;&gt;&gt; Method = findCandidateComponents] -- [Content = Scanning URL [jar:file:/Users/xk1020/.m2/repository/org/springframework/data/spring-data-commons/1.12.1.RELEASE/spring-data-commons-1.12.1.RELEASE.jar!/org/springframework/data/repository/support/DomainClassPropertyEditor.class]]
[2018-07-02 21:44:30.277] -- [TRACE] -- [main &gt;&gt;&gt;&gt; ClassPathScanningCandidateComponentProvider.java:298 &gt;&gt;&gt;&gt; Method = findCandidateComponents] -- [Content = Ignored because not matching any filter: URL [jar:file:/Users/xk1020/.m2/repository/org/springframework/data/spring-data-commons/1.12.1.RELEASE/spring-data-commons-1.12.1.RELEASE.jar!/org/springframework/data/repository/support/DomainClassPropertyEditor.class]]
[2018-07-02 21:44:30.278] -- [TRACE] -- [main &gt;&gt;&gt;&gt; ClassPathScanningCandidateComponentProvider.java:275 &gt;&gt;&gt;&gt; Method = findCandidateComponents] -- [Content = Scanning URL [jar:file:/Users/xk1020/.m2/repository/org/springframework/data/spring-data-commons/1.12.1.RELEASE/spring-data-commons-1.12.1.RELEASE.jar!/org/springframework/data/repository/support/DomainClassPropertyEditorRegistrar.class]]
[2018-07-02 21:44:30.278] -- [TRACE] -- [main &gt;&gt;&gt;&gt; ClassPathScanningCandidateComponentProvider.java:298 &gt;&gt;&gt;&gt; Method = findCandidateComponents] -- [Content = Ignored because not matching any filter: URL [jar:file:/Users/xk1020/.m2/repository/org/springframework/data/spring-data-commons/1.12.1.RELEASE/spring-data-commons-1.12.1.RELEASE.jar!/org/springframework/data/repository/support/DomainClassPropertyEditorRegistrar.class]]
[2018-07-02 21:44:30.278] -- [TRACE] -- [main &gt;&gt;&gt;&gt; ClassPathScanningCandidateComponentProvider.java:275 &gt;&gt;&gt;&gt; Method = findCandidateComponents] -- [Content = Scanning URL [jar:file:/Users/xk1020/.m2/repository/org/springframework/data/spring-data-commons/1.12.1.RELEASE/spring-data-commons-1.12.1.RELEASE.jar!/org/springframework/data/repository/support/MethodParameters$AnnotationNamingMethodParameter.class]]
[2018-07-02 21:44:30.279] -- [TRACE] -- [main &gt;&gt;&gt;&gt; ClassPathScanningCandidateComponentProvider.java:298 &gt;&gt;&gt;&gt; Method = findCandidateComponents] -- [Content = Ignored because not matching any filter: URL [jar:file:/Users/xk1020/.m2/repository/org/springframework/data/spring-data-commons/1.12.1.RELEASE/spring-data-commons-1.12.1.RELEASE.jar!/org/springframework/data/repository/support/MethodParameters$AnnotationNamingMethodParameter.class]]
[2018-07-02 21:44:30.279] -- [TRACE] -- [main &gt;&gt;&gt;&gt; ClassPathScanningCandidateComponentProvider.java:275 &gt;&gt;&gt;&gt; Method = findCandidateComponents] -- [Content = Scanning URL [jar:file:/Users/xk1020/.m2/repository/org/springframework/data/spring-data-commons/1.12.1.RELEASE/spring-data-commons-1.12.1.RELEASE.jar!/org/springframework/data/repository/support/MethodParameters.class]]
[2018-07-02 21:44:30.279] -- [TRACE] -- [main &gt;&gt;&gt;&gt; ClassPathScanningCandidateComponentProvider.java:298 &gt;&gt;&gt;&gt; Method = findCandidateComponents] -- [Content = Ignored because not matching any filter: URL [jar:file:/Users/xk1020/.m2/repository/org/springframework/data/spring-data-commons/1.12.1.RELEASE/spring-data-commons-1.12.1.RELEASE.jar!/org/springframework/data/repository/support/MethodParameters.class]]
[2018-07-02 21:44:30.280] -- [TRACE] -- [main &gt;&gt;&gt;&gt; ClassPathScanningCandidateComponentProvider.java:275 &gt;&gt;&gt;&gt; Method = findCandidateComponents] -- [Content = Scanning URL [jar:file:/Users/xk1020/.m2/repository/org/springframework/data/spring-data-commons/1.12.1.RELEASE/spring-data-commons-1.12.1.RELEASE.jar!/org/springframework/data/repository/support/PagingAndSortingRepositoryInvoker.class]]
[2018-07-02 21:44:30.281] -- [TRACE] -- [main &gt;&gt;&gt;&gt; ClassPathScanningCandidateComponentProvider.java:298 &gt;&gt;&gt;&gt; Method = findCandidateComponents] -- [Content = Ignored because not matching any filter: URL [jar:file:/Users/xk1020/.m2/repository/org/springframework/data/spring-data-commons/1.12.1.RELEASE/spring-data-commons-1.12.1.RELEASE.jar!/org/springframework/data/repository/support/PagingAndSortingRepositoryInvoker.class]]
[2018-07-02 21:44:30.281] -- [TRACE] -- [main &gt;&gt;&gt;&gt; ClassPathScanningCandidateComponentProvider.java:275 &gt;&gt;&gt;&gt; Method = findCandidateComponents] -- [Content = Scanning URL [jar:file:/Users/xk1020/.m2/repository/org/springframework/data/spring-data-commons/1.12.1.RELEASE/spring-data-commons-1.12.1.RELEASE.jar!/org/springframework/data/repository/support/QueryMethodParameterConversionException.class]]
[2018-07-02 21:44:30.281] -- [TRACE] -- [main &gt;&gt;&gt;&gt; ClassPathScanningCandidateComponentProvider.java:298 &gt;&gt;&gt;&gt; Method = findCandidateComponents] -- [Content = Ignored because not matching any filter: URL [jar:file:/Users/xk1020/.m2/repository/org/springframework/data/spring-data-commons/1.12.1.RELEASE/spring-data-commons-1.12.1.RELEASE.jar!/org/springframework/data/repository/support/QueryMethodParameterConversionException.class]]
[2018-07-02 21:44:30.281] -- [TRACE] -- [main &gt;&gt;&gt;&gt; ClassPathScanningCandidateComponentProvider.java:275 &gt;&gt;&gt;&gt; Method = findCandidateComponents] -- [Content = Scanning URL [jar:file:/Users/xk1020/.m2/repository/org/springframework/data/spring-data-commons/1.12.1.RELEASE/spring-data-commons-1.12.1.RELEASE.jar!/org/springframework/data/repository/support/ReflectionRepositoryInvoker.class]]
[2018-07-02 21:44:30.282] -- [TRACE] -- [main &gt;&gt;&gt;&gt; ClassPathScanningCandidateComponentProvider.java:298 &gt;&gt;&gt;&gt; Method = findCandidateComponents] -- [Content = Ignored because not matching any filter: URL [jar:file:/Users/xk1020/.m2/repository/org/springframework/data/spring-data-commons/1.12.1.RELEASE/spring-data-commons-1.12.1.RELEASE.jar!/org/springframework/data/repository/support/ReflectionRepositoryInvoker.class]]
[2018-07-02 21:44:30.282] -- [TRACE] -- [main &gt;&gt;&gt;&gt; ClassPathScanningCandidateComponentProvider.java:275 &gt;&gt;&gt;&gt; Method = findCandidateComponents] -- [Content = Scanning URL [jar:file:/Users/xk1020/.m2/repository/org/springframework/data/spring-data-commons/1.12.1.RELEASE/spring-data-commons-1.12.1.RELEASE.jar!/org/springframework/data/repository/support/Repositories$EmptyRepositoryFactoryInformation.class]]
[2018-07-02 21:44:30.283] -- [TRACE] -- [main &gt;&gt;&gt;&gt; ClassPathScanningCandidateComponentProvider.java:298 &gt;&gt;&gt;&gt; Method = findCandidateComponents] -- [Content = Ignored because not matching any filter: URL [jar:file:/Users/xk1020/.m2/repository/org/springframework/data/spring-data-commons/1.12.1.RELEASE/spring-data-commons-1.12.1.RELEASE.jar!/org/springframework/data/repository/support/Repositories$EmptyRepositoryFactoryInformation.class]]
[2018-07-02 21:44:30.283] -- [TRACE] -- [main &gt;&gt;&gt;&gt; ClassPathScanningCandidateComponentProvider.java:275 &gt;&gt;&gt;&gt; Method = findCandidateComponents] -- [Content = Scanning URL [jar:file:/Users/xk1020/.m2/repository/org/springframework/data/spring-data-commons/1.12.1.RELEASE/spring-data-commons-1.12.1.RELEASE.jar!/org/springframework/data/repository/support/Repositories.class]]
[2018-07-02 21:44:30.283] -- [TRACE] -- [main &gt;&gt;&gt;&gt; ClassPathScanningCandidateComponentProvider.java:298 &gt;&gt;&gt;&gt; Method = findCandidateComponents] -- [Content = Ignored because not matching any filter: URL [jar:file:/Users/xk1020/.m2/repository/org/springframework/data/spring-data-commons/1.12.1.RELEASE/spring-data-commons-1.12.1.RELEASE.jar!/org/springframework/data/repository/support/Repositories.class]]
[2018-07-02 21:44:30.283] -- [TRACE] -- [main &gt;&gt;&gt;&gt; ClassPathScanningCandidateComponentProvider.java:275 &gt;&gt;&gt;&gt; Method = findCandidateComponents] -- [Content = Scanning URL [jar:file:/Users/xk1020/.m2/repository/org/springframework/data/spring-data-commons/1.12.1.RELEASE/spring-data-commons-1.12.1.RELEASE.jar!/org/springframework/data/repository/support/RepositoryInvocationInformation.class]]
[2018-07-02 21:44:30.283] -- [TRACE] -- [main &gt;&gt;&gt;&gt; ClassPathScanningCandidateComponentProvider.java:298 &gt;&gt;&gt;&gt; Method = findCandidateComponents] -- [Content = Ignored because not matching any filter: URL [jar:file:/Users/xk1020/.m2/repository/org/springframework/data/spring-data-commons/1.12.1.RELEASE/spring-data-commons-1.12.1.RELEASE.jar!/org/springframework/data/repository/support/RepositoryInvocationInformation.class]]
[2018-07-02 21:44:30.284] -- [TRACE] -- [main &gt;&gt;&gt;&gt; ClassPathScanningCandidateComponentProvider.java:275 &gt;&gt;&gt;&gt; Method = findCandidateComponents] -- [Content = Scanning URL [jar:file:/Users/xk1020/.m2/repository/org/springframework/data/spring-data-commons/1.12.1.RELEASE/spring-data-commons-1.12.1.RELEASE.jar!/org/springframework/data/repository/support/RepositoryInvoker.class]]
[2018-07-02 21:44:30.284] -- [TRACE] -- [main &gt;&gt;&gt;&gt; ClassPathScanningCandidateComponentProvider.java:298 &gt;&gt;&gt;&gt; Method = findCandidateComponents] -- [Content = Ignored because not matching any filter: URL [jar:file:/Users/xk1020/.m2/repository/org/springframework/data/spring-data-commons/1.12.1.RELEASE/spring-data-commons-1.12.1.RELEASE.jar!/org/springframework/data/repository/support/RepositoryInvoker.class]]
[2018-07-02 21:44:30.284] -- [TRACE] -- [main &gt;&gt;&gt;&gt; ClassPathScanningCandidateComponentProvider.java:275 &gt;&gt;&gt;&gt; Method = findCandidateComponents] -- [Content = Scanning URL [jar:file:/Users/xk1020/.m2/repository/org/springframework/data/spring-data-commons/1.12.1.RELEASE/spring-data-commons-1.12.1.RELEASE.jar!/org/springframework/data/repository/support/RepositoryInvokerFactory.class]]
[2018-07-02 21:44:30.285] -- [TRACE] -- [main &gt;&gt;&gt;&gt; ClassPathScanningCandidateComponentProvider.java:298 &gt;&gt;&gt;&gt; Method = findCandidateComponents] -- [Content = Ignored because not matching any filter: URL [jar:file:/Users/xk1020/.m2/repository/org/springframework/data/spring-data-commons/1.12.1.RELEASE/spring-data-commons-1.12.1.RELEASE.jar!/org/springframework/data/repository/support/RepositoryInvokerFactory.class]]
[2018-07-02 21:44:30.285] -- [DEBUG] -- [main &gt;&gt;&gt;&gt; MutablePropertySources.java:109 &gt;&gt;&gt;&gt; Method = addLast] -- [Content = Adding [systemProperties] PropertySource with lowest search precedence]
[2018-07-02 21:44:30.285] -- [DEBUG] -- [main &gt;&gt;&gt;&gt; MutablePropertySources.java:109 &gt;&gt;&gt;&gt; Method = addLast] -- [Content = Adding [systemEnvironment] PropertySource with lowest search precedence]
[2018-07-02 21:44:30.286] -- [DEBUG] -- [main &gt;&gt;&gt;&gt; AbstractEnvironment.java:127 &gt;&gt;&gt;&gt; Method = &lt;init&gt;] -- [Content = Initialized StandardEnvironment with PropertySources [systemProperties,systemEnvironment]]
[2018-07-02 21:44:30.286] -- [DEBUG] -- [main &gt;&gt;&gt;&gt; PathMatchingResourcePatternResolver.java:312 &gt;&gt;&gt;&gt; Method = findAllClassPathResources] -- [Content = Resolved classpath location [com/youmeek/] to resources [URL [file:/Users/xk1020/IdeaProjects/Basic-Single-Module-SSJPA/target/test-classes/com/youmeek/], URL [file:/Users/xk1020/IdeaProjects/Basic-Single-Module-SSJPA/target/classes/com/youmeek/]]]
[2018-07-02 21:44:30.286] -- [DEBUG] -- [main &gt;&gt;&gt;&gt; PathMatchingResourcePatternResolver.java:637 &gt;&gt;&gt;&gt; Method = doFindMatchingFileSystemResources] -- [Content = Looking for matching resources in directory tree [/Users/xk1020/IdeaProjects/Basic-Single-Module-SSJPA/target/test-classes/com/youmeek]]
[2018-07-02 21:44:30.287] -- [DEBUG] -- [main &gt;&gt;&gt;&gt; PathMatchingResourcePatternResolver.java:699 &gt;&gt;&gt;&gt; Method = doRetrieveMatchingFiles] -- [Content = Searching directory [/Users/xk1020/IdeaProjects/Basic-Single-Module-SSJPA/target/test-classes/com/youmeek] for files matching pattern [/Users/xk1020/IdeaProjects/Basic-Single-Module-SSJPA/target/test-classes/com/youmeek/**/dao/**/*.class]]
[2018-07-02 21:44:30.287] -- [DEBUG] -- [main &gt;&gt;&gt;&gt; PathMatchingResourcePatternResolver.java:699 &gt;&gt;&gt;&gt; Method = doRetrieveMatchingFiles] -- [Content = Searching directory [/Users/xk1020/IdeaProjects/Basic-Single-Module-SSJPA/target/test-classes/com/youmeek/ssm] for files matching pattern [/Users/xk1020/IdeaProjects/Basic-Single-Module-SSJPA/target/test-classes/com/youmeek/**/dao/**/*.class]]
[2018-07-02 21:44:30.287] -- [DEBUG] -- [main &gt;&gt;&gt;&gt; PathMatchingResourcePatternResolver.java:637 &gt;&gt;&gt;&gt; Method = doFindMatchingFileSystemResources] -- [Content = Looking for matching resources in directory tree [/Users/xk1020/IdeaProjects/Basic-Single-Module-SSJPA/target/classes/com/youmeek]]
[2018-07-02 21:44:30.287] -- [DEBUG] -- [main &gt;&gt;&gt;&gt; PathMatchingResourcePatternResolver.java:699 &gt;&gt;&gt;&gt; Method = doRetrieveMatchingFiles] -- [Content = Searching directory [/Users/xk1020/IdeaProjects/Basic-Single-Module-SSJPA/target/classes/com/youmeek] for files matching pattern [/Users/xk1020/IdeaProjects/Basic-Single-Module-SSJPA/target/classes/com/youmeek/**/dao/**/*.class]]
[2018-07-02 21:44:30.288] -- [DEBUG] -- [main &gt;&gt;&gt;&gt; PathMatchingResourcePatternResolver.java:699 &gt;&gt;&gt;&gt; Method = doRetrieveMatchingFiles] -- [Content = Searching directory [/Users/xk1020/IdeaProjects/Basic-Single-Module-SSJPA/target/classes/com/youmeek/ssm] for files matching pattern [/Users/xk1020/IdeaProjects/Basic-Single-Module-SSJPA/target/classes/com/youmeek/**/dao/**/*.class]]
[2018-07-02 21:44:30.288] -- [DEBUG] -- [main &gt;&gt;&gt;&gt; PathMatchingResourcePatternResolver.java:699 &gt;&gt;&gt;&gt; Method = doRetrieveMatchingFiles] -- [Content = Searching directory [/Users/xk1020/IdeaProjects/Basic-Single-Module-SSJPA/target/classes/com/youmeek/ssm/module] for files matching pattern [/Users/xk1020/IdeaProjects/Basic-Single-Module-SSJPA/target/classes/com/youmeek/**/dao/**/*.class]]
[2018-07-02 21:44:30.288] -- [DEBUG] -- [main &gt;&gt;&gt;&gt; PathMatchingResourcePatternResolver.java:699 &gt;&gt;&gt;&gt; Method = doRetrieveMatchingFiles] -- [Content = Searching directory [/Users/xk1020/IdeaProjects/Basic-Single-Module-SSJPA/target/classes/com/youmeek/ssm/module/user] for files matching pattern [/Users/xk1020/IdeaProjects/Basic-Single-Module-SSJPA/target/classes/com/youmeek/**/dao/**/*.class]]
[2018-07-02 21:44:30.288] -- [DEBUG] -- [main &gt;&gt;&gt;&gt; PathMatchingResourcePatternResolver.java:699 &gt;&gt;&gt;&gt; Method = doRetrieveMatchingFiles] -- [Content = Searching directory [/Users/xk1020/IdeaProjects/Basic-Single-Module-SSJPA/target/classes/com/youmeek/ssm/module/user/dao] for files matching pattern [/Users/xk1020/IdeaProjects/Basic-Single-Module-SSJPA/target/classes/com/youmeek/**/dao/**/*.class]]
[2018-07-02 21:44:30.289] -- [DEBUG] -- [main &gt;&gt;&gt;&gt; PathMatchingResourcePatternResolver.java:699 &gt;&gt;&gt;&gt; Method = doRetrieveMatchingFiles] -- [Content = Searching directory [/Users/xk1020/IdeaProjects/Basic-Single-Module-SSJPA/target/classes/com/youmeek/ssm/module/user/controller] for files matching pattern [/Users/xk1020/IdeaProjects/Basic-Single-Module-SSJPA/target/classes/com/youmeek/**/dao/**/*.class]]
[2018-07-02 21:44:30.289] -- [DEBUG] -- [main &gt;&gt;&gt;&gt; PathMatchingResourcePatternResolver.java:699 &gt;&gt;&gt;&gt; Method = doRetrieveMatchingFiles] -- [Content = Searching directory [/Users/xk1020/IdeaProjects/Basic-Single-Module-SSJPA/target/classes/com/youmeek/ssm/module/user/service] for files matching pattern [/Users/xk1020/IdeaProjects/Basic-Single-Module-SSJPA/target/classes/com/youmeek/**/dao/**/*.class]]
[2018-07-02 21:44:30.289] -- [DEBUG] -- [main &gt;&gt;&gt;&gt; PathMatchingResourcePatternResolver.java:699 &gt;&gt;&gt;&gt; Method = doRetrieveMatchingFiles] -- [Content = Searching directory [/Users/xk1020/IdeaProjects/Basic-Single-Module-SSJPA/target/classes/com/youmeek/ssm/module/user/service/impl] for files matching pattern [/Users/xk1020/IdeaProjects/Basic-Single-Module-SSJPA/target/classes/com/youmeek/**/dao/**/*.class]]
[2018-07-02 21:44:30.289] -- [DEBUG] -- [main &gt;&gt;&gt;&gt; PathMatchingResourcePatternResolver.java:699 &gt;&gt;&gt;&gt; Method = doRetrieveMatchingFiles] -- [Content = Searching directory [/Users/xk1020/IdeaProjects/Basic-Single-Module-SSJPA/target/classes/com/youmeek/ssm/module/user/pojo] for files matching pattern [/Users/xk1020/IdeaProjects/Basic-Single-Module-SSJPA/target/classes/com/youmeek/**/dao/**/*.class]]
[2018-07-02 21:44:30.290] -- [DEBUG] -- [main &gt;&gt;&gt;&gt; PathMatchingResourcePatternResolver.java:699 &gt;&gt;&gt;&gt; Method = doRetrieveMatchingFiles] -- [Content = Searching directory [/Users/xk1020/IdeaProjects/Basic-Single-Module-SSJPA/target/classes/com/youmeek/ssm/aop] for files matching pattern [/Users/xk1020/IdeaProjects/Basic-Single-Module-SSJPA/target/classes/com/youmeek/**/dao/**/*.class]]
[2018-07-02 21:44:30.290] -- [DEBUG] -- [main &gt;&gt;&gt;&gt; PathMatchingResourcePatternResolver.java:699 &gt;&gt;&gt;&gt; Method = doRetrieveMatchingFiles] -- [Content = Searching directory [/Users/xk1020/IdeaProjects/Basic-Single-Module-SSJPA/target/classes/com/youmeek/ssm/aop/log] for files matching pattern [/Users/xk1020/IdeaProjects/Basic-Single-Module-SSJPA/target/classes/com/youmeek/**/dao/**/*.class]]
[2018-07-02 21:44:30.290] -- [DEBUG] -- [main &gt;&gt;&gt;&gt; PathMatchingResourcePatternResolver.java:699 &gt;&gt;&gt;&gt; Method = doRetrieveMatchingFiles] -- [Content = Searching directory [/Users/xk1020/IdeaProjects/Basic-Single-Module-SSJPA/target/classes/com/youmeek/ssm/interceptor] for files matching pattern [/Users/xk1020/IdeaProjects/Basic-Single-Module-SSJPA/target/classes/com/youmeek/**/dao/**/*.class]]
[2018-07-02 21:44:30.290] -- [DEBUG] -- [main &gt;&gt;&gt;&gt; PathMatchingResourcePatternResolver.java:430 &gt;&gt;&gt;&gt; Method = findPathMatchingResources] -- [Content = Resolved location pattern [classpath*:com/youmeek/**/dao/**/*.class] to resources [file [/Users/xk1020/IdeaProjects/Basic-Single-Module-SSJPA/target/classes/com/youmeek/ssm/module/user/dao/SysUserDao.class]]]
[2018-07-02 21:44:30.291] -- [TRACE] -- [main &gt;&gt;&gt;&gt; ClassPathScanningCandidateComponentProvider.java:275 &gt;&gt;&gt;&gt; Method = findCandidateComponents] -- [Content = Scanning file [/Users/xk1020/IdeaProjects/Basic-Single-Module-SSJPA/target/classes/com/youmeek/ssm/module/user/dao/SysUserDao.class]]
[2018-07-02 21:44:30.292] -- [DEBUG] -- [main &gt;&gt;&gt;&gt; ClassPathScanningCandidateComponentProvider.java:286 &gt;&gt;&gt;&gt; Method = findCandidateComponents] -- [Content = Identified candidate component class: file [/Users/xk1020/IdeaProjects/Basic-Single-Module-SSJPA/target/classes/com/youmeek/ssm/module/user/dao/SysUserDao.class]]
[2018-07-02 21:44:30.292] -- [DEBUG] -- [main &gt;&gt;&gt;&gt; MutablePropertySources.java:109 &gt;&gt;&gt;&gt; Method = addLast] -- [Content = Adding [systemProperties] PropertySource with lowest search precedence]
[2018-07-02 21:44:30.293] -- [DEBUG] -- [main &gt;&gt;&gt;&gt; MutablePropertySources.java:109 &gt;&gt;&gt;&gt; Method = addLast] -- [Content = Adding [systemEnvironment] PropertySource with lowest search precedence]
[2018-07-02 21:44:30.293] -- [DEBUG] -- [main &gt;&gt;&gt;&gt; AbstractEnvironment.java:127 &gt;&gt;&gt;&gt; Method = &lt;init&gt;] -- [Content = Initialized StandardEnvironment with PropertySources [systemProperties,systemEnvironment]]
[2018-07-02 21:44:30.293] -- [DEBUG] -- [main &gt;&gt;&gt;&gt; PathMatchingResourcePatternResolver.java:312 &gt;&gt;&gt;&gt; Method = findAllClassPathResources] -- [Content = Resolved classpath location [com/youmeek/] to resources [URL [file:/Users/xk1020/IdeaProjects/Basic-Single-Module-SSJPA/target/test-classes/com/youmeek/], URL [file:/Users/xk1020/IdeaProjects/Basic-Single-Module-SSJPA/target/classes/com/youmeek/]]]
[2018-07-02 21:44:30.293] -- [DEBUG] -- [main &gt;&gt;&gt;&gt; PathMatchingResourcePatternResolver.java:637 &gt;&gt;&gt;&gt; Method = doFindMatchingFileSystemResources] -- [Content = Looking for matching resources in directory tree [/Users/xk1020/IdeaProjects/Basic-Single-Module-SSJPA/target/test-classes/com/youmeek]]
[2018-07-02 21:44:30.294] -- [DEBUG] -- [main &gt;&gt;&gt;&gt; PathMatchingResourcePatternResolver.java:699 &gt;&gt;&gt;&gt; Method = doRetrieveMatchingFiles] -- [Content = Searching directory [/Users/xk1020/IdeaProjects/Basic-Single-Module-SSJPA/target/test-classes/com/youmeek] for files matching pattern [/Users/xk1020/IdeaProjects/Basic-Single-Module-SSJPA/target/test-classes/com/youmeek/**/dao/**/*SysUserDaoImpl.class]]
[2018-07-02 21:44:30.294] -- [DEBUG] -- [main &gt;&gt;&gt;&gt; PathMatchingResourcePatternResolver.java:699 &gt;&gt;&gt;&gt; Method = doRetrieveMatchingFiles] -- [Content = Searching directory [/Users/xk1020/IdeaProjects/Basic-Single-Module-SSJPA/target/test-classes/com/youmeek/ssm] for files matching pattern [/Users/xk1020/IdeaProjects/Basic-Single-Module-SSJPA/target/test-classes/com/youmeek/**/dao/**/*SysUserDaoImpl.class]]
[2018-07-02 21:44:30.294] -- [DEBUG] -- [main &gt;&gt;&gt;&gt; PathMatchingResourcePatternResolver.java:637 &gt;&gt;&gt;&gt; Method = doFindMatchingFileSystemResources] -- [Content = Looking for matching resources in directory tree [/Users/xk1020/IdeaProjects/Basic-Single-Module-SSJPA/target/classes/com/youmeek]]
[2018-07-02 21:44:30.294] -- [DEBUG] -- [main &gt;&gt;&gt;&gt; PathMatchingResourcePatternResolver.java:699 &gt;&gt;&gt;&gt; Method = doRetrieveMatchingFiles] -- [Content = Searching directory [/Users/xk1020/IdeaProjects/Basic-Single-Module-SSJPA/target/classes/com/youmeek] for files matching pattern [/Users/xk1020/IdeaProjects/Basic-Single-Module-SSJPA/target/classes/com/youmeek/**/dao/**/*SysUserDaoImpl.class]]
[2018-07-02 21:44:30.295] -- [DEBUG] -- [main &gt;&gt;&gt;&gt; PathMatchingResourcePatternResolver.java:699 &gt;&gt;&gt;&gt; Method = doRetrieveMatchingFiles] -- [Content = Searching directory [/Users/xk1020/IdeaProjects/Basic-Single-Module-SSJPA/target/classes/com/youmeek/ssm] for files matching pattern [/Users/xk1020/IdeaProjects/Basic-Single-Module-SSJPA/target/classes/com/youmeek/**/dao/**/*SysUserDaoImpl.class]]
[2018-07-02 21:44:30.295] -- [DEBUG] -- [main &gt;&gt;&gt;&gt; PathMatchingResourcePatternResolver.java:699 &gt;&gt;&gt;&gt; Method = doRetrieveMatchingFiles] -- [Content = Searching directory [/Users/xk1020/IdeaProjects/Basic-Single-Module-SSJPA/target/classes/com/youmeek/ssm/module] for files matching pattern [/Users/xk1020/IdeaProjects/Basic-Single-Module-SSJPA/target/classes/com/youmeek/**/dao/**/*SysUserDaoImpl.class]]
[2018-07-02 21:44:30.295] -- [DEBUG] -- [main &gt;&gt;&gt;&gt; PathMatchingResourcePatternResolver.java:699 &gt;&gt;&gt;&gt; Method = doRetrieveMatchingFiles] -- [Content = Searching directory [/Users/xk1020/IdeaProjects/Basic-Single-Module-SSJPA/target/classes/com/youmeek/ssm/module/user] for files matching pattern [/Users/xk1020/IdeaProjects/Basic-Single-Module-SSJPA/target/classes/com/youmeek/**/dao/**/*SysUserDaoImpl.class]]
[2018-07-02 21:44:30.295] -- [DEBUG] -- [main &gt;&gt;&gt;&gt; PathMatchingResourcePatternResolver.java:699 &gt;&gt;&gt;&gt; Method = doRetrieveMatchingFiles] -- [Content = Searching directory [/Users/xk1020/IdeaProjects/Basic-Single-Module-SSJPA/target/classes/com/youmeek/ssm/module/user/dao] for files matching pattern [/Users/xk1020/IdeaProjects/Basic-Single-Module-SSJPA/target/classes/com/youmeek/**/dao/**/*SysUserDaoImpl.class]]
[2018-07-02 21:44:30.296] -- [DEBUG] -- [main &gt;&gt;&gt;&gt; PathMatchingResourcePatternResolver.java:699 &gt;&gt;&gt;&gt; Method = doRetrieveMatchingFiles] -- [Content = Searching directory [/Users/xk1020/IdeaProjects/Basic-Single-Module-SSJPA/target/classes/com/youmeek/ssm/module/user/controller] for files matching pattern [/Users/xk1020/IdeaProjects/Basic-Single-Module-SSJPA/target/classes/com/youmeek/**/dao/**/*SysUserDaoImpl.class]]
[2018-07-02 21:44:30.296] -- [DEBUG] -- [main &gt;&gt;&gt;&gt; PathMatchingResourcePatternResolver.java:699 &gt;&gt;&gt;&gt; Method = doRetrieveMatchingFiles] -- [Content = Searching directory [/Users/xk1020/IdeaProjects/Basic-Single-Module-SSJPA/target/classes/com/youmeek/ssm/module/user/service] for files matching pattern [/Users/xk1020/IdeaProjects/Basic-Single-Module-SSJPA/target/classes/com/youmeek/**/dao/**/*SysUserDaoImpl.class]]
[2018-07-02 21:44:30.296] -- [DEBUG] -- [main &gt;&gt;&gt;&gt; PathMatchingResourcePatternResolver.java:699 &gt;&gt;&gt;&gt; Method = doRetrieveMatchingFiles] -- [Content = Searching directory [/Users/xk1020/IdeaProjects/Basic-Single-Module-SSJPA/target/classes/com/youmeek/ssm/module/user/service/impl] for files matching pattern [/Users/xk1020/IdeaProjects/Basic-Single-Module-SSJPA/target/classes/com/youmeek/**/dao/**/*SysUserDaoImpl.class]]
[2018-07-02 21:44:30.297] -- [DEBUG] -- [main &gt;&gt;&gt;&gt; PathMatchingResourcePatternResolver.java:699 &gt;&gt;&gt;&gt; Method = doRetrieveMatchingFiles] -- [Content = Searching directory [/Users/xk1020/IdeaProjects/Basic-Single-Module-SSJPA/target/classes/com/youmeek/ssm/module/user/pojo] for files matching pattern [/Users/xk1020/IdeaProjects/Basic-Single-Module-SSJPA/target/classes/com/youmeek/**/dao/**/*SysUserDaoImpl.class]]
[2018-07-02 21:44:30.297] -- [DEBUG] -- [main &gt;&gt;&gt;&gt; PathMatchingResourcePatternResolver.java:699 &gt;&gt;&gt;&gt; Method = doRetrieveMatchingFiles] -- [Content = Searching directory [/Users/xk1020/IdeaProjects/Basic-Single-Module-SSJPA/target/classes/com/youmeek/ssm/aop] for files matching pattern [/Users/xk1020/IdeaProjects/Basic-Single-Module-SSJPA/target/classes/com/youmeek/**/dao/**/*SysUserDaoImpl.class]]
[2018-07-02 21:44:30.297] -- [DEBUG] -- [main &gt;&gt;&gt;&gt; PathMatchingResourcePatternResolver.java:699 &gt;&gt;&gt;&gt; Method = doRetrieveMatchingFiles] -- [Content = Searching directory [/Users/xk1020/IdeaProjects/Basic-Single-Module-SSJPA/target/classes/com/youmeek/ssm/aop/log] for files matching pattern [/Users/xk1020/IdeaProjects/Basic-Single-Module-SSJPA/target/classes/com/youmeek/**/dao/**/*SysUserDaoImpl.class]]
[2018-07-02 21:44:30.297] -- [DEBUG] -- [main &gt;&gt;&gt;&gt; PathMatchingResourcePatternResolver.java:699 &gt;&gt;&gt;&gt; Method = doRetrieveMatchingFiles] -- [Content = Searching directory [/Users/xk1020/IdeaProjects/Basic-Single-Module-SSJPA/target/classes/com/youmeek/ssm/interceptor] for files matching pattern [/Users/xk1020/IdeaProjects/Basic-Single-Module-SSJPA/target/classes/com/youmeek/**/dao/**/*SysUserDaoImpl.class]]
[2018-07-02 21:44:30.298] -- [DEBUG] -- [main &gt;&gt;&gt;&gt; PathMatchingResourcePatternResolver.java:430 &gt;&gt;&gt;&gt; Method = findPathMatchingResources] -- [Content = Resolved location pattern [classpath*:com/youmeek/**/dao/**/*SysUserDaoImpl.class] to resources []]
[2018-07-02 21:44:30.298] -- [DEBUG] -- [main &gt;&gt;&gt;&gt; RepositoryConfigurationDelegate.java:142 &gt;&gt;&gt;&gt; Method = registerRepositoriesIn] -- [Content = Spring Data JPA - Registering repository: sysUserDao - Interface: com.youmeek.ssm.module.user.dao.SysUserDao - Factory: org.springframework.data.jpa.repository.support.JpaRepositoryFactoryBean]
[2018-07-02 21:44:30.299] -- [DEBUG] -- [main &gt;&gt;&gt;&gt; AbstractBeanDefinitionReader.java:224 &gt;&gt;&gt;&gt; Method = loadBeanDefinitions] -- [Content = Loaded 26 bean definitions from location pattern [classpath*:spring/applicationContext*.xml]]
[2018-07-02 21:44:30.299] -- [INFO] -- [main &gt;&gt;&gt;&gt; AbstractApplicationContext.java:578 &gt;&gt;&gt;&gt; Method = prepareRefresh] -- [Content = Refreshing org.springframework.context.support.GenericApplicationContext@34625ccd: startup date [Mon Jul 02 21:44:30 CST 2018]; root of context hierarchy]
[2018-07-02 21:44:30.299] -- [DEBUG] -- [main &gt;&gt;&gt;&gt; AbstractApplicationContext.java:612 &gt;&gt;&gt;&gt; Method = obtainFreshBeanFactory] -- [Content = Bean factory for org.springframework.context.support.GenericApplicationContext@34625ccd: org.springframework.beans.factory.support.DefaultListableBeanFactory@532a02d9: defining beans [org.springframework.context.support.PropertySourcesPlaceholderConfigurer#0,sysUserServiceImpl,org.springframework.context.annotation.internalConfigurationAnnotationProcessor,org.springframework.context.annotation.internalAutowiredAnnotationProcessor,org.springframework.context.annotation.internalRequiredAnnotationProcessor,org.springframework.context.annotation.internalCommonAnnotationProcessor,org.springframework.context.annotation.internalPersistenceAnnotationProcessor,org.springframework.context.event.internalEventListenerProcessor,org.springframework.context.event.internalEventListenerFactory,dataSource,druid-stat-interceptor,druid-stat-pointcut,org.springframework.aop.config.internalAutoProxyCreator,org.springframework.aop.support.DefaultBeanFactoryPointcutAdvisor#0,transactionManager,transactionAdvice,transactionPointcut,org.springframework.aop.support.DefaultBeanFactoryPointcutAdvisor#1,entityManagerFactory,hibernateJpaVendorAdapter,org.springframework.data.jpa.repository.config.JpaRepositoryConfigExtension#0,org.springframework.data.repository.core.support.RepositoryFactoryBeanSupport_Predictor,emBeanDefinitionRegistrarPostProcessor,jpaMappingContext,jpaContext,sysUserDao]; root of factory hierarchy]
[2018-07-02 21:44:30.300] -- [DEBUG] -- [main &gt;&gt;&gt;&gt; DefaultSingletonBeanRegistry.java:221 &gt;&gt;&gt;&gt; Method = getSingleton] -- [Content = Creating shared instance of singleton bean &apos;org.springframework.context.annotation.internalConfigurationAnnotationProcessor&apos;]
[2018-07-02 21:44:30.300] -- [DEBUG] -- [main &gt;&gt;&gt;&gt; AbstractAutowireCapableBeanFactory.java:448 &gt;&gt;&gt;&gt; Method = createBean] -- [Content = Creating instance of bean &apos;org.springframework.context.annotation.internalConfigurationAnnotationProcessor&apos;]
[2018-07-02 21:44:30.300] -- [DEBUG] -- [main &gt;&gt;&gt;&gt; AbstractAutowireCapableBeanFactory.java:529 &gt;&gt;&gt;&gt; Method = doCreateBean] -- [Content = Eagerly caching bean &apos;org.springframework.context.annotation.internalConfigurationAnnotationProcessor&apos; to allow for resolving potential circular references]
[2018-07-02 21:44:30.300] -- [DEBUG] -- [main &gt;&gt;&gt;&gt; AbstractAutowireCapableBeanFactory.java:484 &gt;&gt;&gt;&gt; Method = createBean] -- [Content = Finished creating instance of bean &apos;org.springframework.context.annotation.internalConfigurationAnnotationProcessor&apos;]
[2018-07-02 21:44:30.306] -- [DEBUG] -- [main &gt;&gt;&gt;&gt; DefaultSingletonBeanRegistry.java:221 &gt;&gt;&gt;&gt; Method = getSingleton] -- [Content = Creating shared instance of singleton bean &apos;org.springframework.context.support.PropertySourcesPlaceholderConfigurer#0&apos;]
[2018-07-02 21:44:30.306] -- [DEBUG] -- [main &gt;&gt;&gt;&gt; AbstractAutowireCapableBeanFactory.java:448 &gt;&gt;&gt;&gt; Method = createBean] -- [Content = Creating instance of bean &apos;org.springframework.context.support.PropertySourcesPlaceholderConfigurer#0&apos;]
[2018-07-02 21:44:30.306] -- [DEBUG] -- [main &gt;&gt;&gt;&gt; AbstractAutowireCapableBeanFactory.java:529 &gt;&gt;&gt;&gt; Method = doCreateBean] -- [Content = Eagerly caching bean &apos;org.springframework.context.support.PropertySourcesPlaceholderConfigurer#0&apos; to allow for resolving potential circular references]
[2018-07-02 21:44:30.306] -- [TRACE] -- [main &gt;&gt;&gt;&gt; CachedIntrospectionResults.java:265 &gt;&gt;&gt;&gt; Method = &lt;init&gt;] -- [Content = Getting BeanInfo for class [org.springframework.context.support.PropertySourcesPlaceholderConfigurer]]
[2018-07-02 21:44:30.306] -- [TRACE] -- [main &gt;&gt;&gt;&gt; CachedIntrospectionResults.java:284 &gt;&gt;&gt;&gt; Method = &lt;init&gt;] -- [Content = Caching PropertyDescriptors for class [org.springframework.context.support.PropertySourcesPlaceholderConfigurer]]
[2018-07-02 21:44:30.306] -- [TRACE] -- [main &gt;&gt;&gt;&gt; CachedIntrospectionResults.java:297 &gt;&gt;&gt;&gt; Method = &lt;init&gt;] -- [Content = Found bean property &apos;appliedPropertySources&apos; of type [org.springframework.core.env.PropertySources]]
[2018-07-02 21:44:30.307] -- [TRACE] -- [main &gt;&gt;&gt;&gt; CachedIntrospectionResults.java:297 &gt;&gt;&gt;&gt; Method = &lt;init&gt;] -- [Content = Found bean property &apos;beanFactory&apos; of type [org.springframework.beans.factory.BeanFactory]]
[2018-07-02 21:44:30.307] -- [TRACE] -- [main &gt;&gt;&gt;&gt; CachedIntrospectionResults.java:297 &gt;&gt;&gt;&gt; Method = &lt;init&gt;] -- [Content = Found bean property &apos;beanName&apos; of type [java.lang.String]]
[2018-07-02 21:44:30.307] -- [TRACE] -- [main &gt;&gt;&gt;&gt; CachedIntrospectionResults.java:297 &gt;&gt;&gt;&gt; Method = &lt;init&gt;] -- [Content = Found bean property &apos;class&apos; of type [java.lang.Class]]
[2018-07-02 21:44:30.307] -- [TRACE] -- [main &gt;&gt;&gt;&gt; CachedIntrospectionResults.java:297 &gt;&gt;&gt;&gt; Method = &lt;init&gt;] -- [Content = Found bean property &apos;environment&apos; of type [org.springframework.core.env.Environment]]
[2018-07-02 21:44:30.307] -- [TRACE] -- [main &gt;&gt;&gt;&gt; CachedIntrospectionResults.java:297 &gt;&gt;&gt;&gt; Method = &lt;init&gt;] -- [Content = Found bean property &apos;fileEncoding&apos; of type [java.lang.String]]
[2018-07-02 21:44:30.307] -- [TRACE] -- [main &gt;&gt;&gt;&gt; CachedIntrospectionResults.java:297 &gt;&gt;&gt;&gt; Method = &lt;init&gt;] -- [Content = Found bean property &apos;ignoreResourceNotFound&apos; of type [boolean]]
[2018-07-02 21:44:30.308] -- [TRACE] -- [main &gt;&gt;&gt;&gt; CachedIntrospectionResults.java:297 &gt;&gt;&gt;&gt; Method = &lt;init&gt;] -- [Content = Found bean property &apos;ignoreUnresolvablePlaceholders&apos; of type [boolean]]
[2018-07-02 21:44:30.308] -- [TRACE] -- [main &gt;&gt;&gt;&gt; CachedIntrospectionResults.java:297 &gt;&gt;&gt;&gt; Method = &lt;init&gt;] -- [Content = Found bean property &apos;localOverride&apos; of type [boolean]]
[2018-07-02 21:44:30.308] -- [TRACE] -- [main &gt;&gt;&gt;&gt; CachedIntrospectionResults.java:297 &gt;&gt;&gt;&gt; Method = &lt;init&gt;] -- [Content = Found bean property &apos;location&apos; of type [org.springframework.core.io.Resource]]
[2018-07-02 21:44:30.308] -- [TRACE] -- [main &gt;&gt;&gt;&gt; CachedIntrospectionResults.java:297 &gt;&gt;&gt;&gt; Method = &lt;init&gt;] -- [Content = Found bean property &apos;locations&apos; of type [[Lorg.springframework.core.io.Resource;]]
[2018-07-02 21:44:30.308] -- [TRACE] -- [main &gt;&gt;&gt;&gt; CachedIntrospectionResults.java:297 &gt;&gt;&gt;&gt; Method = &lt;init&gt;] -- [Content = Found bean property &apos;nullValue&apos; of type [java.lang.String]]
[2018-07-02 21:44:30.308] -- [TRACE] -- [main &gt;&gt;&gt;&gt; CachedIntrospectionResults.java:297 &gt;&gt;&gt;&gt; Method = &lt;init&gt;] -- [Content = Found bean property &apos;order&apos; of type [int]]
[2018-07-02 21:44:30.309] -- [TRACE] -- [main &gt;&gt;&gt;&gt; CachedIntrospectionResults.java:297 &gt;&gt;&gt;&gt; Method = &lt;init&gt;] -- [Content = Found bean property &apos;placeholderPrefix&apos; of type [java.lang.String]]
[2018-07-02 21:44:30.309] -- [TRACE] -- [main &gt;&gt;&gt;&gt; CachedIntrospectionResults.java:297 &gt;&gt;&gt;&gt; Method = &lt;init&gt;] -- [Content = Found bean property &apos;placeholderSuffix&apos; of type [java.lang.String]]
[2018-07-02 21:44:30.309] -- [TRACE] -- [main &gt;&gt;&gt;&gt; CachedIntrospectionResults.java:297 &gt;&gt;&gt;&gt; Method = &lt;init&gt;] -- [Content = Found bean property &apos;properties&apos; of type [java.util.Properties]]
[2018-07-02 21:44:30.309] -- [TRACE] -- [main &gt;&gt;&gt;&gt; CachedIntrospectionResults.java:297 &gt;&gt;&gt;&gt; Method = &lt;init&gt;] -- [Content = Found bean property &apos;propertiesArray&apos; of type [[Ljava.util.Properties;]]
[2018-07-02 21:44:30.309] -- [TRACE] -- [main &gt;&gt;&gt;&gt; CachedIntrospectionResults.java:297 &gt;&gt;&gt;&gt; Method = &lt;init&gt;] -- [Content = Found bean property &apos;propertiesPersister&apos; of type [org.springframework.util.PropertiesPersister]]
[2018-07-02 21:44:30.309] -- [TRACE] -- [main &gt;&gt;&gt;&gt; CachedIntrospectionResults.java:297 &gt;&gt;&gt;&gt; Method = &lt;init&gt;] -- [Content = Found bean property &apos;propertySources&apos; of type [org.springframework.core.env.PropertySources]]
[2018-07-02 21:44:30.309] -- [TRACE] -- [main &gt;&gt;&gt;&gt; CachedIntrospectionResults.java:297 &gt;&gt;&gt;&gt; Method = &lt;init&gt;] -- [Content = Found bean property &apos;valueSeparator&apos; of type [java.lang.String]]
[2018-07-02 21:44:30.310] -- [DEBUG] -- [main &gt;&gt;&gt;&gt; PathMatchingResourcePatternResolver.java:312 &gt;&gt;&gt;&gt; Method = findAllClassPathResources] -- [Content = Resolved classpath location [properties/] to resources [URL [file:/Users/xk1020/IdeaProjects/Basic-Single-Module-SSJPA/target/classes/properties/]]]
[2018-07-02 21:44:30.310] -- [DEBUG] -- [main &gt;&gt;&gt;&gt; PathMatchingResourcePatternResolver.java:637 &gt;&gt;&gt;&gt; Method = doFindMatchingFileSystemResources] -- [Content = Looking for matching resources in directory tree [/Users/xk1020/IdeaProjects/Basic-Single-Module-SSJPA/target/classes/properties]]
[2018-07-02 21:44:30.310] -- [DEBUG] -- [main &gt;&gt;&gt;&gt; PathMatchingResourcePatternResolver.java:699 &gt;&gt;&gt;&gt; Method = doRetrieveMatchingFiles] -- [Content = Searching directory [/Users/xk1020/IdeaProjects/Basic-Single-Module-SSJPA/target/classes/properties] for files matching pattern [/Users/xk1020/IdeaProjects/Basic-Single-Module-SSJPA/target/classes/properties/*.properties]]
[2018-07-02 21:44:30.311] -- [DEBUG] -- [main &gt;&gt;&gt;&gt; PathMatchingResourcePatternResolver.java:430 &gt;&gt;&gt;&gt; Method = findPathMatchingResources] -- [Content = Resolved location pattern [classpath*:properties/*.properties] to resources [file [/Users/xk1020/IdeaProjects/Basic-Single-Module-SSJPA/target/classes/properties/config.properties]]]
[2018-07-02 21:44:30.311] -- [DEBUG] -- [main &gt;&gt;&gt;&gt; AbstractAutowireCapableBeanFactory.java:484 &gt;&gt;&gt;&gt; Method = createBean] -- [Content = Finished creating instance of bean &apos;org.springframework.context.support.PropertySourcesPlaceholderConfigurer#0&apos;]
[2018-07-02 21:44:30.311] -- [DEBUG] -- [main &gt;&gt;&gt;&gt; MutablePropertySources.java:109 &gt;&gt;&gt;&gt; Method = addLast] -- [Content = Adding [environmentProperties] PropertySource with lowest search precedence]
[2018-07-02 21:44:30.312] -- [INFO] -- [main &gt;&gt;&gt;&gt; PropertiesLoaderSupport.java:172 &gt;&gt;&gt;&gt; Method = loadProperties] -- [Content = Loading properties file from file [/Users/xk1020/IdeaProjects/Basic-Single-Module-SSJPA/target/classes/properties/config.properties]]
[2018-07-02 21:44:30.312] -- [DEBUG] -- [main &gt;&gt;&gt;&gt; MutablePropertySources.java:109 &gt;&gt;&gt;&gt; Method = addLast] -- [Content = Adding [localProperties] PropertySource with lowest search precedence]
[2018-07-02 21:44:30.312] -- [TRACE] -- [main &gt;&gt;&gt;&gt; PropertySourcesPropertyResolver.java:76 &gt;&gt;&gt;&gt; Method = getProperty] -- [Content = getProperty(&quot;data_source_url&quot;, String)]
[2018-07-02 21:44:30.313] -- [DEBUG] -- [main &gt;&gt;&gt;&gt; PropertySourcesPropertyResolver.java:81 &gt;&gt;&gt;&gt; Method = getProperty] -- [Content = Searching for key &apos;data_source_url&apos; in [environmentProperties]]
[2018-07-02 21:44:30.313] -- [TRACE] -- [main &gt;&gt;&gt;&gt; PropertySourcesPropertyResolver.java:76 &gt;&gt;&gt;&gt; Method = getProperty] -- [Content = getProperty(&quot;data_source_url&quot;, String)]
[2018-07-02 21:44:30.313] -- [DEBUG] -- [main &gt;&gt;&gt;&gt; PropertySourcesPropertyResolver.java:81 &gt;&gt;&gt;&gt; Method = getProperty] -- [Content = Searching for key &apos;data_source_url&apos; in [systemProperties]]
[2018-07-02 21:44:30.313] -- [DEBUG] -- [main &gt;&gt;&gt;&gt; PropertySourcesPropertyResolver.java:81 &gt;&gt;&gt;&gt; Method = getProperty] -- [Content = Searching for key &apos;data_source_url&apos; in [systemEnvironment]]
[2018-07-02 21:44:30.313] -- [DEBUG] -- [main &gt;&gt;&gt;&gt; PropertySourcesPropertyResolver.java:103 &gt;&gt;&gt;&gt; Method = getProperty] -- [Content = Could not find key &apos;data_source_url&apos; in any property source. Returning [null]]
[2018-07-02 21:44:30.314] -- [DEBUG] -- [main &gt;&gt;&gt;&gt; PropertySourcesPropertyResolver.java:81 &gt;&gt;&gt;&gt; Method = getProperty] -- [Content = Searching for key &apos;data_source_url&apos; in [localProperties]]
[2018-07-02 21:44:30.314] -- [DEBUG] -- [main &gt;&gt;&gt;&gt; PropertySourcesPropertyResolver.java:90 &gt;&gt;&gt;&gt; Method = getProperty] -- [Content = Found key &apos;data_source_url&apos; in [localProperties] with type [String] and value &apos;jdbc:mysql://localhost:3306/ssm?useUnicode=true&amp;characterEncoding=utf-8&amp;autoReconnect=true&amp;allowMultiQueries=true&apos;]
[2018-07-02 21:44:30.314] -- [TRACE] -- [main &gt;&gt;&gt;&gt; PropertyPlaceholderHelper.java:165 &gt;&gt;&gt;&gt; Method = parseStringValue] -- [Content = Resolved placeholder &apos;data_source_url&apos;]
[2018-07-02 21:44:30.314] -- [TRACE] -- [main &gt;&gt;&gt;&gt; PropertySourcesPropertyResolver.java:76 &gt;&gt;&gt;&gt; Method = getProperty] -- [Content = getProperty(&quot;data_source_username&quot;, String)]
[2018-07-02 21:44:30.314] -- [DEBUG] -- [main &gt;&gt;&gt;&gt; PropertySourcesPropertyResolver.java:81 &gt;&gt;&gt;&gt; Method = getProperty] -- [Content = Searching for key &apos;data_source_username&apos; in [environmentProperties]]
[2018-07-02 21:44:30.315] -- [TRACE] -- [main &gt;&gt;&gt;&gt; PropertySourcesPropertyResolver.java:76 &gt;&gt;&gt;&gt; Method = getProperty] -- [Content = getProperty(&quot;data_source_username&quot;, String)]
[2018-07-02 21:44:30.315] -- [DEBUG] -- [main &gt;&gt;&gt;&gt; PropertySourcesPropertyResolver.java:81 &gt;&gt;&gt;&gt; Method = getProperty] -- [Content = Searching for key &apos;data_source_username&apos; in [systemProperties]]
[2018-07-02 21:44:30.315] -- [DEBUG] -- [main &gt;&gt;&gt;&gt; PropertySourcesPropertyResolver.java:81 &gt;&gt;&gt;&gt; Method = getProperty] -- [Content = Searching for key &apos;data_source_username&apos; in [systemEnvironment]]
[2018-07-02 21:44:30.315] -- [DEBUG] -- [main &gt;&gt;&gt;&gt; PropertySourcesPropertyResolver.java:103 &gt;&gt;&gt;&gt; Method = getProperty] -- [Content = Could not find key &apos;data_source_username&apos; in any property source. Returning [null]]
[2018-07-02 21:44:30.315] -- [DEBUG] -- [main &gt;&gt;&gt;&gt; PropertySourcesPropertyResolver.java:81 &gt;&gt;&gt;&gt; Method = getProperty] -- [Content = Searching for key &apos;data_source_username&apos; in [localProperties]]
[2018-07-02 21:44:30.315] -- [DEBUG] -- [main &gt;&gt;&gt;&gt; PropertySourcesPropertyResolver.java:90 &gt;&gt;&gt;&gt; Method = getProperty] -- [Content = Found key &apos;data_source_username&apos; in [localProperties] with type [String] and value &apos;root &apos;]
[2018-07-02 21:44:30.316] -- [TRACE] -- [main &gt;&gt;&gt;&gt; PropertyPlaceholderHelper.java:165 &gt;&gt;&gt;&gt; Method = parseStringValue] -- [Content = Resolved placeholder &apos;data_source_username&apos;]
[2018-07-02 21:44:30.316] -- [TRACE] -- [main &gt;&gt;&gt;&gt; PropertySourcesPropertyResolver.java:76 &gt;&gt;&gt;&gt; Method = getProperty] -- [Content = getProperty(&quot;data_source_password&quot;, String)]
[2018-07-02 21:44:30.316] -- [DEBUG] -- [main &gt;&gt;&gt;&gt; PropertySourcesPropertyResolver.java:81 &gt;&gt;&gt;&gt; Method = getProperty] -- [Content = Searching for key &apos;data_source_password&apos; in [environmentProperties]]
[2018-07-02 21:44:30.316] -- [TRACE] -- [main &gt;&gt;&gt;&gt; PropertySourcesPropertyResolver.java:76 &gt;&gt;&gt;&gt; Method = getProperty] -- [Content = getProperty(&quot;data_source_password&quot;, String)]
[2018-07-02 21:44:30.316] -- [DEBUG] -- [main &gt;&gt;&gt;&gt; PropertySourcesPropertyResolver.java:81 &gt;&gt;&gt;&gt; Method = getProperty] -- [Content = Searching for key &apos;data_source_password&apos; in [systemProperties]]
[2018-07-02 21:44:30.317] -- [DEBUG] -- [main &gt;&gt;&gt;&gt; PropertySourcesPropertyResolver.java:81 &gt;&gt;&gt;&gt; Method = getProperty] -- [Content = Searching for key &apos;data_source_password&apos; in [systemEnvironment]]
[2018-07-02 21:44:30.317] -- [DEBUG] -- [main &gt;&gt;&gt;&gt; PropertySourcesPropertyResolver.java:103 &gt;&gt;&gt;&gt; Method = getProperty] -- [Content = Could not find key &apos;data_source_password&apos; in any property source. Returning [null]]
[2018-07-02 21:44:30.317] -- [DEBUG] -- [main &gt;&gt;&gt;&gt; PropertySourcesPropertyResolver.java:81 &gt;&gt;&gt;&gt; Method = getProperty] -- [Content = Searching for key &apos;data_source_password&apos; in [localProperties]]
[2018-07-02 21:44:30.317] -- [DEBUG] -- [main &gt;&gt;&gt;&gt; PropertySourcesPropertyResolver.java:90 &gt;&gt;&gt;&gt; Method = getProperty] -- [Content = Found key &apos;data_source_password&apos; in [localProperties] with type [String] and value &apos;123456&apos;]
[2018-07-02 21:44:30.317] -- [TRACE] -- [main &gt;&gt;&gt;&gt; PropertyPlaceholderHelper.java:165 &gt;&gt;&gt;&gt; Method = parseStringValue] -- [Content = Resolved placeholder &apos;data_source_password&apos;]
[2018-07-02 21:44:30.318] -- [TRACE] -- [main &gt;&gt;&gt;&gt; PropertySourcesPropertyResolver.java:76 &gt;&gt;&gt;&gt; Method = getProperty] -- [Content = getProperty(&quot;validation_query&quot;, String)]
[2018-07-02 21:44:30.318] -- [DEBUG] -- [main &gt;&gt;&gt;&gt; PropertySourcesPropertyResolver.java:81 &gt;&gt;&gt;&gt; Method = getProperty] -- [Content = Searching for key &apos;validation_query&apos; in [environmentProperties]]
[2018-07-02 21:44:30.318] -- [TRACE] -- [main &gt;&gt;&gt;&gt; PropertySourcesPropertyResolver.java:76 &gt;&gt;&gt;&gt; Method = getProperty] -- [Content = getProperty(&quot;validation_query&quot;, String)]
[2018-07-02 21:44:30.318] -- [DEBUG] -- [main &gt;&gt;&gt;&gt; PropertySourcesPropertyResolver.java:81 &gt;&gt;&gt;&gt; Method = getProperty] -- [Content = Searching for key &apos;validation_query&apos; in [systemProperties]]
[2018-07-02 21:44:30.318] -- [DEBUG] -- [main &gt;&gt;&gt;&gt; PropertySourcesPropertyResolver.java:81 &gt;&gt;&gt;&gt; Method = getProperty] -- [Content = Searching for key &apos;validation_query&apos; in [systemEnvironment]]
[2018-07-02 21:44:30.319] -- [DEBUG] -- [main &gt;&gt;&gt;&gt; PropertySourcesPropertyResolver.java:103 &gt;&gt;&gt;&gt; Method = getProperty] -- [Content = Could not find key &apos;validation_query&apos; in any property source. Returning [null]]
[2018-07-02 21:44:30.319] -- [DEBUG] -- [main &gt;&gt;&gt;&gt; PropertySourcesPropertyResolver.java:81 &gt;&gt;&gt;&gt; Method = getProperty] -- [Content = Searching for key &apos;validation_query&apos; in [localProperties]]
[2018-07-02 21:44:30.319] -- [DEBUG] -- [main &gt;&gt;&gt;&gt; PropertySourcesPropertyResolver.java:90 &gt;&gt;&gt;&gt; Method = getProperty] -- [Content = Found key &apos;validation_query&apos; in [localProperties] with type [String] and value &apos;SELECT 1&apos;]
[2018-07-02 21:44:30.319] -- [TRACE] -- [main &gt;&gt;&gt;&gt; PropertyPlaceholderHelper.java:165 &gt;&gt;&gt;&gt; Method = parseStringValue] -- [Content = Resolved placeholder &apos;validation_query&apos;]
[2018-07-02 21:44:30.320] -- [DEBUG] -- [main &gt;&gt;&gt;&gt; DefaultSingletonBeanRegistry.java:221 &gt;&gt;&gt;&gt; Method = getSingleton] -- [Content = Creating shared instance of singleton bean &apos;emBeanDefinitionRegistrarPostProcessor&apos;]
[2018-07-02 21:44:30.320] -- [DEBUG] -- [main &gt;&gt;&gt;&gt; AbstractAutowireCapableBeanFactory.java:448 &gt;&gt;&gt;&gt; Method = createBean] -- [Content = Creating instance of bean &apos;emBeanDefinitionRegistrarPostProcessor&apos;]
[2018-07-02 21:44:30.320] -- [DEBUG] -- [main &gt;&gt;&gt;&gt; AbstractAutowireCapableBeanFactory.java:529 &gt;&gt;&gt;&gt; Method = doCreateBean] -- [Content = Eagerly caching bean &apos;emBeanDefinitionRegistrarPostProcessor&apos; to allow for resolving potential circular references]
[2018-07-02 21:44:30.320] -- [DEBUG] -- [main &gt;&gt;&gt;&gt; AbstractAutowireCapableBeanFactory.java:484 &gt;&gt;&gt;&gt; Method = createBean] -- [Content = Finished creating instance of bean &apos;emBeanDefinitionRegistrarPostProcessor&apos;]
[2018-07-02 21:44:30.322] -- [DEBUG] -- [main &gt;&gt;&gt;&gt; DefaultSingletonBeanRegistry.java:221 &gt;&gt;&gt;&gt; Method = getSingleton] -- [Content = Creating shared instance of singleton bean &apos;org.springframework.context.annotation.internalAutowiredAnnotationProcessor&apos;]
[2018-07-02 21:44:30.322] -- [DEBUG] -- [main &gt;&gt;&gt;&gt; AbstractAutowireCapableBeanFactory.java:448 &gt;&gt;&gt;&gt; Method = createBean] -- [Content = Creating instance of bean &apos;org.springframework.context.annotation.internalAutowiredAnnotationProcessor&apos;]
[2018-07-02 21:44:30.322] -- [INFO] -- [main &gt;&gt;&gt;&gt; AutowiredAnnotationBeanPostProcessor.java:153 &gt;&gt;&gt;&gt; Method = &lt;init&gt;] -- [Content = JSR-330 &apos;javax.inject.Inject&apos; annotation found and supported for autowiring]
[2018-07-02 21:44:30.322] -- [DEBUG] -- [main &gt;&gt;&gt;&gt; AbstractAutowireCapableBeanFactory.java:529 &gt;&gt;&gt;&gt; Method = doCreateBean] -- [Content = Eagerly caching bean &apos;org.springframework.context.annotation.internalAutowiredAnnotationProcessor&apos; to allow for resolving potential circular references]
[2018-07-02 21:44:30.323] -- [DEBUG] -- [main &gt;&gt;&gt;&gt; AbstractAutowireCapableBeanFactory.java:484 &gt;&gt;&gt;&gt; Method = createBean] -- [Content = Finished creating instance of bean &apos;org.springframework.context.annotation.internalAutowiredAnnotationProcessor&apos;]
[2018-07-02 21:44:30.323] -- [DEBUG] -- [main &gt;&gt;&gt;&gt; DefaultSingletonBeanRegistry.java:221 &gt;&gt;&gt;&gt; Method = getSingleton] -- [Content = Creating shared instance of singleton bean &apos;org.springframework.context.annotation.internalRequiredAnnotationProcessor&apos;]
[2018-07-02 21:44:30.323] -- [DEBUG] -- [main &gt;&gt;&gt;&gt; AbstractAutowireCapableBeanFactory.java:448 &gt;&gt;&gt;&gt; Method = createBean] -- [Content = Creating instance of bean &apos;org.springframework.context.annotation.internalRequiredAnnotationProcessor&apos;]
[2018-07-02 21:44:30.323] -- [DEBUG] -- [main &gt;&gt;&gt;&gt; AbstractAutowireCapableBeanFactory.java:529 &gt;&gt;&gt;&gt; Method = doCreateBean] -- [Content = Eagerly caching bean &apos;org.springframework.context.annotation.internalRequiredAnnotationProcessor&apos; to allow for resolving potential circular references]
[2018-07-02 21:44:30.323] -- [DEBUG] -- [main &gt;&gt;&gt;&gt; AbstractAutowireCapableBeanFactory.java:484 &gt;&gt;&gt;&gt; Method = createBean] -- [Content = Finished creating instance of bean &apos;org.springframework.context.annotation.internalRequiredAnnotationProcessor&apos;]
[2018-07-02 21:44:30.323] -- [DEBUG] -- [main &gt;&gt;&gt;&gt; DefaultSingletonBeanRegistry.java:221 &gt;&gt;&gt;&gt; Method = getSingleton] -- [Content = Creating shared instance of singleton bean &apos;org.springframework.context.annotation.internalCommonAnnotationProcessor&apos;]
[2018-07-02 21:44:30.323] -- [DEBUG] -- [main &gt;&gt;&gt;&gt; AbstractAutowireCapableBeanFactory.java:448 &gt;&gt;&gt;&gt; Method = createBean] -- [Content = Creating instance of bean &apos;org.springframework.context.annotation.internalCommonAnnotationProcessor&apos;]
[2018-07-02 21:44:30.324] -- [DEBUG] -- [main &gt;&gt;&gt;&gt; AbstractAutowireCapableBeanFactory.java:529 &gt;&gt;&gt;&gt; Method = doCreateBean] -- [Content = Eagerly caching bean &apos;org.springframework.context.annotation.internalCommonAnnotationProcessor&apos; to allow for resolving potential circular references]
[2018-07-02 21:44:30.324] -- [DEBUG] -- [main &gt;&gt;&gt;&gt; AbstractAutowireCapableBeanFactory.java:484 &gt;&gt;&gt;&gt; Method = createBean] -- [Content = Finished creating instance of bean &apos;org.springframework.context.annotation.internalCommonAnnotationProcessor&apos;]
[2018-07-02 21:44:30.324] -- [DEBUG] -- [main &gt;&gt;&gt;&gt; DefaultSingletonBeanRegistry.java:221 &gt;&gt;&gt;&gt; Method = getSingleton] -- [Content = Creating shared instance of singleton bean &apos;org.springframework.context.annotation.internalPersistenceAnnotationProcessor&apos;]
[2018-07-02 21:44:30.324] -- [DEBUG] -- [main &gt;&gt;&gt;&gt; AbstractAutowireCapableBeanFactory.java:448 &gt;&gt;&gt;&gt; Method = createBean] -- [Content = Creating instance of bean &apos;org.springframework.context.annotation.internalPersistenceAnnotationProcessor&apos;]
[2018-07-02 21:44:30.324] -- [DEBUG] -- [main &gt;&gt;&gt;&gt; AbstractAutowireCapableBeanFactory.java:529 &gt;&gt;&gt;&gt; Method = doCreateBean] -- [Content = Eagerly caching bean &apos;org.springframework.context.annotation.internalPersistenceAnnotationProcessor&apos; to allow for resolving potential circular references]
[2018-07-02 21:44:30.325] -- [DEBUG] -- [main &gt;&gt;&gt;&gt; AbstractAutowireCapableBeanFactory.java:484 &gt;&gt;&gt;&gt; Method = createBean] -- [Content = Finished creating instance of bean &apos;org.springframework.context.annotation.internalPersistenceAnnotationProcessor&apos;]
[2018-07-02 21:44:30.325] -- [DEBUG] -- [main &gt;&gt;&gt;&gt; DefaultSingletonBeanRegistry.java:221 &gt;&gt;&gt;&gt; Method = getSingleton] -- [Content = Creating shared instance of singleton bean &apos;org.springframework.data.repository.core.support.RepositoryFactoryBeanSupport_Predictor&apos;]
[2018-07-02 21:44:30.325] -- [DEBUG] -- [main &gt;&gt;&gt;&gt; AbstractAutowireCapableBeanFactory.java:448 &gt;&gt;&gt;&gt; Method = createBean] -- [Content = Creating instance of bean &apos;org.springframework.data.repository.core.support.RepositoryFactoryBeanSupport_Predictor&apos;]
[2018-07-02 21:44:30.326] -- [TRACE] -- [main &gt;&gt;&gt;&gt; TypeConverterDelegate.java:434 &gt;&gt;&gt;&gt; Method = doConvertValue] -- [Content = Converting String to [class java.lang.Class] using property editor [org.springframework.beans.propertyeditors.ClassEditor@a486d78]]
[2018-07-02 21:44:30.326] -- [TRACE] -- [main &gt;&gt;&gt;&gt; TypeConverterDelegate.java:434 &gt;&gt;&gt;&gt; Method = doConvertValue] -- [Content = Converting String to [class [Ljava.lang.String;] using property editor [org.springframework.beans.propertyeditors.StringArrayPropertyEditor@7ef2d7a6]]
[2018-07-02 21:44:30.327] -- [DEBUG] -- [main &gt;&gt;&gt;&gt; AbstractAutowireCapableBeanFactory.java:529 &gt;&gt;&gt;&gt; Method = doCreateBean] -- [Content = Eagerly caching bean &apos;org.springframework.data.repository.core.support.RepositoryFactoryBeanSupport_Predictor&apos; to allow for resolving potential circular references]
[2018-07-02 21:44:30.327] -- [DEBUG] -- [main &gt;&gt;&gt;&gt; AbstractAutowireCapableBeanFactory.java:484 &gt;&gt;&gt;&gt; Method = createBean] -- [Content = Finished creating instance of bean &apos;org.springframework.data.repository.core.support.RepositoryFactoryBeanSupport_Predictor&apos;]
[2018-07-02 21:44:30.327] -- [DEBUG] -- [main &gt;&gt;&gt;&gt; DefaultSingletonBeanRegistry.java:221 &gt;&gt;&gt;&gt; Method = getSingleton] -- [Content = Creating shared instance of singleton bean &apos;org.springframework.context.annotation.ConfigurationClassPostProcessor.importAwareProcessor&apos;]
[2018-07-02 21:44:30.327] -- [DEBUG] -- [main &gt;&gt;&gt;&gt; AbstractAutowireCapableBeanFactory.java:448 &gt;&gt;&gt;&gt; Method = createBean] -- [Content = Creating instance of bean &apos;org.springframework.context.annotation.ConfigurationClassPostProcessor.importAwareProcessor&apos;]
[2018-07-02 21:44:30.327] -- [DEBUG] -- [main &gt;&gt;&gt;&gt; AbstractAutowireCapableBeanFactory.java:529 &gt;&gt;&gt;&gt; Method = doCreateBean] -- [Content = Eagerly caching bean &apos;org.springframework.context.annotation.ConfigurationClassPostProcessor.importAwareProcessor&apos; to allow for resolving potential circular references]
[2018-07-02 21:44:30.327] -- [DEBUG] -- [main &gt;&gt;&gt;&gt; AbstractAutowireCapableBeanFactory.java:484 &gt;&gt;&gt;&gt; Method = createBean] -- [Content = Finished creating instance of bean &apos;org.springframework.context.annotation.ConfigurationClassPostProcessor.importAwareProcessor&apos;]
[2018-07-02 21:44:30.327] -- [DEBUG] -- [main &gt;&gt;&gt;&gt; DefaultSingletonBeanRegistry.java:221 &gt;&gt;&gt;&gt; Method = getSingleton] -- [Content = Creating shared instance of singleton bean &apos;org.springframework.context.annotation.ConfigurationClassPostProcessor.enhancedConfigurationProcessor&apos;]
[2018-07-02 21:44:30.327] -- [DEBUG] -- [main &gt;&gt;&gt;&gt; AbstractAutowireCapableBeanFactory.java:448 &gt;&gt;&gt;&gt; Method = createBean] -- [Content = Creating instance of bean &apos;org.springframework.context.annotation.ConfigurationClassPostProcessor.enhancedConfigurationProcessor&apos;]
[2018-07-02 21:44:30.328] -- [DEBUG] -- [main &gt;&gt;&gt;&gt; AbstractAutowireCapableBeanFactory.java:529 &gt;&gt;&gt;&gt; Method = doCreateBean] -- [Content = Eagerly caching bean &apos;org.springframework.context.annotation.ConfigurationClassPostProcessor.enhancedConfigurationProcessor&apos; to allow for resolving potential circular references]
[2018-07-02 21:44:30.328] -- [DEBUG] -- [main &gt;&gt;&gt;&gt; AbstractAutowireCapableBeanFactory.java:484 &gt;&gt;&gt;&gt; Method = createBean] -- [Content = Finished creating instance of bean &apos;org.springframework.context.annotation.ConfigurationClassPostProcessor.enhancedConfigurationProcessor&apos;]
[2018-07-02 21:44:30.328] -- [DEBUG] -- [main &gt;&gt;&gt;&gt; DefaultSingletonBeanRegistry.java:221 &gt;&gt;&gt;&gt; Method = getSingleton] -- [Content = Creating shared instance of singleton bean &apos;org.springframework.aop.config.internalAutoProxyCreator&apos;]
[2018-07-02 21:44:30.328] -- [DEBUG] -- [main &gt;&gt;&gt;&gt; AbstractAutowireCapableBeanFactory.java:448 &gt;&gt;&gt;&gt; Method = createBean] -- [Content = Creating instance of bean &apos;org.springframework.aop.config.internalAutoProxyCreator&apos;]
[2018-07-02 21:44:30.328] -- [DEBUG] -- [main &gt;&gt;&gt;&gt; AbstractAutowireCapableBeanFactory.java:529 &gt;&gt;&gt;&gt; Method = doCreateBean] -- [Content = Eagerly caching bean &apos;org.springframework.aop.config.internalAutoProxyCreator&apos; to allow for resolving potential circular references]
[2018-07-02 21:44:30.329] -- [TRACE] -- [main &gt;&gt;&gt;&gt; CachedIntrospectionResults.java:265 &gt;&gt;&gt;&gt; Method = &lt;init&gt;] -- [Content = Getting BeanInfo for class [org.springframework.aop.aspectj.autoproxy.AspectJAwareAdvisorAutoProxyCreator]]
[2018-07-02 21:44:30.329] -- [TRACE] -- [main &gt;&gt;&gt;&gt; CachedIntrospectionResults.java:284 &gt;&gt;&gt;&gt; Method = &lt;init&gt;] -- [Content = Caching PropertyDescriptors for class [org.springframework.aop.aspectj.autoproxy.AspectJAwareAdvisorAutoProxyCreator]]
[2018-07-02 21:44:30.329] -- [TRACE] -- [main &gt;&gt;&gt;&gt; CachedIntrospectionResults.java:297 &gt;&gt;&gt;&gt; Method = &lt;init&gt;] -- [Content = Found bean property &apos;advisorAdapterRegistry&apos; of type [org.springframework.aop.framework.adapter.AdvisorAdapterRegistry]]
[2018-07-02 21:44:30.329] -- [TRACE] -- [main &gt;&gt;&gt;&gt; CachedIntrospectionResults.java:297 &gt;&gt;&gt;&gt; Method = &lt;init&gt;] -- [Content = Found bean property &apos;applyCommonInterceptorsFirst&apos; of type [boolean]]
[2018-07-02 21:44:30.329] -- [TRACE] -- [main &gt;&gt;&gt;&gt; CachedIntrospectionResults.java:297 &gt;&gt;&gt;&gt; Method = &lt;init&gt;] -- [Content = Found bean property &apos;beanClassLoader&apos; of type [java.lang.ClassLoader]]
[2018-07-02 21:44:30.329] -- [TRACE] -- [main &gt;&gt;&gt;&gt; CachedIntrospectionResults.java:297 &gt;&gt;&gt;&gt; Method = &lt;init&gt;] -- [Content = Found bean property &apos;beanFactory&apos; of type [org.springframework.beans.factory.BeanFactory]]
[2018-07-02 21:44:30.329] -- [TRACE] -- [main &gt;&gt;&gt;&gt; CachedIntrospectionResults.java:297 &gt;&gt;&gt;&gt; Method = &lt;init&gt;] -- [Content = Found bean property &apos;class&apos; of type [java.lang.Class]]
[2018-07-02 21:44:30.330] -- [TRACE] -- [main &gt;&gt;&gt;&gt; CachedIntrospectionResults.java:297 &gt;&gt;&gt;&gt; Method = &lt;init&gt;] -- [Content = Found bean property &apos;customTargetSourceCreators&apos; of type [[Lorg.springframework.aop.framework.autoproxy.TargetSourceCreator;]]
[2018-07-02 21:44:30.330] -- [TRACE] -- [main &gt;&gt;&gt;&gt; CachedIntrospectionResults.java:297 &gt;&gt;&gt;&gt; Method = &lt;init&gt;] -- [Content = Found bean property &apos;exposeProxy&apos; of type [boolean]]
[2018-07-02 21:44:30.330] -- [TRACE] -- [main &gt;&gt;&gt;&gt; CachedIntrospectionResults.java:297 &gt;&gt;&gt;&gt; Method = &lt;init&gt;] -- [Content = Found bean property &apos;frozen&apos; of type [boolean]]
[2018-07-02 21:44:30.330] -- [TRACE] -- [main &gt;&gt;&gt;&gt; CachedIntrospectionResults.java:297 &gt;&gt;&gt;&gt; Method = &lt;init&gt;] -- [Content = Found bean property &apos;interceptorNames&apos; of type [[Ljava.lang.String;]]
[2018-07-02 21:44:30.330] -- [TRACE] -- [main &gt;&gt;&gt;&gt; CachedIntrospectionResults.java:297 &gt;&gt;&gt;&gt; Method = &lt;init&gt;] -- [Content = Found bean property &apos;opaque&apos; of type [boolean]]
[2018-07-02 21:44:30.330] -- [TRACE] -- [main &gt;&gt;&gt;&gt; CachedIntrospectionResults.java:297 &gt;&gt;&gt;&gt; Method = &lt;init&gt;] -- [Content = Found bean property &apos;optimize&apos; of type [boolean]]
[2018-07-02 21:44:30.330] -- [TRACE] -- [main &gt;&gt;&gt;&gt; CachedIntrospectionResults.java:297 &gt;&gt;&gt;&gt; Method = &lt;init&gt;] -- [Content = Found bean property &apos;order&apos; of type [int]]
[2018-07-02 21:44:30.330] -- [TRACE] -- [main &gt;&gt;&gt;&gt; CachedIntrospectionResults.java:297 &gt;&gt;&gt;&gt; Method = &lt;init&gt;] -- [Content = Found bean property &apos;proxyClassLoader&apos; of type [java.lang.ClassLoader]]
[2018-07-02 21:44:30.331] -- [TRACE] -- [main &gt;&gt;&gt;&gt; CachedIntrospectionResults.java:297 &gt;&gt;&gt;&gt; Method = &lt;init&gt;] -- [Content = Found bean property &apos;proxyTargetClass&apos; of type [boolean]]
[2018-07-02 21:44:30.331] -- [DEBUG] -- [main &gt;&gt;&gt;&gt; AbstractAutowireCapableBeanFactory.java:484 &gt;&gt;&gt;&gt; Method = createBean] -- [Content = Finished creating instance of bean &apos;org.springframework.aop.config.internalAutoProxyCreator&apos;]
[2018-07-02 21:44:30.331] -- [DEBUG] -- [main &gt;&gt;&gt;&gt; AbstractApplicationContext.java:718 &gt;&gt;&gt;&gt; Method = initMessageSource] -- [Content = Unable to locate MessageSource with name &apos;messageSource&apos;: using default [org.springframework.context.support.DelegatingMessageSource@5dcbb60]]
[2018-07-02 21:44:30.331] -- [DEBUG] -- [main &gt;&gt;&gt;&gt; AbstractApplicationContext.java:742 &gt;&gt;&gt;&gt; Method = initApplicationEventMulticaster] -- [Content = Unable to locate ApplicationEventMulticaster with name &apos;applicationEventMulticaster&apos;: using default [org.springframework.context.event.SimpleApplicationEventMulticaster@4c36250e]]
[2018-07-02 21:44:30.332] -- [DEBUG] -- [main &gt;&gt;&gt;&gt; DefaultSingletonBeanRegistry.java:221 &gt;&gt;&gt;&gt; Method = getSingleton] -- [Content = Creating shared instance of singleton bean &apos;entityManagerFactory&apos;]
[2018-07-02 21:44:30.332] -- [DEBUG] -- [main &gt;&gt;&gt;&gt; AbstractAutowireCapableBeanFactory.java:448 &gt;&gt;&gt;&gt; Method = createBean] -- [Content = Creating instance of bean &apos;entityManagerFactory&apos;]
[2018-07-02 21:44:30.332] -- [DEBUG] -- [main &gt;&gt;&gt;&gt; DefaultSingletonBeanRegistry.java:221 &gt;&gt;&gt;&gt; Method = getSingleton] -- [Content = Creating shared instance of singleton bean &apos;org.springframework.aop.support.DefaultBeanFactoryPointcutAdvisor#0&apos;]
[2018-07-02 21:44:30.332] -- [DEBUG] -- [main &gt;&gt;&gt;&gt; AbstractAutowireCapableBeanFactory.java:448 &gt;&gt;&gt;&gt; Method = createBean] -- [Content = Creating instance of bean &apos;org.springframework.aop.support.DefaultBeanFactoryPointcutAdvisor#0&apos;]
[2018-07-02 21:44:30.332] -- [TRACE] -- [main &gt;&gt;&gt;&gt; AbstractAutoProxyCreator.java:376 &gt;&gt;&gt;&gt; Method = isInfrastructureClass] -- [Content = Did not attempt to auto-proxy infrastructure class [org.springframework.aop.support.DefaultBeanFactoryPointcutAdvisor]]
[2018-07-02 21:44:30.333] -- [DEBUG] -- [main &gt;&gt;&gt;&gt; AbstractAutowireCapableBeanFactory.java:529 &gt;&gt;&gt;&gt; Method = doCreateBean] -- [Content = Eagerly caching bean &apos;org.springframework.aop.support.DefaultBeanFactoryPointcutAdvisor#0&apos; to allow for resolving potential circular references]
[2018-07-02 21:44:30.333] -- [TRACE] -- [main &gt;&gt;&gt;&gt; CachedIntrospectionResults.java:265 &gt;&gt;&gt;&gt; Method = &lt;init&gt;] -- [Content = Getting BeanInfo for class [org.springframework.aop.support.DefaultBeanFactoryPointcutAdvisor]]
[2018-07-02 21:44:30.333] -- [TRACE] -- [main &gt;&gt;&gt;&gt; CachedIntrospectionResults.java:284 &gt;&gt;&gt;&gt; Method = &lt;init&gt;] -- [Content = Caching PropertyDescriptors for class [org.springframework.aop.support.DefaultBeanFactoryPointcutAdvisor]]
[2018-07-02 21:44:30.333] -- [TRACE] -- [main &gt;&gt;&gt;&gt; CachedIntrospectionResults.java:297 &gt;&gt;&gt;&gt; Method = &lt;init&gt;] -- [Content = Found bean property &apos;advice&apos; of type [org.aopalliance.aop.Advice]]
[2018-07-02 21:44:30.333] -- [TRACE] -- [main &gt;&gt;&gt;&gt; CachedIntrospectionResults.java:297 &gt;&gt;&gt;&gt; Method = &lt;init&gt;] -- [Content = Found bean property &apos;adviceBeanName&apos; of type [java.lang.String]]
[2018-07-02 21:44:30.333] -- [TRACE] -- [main &gt;&gt;&gt;&gt; CachedIntrospectionResults.java:297 &gt;&gt;&gt;&gt; Method = &lt;init&gt;] -- [Content = Found bean property &apos;beanFactory&apos; of type [org.springframework.beans.factory.BeanFactory]]
[2018-07-02 21:44:30.334] -- [TRACE] -- [main &gt;&gt;&gt;&gt; CachedIntrospectionResults.java:297 &gt;&gt;&gt;&gt; Method = &lt;init&gt;] -- [Content = Found bean property &apos;class&apos; of type [java.lang.Class]]
[2018-07-02 21:44:30.334] -- [TRACE] -- [main &gt;&gt;&gt;&gt; CachedIntrospectionResults.java:297 &gt;&gt;&gt;&gt; Method = &lt;init&gt;] -- [Content = Found bean property &apos;order&apos; of type [int]]
[2018-07-02 21:44:30.334] -- [TRACE] -- [main &gt;&gt;&gt;&gt; CachedIntrospectionResults.java:297 &gt;&gt;&gt;&gt; Method = &lt;init&gt;] -- [Content = Found bean property &apos;perInstance&apos; of type [boolean]]
[2018-07-02 21:44:30.334] -- [TRACE] -- [main &gt;&gt;&gt;&gt; CachedIntrospectionResults.java:297 &gt;&gt;&gt;&gt; Method = &lt;init&gt;] -- [Content = Found bean property &apos;pointcut&apos; of type [org.springframework.aop.Pointcut]]
[2018-07-02 21:44:30.334] -- [DEBUG] -- [main &gt;&gt;&gt;&gt; AbstractAutowireCapableBeanFactory.java:448 &gt;&gt;&gt;&gt; Method = createBean] -- [Content = Creating instance of bean &apos;druid-stat-pointcut&apos;]
[2018-07-02 21:44:30.334] -- [DEBUG] -- [main &gt;&gt;&gt;&gt; BeanFactoryAdvisorRetrievalHelper.java:87 &gt;&gt;&gt;&gt; Method = findAdvisorBeans] -- [Content = Skipping currently created advisor &apos;org.springframework.aop.support.DefaultBeanFactoryPointcutAdvisor#0&apos;]
[2018-07-02 21:44:30.335] -- [DEBUG] -- [main &gt;&gt;&gt;&gt; DefaultSingletonBeanRegistry.java:221 &gt;&gt;&gt;&gt; Method = getSingleton] -- [Content = Creating shared instance of singleton bean &apos;org.springframework.aop.support.DefaultBeanFactoryPointcutAdvisor#1&apos;]
[2018-07-02 21:44:30.335] -- [DEBUG] -- [main &gt;&gt;&gt;&gt; AbstractAutowireCapableBeanFactory.java:448 &gt;&gt;&gt;&gt; Method = createBean] -- [Content = Creating instance of bean &apos;org.springframework.aop.support.DefaultBeanFactoryPointcutAdvisor#1&apos;]
[2018-07-02 21:44:30.335] -- [TRACE] -- [main &gt;&gt;&gt;&gt; AbstractAutoProxyCreator.java:376 &gt;&gt;&gt;&gt; Method = isInfrastructureClass] -- [Content = Did not attempt to auto-proxy infrastructure class [org.springframework.aop.support.DefaultBeanFactoryPointcutAdvisor]]
[2018-07-02 21:44:30.335] -- [DEBUG] -- [main &gt;&gt;&gt;&gt; AbstractAutowireCapableBeanFactory.java:529 &gt;&gt;&gt;&gt; Method = doCreateBean] -- [Content = Eagerly caching bean &apos;org.springframework.aop.support.DefaultBeanFactoryPointcutAdvisor#1&apos; to allow for resolving potential circular references]
[2018-07-02 21:44:30.335] -- [DEBUG] -- [main &gt;&gt;&gt;&gt; AbstractAutowireCapableBeanFactory.java:448 &gt;&gt;&gt;&gt; Method = createBean] -- [Content = Creating instance of bean &apos;transactionPointcut&apos;]
[2018-07-02 21:44:30.336] -- [TRACE] -- [main &gt;&gt;&gt;&gt; CachedIntrospectionResults.java:265 &gt;&gt;&gt;&gt; Method = &lt;init&gt;] -- [Content = Getting BeanInfo for class [org.springframework.aop.aspectj.AspectJExpressionPointcut]]
[2018-07-02 21:44:30.336] -- [TRACE] -- [main &gt;&gt;&gt;&gt; CachedIntrospectionResults.java:284 &gt;&gt;&gt;&gt; Method = &lt;init&gt;] -- [Content = Caching PropertyDescriptors for class [org.springframework.aop.aspectj.AspectJExpressionPointcut]]
[2018-07-02 21:44:30.336] -- [TRACE] -- [main &gt;&gt;&gt;&gt; CachedIntrospectionResults.java:297 &gt;&gt;&gt;&gt; Method = &lt;init&gt;] -- [Content = Found bean property &apos;beanFactory&apos; of type [org.springframework.beans.factory.BeanFactory]]
[2018-07-02 21:44:30.336] -- [TRACE] -- [main &gt;&gt;&gt;&gt; CachedIntrospectionResults.java:297 &gt;&gt;&gt;&gt; Method = &lt;init&gt;] -- [Content = Found bean property &apos;class&apos; of type [java.lang.Class]]
[2018-07-02 21:44:30.337] -- [TRACE] -- [main &gt;&gt;&gt;&gt; CachedIntrospectionResults.java:297 &gt;&gt;&gt;&gt; Method = &lt;init&gt;] -- [Content = Found bean property &apos;classFilter&apos; of type [org.springframework.aop.ClassFilter]]
[2018-07-02 21:44:30.337] -- [TRACE] -- [main &gt;&gt;&gt;&gt; CachedIntrospectionResults.java:297 &gt;&gt;&gt;&gt; Method = &lt;init&gt;] -- [Content = Found bean property &apos;expression&apos; of type [java.lang.String]]
[2018-07-02 21:44:30.337] -- [TRACE] -- [main &gt;&gt;&gt;&gt; CachedIntrospectionResults.java:297 &gt;&gt;&gt;&gt; Method = &lt;init&gt;] -- [Content = Found bean property &apos;location&apos; of type [java.lang.String]]
[2018-07-02 21:44:30.337] -- [TRACE] -- [main &gt;&gt;&gt;&gt; CachedIntrospectionResults.java:297 &gt;&gt;&gt;&gt; Method = &lt;init&gt;] -- [Content = Found bean property &apos;methodMatcher&apos; of type [org.springframework.aop.MethodMatcher]]
[2018-07-02 21:44:30.337] -- [TRACE] -- [main &gt;&gt;&gt;&gt; CachedIntrospectionResults.java:297 &gt;&gt;&gt;&gt; Method = &lt;init&gt;] -- [Content = Found bean property &apos;parameterNames&apos; of type [[Ljava.lang.String;]]
[2018-07-02 21:44:30.337] -- [TRACE] -- [main &gt;&gt;&gt;&gt; CachedIntrospectionResults.java:297 &gt;&gt;&gt;&gt; Method = &lt;init&gt;] -- [Content = Found bean property &apos;parameterTypes&apos; of type [[Ljava.lang.Class;]]
[2018-07-02 21:44:30.338] -- [TRACE] -- [main &gt;&gt;&gt;&gt; CachedIntrospectionResults.java:297 &gt;&gt;&gt;&gt; Method = &lt;init&gt;] -- [Content = Found bean property &apos;pointcutDeclarationScope&apos; of type [java.lang.Class]]
[2018-07-02 21:44:30.338] -- [TRACE] -- [main &gt;&gt;&gt;&gt; CachedIntrospectionResults.java:297 &gt;&gt;&gt;&gt; Method = &lt;init&gt;] -- [Content = Found bean property &apos;pointcutExpression&apos; of type [org.aspectj.weaver.tools.PointcutExpression]]
[2018-07-02 21:44:30.338] -- [TRACE] -- [main &gt;&gt;&gt;&gt; CachedIntrospectionResults.java:297 &gt;&gt;&gt;&gt; Method = &lt;init&gt;] -- [Content = Found bean property &apos;runtime&apos; of type [boolean]]
[2018-07-02 21:44:30.338] -- [DEBUG] -- [main &gt;&gt;&gt;&gt; AbstractAutowireCapableBeanFactory.java:484 &gt;&gt;&gt;&gt; Method = createBean] -- [Content = Finished creating instance of bean &apos;transactionPointcut&apos;]
[2018-07-02 21:44:30.338] -- [DEBUG] -- [main &gt;&gt;&gt;&gt; AbstractAutowireCapableBeanFactory.java:484 &gt;&gt;&gt;&gt; Method = createBean] -- [Content = Finished creating instance of bean &apos;org.springframework.aop.support.DefaultBeanFactoryPointcutAdvisor#1&apos;]
[2018-07-02 21:44:30.339] -- [TRACE] -- [main &gt;&gt;&gt;&gt; CachedIntrospectionResults.java:265 &gt;&gt;&gt;&gt; Method = &lt;init&gt;] -- [Content = Getting BeanInfo for class [org.springframework.aop.support.JdkRegexpMethodPointcut]]
[2018-07-02 21:44:30.339] -- [TRACE] -- [main &gt;&gt;&gt;&gt; CachedIntrospectionResults.java:284 &gt;&gt;&gt;&gt; Method = &lt;init&gt;] -- [Content = Caching PropertyDescriptors for class [org.springframework.aop.support.JdkRegexpMethodPointcut]]
[2018-07-02 21:44:30.339] -- [TRACE] -- [main &gt;&gt;&gt;&gt; CachedIntrospectionResults.java:297 &gt;&gt;&gt;&gt; Method = &lt;init&gt;] -- [Content = Found bean property &apos;class&apos; of type [java.lang.Class]]
[2018-07-02 21:44:30.339] -- [TRACE] -- [main &gt;&gt;&gt;&gt; CachedIntrospectionResults.java:297 &gt;&gt;&gt;&gt; Method = &lt;init&gt;] -- [Content = Found bean property &apos;classFilter&apos; of type [org.springframework.aop.ClassFilter]]
[2018-07-02 21:44:30.340] -- [TRACE] -- [main &gt;&gt;&gt;&gt; CachedIntrospectionResults.java:297 &gt;&gt;&gt;&gt; Method = &lt;init&gt;] -- [Content = Found bean property &apos;excludedPattern&apos; of type [java.lang.String]]
[2018-07-02 21:44:30.340] -- [TRACE] -- [main &gt;&gt;&gt;&gt; CachedIntrospectionResults.java:297 &gt;&gt;&gt;&gt; Method = &lt;init&gt;] -- [Content = Found bean property &apos;excludedPatterns&apos; of type [[Ljava.lang.String;]]
[2018-07-02 21:44:30.340] -- [TRACE] -- [main &gt;&gt;&gt;&gt; CachedIntrospectionResults.java:297 &gt;&gt;&gt;&gt; Method = &lt;init&gt;] -- [Content = Found bean property &apos;methodMatcher&apos; of type [org.springframework.aop.MethodMatcher]]
[2018-07-02 21:44:30.340] -- [TRACE] -- [main &gt;&gt;&gt;&gt; CachedIntrospectionResults.java:297 &gt;&gt;&gt;&gt; Method = &lt;init&gt;] -- [Content = Found bean property &apos;pattern&apos; of type [java.lang.String]]
[2018-07-02 21:44:30.340] -- [TRACE] -- [main &gt;&gt;&gt;&gt; CachedIntrospectionResults.java:297 &gt;&gt;&gt;&gt; Method = &lt;init&gt;] -- [Content = Found bean property &apos;patterns&apos; of type [[Ljava.lang.String;]]
[2018-07-02 21:44:30.340] -- [TRACE] -- [main &gt;&gt;&gt;&gt; CachedIntrospectionResults.java:297 &gt;&gt;&gt;&gt; Method = &lt;init&gt;] -- [Content = Found bean property &apos;runtime&apos; of type [boolean]]
[2018-07-02 21:44:30.341] -- [DEBUG] -- [main &gt;&gt;&gt;&gt; BeanFactoryAdvisorRetrievalHelper.java:87 &gt;&gt;&gt;&gt; Method = findAdvisorBeans] -- [Content = Skipping currently created advisor &apos;org.springframework.aop.support.DefaultBeanFactoryPointcutAdvisor#0&apos;]
[2018-07-02 21:44:30.341] -- [DEBUG] -- [main &gt;&gt;&gt;&gt; AbstractBeanFactory.java:251 &gt;&gt;&gt;&gt; Method = doGetBean] -- [Content = Returning cached instance of singleton bean &apos;org.springframework.aop.support.DefaultBeanFactoryPointcutAdvisor#1&apos;]
[2018-07-02 21:44:30.341] -- [DEBUG] -- [main &gt;&gt;&gt;&gt; BeanFactoryAdvisorRetrievalHelper.java:87 &gt;&gt;&gt;&gt; Method = findAdvisorBeans] -- [Content = Skipping currently created advisor &apos;org.springframework.aop.support.DefaultBeanFactoryPointcutAdvisor#0&apos;]
[2018-07-02 21:44:30.341] -- [DEBUG] -- [main &gt;&gt;&gt;&gt; AbstractBeanFactory.java:251 &gt;&gt;&gt;&gt; Method = doGetBean] -- [Content = Returning cached instance of singleton bean &apos;org.springframework.aop.support.DefaultBeanFactoryPointcutAdvisor#1&apos;]
[2018-07-02 21:44:30.345] -- [DEBUG] -- [main &gt;&gt;&gt;&gt; AbstractAutowireCapableBeanFactory.java:484 &gt;&gt;&gt;&gt; Method = createBean] -- [Content = Finished creating instance of bean &apos;druid-stat-pointcut&apos;]
[2018-07-02 21:44:30.346] -- [DEBUG] -- [main &gt;&gt;&gt;&gt; AbstractAutowireCapableBeanFactory.java:484 &gt;&gt;&gt;&gt; Method = createBean] -- [Content = Finished creating instance of bean &apos;org.springframework.aop.support.DefaultBeanFactoryPointcutAdvisor#0&apos;]
[2018-07-02 21:44:30.346] -- [DEBUG] -- [main &gt;&gt;&gt;&gt; AbstractBeanFactory.java:251 &gt;&gt;&gt;&gt; Method = doGetBean] -- [Content = Returning cached instance of singleton bean &apos;org.springframework.aop.support.DefaultBeanFactoryPointcutAdvisor#1&apos;]
[2018-07-02 21:44:30.347] -- [DEBUG] -- [main &gt;&gt;&gt;&gt; AbstractAutowireCapableBeanFactory.java:529 &gt;&gt;&gt;&gt; Method = doCreateBean] -- [Content = Eagerly caching bean &apos;entityManagerFactory&apos; to allow for resolving potential circular references]
[2018-07-02 21:44:30.347] -- [TRACE] -- [main &gt;&gt;&gt;&gt; CachedIntrospectionResults.java:265 &gt;&gt;&gt;&gt; Method = &lt;init&gt;] -- [Content = Getting BeanInfo for class [org.springframework.orm.jpa.LocalContainerEntityManagerFactoryBean]]
[2018-07-02 21:44:30.347] -- [TRACE] -- [main &gt;&gt;&gt;&gt; CachedIntrospectionResults.java:284 &gt;&gt;&gt;&gt; Method = &lt;init&gt;] -- [Content = Caching PropertyDescriptors for class [org.springframework.orm.jpa.LocalContainerEntityManagerFactoryBean]]
[2018-07-02 21:44:30.347] -- [TRACE] -- [main &gt;&gt;&gt;&gt; CachedIntrospectionResults.java:297 &gt;&gt;&gt;&gt; Method = &lt;init&gt;] -- [Content = Found bean property &apos;beanClassLoader&apos; of type [java.lang.ClassLoader]]
[2018-07-02 21:44:30.347] -- [TRACE] -- [main &gt;&gt;&gt;&gt; CachedIntrospectionResults.java:297 &gt;&gt;&gt;&gt; Method = &lt;init&gt;] -- [Content = Found bean property &apos;beanFactory&apos; of type [org.springframework.beans.factory.BeanFactory]]
[2018-07-02 21:44:30.347] -- [TRACE] -- [main &gt;&gt;&gt;&gt; CachedIntrospectionResults.java:297 &gt;&gt;&gt;&gt; Method = &lt;init&gt;] -- [Content = Found bean property &apos;beanName&apos; of type [java.lang.String]]
[2018-07-02 21:44:30.348] -- [TRACE] -- [main &gt;&gt;&gt;&gt; CachedIntrospectionResults.java:297 &gt;&gt;&gt;&gt; Method = &lt;init&gt;] -- [Content = Found bean property &apos;class&apos; of type [java.lang.Class]]
[2018-07-02 21:44:30.348] -- [TRACE] -- [main &gt;&gt;&gt;&gt; CachedIntrospectionResults.java:297 &gt;&gt;&gt;&gt; Method = &lt;init&gt;] -- [Content = Found bean property &apos;dataSource&apos; of type [javax.sql.DataSource]]
[2018-07-02 21:44:30.348] -- [TRACE] -- [main &gt;&gt;&gt;&gt; CachedIntrospectionResults.java:297 &gt;&gt;&gt;&gt; Method = &lt;init&gt;] -- [Content = Found bean property &apos;entityManagerFactoryInterface&apos; of type [java.lang.Class]]
[2018-07-02 21:44:30.348] -- [TRACE] -- [main &gt;&gt;&gt;&gt; CachedIntrospectionResults.java:297 &gt;&gt;&gt;&gt; Method = &lt;init&gt;] -- [Content = Found bean property &apos;entityManagerInterface&apos; of type [java.lang.Class]]
[2018-07-02 21:44:30.348] -- [TRACE] -- [main &gt;&gt;&gt;&gt; CachedIntrospectionResults.java:297 &gt;&gt;&gt;&gt; Method = &lt;init&gt;] -- [Content = Found bean property &apos;jpaDialect&apos; of type [org.springframework.orm.jpa.JpaDialect]]
[2018-07-02 21:44:30.348] -- [TRACE] -- [main &gt;&gt;&gt;&gt; CachedIntrospectionResults.java:297 &gt;&gt;&gt;&gt; Method = &lt;init&gt;] -- [Content = Found bean property &apos;jpaProperties&apos; of type [java.util.Properties]]
[2018-07-02 21:44:30.349] -- [TRACE] -- [main &gt;&gt;&gt;&gt; CachedIntrospectionResults.java:297 &gt;&gt;&gt;&gt; Method = &lt;init&gt;] -- [Content = Found bean property &apos;jpaPropertyMap&apos; of type [java.util.Map]]
[2018-07-02 21:44:30.349] -- [TRACE] -- [main &gt;&gt;&gt;&gt; CachedIntrospectionResults.java:297 &gt;&gt;&gt;&gt; Method = &lt;init&gt;] -- [Content = Found bean property &apos;jpaVendorAdapter&apos; of type [org.springframework.orm.jpa.JpaVendorAdapter]]
[2018-07-02 21:44:30.349] -- [TRACE] -- [main &gt;&gt;&gt;&gt; CachedIntrospectionResults.java:297 &gt;&gt;&gt;&gt; Method = &lt;init&gt;] -- [Content = Found bean property &apos;jtaDataSource&apos; of type [javax.sql.DataSource]]
[2018-07-02 21:44:30.349] -- [TRACE] -- [main &gt;&gt;&gt;&gt; CachedIntrospectionResults.java:297 &gt;&gt;&gt;&gt; Method = &lt;init&gt;] -- [Content = Found bean property &apos;loadTimeWeaver&apos; of type [org.springframework.instrument.classloading.LoadTimeWeaver]]
[2018-07-02 21:44:30.349] -- [TRACE] -- [main &gt;&gt;&gt;&gt; CachedIntrospectionResults.java:297 &gt;&gt;&gt;&gt; Method = &lt;init&gt;] -- [Content = Found bean property &apos;mappingResources&apos; of type [[Ljava.lang.String;]]
[2018-07-02 21:44:30.349] -- [TRACE] -- [main &gt;&gt;&gt;&gt; CachedIntrospectionResults.java:297 &gt;&gt;&gt;&gt; Method = &lt;init&gt;] -- [Content = Found bean property &apos;nativeEntityManagerFactory&apos; of type [javax.persistence.EntityManagerFactory]]
[2018-07-02 21:44:30.350] -- [TRACE] -- [main &gt;&gt;&gt;&gt; CachedIntrospectionResults.java:297 &gt;&gt;&gt;&gt; Method = &lt;init&gt;] -- [Content = Found bean property &apos;object&apos; of type [javax.persistence.EntityManagerFactory]]
[2018-07-02 21:44:30.350] -- [TRACE] -- [main &gt;&gt;&gt;&gt; CachedIntrospectionResults.java:297 &gt;&gt;&gt;&gt; Method = &lt;init&gt;] -- [Content = Found bean property &apos;objectType&apos; of type [java.lang.Class]]
[2018-07-02 21:44:30.350] -- [TRACE] -- [main &gt;&gt;&gt;&gt; CachedIntrospectionResults.java:297 &gt;&gt;&gt;&gt; Method = &lt;init&gt;] -- [Content = Found bean property &apos;packagesToScan&apos; of type [[Ljava.lang.String;]]
[2018-07-02 21:44:30.350] -- [TRACE] -- [main &gt;&gt;&gt;&gt; CachedIntrospectionResults.java:297 &gt;&gt;&gt;&gt; Method = &lt;init&gt;] -- [Content = Found bean property &apos;persistenceProvider&apos; of type [javax.persistence.spi.PersistenceProvider]]
[2018-07-02 21:44:30.350] -- [TRACE] -- [main &gt;&gt;&gt;&gt; CachedIntrospectionResults.java:297 &gt;&gt;&gt;&gt; Method = &lt;init&gt;] -- [Content = Found bean property &apos;persistenceProviderClass&apos; of type [java.lang.Class]]
[2018-07-02 21:44:30.350] -- [TRACE] -- [main &gt;&gt;&gt;&gt; CachedIntrospectionResults.java:297 &gt;&gt;&gt;&gt; Method = &lt;init&gt;] -- [Content = Found bean property &apos;persistenceUnitInfo&apos; of type [javax.persistence.spi.PersistenceUnitInfo]]
[2018-07-02 21:44:30.351] -- [TRACE] -- [main &gt;&gt;&gt;&gt; CachedIntrospectionResults.java:297 &gt;&gt;&gt;&gt; Method = &lt;init&gt;] -- [Content = Found bean property &apos;persistenceUnitManager&apos; of type [org.springframework.orm.jpa.persistenceunit.PersistenceUnitManager]]
[2018-07-02 21:44:30.351] -- [TRACE] -- [main &gt;&gt;&gt;&gt; CachedIntrospectionResults.java:297 &gt;&gt;&gt;&gt; Method = &lt;init&gt;] -- [Content = Found bean property &apos;persistenceUnitName&apos; of type [java.lang.String]]
[2018-07-02 21:44:30.351] -- [TRACE] -- [main &gt;&gt;&gt;&gt; CachedIntrospectionResults.java:297 &gt;&gt;&gt;&gt; Method = &lt;init&gt;] -- [Content = Found bean property &apos;persistenceUnitPostProcessors&apos; of type [[Lorg.springframework.orm.jpa.persistenceunit.PersistenceUnitPostProcessor;]]
[2018-07-02 21:44:30.351] -- [TRACE] -- [main &gt;&gt;&gt;&gt; CachedIntrospectionResults.java:297 &gt;&gt;&gt;&gt; Method = &lt;init&gt;] -- [Content = Found bean property &apos;persistenceXmlLocation&apos; of type [java.lang.String]]
[2018-07-02 21:44:30.351] -- [TRACE] -- [main &gt;&gt;&gt;&gt; CachedIntrospectionResults.java:297 &gt;&gt;&gt;&gt; Method = &lt;init&gt;] -- [Content = Found bean property &apos;resourceLoader&apos; of type [org.springframework.core.io.ResourceLoader]]
[2018-07-02 21:44:30.351] -- [TRACE] -- [main &gt;&gt;&gt;&gt; CachedIntrospectionResults.java:297 &gt;&gt;&gt;&gt; Method = &lt;init&gt;] -- [Content = Found bean property &apos;sharedCacheMode&apos; of type [javax.persistence.SharedCacheMode]]
[2018-07-02 21:44:30.351] -- [TRACE] -- [main &gt;&gt;&gt;&gt; CachedIntrospectionResults.java:297 &gt;&gt;&gt;&gt; Method = &lt;init&gt;] -- [Content = Found bean property &apos;singleton&apos; of type [boolean]]
[2018-07-02 21:44:30.352] -- [TRACE] -- [main &gt;&gt;&gt;&gt; CachedIntrospectionResults.java:297 &gt;&gt;&gt;&gt; Method = &lt;init&gt;] -- [Content = Found bean property &apos;validationMode&apos; of type [javax.persistence.ValidationMode]]
[2018-07-02 21:44:30.353] -- [DEBUG] -- [main &gt;&gt;&gt;&gt; DefaultSingletonBeanRegistry.java:221 &gt;&gt;&gt;&gt; Method = getSingleton] -- [Content = Creating shared instance of singleton bean &apos;dataSource&apos;]
[2018-07-02 21:44:30.353] -- [DEBUG] -- [main &gt;&gt;&gt;&gt; AbstractAutowireCapableBeanFactory.java:448 &gt;&gt;&gt;&gt; Method = createBean] -- [Content = Creating instance of bean &apos;dataSource&apos;]
[2018-07-02 21:44:30.353] -- [DEBUG] -- [main &gt;&gt;&gt;&gt; AbstractBeanFactory.java:251 &gt;&gt;&gt;&gt; Method = doGetBean] -- [Content = Returning cached instance of singleton bean &apos;org.springframework.aop.support.DefaultBeanFactoryPointcutAdvisor#0&apos;]
[2018-07-02 21:44:30.353] -- [DEBUG] -- [main &gt;&gt;&gt;&gt; AbstractBeanFactory.java:251 &gt;&gt;&gt;&gt; Method = doGetBean] -- [Content = Returning cached instance of singleton bean &apos;org.springframework.aop.support.DefaultBeanFactoryPointcutAdvisor#1&apos;]
[2018-07-02 21:44:30.355] -- [DEBUG] -- [main &gt;&gt;&gt;&gt; AbstractAutowireCapableBeanFactory.java:529 &gt;&gt;&gt;&gt; Method = doCreateBean] -- [Content = Eagerly caching bean &apos;dataSource&apos; to allow for resolving potential circular references]
[2018-07-02 21:44:30.355] -- [TRACE] -- [main &gt;&gt;&gt;&gt; CachedIntrospectionResults.java:265 &gt;&gt;&gt;&gt; Method = &lt;init&gt;] -- [Content = Getting BeanInfo for class [com.alibaba.druid.pool.DruidDataSource]]
[2018-07-02 21:44:30.355] -- [TRACE] -- [main &gt;&gt;&gt;&gt; CachedIntrospectionResults.java:284 &gt;&gt;&gt;&gt; Method = &lt;init&gt;] -- [Content = Caching PropertyDescriptors for class [com.alibaba.druid.pool.DruidDataSource]]
[2018-07-02 21:44:30.355] -- [TRACE] -- [main &gt;&gt;&gt;&gt; CachedIntrospectionResults.java:297 &gt;&gt;&gt;&gt; Method = &lt;init&gt;] -- [Content = Found bean property &apos;ID&apos; of type [long]]
[2018-07-02 21:44:30.356] -- [TRACE] -- [main &gt;&gt;&gt;&gt; CachedIntrospectionResults.java:297 &gt;&gt;&gt;&gt; Method = &lt;init&gt;] -- [Content = Found bean property &apos;accessToUnderlyingConnectionAllowed&apos; of type [boolean]]
[2018-07-02 21:44:30.356] -- [TRACE] -- [main &gt;&gt;&gt;&gt; CachedIntrospectionResults.java:297 &gt;&gt;&gt;&gt; Method = &lt;init&gt;] -- [Content = Found bean property &apos;activeConnectionStackTrace&apos; of type [java.util.List]]
[2018-07-02 21:44:30.356] -- [TRACE] -- [main &gt;&gt;&gt;&gt; CachedIntrospectionResults.java:297 &gt;&gt;&gt;&gt; Method = &lt;init&gt;] -- [Content = Found bean property &apos;activeConnections&apos; of type [java.util.Set]]
[2018-07-02 21:44:30.356] -- [TRACE] -- [main &gt;&gt;&gt;&gt; CachedIntrospectionResults.java:297 &gt;&gt;&gt;&gt; Method = &lt;init&gt;] -- [Content = Found bean property &apos;activeCount&apos; of type [int]]
[2018-07-02 21:44:30.357] -- [TRACE] -- [main &gt;&gt;&gt;&gt; CachedIntrospectionResults.java:297 &gt;&gt;&gt;&gt; Method = &lt;init&gt;] -- [Content = Found bean property &apos;activePeak&apos; of type [int]]
[2018-07-02 21:44:30.357] -- [TRACE] -- [main &gt;&gt;&gt;&gt; CachedIntrospectionResults.java:297 &gt;&gt;&gt;&gt; Method = &lt;init&gt;] -- [Content = Found bean property &apos;activePeakTime&apos; of type [java.util.Date]]
[2018-07-02 21:44:30.357] -- [TRACE] -- [main &gt;&gt;&gt;&gt; CachedIntrospectionResults.java:297 &gt;&gt;&gt;&gt; Method = &lt;init&gt;] -- [Content = Found bean property &apos;breakAfterAcquireFailure&apos; of type [boolean]]
[2018-07-02 21:44:30.357] -- [TRACE] -- [main &gt;&gt;&gt;&gt; CachedIntrospectionResults.java:297 &gt;&gt;&gt;&gt; Method = &lt;init&gt;] -- [Content = Found bean property &apos;cachedPreparedStatementAccessCount&apos; of type [long]]
[2018-07-02 21:44:30.357] -- [TRACE] -- [main &gt;&gt;&gt;&gt; CachedIntrospectionResults.java:297 &gt;&gt;&gt;&gt; Method = &lt;init&gt;] -- [Content = Found bean property &apos;cachedPreparedStatementCount&apos; of type [long]]
[2018-07-02 21:44:30.358] -- [TRACE] -- [main &gt;&gt;&gt;&gt; CachedIntrospectionResults.java:297 &gt;&gt;&gt;&gt; Method = &lt;init&gt;] -- [Content = Found bean property &apos;cachedPreparedStatementDeleteCount&apos; of type [long]]
[2018-07-02 21:44:30.358] -- [TRACE] -- [main &gt;&gt;&gt;&gt; CachedIntrospectionResults.java:297 &gt;&gt;&gt;&gt; Method = &lt;init&gt;] -- [Content = Found bean property &apos;cachedPreparedStatementHitCount&apos; of type [long]]
[2018-07-02 21:44:30.358] -- [TRACE] -- [main &gt;&gt;&gt;&gt; CachedIntrospectionResults.java:297 &gt;&gt;&gt;&gt; Method = &lt;init&gt;] -- [Content = Found bean property &apos;cachedPreparedStatementMissCount&apos; of type [long]]
[2018-07-02 21:44:30.358] -- [TRACE] -- [main &gt;&gt;&gt;&gt; CachedIntrospectionResults.java:297 &gt;&gt;&gt;&gt; Method = &lt;init&gt;] -- [Content = Found bean property &apos;class&apos; of type [java.lang.Class]]
[2018-07-02 21:44:30.358] -- [TRACE] -- [main &gt;&gt;&gt;&gt; CachedIntrospectionResults.java:297 &gt;&gt;&gt;&gt; Method = &lt;init&gt;] -- [Content = Found bean property &apos;clearFiltersEnable&apos; of type [boolean]]
[2018-07-02 21:44:30.358] -- [TRACE] -- [main &gt;&gt;&gt;&gt; CachedIntrospectionResults.java:297 &gt;&gt;&gt;&gt; Method = &lt;init&gt;] -- [Content = Found bean property &apos;closeCount&apos; of type [long]]
[2018-07-02 21:44:30.359] -- [TRACE] -- [main &gt;&gt;&gt;&gt; CachedIntrospectionResults.java:297 &gt;&gt;&gt;&gt; Method = &lt;init&gt;] -- [Content = Found bean property &apos;closedPreparedStatementCount&apos; of type [long]]
[2018-07-02 21:44:30.359] -- [TRACE] -- [main &gt;&gt;&gt;&gt; CachedIntrospectionResults.java:297 &gt;&gt;&gt;&gt; Method = &lt;init&gt;] -- [Content = Found bean property &apos;commitCount&apos; of type [long]]
[2018-07-02 21:44:30.359] -- [TRACE] -- [main &gt;&gt;&gt;&gt; CachedIntrospectionResults.java:297 &gt;&gt;&gt;&gt; Method = &lt;init&gt;] -- [Content = Found bean property &apos;compositeData&apos; of type [javax.management.openmbean.CompositeDataSupport]]
[2018-07-02 21:44:30.359] -- [TRACE] -- [main &gt;&gt;&gt;&gt; CachedIntrospectionResults.java:297 &gt;&gt;&gt;&gt; Method = &lt;init&gt;] -- [Content = Found bean property &apos;connectCount&apos; of type [long]]
[2018-07-02 21:44:30.359] -- [TRACE] -- [main &gt;&gt;&gt;&gt; CachedIntrospectionResults.java:297 &gt;&gt;&gt;&gt; Method = &lt;init&gt;] -- [Content = Found bean property &apos;connectErrorCount&apos; of type [long]]
[2018-07-02 21:44:30.360] -- [TRACE] -- [main &gt;&gt;&gt;&gt; CachedIntrospectionResults.java:297 &gt;&gt;&gt;&gt; Method = &lt;init&gt;] -- [Content = Found bean property &apos;connectProperties&apos; of type [java.util.Properties]]
[2018-07-02 21:44:30.360] -- [TRACE] -- [main &gt;&gt;&gt;&gt; CachedIntrospectionResults.java:297 &gt;&gt;&gt;&gt; Method = &lt;init&gt;] -- [Content = Found bean property &apos;connection&apos; of type [com.alibaba.druid.pool.DruidPooledConnection]]
[2018-07-02 21:44:30.360] -- [TRACE] -- [main &gt;&gt;&gt;&gt; CachedIntrospectionResults.java:297 &gt;&gt;&gt;&gt; Method = &lt;init&gt;] -- [Content = Found bean property &apos;connectionErrorRetryAttempts&apos; of type [int]]
[2018-07-02 21:44:30.360] -- [TRACE] -- [main &gt;&gt;&gt;&gt; CachedIntrospectionResults.java:297 &gt;&gt;&gt;&gt; Method = &lt;init&gt;] -- [Content = Found bean property &apos;connectionInitSqls&apos; of type [java.util.Collection]]
[2018-07-02 21:44:30.360] -- [TRACE] -- [main &gt;&gt;&gt;&gt; CachedIntrospectionResults.java:297 &gt;&gt;&gt;&gt; Method = &lt;init&gt;] -- [Content = Found bean property &apos;connectionProperties&apos; of type [java.lang.String]]
[2018-07-02 21:44:30.361] -- [TRACE] -- [main &gt;&gt;&gt;&gt; CachedIntrospectionResults.java:297 &gt;&gt;&gt;&gt; Method = &lt;init&gt;] -- [Content = Found bean property &apos;createCount&apos; of type [long]]
[2018-07-02 21:44:30.361] -- [TRACE] -- [main &gt;&gt;&gt;&gt; CachedIntrospectionResults.java:297 &gt;&gt;&gt;&gt; Method = &lt;init&gt;] -- [Content = Found bean property &apos;createErrorCount&apos; of type [long]]
[2018-07-02 21:44:30.361] -- [TRACE] -- [main &gt;&gt;&gt;&gt; CachedIntrospectionResults.java:297 &gt;&gt;&gt;&gt; Method = &lt;init&gt;] -- [Content = Found bean property &apos;createTimespanMillis&apos; of type [long]]
[2018-07-02 21:44:30.361] -- [TRACE] -- [main &gt;&gt;&gt;&gt; CachedIntrospectionResults.java:297 &gt;&gt;&gt;&gt; Method = &lt;init&gt;] -- [Content = Found bean property &apos;createTimespanNano&apos; of type [long]]
[2018-07-02 21:44:30.361] -- [TRACE] -- [main &gt;&gt;&gt;&gt; CachedIntrospectionResults.java:297 &gt;&gt;&gt;&gt; Method = &lt;init&gt;] -- [Content = Found bean property &apos;createdTime&apos; of type [java.util.Date]]
[2018-07-02 21:44:30.362] -- [TRACE] -- [main &gt;&gt;&gt;&gt; CachedIntrospectionResults.java:297 &gt;&gt;&gt;&gt; Method = &lt;init&gt;] -- [Content = Found bean property &apos;dataSourceStat&apos; of type [com.alibaba.druid.stat.JdbcDataSourceStat]]
[2018-07-02 21:44:30.362] -- [TRACE] -- [main &gt;&gt;&gt;&gt; CachedIntrospectionResults.java:297 &gt;&gt;&gt;&gt; Method = &lt;init&gt;] -- [Content = Found bean property &apos;dbType&apos; of type [java.lang.String]]
[2018-07-02 21:44:30.362] -- [TRACE] -- [main &gt;&gt;&gt;&gt; CachedIntrospectionResults.java:297 &gt;&gt;&gt;&gt; Method = &lt;init&gt;] -- [Content = Found bean property &apos;defaultAutoCommit&apos; of type [boolean]]
[2018-07-02 21:44:30.362] -- [TRACE] -- [main &gt;&gt;&gt;&gt; CachedIntrospectionResults.java:297 &gt;&gt;&gt;&gt; Method = &lt;init&gt;] -- [Content = Found bean property &apos;defaultCatalog&apos; of type [java.lang.String]]
[2018-07-02 21:44:30.362] -- [TRACE] -- [main &gt;&gt;&gt;&gt; CachedIntrospectionResults.java:297 &gt;&gt;&gt;&gt; Method = &lt;init&gt;] -- [Content = Found bean property &apos;defaultReadOnly&apos; of type [java.lang.Boolean]]
[2018-07-02 21:44:30.363] -- [TRACE] -- [main &gt;&gt;&gt;&gt; CachedIntrospectionResults.java:297 &gt;&gt;&gt;&gt; Method = &lt;init&gt;] -- [Content = Found bean property &apos;defaultTransactionIsolation&apos; of type [java.lang.Integer]]
[2018-07-02 21:44:30.363] -- [TRACE] -- [main &gt;&gt;&gt;&gt; CachedIntrospectionResults.java:297 &gt;&gt;&gt;&gt; Method = &lt;init&gt;] -- [Content = Found bean property &apos;destroyCount&apos; of type [long]]
[2018-07-02 21:44:30.363] -- [TRACE] -- [main &gt;&gt;&gt;&gt; CachedIntrospectionResults.java:297 &gt;&gt;&gt;&gt; Method = &lt;init&gt;] -- [Content = Found bean property &apos;discardCount&apos; of type [long]]
[2018-07-02 21:44:30.363] -- [TRACE] -- [main &gt;&gt;&gt;&gt; CachedIntrospectionResults.java:297 &gt;&gt;&gt;&gt; Method = &lt;init&gt;] -- [Content = Found bean property &apos;driver&apos; of type [java.sql.Driver]]
[2018-07-02 21:44:30.363] -- [TRACE] -- [main &gt;&gt;&gt;&gt; CachedIntrospectionResults.java:297 &gt;&gt;&gt;&gt; Method = &lt;init&gt;] -- [Content = Found bean property &apos;driverClassLoader&apos; of type [java.lang.ClassLoader]]
[2018-07-02 21:44:30.364] -- [TRACE] -- [main &gt;&gt;&gt;&gt; CachedIntrospectionResults.java:297 &gt;&gt;&gt;&gt; Method = &lt;init&gt;] -- [Content = Found bean property &apos;driverClassName&apos; of type [java.lang.String]]
[2018-07-02 21:44:30.364] -- [TRACE] -- [main &gt;&gt;&gt;&gt; CachedIntrospectionResults.java:297 &gt;&gt;&gt;&gt; Method = &lt;init&gt;] -- [Content = Found bean property &apos;driverMajorVersion&apos; of type [int]]
[2018-07-02 21:44:30.364] -- [TRACE] -- [main &gt;&gt;&gt;&gt; CachedIntrospectionResults.java:297 &gt;&gt;&gt;&gt; Method = &lt;init&gt;] -- [Content = Found bean property &apos;driverMinorVersion&apos; of type [int]]
[2018-07-02 21:44:30.364] -- [TRACE] -- [main &gt;&gt;&gt;&gt; CachedIntrospectionResults.java:297 &gt;&gt;&gt;&gt; Method = &lt;init&gt;] -- [Content = Found bean property &apos;dupCloseCount&apos; of type [long]]
[2018-07-02 21:44:30.364] -- [TRACE] -- [main &gt;&gt;&gt;&gt; CachedIntrospectionResults.java:297 &gt;&gt;&gt;&gt; Method = &lt;init&gt;] -- [Content = Found bean property &apos;dupCloseLogEnable&apos; of type [boolean]]
[2018-07-02 21:44:30.365] -- [TRACE] -- [main &gt;&gt;&gt;&gt; CachedIntrospectionResults.java:297 &gt;&gt;&gt;&gt; Method = &lt;init&gt;] -- [Content = Found bean property &apos;enable&apos; of type [boolean]]
[2018-07-02 21:44:30.365] -- [TRACE] -- [main &gt;&gt;&gt;&gt; CachedIntrospectionResults.java:297 &gt;&gt;&gt;&gt; Method = &lt;init&gt;] -- [Content = Found bean property &apos;errorCount&apos; of type [long]]
[2018-07-02 21:44:30.365] -- [TRACE] -- [main &gt;&gt;&gt;&gt; CachedIntrospectionResults.java:297 &gt;&gt;&gt;&gt; Method = &lt;init&gt;] -- [Content = Found bean property &apos;exceptionSorter&apos; of type [com.alibaba.druid.pool.ExceptionSorter]]
[2018-07-02 21:44:30.365] -- [TRACE] -- [main &gt;&gt;&gt;&gt; CachedIntrospectionResults.java:297 &gt;&gt;&gt;&gt; Method = &lt;init&gt;] -- [Content = Found bean property &apos;exceptionSorterClassName&apos; of type [java.lang.String]]
[2018-07-02 21:44:30.365] -- [TRACE] -- [main &gt;&gt;&gt;&gt; CachedIntrospectionResults.java:297 &gt;&gt;&gt;&gt; Method = &lt;init&gt;] -- [Content = Found bean property &apos;executeCount&apos; of type [long]]
[2018-07-02 21:44:30.366] -- [TRACE] -- [main &gt;&gt;&gt;&gt; CachedIntrospectionResults.java:297 &gt;&gt;&gt;&gt; Method = &lt;init&gt;] -- [Content = Found bean property &apos;filterClassNames&apos; of type [java.util.List]]
[2018-07-02 21:44:30.366] -- [TRACE] -- [main &gt;&gt;&gt;&gt; CachedIntrospectionResults.java:297 &gt;&gt;&gt;&gt; Method = &lt;init&gt;] -- [Content = Found bean property &apos;filterClasses&apos; of type [[Ljava.lang.String;]]
[2018-07-02 21:44:30.366] -- [TRACE] -- [main &gt;&gt;&gt;&gt; CachedIntrospectionResults.java:297 &gt;&gt;&gt;&gt; Method = &lt;init&gt;] -- [Content = Found bean property &apos;filters&apos; of type [java.lang.String]]
[2018-07-02 21:44:30.366] -- [TRACE] -- [main &gt;&gt;&gt;&gt; CachedIntrospectionResults.java:297 &gt;&gt;&gt;&gt; Method = &lt;init&gt;] -- [Content = Found bean property &apos;initStackTrace&apos; of type [java.lang.String]]
[2018-07-02 21:44:30.366] -- [TRACE] -- [main &gt;&gt;&gt;&gt; CachedIntrospectionResults.java:297 &gt;&gt;&gt;&gt; Method = &lt;init&gt;] -- [Content = Found bean property &apos;inited&apos; of type [boolean]]
[2018-07-02 21:44:30.367] -- [TRACE] -- [main &gt;&gt;&gt;&gt; CachedIntrospectionResults.java:297 &gt;&gt;&gt;&gt; Method = &lt;init&gt;] -- [Content = Found bean property &apos;initialSize&apos; of type [int]]
[2018-07-02 21:44:30.367] -- [TRACE] -- [main &gt;&gt;&gt;&gt; CachedIntrospectionResults.java:297 &gt;&gt;&gt;&gt; Method = &lt;init&gt;] -- [Content = Found bean property &apos;lastCreateError&apos; of type [java.lang.Throwable]]
[2018-07-02 21:44:30.367] -- [TRACE] -- [main &gt;&gt;&gt;&gt; CachedIntrospectionResults.java:297 &gt;&gt;&gt;&gt; Method = &lt;init&gt;] -- [Content = Found bean property &apos;lastCreateErrorTime&apos; of type [java.util.Date]]
[2018-07-02 21:44:30.367] -- [TRACE] -- [main &gt;&gt;&gt;&gt; CachedIntrospectionResults.java:297 &gt;&gt;&gt;&gt; Method = &lt;init&gt;] -- [Content = Found bean property &apos;lastCreateErrorTimeMillis&apos; of type [long]]
[2018-07-02 21:44:30.367] -- [TRACE] -- [main &gt;&gt;&gt;&gt; CachedIntrospectionResults.java:297 &gt;&gt;&gt;&gt; Method = &lt;init&gt;] -- [Content = Found bean property &apos;lastError&apos; of type [java.lang.Throwable]]
[2018-07-02 21:44:30.368] -- [TRACE] -- [main &gt;&gt;&gt;&gt; CachedIntrospectionResults.java:297 &gt;&gt;&gt;&gt; Method = &lt;init&gt;] -- [Content = Found bean property &apos;lastErrorTime&apos; of type [java.util.Date]]
[2018-07-02 21:44:30.368] -- [TRACE] -- [main &gt;&gt;&gt;&gt; CachedIntrospectionResults.java:297 &gt;&gt;&gt;&gt; Method = &lt;init&gt;] -- [Content = Found bean property &apos;lastErrorTimeMillis&apos; of type [long]]
[2018-07-02 21:44:30.368] -- [TRACE] -- [main &gt;&gt;&gt;&gt; CachedIntrospectionResults.java:297 &gt;&gt;&gt;&gt; Method = &lt;init&gt;] -- [Content = Found bean property &apos;lock&apos; of type [java.util.concurrent.locks.Lock]]
[2018-07-02 21:44:30.368] -- [TRACE] -- [main &gt;&gt;&gt;&gt; CachedIntrospectionResults.java:297 &gt;&gt;&gt;&gt; Method = &lt;init&gt;] -- [Content = Found bean property &apos;lockQueueLength&apos; of type [int]]
[2018-07-02 21:44:30.368] -- [TRACE] -- [main &gt;&gt;&gt;&gt; CachedIntrospectionResults.java:297 &gt;&gt;&gt;&gt; Method = &lt;init&gt;] -- [Content = Found bean property &apos;logAbandoned&apos; of type [boolean]]
[2018-07-02 21:44:30.369] -- [TRACE] -- [main &gt;&gt;&gt;&gt; CachedIntrospectionResults.java:297 &gt;&gt;&gt;&gt; Method = &lt;init&gt;] -- [Content = Found bean property &apos;logWriter&apos; of type [java.io.PrintWriter]]
[2018-07-02 21:44:30.369] -- [TRACE] -- [main &gt;&gt;&gt;&gt; CachedIntrospectionResults.java:297 &gt;&gt;&gt;&gt; Method = &lt;init&gt;] -- [Content = Found bean property &apos;loginTimeout&apos; of type [int]]
[2018-07-02 21:44:30.369] -- [TRACE] -- [main &gt;&gt;&gt;&gt; CachedIntrospectionResults.java:297 &gt;&gt;&gt;&gt; Method = &lt;init&gt;] -- [Content = Found bean property &apos;maxActive&apos; of type [int]]
[2018-07-02 21:44:30.369] -- [TRACE] -- [main &gt;&gt;&gt;&gt; CachedIntrospectionResults.java:297 &gt;&gt;&gt;&gt; Method = &lt;init&gt;] -- [Content = Found bean property &apos;maxIdle&apos; of type [int]]
[2018-07-02 21:44:30.369] -- [TRACE] -- [main &gt;&gt;&gt;&gt; CachedIntrospectionResults.java:297 &gt;&gt;&gt;&gt; Method = &lt;init&gt;] -- [Content = Found bean property &apos;maxOpenPreparedStatements&apos; of type [int]]
[2018-07-02 21:44:30.370] -- [TRACE] -- [main &gt;&gt;&gt;&gt; CachedIntrospectionResults.java:297 &gt;&gt;&gt;&gt; Method = &lt;init&gt;] -- [Content = Found bean property &apos;maxPoolPreparedStatementPerConnectionSize&apos; of type [int]]
[2018-07-02 21:44:30.370] -- [TRACE] -- [main &gt;&gt;&gt;&gt; CachedIntrospectionResults.java:297 &gt;&gt;&gt;&gt; Method = &lt;init&gt;] -- [Content = Found bean property &apos;maxWait&apos; of type [long]]
[2018-07-02 21:44:30.370] -- [TRACE] -- [main &gt;&gt;&gt;&gt; CachedIntrospectionResults.java:297 &gt;&gt;&gt;&gt; Method = &lt;init&gt;] -- [Content = Found bean property &apos;maxWaitThreadCount&apos; of type [int]]
[2018-07-02 21:44:30.370] -- [TRACE] -- [main &gt;&gt;&gt;&gt; CachedIntrospectionResults.java:297 &gt;&gt;&gt;&gt; Method = &lt;init&gt;] -- [Content = Found bean property &apos;mbeanRegistered&apos; of type [boolean]]
[2018-07-02 21:44:30.370] -- [TRACE] -- [main &gt;&gt;&gt;&gt; CachedIntrospectionResults.java:297 &gt;&gt;&gt;&gt; Method = &lt;init&gt;] -- [Content = Found bean property &apos;minEvictableIdleTimeMillis&apos; of type [long]]
[2018-07-02 21:44:30.370] -- [TRACE] -- [main &gt;&gt;&gt;&gt; CachedIntrospectionResults.java:297 &gt;&gt;&gt;&gt; Method = &lt;init&gt;] -- [Content = Found bean property &apos;minIdle&apos; of type [int]]
[2018-07-02 21:44:30.371] -- [TRACE] -- [main &gt;&gt;&gt;&gt; CachedIntrospectionResults.java:297 &gt;&gt;&gt;&gt; Method = &lt;init&gt;] -- [Content = Found bean property &apos;name&apos; of type [java.lang.String]]
[2018-07-02 21:44:30.371] -- [TRACE] -- [main &gt;&gt;&gt;&gt; CachedIntrospectionResults.java:297 &gt;&gt;&gt;&gt; Method = &lt;init&gt;] -- [Content = Found bean property &apos;notEmptySignalCount&apos; of type [long]]
[2018-07-02 21:44:30.371] -- [TRACE] -- [main &gt;&gt;&gt;&gt; CachedIntrospectionResults.java:297 &gt;&gt;&gt;&gt; Method = &lt;init&gt;] -- [Content = Found bean property &apos;notEmptyWaitCount&apos; of type [long]]
[2018-07-02 21:44:30.371] -- [TRACE] -- [main &gt;&gt;&gt;&gt; CachedIntrospectionResults.java:297 &gt;&gt;&gt;&gt; Method = &lt;init&gt;] -- [Content = Found bean property &apos;notEmptyWaitMillis&apos; of type [long]]
[2018-07-02 21:44:30.371] -- [TRACE] -- [main &gt;&gt;&gt;&gt; CachedIntrospectionResults.java:297 &gt;&gt;&gt;&gt; Method = &lt;init&gt;] -- [Content = Found bean property &apos;notEmptyWaitNanos&apos; of type [long]]
[2018-07-02 21:44:30.371] -- [TRACE] -- [main &gt;&gt;&gt;&gt; CachedIntrospectionResults.java:297 &gt;&gt;&gt;&gt; Method = &lt;init&gt;] -- [Content = Found bean property &apos;notEmptyWaitThreadCount&apos; of type [int]]
[2018-07-02 21:44:30.371] -- [TRACE] -- [main &gt;&gt;&gt;&gt; CachedIntrospectionResults.java:297 &gt;&gt;&gt;&gt; Method = &lt;init&gt;] -- [Content = Found bean property &apos;notEmptyWaitThreadPeak&apos; of type [int]]
[2018-07-02 21:44:30.372] -- [TRACE] -- [main &gt;&gt;&gt;&gt; CachedIntrospectionResults.java:297 &gt;&gt;&gt;&gt; Method = &lt;init&gt;] -- [Content = Found bean property &apos;numTestsPerEvictionRun&apos; of type [int]]
[2018-07-02 21:44:30.372] -- [TRACE] -- [main &gt;&gt;&gt;&gt; CachedIntrospectionResults.java:297 &gt;&gt;&gt;&gt; Method = &lt;init&gt;] -- [Content = Found bean property &apos;objectName&apos; of type [javax.management.ObjectName]]
[2018-07-02 21:44:30.372] -- [TRACE] -- [main &gt;&gt;&gt;&gt; CachedIntrospectionResults.java:297 &gt;&gt;&gt;&gt; Method = &lt;init&gt;] -- [Content = Found bean property &apos;oracle&apos; of type [boolean]]
[2018-07-02 21:44:30.372] -- [TRACE] -- [main &gt;&gt;&gt;&gt; CachedIntrospectionResults.java:297 &gt;&gt;&gt;&gt; Method = &lt;init&gt;] -- [Content = Found bean property &apos;parentLogger&apos; of type [java.util.logging.Logger]]
[2018-07-02 21:44:30.372] -- [TRACE] -- [main &gt;&gt;&gt;&gt; CachedIntrospectionResults.java:297 &gt;&gt;&gt;&gt; Method = &lt;init&gt;] -- [Content = Found bean property &apos;password&apos; of type [java.lang.String]]
[2018-07-02 21:44:30.372] -- [TRACE] -- [main &gt;&gt;&gt;&gt; CachedIntrospectionResults.java:297 &gt;&gt;&gt;&gt; Method = &lt;init&gt;] -- [Content = Found bean property &apos;passwordCallback&apos; of type [javax.security.auth.callback.PasswordCallback]]
[2018-07-02 21:44:30.372] -- [TRACE] -- [main &gt;&gt;&gt;&gt; CachedIntrospectionResults.java:297 &gt;&gt;&gt;&gt; Method = &lt;init&gt;] -- [Content = Found bean property &apos;passwordCallbackClassName&apos; of type [java.lang.String]]
[2018-07-02 21:44:30.373] -- [TRACE] -- [main &gt;&gt;&gt;&gt; CachedIntrospectionResults.java:297 &gt;&gt;&gt;&gt; Method = &lt;init&gt;] -- [Content = Found bean property &apos;poolPreparedStatements&apos; of type [boolean]]
[2018-07-02 21:44:30.373] -- [TRACE] -- [main &gt;&gt;&gt;&gt; CachedIntrospectionResults.java:297 &gt;&gt;&gt;&gt; Method = &lt;init&gt;] -- [Content = Found bean property &apos;pooledConnection&apos; of type [javax.sql.PooledConnection]]
[2018-07-02 21:44:30.373] -- [TRACE] -- [main &gt;&gt;&gt;&gt; CachedIntrospectionResults.java:297 &gt;&gt;&gt;&gt; Method = &lt;init&gt;] -- [Content = Found bean property &apos;poolingConnectionInfo&apos; of type [java.util.List]]
[2018-07-02 21:44:30.373] -- [TRACE] -- [main &gt;&gt;&gt;&gt; CachedIntrospectionResults.java:297 &gt;&gt;&gt;&gt; Method = &lt;init&gt;] -- [Content = Found bean property &apos;poolingCount&apos; of type [int]]
[2018-07-02 21:44:30.373] -- [TRACE] -- [main &gt;&gt;&gt;&gt; CachedIntrospectionResults.java:297 &gt;&gt;&gt;&gt; Method = &lt;init&gt;] -- [Content = Found bean property &apos;poolingPeak&apos; of type [int]]
[2018-07-02 21:44:30.373] -- [TRACE] -- [main &gt;&gt;&gt;&gt; CachedIntrospectionResults.java:297 &gt;&gt;&gt;&gt; Method = &lt;init&gt;] -- [Content = Found bean property &apos;poolingPeakTime&apos; of type [java.util.Date]]
[2018-07-02 21:44:30.374] -- [TRACE] -- [main &gt;&gt;&gt;&gt; CachedIntrospectionResults.java:297 &gt;&gt;&gt;&gt; Method = &lt;init&gt;] -- [Content = Found bean property &apos;preparedStatementCount&apos; of type [long]]
[2018-07-02 21:44:30.374] -- [TRACE] -- [main &gt;&gt;&gt;&gt; CachedIntrospectionResults.java:297 &gt;&gt;&gt;&gt; Method = &lt;init&gt;] -- [Content = Found bean property &apos;properties&apos; of type [java.lang.String]]
[2018-07-02 21:44:30.374] -- [TRACE] -- [main &gt;&gt;&gt;&gt; CachedIntrospectionResults.java:297 &gt;&gt;&gt;&gt; Method = &lt;init&gt;] -- [Content = Found bean property &apos;proxyFilters&apos; of type [java.util.List]]
[2018-07-02 21:44:30.374] -- [TRACE] -- [main &gt;&gt;&gt;&gt; CachedIntrospectionResults.java:297 &gt;&gt;&gt;&gt; Method = &lt;init&gt;] -- [Content = Found bean property &apos;queryTimeout&apos; of type [int]]
[2018-07-02 21:44:30.374] -- [TRACE] -- [main &gt;&gt;&gt;&gt; CachedIntrospectionResults.java:297 &gt;&gt;&gt;&gt; Method = &lt;init&gt;] -- [Content = Found bean property &apos;rawDriver&apos; of type [java.sql.Driver]]
[2018-07-02 21:44:30.374] -- [TRACE] -- [main &gt;&gt;&gt;&gt; CachedIntrospectionResults.java:297 &gt;&gt;&gt;&gt; Method = &lt;init&gt;] -- [Content = Found bean property &apos;rawDriverMajorVersion&apos; of type [int]]
[2018-07-02 21:44:30.375] -- [TRACE] -- [main &gt;&gt;&gt;&gt; CachedIntrospectionResults.java:297 &gt;&gt;&gt;&gt; Method = &lt;init&gt;] -- [Content = Found bean property &apos;rawDriverMinorVersion&apos; of type [int]]
[2018-07-02 21:44:30.375] -- [TRACE] -- [main &gt;&gt;&gt;&gt; CachedIntrospectionResults.java:297 &gt;&gt;&gt;&gt; Method = &lt;init&gt;] -- [Content = Found bean property &apos;rawJdbcUrl&apos; of type [java.lang.String]]
[2018-07-02 21:44:30.375] -- [TRACE] -- [main &gt;&gt;&gt;&gt; CachedIntrospectionResults.java:297 &gt;&gt;&gt;&gt; Method = &lt;init&gt;] -- [Content = Found bean property &apos;recycleCount&apos; of type [long]]
[2018-07-02 21:44:30.375] -- [TRACE] -- [main &gt;&gt;&gt;&gt; CachedIntrospectionResults.java:297 &gt;&gt;&gt;&gt; Method = &lt;init&gt;] -- [Content = Found bean property &apos;recycleErrorCount&apos; of type [long]]
[2018-07-02 21:44:30.375] -- [TRACE] -- [main &gt;&gt;&gt;&gt; CachedIntrospectionResults.java:297 &gt;&gt;&gt;&gt; Method = &lt;init&gt;] -- [Content = Found bean property &apos;reference&apos; of type [javax.naming.Reference]]
[2018-07-02 21:44:30.375] -- [TRACE] -- [main &gt;&gt;&gt;&gt; CachedIntrospectionResults.java:297 &gt;&gt;&gt;&gt; Method = &lt;init&gt;] -- [Content = Found bean property &apos;removeAbandoned&apos; of type [boolean]]
[2018-07-02 21:44:30.376] -- [TRACE] -- [main &gt;&gt;&gt;&gt; CachedIntrospectionResults.java:297 &gt;&gt;&gt;&gt; Method = &lt;init&gt;] -- [Content = Found bean property &apos;removeAbandonedCount&apos; of type [long]]
[2018-07-02 21:44:30.376] -- [TRACE] -- [main &gt;&gt;&gt;&gt; CachedIntrospectionResults.java:297 &gt;&gt;&gt;&gt; Method = &lt;init&gt;] -- [Content = Found bean property &apos;removeAbandonedTimeout&apos; of type [int]]
[2018-07-02 21:44:30.376] -- [TRACE] -- [main &gt;&gt;&gt;&gt; CachedIntrospectionResults.java:297 &gt;&gt;&gt;&gt; Method = &lt;init&gt;] -- [Content = Found bean property &apos;removeAbandonedTimeoutMillis&apos; of type [long]]
[2018-07-02 21:44:30.376] -- [TRACE] -- [main &gt;&gt;&gt;&gt; CachedIntrospectionResults.java:297 &gt;&gt;&gt;&gt; Method = &lt;init&gt;] -- [Content = Found bean property &apos;resetCount&apos; of type [long]]
[2018-07-02 21:44:30.376] -- [TRACE] -- [main &gt;&gt;&gt;&gt; CachedIntrospectionResults.java:297 &gt;&gt;&gt;&gt; Method = &lt;init&gt;] -- [Content = Found bean property &apos;resetStatEnable&apos; of type [boolean]]
[2018-07-02 21:44:30.377] -- [TRACE] -- [main &gt;&gt;&gt;&gt; CachedIntrospectionResults.java:297 &gt;&gt;&gt;&gt; Method = &lt;init&gt;] -- [Content = Found bean property &apos;rollbackCount&apos; of type [long]]
[2018-07-02 21:44:30.377] -- [TRACE] -- [main &gt;&gt;&gt;&gt; CachedIntrospectionResults.java:297 &gt;&gt;&gt;&gt; Method = &lt;init&gt;] -- [Content = Found bean property &apos;sharePreparedStatements&apos; of type [boolean]]
[2018-07-02 21:44:30.377] -- [TRACE] -- [main &gt;&gt;&gt;&gt; CachedIntrospectionResults.java:297 &gt;&gt;&gt;&gt; Method = &lt;init&gt;] -- [Content = Found bean property &apos;sqlStat&apos;]
[2018-07-02 21:44:30.377] -- [TRACE] -- [main &gt;&gt;&gt;&gt; CachedIntrospectionResults.java:297 &gt;&gt;&gt;&gt; Method = &lt;init&gt;] -- [Content = Found bean property &apos;sqlStatMap&apos; of type [java.util.Map]]
[2018-07-02 21:44:30.377] -- [TRACE] -- [main &gt;&gt;&gt;&gt; CachedIntrospectionResults.java:297 &gt;&gt;&gt;&gt; Method = &lt;init&gt;] -- [Content = Found bean property &apos;startTransactionCount&apos; of type [long]]
[2018-07-02 21:44:30.378] -- [TRACE] -- [main &gt;&gt;&gt;&gt; CachedIntrospectionResults.java:297 &gt;&gt;&gt;&gt; Method = &lt;init&gt;] -- [Content = Found bean property &apos;statData&apos; of type [java.util.Map]]
[2018-07-02 21:44:30.378] -- [TRACE] -- [main &gt;&gt;&gt;&gt; CachedIntrospectionResults.java:297 &gt;&gt;&gt;&gt; Method = &lt;init&gt;] -- [Content = Found bean property &apos;statDataForMBean&apos; of type [java.util.Map]]
[2018-07-02 21:44:30.378] -- [TRACE] -- [main &gt;&gt;&gt;&gt; CachedIntrospectionResults.java:297 &gt;&gt;&gt;&gt; Method = &lt;init&gt;] -- [Content = Found bean property &apos;statLogger&apos; of type [com.alibaba.druid.pool.DruidDataSourceStatLogger]]
[2018-07-02 21:44:30.378] -- [TRACE] -- [main &gt;&gt;&gt;&gt; CachedIntrospectionResults.java:297 &gt;&gt;&gt;&gt; Method = &lt;init&gt;] -- [Content = Found bean property &apos;statLoggerClassName&apos; of type [java.lang.String]]
[2018-07-02 21:44:30.378] -- [TRACE] -- [main &gt;&gt;&gt;&gt; CachedIntrospectionResults.java:297 &gt;&gt;&gt;&gt; Method = &lt;init&gt;] -- [Content = Found bean property &apos;statValueAndReset&apos; of type [com.alibaba.druid.pool.DruidDataSourceStatValue]]
[2018-07-02 21:44:30.378] -- [TRACE] -- [main &gt;&gt;&gt;&gt; CachedIntrospectionResults.java:297 &gt;&gt;&gt;&gt; Method = &lt;init&gt;] -- [Content = Found bean property &apos;testOnBorrow&apos; of type [boolean]]
[2018-07-02 21:44:30.379] -- [TRACE] -- [main &gt;&gt;&gt;&gt; CachedIntrospectionResults.java:297 &gt;&gt;&gt;&gt; Method = &lt;init&gt;] -- [Content = Found bean property &apos;testOnReturn&apos; of type [boolean]]
[2018-07-02 21:44:30.379] -- [TRACE] -- [main &gt;&gt;&gt;&gt; CachedIntrospectionResults.java:297 &gt;&gt;&gt;&gt; Method = &lt;init&gt;] -- [Content = Found bean property &apos;testWhileIdle&apos; of type [boolean]]
[2018-07-02 21:44:30.379] -- [TRACE] -- [main &gt;&gt;&gt;&gt; CachedIntrospectionResults.java:297 &gt;&gt;&gt;&gt; Method = &lt;init&gt;] -- [Content = Found bean property &apos;timeBetweenConnectErrorMillis&apos; of type [long]]
[2018-07-02 21:44:30.379] -- [TRACE] -- [main &gt;&gt;&gt;&gt; CachedIntrospectionResults.java:297 &gt;&gt;&gt;&gt; Method = &lt;init&gt;] -- [Content = Found bean property &apos;timeBetweenEvictionRunsMillis&apos; of type [long]]
[2018-07-02 21:44:30.379] -- [TRACE] -- [main &gt;&gt;&gt;&gt; CachedIntrospectionResults.java:297 &gt;&gt;&gt;&gt; Method = &lt;init&gt;] -- [Content = Found bean property &apos;timeBetweenLogStatsMillis&apos; of type [long]]
[2018-07-02 21:44:30.379] -- [TRACE] -- [main &gt;&gt;&gt;&gt; CachedIntrospectionResults.java:297 &gt;&gt;&gt;&gt; Method = &lt;init&gt;] -- [Content = Found bean property &apos;transactionHistogram&apos; of type [com.alibaba.druid.util.Histogram]]
[2018-07-02 21:44:30.380] -- [TRACE] -- [main &gt;&gt;&gt;&gt; CachedIntrospectionResults.java:297 &gt;&gt;&gt;&gt; Method = &lt;init&gt;] -- [Content = Found bean property &apos;transactionHistogramRanges&apos; of type [[J]]
[2018-07-02 21:44:30.380] -- [TRACE] -- [main &gt;&gt;&gt;&gt; CachedIntrospectionResults.java:297 &gt;&gt;&gt;&gt; Method = &lt;init&gt;] -- [Content = Found bean property &apos;transactionHistogramValues&apos; of type [[J]]
[2018-07-02 21:44:30.380] -- [TRACE] -- [main &gt;&gt;&gt;&gt; CachedIntrospectionResults.java:297 &gt;&gt;&gt;&gt; Method = &lt;init&gt;] -- [Content = Found bean property &apos;transactionQueryTimeout&apos; of type [int]]
[2018-07-02 21:44:30.380] -- [TRACE] -- [main &gt;&gt;&gt;&gt; CachedIntrospectionResults.java:297 &gt;&gt;&gt;&gt; Method = &lt;init&gt;] -- [Content = Found bean property &apos;transactionThresholdMillis&apos; of type [long]]
[2018-07-02 21:44:30.380] -- [TRACE] -- [main &gt;&gt;&gt;&gt; CachedIntrospectionResults.java:297 &gt;&gt;&gt;&gt; Method = &lt;init&gt;] -- [Content = Found bean property &apos;url&apos; of type [java.lang.String]]
[2018-07-02 21:44:30.380] -- [TRACE] -- [main &gt;&gt;&gt;&gt; CachedIntrospectionResults.java:297 &gt;&gt;&gt;&gt; Method = &lt;init&gt;] -- [Content = Found bean property &apos;useGloalDataSourceStat&apos; of type [boolean]]
[2018-07-02 21:44:30.381] -- [TRACE] -- [main &gt;&gt;&gt;&gt; CachedIntrospectionResults.java:297 &gt;&gt;&gt;&gt; Method = &lt;init&gt;] -- [Content = Found bean property &apos;useLocalSessionState&apos; of type [boolean]]
[2018-07-02 21:44:30.381] -- [TRACE] -- [main &gt;&gt;&gt;&gt; CachedIntrospectionResults.java:297 &gt;&gt;&gt;&gt; Method = &lt;init&gt;] -- [Content = Found bean property &apos;useOracleImplicitCache&apos; of type [boolean]]
[2018-07-02 21:44:30.381] -- [TRACE] -- [main &gt;&gt;&gt;&gt; CachedIntrospectionResults.java:297 &gt;&gt;&gt;&gt; Method = &lt;init&gt;] -- [Content = Found bean property &apos;useUnfairLock&apos; of type [boolean]]
[2018-07-02 21:44:30.381] -- [TRACE] -- [main &gt;&gt;&gt;&gt; CachedIntrospectionResults.java:297 &gt;&gt;&gt;&gt; Method = &lt;init&gt;] -- [Content = Found bean property &apos;userCallback&apos; of type [javax.security.auth.callback.NameCallback]]
[2018-07-02 21:44:30.381] -- [TRACE] -- [main &gt;&gt;&gt;&gt; CachedIntrospectionResults.java:297 &gt;&gt;&gt;&gt; Method = &lt;init&gt;] -- [Content = Found bean property &apos;username&apos; of type [java.lang.String]]
[2018-07-02 21:44:30.381] -- [TRACE] -- [main &gt;&gt;&gt;&gt; CachedIntrospectionResults.java:297 &gt;&gt;&gt;&gt; Method = &lt;init&gt;] -- [Content = Found bean property &apos;validConnectionChecker&apos; of type [com.alibaba.druid.pool.ValidConnectionChecker]]
[2018-07-02 21:44:30.382] -- [TRACE] -- [main &gt;&gt;&gt;&gt; CachedIntrospectionResults.java:297 &gt;&gt;&gt;&gt; Method = &lt;init&gt;] -- [Content = Found bean property &apos;validConnectionCheckerClassName&apos; of type [java.lang.String]]
[2018-07-02 21:44:30.382] -- [TRACE] -- [main &gt;&gt;&gt;&gt; CachedIntrospectionResults.java:297 &gt;&gt;&gt;&gt; Method = &lt;init&gt;] -- [Content = Found bean property &apos;validationQuery&apos; of type [java.lang.String]]
[2018-07-02 21:44:30.382] -- [TRACE] -- [main &gt;&gt;&gt;&gt; CachedIntrospectionResults.java:297 &gt;&gt;&gt;&gt; Method = &lt;init&gt;] -- [Content = Found bean property &apos;validationQueryTimeout&apos; of type [int]]
[2018-07-02 21:44:30.382] -- [TRACE] -- [main &gt;&gt;&gt;&gt; CachedIntrospectionResults.java:297 &gt;&gt;&gt;&gt; Method = &lt;init&gt;] -- [Content = Found bean property &apos;version&apos; of type [java.lang.String]]
[2018-07-02 21:44:30.382] -- [TRACE] -- [main &gt;&gt;&gt;&gt; CachedIntrospectionResults.java:297 &gt;&gt;&gt;&gt; Method = &lt;init&gt;] -- [Content = Found bean property &apos;waitThreadCount&apos; of type [int]]
[2018-07-02 21:44:30.382] -- [TRACE] -- [main &gt;&gt;&gt;&gt; CachedIntrospectionResults.java:297 &gt;&gt;&gt;&gt; Method = &lt;init&gt;] -- [Content = Found bean property &apos;wallStatMap&apos; of type [java.util.Map]]
[2018-07-02 21:44:30.383] -- [TRACE] -- [main &gt;&gt;&gt;&gt; TypeConverterDelegate.java:434 &gt;&gt;&gt;&gt; Method = doConvertValue] -- [Content = Converting String to [int] using property editor [org.springframework.beans.propertyeditors.CustomNumberEditor@49f5c307]]
[2018-07-02 21:44:30.383] -- [TRACE] -- [main &gt;&gt;&gt;&gt; TypeConverterDelegate.java:434 &gt;&gt;&gt;&gt; Method = doConvertValue] -- [Content = Converting String to [int] using property editor [org.springframework.beans.propertyeditors.CustomNumberEditor@49f5c307]]
[2018-07-02 21:44:30.384] -- [TRACE] -- [main &gt;&gt;&gt;&gt; TypeConverterDelegate.java:434 &gt;&gt;&gt;&gt; Method = doConvertValue] -- [Content = Converting String to [int] using property editor [org.springframework.beans.propertyeditors.CustomNumberEditor@49f5c307]]
[2018-07-02 21:44:30.384] -- [TRACE] -- [main &gt;&gt;&gt;&gt; TypeConverterDelegate.java:434 &gt;&gt;&gt;&gt; Method = doConvertValue] -- [Content = Converting String to [long] using property editor [org.springframework.beans.propertyeditors.CustomNumberEditor@299266e2]]
[2018-07-02 21:44:30.384] -- [TRACE] -- [main &gt;&gt;&gt;&gt; TypeConverterDelegate.java:434 &gt;&gt;&gt;&gt; Method = doConvertValue] -- [Content = Converting String to [long] using property editor [org.springframework.beans.propertyeditors.CustomNumberEditor@299266e2]]
[2018-07-02 21:44:30.384] -- [TRACE] -- [main &gt;&gt;&gt;&gt; TypeConverterDelegate.java:434 &gt;&gt;&gt;&gt; Method = doConvertValue] -- [Content = Converting String to [long] using property editor [org.springframework.beans.propertyeditors.CustomNumberEditor@299266e2]]
[2018-07-02 21:44:30.385] -- [TRACE] -- [main &gt;&gt;&gt;&gt; TypeConverterDelegate.java:434 &gt;&gt;&gt;&gt; Method = doConvertValue] -- [Content = Converting String to [boolean] using property editor [org.springframework.beans.propertyeditors.CustomBooleanEditor@5471388b]]
[2018-07-02 21:44:30.385] -- [TRACE] -- [main &gt;&gt;&gt;&gt; TypeConverterDelegate.java:434 &gt;&gt;&gt;&gt; Method = doConvertValue] -- [Content = Converting String to [int] using property editor [org.springframework.beans.propertyeditors.CustomNumberEditor@49f5c307]]
[2018-07-02 21:44:30.385] -- [TRACE] -- [main &gt;&gt;&gt;&gt; TypeConverterDelegate.java:434 &gt;&gt;&gt;&gt; Method = doConvertValue] -- [Content = Converting String to [boolean] using property editor [org.springframework.beans.propertyeditors.CustomBooleanEditor@5471388b]]
[2018-07-02 21:44:30.385] -- [TRACE] -- [main &gt;&gt;&gt;&gt; TypeConverterDelegate.java:434 &gt;&gt;&gt;&gt; Method = doConvertValue] -- [Content = Converting String to [boolean] using property editor [org.springframework.beans.propertyeditors.CustomBooleanEditor@5471388b]]
[2018-07-02 21:44:30.386] -- [TRACE] -- [main &gt;&gt;&gt;&gt; TypeConverterDelegate.java:434 &gt;&gt;&gt;&gt; Method = doConvertValue] -- [Content = Converting String to [boolean] using property editor [org.springframework.beans.propertyeditors.CustomBooleanEditor@5471388b]]
[2018-07-02 21:44:30.386] -- [TRACE] -- [main &gt;&gt;&gt;&gt; TypeConverterDelegate.java:434 &gt;&gt;&gt;&gt; Method = doConvertValue] -- [Content = Converting String to [boolean] using property editor [org.springframework.beans.propertyeditors.CustomBooleanEditor@5471388b]]
[2018-07-02 21:44:30.386] -- [TRACE] -- [main &gt;&gt;&gt;&gt; TypeConverterDelegate.java:434 &gt;&gt;&gt;&gt; Method = doConvertValue] -- [Content = Converting String to [int] using property editor [org.springframework.beans.propertyeditors.CustomNumberEditor@49f5c307]]
[2018-07-02 21:44:30.386] -- [TRACE] -- [main &gt;&gt;&gt;&gt; TypeConverterDelegate.java:434 &gt;&gt;&gt;&gt; Method = doConvertValue] -- [Content = Converting String to [boolean] using property editor [org.springframework.beans.propertyeditors.CustomBooleanEditor@5471388b]]
[2018-07-02 21:44:30.388] -- [DEBUG] -- [main &gt;&gt;&gt;&gt; AbstractAutowireCapableBeanFactory.java:1678 &gt;&gt;&gt;&gt; Method = invokeCustomInitMethod] -- [Content = Invoking init method  &apos;init&apos; on bean with name &apos;dataSource&apos;]
[2018-07-02 21:44:34.401] -- [WARN] -- [main &gt;&gt;&gt;&gt; AbstractApplicationContext.java:546 &gt;&gt;&gt;&gt; Method = refresh] -- [Content = Exception encountered during context initialization - cancelling refresh attempt: org.springframework.beans.factory.BeanCreationException: Error creating bean with name &apos;entityManagerFactory&apos; defined in file [/Users/xk1020/IdeaProjects/Basic-Single-Module-SSJPA/target/classes/spring/applicationContext-jpa.xml]: Cannot resolve reference to bean &apos;dataSource&apos; while setting bean property &apos;dataSource&apos;; nested exception is org.springframework.beans.factory.BeanCreationException: Error creating bean with name &apos;dataSource&apos; defined in file [/Users/xk1020/IdeaProjects/Basic-Single-Module-SSJPA/target/classes/spring/applicationContext-dataSource.xml]: Invocation of init method failed; nested exception is com.mysql.jdbc.exceptions.jdbc4.MySQLNonTransientConnectionException: Could not create connection to database server. Attempted reconnect 3 times. Giving up.]
[2018-07-02 21:44:34.402] -- [DEBUG] -- [main &gt;&gt;&gt;&gt; DefaultSingletonBeanRegistry.java:512 &gt;&gt;&gt;&gt; Method = destroySingletons] -- [Content = Destroying singletons in org.springframework.beans.factory.support.DefaultListableBeanFactory@532a02d9: defining beans [org.springframework.context.support.PropertySourcesPlaceholderConfigurer#0,sysUserServiceImpl,org.springframework.context.annotation.internalConfigurationAnnotationProcessor,org.springframework.context.annotation.internalAutowiredAnnotationProcessor,org.springframework.context.annotation.internalRequiredAnnotationProcessor,org.springframework.context.annotation.internalCommonAnnotationProcessor,org.springframework.context.annotation.internalPersistenceAnnotationProcessor,org.springframework.context.event.internalEventListenerProcessor,org.springframework.context.event.internalEventListenerFactory,dataSource,druid-stat-interceptor,druid-stat-pointcut,org.springframework.aop.config.internalAutoProxyCreator,org.springframework.aop.support.DefaultBeanFactoryPointcutAdvisor#0,transactionManager,transactionAdvice,transactionPointcut,org.springframework.aop.support.DefaultBeanFactoryPointcutAdvisor#1,entityManagerFactory,hibernateJpaVendorAdapter,org.springframework.data.jpa.repository.config.JpaRepositoryConfigExtension#0,org.springframework.data.repository.core.support.RepositoryFactoryBeanSupport_Predictor,emBeanDefinitionRegistrarPostProcessor,jpaMappingContext,jpaContext,sysUserDao,org.springframework.context.annotation.ConfigurationClassPostProcessor.importAwareProcessor,org.springframework.context.annotation.ConfigurationClassPostProcessor.enhancedConfigurationProcessor,org.springframework.orm.jpa.SharedEntityManagerCreator#0]; root of factory hierarchy]
[2018-07-02 21:44:34.403] -- [ERROR] -- [main &gt;&gt;&gt;&gt; TestContextManager.java:231 &gt;&gt;&gt;&gt; Method = prepareTestInstance] -- [Content = Caught exception while allowing TestExecutionListener [org.springframework.test.context.support.DependencyInjectionTestExecutionListener@101df177] to prepare test instance [com.youmeek.ssm.SSMTest@7e3f95fe]]
java.lang.IllegalStateException: Failed to load ApplicationContext
	at org.springframework.test.context.cache.DefaultCacheAwareContextLoaderDelegate.loadContext(DefaultCacheAwareContextLoaderDelegate.java:124)
	at org.springframework.test.context.support.DefaultTestContext.getApplicationContext(DefaultTestContext.java:83)
	at org.springframework.test.context.support.DependencyInjectionTestExecutionListener.injectDependencies(DependencyInjectionTestExecutionListener.java:117)
	at org.springframework.test.context.support.DependencyInjectionTestExecutionListener.prepareTestInstance(DependencyInjectionTestExecutionListener.java:83)
	at org.springframework.test.context.TestContextManager.prepareTestInstance(TestContextManager.java:228)
	at org.springframework.test.context.junit4.SpringJUnit4ClassRunner.createTest(SpringJUnit4ClassRunner.java:230)
	at org.springframework.test.context.junit4.SpringJUnit4ClassRunner$1.runReflectiveCall(SpringJUnit4ClassRunner.java:289)
	at org.junit.internal.runners.model.ReflectiveCallable.run(ReflectiveCallable.java:12)
	at org.springframework.test.context.junit4.SpringJUnit4ClassRunner.methodBlock(SpringJUnit4ClassRunner.java:291)
	at org.springframework.test.context.junit4.SpringJUnit4ClassRunner.runChild(SpringJUnit4ClassRunner.java:249)
	at org.springframework.test.context.junit4.SpringJUnit4ClassRunner.runChild(SpringJUnit4ClassRunner.java:89)
	at org.junit.runners.ParentRunner$3.run(ParentRunner.java:238)
	at org.junit.runners.ParentRunner$1.schedule(ParentRunner.java:63)
	at org.junit.runners.ParentRunner.runChildren(ParentRunner.java:236)
	at org.junit.runners.ParentRunner.access$000(ParentRunner.java:53)
	at org.junit.runners.ParentRunner$2.evaluate(ParentRunner.java:229)
	at org.springframework.test.context.junit4.statements.RunBeforeTestClassCallbacks.evaluate(RunBeforeTestClassCallbacks.java:61)
	at org.springframework.test.context.junit4.statements.RunAfterTestClassCallbacks.evaluate(RunAfterTestClassCallbacks.java:70)
	at org.junit.runners.ParentRunner.run(ParentRunner.java:309)
	at org.springframework.test.context.junit4.SpringJUnit4ClassRunner.run(SpringJUnit4ClassRunner.java:193)
	at org.apache.maven.surefire.junit4.JUnit4Provider.execute(JUnit4Provider.java:252)
	at org.apache.maven.surefire.junit4.JUnit4Provider.executeTestSet(JUnit4Provider.java:141)
	at org.apache.maven.surefire.junit4.JUnit4Provider.invoke(JUnit4Provider.java:112)
	at sun.reflect.NativeMethodAccessorImpl.invoke0(Native Method)
	at sun.reflect.NativeMethodAccessorImpl.invoke(NativeMethodAccessorImpl.java:62)
	at sun.reflect.DelegatingMethodAccessorImpl.invoke(DelegatingMethodAccessorImpl.java:43)
	at java.lang.reflect.Method.invoke(Method.java:498)
	at org.apache.maven.surefire.util.ReflectionUtils.invokeMethodWithArray(ReflectionUtils.java:189)
	at org.apache.maven.surefire.booter.ProviderFactory$ProviderProxy.invoke(ProviderFactory.java:165)
	at org.apache.maven.surefire.booter.ProviderFactory.invokeProvider(ProviderFactory.java:85)
	at org.apache.maven.surefire.booter.ForkedBooter.runSuitesInProcess(ForkedBooter.java:115)
	at org.apache.maven.surefire.booter.ForkedBooter.main(ForkedBooter.java:75)
Caused by: org.springframework.beans.factory.BeanCreationException: Error creating bean with name &apos;entityManagerFactory&apos; defined in file [/Users/xk1020/IdeaProjects/Basic-Single-Module-SSJPA/target/classes/spring/applicationContext-jpa.xml]: Cannot resolve reference to bean &apos;dataSource&apos; while setting bean property &apos;dataSource&apos;; nested exception is org.springframework.beans.factory.BeanCreationException: Error creating bean with name &apos;dataSource&apos; defined in file [/Users/xk1020/IdeaProjects/Basic-Single-Module-SSJPA/target/classes/spring/applicationContext-dataSource.xml]: Invocation of init method failed; nested exception is com.mysql.jdbc.exceptions.jdbc4.MySQLNonTransientConnectionException: Could not create connection to database server. Attempted reconnect 3 times. Giving up.
	at org.springframework.beans.factory.support.BeanDefinitionValueResolver.resolveReference(BeanDefinitionValueResolver.java:359)
	at org.springframework.beans.factory.support.BeanDefinitionValueResolver.resolveValueIfNecessary(BeanDefinitionValueResolver.java:108)
	at org.springframework.beans.factory.support.AbstractAutowireCapableBeanFactory.applyPropertyValues(AbstractAutowireCapableBeanFactory.java:1481)
	at org.springframework.beans.factory.support.AbstractAutowireCapableBeanFactory.populateBean(AbstractAutowireCapableBeanFactory.java:1226)
	at org.springframework.beans.factory.support.AbstractAutowireCapableBeanFactory.doCreateBean(AbstractAutowireCapableBeanFactory.java:543)
	at org.springframework.beans.factory.support.AbstractAutowireCapableBeanFactory.createBean(AbstractAutowireCapableBeanFactory.java:482)
	at org.springframework.beans.factory.support.AbstractBeanFactory$1.getObject(AbstractBeanFactory.java:306)
	at org.springframework.beans.factory.support.DefaultSingletonBeanRegistry.getSingleton(DefaultSingletonBeanRegistry.java:230)
	at org.springframework.beans.factory.support.AbstractBeanFactory.doGetBean(AbstractBeanFactory.java:302)
	at org.springframework.beans.factory.support.AbstractBeanFactory.getBean(AbstractBeanFactory.java:197)
	at org.springframework.context.support.AbstractApplicationContext.getBean(AbstractApplicationContext.java:1054)
	at org.springframework.context.support.AbstractApplicationContext.finishBeanFactoryInitialization(AbstractApplicationContext.java:829)
	at org.springframework.context.support.AbstractApplicationContext.refresh(AbstractApplicationContext.java:538)
	at org.springframework.test.context.support.AbstractGenericContextLoader.loadContext(AbstractGenericContextLoader.java:125)
	at org.springframework.test.context.support.AbstractGenericContextLoader.loadContext(AbstractGenericContextLoader.java:60)
	at org.springframework.test.context.support.AbstractDelegatingSmartContextLoader.delegateLoading(AbstractDelegatingSmartContextLoader.java:109)
	at org.springframework.test.context.support.AbstractDelegatingSmartContextLoader.loadContext(AbstractDelegatingSmartContextLoader.java:261)
	at org.springframework.test.context.cache.DefaultCacheAwareContextLoaderDelegate.loadContextInternal(DefaultCacheAwareContextLoaderDelegate.java:98)
	at org.springframework.test.context.cache.DefaultCacheAwareContextLoaderDelegate.loadContext(DefaultCacheAwareContextLoaderDelegate.java:116)
	... 31 common frames omitted
Caused by: org.springframework.beans.factory.BeanCreationException: Error creating bean with name &apos;dataSource&apos; defined in file [/Users/xk1020/IdeaProjects/Basic-Single-Module-SSJPA/target/classes/spring/applicationContext-dataSource.xml]: Invocation of init method failed; nested exception is com.mysql.jdbc.exceptions.jdbc4.MySQLNonTransientConnectionException: Could not create connection to database server. Attempted reconnect 3 times. Giving up.
	at org.springframework.beans.factory.support.AbstractAutowireCapableBeanFactory.initializeBean(AbstractAutowireCapableBeanFactory.java:1578)
	at org.springframework.beans.factory.support.AbstractAutowireCapableBeanFactory.doCreateBean(AbstractAutowireCapableBeanFactory.java:545)
	at org.springframework.beans.factory.support.AbstractAutowireCapableBeanFactory.createBean(AbstractAutowireCapableBeanFactory.java:482)
	at org.springframework.beans.factory.support.AbstractBeanFactory$1.getObject(AbstractBeanFactory.java:306)
	at org.springframework.beans.factory.support.DefaultSingletonBeanRegistry.getSingleton(DefaultSingletonBeanRegistry.java:230)
	at org.springframework.beans.factory.support.AbstractBeanFactory.doGetBean(AbstractBeanFactory.java:302)
	at org.springframework.beans.factory.support.AbstractBeanFactory.getBean(AbstractBeanFactory.java:197)
	at org.springframework.beans.factory.support.BeanDefinitionValueResolver.resolveReference(BeanDefinitionValueResolver.java:351)
	... 49 common frames omitted
Caused by: com.mysql.jdbc.exceptions.jdbc4.MySQLNonTransientConnectionException: Could not create connection to database server. Attempted reconnect 3 times. Giving up.
	at sun.reflect.NativeConstructorAccessorImpl.newInstance0(Native Method)
	at sun.reflect.NativeConstructorAccessorImpl.newInstance(NativeConstructorAccessorImpl.java:62)
	at sun.reflect.DelegatingConstructorAccessorImpl.newInstance(DelegatingConstructorAccessorImpl.java:45)
	at java.lang.reflect.Constructor.newInstance(Constructor.java:423)
	at com.mysql.jdbc.Util.handleNewInstance(Util.java:411)
	at com.mysql.jdbc.Util.getInstance(Util.java:386)
	at com.mysql.jdbc.SQLError.createSQLException(SQLError.java:1014)
	at com.mysql.jdbc.SQLError.createSQLException(SQLError.java:988)
	at com.mysql.jdbc.SQLError.createSQLException(SQLError.java:974)
	at com.mysql.jdbc.SQLError.createSQLException(SQLError.java:919)
	at com.mysql.jdbc.ConnectionImpl.connectWithRetries(ConnectionImpl.java:2299)
	at com.mysql.jdbc.ConnectionImpl.createNewIO(ConnectionImpl.java:2220)
	at com.mysql.jdbc.ConnectionImpl.&lt;init&gt;(ConnectionImpl.java:813)
	at com.mysql.jdbc.JDBC4Connection.&lt;init&gt;(JDBC4Connection.java:47)
	at sun.reflect.NativeConstructorAccessorImpl.newInstance0(Native Method)
	at sun.reflect.NativeConstructorAccessorImpl.newInstance(NativeConstructorAccessorImpl.java:62)
	at sun.reflect.DelegatingConstructorAccessorImpl.newInstance(DelegatingConstructorAccessorImpl.java:45)
	at java.lang.reflect.Constructor.newInstance(Constructor.java:423)
	at com.mysql.jdbc.Util.handleNewInstance(Util.java:411)
	at com.mysql.jdbc.ConnectionImpl.getInstance(ConnectionImpl.java:399)
	at com.mysql.jdbc.NonRegisteringDriver.connect(NonRegisteringDriver.java:334)
	at com.alibaba.druid.filter.FilterChainImpl.connection_connect(FilterChainImpl.java:148)
	at com.alibaba.druid.filter.FilterAdapter.connection_connect(FilterAdapter.java:786)
	at com.alibaba.druid.filter.FilterEventAdapter.connection_connect(FilterEventAdapter.java:38)
	at com.alibaba.druid.filter.FilterChainImpl.connection_connect(FilterChainImpl.java:142)
	at com.alibaba.druid.filter.stat.StatFilter.connection_connect(StatFilter.java:211)
	at com.alibaba.druid.filter.FilterChainImpl.connection_connect(FilterChainImpl.java:142)
	at com.alibaba.druid.pool.DruidAbstractDataSource.createPhysicalConnection(DruidAbstractDataSource.java:1360)
	at com.alibaba.druid.pool.DruidAbstractDataSource.createPhysicalConnection(DruidAbstractDataSource.java:1414)
	at com.alibaba.druid.pool.DruidDataSource.init(DruidDataSource.java:602)
	at sun.reflect.NativeMethodAccessorImpl.invoke0(Native Method)
	at sun.reflect.NativeMethodAccessorImpl.invoke(NativeMethodAccessorImpl.java:62)
	at sun.reflect.DelegatingMethodAccessorImpl.invoke(DelegatingMethodAccessorImpl.java:43)
	at java.lang.reflect.Method.invoke(Method.java:498)
	at org.springframework.beans.factory.support.AbstractAutowireCapableBeanFactory.invokeCustomInitMethod(AbstractAutowireCapableBeanFactory.java:1706)
	at org.springframework.beans.factory.support.AbstractAutowireCapableBeanFactory.invokeInitMethods(AbstractAutowireCapableBeanFactory.java:1645)
	at org.springframework.beans.factory.support.AbstractAutowireCapableBeanFactory.initializeBean(AbstractAutowireCapableBeanFactory.java:1574)
	... 56 common frames omitted
Caused by: java.sql.SQLException: Access denied for user &apos;root &apos;@&apos;localhost&apos; (using password: YES)
	at com.mysql.jdbc.SQLError.createSQLException(SQLError.java:1074)
	at com.mysql.jdbc.MysqlIO.checkErrorPacket(MysqlIO.java:4074)
	at com.mysql.jdbc.MysqlIO.checkErrorPacket(MysqlIO.java:4006)
	at com.mysql.jdbc.MysqlIO.checkErrorPacket(MysqlIO.java:919)
	at com.mysql.jdbc.MysqlIO.proceedHandshakeWithPluggableAuthentication(MysqlIO.java:1694)
	at com.mysql.jdbc.MysqlIO.doHandshake(MysqlIO.java:1244)
	at com.mysql.jdbc.ConnectionImpl.coreConnect(ConnectionImpl.java:2397)
	at com.mysql.jdbc.ConnectionImpl.connectWithRetries(ConnectionImpl.java:2238)
	... 82 common frames omitted
</system-out>
  </testcase>
  <testcase classname="com.youmeek.ssm.SSMTest" name="testSaveSysUserToTransactionalTest" time="0.003">
    <error message="Failed to load ApplicationContext" type="java.lang.IllegalStateException">java.lang.IllegalStateException: Failed to load ApplicationContext
	at org.springframework.test.context.cache.DefaultCacheAwareContextLoaderDelegate.loadContext(DefaultCacheAwareContextLoaderDelegate.java:124)
	at org.springframework.test.context.support.DefaultTestContext.getApplicationContext(DefaultTestContext.java:83)
	at org.springframework.test.context.support.DependencyInjectionTestExecutionListener.injectDependencies(DependencyInjectionTestExecutionListener.java:117)
	at org.springframework.test.context.support.DependencyInjectionTestExecutionListener.prepareTestInstance(DependencyInjectionTestExecutionListener.java:83)
	at org.springframework.test.context.TestContextManager.prepareTestInstance(TestContextManager.java:228)
	at org.springframework.test.context.junit4.SpringJUnit4ClassRunner.createTest(SpringJUnit4ClassRunner.java:230)
	at org.springframework.test.context.junit4.SpringJUnit4ClassRunner$1.runReflectiveCall(SpringJUnit4ClassRunner.java:289)
	at org.junit.internal.runners.model.ReflectiveCallable.run(ReflectiveCallable.java:12)
	at org.springframework.test.context.junit4.SpringJUnit4ClassRunner.methodBlock(SpringJUnit4ClassRunner.java:291)
	at org.springframework.test.context.junit4.SpringJUnit4ClassRunner.runChild(SpringJUnit4ClassRunner.java:249)
	at org.springframework.test.context.junit4.SpringJUnit4ClassRunner.runChild(SpringJUnit4ClassRunner.java:89)
	at org.junit.runners.ParentRunner$3.run(ParentRunner.java:238)
	at org.junit.runners.ParentRunner$1.schedule(ParentRunner.java:63)
	at org.junit.runners.ParentRunner.runChildren(ParentRunner.java:236)
	at org.junit.runners.ParentRunner.access$000(ParentRunner.java:53)
	at org.junit.runners.ParentRunner$2.evaluate(ParentRunner.java:229)
	at org.springframework.test.context.junit4.statements.RunBeforeTestClassCallbacks.evaluate(RunBeforeTestClassCallbacks.java:61)
	at org.springframework.test.context.junit4.statements.RunAfterTestClassCallbacks.evaluate(RunAfterTestClassCallbacks.java:70)
	at org.junit.runners.ParentRunner.run(ParentRunner.java:309)
	at org.springframework.test.context.junit4.SpringJUnit4ClassRunner.run(SpringJUnit4ClassRunner.java:193)
	at org.apache.maven.surefire.junit4.JUnit4Provider.execute(JUnit4Provider.java:252)
	at org.apache.maven.surefire.junit4.JUnit4Provider.executeTestSet(JUnit4Provider.java:141)
	at org.apache.maven.surefire.junit4.JUnit4Provider.invoke(JUnit4Provider.java:112)
	at sun.reflect.NativeMethodAccessorImpl.invoke0(Native Method)
	at sun.reflect.NativeMethodAccessorImpl.invoke(NativeMethodAccessorImpl.java:62)
	at sun.reflect.DelegatingMethodAccessorImpl.invoke(DelegatingMethodAccessorImpl.java:43)
	at java.lang.reflect.Method.invoke(Method.java:498)
	at org.apache.maven.surefire.util.ReflectionUtils.invokeMethodWithArray(ReflectionUtils.java:189)
	at org.apache.maven.surefire.booter.ProviderFactory$ProviderProxy.invoke(ProviderFactory.java:165)
	at org.apache.maven.surefire.booter.ProviderFactory.invokeProvider(ProviderFactory.java:85)
	at org.apache.maven.surefire.booter.ForkedBooter.runSuitesInProcess(ForkedBooter.java:115)
	at org.apache.maven.surefire.booter.ForkedBooter.main(ForkedBooter.java:75)
Caused by: org.springframework.beans.factory.BeanCreationException: Error creating bean with name &apos;entityManagerFactory&apos; defined in file [/Users/xk1020/IdeaProjects/Basic-Single-Module-SSJPA/target/classes/spring/applicationContext-jpa.xml]: Cannot resolve reference to bean &apos;dataSource&apos; while setting bean property &apos;dataSource&apos;; nested exception is org.springframework.beans.factory.BeanCreationException: Error creating bean with name &apos;dataSource&apos; defined in file [/Users/xk1020/IdeaProjects/Basic-Single-Module-SSJPA/target/classes/spring/applicationContext-dataSource.xml]: Invocation of init method failed; nested exception is com.mysql.jdbc.exceptions.jdbc4.MySQLNonTransientConnectionException: Could not create connection to database server. Attempted reconnect 3 times. Giving up.
	at org.springframework.beans.factory.support.BeanDefinitionValueResolver.resolveReference(BeanDefinitionValueResolver.java:359)
	at org.springframework.beans.factory.support.BeanDefinitionValueResolver.resolveValueIfNecessary(BeanDefinitionValueResolver.java:108)
	at org.springframework.beans.factory.support.AbstractAutowireCapableBeanFactory.applyPropertyValues(AbstractAutowireCapableBeanFactory.java:1481)
	at org.springframework.beans.factory.support.AbstractAutowireCapableBeanFactory.populateBean(AbstractAutowireCapableBeanFactory.java:1226)
	at org.springframework.beans.factory.support.AbstractAutowireCapableBeanFactory.doCreateBean(AbstractAutowireCapableBeanFactory.java:543)
	at org.springframework.beans.factory.support.AbstractAutowireCapableBeanFactory.createBean(AbstractAutowireCapableBeanFactory.java:482)
	at org.springframework.beans.factory.support.AbstractBeanFactory$1.getObject(AbstractBeanFactory.java:306)
	at org.springframework.beans.factory.support.DefaultSingletonBeanRegistry.getSingleton(DefaultSingletonBeanRegistry.java:230)
	at org.springframework.beans.factory.support.AbstractBeanFactory.doGetBean(AbstractBeanFactory.java:302)
	at org.springframework.beans.factory.support.AbstractBeanFactory.getBean(AbstractBeanFactory.java:197)
	at org.springframework.context.support.AbstractApplicationContext.getBean(AbstractApplicationContext.java:1054)
	at org.springframework.context.support.AbstractApplicationContext.finishBeanFactoryInitialization(AbstractApplicationContext.java:829)
	at org.springframework.context.support.AbstractApplicationContext.refresh(AbstractApplicationContext.java:538)
	at org.springframework.test.context.support.AbstractGenericContextLoader.loadContext(AbstractGenericContextLoader.java:125)
	at org.springframework.test.context.support.AbstractGenericContextLoader.loadContext(AbstractGenericContextLoader.java:60)
	at org.springframework.test.context.support.AbstractDelegatingSmartContextLoader.delegateLoading(AbstractDelegatingSmartContextLoader.java:109)
	at org.springframework.test.context.support.AbstractDelegatingSmartContextLoader.loadContext(AbstractDelegatingSmartContextLoader.java:261)
	at org.springframework.test.context.cache.DefaultCacheAwareContextLoaderDelegate.loadContextInternal(DefaultCacheAwareContextLoaderDelegate.java:98)
	at org.springframework.test.context.cache.DefaultCacheAwareContextLoaderDelegate.loadContext(DefaultCacheAwareContextLoaderDelegate.java:116)
	... 31 more
Caused by: org.springframework.beans.factory.BeanCreationException: Error creating bean with name &apos;dataSource&apos; defined in file [/Users/xk1020/IdeaProjects/Basic-Single-Module-SSJPA/target/classes/spring/applicationContext-dataSource.xml]: Invocation of init method failed; nested exception is com.mysql.jdbc.exceptions.jdbc4.MySQLNonTransientConnectionException: Could not create connection to database server. Attempted reconnect 3 times. Giving up.
	at org.springframework.beans.factory.support.AbstractAutowireCapableBeanFactory.initializeBean(AbstractAutowireCapableBeanFactory.java:1578)
	at org.springframework.beans.factory.support.AbstractAutowireCapableBeanFactory.doCreateBean(AbstractAutowireCapableBeanFactory.java:545)
	at org.springframework.beans.factory.support.AbstractAutowireCapableBeanFactory.createBean(AbstractAutowireCapableBeanFactory.java:482)
	at org.springframework.beans.factory.support.AbstractBeanFactory$1.getObject(AbstractBeanFactory.java:306)
	at org.springframework.beans.factory.support.DefaultSingletonBeanRegistry.getSingleton(DefaultSingletonBeanRegistry.java:230)
	at org.springframework.beans.factory.support.AbstractBeanFactory.doGetBean(AbstractBeanFactory.java:302)
	at org.springframework.beans.factory.support.AbstractBeanFactory.getBean(AbstractBeanFactory.java:197)
	at org.springframework.beans.factory.support.BeanDefinitionValueResolver.resolveReference(BeanDefinitionValueResolver.java:351)
	... 49 more
Caused by: com.mysql.jdbc.exceptions.jdbc4.MySQLNonTransientConnectionException: Could not create connection to database server. Attempted reconnect 3 times. Giving up.
	at sun.reflect.NativeConstructorAccessorImpl.newInstance0(Native Method)
	at sun.reflect.NativeConstructorAccessorImpl.newInstance(NativeConstructorAccessorImpl.java:62)
	at sun.reflect.DelegatingConstructorAccessorImpl.newInstance(DelegatingConstructorAccessorImpl.java:45)
	at java.lang.reflect.Constructor.newInstance(Constructor.java:423)
	at com.mysql.jdbc.Util.handleNewInstance(Util.java:411)
	at com.mysql.jdbc.Util.getInstance(Util.java:386)
	at com.mysql.jdbc.SQLError.createSQLException(SQLError.java:1014)
	at com.mysql.jdbc.SQLError.createSQLException(SQLError.java:988)
	at com.mysql.jdbc.SQLError.createSQLException(SQLError.java:974)
	at com.mysql.jdbc.SQLError.createSQLException(SQLError.java:919)
	at com.mysql.jdbc.ConnectionImpl.connectWithRetries(ConnectionImpl.java:2299)
	at com.mysql.jdbc.ConnectionImpl.createNewIO(ConnectionImpl.java:2220)
	at com.mysql.jdbc.ConnectionImpl.&lt;init&gt;(ConnectionImpl.java:813)
	at com.mysql.jdbc.JDBC4Connection.&lt;init&gt;(JDBC4Connection.java:47)
	at sun.reflect.NativeConstructorAccessorImpl.newInstance0(Native Method)
	at sun.reflect.NativeConstructorAccessorImpl.newInstance(NativeConstructorAccessorImpl.java:62)
	at sun.reflect.DelegatingConstructorAccessorImpl.newInstance(DelegatingConstructorAccessorImpl.java:45)
	at java.lang.reflect.Constructor.newInstance(Constructor.java:423)
	at com.mysql.jdbc.Util.handleNewInstance(Util.java:411)
	at com.mysql.jdbc.ConnectionImpl.getInstance(ConnectionImpl.java:399)
	at com.mysql.jdbc.NonRegisteringDriver.connect(NonRegisteringDriver.java:334)
	at com.alibaba.druid.filter.FilterChainImpl.connection_connect(FilterChainImpl.java:148)
	at com.alibaba.druid.filter.FilterAdapter.connection_connect(FilterAdapter.java:786)
	at com.alibaba.druid.filter.FilterEventAdapter.connection_connect(FilterEventAdapter.java:38)
	at com.alibaba.druid.filter.FilterChainImpl.connection_connect(FilterChainImpl.java:142)
	at com.alibaba.druid.filter.stat.StatFilter.connection_connect(StatFilter.java:211)
	at com.alibaba.druid.filter.FilterChainImpl.connection_connect(FilterChainImpl.java:142)
	at com.alibaba.druid.pool.DruidAbstractDataSource.createPhysicalConnection(DruidAbstractDataSource.java:1360)
	at com.alibaba.druid.pool.DruidAbstractDataSource.createPhysicalConnection(DruidAbstractDataSource.java:1414)
	at com.alibaba.druid.pool.DruidDataSource.init(DruidDataSource.java:602)
	at sun.reflect.NativeMethodAccessorImpl.invoke0(Native Method)
	at sun.reflect.NativeMethodAccessorImpl.invoke(NativeMethodAccessorImpl.java:62)
	at sun.reflect.DelegatingMethodAccessorImpl.invoke(DelegatingMethodAccessorImpl.java:43)
	at java.lang.reflect.Method.invoke(Method.java:498)
	at org.springframework.beans.factory.support.AbstractAutowireCapableBeanFactory.invokeCustomInitMethod(AbstractAutowireCapableBeanFactory.java:1706)
	at org.springframework.beans.factory.support.AbstractAutowireCapableBeanFactory.invokeInitMethods(AbstractAutowireCapableBeanFactory.java:1645)
	at org.springframework.beans.factory.support.AbstractAutowireCapableBeanFactory.initializeBean(AbstractAutowireCapableBeanFactory.java:1574)
	... 56 more
Caused by: java.sql.SQLException: Access denied for user &apos;root &apos;@&apos;localhost&apos; (using password: YES)
	at com.mysql.jdbc.SQLError.createSQLException(SQLError.java:1074)
	at com.mysql.jdbc.MysqlIO.checkErrorPacket(MysqlIO.java:4074)
	at com.mysql.jdbc.MysqlIO.checkErrorPacket(MysqlIO.java:4006)
	at com.mysql.jdbc.MysqlIO.checkErrorPacket(MysqlIO.java:919)
	at com.mysql.jdbc.MysqlIO.proceedHandshakeWithPluggableAuthentication(MysqlIO.java:1694)
	at com.mysql.jdbc.MysqlIO.doHandshake(MysqlIO.java:1244)
	at com.mysql.jdbc.ConnectionImpl.coreConnect(ConnectionImpl.java:2397)
	at com.mysql.jdbc.ConnectionImpl.connectWithRetries(ConnectionImpl.java:2238)
	... 82 more
</error>
    <system-out>[2018-07-02 21:44:34.406] -- [DEBUG] -- [main &gt;&gt;&gt;&gt; ProfileValueUtils.java:71 &gt;&gt;&gt;&gt; Method = retrieveProfileValueSource] -- [Content = Retrieved @ProfileValueSourceConfiguration [null] for test class [com.youmeek.ssm.SSMTest]]
[2018-07-02 21:44:34.406] -- [DEBUG] -- [main &gt;&gt;&gt;&gt; ProfileValueUtils.java:83 &gt;&gt;&gt;&gt; Method = retrieveProfileValueSource] -- [Content = Retrieved ProfileValueSource type [class org.springframework.test.annotation.SystemProfileValueSource] for class [com.youmeek.ssm.SSMTest]]
[2018-07-02 21:44:34.406] -- [TRACE] -- [main &gt;&gt;&gt;&gt; TestContextManager.java:222 &gt;&gt;&gt;&gt; Method = prepareTestInstance] -- [Content = prepareTestInstance(): instance [com.youmeek.ssm.SSMTest@56e07a08]]
[2018-07-02 21:44:34.406] -- [DEBUG] -- [main &gt;&gt;&gt;&gt; DependencyInjectionTestExecutionListener.java:81 &gt;&gt;&gt;&gt; Method = prepareTestInstance] -- [Content = Performing dependency injection for test context [[DefaultTestContext@49c43f4e testClass = SSMTest, testInstance = com.youmeek.ssm.SSMTest@56e07a08, testMethod = [null], testException = [null], mergedContextConfiguration = [MergedContextConfiguration@290dbf45 testClass = SSMTest, locations = &apos;{classpath*:spring/applicationContext*.xml}&apos;, classes = &apos;{}&apos;, contextInitializerClasses = &apos;[]&apos;, activeProfiles = &apos;{}&apos;, propertySourceLocations = &apos;{}&apos;, propertySourceProperties = &apos;{}&apos;, contextLoader = &apos;org.springframework.test.context.support.DelegatingSmartContextLoader&apos;, parent = [null]]]].]
[2018-07-02 21:44:34.407] -- [DEBUG] -- [main &gt;&gt;&gt;&gt; AbstractDelegatingSmartContextLoader.java:107 &gt;&gt;&gt;&gt; Method = delegateLoading] -- [Content = Delegating to GenericXmlContextLoader to load context from [MergedContextConfiguration@290dbf45 testClass = SSMTest, locations = &apos;{classpath*:spring/applicationContext*.xml}&apos;, classes = &apos;{}&apos;, contextInitializerClasses = &apos;[]&apos;, activeProfiles = &apos;{}&apos;, propertySourceLocations = &apos;{}&apos;, propertySourceProperties = &apos;{}&apos;, contextLoader = &apos;org.springframework.test.context.support.DelegatingSmartContextLoader&apos;, parent = [null]].]
[2018-07-02 21:44:34.407] -- [DEBUG] -- [main &gt;&gt;&gt;&gt; AbstractGenericContextLoader.java:107 &gt;&gt;&gt;&gt; Method = loadContext] -- [Content = Loading ApplicationContext for merged context configuration [[MergedContextConfiguration@290dbf45 testClass = SSMTest, locations = &apos;{classpath*:spring/applicationContext*.xml}&apos;, classes = &apos;{}&apos;, contextInitializerClasses = &apos;[]&apos;, activeProfiles = &apos;{}&apos;, propertySourceLocations = &apos;{}&apos;, propertySourceProperties = &apos;{}&apos;, contextLoader = &apos;org.springframework.test.context.support.DelegatingSmartContextLoader&apos;, parent = [null]]].]
[2018-07-02 21:44:34.408] -- [DEBUG] -- [main &gt;&gt;&gt;&gt; MutablePropertySources.java:109 &gt;&gt;&gt;&gt; Method = addLast] -- [Content = Adding [systemProperties] PropertySource with lowest search precedence]
[2018-07-02 21:44:34.408] -- [DEBUG] -- [main &gt;&gt;&gt;&gt; MutablePropertySources.java:109 &gt;&gt;&gt;&gt; Method = addLast] -- [Content = Adding [systemEnvironment] PropertySource with lowest search precedence]
[2018-07-02 21:44:34.409] -- [DEBUG] -- [main &gt;&gt;&gt;&gt; AbstractEnvironment.java:127 &gt;&gt;&gt;&gt; Method = &lt;init&gt;] -- [Content = Initialized StandardEnvironment with PropertySources [systemProperties,systemEnvironment]]
[2018-07-02 21:44:34.409] -- [DEBUG] -- [main &gt;&gt;&gt;&gt; PathMatchingResourcePatternResolver.java:312 &gt;&gt;&gt;&gt; Method = findAllClassPathResources] -- [Content = Resolved classpath location [spring/] to resources [URL [file:/Users/xk1020/IdeaProjects/Basic-Single-Module-SSJPA/target/classes/spring/]]]
[2018-07-02 21:44:34.409] -- [DEBUG] -- [main &gt;&gt;&gt;&gt; PathMatchingResourcePatternResolver.java:637 &gt;&gt;&gt;&gt; Method = doFindMatchingFileSystemResources] -- [Content = Looking for matching resources in directory tree [/Users/xk1020/IdeaProjects/Basic-Single-Module-SSJPA/target/classes/spring]]
[2018-07-02 21:44:34.410] -- [DEBUG] -- [main &gt;&gt;&gt;&gt; PathMatchingResourcePatternResolver.java:699 &gt;&gt;&gt;&gt; Method = doRetrieveMatchingFiles] -- [Content = Searching directory [/Users/xk1020/IdeaProjects/Basic-Single-Module-SSJPA/target/classes/spring] for files matching pattern [/Users/xk1020/IdeaProjects/Basic-Single-Module-SSJPA/target/classes/spring/applicationContext*.xml]]
[2018-07-02 21:44:34.410] -- [DEBUG] -- [main &gt;&gt;&gt;&gt; PathMatchingResourcePatternResolver.java:430 &gt;&gt;&gt;&gt; Method = findPathMatchingResources] -- [Content = Resolved location pattern [classpath*:spring/applicationContext*.xml] to resources [file [/Users/xk1020/IdeaProjects/Basic-Single-Module-SSJPA/target/classes/spring/applicationContext.xml], file [/Users/xk1020/IdeaProjects/Basic-Single-Module-SSJPA/target/classes/spring/applicationContext-dataSource.xml], file [/Users/xk1020/IdeaProjects/Basic-Single-Module-SSJPA/target/classes/spring/applicationContext-transaction.xml], file [/Users/xk1020/IdeaProjects/Basic-Single-Module-SSJPA/target/classes/spring/applicationContext-jpa.xml]]]
[2018-07-02 21:44:34.411] -- [INFO] -- [main &gt;&gt;&gt;&gt; XmlBeanDefinitionReader.java:317 &gt;&gt;&gt;&gt; Method = loadBeanDefinitions] -- [Content = Loading XML bean definitions from file [/Users/xk1020/IdeaProjects/Basic-Single-Module-SSJPA/target/classes/spring/applicationContext.xml]]
[2018-07-02 21:44:34.413] -- [DEBUG] -- [main &gt;&gt;&gt;&gt; DefaultDocumentLoader.java:73 &gt;&gt;&gt;&gt; Method = loadDocument] -- [Content = Using JAXP provider [com.sun.org.apache.xerces.internal.jaxp.DocumentBuilderFactoryImpl]]
[2018-07-02 21:44:34.415] -- [TRACE] -- [main &gt;&gt;&gt;&gt; PluggableSchemaResolver.java:106 &gt;&gt;&gt;&gt; Method = resolveEntity] -- [Content = Trying to resolve XML entity with public id [null] and system id [http://www.springframework.org/schema/beans/spring-beans-4.2.xsd]]
[2018-07-02 21:44:34.415] -- [DEBUG] -- [main &gt;&gt;&gt;&gt; PluggableSchemaResolver.java:141 &gt;&gt;&gt;&gt; Method = getSchemaMappings] -- [Content = Loading schema mappings from [META-INF/spring.schemas]]
[2018-07-02 21:44:34.422] -- [DEBUG] -- [main &gt;&gt;&gt;&gt; PluggableSchemaResolver.java:147 &gt;&gt;&gt;&gt; Method = getSchemaMappings] -- [Content = Loaded schema mappings: {http://www.springframework.org/schema/tx/spring-tx-2.5.xsd=org/springframework/transaction/config/spring-tx-2.5.xsd, http://www.springframework.org/schema/cache/spring-cache-4.2.xsd=org/springframework/cache/config/spring-cache-4.2.xsd, http://www.springframework.org/schema/aop/spring-aop-4.1.xsd=org/springframework/aop/config/spring-aop-4.1.xsd, http://www.springframework.org/schema/context/spring-context-3.1.xsd=org/springframework/context/config/spring-context-3.1.xsd, http://www.springframework.org/schema/data/repository/spring-repository-1.4.xsd=org/springframework/data/repository/config/spring-repository-1.4.xsd, http://www.springframework.org/schema/jdbc/spring-jdbc-4.1.xsd=org/springframework/jdbc/config/spring-jdbc-4.1.xsd, http://www.springframework.org/schema/util/spring-util-3.0.xsd=org/springframework/beans/factory/xml/spring-util-3.0.xsd, http://www.springframework.org/schema/mvc/spring-mvc-4.1.xsd=org/springframework/web/servlet/config/spring-mvc-4.1.xsd, http://www.springframework.org/schema/data/jpa/spring-jpa.xsd=org/springframework/data/jpa/repository/config/spring-jpa-1.8.xsd, http://www.springframework.org/schema/aop/spring-aop-3.2.xsd=org/springframework/aop/config/spring-aop-3.2.xsd, http://www.springframework.org/schema/tool/spring-tool.xsd=org/springframework/beans/factory/xml/spring-tool-4.2.xsd, http://www.springframework.org/schema/lang/spring-lang-4.1.xsd=org/springframework/scripting/config/spring-lang-4.1.xsd, http://www.springframework.org/schema/context/spring-context-4.0.xsd=org/springframework/context/config/spring-context-4.0.xsd, http://www.springframework.org/schema/mvc/spring-mvc-3.2.xsd=org/springframework/web/servlet/config/spring-mvc-3.2.xsd, http://www.springframework.org/schema/beans/spring-beans-4.2.xsd=org/springframework/beans/factory/xml/spring-beans-4.2.xsd, http://www.springframework.org/schema/oxm/spring-oxm-3.0.xsd=org/springframework/oxm/config/spring-oxm-3.0.xsd, http://www.springframework.org/schema/tool/spring-tool-4.1.xsd=org/springframework/beans/factory/xml/spring-tool-4.1.xsd, http://www.springframework.org/schema/lang/spring-lang-3.2.xsd=org/springframework/scripting/config/spring-lang-3.2.xsd, http://www.springframework.org/schema/cache/spring-cache-3.2.xsd=org/springframework/cache/config/spring-cache-3.2.xsd, http://www.springframework.org/schema/jee/spring-jee-4.1.xsd=org/springframework/ejb/config/spring-jee-4.1.xsd, http://www.springframework.org/schema/jdbc/spring-jdbc-3.1.xsd=org/springframework/jdbc/config/spring-jdbc-3.1.xsd, http://www.springframework.org/schema/task/spring-task-4.2.xsd=org/springframework/scheduling/config/spring-task-4.2.xsd, http://www.springframework.org/schema/util/spring-util-2.0.xsd=org/springframework/beans/factory/xml/spring-util-2.0.xsd, http://www.springframework.org/schema/tool/spring-tool-3.2.xsd=org/springframework/beans/factory/xml/spring-tool-3.2.xsd, http://www.springframework.org/schema/context/spring-context.xsd=org/springframework/context/config/spring-context-4.2.xsd, http://www.springframework.org/schema/tx/spring-tx-4.2.xsd=org/springframework/transaction/config/spring-tx-4.2.xsd, http://www.springframework.org/schema/cache/spring-cache-4.1.xsd=org/springframework/cache/config/spring-cache-4.1.xsd, http://www.springframework.org/schema/aop/spring-aop-4.0.xsd=org/springframework/aop/config/spring-aop-4.0.xsd, http://www.springframework.org/schema/jee/spring-jee-3.2.xsd=org/springframework/ejb/config/spring-jee-3.2.xsd, http://www.springframework.org/schema/context/spring-context-3.0.xsd=org/springframework/context/config/spring-context-3.0.xsd, http://www.springframework.org/schema/jdbc/spring-jdbc-4.0.xsd=org/springframework/jdbc/config/spring-jdbc-4.0.xsd, http://www.springframework.org/schema/util/spring-util-2.5.xsd=org/springframework/beans/factory/xml/spring-util-2.5.xsd, http://www.springframework.org/schema/mvc/spring-mvc-4.0.xsd=org/springframework/web/servlet/config/spring-mvc-4.0.xsd, http://www.springframework.org/schema/beans/spring-beans-3.2.xsd=org/springframework/beans/factory/xml/spring-beans-3.2.xsd, http://www.springframework.org/schema/aop/spring-aop-3.1.xsd=org/springframework/aop/config/spring-aop-3.1.xsd, http://www.springframework.org/schema/lang/spring-lang-4.0.xsd=org/springframework/scripting/config/spring-lang-4.0.xsd, http://www.springframework.org/schema/data/repository/spring-repository-1.8.xsd=org/springframework/data/repository/config/spring-repository-1.8.xsd, http://www.springframework.org/schema/mvc/spring-mvc.xsd=org/springframework/web/servlet/config/spring-mvc-4.2.xsd, http://www.springframework.org/schema/mvc/spring-mvc-3.1.xsd=org/springframework/web/servlet/config/spring-mvc-3.1.xsd, http://www.springframework.org/schema/beans/spring-beans-4.1.xsd=org/springframework/beans/factory/xml/spring-beans-4.1.xsd, http://www.springframework.org/schema/tool/spring-tool-4.0.xsd=org/springframework/beans/factory/xml/spring-tool-4.0.xsd, http://www.springframework.org/schema/lang/spring-lang-3.1.xsd=org/springframework/scripting/config/spring-lang-3.1.xsd, http://www.springframework.org/schema/tx/spring-tx-3.2.xsd=org/springframework/transaction/config/spring-tx-3.2.xsd, http://www.springframework.org/schema/cache/spring-cache-3.1.xsd=org/springframework/cache/config/spring-cache-3.1.xsd, http://www.springframework.org/schema/jee/spring-jee-4.0.xsd=org/springframework/ejb/config/spring-jee-4.0.xsd, http://www.springframework.org/schema/jdbc/spring-jdbc-3.0.xsd=org/springframework/jdbc/config/spring-jdbc-3.0.xsd, http://www.springframework.org/schema/task/spring-task-4.1.xsd=org/springframework/scheduling/config/spring-task-4.1.xsd, http://www.springframework.org/schema/jdbc/spring-jdbc.xsd=org/springframework/jdbc/config/spring-jdbc-4.2.xsd, http://www.springframework.org/schema/tool/spring-tool-3.1.xsd=org/springframework/beans/factory/xml/spring-tool-3.1.xsd, http://www.springframework.org/schema/tx/spring-tx-4.1.xsd=org/springframework/transaction/config/spring-tx-4.1.xsd, http://www.springframework.org/schema/cache/spring-cache-4.0.xsd=org/springframework/cache/config/spring-cache-4.0.xsd, http://www.springframework.org/schema/jee/spring-jee-3.1.xsd=org/springframework/ejb/config/spring-jee-3.1.xsd, http://www.springframework.org/schema/task/spring-task-3.2.xsd=org/springframework/scheduling/config/spring-task-3.2.xsd, http://www.springframework.org/schema/util/spring-util-4.2.xsd=org/springframework/beans/factory/xml/spring-util-4.2.xsd, http://www.springframework.org/schema/beans/spring-beans-3.1.xsd=org/springframework/beans/factory/xml/spring-beans-3.1.xsd, http://www.springframework.org/schema/util/spring-util.xsd=org/springframework/beans/factory/xml/spring-util-4.2.xsd, http://www.springframework.org/schema/data/jpa/spring-jpa-1.3.xsd=org/springframework/data/jpa/repository/config/spring-jpa-1.3.xsd, http://www.springframework.org/schema/aop/spring-aop-3.0.xsd=org/springframework/aop/config/spring-aop-3.0.xsd, http://www.springframework.org/schema/data/repository/spring-repository.xsd=org/springframework/data/repository/config/spring-repository-1.11.xsd, http://www.springframework.org/schema/data/repository/spring-repository-1.7.xsd=org/springframework/data/repository/config/spring-repository-1.7.xsd, http://www.springframework.org/schema/mvc/spring-mvc-3.0.xsd=org/springframework/web/servlet/config/spring-mvc-3.0.xsd, http://www.springframework.org/schema/beans/spring-beans-4.0.xsd=org/springframework/beans/factory/xml/spring-beans-4.0.xsd, http://www.springframework.org/schema/oxm/spring-oxm-4.2.xsd=org/springframework/oxm/config/spring-oxm-4.2.xsd, http://www.springframework.org/schema/data/jpa/spring-jpa-1.8.xsd=org/springframework/data/jpa/repository/config/spring-jpa-1.8.xsd, http://www.springframework.org/schema/beans/spring-beans.xsd=org/springframework/beans/factory/xml/spring-beans-4.2.xsd, http://www.springframework.org/schema/lang/spring-lang-3.0.xsd=org/springframework/scripting/config/spring-lang-3.0.xsd, http://www.springframework.org/schema/tx/spring-tx-3.1.xsd=org/springframework/transaction/config/spring-tx-3.1.xsd, http://www.springframework.org/schema/context/spring-context-2.5.xsd=org/springframework/context/config/spring-context-2.5.xsd, http://www.springframework.org/schema/task/spring-task-4.0.xsd=org/springframework/scheduling/config/spring-task-4.0.xsd, http://www.springframework.org/schema/tool/spring-tool-3.0.xsd=org/springframework/beans/factory/xml/spring-tool-3.0.xsd, http://www.springframework.org/schema/tx/spring-tx-4.0.xsd=org/springframework/transaction/config/spring-tx-4.0.xsd, http://www.springframework.org/schema/aop/spring-aop-2.0.xsd=org/springframework/aop/config/spring-aop-2.0.xsd, http://www.springframework.org/schema/jee/spring-jee-3.0.xsd=org/springframework/ejb/config/spring-jee-3.0.xsd, http://www.springframework.org/schema/task/spring-task-3.1.xsd=org/springframework/scheduling/config/spring-task-3.1.xsd, http://www.springframework.org/schema/util/spring-util-4.1.xsd=org/springframework/beans/factory/xml/spring-util-4.1.xsd, http://www.springframework.org/schema/beans/spring-beans-3.0.xsd=org/springframework/beans/factory/xml/spring-beans-3.0.xsd, http://www.springframework.org/schema/data/jpa/spring-jpa-1.2.xsd=org/springframework/data/jpa/repository/config/spring-jpa-1.2.xsd, http://www.springframework.org/schema/jee/spring-jee.xsd=org/springframework/ejb/config/spring-jee-4.2.xsd, http://www.springframework.org/schema/aop/spring-aop-2.5.xsd=org/springframework/aop/config/spring-aop-2.5.xsd, http://www.springframework.org/schema/lang/spring-lang-2.0.xsd=org/springframework/scripting/config/spring-lang-2.0.xsd, http://www.springframework.org/schema/data/repository/spring-repository-1.6.xsd=org/springframework/data/repository/config/spring-repository-1.6.xsd, http://www.springframework.org/schema/oxm/spring-oxm.xsd=org/springframework/oxm/config/spring-oxm-4.2.xsd, http://www.springframework.org/schema/util/spring-util-3.2.xsd=org/springframework/beans/factory/xml/spring-util-3.2.xsd, http://www.springframework.org/schema/oxm/spring-oxm-4.1.xsd=org/springframework/oxm/config/spring-oxm-4.1.xsd, http://www.springframework.org/schema/task/spring-task.xsd=org/springframework/scheduling/config/spring-task-4.2.xsd, http://www.springframework.org/schema/tool/spring-tool-2.0.xsd=org/springframework/beans/factory/xml/spring-tool-2.0.xsd, http://www.springframework.org/schema/lang/spring-lang-2.5.xsd=org/springframework/scripting/config/spring-lang-2.5.xsd, http://www.springframework.org/schema/tx/spring-tx-3.0.xsd=org/springframework/transaction/config/spring-tx-3.0.xsd, http://www.springframework.org/schema/context/spring-context-4.2.xsd=org/springframework/context/config/spring-context-4.2.xsd, http://www.springframework.org/schema/jee/spring-jee-2.0.xsd=org/springframework/ejb/config/spring-jee-2.0.xsd, http://www.springframework.org/schema/oxm/spring-oxm-3.2.xsd=org/springframework/oxm/config/spring-oxm-3.2.xsd, http://www.springframework.org/schema/tool/spring-tool-2.5.xsd=org/springframework/beans/factory/xml/spring-tool-2.5.xsd, http://www.springframework.org/schema/jee/spring-jee-2.5.xsd=org/springframework/ejb/config/spring-jee-2.5.xsd, http://www.springframework.org/schema/data/repository/spring-repository-1.0.xsd=org/springframework/data/repository/config/spring-repository-1.0.xsd, http://www.springframework.org/schema/task/spring-task-3.0.xsd=org/springframework/scheduling/config/spring-task-3.0.xsd, http://www.springframework.org/schema/util/spring-util-4.0.xsd=org/springframework/beans/factory/xml/spring-util-4.0.xsd, http://www.springframework.org/schema/data/jpa/spring-jpa-1.1.xsd=org/springframework/data/jpa/repository/config/spring-jpa-1.1.xsd, http://www.springframework.org/schema/aop/spring-aop-4.2.xsd=org/springframework/aop/config/spring-aop-4.2.xsd, http://www.springframework.org/schema/lang/spring-lang.xsd=org/springframework/scripting/config/spring-lang-4.2.xsd, http://www.springframework.org/schema/context/spring-context-3.2.xsd=org/springframework/context/config/spring-context-3.2.xsd, http://www.springframework.org/schema/data/repository/spring-repository-1.5.xsd=org/springframework/data/repository/config/spring-repository-1.5.xsd, http://www.springframework.org/schema/jdbc/spring-jdbc-4.2.xsd=org/springframework/jdbc/config/spring-jdbc-4.2.xsd, http://www.springframework.org/schema/mvc/spring-mvc-4.2.xsd=org/springframework/web/servlet/config/spring-mvc-4.2.xsd, http://www.springframework.org/schema/util/spring-util-3.1.xsd=org/springframework/beans/factory/xml/spring-util-3.1.xsd, http://www.springframework.org/schema/beans/spring-beans-2.0.xsd=org/springframework/beans/factory/xml/spring-beans-2.0.xsd, http://www.springframework.org/schema/oxm/spring-oxm-4.0.xsd=org/springframework/oxm/config/spring-oxm-4.0.xsd, http://www.springframework.org/schema/cache/spring-cache.xsd=org/springframework/cache/config/spring-cache-4.2.xsd, http://www.springframework.org/schema/tx/spring-tx.xsd=org/springframework/transaction/config/spring-tx-4.2.xsd, http://www.springframework.org/schema/lang/spring-lang-4.2.xsd=org/springframework/scripting/config/spring-lang-4.2.xsd, http://www.springframework.org/schema/context/spring-context-4.1.xsd=org/springframework/context/config/spring-context-4.1.xsd, http://www.springframework.org/schema/beans/spring-beans-2.5.xsd=org/springframework/beans/factory/xml/spring-beans-2.5.xsd, http://www.springframework.org/schema/oxm/spring-oxm-3.1.xsd=org/springframework/oxm/config/spring-oxm-3.1.xsd, http://www.springframework.org/schema/tool/spring-tool-4.2.xsd=org/springframework/beans/factory/xml/spring-tool-4.2.xsd, http://www.springframework.org/schema/tx/spring-tx-2.0.xsd=org/springframework/transaction/config/spring-tx-2.0.xsd, http://www.springframework.org/schema/data/repository/spring-repository-1.11.xsd=org/springframework/data/repository/config/spring-repository-1.11.xsd, http://www.springframework.org/schema/jee/spring-jee-4.2.xsd=org/springframework/ejb/config/spring-jee-4.2.xsd, http://www.springframework.org/schema/jdbc/spring-jdbc-3.2.xsd=org/springframework/jdbc/config/spring-jdbc-3.2.xsd, http://www.springframework.org/schema/aop/spring-aop.xsd=org/springframework/aop/config/spring-aop-4.2.xsd, http://www.springframework.org/schema/data/jpa/spring-jpa-1.0.xsd=org/springframework/data/jpa/repository/config/spring-jpa-1.0.xsd}]
[2018-07-02 21:44:34.423] -- [DEBUG] -- [main &gt;&gt;&gt;&gt; PluggableSchemaResolver.java:119 &gt;&gt;&gt;&gt; Method = resolveEntity] -- [Content = Found XML schema [http://www.springframework.org/schema/beans/spring-beans-4.2.xsd] in classpath: org/springframework/beans/factory/xml/spring-beans-4.2.xsd]
[2018-07-02 21:44:34.426] -- [TRACE] -- [main &gt;&gt;&gt;&gt; PluggableSchemaResolver.java:106 &gt;&gt;&gt;&gt; Method = resolveEntity] -- [Content = Trying to resolve XML entity with public id [null] and system id [http://www.springframework.org/schema/context/spring-context-4.2.xsd]]
[2018-07-02 21:44:34.432] -- [DEBUG] -- [main &gt;&gt;&gt;&gt; PluggableSchemaResolver.java:119 &gt;&gt;&gt;&gt; Method = resolveEntity] -- [Content = Found XML schema [http://www.springframework.org/schema/context/spring-context-4.2.xsd] in classpath: org/springframework/context/config/spring-context-4.2.xsd]
[2018-07-02 21:44:34.433] -- [TRACE] -- [main &gt;&gt;&gt;&gt; PluggableSchemaResolver.java:106 &gt;&gt;&gt;&gt; Method = resolveEntity] -- [Content = Trying to resolve XML entity with public id [null] and system id [http://www.springframework.org/schema/tool/spring-tool-4.2.xsd]]
[2018-07-02 21:44:34.434] -- [DEBUG] -- [main &gt;&gt;&gt;&gt; PluggableSchemaResolver.java:119 &gt;&gt;&gt;&gt; Method = resolveEntity] -- [Content = Found XML schema [http://www.springframework.org/schema/tool/spring-tool-4.2.xsd] in classpath: org/springframework/beans/factory/xml/spring-tool-4.2.xsd]
[2018-07-02 21:44:34.437] -- [DEBUG] -- [main &gt;&gt;&gt;&gt; DefaultBeanDefinitionDocumentReader.java:92 &gt;&gt;&gt;&gt; Method = registerBeanDefinitions] -- [Content = Loading bean definitions]
[2018-07-02 21:44:34.438] -- [DEBUG] -- [main &gt;&gt;&gt;&gt; DefaultNamespaceHandlerResolver.java:157 &gt;&gt;&gt;&gt; Method = getHandlerMappings] -- [Content = Loaded NamespaceHandler mappings: {http://www.springframework.org/schema/p=org.springframework.beans.factory.xml.SimplePropertyNamespaceHandler, http://www.springframework.org/schema/mvc=org.springframework.web.servlet.config.MvcNamespaceHandler, http://www.springframework.org/schema/util=org.springframework.beans.factory.xml.UtilNamespaceHandler, http://www.springframework.org/schema/jee=org.springframework.ejb.config.JeeNamespaceHandler, http://www.springframework.org/schema/aop=org.springframework.aop.config.AopNamespaceHandler, http://www.springframework.org/schema/data/repository=org.springframework.data.repository.config.RepositoryNameSpaceHandler, http://www.springframework.org/schema/jdbc=org.springframework.jdbc.config.JdbcNamespaceHandler, http://www.springframework.org/schema/oxm=org.springframework.oxm.config.OxmNamespaceHandler, http://www.springframework.org/schema/data/jpa=org.springframework.data.jpa.repository.config.JpaRepositoryNameSpaceHandler, http://www.springframework.org/schema/cache=org.springframework.cache.config.CacheNamespaceHandler, http://www.springframework.org/schema/c=org.springframework.beans.factory.xml.SimpleConstructorNamespaceHandler, http://www.springframework.org/schema/tx=org.springframework.transaction.config.TxNamespaceHandler, http://www.springframework.org/schema/task=org.springframework.scheduling.config.TaskNamespaceHandler, http://www.springframework.org/schema/lang=org.springframework.scripting.config.LangNamespaceHandler, http://www.springframework.org/schema/data/keyvalue=org.springframework.data.keyvalue.repository.config.KeyValueRepositoryNameSpaceHandler, http://www.springframework.org/schema/context=org.springframework.context.config.ContextNamespaceHandler}]
[2018-07-02 21:44:34.440] -- [DEBUG] -- [main &gt;&gt;&gt;&gt; ClassPathScanningCandidateComponentProvider.java:244 &gt;&gt;&gt;&gt; Method = registerDefaultFilters] -- [Content = JSR-250 &apos;javax.annotation.ManagedBean&apos; found and supported for component scanning]
[2018-07-02 21:44:34.440] -- [DEBUG] -- [main &gt;&gt;&gt;&gt; ClassPathScanningCandidateComponentProvider.java:252 &gt;&gt;&gt;&gt; Method = registerDefaultFilters] -- [Content = JSR-330 &apos;javax.inject.Named&apos; annotation found and supported for component scanning]
[2018-07-02 21:44:34.441] -- [DEBUG] -- [main &gt;&gt;&gt;&gt; PathMatchingResourcePatternResolver.java:312 &gt;&gt;&gt;&gt; Method = findAllClassPathResources] -- [Content = Resolved classpath location [com/youmeek/] to resources [URL [file:/Users/xk1020/IdeaProjects/Basic-Single-Module-SSJPA/target/test-classes/com/youmeek/], URL [file:/Users/xk1020/IdeaProjects/Basic-Single-Module-SSJPA/target/classes/com/youmeek/]]]
[2018-07-02 21:44:34.441] -- [DEBUG] -- [main &gt;&gt;&gt;&gt; PathMatchingResourcePatternResolver.java:637 &gt;&gt;&gt;&gt; Method = doFindMatchingFileSystemResources] -- [Content = Looking for matching resources in directory tree [/Users/xk1020/IdeaProjects/Basic-Single-Module-SSJPA/target/test-classes/com/youmeek]]
[2018-07-02 21:44:34.441] -- [DEBUG] -- [main &gt;&gt;&gt;&gt; PathMatchingResourcePatternResolver.java:699 &gt;&gt;&gt;&gt; Method = doRetrieveMatchingFiles] -- [Content = Searching directory [/Users/xk1020/IdeaProjects/Basic-Single-Module-SSJPA/target/test-classes/com/youmeek] for files matching pattern [/Users/xk1020/IdeaProjects/Basic-Single-Module-SSJPA/target/test-classes/com/youmeek/**/service/**/*.class]]
[2018-07-02 21:44:34.441] -- [DEBUG] -- [main &gt;&gt;&gt;&gt; PathMatchingResourcePatternResolver.java:699 &gt;&gt;&gt;&gt; Method = doRetrieveMatchingFiles] -- [Content = Searching directory [/Users/xk1020/IdeaProjects/Basic-Single-Module-SSJPA/target/test-classes/com/youmeek/ssm] for files matching pattern [/Users/xk1020/IdeaProjects/Basic-Single-Module-SSJPA/target/test-classes/com/youmeek/**/service/**/*.class]]
[2018-07-02 21:44:34.442] -- [DEBUG] -- [main &gt;&gt;&gt;&gt; PathMatchingResourcePatternResolver.java:637 &gt;&gt;&gt;&gt; Method = doFindMatchingFileSystemResources] -- [Content = Looking for matching resources in directory tree [/Users/xk1020/IdeaProjects/Basic-Single-Module-SSJPA/target/classes/com/youmeek]]
[2018-07-02 21:44:34.442] -- [DEBUG] -- [main &gt;&gt;&gt;&gt; PathMatchingResourcePatternResolver.java:699 &gt;&gt;&gt;&gt; Method = doRetrieveMatchingFiles] -- [Content = Searching directory [/Users/xk1020/IdeaProjects/Basic-Single-Module-SSJPA/target/classes/com/youmeek] for files matching pattern [/Users/xk1020/IdeaProjects/Basic-Single-Module-SSJPA/target/classes/com/youmeek/**/service/**/*.class]]
[2018-07-02 21:44:34.442] -- [DEBUG] -- [main &gt;&gt;&gt;&gt; PathMatchingResourcePatternResolver.java:699 &gt;&gt;&gt;&gt; Method = doRetrieveMatchingFiles] -- [Content = Searching directory [/Users/xk1020/IdeaProjects/Basic-Single-Module-SSJPA/target/classes/com/youmeek/ssm] for files matching pattern [/Users/xk1020/IdeaProjects/Basic-Single-Module-SSJPA/target/classes/com/youmeek/**/service/**/*.class]]
[2018-07-02 21:44:34.442] -- [DEBUG] -- [main &gt;&gt;&gt;&gt; PathMatchingResourcePatternResolver.java:699 &gt;&gt;&gt;&gt; Method = doRetrieveMatchingFiles] -- [Content = Searching directory [/Users/xk1020/IdeaProjects/Basic-Single-Module-SSJPA/target/classes/com/youmeek/ssm/module] for files matching pattern [/Users/xk1020/IdeaProjects/Basic-Single-Module-SSJPA/target/classes/com/youmeek/**/service/**/*.class]]
[2018-07-02 21:44:34.443] -- [DEBUG] -- [main &gt;&gt;&gt;&gt; PathMatchingResourcePatternResolver.java:699 &gt;&gt;&gt;&gt; Method = doRetrieveMatchingFiles] -- [Content = Searching directory [/Users/xk1020/IdeaProjects/Basic-Single-Module-SSJPA/target/classes/com/youmeek/ssm/module/user] for files matching pattern [/Users/xk1020/IdeaProjects/Basic-Single-Module-SSJPA/target/classes/com/youmeek/**/service/**/*.class]]
[2018-07-02 21:44:34.443] -- [DEBUG] -- [main &gt;&gt;&gt;&gt; PathMatchingResourcePatternResolver.java:699 &gt;&gt;&gt;&gt; Method = doRetrieveMatchingFiles] -- [Content = Searching directory [/Users/xk1020/IdeaProjects/Basic-Single-Module-SSJPA/target/classes/com/youmeek/ssm/module/user/dao] for files matching pattern [/Users/xk1020/IdeaProjects/Basic-Single-Module-SSJPA/target/classes/com/youmeek/**/service/**/*.class]]
[2018-07-02 21:44:34.443] -- [DEBUG] -- [main &gt;&gt;&gt;&gt; PathMatchingResourcePatternResolver.java:699 &gt;&gt;&gt;&gt; Method = doRetrieveMatchingFiles] -- [Content = Searching directory [/Users/xk1020/IdeaProjects/Basic-Single-Module-SSJPA/target/classes/com/youmeek/ssm/module/user/controller] for files matching pattern [/Users/xk1020/IdeaProjects/Basic-Single-Module-SSJPA/target/classes/com/youmeek/**/service/**/*.class]]
[2018-07-02 21:44:34.443] -- [DEBUG] -- [main &gt;&gt;&gt;&gt; PathMatchingResourcePatternResolver.java:699 &gt;&gt;&gt;&gt; Method = doRetrieveMatchingFiles] -- [Content = Searching directory [/Users/xk1020/IdeaProjects/Basic-Single-Module-SSJPA/target/classes/com/youmeek/ssm/module/user/service] for files matching pattern [/Users/xk1020/IdeaProjects/Basic-Single-Module-SSJPA/target/classes/com/youmeek/**/service/**/*.class]]
[2018-07-02 21:44:34.444] -- [DEBUG] -- [main &gt;&gt;&gt;&gt; PathMatchingResourcePatternResolver.java:699 &gt;&gt;&gt;&gt; Method = doRetrieveMatchingFiles] -- [Content = Searching directory [/Users/xk1020/IdeaProjects/Basic-Single-Module-SSJPA/target/classes/com/youmeek/ssm/module/user/service/impl] for files matching pattern [/Users/xk1020/IdeaProjects/Basic-Single-Module-SSJPA/target/classes/com/youmeek/**/service/**/*.class]]
[2018-07-02 21:44:34.444] -- [DEBUG] -- [main &gt;&gt;&gt;&gt; PathMatchingResourcePatternResolver.java:699 &gt;&gt;&gt;&gt; Method = doRetrieveMatchingFiles] -- [Content = Searching directory [/Users/xk1020/IdeaProjects/Basic-Single-Module-SSJPA/target/classes/com/youmeek/ssm/module/user/pojo] for files matching pattern [/Users/xk1020/IdeaProjects/Basic-Single-Module-SSJPA/target/classes/com/youmeek/**/service/**/*.class]]
[2018-07-02 21:44:34.444] -- [DEBUG] -- [main &gt;&gt;&gt;&gt; PathMatchingResourcePatternResolver.java:699 &gt;&gt;&gt;&gt; Method = doRetrieveMatchingFiles] -- [Content = Searching directory [/Users/xk1020/IdeaProjects/Basic-Single-Module-SSJPA/target/classes/com/youmeek/ssm/aop] for files matching pattern [/Users/xk1020/IdeaProjects/Basic-Single-Module-SSJPA/target/classes/com/youmeek/**/service/**/*.class]]
[2018-07-02 21:44:34.444] -- [DEBUG] -- [main &gt;&gt;&gt;&gt; PathMatchingResourcePatternResolver.java:699 &gt;&gt;&gt;&gt; Method = doRetrieveMatchingFiles] -- [Content = Searching directory [/Users/xk1020/IdeaProjects/Basic-Single-Module-SSJPA/target/classes/com/youmeek/ssm/aop/log] for files matching pattern [/Users/xk1020/IdeaProjects/Basic-Single-Module-SSJPA/target/classes/com/youmeek/**/service/**/*.class]]
[2018-07-02 21:44:34.445] -- [DEBUG] -- [main &gt;&gt;&gt;&gt; PathMatchingResourcePatternResolver.java:699 &gt;&gt;&gt;&gt; Method = doRetrieveMatchingFiles] -- [Content = Searching directory [/Users/xk1020/IdeaProjects/Basic-Single-Module-SSJPA/target/classes/com/youmeek/ssm/interceptor] for files matching pattern [/Users/xk1020/IdeaProjects/Basic-Single-Module-SSJPA/target/classes/com/youmeek/**/service/**/*.class]]
[2018-07-02 21:44:34.445] -- [DEBUG] -- [main &gt;&gt;&gt;&gt; PathMatchingResourcePatternResolver.java:430 &gt;&gt;&gt;&gt; Method = findPathMatchingResources] -- [Content = Resolved location pattern [classpath*:com/youmeek/**/service/**/*.class] to resources [file [/Users/xk1020/IdeaProjects/Basic-Single-Module-SSJPA/target/classes/com/youmeek/ssm/module/user/service/impl/SysUserServiceImpl.class], file [/Users/xk1020/IdeaProjects/Basic-Single-Module-SSJPA/target/classes/com/youmeek/ssm/module/user/service/SysUserService.class]]]
[2018-07-02 21:44:34.445] -- [TRACE] -- [main &gt;&gt;&gt;&gt; ClassPathScanningCandidateComponentProvider.java:275 &gt;&gt;&gt;&gt; Method = findCandidateComponents] -- [Content = Scanning file [/Users/xk1020/IdeaProjects/Basic-Single-Module-SSJPA/target/classes/com/youmeek/ssm/module/user/service/impl/SysUserServiceImpl.class]]
[2018-07-02 21:44:34.446] -- [DEBUG] -- [main &gt;&gt;&gt;&gt; ClassPathScanningCandidateComponentProvider.java:286 &gt;&gt;&gt;&gt; Method = findCandidateComponents] -- [Content = Identified candidate component class: file [/Users/xk1020/IdeaProjects/Basic-Single-Module-SSJPA/target/classes/com/youmeek/ssm/module/user/service/impl/SysUserServiceImpl.class]]
[2018-07-02 21:44:34.446] -- [TRACE] -- [main &gt;&gt;&gt;&gt; ClassPathScanningCandidateComponentProvider.java:275 &gt;&gt;&gt;&gt; Method = findCandidateComponents] -- [Content = Scanning file [/Users/xk1020/IdeaProjects/Basic-Single-Module-SSJPA/target/classes/com/youmeek/ssm/module/user/service/SysUserService.class]]
[2018-07-02 21:44:34.446] -- [TRACE] -- [main &gt;&gt;&gt;&gt; ClassPathScanningCandidateComponentProvider.java:298 &gt;&gt;&gt;&gt; Method = findCandidateComponents] -- [Content = Ignored because not matching any filter: file [/Users/xk1020/IdeaProjects/Basic-Single-Module-SSJPA/target/classes/com/youmeek/ssm/module/user/service/SysUserService.class]]
[2018-07-02 21:44:34.447] -- [INFO] -- [main &gt;&gt;&gt;&gt; XmlBeanDefinitionReader.java:317 &gt;&gt;&gt;&gt; Method = loadBeanDefinitions] -- [Content = Loading XML bean definitions from file [/Users/xk1020/IdeaProjects/Basic-Single-Module-SSJPA/target/classes/spring/applicationContext-dataSource.xml]]
[2018-07-02 21:44:34.448] -- [DEBUG] -- [main &gt;&gt;&gt;&gt; DefaultDocumentLoader.java:73 &gt;&gt;&gt;&gt; Method = loadDocument] -- [Content = Using JAXP provider [com.sun.org.apache.xerces.internal.jaxp.DocumentBuilderFactoryImpl]]
[2018-07-02 21:44:34.448] -- [TRACE] -- [main &gt;&gt;&gt;&gt; PluggableSchemaResolver.java:106 &gt;&gt;&gt;&gt; Method = resolveEntity] -- [Content = Trying to resolve XML entity with public id [null] and system id [http://www.springframework.org/schema/beans/spring-beans-4.2.xsd]]
[2018-07-02 21:44:34.449] -- [DEBUG] -- [main &gt;&gt;&gt;&gt; PluggableSchemaResolver.java:119 &gt;&gt;&gt;&gt; Method = resolveEntity] -- [Content = Found XML schema [http://www.springframework.org/schema/beans/spring-beans-4.2.xsd] in classpath: org/springframework/beans/factory/xml/spring-beans-4.2.xsd]
[2018-07-02 21:44:34.455] -- [DEBUG] -- [main &gt;&gt;&gt;&gt; DefaultBeanDefinitionDocumentReader.java:92 &gt;&gt;&gt;&gt; Method = registerBeanDefinitions] -- [Content = Loading bean definitions]
[2018-07-02 21:44:34.456] -- [INFO] -- [main &gt;&gt;&gt;&gt; XmlBeanDefinitionReader.java:317 &gt;&gt;&gt;&gt; Method = loadBeanDefinitions] -- [Content = Loading XML bean definitions from file [/Users/xk1020/IdeaProjects/Basic-Single-Module-SSJPA/target/classes/spring/applicationContext-transaction.xml]]
[2018-07-02 21:44:34.457] -- [DEBUG] -- [main &gt;&gt;&gt;&gt; DefaultDocumentLoader.java:73 &gt;&gt;&gt;&gt; Method = loadDocument] -- [Content = Using JAXP provider [com.sun.org.apache.xerces.internal.jaxp.DocumentBuilderFactoryImpl]]
[2018-07-02 21:44:34.458] -- [TRACE] -- [main &gt;&gt;&gt;&gt; PluggableSchemaResolver.java:106 &gt;&gt;&gt;&gt; Method = resolveEntity] -- [Content = Trying to resolve XML entity with public id [null] and system id [http://www.springframework.org/schema/beans/spring-beans-4.2.xsd]]
[2018-07-02 21:44:34.459] -- [DEBUG] -- [main &gt;&gt;&gt;&gt; PluggableSchemaResolver.java:119 &gt;&gt;&gt;&gt; Method = resolveEntity] -- [Content = Found XML schema [http://www.springframework.org/schema/beans/spring-beans-4.2.xsd] in classpath: org/springframework/beans/factory/xml/spring-beans-4.2.xsd]
[2018-07-02 21:44:34.461] -- [TRACE] -- [main &gt;&gt;&gt;&gt; PluggableSchemaResolver.java:106 &gt;&gt;&gt;&gt; Method = resolveEntity] -- [Content = Trying to resolve XML entity with public id [null] and system id [http://www.springframework.org/schema/aop/spring-aop-4.2.xsd]]
[2018-07-02 21:44:34.461] -- [DEBUG] -- [main &gt;&gt;&gt;&gt; PluggableSchemaResolver.java:119 &gt;&gt;&gt;&gt; Method = resolveEntity] -- [Content = Found XML schema [http://www.springframework.org/schema/aop/spring-aop-4.2.xsd] in classpath: org/springframework/aop/config/spring-aop-4.2.xsd]
[2018-07-02 21:44:34.462] -- [TRACE] -- [main &gt;&gt;&gt;&gt; PluggableSchemaResolver.java:106 &gt;&gt;&gt;&gt; Method = resolveEntity] -- [Content = Trying to resolve XML entity with public id [null] and system id [http://www.springframework.org/schema/tool/spring-tool-4.2.xsd]]
[2018-07-02 21:44:34.463] -- [DEBUG] -- [main &gt;&gt;&gt;&gt; PluggableSchemaResolver.java:119 &gt;&gt;&gt;&gt; Method = resolveEntity] -- [Content = Found XML schema [http://www.springframework.org/schema/tool/spring-tool-4.2.xsd] in classpath: org/springframework/beans/factory/xml/spring-tool-4.2.xsd]
[2018-07-02 21:44:34.464] -- [TRACE] -- [main &gt;&gt;&gt;&gt; PluggableSchemaResolver.java:106 &gt;&gt;&gt;&gt; Method = resolveEntity] -- [Content = Trying to resolve XML entity with public id [null] and system id [http://www.springframework.org/schema/tx/spring-tx-4.2.xsd]]
[2018-07-02 21:44:34.464] -- [DEBUG] -- [main &gt;&gt;&gt;&gt; PluggableSchemaResolver.java:119 &gt;&gt;&gt;&gt; Method = resolveEntity] -- [Content = Found XML schema [http://www.springframework.org/schema/tx/spring-tx-4.2.xsd] in classpath: org/springframework/transaction/config/spring-tx-4.2.xsd]
[2018-07-02 21:44:34.466] -- [DEBUG] -- [main &gt;&gt;&gt;&gt; DefaultBeanDefinitionDocumentReader.java:92 &gt;&gt;&gt;&gt; Method = registerBeanDefinitions] -- [Content = Loading bean definitions]
[2018-07-02 21:44:34.468] -- [INFO] -- [main &gt;&gt;&gt;&gt; XmlBeanDefinitionReader.java:317 &gt;&gt;&gt;&gt; Method = loadBeanDefinitions] -- [Content = Loading XML bean definitions from file [/Users/xk1020/IdeaProjects/Basic-Single-Module-SSJPA/target/classes/spring/applicationContext-jpa.xml]]
[2018-07-02 21:44:34.469] -- [DEBUG] -- [main &gt;&gt;&gt;&gt; DefaultDocumentLoader.java:73 &gt;&gt;&gt;&gt; Method = loadDocument] -- [Content = Using JAXP provider [com.sun.org.apache.xerces.internal.jaxp.DocumentBuilderFactoryImpl]]
[2018-07-02 21:44:34.470] -- [TRACE] -- [main &gt;&gt;&gt;&gt; PluggableSchemaResolver.java:106 &gt;&gt;&gt;&gt; Method = resolveEntity] -- [Content = Trying to resolve XML entity with public id [null] and system id [http://www.springframework.org/schema/beans/spring-beans-4.2.xsd]]
[2018-07-02 21:44:34.470] -- [DEBUG] -- [main &gt;&gt;&gt;&gt; PluggableSchemaResolver.java:119 &gt;&gt;&gt;&gt; Method = resolveEntity] -- [Content = Found XML schema [http://www.springframework.org/schema/beans/spring-beans-4.2.xsd] in classpath: org/springframework/beans/factory/xml/spring-beans-4.2.xsd]
[2018-07-02 21:44:34.474] -- [TRACE] -- [main &gt;&gt;&gt;&gt; PluggableSchemaResolver.java:106 &gt;&gt;&gt;&gt; Method = resolveEntity] -- [Content = Trying to resolve XML entity with public id [null] and system id [http://www.springframework.org/schema/data/jpa/spring-jpa.xsd]]
[2018-07-02 21:44:34.474] -- [DEBUG] -- [main &gt;&gt;&gt;&gt; PluggableSchemaResolver.java:119 &gt;&gt;&gt;&gt; Method = resolveEntity] -- [Content = Found XML schema [http://www.springframework.org/schema/data/jpa/spring-jpa.xsd] in classpath: org/springframework/data/jpa/repository/config/spring-jpa-1.8.xsd]
[2018-07-02 21:44:34.475] -- [TRACE] -- [main &gt;&gt;&gt;&gt; PluggableSchemaResolver.java:106 &gt;&gt;&gt;&gt; Method = resolveEntity] -- [Content = Trying to resolve XML entity with public id [null] and system id [http://www.springframework.org/schema/data/repository/spring-repository.xsd]]
[2018-07-02 21:44:34.475] -- [DEBUG] -- [main &gt;&gt;&gt;&gt; PluggableSchemaResolver.java:119 &gt;&gt;&gt;&gt; Method = resolveEntity] -- [Content = Found XML schema [http://www.springframework.org/schema/data/repository/spring-repository.xsd] in classpath: org/springframework/data/repository/config/spring-repository-1.11.xsd]
[2018-07-02 21:44:34.476] -- [TRACE] -- [main &gt;&gt;&gt;&gt; PluggableSchemaResolver.java:106 &gt;&gt;&gt;&gt; Method = resolveEntity] -- [Content = Trying to resolve XML entity with public id [null] and system id [http://www.springframework.org/schema/context/spring-context.xsd]]
[2018-07-02 21:44:34.476] -- [DEBUG] -- [main &gt;&gt;&gt;&gt; PluggableSchemaResolver.java:119 &gt;&gt;&gt;&gt; Method = resolveEntity] -- [Content = Found XML schema [http://www.springframework.org/schema/context/spring-context.xsd] in classpath: org/springframework/context/config/spring-context-4.2.xsd]
[2018-07-02 21:44:34.478] -- [TRACE] -- [main &gt;&gt;&gt;&gt; PluggableSchemaResolver.java:106 &gt;&gt;&gt;&gt; Method = resolveEntity] -- [Content = Trying to resolve XML entity with public id [null] and system id [http://www.springframework.org/schema/tool/spring-tool-4.2.xsd]]
[2018-07-02 21:44:34.478] -- [DEBUG] -- [main &gt;&gt;&gt;&gt; PluggableSchemaResolver.java:119 &gt;&gt;&gt;&gt; Method = resolveEntity] -- [Content = Found XML schema [http://www.springframework.org/schema/tool/spring-tool-4.2.xsd] in classpath: org/springframework/beans/factory/xml/spring-tool-4.2.xsd]
[2018-07-02 21:44:34.480] -- [DEBUG] -- [main &gt;&gt;&gt;&gt; DefaultBeanDefinitionDocumentReader.java:92 &gt;&gt;&gt;&gt; Method = registerBeanDefinitions] -- [Content = Loading bean definitions]
[2018-07-02 21:44:34.481] -- [DEBUG] -- [main &gt;&gt;&gt;&gt; BeanDefinitionParserDelegate.java:481 &gt;&gt;&gt;&gt; Method = parseBeanDefinitionElement] -- [Content = Neither XML &apos;id&apos; nor &apos;name&apos; specified - using generated bean name [org.springframework.orm.jpa.vendor.HibernateJpaDialect#2c4ca0f9]]
[2018-07-02 21:44:34.482] -- [DEBUG] -- [main &gt;&gt;&gt;&gt; MutablePropertySources.java:109 &gt;&gt;&gt;&gt; Method = addLast] -- [Content = Adding [systemProperties] PropertySource with lowest search precedence]
[2018-07-02 21:44:34.482] -- [DEBUG] -- [main &gt;&gt;&gt;&gt; MutablePropertySources.java:109 &gt;&gt;&gt;&gt; Method = addLast] -- [Content = Adding [systemEnvironment] PropertySource with lowest search precedence]
[2018-07-02 21:44:34.482] -- [DEBUG] -- [main &gt;&gt;&gt;&gt; AbstractEnvironment.java:127 &gt;&gt;&gt;&gt; Method = &lt;init&gt;] -- [Content = Initialized StandardEnvironment with PropertySources [systemProperties,systemEnvironment]]
[2018-07-02 21:44:34.483] -- [DEBUG] -- [main &gt;&gt;&gt;&gt; PathMatchingResourcePatternResolver.java:312 &gt;&gt;&gt;&gt; Method = findAllClassPathResources] -- [Content = Resolved classpath location [org/springframework/data/] to resources [URL [jar:file:/Users/xk1020/.m2/repository/org/springframework/data/spring-data-jpa/1.10.1.RELEASE/spring-data-jpa-1.10.1.RELEASE.jar!/org/springframework/data/], URL [jar:file:/Users/xk1020/.m2/repository/org/springframework/data/spring-data-commons/1.12.1.RELEASE/spring-data-commons-1.12.1.RELEASE.jar!/org/springframework/data/]]]
[2018-07-02 21:44:34.483] -- [DEBUG] -- [main &gt;&gt;&gt;&gt; PathMatchingResourcePatternResolver.java:551 &gt;&gt;&gt;&gt; Method = doFindPathMatchingJarResources] -- [Content = Looking for matching resources in jar file [file:/Users/xk1020/.m2/repository/org/springframework/data/spring-data-jpa/1.10.1.RELEASE/spring-data-jpa-1.10.1.RELEASE.jar]]
[2018-07-02 21:44:34.484] -- [DEBUG] -- [main &gt;&gt;&gt;&gt; PathMatchingResourcePatternResolver.java:551 &gt;&gt;&gt;&gt; Method = doFindPathMatchingJarResources] -- [Content = Looking for matching resources in jar file [file:/Users/xk1020/.m2/repository/org/springframework/data/spring-data-commons/1.12.1.RELEASE/spring-data-commons-1.12.1.RELEASE.jar]]
[2018-07-02 21:44:34.487] -- [DEBUG] -- [main &gt;&gt;&gt;&gt; PathMatchingResourcePatternResolver.java:430 &gt;&gt;&gt;&gt; Method = findPathMatchingResources] -- [Content = Resolved location pattern [classpath*:org/springframework/data/**/repository/support/**/*.class] to resources [URL [jar:file:/Users/xk1020/.m2/repository/org/springframework/data/spring-data-jpa/1.10.1.RELEASE/spring-data-jpa-1.10.1.RELEASE.jar!/org/springframework/data/jpa/repository/support/CrudMethodMetadata.class], URL [jar:file:/Users/xk1020/.m2/repository/org/springframework/data/spring-data-jpa/1.10.1.RELEASE/spring-data-jpa-1.10.1.RELEASE.jar!/org/springframework/data/jpa/repository/support/CrudMethodMetadataPostProcessor$1.class], URL [jar:file:/Users/xk1020/.m2/repository/org/springframework/data/spring-data-jpa/1.10.1.RELEASE/spring-data-jpa-1.10.1.RELEASE.jar!/org/springframework/data/jpa/repository/support/CrudMethodMetadataPostProcessor$CrudMethodMetadataPopulatingMethodInterceptor.class], URL [jar:file:/Users/xk1020/.m2/repository/org/springframework/data/spring-data-jpa/1.10.1.RELEASE/spring-data-jpa-1.10.1.RELEASE.jar!/org/springframework/data/jpa/repository/support/CrudMethodMetadataPostProcessor$DefaultCrudMethodMetadata.class], URL [jar:file:/Users/xk1020/.m2/repository/org/springframework/data/spring-data-jpa/1.10.1.RELEASE/spring-data-jpa-1.10.1.RELEASE.jar!/org/springframework/data/jpa/repository/support/CrudMethodMetadataPostProcessor$ThreadBoundTargetSource.class], URL [jar:file:/Users/xk1020/.m2/repository/org/springframework/data/spring-data-jpa/1.10.1.RELEASE/spring-data-jpa-1.10.1.RELEASE.jar!/org/springframework/data/jpa/repository/support/CrudMethodMetadataPostProcessor.class], URL [jar:file:/Users/xk1020/.m2/repository/org/springframework/data/spring-data-jpa/1.10.1.RELEASE/spring-data-jpa-1.10.1.RELEASE.jar!/org/springframework/data/jpa/repository/support/DefaultJpaContext.class], URL [jar:file:/Users/xk1020/.m2/repository/org/springframework/data/spring-data-jpa/1.10.1.RELEASE/spring-data-jpa-1.10.1.RELEASE.jar!/org/springframework/data/jpa/repository/support/EntityManagerBeanDefinitionRegistrarPostProcessor.class], URL [jar:file:/Users/xk1020/.m2/repository/org/springframework/data/spring-data-jpa/1.10.1.RELEASE/spring-data-jpa-1.10.1.RELEASE.jar!/org/springframework/data/jpa/repository/support/JpaEntityInformation.class], URL [jar:file:/Users/xk1020/.m2/repository/org/springframework/data/spring-data-jpa/1.10.1.RELEASE/spring-data-jpa-1.10.1.RELEASE.jar!/org/springframework/data/jpa/repository/support/JpaEntityInformationSupport.class], URL [jar:file:/Users/xk1020/.m2/repository/org/springframework/data/spring-data-jpa/1.10.1.RELEASE/spring-data-jpa-1.10.1.RELEASE.jar!/org/springframework/data/jpa/repository/support/JpaMetamodelEntityInformation$IdentifierDerivingDirectFieldAccessFallbackBeanWrapper.class], URL [jar:file:/Users/xk1020/.m2/repository/org/springframework/data/spring-data-jpa/1.10.1.RELEASE/spring-data-jpa-1.10.1.RELEASE.jar!/org/springframework/data/jpa/repository/support/JpaMetamodelEntityInformation$IdMetadata.class], URL [jar:file:/Users/xk1020/.m2/repository/org/springframework/data/spring-data-jpa/1.10.1.RELEASE/spring-data-jpa-1.10.1.RELEASE.jar!/org/springframework/data/jpa/repository/support/JpaMetamodelEntityInformation.class], URL [jar:file:/Users/xk1020/.m2/repository/org/springframework/data/spring-data-jpa/1.10.1.RELEASE/spring-data-jpa-1.10.1.RELEASE.jar!/org/springframework/data/jpa/repository/support/JpaPersistableEntityInformation.class], URL [jar:file:/Users/xk1020/.m2/repository/org/springframework/data/spring-data-jpa/1.10.1.RELEASE/spring-data-jpa-1.10.1.RELEASE.jar!/org/springframework/data/jpa/repository/support/JpaRepositoryFactory.class], URL [jar:file:/Users/xk1020/.m2/repository/org/springframework/data/spring-data-jpa/1.10.1.RELEASE/spring-data-jpa-1.10.1.RELEASE.jar!/org/springframework/data/jpa/repository/support/JpaRepositoryFactoryBean.class], URL [jar:file:/Users/xk1020/.m2/repository/org/springframework/data/spring-data-jpa/1.10.1.RELEASE/spring-data-jpa-1.10.1.RELEASE.jar!/org/springframework/data/jpa/repository/support/Querydsl$1.class], URL [jar:file:/Users/xk1020/.m2/repository/org/springframework/data/spring-data-jpa/1.10.1.RELEASE/spring-data-jpa-1.10.1.RELEASE.jar!/org/springframework/data/jpa/repository/support/Querydsl.class], URL [jar:file:/Users/xk1020/.m2/repository/org/springframework/data/spring-data-jpa/1.10.1.RELEASE/spring-data-jpa-1.10.1.RELEASE.jar!/org/springframework/data/jpa/repository/support/QueryDslJpaRepository.class], URL [jar:file:/Users/xk1020/.m2/repository/org/springframework/data/spring-data-jpa/1.10.1.RELEASE/spring-data-jpa-1.10.1.RELEASE.jar!/org/springframework/data/jpa/repository/support/QueryDslRepositorySupport.class], URL [jar:file:/Users/xk1020/.m2/repository/org/springframework/data/spring-data-jpa/1.10.1.RELEASE/spring-data-jpa-1.10.1.RELEASE.jar!/org/springframework/data/jpa/repository/support/SimpleJpaRepository$ByIdsSpecification.class], URL [jar:file:/Users/xk1020/.m2/repository/org/springframework/data/spring-data-jpa/1.10.1.RELEASE/spring-data-jpa-1.10.1.RELEASE.jar!/org/springframework/data/jpa/repository/support/SimpleJpaRepository$ExampleSpecification.class], URL [jar:file:/Users/xk1020/.m2/repository/org/springframework/data/spring-data-jpa/1.10.1.RELEASE/spring-data-jpa-1.10.1.RELEASE.jar!/org/springframework/data/jpa/repository/support/SimpleJpaRepository.class], URL [jar:file:/Users/xk1020/.m2/repository/org/springframework/data/spring-data-commons/1.12.1.RELEASE/spring-data-commons-1.12.1.RELEASE.jar!/org/springframework/data/repository/support/AnnotationAttribute.class], URL [jar:file:/Users/xk1020/.m2/repository/org/springframework/data/spring-data-commons/1.12.1.RELEASE/spring-data-commons-1.12.1.RELEASE.jar!/org/springframework/data/repository/support/CrudRepositoryInvoker.class], URL [jar:file:/Users/xk1020/.m2/repository/org/springframework/data/spring-data-commons/1.12.1.RELEASE/spring-data-commons-1.12.1.RELEASE.jar!/org/springframework/data/repository/support/DefaultRepositoryInvokerFactory.class], URL [jar:file:/Users/xk1020/.m2/repository/org/springframework/data/spring-data-commons/1.12.1.RELEASE/spring-data-commons-1.12.1.RELEASE.jar!/org/springframework/data/repository/support/DomainClassConverter$1.class], URL [jar:file:/Users/xk1020/.m2/repository/org/springframework/data/spring-data-commons/1.12.1.RELEASE/spring-data-commons-1.12.1.RELEASE.jar!/org/springframework/data/repository/support/DomainClassConverter$ConversionMatchAbbreviationException.class], URL [jar:file:/Users/xk1020/.m2/repository/org/springframework/data/spring-data-commons/1.12.1.RELEASE/spring-data-commons-1.12.1.RELEASE.jar!/org/springframework/data/repository/support/DomainClassConverter$ToEntityConverter.class], URL [jar:file:/Users/xk1020/.m2/repository/org/springframework/data/spring-data-commons/1.12.1.RELEASE/spring-data-commons-1.12.1.RELEASE.jar!/org/springframework/data/repository/support/DomainClassConverter$ToIdConverter.class], URL [jar:file:/Users/xk1020/.m2/repository/org/springframework/data/spring-data-commons/1.12.1.RELEASE/spring-data-commons-1.12.1.RELEASE.jar!/org/springframework/data/repository/support/DomainClassConverter.class], URL [jar:file:/Users/xk1020/.m2/repository/org/springframework/data/spring-data-commons/1.12.1.RELEASE/spring-data-commons-1.12.1.RELEASE.jar!/org/springframework/data/repository/support/DomainClassPropertyEditor.class], URL [jar:file:/Users/xk1020/.m2/repository/org/springframework/data/spring-data-commons/1.12.1.RELEASE/spring-data-commons-1.12.1.RELEASE.jar!/org/springframework/data/repository/support/DomainClassPropertyEditorRegistrar.class], URL [jar:file:/Users/xk1020/.m2/repository/org/springframework/data/spring-data-commons/1.12.1.RELEASE/spring-data-commons-1.12.1.RELEASE.jar!/org/springframework/data/repository/support/MethodParameters$AnnotationNamingMethodParameter.class], URL [jar:file:/Users/xk1020/.m2/repository/org/springframework/data/spring-data-commons/1.12.1.RELEASE/spring-data-commons-1.12.1.RELEASE.jar!/org/springframework/data/repository/support/MethodParameters.class], URL [jar:file:/Users/xk1020/.m2/repository/org/springframework/data/spring-data-commons/1.12.1.RELEASE/spring-data-commons-1.12.1.RELEASE.jar!/org/springframework/data/repository/support/PagingAndSortingRepositoryInvoker.class], URL [jar:file:/Users/xk1020/.m2/repository/org/springframework/data/spring-data-commons/1.12.1.RELEASE/spring-data-commons-1.12.1.RELEASE.jar!/org/springframework/data/repository/support/QueryMethodParameterConversionException.class], URL [jar:file:/Users/xk1020/.m2/repository/org/springframework/data/spring-data-commons/1.12.1.RELEASE/spring-data-commons-1.12.1.RELEASE.jar!/org/springframework/data/repository/support/ReflectionRepositoryInvoker.class], URL [jar:file:/Users/xk1020/.m2/repository/org/springframework/data/spring-data-commons/1.12.1.RELEASE/spring-data-commons-1.12.1.RELEASE.jar!/org/springframework/data/repository/support/Repositories$EmptyRepositoryFactoryInformation.class], URL [jar:file:/Users/xk1020/.m2/repository/org/springframework/data/spring-data-commons/1.12.1.RELEASE/spring-data-commons-1.12.1.RELEASE.jar!/org/springframework/data/repository/support/Repositories.class], URL [jar:file:/Users/xk1020/.m2/repository/org/springframework/data/spring-data-commons/1.12.1.RELEASE/spring-data-commons-1.12.1.RELEASE.jar!/org/springframework/data/repository/support/RepositoryInvocationInformation.class], URL [jar:file:/Users/xk1020/.m2/repository/org/springframework/data/spring-data-commons/1.12.1.RELEASE/spring-data-commons-1.12.1.RELEASE.jar!/org/springframework/data/repository/support/RepositoryInvoker.class], URL [jar:file:/Users/xk1020/.m2/repository/org/springframework/data/spring-data-commons/1.12.1.RELEASE/spring-data-commons-1.12.1.RELEASE.jar!/org/springframework/data/repository/support/RepositoryInvokerFactory.class]]]
[2018-07-02 21:44:34.487] -- [TRACE] -- [main &gt;&gt;&gt;&gt; ClassPathScanningCandidateComponentProvider.java:275 &gt;&gt;&gt;&gt; Method = findCandidateComponents] -- [Content = Scanning URL [jar:file:/Users/xk1020/.m2/repository/org/springframework/data/spring-data-jpa/1.10.1.RELEASE/spring-data-jpa-1.10.1.RELEASE.jar!/org/springframework/data/jpa/repository/support/CrudMethodMetadata.class]]
[2018-07-02 21:44:34.488] -- [TRACE] -- [main &gt;&gt;&gt;&gt; ClassPathScanningCandidateComponentProvider.java:298 &gt;&gt;&gt;&gt; Method = findCandidateComponents] -- [Content = Ignored because not matching any filter: URL [jar:file:/Users/xk1020/.m2/repository/org/springframework/data/spring-data-jpa/1.10.1.RELEASE/spring-data-jpa-1.10.1.RELEASE.jar!/org/springframework/data/jpa/repository/support/CrudMethodMetadata.class]]
[2018-07-02 21:44:34.488] -- [TRACE] -- [main &gt;&gt;&gt;&gt; ClassPathScanningCandidateComponentProvider.java:275 &gt;&gt;&gt;&gt; Method = findCandidateComponents] -- [Content = Scanning URL [jar:file:/Users/xk1020/.m2/repository/org/springframework/data/spring-data-jpa/1.10.1.RELEASE/spring-data-jpa-1.10.1.RELEASE.jar!/org/springframework/data/jpa/repository/support/CrudMethodMetadataPostProcessor$1.class]]
[2018-07-02 21:44:34.488] -- [TRACE] -- [main &gt;&gt;&gt;&gt; ClassPathScanningCandidateComponentProvider.java:298 &gt;&gt;&gt;&gt; Method = findCandidateComponents] -- [Content = Ignored because not matching any filter: URL [jar:file:/Users/xk1020/.m2/repository/org/springframework/data/spring-data-jpa/1.10.1.RELEASE/spring-data-jpa-1.10.1.RELEASE.jar!/org/springframework/data/jpa/repository/support/CrudMethodMetadataPostProcessor$1.class]]
[2018-07-02 21:44:34.488] -- [TRACE] -- [main &gt;&gt;&gt;&gt; ClassPathScanningCandidateComponentProvider.java:275 &gt;&gt;&gt;&gt; Method = findCandidateComponents] -- [Content = Scanning URL [jar:file:/Users/xk1020/.m2/repository/org/springframework/data/spring-data-jpa/1.10.1.RELEASE/spring-data-jpa-1.10.1.RELEASE.jar!/org/springframework/data/jpa/repository/support/CrudMethodMetadataPostProcessor$CrudMethodMetadataPopulatingMethodInterceptor.class]]
[2018-07-02 21:44:34.489] -- [TRACE] -- [main &gt;&gt;&gt;&gt; ClassPathScanningCandidateComponentProvider.java:298 &gt;&gt;&gt;&gt; Method = findCandidateComponents] -- [Content = Ignored because not matching any filter: URL [jar:file:/Users/xk1020/.m2/repository/org/springframework/data/spring-data-jpa/1.10.1.RELEASE/spring-data-jpa-1.10.1.RELEASE.jar!/org/springframework/data/jpa/repository/support/CrudMethodMetadataPostProcessor$CrudMethodMetadataPopulatingMethodInterceptor.class]]
[2018-07-02 21:44:34.489] -- [TRACE] -- [main &gt;&gt;&gt;&gt; ClassPathScanningCandidateComponentProvider.java:275 &gt;&gt;&gt;&gt; Method = findCandidateComponents] -- [Content = Scanning URL [jar:file:/Users/xk1020/.m2/repository/org/springframework/data/spring-data-jpa/1.10.1.RELEASE/spring-data-jpa-1.10.1.RELEASE.jar!/org/springframework/data/jpa/repository/support/CrudMethodMetadataPostProcessor$DefaultCrudMethodMetadata.class]]
[2018-07-02 21:44:34.489] -- [TRACE] -- [main &gt;&gt;&gt;&gt; ClassPathScanningCandidateComponentProvider.java:298 &gt;&gt;&gt;&gt; Method = findCandidateComponents] -- [Content = Ignored because not matching any filter: URL [jar:file:/Users/xk1020/.m2/repository/org/springframework/data/spring-data-jpa/1.10.1.RELEASE/spring-data-jpa-1.10.1.RELEASE.jar!/org/springframework/data/jpa/repository/support/CrudMethodMetadataPostProcessor$DefaultCrudMethodMetadata.class]]
[2018-07-02 21:44:34.490] -- [TRACE] -- [main &gt;&gt;&gt;&gt; ClassPathScanningCandidateComponentProvider.java:275 &gt;&gt;&gt;&gt; Method = findCandidateComponents] -- [Content = Scanning URL [jar:file:/Users/xk1020/.m2/repository/org/springframework/data/spring-data-jpa/1.10.1.RELEASE/spring-data-jpa-1.10.1.RELEASE.jar!/org/springframework/data/jpa/repository/support/CrudMethodMetadataPostProcessor$ThreadBoundTargetSource.class]]
[2018-07-02 21:44:34.490] -- [TRACE] -- [main &gt;&gt;&gt;&gt; ClassPathScanningCandidateComponentProvider.java:298 &gt;&gt;&gt;&gt; Method = findCandidateComponents] -- [Content = Ignored because not matching any filter: URL [jar:file:/Users/xk1020/.m2/repository/org/springframework/data/spring-data-jpa/1.10.1.RELEASE/spring-data-jpa-1.10.1.RELEASE.jar!/org/springframework/data/jpa/repository/support/CrudMethodMetadataPostProcessor$ThreadBoundTargetSource.class]]
[2018-07-02 21:44:34.490] -- [TRACE] -- [main &gt;&gt;&gt;&gt; ClassPathScanningCandidateComponentProvider.java:275 &gt;&gt;&gt;&gt; Method = findCandidateComponents] -- [Content = Scanning URL [jar:file:/Users/xk1020/.m2/repository/org/springframework/data/spring-data-jpa/1.10.1.RELEASE/spring-data-jpa-1.10.1.RELEASE.jar!/org/springframework/data/jpa/repository/support/CrudMethodMetadataPostProcessor.class]]
[2018-07-02 21:44:34.491] -- [TRACE] -- [main &gt;&gt;&gt;&gt; ClassPathScanningCandidateComponentProvider.java:298 &gt;&gt;&gt;&gt; Method = findCandidateComponents] -- [Content = Ignored because not matching any filter: URL [jar:file:/Users/xk1020/.m2/repository/org/springframework/data/spring-data-jpa/1.10.1.RELEASE/spring-data-jpa-1.10.1.RELEASE.jar!/org/springframework/data/jpa/repository/support/CrudMethodMetadataPostProcessor.class]]
[2018-07-02 21:44:34.491] -- [TRACE] -- [main &gt;&gt;&gt;&gt; ClassPathScanningCandidateComponentProvider.java:275 &gt;&gt;&gt;&gt; Method = findCandidateComponents] -- [Content = Scanning URL [jar:file:/Users/xk1020/.m2/repository/org/springframework/data/spring-data-jpa/1.10.1.RELEASE/spring-data-jpa-1.10.1.RELEASE.jar!/org/springframework/data/jpa/repository/support/DefaultJpaContext.class]]
[2018-07-02 21:44:34.492] -- [TRACE] -- [main &gt;&gt;&gt;&gt; ClassPathScanningCandidateComponentProvider.java:298 &gt;&gt;&gt;&gt; Method = findCandidateComponents] -- [Content = Ignored because not matching any filter: URL [jar:file:/Users/xk1020/.m2/repository/org/springframework/data/spring-data-jpa/1.10.1.RELEASE/spring-data-jpa-1.10.1.RELEASE.jar!/org/springframework/data/jpa/repository/support/DefaultJpaContext.class]]
[2018-07-02 21:44:34.492] -- [TRACE] -- [main &gt;&gt;&gt;&gt; ClassPathScanningCandidateComponentProvider.java:275 &gt;&gt;&gt;&gt; Method = findCandidateComponents] -- [Content = Scanning URL [jar:file:/Users/xk1020/.m2/repository/org/springframework/data/spring-data-jpa/1.10.1.RELEASE/spring-data-jpa-1.10.1.RELEASE.jar!/org/springframework/data/jpa/repository/support/EntityManagerBeanDefinitionRegistrarPostProcessor.class]]
[2018-07-02 21:44:34.493] -- [TRACE] -- [main &gt;&gt;&gt;&gt; ClassPathScanningCandidateComponentProvider.java:298 &gt;&gt;&gt;&gt; Method = findCandidateComponents] -- [Content = Ignored because not matching any filter: URL [jar:file:/Users/xk1020/.m2/repository/org/springframework/data/spring-data-jpa/1.10.1.RELEASE/spring-data-jpa-1.10.1.RELEASE.jar!/org/springframework/data/jpa/repository/support/EntityManagerBeanDefinitionRegistrarPostProcessor.class]]
[2018-07-02 21:44:34.493] -- [TRACE] -- [main &gt;&gt;&gt;&gt; ClassPathScanningCandidateComponentProvider.java:275 &gt;&gt;&gt;&gt; Method = findCandidateComponents] -- [Content = Scanning URL [jar:file:/Users/xk1020/.m2/repository/org/springframework/data/spring-data-jpa/1.10.1.RELEASE/spring-data-jpa-1.10.1.RELEASE.jar!/org/springframework/data/jpa/repository/support/JpaEntityInformation.class]]
[2018-07-02 21:44:34.494] -- [TRACE] -- [main &gt;&gt;&gt;&gt; ClassPathScanningCandidateComponentProvider.java:298 &gt;&gt;&gt;&gt; Method = findCandidateComponents] -- [Content = Ignored because not matching any filter: URL [jar:file:/Users/xk1020/.m2/repository/org/springframework/data/spring-data-jpa/1.10.1.RELEASE/spring-data-jpa-1.10.1.RELEASE.jar!/org/springframework/data/jpa/repository/support/JpaEntityInformation.class]]
[2018-07-02 21:44:34.494] -- [TRACE] -- [main &gt;&gt;&gt;&gt; ClassPathScanningCandidateComponentProvider.java:275 &gt;&gt;&gt;&gt; Method = findCandidateComponents] -- [Content = Scanning URL [jar:file:/Users/xk1020/.m2/repository/org/springframework/data/spring-data-jpa/1.10.1.RELEASE/spring-data-jpa-1.10.1.RELEASE.jar!/org/springframework/data/jpa/repository/support/JpaEntityInformationSupport.class]]
[2018-07-02 21:44:34.495] -- [TRACE] -- [main &gt;&gt;&gt;&gt; ClassPathScanningCandidateComponentProvider.java:298 &gt;&gt;&gt;&gt; Method = findCandidateComponents] -- [Content = Ignored because not matching any filter: URL [jar:file:/Users/xk1020/.m2/repository/org/springframework/data/spring-data-jpa/1.10.1.RELEASE/spring-data-jpa-1.10.1.RELEASE.jar!/org/springframework/data/jpa/repository/support/JpaEntityInformationSupport.class]]
[2018-07-02 21:44:34.495] -- [TRACE] -- [main &gt;&gt;&gt;&gt; ClassPathScanningCandidateComponentProvider.java:275 &gt;&gt;&gt;&gt; Method = findCandidateComponents] -- [Content = Scanning URL [jar:file:/Users/xk1020/.m2/repository/org/springframework/data/spring-data-jpa/1.10.1.RELEASE/spring-data-jpa-1.10.1.RELEASE.jar!/org/springframework/data/jpa/repository/support/JpaMetamodelEntityInformation$IdentifierDerivingDirectFieldAccessFallbackBeanWrapper.class]]
[2018-07-02 21:44:34.498] -- [TRACE] -- [main &gt;&gt;&gt;&gt; ClassPathScanningCandidateComponentProvider.java:298 &gt;&gt;&gt;&gt; Method = findCandidateComponents] -- [Content = Ignored because not matching any filter: URL [jar:file:/Users/xk1020/.m2/repository/org/springframework/data/spring-data-jpa/1.10.1.RELEASE/spring-data-jpa-1.10.1.RELEASE.jar!/org/springframework/data/jpa/repository/support/JpaMetamodelEntityInformation$IdentifierDerivingDirectFieldAccessFallbackBeanWrapper.class]]
[2018-07-02 21:44:34.498] -- [TRACE] -- [main &gt;&gt;&gt;&gt; ClassPathScanningCandidateComponentProvider.java:275 &gt;&gt;&gt;&gt; Method = findCandidateComponents] -- [Content = Scanning URL [jar:file:/Users/xk1020/.m2/repository/org/springframework/data/spring-data-jpa/1.10.1.RELEASE/spring-data-jpa-1.10.1.RELEASE.jar!/org/springframework/data/jpa/repository/support/JpaMetamodelEntityInformation$IdMetadata.class]]
[2018-07-02 21:44:34.498] -- [TRACE] -- [main &gt;&gt;&gt;&gt; ClassPathScanningCandidateComponentProvider.java:298 &gt;&gt;&gt;&gt; Method = findCandidateComponents] -- [Content = Ignored because not matching any filter: URL [jar:file:/Users/xk1020/.m2/repository/org/springframework/data/spring-data-jpa/1.10.1.RELEASE/spring-data-jpa-1.10.1.RELEASE.jar!/org/springframework/data/jpa/repository/support/JpaMetamodelEntityInformation$IdMetadata.class]]
[2018-07-02 21:44:34.498] -- [TRACE] -- [main &gt;&gt;&gt;&gt; ClassPathScanningCandidateComponentProvider.java:275 &gt;&gt;&gt;&gt; Method = findCandidateComponents] -- [Content = Scanning URL [jar:file:/Users/xk1020/.m2/repository/org/springframework/data/spring-data-jpa/1.10.1.RELEASE/spring-data-jpa-1.10.1.RELEASE.jar!/org/springframework/data/jpa/repository/support/JpaMetamodelEntityInformation.class]]
[2018-07-02 21:44:34.500] -- [TRACE] -- [main &gt;&gt;&gt;&gt; ClassPathScanningCandidateComponentProvider.java:298 &gt;&gt;&gt;&gt; Method = findCandidateComponents] -- [Content = Ignored because not matching any filter: URL [jar:file:/Users/xk1020/.m2/repository/org/springframework/data/spring-data-jpa/1.10.1.RELEASE/spring-data-jpa-1.10.1.RELEASE.jar!/org/springframework/data/jpa/repository/support/JpaMetamodelEntityInformation.class]]
[2018-07-02 21:44:34.500] -- [TRACE] -- [main &gt;&gt;&gt;&gt; ClassPathScanningCandidateComponentProvider.java:275 &gt;&gt;&gt;&gt; Method = findCandidateComponents] -- [Content = Scanning URL [jar:file:/Users/xk1020/.m2/repository/org/springframework/data/spring-data-jpa/1.10.1.RELEASE/spring-data-jpa-1.10.1.RELEASE.jar!/org/springframework/data/jpa/repository/support/JpaPersistableEntityInformation.class]]
[2018-07-02 21:44:34.501] -- [TRACE] -- [main &gt;&gt;&gt;&gt; ClassPathScanningCandidateComponentProvider.java:298 &gt;&gt;&gt;&gt; Method = findCandidateComponents] -- [Content = Ignored because not matching any filter: URL [jar:file:/Users/xk1020/.m2/repository/org/springframework/data/spring-data-jpa/1.10.1.RELEASE/spring-data-jpa-1.10.1.RELEASE.jar!/org/springframework/data/jpa/repository/support/JpaPersistableEntityInformation.class]]
[2018-07-02 21:44:34.502] -- [TRACE] -- [main &gt;&gt;&gt;&gt; ClassPathScanningCandidateComponentProvider.java:275 &gt;&gt;&gt;&gt; Method = findCandidateComponents] -- [Content = Scanning URL [jar:file:/Users/xk1020/.m2/repository/org/springframework/data/spring-data-jpa/1.10.1.RELEASE/spring-data-jpa-1.10.1.RELEASE.jar!/org/springframework/data/jpa/repository/support/JpaRepositoryFactory.class]]
[2018-07-02 21:44:34.502] -- [DEBUG] -- [main &gt;&gt;&gt;&gt; ClassPathScanningCandidateComponentProvider.java:286 &gt;&gt;&gt;&gt; Method = findCandidateComponents] -- [Content = Identified candidate component class: URL [jar:file:/Users/xk1020/.m2/repository/org/springframework/data/spring-data-jpa/1.10.1.RELEASE/spring-data-jpa-1.10.1.RELEASE.jar!/org/springframework/data/jpa/repository/support/JpaRepositoryFactory.class]]
[2018-07-02 21:44:34.502] -- [TRACE] -- [main &gt;&gt;&gt;&gt; ClassPathScanningCandidateComponentProvider.java:275 &gt;&gt;&gt;&gt; Method = findCandidateComponents] -- [Content = Scanning URL [jar:file:/Users/xk1020/.m2/repository/org/springframework/data/spring-data-jpa/1.10.1.RELEASE/spring-data-jpa-1.10.1.RELEASE.jar!/org/springframework/data/jpa/repository/support/JpaRepositoryFactoryBean.class]]
[2018-07-02 21:44:34.504] -- [TRACE] -- [main &gt;&gt;&gt;&gt; ClassPathScanningCandidateComponentProvider.java:298 &gt;&gt;&gt;&gt; Method = findCandidateComponents] -- [Content = Ignored because not matching any filter: URL [jar:file:/Users/xk1020/.m2/repository/org/springframework/data/spring-data-jpa/1.10.1.RELEASE/spring-data-jpa-1.10.1.RELEASE.jar!/org/springframework/data/jpa/repository/support/JpaRepositoryFactoryBean.class]]
[2018-07-02 21:44:34.504] -- [TRACE] -- [main &gt;&gt;&gt;&gt; ClassPathScanningCandidateComponentProvider.java:275 &gt;&gt;&gt;&gt; Method = findCandidateComponents] -- [Content = Scanning URL [jar:file:/Users/xk1020/.m2/repository/org/springframework/data/spring-data-jpa/1.10.1.RELEASE/spring-data-jpa-1.10.1.RELEASE.jar!/org/springframework/data/jpa/repository/support/Querydsl$1.class]]
[2018-07-02 21:44:34.505] -- [TRACE] -- [main &gt;&gt;&gt;&gt; ClassPathScanningCandidateComponentProvider.java:298 &gt;&gt;&gt;&gt; Method = findCandidateComponents] -- [Content = Ignored because not matching any filter: URL [jar:file:/Users/xk1020/.m2/repository/org/springframework/data/spring-data-jpa/1.10.1.RELEASE/spring-data-jpa-1.10.1.RELEASE.jar!/org/springframework/data/jpa/repository/support/Querydsl$1.class]]
[2018-07-02 21:44:34.505] -- [TRACE] -- [main &gt;&gt;&gt;&gt; ClassPathScanningCandidateComponentProvider.java:275 &gt;&gt;&gt;&gt; Method = findCandidateComponents] -- [Content = Scanning URL [jar:file:/Users/xk1020/.m2/repository/org/springframework/data/spring-data-jpa/1.10.1.RELEASE/spring-data-jpa-1.10.1.RELEASE.jar!/org/springframework/data/jpa/repository/support/Querydsl.class]]
[2018-07-02 21:44:34.505] -- [TRACE] -- [main &gt;&gt;&gt;&gt; ClassPathScanningCandidateComponentProvider.java:298 &gt;&gt;&gt;&gt; Method = findCandidateComponents] -- [Content = Ignored because not matching any filter: URL [jar:file:/Users/xk1020/.m2/repository/org/springframework/data/spring-data-jpa/1.10.1.RELEASE/spring-data-jpa-1.10.1.RELEASE.jar!/org/springframework/data/jpa/repository/support/Querydsl.class]]
[2018-07-02 21:44:34.505] -- [TRACE] -- [main &gt;&gt;&gt;&gt; ClassPathScanningCandidateComponentProvider.java:275 &gt;&gt;&gt;&gt; Method = findCandidateComponents] -- [Content = Scanning URL [jar:file:/Users/xk1020/.m2/repository/org/springframework/data/spring-data-jpa/1.10.1.RELEASE/spring-data-jpa-1.10.1.RELEASE.jar!/org/springframework/data/jpa/repository/support/QueryDslJpaRepository.class]]
[2018-07-02 21:44:34.508] -- [TRACE] -- [main &gt;&gt;&gt;&gt; ClassPathScanningCandidateComponentProvider.java:298 &gt;&gt;&gt;&gt; Method = findCandidateComponents] -- [Content = Ignored because not matching any filter: URL [jar:file:/Users/xk1020/.m2/repository/org/springframework/data/spring-data-jpa/1.10.1.RELEASE/spring-data-jpa-1.10.1.RELEASE.jar!/org/springframework/data/jpa/repository/support/QueryDslJpaRepository.class]]
[2018-07-02 21:44:34.508] -- [TRACE] -- [main &gt;&gt;&gt;&gt; ClassPathScanningCandidateComponentProvider.java:275 &gt;&gt;&gt;&gt; Method = findCandidateComponents] -- [Content = Scanning URL [jar:file:/Users/xk1020/.m2/repository/org/springframework/data/spring-data-jpa/1.10.1.RELEASE/spring-data-jpa-1.10.1.RELEASE.jar!/org/springframework/data/jpa/repository/support/QueryDslRepositorySupport.class]]
[2018-07-02 21:44:34.509] -- [TRACE] -- [main &gt;&gt;&gt;&gt; ClassPathScanningCandidateComponentProvider.java:298 &gt;&gt;&gt;&gt; Method = findCandidateComponents] -- [Content = Ignored because not matching any filter: URL [jar:file:/Users/xk1020/.m2/repository/org/springframework/data/spring-data-jpa/1.10.1.RELEASE/spring-data-jpa-1.10.1.RELEASE.jar!/org/springframework/data/jpa/repository/support/QueryDslRepositorySupport.class]]
[2018-07-02 21:44:34.509] -- [TRACE] -- [main &gt;&gt;&gt;&gt; ClassPathScanningCandidateComponentProvider.java:275 &gt;&gt;&gt;&gt; Method = findCandidateComponents] -- [Content = Scanning URL [jar:file:/Users/xk1020/.m2/repository/org/springframework/data/spring-data-jpa/1.10.1.RELEASE/spring-data-jpa-1.10.1.RELEASE.jar!/org/springframework/data/jpa/repository/support/SimpleJpaRepository$ByIdsSpecification.class]]
[2018-07-02 21:44:34.510] -- [TRACE] -- [main &gt;&gt;&gt;&gt; ClassPathScanningCandidateComponentProvider.java:298 &gt;&gt;&gt;&gt; Method = findCandidateComponents] -- [Content = Ignored because not matching any filter: URL [jar:file:/Users/xk1020/.m2/repository/org/springframework/data/spring-data-jpa/1.10.1.RELEASE/spring-data-jpa-1.10.1.RELEASE.jar!/org/springframework/data/jpa/repository/support/SimpleJpaRepository$ByIdsSpecification.class]]
[2018-07-02 21:44:34.510] -- [TRACE] -- [main &gt;&gt;&gt;&gt; ClassPathScanningCandidateComponentProvider.java:275 &gt;&gt;&gt;&gt; Method = findCandidateComponents] -- [Content = Scanning URL [jar:file:/Users/xk1020/.m2/repository/org/springframework/data/spring-data-jpa/1.10.1.RELEASE/spring-data-jpa-1.10.1.RELEASE.jar!/org/springframework/data/jpa/repository/support/SimpleJpaRepository$ExampleSpecification.class]]
[2018-07-02 21:44:34.510] -- [TRACE] -- [main &gt;&gt;&gt;&gt; ClassPathScanningCandidateComponentProvider.java:298 &gt;&gt;&gt;&gt; Method = findCandidateComponents] -- [Content = Ignored because not matching any filter: URL [jar:file:/Users/xk1020/.m2/repository/org/springframework/data/spring-data-jpa/1.10.1.RELEASE/spring-data-jpa-1.10.1.RELEASE.jar!/org/springframework/data/jpa/repository/support/SimpleJpaRepository$ExampleSpecification.class]]
[2018-07-02 21:44:34.511] -- [TRACE] -- [main &gt;&gt;&gt;&gt; ClassPathScanningCandidateComponentProvider.java:275 &gt;&gt;&gt;&gt; Method = findCandidateComponents] -- [Content = Scanning URL [jar:file:/Users/xk1020/.m2/repository/org/springframework/data/spring-data-jpa/1.10.1.RELEASE/spring-data-jpa-1.10.1.RELEASE.jar!/org/springframework/data/jpa/repository/support/SimpleJpaRepository.class]]
[2018-07-02 21:44:34.515] -- [TRACE] -- [main &gt;&gt;&gt;&gt; ClassPathScanningCandidateComponentProvider.java:298 &gt;&gt;&gt;&gt; Method = findCandidateComponents] -- [Content = Ignored because not matching any filter: URL [jar:file:/Users/xk1020/.m2/repository/org/springframework/data/spring-data-jpa/1.10.1.RELEASE/spring-data-jpa-1.10.1.RELEASE.jar!/org/springframework/data/jpa/repository/support/SimpleJpaRepository.class]]
[2018-07-02 21:44:34.515] -- [TRACE] -- [main &gt;&gt;&gt;&gt; ClassPathScanningCandidateComponentProvider.java:275 &gt;&gt;&gt;&gt; Method = findCandidateComponents] -- [Content = Scanning URL [jar:file:/Users/xk1020/.m2/repository/org/springframework/data/spring-data-commons/1.12.1.RELEASE/spring-data-commons-1.12.1.RELEASE.jar!/org/springframework/data/repository/support/AnnotationAttribute.class]]
[2018-07-02 21:44:34.515] -- [TRACE] -- [main &gt;&gt;&gt;&gt; ClassPathScanningCandidateComponentProvider.java:298 &gt;&gt;&gt;&gt; Method = findCandidateComponents] -- [Content = Ignored because not matching any filter: URL [jar:file:/Users/xk1020/.m2/repository/org/springframework/data/spring-data-commons/1.12.1.RELEASE/spring-data-commons-1.12.1.RELEASE.jar!/org/springframework/data/repository/support/AnnotationAttribute.class]]
[2018-07-02 21:44:34.515] -- [TRACE] -- [main &gt;&gt;&gt;&gt; ClassPathScanningCandidateComponentProvider.java:275 &gt;&gt;&gt;&gt; Method = findCandidateComponents] -- [Content = Scanning URL [jar:file:/Users/xk1020/.m2/repository/org/springframework/data/spring-data-commons/1.12.1.RELEASE/spring-data-commons-1.12.1.RELEASE.jar!/org/springframework/data/repository/support/CrudRepositoryInvoker.class]]
[2018-07-02 21:44:34.516] -- [TRACE] -- [main &gt;&gt;&gt;&gt; ClassPathScanningCandidateComponentProvider.java:298 &gt;&gt;&gt;&gt; Method = findCandidateComponents] -- [Content = Ignored because not matching any filter: URL [jar:file:/Users/xk1020/.m2/repository/org/springframework/data/spring-data-commons/1.12.1.RELEASE/spring-data-commons-1.12.1.RELEASE.jar!/org/springframework/data/repository/support/CrudRepositoryInvoker.class]]
[2018-07-02 21:44:34.516] -- [TRACE] -- [main &gt;&gt;&gt;&gt; ClassPathScanningCandidateComponentProvider.java:275 &gt;&gt;&gt;&gt; Method = findCandidateComponents] -- [Content = Scanning URL [jar:file:/Users/xk1020/.m2/repository/org/springframework/data/spring-data-commons/1.12.1.RELEASE/spring-data-commons-1.12.1.RELEASE.jar!/org/springframework/data/repository/support/DefaultRepositoryInvokerFactory.class]]
[2018-07-02 21:44:34.517] -- [TRACE] -- [main &gt;&gt;&gt;&gt; ClassPathScanningCandidateComponentProvider.java:298 &gt;&gt;&gt;&gt; Method = findCandidateComponents] -- [Content = Ignored because not matching any filter: URL [jar:file:/Users/xk1020/.m2/repository/org/springframework/data/spring-data-commons/1.12.1.RELEASE/spring-data-commons-1.12.1.RELEASE.jar!/org/springframework/data/repository/support/DefaultRepositoryInvokerFactory.class]]
[2018-07-02 21:44:34.517] -- [TRACE] -- [main &gt;&gt;&gt;&gt; ClassPathScanningCandidateComponentProvider.java:275 &gt;&gt;&gt;&gt; Method = findCandidateComponents] -- [Content = Scanning URL [jar:file:/Users/xk1020/.m2/repository/org/springframework/data/spring-data-commons/1.12.1.RELEASE/spring-data-commons-1.12.1.RELEASE.jar!/org/springframework/data/repository/support/DomainClassConverter$1.class]]
[2018-07-02 21:44:34.517] -- [TRACE] -- [main &gt;&gt;&gt;&gt; ClassPathScanningCandidateComponentProvider.java:298 &gt;&gt;&gt;&gt; Method = findCandidateComponents] -- [Content = Ignored because not matching any filter: URL [jar:file:/Users/xk1020/.m2/repository/org/springframework/data/spring-data-commons/1.12.1.RELEASE/spring-data-commons-1.12.1.RELEASE.jar!/org/springframework/data/repository/support/DomainClassConverter$1.class]]
[2018-07-02 21:44:34.517] -- [TRACE] -- [main &gt;&gt;&gt;&gt; ClassPathScanningCandidateComponentProvider.java:275 &gt;&gt;&gt;&gt; Method = findCandidateComponents] -- [Content = Scanning URL [jar:file:/Users/xk1020/.m2/repository/org/springframework/data/spring-data-commons/1.12.1.RELEASE/spring-data-commons-1.12.1.RELEASE.jar!/org/springframework/data/repository/support/DomainClassConverter$ConversionMatchAbbreviationException.class]]
[2018-07-02 21:44:34.518] -- [TRACE] -- [main &gt;&gt;&gt;&gt; ClassPathScanningCandidateComponentProvider.java:298 &gt;&gt;&gt;&gt; Method = findCandidateComponents] -- [Content = Ignored because not matching any filter: URL [jar:file:/Users/xk1020/.m2/repository/org/springframework/data/spring-data-commons/1.12.1.RELEASE/spring-data-commons-1.12.1.RELEASE.jar!/org/springframework/data/repository/support/DomainClassConverter$ConversionMatchAbbreviationException.class]]
[2018-07-02 21:44:34.518] -- [TRACE] -- [main &gt;&gt;&gt;&gt; ClassPathScanningCandidateComponentProvider.java:275 &gt;&gt;&gt;&gt; Method = findCandidateComponents] -- [Content = Scanning URL [jar:file:/Users/xk1020/.m2/repository/org/springframework/data/spring-data-commons/1.12.1.RELEASE/spring-data-commons-1.12.1.RELEASE.jar!/org/springframework/data/repository/support/DomainClassConverter$ToEntityConverter.class]]
[2018-07-02 21:44:34.518] -- [TRACE] -- [main &gt;&gt;&gt;&gt; ClassPathScanningCandidateComponentProvider.java:298 &gt;&gt;&gt;&gt; Method = findCandidateComponents] -- [Content = Ignored because not matching any filter: URL [jar:file:/Users/xk1020/.m2/repository/org/springframework/data/spring-data-commons/1.12.1.RELEASE/spring-data-commons-1.12.1.RELEASE.jar!/org/springframework/data/repository/support/DomainClassConverter$ToEntityConverter.class]]
[2018-07-02 21:44:34.519] -- [TRACE] -- [main &gt;&gt;&gt;&gt; ClassPathScanningCandidateComponentProvider.java:275 &gt;&gt;&gt;&gt; Method = findCandidateComponents] -- [Content = Scanning URL [jar:file:/Users/xk1020/.m2/repository/org/springframework/data/spring-data-commons/1.12.1.RELEASE/spring-data-commons-1.12.1.RELEASE.jar!/org/springframework/data/repository/support/DomainClassConverter$ToIdConverter.class]]
[2018-07-02 21:44:34.519] -- [TRACE] -- [main &gt;&gt;&gt;&gt; ClassPathScanningCandidateComponentProvider.java:298 &gt;&gt;&gt;&gt; Method = findCandidateComponents] -- [Content = Ignored because not matching any filter: URL [jar:file:/Users/xk1020/.m2/repository/org/springframework/data/spring-data-commons/1.12.1.RELEASE/spring-data-commons-1.12.1.RELEASE.jar!/org/springframework/data/repository/support/DomainClassConverter$ToIdConverter.class]]
[2018-07-02 21:44:34.519] -- [TRACE] -- [main &gt;&gt;&gt;&gt; ClassPathScanningCandidateComponentProvider.java:275 &gt;&gt;&gt;&gt; Method = findCandidateComponents] -- [Content = Scanning URL [jar:file:/Users/xk1020/.m2/repository/org/springframework/data/spring-data-commons/1.12.1.RELEASE/spring-data-commons-1.12.1.RELEASE.jar!/org/springframework/data/repository/support/DomainClassConverter.class]]
[2018-07-02 21:44:34.520] -- [TRACE] -- [main &gt;&gt;&gt;&gt; ClassPathScanningCandidateComponentProvider.java:298 &gt;&gt;&gt;&gt; Method = findCandidateComponents] -- [Content = Ignored because not matching any filter: URL [jar:file:/Users/xk1020/.m2/repository/org/springframework/data/spring-data-commons/1.12.1.RELEASE/spring-data-commons-1.12.1.RELEASE.jar!/org/springframework/data/repository/support/DomainClassConverter.class]]
[2018-07-02 21:44:34.520] -- [TRACE] -- [main &gt;&gt;&gt;&gt; ClassPathScanningCandidateComponentProvider.java:275 &gt;&gt;&gt;&gt; Method = findCandidateComponents] -- [Content = Scanning URL [jar:file:/Users/xk1020/.m2/repository/org/springframework/data/spring-data-commons/1.12.1.RELEASE/spring-data-commons-1.12.1.RELEASE.jar!/org/springframework/data/repository/support/DomainClassPropertyEditor.class]]
[2018-07-02 21:44:34.520] -- [TRACE] -- [main &gt;&gt;&gt;&gt; ClassPathScanningCandidateComponentProvider.java:298 &gt;&gt;&gt;&gt; Method = findCandidateComponents] -- [Content = Ignored because not matching any filter: URL [jar:file:/Users/xk1020/.m2/repository/org/springframework/data/spring-data-commons/1.12.1.RELEASE/spring-data-commons-1.12.1.RELEASE.jar!/org/springframework/data/repository/support/DomainClassPropertyEditor.class]]
[2018-07-02 21:44:34.520] -- [TRACE] -- [main &gt;&gt;&gt;&gt; ClassPathScanningCandidateComponentProvider.java:275 &gt;&gt;&gt;&gt; Method = findCandidateComponents] -- [Content = Scanning URL [jar:file:/Users/xk1020/.m2/repository/org/springframework/data/spring-data-commons/1.12.1.RELEASE/spring-data-commons-1.12.1.RELEASE.jar!/org/springframework/data/repository/support/DomainClassPropertyEditorRegistrar.class]]
[2018-07-02 21:44:34.521] -- [TRACE] -- [main &gt;&gt;&gt;&gt; ClassPathScanningCandidateComponentProvider.java:298 &gt;&gt;&gt;&gt; Method = findCandidateComponents] -- [Content = Ignored because not matching any filter: URL [jar:file:/Users/xk1020/.m2/repository/org/springframework/data/spring-data-commons/1.12.1.RELEASE/spring-data-commons-1.12.1.RELEASE.jar!/org/springframework/data/repository/support/DomainClassPropertyEditorRegistrar.class]]
[2018-07-02 21:44:34.521] -- [TRACE] -- [main &gt;&gt;&gt;&gt; ClassPathScanningCandidateComponentProvider.java:275 &gt;&gt;&gt;&gt; Method = findCandidateComponents] -- [Content = Scanning URL [jar:file:/Users/xk1020/.m2/repository/org/springframework/data/spring-data-commons/1.12.1.RELEASE/spring-data-commons-1.12.1.RELEASE.jar!/org/springframework/data/repository/support/MethodParameters$AnnotationNamingMethodParameter.class]]
[2018-07-02 21:44:34.522] -- [TRACE] -- [main &gt;&gt;&gt;&gt; ClassPathScanningCandidateComponentProvider.java:298 &gt;&gt;&gt;&gt; Method = findCandidateComponents] -- [Content = Ignored because not matching any filter: URL [jar:file:/Users/xk1020/.m2/repository/org/springframework/data/spring-data-commons/1.12.1.RELEASE/spring-data-commons-1.12.1.RELEASE.jar!/org/springframework/data/repository/support/MethodParameters$AnnotationNamingMethodParameter.class]]
[2018-07-02 21:44:34.522] -- [TRACE] -- [main &gt;&gt;&gt;&gt; ClassPathScanningCandidateComponentProvider.java:275 &gt;&gt;&gt;&gt; Method = findCandidateComponents] -- [Content = Scanning URL [jar:file:/Users/xk1020/.m2/repository/org/springframework/data/spring-data-commons/1.12.1.RELEASE/spring-data-commons-1.12.1.RELEASE.jar!/org/springframework/data/repository/support/MethodParameters.class]]
[2018-07-02 21:44:34.523] -- [TRACE] -- [main &gt;&gt;&gt;&gt; ClassPathScanningCandidateComponentProvider.java:298 &gt;&gt;&gt;&gt; Method = findCandidateComponents] -- [Content = Ignored because not matching any filter: URL [jar:file:/Users/xk1020/.m2/repository/org/springframework/data/spring-data-commons/1.12.1.RELEASE/spring-data-commons-1.12.1.RELEASE.jar!/org/springframework/data/repository/support/MethodParameters.class]]
[2018-07-02 21:44:34.523] -- [TRACE] -- [main &gt;&gt;&gt;&gt; ClassPathScanningCandidateComponentProvider.java:275 &gt;&gt;&gt;&gt; Method = findCandidateComponents] -- [Content = Scanning URL [jar:file:/Users/xk1020/.m2/repository/org/springframework/data/spring-data-commons/1.12.1.RELEASE/spring-data-commons-1.12.1.RELEASE.jar!/org/springframework/data/repository/support/PagingAndSortingRepositoryInvoker.class]]
[2018-07-02 21:44:34.523] -- [TRACE] -- [main &gt;&gt;&gt;&gt; ClassPathScanningCandidateComponentProvider.java:298 &gt;&gt;&gt;&gt; Method = findCandidateComponents] -- [Content = Ignored because not matching any filter: URL [jar:file:/Users/xk1020/.m2/repository/org/springframework/data/spring-data-commons/1.12.1.RELEASE/spring-data-commons-1.12.1.RELEASE.jar!/org/springframework/data/repository/support/PagingAndSortingRepositoryInvoker.class]]
[2018-07-02 21:44:34.524] -- [TRACE] -- [main &gt;&gt;&gt;&gt; ClassPathScanningCandidateComponentProvider.java:275 &gt;&gt;&gt;&gt; Method = findCandidateComponents] -- [Content = Scanning URL [jar:file:/Users/xk1020/.m2/repository/org/springframework/data/spring-data-commons/1.12.1.RELEASE/spring-data-commons-1.12.1.RELEASE.jar!/org/springframework/data/repository/support/QueryMethodParameterConversionException.class]]
[2018-07-02 21:44:34.524] -- [TRACE] -- [main &gt;&gt;&gt;&gt; ClassPathScanningCandidateComponentProvider.java:298 &gt;&gt;&gt;&gt; Method = findCandidateComponents] -- [Content = Ignored because not matching any filter: URL [jar:file:/Users/xk1020/.m2/repository/org/springframework/data/spring-data-commons/1.12.1.RELEASE/spring-data-commons-1.12.1.RELEASE.jar!/org/springframework/data/repository/support/QueryMethodParameterConversionException.class]]
[2018-07-02 21:44:34.524] -- [TRACE] -- [main &gt;&gt;&gt;&gt; ClassPathScanningCandidateComponentProvider.java:275 &gt;&gt;&gt;&gt; Method = findCandidateComponents] -- [Content = Scanning URL [jar:file:/Users/xk1020/.m2/repository/org/springframework/data/spring-data-commons/1.12.1.RELEASE/spring-data-commons-1.12.1.RELEASE.jar!/org/springframework/data/repository/support/ReflectionRepositoryInvoker.class]]
[2018-07-02 21:44:34.525] -- [TRACE] -- [main &gt;&gt;&gt;&gt; ClassPathScanningCandidateComponentProvider.java:298 &gt;&gt;&gt;&gt; Method = findCandidateComponents] -- [Content = Ignored because not matching any filter: URL [jar:file:/Users/xk1020/.m2/repository/org/springframework/data/spring-data-commons/1.12.1.RELEASE/spring-data-commons-1.12.1.RELEASE.jar!/org/springframework/data/repository/support/ReflectionRepositoryInvoker.class]]
[2018-07-02 21:44:34.525] -- [TRACE] -- [main &gt;&gt;&gt;&gt; ClassPathScanningCandidateComponentProvider.java:275 &gt;&gt;&gt;&gt; Method = findCandidateComponents] -- [Content = Scanning URL [jar:file:/Users/xk1020/.m2/repository/org/springframework/data/spring-data-commons/1.12.1.RELEASE/spring-data-commons-1.12.1.RELEASE.jar!/org/springframework/data/repository/support/Repositories$EmptyRepositoryFactoryInformation.class]]
[2018-07-02 21:44:34.525] -- [TRACE] -- [main &gt;&gt;&gt;&gt; ClassPathScanningCandidateComponentProvider.java:298 &gt;&gt;&gt;&gt; Method = findCandidateComponents] -- [Content = Ignored because not matching any filter: URL [jar:file:/Users/xk1020/.m2/repository/org/springframework/data/spring-data-commons/1.12.1.RELEASE/spring-data-commons-1.12.1.RELEASE.jar!/org/springframework/data/repository/support/Repositories$EmptyRepositoryFactoryInformation.class]]
[2018-07-02 21:44:34.525] -- [TRACE] -- [main &gt;&gt;&gt;&gt; ClassPathScanningCandidateComponentProvider.java:275 &gt;&gt;&gt;&gt; Method = findCandidateComponents] -- [Content = Scanning URL [jar:file:/Users/xk1020/.m2/repository/org/springframework/data/spring-data-commons/1.12.1.RELEASE/spring-data-commons-1.12.1.RELEASE.jar!/org/springframework/data/repository/support/Repositories.class]]
[2018-07-02 21:44:34.526] -- [TRACE] -- [main &gt;&gt;&gt;&gt; ClassPathScanningCandidateComponentProvider.java:298 &gt;&gt;&gt;&gt; Method = findCandidateComponents] -- [Content = Ignored because not matching any filter: URL [jar:file:/Users/xk1020/.m2/repository/org/springframework/data/spring-data-commons/1.12.1.RELEASE/spring-data-commons-1.12.1.RELEASE.jar!/org/springframework/data/repository/support/Repositories.class]]
[2018-07-02 21:44:34.526] -- [TRACE] -- [main &gt;&gt;&gt;&gt; ClassPathScanningCandidateComponentProvider.java:275 &gt;&gt;&gt;&gt; Method = findCandidateComponents] -- [Content = Scanning URL [jar:file:/Users/xk1020/.m2/repository/org/springframework/data/spring-data-commons/1.12.1.RELEASE/spring-data-commons-1.12.1.RELEASE.jar!/org/springframework/data/repository/support/RepositoryInvocationInformation.class]]
[2018-07-02 21:44:34.526] -- [TRACE] -- [main &gt;&gt;&gt;&gt; ClassPathScanningCandidateComponentProvider.java:298 &gt;&gt;&gt;&gt; Method = findCandidateComponents] -- [Content = Ignored because not matching any filter: URL [jar:file:/Users/xk1020/.m2/repository/org/springframework/data/spring-data-commons/1.12.1.RELEASE/spring-data-commons-1.12.1.RELEASE.jar!/org/springframework/data/repository/support/RepositoryInvocationInformation.class]]
[2018-07-02 21:44:34.526] -- [TRACE] -- [main &gt;&gt;&gt;&gt; ClassPathScanningCandidateComponentProvider.java:275 &gt;&gt;&gt;&gt; Method = findCandidateComponents] -- [Content = Scanning URL [jar:file:/Users/xk1020/.m2/repository/org/springframework/data/spring-data-commons/1.12.1.RELEASE/spring-data-commons-1.12.1.RELEASE.jar!/org/springframework/data/repository/support/RepositoryInvoker.class]]
[2018-07-02 21:44:34.527] -- [TRACE] -- [main &gt;&gt;&gt;&gt; ClassPathScanningCandidateComponentProvider.java:298 &gt;&gt;&gt;&gt; Method = findCandidateComponents] -- [Content = Ignored because not matching any filter: URL [jar:file:/Users/xk1020/.m2/repository/org/springframework/data/spring-data-commons/1.12.1.RELEASE/spring-data-commons-1.12.1.RELEASE.jar!/org/springframework/data/repository/support/RepositoryInvoker.class]]
[2018-07-02 21:44:34.527] -- [TRACE] -- [main &gt;&gt;&gt;&gt; ClassPathScanningCandidateComponentProvider.java:275 &gt;&gt;&gt;&gt; Method = findCandidateComponents] -- [Content = Scanning URL [jar:file:/Users/xk1020/.m2/repository/org/springframework/data/spring-data-commons/1.12.1.RELEASE/spring-data-commons-1.12.1.RELEASE.jar!/org/springframework/data/repository/support/RepositoryInvokerFactory.class]]
[2018-07-02 21:44:34.527] -- [TRACE] -- [main &gt;&gt;&gt;&gt; ClassPathScanningCandidateComponentProvider.java:298 &gt;&gt;&gt;&gt; Method = findCandidateComponents] -- [Content = Ignored because not matching any filter: URL [jar:file:/Users/xk1020/.m2/repository/org/springframework/data/spring-data-commons/1.12.1.RELEASE/spring-data-commons-1.12.1.RELEASE.jar!/org/springframework/data/repository/support/RepositoryInvokerFactory.class]]
[2018-07-02 21:44:34.527] -- [DEBUG] -- [main &gt;&gt;&gt;&gt; MutablePropertySources.java:109 &gt;&gt;&gt;&gt; Method = addLast] -- [Content = Adding [systemProperties] PropertySource with lowest search precedence]
[2018-07-02 21:44:34.528] -- [DEBUG] -- [main &gt;&gt;&gt;&gt; MutablePropertySources.java:109 &gt;&gt;&gt;&gt; Method = addLast] -- [Content = Adding [systemEnvironment] PropertySource with lowest search precedence]
[2018-07-02 21:44:34.528] -- [DEBUG] -- [main &gt;&gt;&gt;&gt; AbstractEnvironment.java:127 &gt;&gt;&gt;&gt; Method = &lt;init&gt;] -- [Content = Initialized StandardEnvironment with PropertySources [systemProperties,systemEnvironment]]
[2018-07-02 21:44:34.528] -- [DEBUG] -- [main &gt;&gt;&gt;&gt; PathMatchingResourcePatternResolver.java:312 &gt;&gt;&gt;&gt; Method = findAllClassPathResources] -- [Content = Resolved classpath location [com/youmeek/] to resources [URL [file:/Users/xk1020/IdeaProjects/Basic-Single-Module-SSJPA/target/test-classes/com/youmeek/], URL [file:/Users/xk1020/IdeaProjects/Basic-Single-Module-SSJPA/target/classes/com/youmeek/]]]
[2018-07-02 21:44:34.529] -- [DEBUG] -- [main &gt;&gt;&gt;&gt; PathMatchingResourcePatternResolver.java:637 &gt;&gt;&gt;&gt; Method = doFindMatchingFileSystemResources] -- [Content = Looking for matching resources in directory tree [/Users/xk1020/IdeaProjects/Basic-Single-Module-SSJPA/target/test-classes/com/youmeek]]
[2018-07-02 21:44:34.529] -- [DEBUG] -- [main &gt;&gt;&gt;&gt; PathMatchingResourcePatternResolver.java:699 &gt;&gt;&gt;&gt; Method = doRetrieveMatchingFiles] -- [Content = Searching directory [/Users/xk1020/IdeaProjects/Basic-Single-Module-SSJPA/target/test-classes/com/youmeek] for files matching pattern [/Users/xk1020/IdeaProjects/Basic-Single-Module-SSJPA/target/test-classes/com/youmeek/**/dao/**/*.class]]
[2018-07-02 21:44:34.529] -- [DEBUG] -- [main &gt;&gt;&gt;&gt; PathMatchingResourcePatternResolver.java:699 &gt;&gt;&gt;&gt; Method = doRetrieveMatchingFiles] -- [Content = Searching directory [/Users/xk1020/IdeaProjects/Basic-Single-Module-SSJPA/target/test-classes/com/youmeek/ssm] for files matching pattern [/Users/xk1020/IdeaProjects/Basic-Single-Module-SSJPA/target/test-classes/com/youmeek/**/dao/**/*.class]]
[2018-07-02 21:44:34.530] -- [DEBUG] -- [main &gt;&gt;&gt;&gt; PathMatchingResourcePatternResolver.java:637 &gt;&gt;&gt;&gt; Method = doFindMatchingFileSystemResources] -- [Content = Looking for matching resources in directory tree [/Users/xk1020/IdeaProjects/Basic-Single-Module-SSJPA/target/classes/com/youmeek]]
[2018-07-02 21:44:34.530] -- [DEBUG] -- [main &gt;&gt;&gt;&gt; PathMatchingResourcePatternResolver.java:699 &gt;&gt;&gt;&gt; Method = doRetrieveMatchingFiles] -- [Content = Searching directory [/Users/xk1020/IdeaProjects/Basic-Single-Module-SSJPA/target/classes/com/youmeek] for files matching pattern [/Users/xk1020/IdeaProjects/Basic-Single-Module-SSJPA/target/classes/com/youmeek/**/dao/**/*.class]]
[2018-07-02 21:44:34.530] -- [DEBUG] -- [main &gt;&gt;&gt;&gt; PathMatchingResourcePatternResolver.java:699 &gt;&gt;&gt;&gt; Method = doRetrieveMatchingFiles] -- [Content = Searching directory [/Users/xk1020/IdeaProjects/Basic-Single-Module-SSJPA/target/classes/com/youmeek/ssm] for files matching pattern [/Users/xk1020/IdeaProjects/Basic-Single-Module-SSJPA/target/classes/com/youmeek/**/dao/**/*.class]]
[2018-07-02 21:44:34.530] -- [DEBUG] -- [main &gt;&gt;&gt;&gt; PathMatchingResourcePatternResolver.java:699 &gt;&gt;&gt;&gt; Method = doRetrieveMatchingFiles] -- [Content = Searching directory [/Users/xk1020/IdeaProjects/Basic-Single-Module-SSJPA/target/classes/com/youmeek/ssm/module] for files matching pattern [/Users/xk1020/IdeaProjects/Basic-Single-Module-SSJPA/target/classes/com/youmeek/**/dao/**/*.class]]
[2018-07-02 21:44:34.531] -- [DEBUG] -- [main &gt;&gt;&gt;&gt; PathMatchingResourcePatternResolver.java:699 &gt;&gt;&gt;&gt; Method = doRetrieveMatchingFiles] -- [Content = Searching directory [/Users/xk1020/IdeaProjects/Basic-Single-Module-SSJPA/target/classes/com/youmeek/ssm/module/user] for files matching pattern [/Users/xk1020/IdeaProjects/Basic-Single-Module-SSJPA/target/classes/com/youmeek/**/dao/**/*.class]]
[2018-07-02 21:44:34.531] -- [DEBUG] -- [main &gt;&gt;&gt;&gt; PathMatchingResourcePatternResolver.java:699 &gt;&gt;&gt;&gt; Method = doRetrieveMatchingFiles] -- [Content = Searching directory [/Users/xk1020/IdeaProjects/Basic-Single-Module-SSJPA/target/classes/com/youmeek/ssm/module/user/dao] for files matching pattern [/Users/xk1020/IdeaProjects/Basic-Single-Module-SSJPA/target/classes/com/youmeek/**/dao/**/*.class]]
[2018-07-02 21:44:34.531] -- [DEBUG] -- [main &gt;&gt;&gt;&gt; PathMatchingResourcePatternResolver.java:699 &gt;&gt;&gt;&gt; Method = doRetrieveMatchingFiles] -- [Content = Searching directory [/Users/xk1020/IdeaProjects/Basic-Single-Module-SSJPA/target/classes/com/youmeek/ssm/module/user/controller] for files matching pattern [/Users/xk1020/IdeaProjects/Basic-Single-Module-SSJPA/target/classes/com/youmeek/**/dao/**/*.class]]
[2018-07-02 21:44:34.531] -- [DEBUG] -- [main &gt;&gt;&gt;&gt; PathMatchingResourcePatternResolver.java:699 &gt;&gt;&gt;&gt; Method = doRetrieveMatchingFiles] -- [Content = Searching directory [/Users/xk1020/IdeaProjects/Basic-Single-Module-SSJPA/target/classes/com/youmeek/ssm/module/user/service] for files matching pattern [/Users/xk1020/IdeaProjects/Basic-Single-Module-SSJPA/target/classes/com/youmeek/**/dao/**/*.class]]
[2018-07-02 21:44:34.532] -- [DEBUG] -- [main &gt;&gt;&gt;&gt; PathMatchingResourcePatternResolver.java:699 &gt;&gt;&gt;&gt; Method = doRetrieveMatchingFiles] -- [Content = Searching directory [/Users/xk1020/IdeaProjects/Basic-Single-Module-SSJPA/target/classes/com/youmeek/ssm/module/user/service/impl] for files matching pattern [/Users/xk1020/IdeaProjects/Basic-Single-Module-SSJPA/target/classes/com/youmeek/**/dao/**/*.class]]
[2018-07-02 21:44:34.532] -- [DEBUG] -- [main &gt;&gt;&gt;&gt; PathMatchingResourcePatternResolver.java:699 &gt;&gt;&gt;&gt; Method = doRetrieveMatchingFiles] -- [Content = Searching directory [/Users/xk1020/IdeaProjects/Basic-Single-Module-SSJPA/target/classes/com/youmeek/ssm/module/user/pojo] for files matching pattern [/Users/xk1020/IdeaProjects/Basic-Single-Module-SSJPA/target/classes/com/youmeek/**/dao/**/*.class]]
[2018-07-02 21:44:34.532] -- [DEBUG] -- [main &gt;&gt;&gt;&gt; PathMatchingResourcePatternResolver.java:699 &gt;&gt;&gt;&gt; Method = doRetrieveMatchingFiles] -- [Content = Searching directory [/Users/xk1020/IdeaProjects/Basic-Single-Module-SSJPA/target/classes/com/youmeek/ssm/aop] for files matching pattern [/Users/xk1020/IdeaProjects/Basic-Single-Module-SSJPA/target/classes/com/youmeek/**/dao/**/*.class]]
[2018-07-02 21:44:34.533] -- [DEBUG] -- [main &gt;&gt;&gt;&gt; PathMatchingResourcePatternResolver.java:699 &gt;&gt;&gt;&gt; Method = doRetrieveMatchingFiles] -- [Content = Searching directory [/Users/xk1020/IdeaProjects/Basic-Single-Module-SSJPA/target/classes/com/youmeek/ssm/aop/log] for files matching pattern [/Users/xk1020/IdeaProjects/Basic-Single-Module-SSJPA/target/classes/com/youmeek/**/dao/**/*.class]]
[2018-07-02 21:44:34.533] -- [DEBUG] -- [main &gt;&gt;&gt;&gt; PathMatchingResourcePatternResolver.java:699 &gt;&gt;&gt;&gt; Method = doRetrieveMatchingFiles] -- [Content = Searching directory [/Users/xk1020/IdeaProjects/Basic-Single-Module-SSJPA/target/classes/com/youmeek/ssm/interceptor] for files matching pattern [/Users/xk1020/IdeaProjects/Basic-Single-Module-SSJPA/target/classes/com/youmeek/**/dao/**/*.class]]
[2018-07-02 21:44:34.533] -- [DEBUG] -- [main &gt;&gt;&gt;&gt; PathMatchingResourcePatternResolver.java:430 &gt;&gt;&gt;&gt; Method = findPathMatchingResources] -- [Content = Resolved location pattern [classpath*:com/youmeek/**/dao/**/*.class] to resources [file [/Users/xk1020/IdeaProjects/Basic-Single-Module-SSJPA/target/classes/com/youmeek/ssm/module/user/dao/SysUserDao.class]]]
[2018-07-02 21:44:34.533] -- [TRACE] -- [main &gt;&gt;&gt;&gt; ClassPathScanningCandidateComponentProvider.java:275 &gt;&gt;&gt;&gt; Method = findCandidateComponents] -- [Content = Scanning file [/Users/xk1020/IdeaProjects/Basic-Single-Module-SSJPA/target/classes/com/youmeek/ssm/module/user/dao/SysUserDao.class]]
[2018-07-02 21:44:34.535] -- [DEBUG] -- [main &gt;&gt;&gt;&gt; ClassPathScanningCandidateComponentProvider.java:286 &gt;&gt;&gt;&gt; Method = findCandidateComponents] -- [Content = Identified candidate component class: file [/Users/xk1020/IdeaProjects/Basic-Single-Module-SSJPA/target/classes/com/youmeek/ssm/module/user/dao/SysUserDao.class]]
[2018-07-02 21:44:34.535] -- [DEBUG] -- [main &gt;&gt;&gt;&gt; MutablePropertySources.java:109 &gt;&gt;&gt;&gt; Method = addLast] -- [Content = Adding [systemProperties] PropertySource with lowest search precedence]
[2018-07-02 21:44:34.536] -- [DEBUG] -- [main &gt;&gt;&gt;&gt; MutablePropertySources.java:109 &gt;&gt;&gt;&gt; Method = addLast] -- [Content = Adding [systemEnvironment] PropertySource with lowest search precedence]
[2018-07-02 21:44:34.536] -- [DEBUG] -- [main &gt;&gt;&gt;&gt; AbstractEnvironment.java:127 &gt;&gt;&gt;&gt; Method = &lt;init&gt;] -- [Content = Initialized StandardEnvironment with PropertySources [systemProperties,systemEnvironment]]
[2018-07-02 21:44:34.536] -- [DEBUG] -- [main &gt;&gt;&gt;&gt; PathMatchingResourcePatternResolver.java:312 &gt;&gt;&gt;&gt; Method = findAllClassPathResources] -- [Content = Resolved classpath location [com/youmeek/] to resources [URL [file:/Users/xk1020/IdeaProjects/Basic-Single-Module-SSJPA/target/test-classes/com/youmeek/], URL [file:/Users/xk1020/IdeaProjects/Basic-Single-Module-SSJPA/target/classes/com/youmeek/]]]
[2018-07-02 21:44:34.536] -- [DEBUG] -- [main &gt;&gt;&gt;&gt; PathMatchingResourcePatternResolver.java:637 &gt;&gt;&gt;&gt; Method = doFindMatchingFileSystemResources] -- [Content = Looking for matching resources in directory tree [/Users/xk1020/IdeaProjects/Basic-Single-Module-SSJPA/target/test-classes/com/youmeek]]
[2018-07-02 21:44:34.537] -- [DEBUG] -- [main &gt;&gt;&gt;&gt; PathMatchingResourcePatternResolver.java:699 &gt;&gt;&gt;&gt; Method = doRetrieveMatchingFiles] -- [Content = Searching directory [/Users/xk1020/IdeaProjects/Basic-Single-Module-SSJPA/target/test-classes/com/youmeek] for files matching pattern [/Users/xk1020/IdeaProjects/Basic-Single-Module-SSJPA/target/test-classes/com/youmeek/**/dao/**/*SysUserDaoImpl.class]]
[2018-07-02 21:44:34.537] -- [DEBUG] -- [main &gt;&gt;&gt;&gt; PathMatchingResourcePatternResolver.java:699 &gt;&gt;&gt;&gt; Method = doRetrieveMatchingFiles] -- [Content = Searching directory [/Users/xk1020/IdeaProjects/Basic-Single-Module-SSJPA/target/test-classes/com/youmeek/ssm] for files matching pattern [/Users/xk1020/IdeaProjects/Basic-Single-Module-SSJPA/target/test-classes/com/youmeek/**/dao/**/*SysUserDaoImpl.class]]
[2018-07-02 21:44:34.537] -- [DEBUG] -- [main &gt;&gt;&gt;&gt; PathMatchingResourcePatternResolver.java:637 &gt;&gt;&gt;&gt; Method = doFindMatchingFileSystemResources] -- [Content = Looking for matching resources in directory tree [/Users/xk1020/IdeaProjects/Basic-Single-Module-SSJPA/target/classes/com/youmeek]]
[2018-07-02 21:44:34.538] -- [DEBUG] -- [main &gt;&gt;&gt;&gt; PathMatchingResourcePatternResolver.java:699 &gt;&gt;&gt;&gt; Method = doRetrieveMatchingFiles] -- [Content = Searching directory [/Users/xk1020/IdeaProjects/Basic-Single-Module-SSJPA/target/classes/com/youmeek] for files matching pattern [/Users/xk1020/IdeaProjects/Basic-Single-Module-SSJPA/target/classes/com/youmeek/**/dao/**/*SysUserDaoImpl.class]]
[2018-07-02 21:44:34.538] -- [DEBUG] -- [main &gt;&gt;&gt;&gt; PathMatchingResourcePatternResolver.java:699 &gt;&gt;&gt;&gt; Method = doRetrieveMatchingFiles] -- [Content = Searching directory [/Users/xk1020/IdeaProjects/Basic-Single-Module-SSJPA/target/classes/com/youmeek/ssm] for files matching pattern [/Users/xk1020/IdeaProjects/Basic-Single-Module-SSJPA/target/classes/com/youmeek/**/dao/**/*SysUserDaoImpl.class]]
[2018-07-02 21:44:34.538] -- [DEBUG] -- [main &gt;&gt;&gt;&gt; PathMatchingResourcePatternResolver.java:699 &gt;&gt;&gt;&gt; Method = doRetrieveMatchingFiles] -- [Content = Searching directory [/Users/xk1020/IdeaProjects/Basic-Single-Module-SSJPA/target/classes/com/youmeek/ssm/module] for files matching pattern [/Users/xk1020/IdeaProjects/Basic-Single-Module-SSJPA/target/classes/com/youmeek/**/dao/**/*SysUserDaoImpl.class]]
[2018-07-02 21:44:34.538] -- [DEBUG] -- [main &gt;&gt;&gt;&gt; PathMatchingResourcePatternResolver.java:699 &gt;&gt;&gt;&gt; Method = doRetrieveMatchingFiles] -- [Content = Searching directory [/Users/xk1020/IdeaProjects/Basic-Single-Module-SSJPA/target/classes/com/youmeek/ssm/module/user] for files matching pattern [/Users/xk1020/IdeaProjects/Basic-Single-Module-SSJPA/target/classes/com/youmeek/**/dao/**/*SysUserDaoImpl.class]]
[2018-07-02 21:44:34.539] -- [DEBUG] -- [main &gt;&gt;&gt;&gt; PathMatchingResourcePatternResolver.java:699 &gt;&gt;&gt;&gt; Method = doRetrieveMatchingFiles] -- [Content = Searching directory [/Users/xk1020/IdeaProjects/Basic-Single-Module-SSJPA/target/classes/com/youmeek/ssm/module/user/dao] for files matching pattern [/Users/xk1020/IdeaProjects/Basic-Single-Module-SSJPA/target/classes/com/youmeek/**/dao/**/*SysUserDaoImpl.class]]
[2018-07-02 21:44:34.539] -- [DEBUG] -- [main &gt;&gt;&gt;&gt; PathMatchingResourcePatternResolver.java:699 &gt;&gt;&gt;&gt; Method = doRetrieveMatchingFiles] -- [Content = Searching directory [/Users/xk1020/IdeaProjects/Basic-Single-Module-SSJPA/target/classes/com/youmeek/ssm/module/user/controller] for files matching pattern [/Users/xk1020/IdeaProjects/Basic-Single-Module-SSJPA/target/classes/com/youmeek/**/dao/**/*SysUserDaoImpl.class]]
[2018-07-02 21:44:34.539] -- [DEBUG] -- [main &gt;&gt;&gt;&gt; PathMatchingResourcePatternResolver.java:699 &gt;&gt;&gt;&gt; Method = doRetrieveMatchingFiles] -- [Content = Searching directory [/Users/xk1020/IdeaProjects/Basic-Single-Module-SSJPA/target/classes/com/youmeek/ssm/module/user/service] for files matching pattern [/Users/xk1020/IdeaProjects/Basic-Single-Module-SSJPA/target/classes/com/youmeek/**/dao/**/*SysUserDaoImpl.class]]
[2018-07-02 21:44:34.539] -- [DEBUG] -- [main &gt;&gt;&gt;&gt; PathMatchingResourcePatternResolver.java:699 &gt;&gt;&gt;&gt; Method = doRetrieveMatchingFiles] -- [Content = Searching directory [/Users/xk1020/IdeaProjects/Basic-Single-Module-SSJPA/target/classes/com/youmeek/ssm/module/user/service/impl] for files matching pattern [/Users/xk1020/IdeaProjects/Basic-Single-Module-SSJPA/target/classes/com/youmeek/**/dao/**/*SysUserDaoImpl.class]]
[2018-07-02 21:44:34.540] -- [DEBUG] -- [main &gt;&gt;&gt;&gt; PathMatchingResourcePatternResolver.java:699 &gt;&gt;&gt;&gt; Method = doRetrieveMatchingFiles] -- [Content = Searching directory [/Users/xk1020/IdeaProjects/Basic-Single-Module-SSJPA/target/classes/com/youmeek/ssm/module/user/pojo] for files matching pattern [/Users/xk1020/IdeaProjects/Basic-Single-Module-SSJPA/target/classes/com/youmeek/**/dao/**/*SysUserDaoImpl.class]]
[2018-07-02 21:44:34.540] -- [DEBUG] -- [main &gt;&gt;&gt;&gt; PathMatchingResourcePatternResolver.java:699 &gt;&gt;&gt;&gt; Method = doRetrieveMatchingFiles] -- [Content = Searching directory [/Users/xk1020/IdeaProjects/Basic-Single-Module-SSJPA/target/classes/com/youmeek/ssm/aop] for files matching pattern [/Users/xk1020/IdeaProjects/Basic-Single-Module-SSJPA/target/classes/com/youmeek/**/dao/**/*SysUserDaoImpl.class]]
[2018-07-02 21:44:34.540] -- [DEBUG] -- [main &gt;&gt;&gt;&gt; PathMatchingResourcePatternResolver.java:699 &gt;&gt;&gt;&gt; Method = doRetrieveMatchingFiles] -- [Content = Searching directory [/Users/xk1020/IdeaProjects/Basic-Single-Module-SSJPA/target/classes/com/youmeek/ssm/aop/log] for files matching pattern [/Users/xk1020/IdeaProjects/Basic-Single-Module-SSJPA/target/classes/com/youmeek/**/dao/**/*SysUserDaoImpl.class]]
[2018-07-02 21:44:34.540] -- [DEBUG] -- [main &gt;&gt;&gt;&gt; PathMatchingResourcePatternResolver.java:699 &gt;&gt;&gt;&gt; Method = doRetrieveMatchingFiles] -- [Content = Searching directory [/Users/xk1020/IdeaProjects/Basic-Single-Module-SSJPA/target/classes/com/youmeek/ssm/interceptor] for files matching pattern [/Users/xk1020/IdeaProjects/Basic-Single-Module-SSJPA/target/classes/com/youmeek/**/dao/**/*SysUserDaoImpl.class]]
[2018-07-02 21:44:34.541] -- [DEBUG] -- [main &gt;&gt;&gt;&gt; PathMatchingResourcePatternResolver.java:430 &gt;&gt;&gt;&gt; Method = findPathMatchingResources] -- [Content = Resolved location pattern [classpath*:com/youmeek/**/dao/**/*SysUserDaoImpl.class] to resources []]
[2018-07-02 21:44:34.541] -- [DEBUG] -- [main &gt;&gt;&gt;&gt; RepositoryConfigurationDelegate.java:142 &gt;&gt;&gt;&gt; Method = registerRepositoriesIn] -- [Content = Spring Data JPA - Registering repository: sysUserDao - Interface: com.youmeek.ssm.module.user.dao.SysUserDao - Factory: org.springframework.data.jpa.repository.support.JpaRepositoryFactoryBean]
[2018-07-02 21:44:34.541] -- [DEBUG] -- [main &gt;&gt;&gt;&gt; AbstractBeanDefinitionReader.java:224 &gt;&gt;&gt;&gt; Method = loadBeanDefinitions] -- [Content = Loaded 26 bean definitions from location pattern [classpath*:spring/applicationContext*.xml]]
[2018-07-02 21:44:34.541] -- [INFO] -- [main &gt;&gt;&gt;&gt; AbstractApplicationContext.java:578 &gt;&gt;&gt;&gt; Method = prepareRefresh] -- [Content = Refreshing org.springframework.context.support.GenericApplicationContext@35d6ca49: startup date [Mon Jul 02 21:44:34 CST 2018]; root of context hierarchy]
[2018-07-02 21:44:34.542] -- [DEBUG] -- [main &gt;&gt;&gt;&gt; AbstractApplicationContext.java:612 &gt;&gt;&gt;&gt; Method = obtainFreshBeanFactory] -- [Content = Bean factory for org.springframework.context.support.GenericApplicationContext@35d6ca49: org.springframework.beans.factory.support.DefaultListableBeanFactory@57f791c6: defining beans [org.springframework.context.support.PropertySourcesPlaceholderConfigurer#0,sysUserServiceImpl,org.springframework.context.annotation.internalConfigurationAnnotationProcessor,org.springframework.context.annotation.internalAutowiredAnnotationProcessor,org.springframework.context.annotation.internalRequiredAnnotationProcessor,org.springframework.context.annotation.internalCommonAnnotationProcessor,org.springframework.context.annotation.internalPersistenceAnnotationProcessor,org.springframework.context.event.internalEventListenerProcessor,org.springframework.context.event.internalEventListenerFactory,dataSource,druid-stat-interceptor,druid-stat-pointcut,org.springframework.aop.config.internalAutoProxyCreator,org.springframework.aop.support.DefaultBeanFactoryPointcutAdvisor#0,transactionManager,transactionAdvice,transactionPointcut,org.springframework.aop.support.DefaultBeanFactoryPointcutAdvisor#1,entityManagerFactory,hibernateJpaVendorAdapter,org.springframework.data.jpa.repository.config.JpaRepositoryConfigExtension#0,org.springframework.data.repository.core.support.RepositoryFactoryBeanSupport_Predictor,emBeanDefinitionRegistrarPostProcessor,jpaMappingContext,jpaContext,sysUserDao]; root of factory hierarchy]
[2018-07-02 21:44:34.542] -- [DEBUG] -- [main &gt;&gt;&gt;&gt; DefaultSingletonBeanRegistry.java:221 &gt;&gt;&gt;&gt; Method = getSingleton] -- [Content = Creating shared instance of singleton bean &apos;org.springframework.context.annotation.internalConfigurationAnnotationProcessor&apos;]
[2018-07-02 21:44:34.542] -- [DEBUG] -- [main &gt;&gt;&gt;&gt; AbstractAutowireCapableBeanFactory.java:448 &gt;&gt;&gt;&gt; Method = createBean] -- [Content = Creating instance of bean &apos;org.springframework.context.annotation.internalConfigurationAnnotationProcessor&apos;]
[2018-07-02 21:44:34.543] -- [DEBUG] -- [main &gt;&gt;&gt;&gt; AbstractAutowireCapableBeanFactory.java:529 &gt;&gt;&gt;&gt; Method = doCreateBean] -- [Content = Eagerly caching bean &apos;org.springframework.context.annotation.internalConfigurationAnnotationProcessor&apos; to allow for resolving potential circular references]
[2018-07-02 21:44:34.543] -- [DEBUG] -- [main &gt;&gt;&gt;&gt; AbstractAutowireCapableBeanFactory.java:484 &gt;&gt;&gt;&gt; Method = createBean] -- [Content = Finished creating instance of bean &apos;org.springframework.context.annotation.internalConfigurationAnnotationProcessor&apos;]
[2018-07-02 21:44:34.548] -- [DEBUG] -- [main &gt;&gt;&gt;&gt; DefaultSingletonBeanRegistry.java:221 &gt;&gt;&gt;&gt; Method = getSingleton] -- [Content = Creating shared instance of singleton bean &apos;org.springframework.context.support.PropertySourcesPlaceholderConfigurer#0&apos;]
[2018-07-02 21:44:34.548] -- [DEBUG] -- [main &gt;&gt;&gt;&gt; AbstractAutowireCapableBeanFactory.java:448 &gt;&gt;&gt;&gt; Method = createBean] -- [Content = Creating instance of bean &apos;org.springframework.context.support.PropertySourcesPlaceholderConfigurer#0&apos;]
[2018-07-02 21:44:34.549] -- [DEBUG] -- [main &gt;&gt;&gt;&gt; AbstractAutowireCapableBeanFactory.java:529 &gt;&gt;&gt;&gt; Method = doCreateBean] -- [Content = Eagerly caching bean &apos;org.springframework.context.support.PropertySourcesPlaceholderConfigurer#0&apos; to allow for resolving potential circular references]
[2018-07-02 21:44:34.549] -- [TRACE] -- [main &gt;&gt;&gt;&gt; CachedIntrospectionResults.java:265 &gt;&gt;&gt;&gt; Method = &lt;init&gt;] -- [Content = Getting BeanInfo for class [org.springframework.context.support.PropertySourcesPlaceholderConfigurer]]
[2018-07-02 21:44:34.549] -- [TRACE] -- [main &gt;&gt;&gt;&gt; CachedIntrospectionResults.java:284 &gt;&gt;&gt;&gt; Method = &lt;init&gt;] -- [Content = Caching PropertyDescriptors for class [org.springframework.context.support.PropertySourcesPlaceholderConfigurer]]
[2018-07-02 21:44:34.549] -- [TRACE] -- [main &gt;&gt;&gt;&gt; CachedIntrospectionResults.java:297 &gt;&gt;&gt;&gt; Method = &lt;init&gt;] -- [Content = Found bean property &apos;appliedPropertySources&apos; of type [org.springframework.core.env.PropertySources]]
[2018-07-02 21:44:34.549] -- [TRACE] -- [main &gt;&gt;&gt;&gt; CachedIntrospectionResults.java:297 &gt;&gt;&gt;&gt; Method = &lt;init&gt;] -- [Content = Found bean property &apos;beanFactory&apos; of type [org.springframework.beans.factory.BeanFactory]]
[2018-07-02 21:44:34.549] -- [TRACE] -- [main &gt;&gt;&gt;&gt; CachedIntrospectionResults.java:297 &gt;&gt;&gt;&gt; Method = &lt;init&gt;] -- [Content = Found bean property &apos;beanName&apos; of type [java.lang.String]]
[2018-07-02 21:44:34.550] -- [TRACE] -- [main &gt;&gt;&gt;&gt; CachedIntrospectionResults.java:297 &gt;&gt;&gt;&gt; Method = &lt;init&gt;] -- [Content = Found bean property &apos;class&apos; of type [java.lang.Class]]
[2018-07-02 21:44:34.550] -- [TRACE] -- [main &gt;&gt;&gt;&gt; CachedIntrospectionResults.java:297 &gt;&gt;&gt;&gt; Method = &lt;init&gt;] -- [Content = Found bean property &apos;environment&apos; of type [org.springframework.core.env.Environment]]
[2018-07-02 21:44:34.550] -- [TRACE] -- [main &gt;&gt;&gt;&gt; CachedIntrospectionResults.java:297 &gt;&gt;&gt;&gt; Method = &lt;init&gt;] -- [Content = Found bean property &apos;fileEncoding&apos; of type [java.lang.String]]
[2018-07-02 21:44:34.550] -- [TRACE] -- [main &gt;&gt;&gt;&gt; CachedIntrospectionResults.java:297 &gt;&gt;&gt;&gt; Method = &lt;init&gt;] -- [Content = Found bean property &apos;ignoreResourceNotFound&apos; of type [boolean]]
[2018-07-02 21:44:34.550] -- [TRACE] -- [main &gt;&gt;&gt;&gt; CachedIntrospectionResults.java:297 &gt;&gt;&gt;&gt; Method = &lt;init&gt;] -- [Content = Found bean property &apos;ignoreUnresolvablePlaceholders&apos; of type [boolean]]
[2018-07-02 21:44:34.550] -- [TRACE] -- [main &gt;&gt;&gt;&gt; CachedIntrospectionResults.java:297 &gt;&gt;&gt;&gt; Method = &lt;init&gt;] -- [Content = Found bean property &apos;localOverride&apos; of type [boolean]]
[2018-07-02 21:44:34.550] -- [TRACE] -- [main &gt;&gt;&gt;&gt; CachedIntrospectionResults.java:297 &gt;&gt;&gt;&gt; Method = &lt;init&gt;] -- [Content = Found bean property &apos;location&apos; of type [org.springframework.core.io.Resource]]
[2018-07-02 21:44:34.551] -- [TRACE] -- [main &gt;&gt;&gt;&gt; CachedIntrospectionResults.java:297 &gt;&gt;&gt;&gt; Method = &lt;init&gt;] -- [Content = Found bean property &apos;locations&apos; of type [[Lorg.springframework.core.io.Resource;]]
[2018-07-02 21:44:34.551] -- [TRACE] -- [main &gt;&gt;&gt;&gt; CachedIntrospectionResults.java:297 &gt;&gt;&gt;&gt; Method = &lt;init&gt;] -- [Content = Found bean property &apos;nullValue&apos; of type [java.lang.String]]
[2018-07-02 21:44:34.551] -- [TRACE] -- [main &gt;&gt;&gt;&gt; CachedIntrospectionResults.java:297 &gt;&gt;&gt;&gt; Method = &lt;init&gt;] -- [Content = Found bean property &apos;order&apos; of type [int]]
[2018-07-02 21:44:34.551] -- [TRACE] -- [main &gt;&gt;&gt;&gt; CachedIntrospectionResults.java:297 &gt;&gt;&gt;&gt; Method = &lt;init&gt;] -- [Content = Found bean property &apos;placeholderPrefix&apos; of type [java.lang.String]]
[2018-07-02 21:44:34.551] -- [TRACE] -- [main &gt;&gt;&gt;&gt; CachedIntrospectionResults.java:297 &gt;&gt;&gt;&gt; Method = &lt;init&gt;] -- [Content = Found bean property &apos;placeholderSuffix&apos; of type [java.lang.String]]
[2018-07-02 21:44:34.551] -- [TRACE] -- [main &gt;&gt;&gt;&gt; CachedIntrospectionResults.java:297 &gt;&gt;&gt;&gt; Method = &lt;init&gt;] -- [Content = Found bean property &apos;properties&apos; of type [java.util.Properties]]
[2018-07-02 21:44:34.551] -- [TRACE] -- [main &gt;&gt;&gt;&gt; CachedIntrospectionResults.java:297 &gt;&gt;&gt;&gt; Method = &lt;init&gt;] -- [Content = Found bean property &apos;propertiesArray&apos; of type [[Ljava.util.Properties;]]
[2018-07-02 21:44:34.551] -- [TRACE] -- [main &gt;&gt;&gt;&gt; CachedIntrospectionResults.java:297 &gt;&gt;&gt;&gt; Method = &lt;init&gt;] -- [Content = Found bean property &apos;propertiesPersister&apos; of type [org.springframework.util.PropertiesPersister]]
[2018-07-02 21:44:34.552] -- [TRACE] -- [main &gt;&gt;&gt;&gt; CachedIntrospectionResults.java:297 &gt;&gt;&gt;&gt; Method = &lt;init&gt;] -- [Content = Found bean property &apos;propertySources&apos; of type [org.springframework.core.env.PropertySources]]
[2018-07-02 21:44:34.552] -- [TRACE] -- [main &gt;&gt;&gt;&gt; CachedIntrospectionResults.java:297 &gt;&gt;&gt;&gt; Method = &lt;init&gt;] -- [Content = Found bean property &apos;valueSeparator&apos; of type [java.lang.String]]
[2018-07-02 21:44:34.552] -- [DEBUG] -- [main &gt;&gt;&gt;&gt; PathMatchingResourcePatternResolver.java:312 &gt;&gt;&gt;&gt; Method = findAllClassPathResources] -- [Content = Resolved classpath location [properties/] to resources [URL [file:/Users/xk1020/IdeaProjects/Basic-Single-Module-SSJPA/target/classes/properties/]]]
[2018-07-02 21:44:34.552] -- [DEBUG] -- [main &gt;&gt;&gt;&gt; PathMatchingResourcePatternResolver.java:637 &gt;&gt;&gt;&gt; Method = doFindMatchingFileSystemResources] -- [Content = Looking for matching resources in directory tree [/Users/xk1020/IdeaProjects/Basic-Single-Module-SSJPA/target/classes/properties]]
[2018-07-02 21:44:34.553] -- [DEBUG] -- [main &gt;&gt;&gt;&gt; PathMatchingResourcePatternResolver.java:699 &gt;&gt;&gt;&gt; Method = doRetrieveMatchingFiles] -- [Content = Searching directory [/Users/xk1020/IdeaProjects/Basic-Single-Module-SSJPA/target/classes/properties] for files matching pattern [/Users/xk1020/IdeaProjects/Basic-Single-Module-SSJPA/target/classes/properties/*.properties]]
[2018-07-02 21:44:34.553] -- [DEBUG] -- [main &gt;&gt;&gt;&gt; PathMatchingResourcePatternResolver.java:430 &gt;&gt;&gt;&gt; Method = findPathMatchingResources] -- [Content = Resolved location pattern [classpath*:properties/*.properties] to resources [file [/Users/xk1020/IdeaProjects/Basic-Single-Module-SSJPA/target/classes/properties/config.properties]]]
[2018-07-02 21:44:34.553] -- [DEBUG] -- [main &gt;&gt;&gt;&gt; AbstractAutowireCapableBeanFactory.java:484 &gt;&gt;&gt;&gt; Method = createBean] -- [Content = Finished creating instance of bean &apos;org.springframework.context.support.PropertySourcesPlaceholderConfigurer#0&apos;]
[2018-07-02 21:44:34.554] -- [DEBUG] -- [main &gt;&gt;&gt;&gt; MutablePropertySources.java:109 &gt;&gt;&gt;&gt; Method = addLast] -- [Content = Adding [environmentProperties] PropertySource with lowest search precedence]
[2018-07-02 21:44:34.554] -- [INFO] -- [main &gt;&gt;&gt;&gt; PropertiesLoaderSupport.java:172 &gt;&gt;&gt;&gt; Method = loadProperties] -- [Content = Loading properties file from file [/Users/xk1020/IdeaProjects/Basic-Single-Module-SSJPA/target/classes/properties/config.properties]]
[2018-07-02 21:44:34.554] -- [DEBUG] -- [main &gt;&gt;&gt;&gt; MutablePropertySources.java:109 &gt;&gt;&gt;&gt; Method = addLast] -- [Content = Adding [localProperties] PropertySource with lowest search precedence]
[2018-07-02 21:44:34.555] -- [TRACE] -- [main &gt;&gt;&gt;&gt; PropertySourcesPropertyResolver.java:76 &gt;&gt;&gt;&gt; Method = getProperty] -- [Content = getProperty(&quot;data_source_url&quot;, String)]
[2018-07-02 21:44:34.555] -- [DEBUG] -- [main &gt;&gt;&gt;&gt; PropertySourcesPropertyResolver.java:81 &gt;&gt;&gt;&gt; Method = getProperty] -- [Content = Searching for key &apos;data_source_url&apos; in [environmentProperties]]
[2018-07-02 21:44:34.555] -- [TRACE] -- [main &gt;&gt;&gt;&gt; PropertySourcesPropertyResolver.java:76 &gt;&gt;&gt;&gt; Method = getProperty] -- [Content = getProperty(&quot;data_source_url&quot;, String)]
[2018-07-02 21:44:34.555] -- [DEBUG] -- [main &gt;&gt;&gt;&gt; PropertySourcesPropertyResolver.java:81 &gt;&gt;&gt;&gt; Method = getProperty] -- [Content = Searching for key &apos;data_source_url&apos; in [systemProperties]]
[2018-07-02 21:44:34.555] -- [DEBUG] -- [main &gt;&gt;&gt;&gt; PropertySourcesPropertyResolver.java:81 &gt;&gt;&gt;&gt; Method = getProperty] -- [Content = Searching for key &apos;data_source_url&apos; in [systemEnvironment]]
[2018-07-02 21:44:34.555] -- [DEBUG] -- [main &gt;&gt;&gt;&gt; PropertySourcesPropertyResolver.java:103 &gt;&gt;&gt;&gt; Method = getProperty] -- [Content = Could not find key &apos;data_source_url&apos; in any property source. Returning [null]]
[2018-07-02 21:44:34.556] -- [DEBUG] -- [main &gt;&gt;&gt;&gt; PropertySourcesPropertyResolver.java:81 &gt;&gt;&gt;&gt; Method = getProperty] -- [Content = Searching for key &apos;data_source_url&apos; in [localProperties]]
[2018-07-02 21:44:34.556] -- [DEBUG] -- [main &gt;&gt;&gt;&gt; PropertySourcesPropertyResolver.java:90 &gt;&gt;&gt;&gt; Method = getProperty] -- [Content = Found key &apos;data_source_url&apos; in [localProperties] with type [String] and value &apos;jdbc:mysql://localhost:3306/ssm?useUnicode=true&amp;characterEncoding=utf-8&amp;autoReconnect=true&amp;allowMultiQueries=true&apos;]
[2018-07-02 21:44:34.556] -- [TRACE] -- [main &gt;&gt;&gt;&gt; PropertyPlaceholderHelper.java:165 &gt;&gt;&gt;&gt; Method = parseStringValue] -- [Content = Resolved placeholder &apos;data_source_url&apos;]
[2018-07-02 21:44:34.556] -- [TRACE] -- [main &gt;&gt;&gt;&gt; PropertySourcesPropertyResolver.java:76 &gt;&gt;&gt;&gt; Method = getProperty] -- [Content = getProperty(&quot;data_source_username&quot;, String)]
[2018-07-02 21:44:34.556] -- [DEBUG] -- [main &gt;&gt;&gt;&gt; PropertySourcesPropertyResolver.java:81 &gt;&gt;&gt;&gt; Method = getProperty] -- [Content = Searching for key &apos;data_source_username&apos; in [environmentProperties]]
[2018-07-02 21:44:34.556] -- [TRACE] -- [main &gt;&gt;&gt;&gt; PropertySourcesPropertyResolver.java:76 &gt;&gt;&gt;&gt; Method = getProperty] -- [Content = getProperty(&quot;data_source_username&quot;, String)]
[2018-07-02 21:44:34.557] -- [DEBUG] -- [main &gt;&gt;&gt;&gt; PropertySourcesPropertyResolver.java:81 &gt;&gt;&gt;&gt; Method = getProperty] -- [Content = Searching for key &apos;data_source_username&apos; in [systemProperties]]
[2018-07-02 21:44:34.557] -- [DEBUG] -- [main &gt;&gt;&gt;&gt; PropertySourcesPropertyResolver.java:81 &gt;&gt;&gt;&gt; Method = getProperty] -- [Content = Searching for key &apos;data_source_username&apos; in [systemEnvironment]]
[2018-07-02 21:44:34.557] -- [DEBUG] -- [main &gt;&gt;&gt;&gt; PropertySourcesPropertyResolver.java:103 &gt;&gt;&gt;&gt; Method = getProperty] -- [Content = Could not find key &apos;data_source_username&apos; in any property source. Returning [null]]
[2018-07-02 21:44:34.557] -- [DEBUG] -- [main &gt;&gt;&gt;&gt; PropertySourcesPropertyResolver.java:81 &gt;&gt;&gt;&gt; Method = getProperty] -- [Content = Searching for key &apos;data_source_username&apos; in [localProperties]]
[2018-07-02 21:44:34.557] -- [DEBUG] -- [main &gt;&gt;&gt;&gt; PropertySourcesPropertyResolver.java:90 &gt;&gt;&gt;&gt; Method = getProperty] -- [Content = Found key &apos;data_source_username&apos; in [localProperties] with type [String] and value &apos;root &apos;]
[2018-07-02 21:44:34.558] -- [TRACE] -- [main &gt;&gt;&gt;&gt; PropertyPlaceholderHelper.java:165 &gt;&gt;&gt;&gt; Method = parseStringValue] -- [Content = Resolved placeholder &apos;data_source_username&apos;]
[2018-07-02 21:44:34.558] -- [TRACE] -- [main &gt;&gt;&gt;&gt; PropertySourcesPropertyResolver.java:76 &gt;&gt;&gt;&gt; Method = getProperty] -- [Content = getProperty(&quot;data_source_password&quot;, String)]
[2018-07-02 21:44:34.558] -- [DEBUG] -- [main &gt;&gt;&gt;&gt; PropertySourcesPropertyResolver.java:81 &gt;&gt;&gt;&gt; Method = getProperty] -- [Content = Searching for key &apos;data_source_password&apos; in [environmentProperties]]
[2018-07-02 21:44:34.558] -- [TRACE] -- [main &gt;&gt;&gt;&gt; PropertySourcesPropertyResolver.java:76 &gt;&gt;&gt;&gt; Method = getProperty] -- [Content = getProperty(&quot;data_source_password&quot;, String)]
[2018-07-02 21:44:34.558] -- [DEBUG] -- [main &gt;&gt;&gt;&gt; PropertySourcesPropertyResolver.java:81 &gt;&gt;&gt;&gt; Method = getProperty] -- [Content = Searching for key &apos;data_source_password&apos; in [systemProperties]]
[2018-07-02 21:44:34.558] -- [DEBUG] -- [main &gt;&gt;&gt;&gt; PropertySourcesPropertyResolver.java:81 &gt;&gt;&gt;&gt; Method = getProperty] -- [Content = Searching for key &apos;data_source_password&apos; in [systemEnvironment]]
[2018-07-02 21:44:34.559] -- [DEBUG] -- [main &gt;&gt;&gt;&gt; PropertySourcesPropertyResolver.java:103 &gt;&gt;&gt;&gt; Method = getProperty] -- [Content = Could not find key &apos;data_source_password&apos; in any property source. Returning [null]]
[2018-07-02 21:44:34.559] -- [DEBUG] -- [main &gt;&gt;&gt;&gt; PropertySourcesPropertyResolver.java:81 &gt;&gt;&gt;&gt; Method = getProperty] -- [Content = Searching for key &apos;data_source_password&apos; in [localProperties]]
[2018-07-02 21:44:34.559] -- [DEBUG] -- [main &gt;&gt;&gt;&gt; PropertySourcesPropertyResolver.java:90 &gt;&gt;&gt;&gt; Method = getProperty] -- [Content = Found key &apos;data_source_password&apos; in [localProperties] with type [String] and value &apos;123456&apos;]
[2018-07-02 21:44:34.559] -- [TRACE] -- [main &gt;&gt;&gt;&gt; PropertyPlaceholderHelper.java:165 &gt;&gt;&gt;&gt; Method = parseStringValue] -- [Content = Resolved placeholder &apos;data_source_password&apos;]
[2018-07-02 21:44:34.559] -- [TRACE] -- [main &gt;&gt;&gt;&gt; PropertySourcesPropertyResolver.java:76 &gt;&gt;&gt;&gt; Method = getProperty] -- [Content = getProperty(&quot;validation_query&quot;, String)]
[2018-07-02 21:44:34.559] -- [DEBUG] -- [main &gt;&gt;&gt;&gt; PropertySourcesPropertyResolver.java:81 &gt;&gt;&gt;&gt; Method = getProperty] -- [Content = Searching for key &apos;validation_query&apos; in [environmentProperties]]
[2018-07-02 21:44:34.560] -- [TRACE] -- [main &gt;&gt;&gt;&gt; PropertySourcesPropertyResolver.java:76 &gt;&gt;&gt;&gt; Method = getProperty] -- [Content = getProperty(&quot;validation_query&quot;, String)]
[2018-07-02 21:44:34.560] -- [DEBUG] -- [main &gt;&gt;&gt;&gt; PropertySourcesPropertyResolver.java:81 &gt;&gt;&gt;&gt; Method = getProperty] -- [Content = Searching for key &apos;validation_query&apos; in [systemProperties]]
[2018-07-02 21:44:34.560] -- [DEBUG] -- [main &gt;&gt;&gt;&gt; PropertySourcesPropertyResolver.java:81 &gt;&gt;&gt;&gt; Method = getProperty] -- [Content = Searching for key &apos;validation_query&apos; in [systemEnvironment]]
[2018-07-02 21:44:34.560] -- [DEBUG] -- [main &gt;&gt;&gt;&gt; PropertySourcesPropertyResolver.java:103 &gt;&gt;&gt;&gt; Method = getProperty] -- [Content = Could not find key &apos;validation_query&apos; in any property source. Returning [null]]
[2018-07-02 21:44:34.560] -- [DEBUG] -- [main &gt;&gt;&gt;&gt; PropertySourcesPropertyResolver.java:81 &gt;&gt;&gt;&gt; Method = getProperty] -- [Content = Searching for key &apos;validation_query&apos; in [localProperties]]
[2018-07-02 21:44:34.560] -- [DEBUG] -- [main &gt;&gt;&gt;&gt; PropertySourcesPropertyResolver.java:90 &gt;&gt;&gt;&gt; Method = getProperty] -- [Content = Found key &apos;validation_query&apos; in [localProperties] with type [String] and value &apos;SELECT 1&apos;]
[2018-07-02 21:44:34.561] -- [TRACE] -- [main &gt;&gt;&gt;&gt; PropertyPlaceholderHelper.java:165 &gt;&gt;&gt;&gt; Method = parseStringValue] -- [Content = Resolved placeholder &apos;validation_query&apos;]
[2018-07-02 21:44:34.561] -- [DEBUG] -- [main &gt;&gt;&gt;&gt; DefaultSingletonBeanRegistry.java:221 &gt;&gt;&gt;&gt; Method = getSingleton] -- [Content = Creating shared instance of singleton bean &apos;emBeanDefinitionRegistrarPostProcessor&apos;]
[2018-07-02 21:44:34.561] -- [DEBUG] -- [main &gt;&gt;&gt;&gt; AbstractAutowireCapableBeanFactory.java:448 &gt;&gt;&gt;&gt; Method = createBean] -- [Content = Creating instance of bean &apos;emBeanDefinitionRegistrarPostProcessor&apos;]
[2018-07-02 21:44:34.562] -- [DEBUG] -- [main &gt;&gt;&gt;&gt; AbstractAutowireCapableBeanFactory.java:529 &gt;&gt;&gt;&gt; Method = doCreateBean] -- [Content = Eagerly caching bean &apos;emBeanDefinitionRegistrarPostProcessor&apos; to allow for resolving potential circular references]
[2018-07-02 21:44:34.562] -- [DEBUG] -- [main &gt;&gt;&gt;&gt; AbstractAutowireCapableBeanFactory.java:484 &gt;&gt;&gt;&gt; Method = createBean] -- [Content = Finished creating instance of bean &apos;emBeanDefinitionRegistrarPostProcessor&apos;]
[2018-07-02 21:44:34.563] -- [DEBUG] -- [main &gt;&gt;&gt;&gt; DefaultSingletonBeanRegistry.java:221 &gt;&gt;&gt;&gt; Method = getSingleton] -- [Content = Creating shared instance of singleton bean &apos;org.springframework.context.annotation.internalAutowiredAnnotationProcessor&apos;]
[2018-07-02 21:44:34.563] -- [DEBUG] -- [main &gt;&gt;&gt;&gt; AbstractAutowireCapableBeanFactory.java:448 &gt;&gt;&gt;&gt; Method = createBean] -- [Content = Creating instance of bean &apos;org.springframework.context.annotation.internalAutowiredAnnotationProcessor&apos;]
[2018-07-02 21:44:34.563] -- [INFO] -- [main &gt;&gt;&gt;&gt; AutowiredAnnotationBeanPostProcessor.java:153 &gt;&gt;&gt;&gt; Method = &lt;init&gt;] -- [Content = JSR-330 &apos;javax.inject.Inject&apos; annotation found and supported for autowiring]
[2018-07-02 21:44:34.563] -- [DEBUG] -- [main &gt;&gt;&gt;&gt; AbstractAutowireCapableBeanFactory.java:529 &gt;&gt;&gt;&gt; Method = doCreateBean] -- [Content = Eagerly caching bean &apos;org.springframework.context.annotation.internalAutowiredAnnotationProcessor&apos; to allow for resolving potential circular references]
[2018-07-02 21:44:34.563] -- [DEBUG] -- [main &gt;&gt;&gt;&gt; AbstractAutowireCapableBeanFactory.java:484 &gt;&gt;&gt;&gt; Method = createBean] -- [Content = Finished creating instance of bean &apos;org.springframework.context.annotation.internalAutowiredAnnotationProcessor&apos;]
[2018-07-02 21:44:34.563] -- [DEBUG] -- [main &gt;&gt;&gt;&gt; DefaultSingletonBeanRegistry.java:221 &gt;&gt;&gt;&gt; Method = getSingleton] -- [Content = Creating shared instance of singleton bean &apos;org.springframework.context.annotation.internalRequiredAnnotationProcessor&apos;]
[2018-07-02 21:44:34.564] -- [DEBUG] -- [main &gt;&gt;&gt;&gt; AbstractAutowireCapableBeanFactory.java:448 &gt;&gt;&gt;&gt; Method = createBean] -- [Content = Creating instance of bean &apos;org.springframework.context.annotation.internalRequiredAnnotationProcessor&apos;]
[2018-07-02 21:44:34.564] -- [DEBUG] -- [main &gt;&gt;&gt;&gt; AbstractAutowireCapableBeanFactory.java:529 &gt;&gt;&gt;&gt; Method = doCreateBean] -- [Content = Eagerly caching bean &apos;org.springframework.context.annotation.internalRequiredAnnotationProcessor&apos; to allow for resolving potential circular references]
[2018-07-02 21:44:34.564] -- [DEBUG] -- [main &gt;&gt;&gt;&gt; AbstractAutowireCapableBeanFactory.java:484 &gt;&gt;&gt;&gt; Method = createBean] -- [Content = Finished creating instance of bean &apos;org.springframework.context.annotation.internalRequiredAnnotationProcessor&apos;]
[2018-07-02 21:44:34.564] -- [DEBUG] -- [main &gt;&gt;&gt;&gt; DefaultSingletonBeanRegistry.java:221 &gt;&gt;&gt;&gt; Method = getSingleton] -- [Content = Creating shared instance of singleton bean &apos;org.springframework.context.annotation.internalCommonAnnotationProcessor&apos;]
[2018-07-02 21:44:34.564] -- [DEBUG] -- [main &gt;&gt;&gt;&gt; AbstractAutowireCapableBeanFactory.java:448 &gt;&gt;&gt;&gt; Method = createBean] -- [Content = Creating instance of bean &apos;org.springframework.context.annotation.internalCommonAnnotationProcessor&apos;]
[2018-07-02 21:44:34.564] -- [DEBUG] -- [main &gt;&gt;&gt;&gt; AbstractAutowireCapableBeanFactory.java:529 &gt;&gt;&gt;&gt; Method = doCreateBean] -- [Content = Eagerly caching bean &apos;org.springframework.context.annotation.internalCommonAnnotationProcessor&apos; to allow for resolving potential circular references]
[2018-07-02 21:44:34.564] -- [DEBUG] -- [main &gt;&gt;&gt;&gt; AbstractAutowireCapableBeanFactory.java:484 &gt;&gt;&gt;&gt; Method = createBean] -- [Content = Finished creating instance of bean &apos;org.springframework.context.annotation.internalCommonAnnotationProcessor&apos;]
[2018-07-02 21:44:34.565] -- [DEBUG] -- [main &gt;&gt;&gt;&gt; DefaultSingletonBeanRegistry.java:221 &gt;&gt;&gt;&gt; Method = getSingleton] -- [Content = Creating shared instance of singleton bean &apos;org.springframework.context.annotation.internalPersistenceAnnotationProcessor&apos;]
[2018-07-02 21:44:34.565] -- [DEBUG] -- [main &gt;&gt;&gt;&gt; AbstractAutowireCapableBeanFactory.java:448 &gt;&gt;&gt;&gt; Method = createBean] -- [Content = Creating instance of bean &apos;org.springframework.context.annotation.internalPersistenceAnnotationProcessor&apos;]
[2018-07-02 21:44:34.565] -- [DEBUG] -- [main &gt;&gt;&gt;&gt; AbstractAutowireCapableBeanFactory.java:529 &gt;&gt;&gt;&gt; Method = doCreateBean] -- [Content = Eagerly caching bean &apos;org.springframework.context.annotation.internalPersistenceAnnotationProcessor&apos; to allow for resolving potential circular references]
[2018-07-02 21:44:34.565] -- [DEBUG] -- [main &gt;&gt;&gt;&gt; AbstractAutowireCapableBeanFactory.java:484 &gt;&gt;&gt;&gt; Method = createBean] -- [Content = Finished creating instance of bean &apos;org.springframework.context.annotation.internalPersistenceAnnotationProcessor&apos;]
[2018-07-02 21:44:34.565] -- [DEBUG] -- [main &gt;&gt;&gt;&gt; DefaultSingletonBeanRegistry.java:221 &gt;&gt;&gt;&gt; Method = getSingleton] -- [Content = Creating shared instance of singleton bean &apos;org.springframework.data.repository.core.support.RepositoryFactoryBeanSupport_Predictor&apos;]
[2018-07-02 21:44:34.565] -- [DEBUG] -- [main &gt;&gt;&gt;&gt; AbstractAutowireCapableBeanFactory.java:448 &gt;&gt;&gt;&gt; Method = createBean] -- [Content = Creating instance of bean &apos;org.springframework.data.repository.core.support.RepositoryFactoryBeanSupport_Predictor&apos;]
[2018-07-02 21:44:34.566] -- [TRACE] -- [main &gt;&gt;&gt;&gt; TypeConverterDelegate.java:434 &gt;&gt;&gt;&gt; Method = doConvertValue] -- [Content = Converting String to [class java.lang.Class] using property editor [org.springframework.beans.propertyeditors.ClassEditor@63fd4873]]
[2018-07-02 21:44:34.566] -- [TRACE] -- [main &gt;&gt;&gt;&gt; TypeConverterDelegate.java:434 &gt;&gt;&gt;&gt; Method = doConvertValue] -- [Content = Converting String to [class [Ljava.lang.String;] using property editor [org.springframework.beans.propertyeditors.StringArrayPropertyEditor@7544a1e4]]
[2018-07-02 21:44:34.567] -- [DEBUG] -- [main &gt;&gt;&gt;&gt; AbstractAutowireCapableBeanFactory.java:529 &gt;&gt;&gt;&gt; Method = doCreateBean] -- [Content = Eagerly caching bean &apos;org.springframework.data.repository.core.support.RepositoryFactoryBeanSupport_Predictor&apos; to allow for resolving potential circular references]
[2018-07-02 21:44:34.567] -- [DEBUG] -- [main &gt;&gt;&gt;&gt; AbstractAutowireCapableBeanFactory.java:484 &gt;&gt;&gt;&gt; Method = createBean] -- [Content = Finished creating instance of bean &apos;org.springframework.data.repository.core.support.RepositoryFactoryBeanSupport_Predictor&apos;]
[2018-07-02 21:44:34.567] -- [DEBUG] -- [main &gt;&gt;&gt;&gt; DefaultSingletonBeanRegistry.java:221 &gt;&gt;&gt;&gt; Method = getSingleton] -- [Content = Creating shared instance of singleton bean &apos;org.springframework.context.annotation.ConfigurationClassPostProcessor.importAwareProcessor&apos;]
[2018-07-02 21:44:34.567] -- [DEBUG] -- [main &gt;&gt;&gt;&gt; AbstractAutowireCapableBeanFactory.java:448 &gt;&gt;&gt;&gt; Method = createBean] -- [Content = Creating instance of bean &apos;org.springframework.context.annotation.ConfigurationClassPostProcessor.importAwareProcessor&apos;]
[2018-07-02 21:44:34.567] -- [DEBUG] -- [main &gt;&gt;&gt;&gt; AbstractAutowireCapableBeanFactory.java:529 &gt;&gt;&gt;&gt; Method = doCreateBean] -- [Content = Eagerly caching bean &apos;org.springframework.context.annotation.ConfigurationClassPostProcessor.importAwareProcessor&apos; to allow for resolving potential circular references]
[2018-07-02 21:44:34.567] -- [DEBUG] -- [main &gt;&gt;&gt;&gt; AbstractAutowireCapableBeanFactory.java:484 &gt;&gt;&gt;&gt; Method = createBean] -- [Content = Finished creating instance of bean &apos;org.springframework.context.annotation.ConfigurationClassPostProcessor.importAwareProcessor&apos;]
[2018-07-02 21:44:34.567] -- [DEBUG] -- [main &gt;&gt;&gt;&gt; DefaultSingletonBeanRegistry.java:221 &gt;&gt;&gt;&gt; Method = getSingleton] -- [Content = Creating shared instance of singleton bean &apos;org.springframework.context.annotation.ConfigurationClassPostProcessor.enhancedConfigurationProcessor&apos;]
[2018-07-02 21:44:34.568] -- [DEBUG] -- [main &gt;&gt;&gt;&gt; AbstractAutowireCapableBeanFactory.java:448 &gt;&gt;&gt;&gt; Method = createBean] -- [Content = Creating instance of bean &apos;org.springframework.context.annotation.ConfigurationClassPostProcessor.enhancedConfigurationProcessor&apos;]
[2018-07-02 21:44:34.568] -- [DEBUG] -- [main &gt;&gt;&gt;&gt; AbstractAutowireCapableBeanFactory.java:529 &gt;&gt;&gt;&gt; Method = doCreateBean] -- [Content = Eagerly caching bean &apos;org.springframework.context.annotation.ConfigurationClassPostProcessor.enhancedConfigurationProcessor&apos; to allow for resolving potential circular references]
[2018-07-02 21:44:34.568] -- [DEBUG] -- [main &gt;&gt;&gt;&gt; AbstractAutowireCapableBeanFactory.java:484 &gt;&gt;&gt;&gt; Method = createBean] -- [Content = Finished creating instance of bean &apos;org.springframework.context.annotation.ConfigurationClassPostProcessor.enhancedConfigurationProcessor&apos;]
[2018-07-02 21:44:34.568] -- [DEBUG] -- [main &gt;&gt;&gt;&gt; DefaultSingletonBeanRegistry.java:221 &gt;&gt;&gt;&gt; Method = getSingleton] -- [Content = Creating shared instance of singleton bean &apos;org.springframework.aop.config.internalAutoProxyCreator&apos;]
[2018-07-02 21:44:34.568] -- [DEBUG] -- [main &gt;&gt;&gt;&gt; AbstractAutowireCapableBeanFactory.java:448 &gt;&gt;&gt;&gt; Method = createBean] -- [Content = Creating instance of bean &apos;org.springframework.aop.config.internalAutoProxyCreator&apos;]
[2018-07-02 21:44:34.573] -- [DEBUG] -- [main &gt;&gt;&gt;&gt; AbstractAutowireCapableBeanFactory.java:529 &gt;&gt;&gt;&gt; Method = doCreateBean] -- [Content = Eagerly caching bean &apos;org.springframework.aop.config.internalAutoProxyCreator&apos; to allow for resolving potential circular references]
[2018-07-02 21:44:34.574] -- [TRACE] -- [main &gt;&gt;&gt;&gt; CachedIntrospectionResults.java:265 &gt;&gt;&gt;&gt; Method = &lt;init&gt;] -- [Content = Getting BeanInfo for class [org.springframework.aop.aspectj.autoproxy.AspectJAwareAdvisorAutoProxyCreator]]
[2018-07-02 21:44:34.575] -- [TRACE] -- [main &gt;&gt;&gt;&gt; CachedIntrospectionResults.java:284 &gt;&gt;&gt;&gt; Method = &lt;init&gt;] -- [Content = Caching PropertyDescriptors for class [org.springframework.aop.aspectj.autoproxy.AspectJAwareAdvisorAutoProxyCreator]]
[2018-07-02 21:44:34.576] -- [TRACE] -- [main &gt;&gt;&gt;&gt; CachedIntrospectionResults.java:297 &gt;&gt;&gt;&gt; Method = &lt;init&gt;] -- [Content = Found bean property &apos;advisorAdapterRegistry&apos; of type [org.springframework.aop.framework.adapter.AdvisorAdapterRegistry]]
[2018-07-02 21:44:34.577] -- [TRACE] -- [main &gt;&gt;&gt;&gt; CachedIntrospectionResults.java:297 &gt;&gt;&gt;&gt; Method = &lt;init&gt;] -- [Content = Found bean property &apos;applyCommonInterceptorsFirst&apos; of type [boolean]]
[2018-07-02 21:44:34.577] -- [TRACE] -- [main &gt;&gt;&gt;&gt; CachedIntrospectionResults.java:297 &gt;&gt;&gt;&gt; Method = &lt;init&gt;] -- [Content = Found bean property &apos;beanClassLoader&apos; of type [java.lang.ClassLoader]]
[2018-07-02 21:44:34.577] -- [TRACE] -- [main &gt;&gt;&gt;&gt; CachedIntrospectionResults.java:297 &gt;&gt;&gt;&gt; Method = &lt;init&gt;] -- [Content = Found bean property &apos;beanFactory&apos; of type [org.springframework.beans.factory.BeanFactory]]
[2018-07-02 21:44:34.577] -- [TRACE] -- [main &gt;&gt;&gt;&gt; CachedIntrospectionResults.java:297 &gt;&gt;&gt;&gt; Method = &lt;init&gt;] -- [Content = Found bean property &apos;class&apos; of type [java.lang.Class]]
[2018-07-02 21:44:34.578] -- [TRACE] -- [main &gt;&gt;&gt;&gt; CachedIntrospectionResults.java:297 &gt;&gt;&gt;&gt; Method = &lt;init&gt;] -- [Content = Found bean property &apos;customTargetSourceCreators&apos; of type [[Lorg.springframework.aop.framework.autoproxy.TargetSourceCreator;]]
[2018-07-02 21:44:34.578] -- [TRACE] -- [main &gt;&gt;&gt;&gt; CachedIntrospectionResults.java:297 &gt;&gt;&gt;&gt; Method = &lt;init&gt;] -- [Content = Found bean property &apos;exposeProxy&apos; of type [boolean]]
[2018-07-02 21:44:34.578] -- [TRACE] -- [main &gt;&gt;&gt;&gt; CachedIntrospectionResults.java:297 &gt;&gt;&gt;&gt; Method = &lt;init&gt;] -- [Content = Found bean property &apos;frozen&apos; of type [boolean]]
[2018-07-02 21:44:34.579] -- [TRACE] -- [main &gt;&gt;&gt;&gt; CachedIntrospectionResults.java:297 &gt;&gt;&gt;&gt; Method = &lt;init&gt;] -- [Content = Found bean property &apos;interceptorNames&apos; of type [[Ljava.lang.String;]]
[2018-07-02 21:44:34.579] -- [TRACE] -- [main &gt;&gt;&gt;&gt; CachedIntrospectionResults.java:297 &gt;&gt;&gt;&gt; Method = &lt;init&gt;] -- [Content = Found bean property &apos;opaque&apos; of type [boolean]]
[2018-07-02 21:44:34.579] -- [TRACE] -- [main &gt;&gt;&gt;&gt; CachedIntrospectionResults.java:297 &gt;&gt;&gt;&gt; Method = &lt;init&gt;] -- [Content = Found bean property &apos;optimize&apos; of type [boolean]]
[2018-07-02 21:44:34.579] -- [TRACE] -- [main &gt;&gt;&gt;&gt; CachedIntrospectionResults.java:297 &gt;&gt;&gt;&gt; Method = &lt;init&gt;] -- [Content = Found bean property &apos;order&apos; of type [int]]
[2018-07-02 21:44:34.579] -- [TRACE] -- [main &gt;&gt;&gt;&gt; CachedIntrospectionResults.java:297 &gt;&gt;&gt;&gt; Method = &lt;init&gt;] -- [Content = Found bean property &apos;proxyClassLoader&apos; of type [java.lang.ClassLoader]]
[2018-07-02 21:44:34.579] -- [TRACE] -- [main &gt;&gt;&gt;&gt; CachedIntrospectionResults.java:297 &gt;&gt;&gt;&gt; Method = &lt;init&gt;] -- [Content = Found bean property &apos;proxyTargetClass&apos; of type [boolean]]
[2018-07-02 21:44:34.580] -- [DEBUG] -- [main &gt;&gt;&gt;&gt; AbstractAutowireCapableBeanFactory.java:484 &gt;&gt;&gt;&gt; Method = createBean] -- [Content = Finished creating instance of bean &apos;org.springframework.aop.config.internalAutoProxyCreator&apos;]
[2018-07-02 21:44:34.580] -- [DEBUG] -- [main &gt;&gt;&gt;&gt; AbstractApplicationContext.java:718 &gt;&gt;&gt;&gt; Method = initMessageSource] -- [Content = Unable to locate MessageSource with name &apos;messageSource&apos;: using default [org.springframework.context.support.DelegatingMessageSource@70e0accd]]
[2018-07-02 21:44:34.580] -- [DEBUG] -- [main &gt;&gt;&gt;&gt; AbstractApplicationContext.java:742 &gt;&gt;&gt;&gt; Method = initApplicationEventMulticaster] -- [Content = Unable to locate ApplicationEventMulticaster with name &apos;applicationEventMulticaster&apos;: using default [org.springframework.context.event.SimpleApplicationEventMulticaster@7957dc72]]
[2018-07-02 21:44:34.581] -- [DEBUG] -- [main &gt;&gt;&gt;&gt; DefaultSingletonBeanRegistry.java:221 &gt;&gt;&gt;&gt; Method = getSingleton] -- [Content = Creating shared instance of singleton bean &apos;entityManagerFactory&apos;]
[2018-07-02 21:44:34.581] -- [DEBUG] -- [main &gt;&gt;&gt;&gt; AbstractAutowireCapableBeanFactory.java:448 &gt;&gt;&gt;&gt; Method = createBean] -- [Content = Creating instance of bean &apos;entityManagerFactory&apos;]
[2018-07-02 21:44:34.581] -- [DEBUG] -- [main &gt;&gt;&gt;&gt; DefaultSingletonBeanRegistry.java:221 &gt;&gt;&gt;&gt; Method = getSingleton] -- [Content = Creating shared instance of singleton bean &apos;org.springframework.aop.support.DefaultBeanFactoryPointcutAdvisor#0&apos;]
[2018-07-02 21:44:34.582] -- [DEBUG] -- [main &gt;&gt;&gt;&gt; AbstractAutowireCapableBeanFactory.java:448 &gt;&gt;&gt;&gt; Method = createBean] -- [Content = Creating instance of bean &apos;org.springframework.aop.support.DefaultBeanFactoryPointcutAdvisor#0&apos;]
[2018-07-02 21:44:34.582] -- [TRACE] -- [main &gt;&gt;&gt;&gt; AbstractAutoProxyCreator.java:376 &gt;&gt;&gt;&gt; Method = isInfrastructureClass] -- [Content = Did not attempt to auto-proxy infrastructure class [org.springframework.aop.support.DefaultBeanFactoryPointcutAdvisor]]
[2018-07-02 21:44:34.582] -- [DEBUG] -- [main &gt;&gt;&gt;&gt; AbstractAutowireCapableBeanFactory.java:529 &gt;&gt;&gt;&gt; Method = doCreateBean] -- [Content = Eagerly caching bean &apos;org.springframework.aop.support.DefaultBeanFactoryPointcutAdvisor#0&apos; to allow for resolving potential circular references]
[2018-07-02 21:44:34.582] -- [TRACE] -- [main &gt;&gt;&gt;&gt; CachedIntrospectionResults.java:265 &gt;&gt;&gt;&gt; Method = &lt;init&gt;] -- [Content = Getting BeanInfo for class [org.springframework.aop.support.DefaultBeanFactoryPointcutAdvisor]]
[2018-07-02 21:44:34.583] -- [TRACE] -- [main &gt;&gt;&gt;&gt; CachedIntrospectionResults.java:284 &gt;&gt;&gt;&gt; Method = &lt;init&gt;] -- [Content = Caching PropertyDescriptors for class [org.springframework.aop.support.DefaultBeanFactoryPointcutAdvisor]]
[2018-07-02 21:44:34.583] -- [TRACE] -- [main &gt;&gt;&gt;&gt; CachedIntrospectionResults.java:297 &gt;&gt;&gt;&gt; Method = &lt;init&gt;] -- [Content = Found bean property &apos;advice&apos; of type [org.aopalliance.aop.Advice]]
[2018-07-02 21:44:34.583] -- [TRACE] -- [main &gt;&gt;&gt;&gt; CachedIntrospectionResults.java:297 &gt;&gt;&gt;&gt; Method = &lt;init&gt;] -- [Content = Found bean property &apos;adviceBeanName&apos; of type [java.lang.String]]
[2018-07-02 21:44:34.583] -- [TRACE] -- [main &gt;&gt;&gt;&gt; CachedIntrospectionResults.java:297 &gt;&gt;&gt;&gt; Method = &lt;init&gt;] -- [Content = Found bean property &apos;beanFactory&apos; of type [org.springframework.beans.factory.BeanFactory]]
[2018-07-02 21:44:34.583] -- [TRACE] -- [main &gt;&gt;&gt;&gt; CachedIntrospectionResults.java:297 &gt;&gt;&gt;&gt; Method = &lt;init&gt;] -- [Content = Found bean property &apos;class&apos; of type [java.lang.Class]]
[2018-07-02 21:44:34.583] -- [TRACE] -- [main &gt;&gt;&gt;&gt; CachedIntrospectionResults.java:297 &gt;&gt;&gt;&gt; Method = &lt;init&gt;] -- [Content = Found bean property &apos;order&apos; of type [int]]
[2018-07-02 21:44:34.584] -- [TRACE] -- [main &gt;&gt;&gt;&gt; CachedIntrospectionResults.java:297 &gt;&gt;&gt;&gt; Method = &lt;init&gt;] -- [Content = Found bean property &apos;perInstance&apos; of type [boolean]]
[2018-07-02 21:44:34.584] -- [TRACE] -- [main &gt;&gt;&gt;&gt; CachedIntrospectionResults.java:297 &gt;&gt;&gt;&gt; Method = &lt;init&gt;] -- [Content = Found bean property &apos;pointcut&apos; of type [org.springframework.aop.Pointcut]]
[2018-07-02 21:44:34.584] -- [DEBUG] -- [main &gt;&gt;&gt;&gt; AbstractAutowireCapableBeanFactory.java:448 &gt;&gt;&gt;&gt; Method = createBean] -- [Content = Creating instance of bean &apos;druid-stat-pointcut&apos;]
[2018-07-02 21:44:34.585] -- [DEBUG] -- [main &gt;&gt;&gt;&gt; BeanFactoryAdvisorRetrievalHelper.java:87 &gt;&gt;&gt;&gt; Method = findAdvisorBeans] -- [Content = Skipping currently created advisor &apos;org.springframework.aop.support.DefaultBeanFactoryPointcutAdvisor#0&apos;]
[2018-07-02 21:44:34.585] -- [DEBUG] -- [main &gt;&gt;&gt;&gt; DefaultSingletonBeanRegistry.java:221 &gt;&gt;&gt;&gt; Method = getSingleton] -- [Content = Creating shared instance of singleton bean &apos;org.springframework.aop.support.DefaultBeanFactoryPointcutAdvisor#1&apos;]
[2018-07-02 21:44:34.585] -- [DEBUG] -- [main &gt;&gt;&gt;&gt; AbstractAutowireCapableBeanFactory.java:448 &gt;&gt;&gt;&gt; Method = createBean] -- [Content = Creating instance of bean &apos;org.springframework.aop.support.DefaultBeanFactoryPointcutAdvisor#1&apos;]
[2018-07-02 21:44:34.585] -- [TRACE] -- [main &gt;&gt;&gt;&gt; AbstractAutoProxyCreator.java:376 &gt;&gt;&gt;&gt; Method = isInfrastructureClass] -- [Content = Did not attempt to auto-proxy infrastructure class [org.springframework.aop.support.DefaultBeanFactoryPointcutAdvisor]]
[2018-07-02 21:44:34.586] -- [DEBUG] -- [main &gt;&gt;&gt;&gt; AbstractAutowireCapableBeanFactory.java:529 &gt;&gt;&gt;&gt; Method = doCreateBean] -- [Content = Eagerly caching bean &apos;org.springframework.aop.support.DefaultBeanFactoryPointcutAdvisor#1&apos; to allow for resolving potential circular references]
[2018-07-02 21:44:34.586] -- [DEBUG] -- [main &gt;&gt;&gt;&gt; AbstractAutowireCapableBeanFactory.java:448 &gt;&gt;&gt;&gt; Method = createBean] -- [Content = Creating instance of bean &apos;transactionPointcut&apos;]
[2018-07-02 21:44:34.586] -- [TRACE] -- [main &gt;&gt;&gt;&gt; CachedIntrospectionResults.java:265 &gt;&gt;&gt;&gt; Method = &lt;init&gt;] -- [Content = Getting BeanInfo for class [org.springframework.aop.aspectj.AspectJExpressionPointcut]]
[2018-07-02 21:44:34.586] -- [TRACE] -- [main &gt;&gt;&gt;&gt; CachedIntrospectionResults.java:284 &gt;&gt;&gt;&gt; Method = &lt;init&gt;] -- [Content = Caching PropertyDescriptors for class [org.springframework.aop.aspectj.AspectJExpressionPointcut]]
[2018-07-02 21:44:34.587] -- [TRACE] -- [main &gt;&gt;&gt;&gt; CachedIntrospectionResults.java:297 &gt;&gt;&gt;&gt; Method = &lt;init&gt;] -- [Content = Found bean property &apos;beanFactory&apos; of type [org.springframework.beans.factory.BeanFactory]]
[2018-07-02 21:44:34.587] -- [TRACE] -- [main &gt;&gt;&gt;&gt; CachedIntrospectionResults.java:297 &gt;&gt;&gt;&gt; Method = &lt;init&gt;] -- [Content = Found bean property &apos;class&apos; of type [java.lang.Class]]
[2018-07-02 21:44:34.587] -- [TRACE] -- [main &gt;&gt;&gt;&gt; CachedIntrospectionResults.java:297 &gt;&gt;&gt;&gt; Method = &lt;init&gt;] -- [Content = Found bean property &apos;classFilter&apos; of type [org.springframework.aop.ClassFilter]]
[2018-07-02 21:44:34.588] -- [TRACE] -- [main &gt;&gt;&gt;&gt; CachedIntrospectionResults.java:297 &gt;&gt;&gt;&gt; Method = &lt;init&gt;] -- [Content = Found bean property &apos;expression&apos; of type [java.lang.String]]
[2018-07-02 21:44:34.588] -- [TRACE] -- [main &gt;&gt;&gt;&gt; CachedIntrospectionResults.java:297 &gt;&gt;&gt;&gt; Method = &lt;init&gt;] -- [Content = Found bean property &apos;location&apos; of type [java.lang.String]]
[2018-07-02 21:44:34.588] -- [TRACE] -- [main &gt;&gt;&gt;&gt; CachedIntrospectionResults.java:297 &gt;&gt;&gt;&gt; Method = &lt;init&gt;] -- [Content = Found bean property &apos;methodMatcher&apos; of type [org.springframework.aop.MethodMatcher]]
[2018-07-02 21:44:34.588] -- [TRACE] -- [main &gt;&gt;&gt;&gt; CachedIntrospectionResults.java:297 &gt;&gt;&gt;&gt; Method = &lt;init&gt;] -- [Content = Found bean property &apos;parameterNames&apos; of type [[Ljava.lang.String;]]
[2018-07-02 21:44:34.588] -- [TRACE] -- [main &gt;&gt;&gt;&gt; CachedIntrospectionResults.java:297 &gt;&gt;&gt;&gt; Method = &lt;init&gt;] -- [Content = Found bean property &apos;parameterTypes&apos; of type [[Ljava.lang.Class;]]
[2018-07-02 21:44:34.589] -- [TRACE] -- [main &gt;&gt;&gt;&gt; CachedIntrospectionResults.java:297 &gt;&gt;&gt;&gt; Method = &lt;init&gt;] -- [Content = Found bean property &apos;pointcutDeclarationScope&apos; of type [java.lang.Class]]
[2018-07-02 21:44:34.589] -- [TRACE] -- [main &gt;&gt;&gt;&gt; CachedIntrospectionResults.java:297 &gt;&gt;&gt;&gt; Method = &lt;init&gt;] -- [Content = Found bean property &apos;pointcutExpression&apos; of type [org.aspectj.weaver.tools.PointcutExpression]]
[2018-07-02 21:44:34.589] -- [TRACE] -- [main &gt;&gt;&gt;&gt; CachedIntrospectionResults.java:297 &gt;&gt;&gt;&gt; Method = &lt;init&gt;] -- [Content = Found bean property &apos;runtime&apos; of type [boolean]]
[2018-07-02 21:44:34.590] -- [DEBUG] -- [main &gt;&gt;&gt;&gt; AbstractAutowireCapableBeanFactory.java:484 &gt;&gt;&gt;&gt; Method = createBean] -- [Content = Finished creating instance of bean &apos;transactionPointcut&apos;]
[2018-07-02 21:44:34.590] -- [DEBUG] -- [main &gt;&gt;&gt;&gt; AbstractAutowireCapableBeanFactory.java:484 &gt;&gt;&gt;&gt; Method = createBean] -- [Content = Finished creating instance of bean &apos;org.springframework.aop.support.DefaultBeanFactoryPointcutAdvisor#1&apos;]
[2018-07-02 21:44:34.591] -- [TRACE] -- [main &gt;&gt;&gt;&gt; CachedIntrospectionResults.java:265 &gt;&gt;&gt;&gt; Method = &lt;init&gt;] -- [Content = Getting BeanInfo for class [org.springframework.aop.support.JdkRegexpMethodPointcut]]
[2018-07-02 21:44:34.591] -- [TRACE] -- [main &gt;&gt;&gt;&gt; CachedIntrospectionResults.java:284 &gt;&gt;&gt;&gt; Method = &lt;init&gt;] -- [Content = Caching PropertyDescriptors for class [org.springframework.aop.support.JdkRegexpMethodPointcut]]
[2018-07-02 21:44:34.591] -- [TRACE] -- [main &gt;&gt;&gt;&gt; CachedIntrospectionResults.java:297 &gt;&gt;&gt;&gt; Method = &lt;init&gt;] -- [Content = Found bean property &apos;class&apos; of type [java.lang.Class]]
[2018-07-02 21:44:34.591] -- [TRACE] -- [main &gt;&gt;&gt;&gt; CachedIntrospectionResults.java:297 &gt;&gt;&gt;&gt; Method = &lt;init&gt;] -- [Content = Found bean property &apos;classFilter&apos; of type [org.springframework.aop.ClassFilter]]
[2018-07-02 21:44:34.591] -- [TRACE] -- [main &gt;&gt;&gt;&gt; CachedIntrospectionResults.java:297 &gt;&gt;&gt;&gt; Method = &lt;init&gt;] -- [Content = Found bean property &apos;excludedPattern&apos; of type [java.lang.String]]
[2018-07-02 21:44:34.591] -- [TRACE] -- [main &gt;&gt;&gt;&gt; CachedIntrospectionResults.java:297 &gt;&gt;&gt;&gt; Method = &lt;init&gt;] -- [Content = Found bean property &apos;excludedPatterns&apos; of type [[Ljava.lang.String;]]
[2018-07-02 21:44:34.592] -- [TRACE] -- [main &gt;&gt;&gt;&gt; CachedIntrospectionResults.java:297 &gt;&gt;&gt;&gt; Method = &lt;init&gt;] -- [Content = Found bean property &apos;methodMatcher&apos; of type [org.springframework.aop.MethodMatcher]]
[2018-07-02 21:44:34.592] -- [TRACE] -- [main &gt;&gt;&gt;&gt; CachedIntrospectionResults.java:297 &gt;&gt;&gt;&gt; Method = &lt;init&gt;] -- [Content = Found bean property &apos;pattern&apos; of type [java.lang.String]]
[2018-07-02 21:44:34.592] -- [TRACE] -- [main &gt;&gt;&gt;&gt; CachedIntrospectionResults.java:297 &gt;&gt;&gt;&gt; Method = &lt;init&gt;] -- [Content = Found bean property &apos;patterns&apos; of type [[Ljava.lang.String;]]
[2018-07-02 21:44:34.592] -- [TRACE] -- [main &gt;&gt;&gt;&gt; CachedIntrospectionResults.java:297 &gt;&gt;&gt;&gt; Method = &lt;init&gt;] -- [Content = Found bean property &apos;runtime&apos; of type [boolean]]
[2018-07-02 21:44:34.593] -- [DEBUG] -- [main &gt;&gt;&gt;&gt; BeanFactoryAdvisorRetrievalHelper.java:87 &gt;&gt;&gt;&gt; Method = findAdvisorBeans] -- [Content = Skipping currently created advisor &apos;org.springframework.aop.support.DefaultBeanFactoryPointcutAdvisor#0&apos;]
[2018-07-02 21:44:34.593] -- [DEBUG] -- [main &gt;&gt;&gt;&gt; AbstractBeanFactory.java:251 &gt;&gt;&gt;&gt; Method = doGetBean] -- [Content = Returning cached instance of singleton bean &apos;org.springframework.aop.support.DefaultBeanFactoryPointcutAdvisor#1&apos;]
[2018-07-02 21:44:34.593] -- [DEBUG] -- [main &gt;&gt;&gt;&gt; BeanFactoryAdvisorRetrievalHelper.java:87 &gt;&gt;&gt;&gt; Method = findAdvisorBeans] -- [Content = Skipping currently created advisor &apos;org.springframework.aop.support.DefaultBeanFactoryPointcutAdvisor#0&apos;]
[2018-07-02 21:44:34.593] -- [DEBUG] -- [main &gt;&gt;&gt;&gt; AbstractBeanFactory.java:251 &gt;&gt;&gt;&gt; Method = doGetBean] -- [Content = Returning cached instance of singleton bean &apos;org.springframework.aop.support.DefaultBeanFactoryPointcutAdvisor#1&apos;]
[2018-07-02 21:44:34.598] -- [DEBUG] -- [main &gt;&gt;&gt;&gt; AbstractAutowireCapableBeanFactory.java:484 &gt;&gt;&gt;&gt; Method = createBean] -- [Content = Finished creating instance of bean &apos;druid-stat-pointcut&apos;]
[2018-07-02 21:44:34.598] -- [DEBUG] -- [main &gt;&gt;&gt;&gt; AbstractAutowireCapableBeanFactory.java:484 &gt;&gt;&gt;&gt; Method = createBean] -- [Content = Finished creating instance of bean &apos;org.springframework.aop.support.DefaultBeanFactoryPointcutAdvisor#0&apos;]
[2018-07-02 21:44:34.599] -- [DEBUG] -- [main &gt;&gt;&gt;&gt; AbstractBeanFactory.java:251 &gt;&gt;&gt;&gt; Method = doGetBean] -- [Content = Returning cached instance of singleton bean &apos;org.springframework.aop.support.DefaultBeanFactoryPointcutAdvisor#1&apos;]
[2018-07-02 21:44:34.599] -- [DEBUG] -- [main &gt;&gt;&gt;&gt; AbstractAutowireCapableBeanFactory.java:529 &gt;&gt;&gt;&gt; Method = doCreateBean] -- [Content = Eagerly caching bean &apos;entityManagerFactory&apos; to allow for resolving potential circular references]
[2018-07-02 21:44:34.599] -- [TRACE] -- [main &gt;&gt;&gt;&gt; CachedIntrospectionResults.java:265 &gt;&gt;&gt;&gt; Method = &lt;init&gt;] -- [Content = Getting BeanInfo for class [org.springframework.orm.jpa.LocalContainerEntityManagerFactoryBean]]
[2018-07-02 21:44:34.599] -- [TRACE] -- [main &gt;&gt;&gt;&gt; CachedIntrospectionResults.java:284 &gt;&gt;&gt;&gt; Method = &lt;init&gt;] -- [Content = Caching PropertyDescriptors for class [org.springframework.orm.jpa.LocalContainerEntityManagerFactoryBean]]
[2018-07-02 21:44:34.600] -- [TRACE] -- [main &gt;&gt;&gt;&gt; CachedIntrospectionResults.java:297 &gt;&gt;&gt;&gt; Method = &lt;init&gt;] -- [Content = Found bean property &apos;beanClassLoader&apos; of type [java.lang.ClassLoader]]
[2018-07-02 21:44:34.600] -- [TRACE] -- [main &gt;&gt;&gt;&gt; CachedIntrospectionResults.java:297 &gt;&gt;&gt;&gt; Method = &lt;init&gt;] -- [Content = Found bean property &apos;beanFactory&apos; of type [org.springframework.beans.factory.BeanFactory]]
[2018-07-02 21:44:34.600] -- [TRACE] -- [main &gt;&gt;&gt;&gt; CachedIntrospectionResults.java:297 &gt;&gt;&gt;&gt; Method = &lt;init&gt;] -- [Content = Found bean property &apos;beanName&apos; of type [java.lang.String]]
[2018-07-02 21:44:34.600] -- [TRACE] -- [main &gt;&gt;&gt;&gt; CachedIntrospectionResults.java:297 &gt;&gt;&gt;&gt; Method = &lt;init&gt;] -- [Content = Found bean property &apos;class&apos; of type [java.lang.Class]]
[2018-07-02 21:44:34.600] -- [TRACE] -- [main &gt;&gt;&gt;&gt; CachedIntrospectionResults.java:297 &gt;&gt;&gt;&gt; Method = &lt;init&gt;] -- [Content = Found bean property &apos;dataSource&apos; of type [javax.sql.DataSource]]
[2018-07-02 21:44:34.600] -- [TRACE] -- [main &gt;&gt;&gt;&gt; CachedIntrospectionResults.java:297 &gt;&gt;&gt;&gt; Method = &lt;init&gt;] -- [Content = Found bean property &apos;entityManagerFactoryInterface&apos; of type [java.lang.Class]]
[2018-07-02 21:44:34.601] -- [TRACE] -- [main &gt;&gt;&gt;&gt; CachedIntrospectionResults.java:297 &gt;&gt;&gt;&gt; Method = &lt;init&gt;] -- [Content = Found bean property &apos;entityManagerInterface&apos; of type [java.lang.Class]]
[2018-07-02 21:44:34.601] -- [TRACE] -- [main &gt;&gt;&gt;&gt; CachedIntrospectionResults.java:297 &gt;&gt;&gt;&gt; Method = &lt;init&gt;] -- [Content = Found bean property &apos;jpaDialect&apos; of type [org.springframework.orm.jpa.JpaDialect]]
[2018-07-02 21:44:34.601] -- [TRACE] -- [main &gt;&gt;&gt;&gt; CachedIntrospectionResults.java:297 &gt;&gt;&gt;&gt; Method = &lt;init&gt;] -- [Content = Found bean property &apos;jpaProperties&apos; of type [java.util.Properties]]
[2018-07-02 21:44:34.601] -- [TRACE] -- [main &gt;&gt;&gt;&gt; CachedIntrospectionResults.java:297 &gt;&gt;&gt;&gt; Method = &lt;init&gt;] -- [Content = Found bean property &apos;jpaPropertyMap&apos; of type [java.util.Map]]
[2018-07-02 21:44:34.601] -- [TRACE] -- [main &gt;&gt;&gt;&gt; CachedIntrospectionResults.java:297 &gt;&gt;&gt;&gt; Method = &lt;init&gt;] -- [Content = Found bean property &apos;jpaVendorAdapter&apos; of type [org.springframework.orm.jpa.JpaVendorAdapter]]
[2018-07-02 21:44:34.601] -- [TRACE] -- [main &gt;&gt;&gt;&gt; CachedIntrospectionResults.java:297 &gt;&gt;&gt;&gt; Method = &lt;init&gt;] -- [Content = Found bean property &apos;jtaDataSource&apos; of type [javax.sql.DataSource]]
[2018-07-02 21:44:34.602] -- [TRACE] -- [main &gt;&gt;&gt;&gt; CachedIntrospectionResults.java:297 &gt;&gt;&gt;&gt; Method = &lt;init&gt;] -- [Content = Found bean property &apos;loadTimeWeaver&apos; of type [org.springframework.instrument.classloading.LoadTimeWeaver]]
[2018-07-02 21:44:34.602] -- [TRACE] -- [main &gt;&gt;&gt;&gt; CachedIntrospectionResults.java:297 &gt;&gt;&gt;&gt; Method = &lt;init&gt;] -- [Content = Found bean property &apos;mappingResources&apos; of type [[Ljava.lang.String;]]
[2018-07-02 21:44:34.602] -- [TRACE] -- [main &gt;&gt;&gt;&gt; CachedIntrospectionResults.java:297 &gt;&gt;&gt;&gt; Method = &lt;init&gt;] -- [Content = Found bean property &apos;nativeEntityManagerFactory&apos; of type [javax.persistence.EntityManagerFactory]]
[2018-07-02 21:44:34.602] -- [TRACE] -- [main &gt;&gt;&gt;&gt; CachedIntrospectionResults.java:297 &gt;&gt;&gt;&gt; Method = &lt;init&gt;] -- [Content = Found bean property &apos;object&apos; of type [javax.persistence.EntityManagerFactory]]
[2018-07-02 21:44:34.602] -- [TRACE] -- [main &gt;&gt;&gt;&gt; CachedIntrospectionResults.java:297 &gt;&gt;&gt;&gt; Method = &lt;init&gt;] -- [Content = Found bean property &apos;objectType&apos; of type [java.lang.Class]]
[2018-07-02 21:44:34.602] -- [TRACE] -- [main &gt;&gt;&gt;&gt; CachedIntrospectionResults.java:297 &gt;&gt;&gt;&gt; Method = &lt;init&gt;] -- [Content = Found bean property &apos;packagesToScan&apos; of type [[Ljava.lang.String;]]
[2018-07-02 21:44:34.603] -- [TRACE] -- [main &gt;&gt;&gt;&gt; CachedIntrospectionResults.java:297 &gt;&gt;&gt;&gt; Method = &lt;init&gt;] -- [Content = Found bean property &apos;persistenceProvider&apos; of type [javax.persistence.spi.PersistenceProvider]]
[2018-07-02 21:44:34.603] -- [TRACE] -- [main &gt;&gt;&gt;&gt; CachedIntrospectionResults.java:297 &gt;&gt;&gt;&gt; Method = &lt;init&gt;] -- [Content = Found bean property &apos;persistenceProviderClass&apos; of type [java.lang.Class]]
[2018-07-02 21:44:34.603] -- [TRACE] -- [main &gt;&gt;&gt;&gt; CachedIntrospectionResults.java:297 &gt;&gt;&gt;&gt; Method = &lt;init&gt;] -- [Content = Found bean property &apos;persistenceUnitInfo&apos; of type [javax.persistence.spi.PersistenceUnitInfo]]
[2018-07-02 21:44:34.603] -- [TRACE] -- [main &gt;&gt;&gt;&gt; CachedIntrospectionResults.java:297 &gt;&gt;&gt;&gt; Method = &lt;init&gt;] -- [Content = Found bean property &apos;persistenceUnitManager&apos; of type [org.springframework.orm.jpa.persistenceunit.PersistenceUnitManager]]
[2018-07-02 21:44:34.603] -- [TRACE] -- [main &gt;&gt;&gt;&gt; CachedIntrospectionResults.java:297 &gt;&gt;&gt;&gt; Method = &lt;init&gt;] -- [Content = Found bean property &apos;persistenceUnitName&apos; of type [java.lang.String]]
[2018-07-02 21:44:34.603] -- [TRACE] -- [main &gt;&gt;&gt;&gt; CachedIntrospectionResults.java:297 &gt;&gt;&gt;&gt; Method = &lt;init&gt;] -- [Content = Found bean property &apos;persistenceUnitPostProcessors&apos; of type [[Lorg.springframework.orm.jpa.persistenceunit.PersistenceUnitPostProcessor;]]
[2018-07-02 21:44:34.603] -- [TRACE] -- [main &gt;&gt;&gt;&gt; CachedIntrospectionResults.java:297 &gt;&gt;&gt;&gt; Method = &lt;init&gt;] -- [Content = Found bean property &apos;persistenceXmlLocation&apos; of type [java.lang.String]]
[2018-07-02 21:44:34.603] -- [TRACE] -- [main &gt;&gt;&gt;&gt; CachedIntrospectionResults.java:297 &gt;&gt;&gt;&gt; Method = &lt;init&gt;] -- [Content = Found bean property &apos;resourceLoader&apos; of type [org.springframework.core.io.ResourceLoader]]
[2018-07-02 21:44:34.604] -- [TRACE] -- [main &gt;&gt;&gt;&gt; CachedIntrospectionResults.java:297 &gt;&gt;&gt;&gt; Method = &lt;init&gt;] -- [Content = Found bean property &apos;sharedCacheMode&apos; of type [javax.persistence.SharedCacheMode]]
[2018-07-02 21:44:34.604] -- [TRACE] -- [main &gt;&gt;&gt;&gt; CachedIntrospectionResults.java:297 &gt;&gt;&gt;&gt; Method = &lt;init&gt;] -- [Content = Found bean property &apos;singleton&apos; of type [boolean]]
[2018-07-02 21:44:34.604] -- [TRACE] -- [main &gt;&gt;&gt;&gt; CachedIntrospectionResults.java:297 &gt;&gt;&gt;&gt; Method = &lt;init&gt;] -- [Content = Found bean property &apos;validationMode&apos; of type [javax.persistence.ValidationMode]]
[2018-07-02 21:44:34.605] -- [DEBUG] -- [main &gt;&gt;&gt;&gt; DefaultSingletonBeanRegistry.java:221 &gt;&gt;&gt;&gt; Method = getSingleton] -- [Content = Creating shared instance of singleton bean &apos;dataSource&apos;]
[2018-07-02 21:44:34.605] -- [DEBUG] -- [main &gt;&gt;&gt;&gt; AbstractAutowireCapableBeanFactory.java:448 &gt;&gt;&gt;&gt; Method = createBean] -- [Content = Creating instance of bean &apos;dataSource&apos;]
[2018-07-02 21:44:34.605] -- [DEBUG] -- [main &gt;&gt;&gt;&gt; AbstractBeanFactory.java:251 &gt;&gt;&gt;&gt; Method = doGetBean] -- [Content = Returning cached instance of singleton bean &apos;org.springframework.aop.support.DefaultBeanFactoryPointcutAdvisor#0&apos;]
[2018-07-02 21:44:34.605] -- [DEBUG] -- [main &gt;&gt;&gt;&gt; AbstractBeanFactory.java:251 &gt;&gt;&gt;&gt; Method = doGetBean] -- [Content = Returning cached instance of singleton bean &apos;org.springframework.aop.support.DefaultBeanFactoryPointcutAdvisor#1&apos;]
[2018-07-02 21:44:34.607] -- [DEBUG] -- [main &gt;&gt;&gt;&gt; AbstractAutowireCapableBeanFactory.java:529 &gt;&gt;&gt;&gt; Method = doCreateBean] -- [Content = Eagerly caching bean &apos;dataSource&apos; to allow for resolving potential circular references]
[2018-07-02 21:44:34.607] -- [TRACE] -- [main &gt;&gt;&gt;&gt; CachedIntrospectionResults.java:265 &gt;&gt;&gt;&gt; Method = &lt;init&gt;] -- [Content = Getting BeanInfo for class [com.alibaba.druid.pool.DruidDataSource]]
[2018-07-02 21:44:34.607] -- [TRACE] -- [main &gt;&gt;&gt;&gt; CachedIntrospectionResults.java:284 &gt;&gt;&gt;&gt; Method = &lt;init&gt;] -- [Content = Caching PropertyDescriptors for class [com.alibaba.druid.pool.DruidDataSource]]
[2018-07-02 21:44:34.608] -- [TRACE] -- [main &gt;&gt;&gt;&gt; CachedIntrospectionResults.java:297 &gt;&gt;&gt;&gt; Method = &lt;init&gt;] -- [Content = Found bean property &apos;ID&apos; of type [long]]
[2018-07-02 21:44:34.608] -- [TRACE] -- [main &gt;&gt;&gt;&gt; CachedIntrospectionResults.java:297 &gt;&gt;&gt;&gt; Method = &lt;init&gt;] -- [Content = Found bean property &apos;accessToUnderlyingConnectionAllowed&apos; of type [boolean]]
[2018-07-02 21:44:34.608] -- [TRACE] -- [main &gt;&gt;&gt;&gt; CachedIntrospectionResults.java:297 &gt;&gt;&gt;&gt; Method = &lt;init&gt;] -- [Content = Found bean property &apos;activeConnectionStackTrace&apos; of type [java.util.List]]
[2018-07-02 21:44:34.608] -- [TRACE] -- [main &gt;&gt;&gt;&gt; CachedIntrospectionResults.java:297 &gt;&gt;&gt;&gt; Method = &lt;init&gt;] -- [Content = Found bean property &apos;activeConnections&apos; of type [java.util.Set]]
[2018-07-02 21:44:34.608] -- [TRACE] -- [main &gt;&gt;&gt;&gt; CachedIntrospectionResults.java:297 &gt;&gt;&gt;&gt; Method = &lt;init&gt;] -- [Content = Found bean property &apos;activeCount&apos; of type [int]]
[2018-07-02 21:44:34.609] -- [TRACE] -- [main &gt;&gt;&gt;&gt; CachedIntrospectionResults.java:297 &gt;&gt;&gt;&gt; Method = &lt;init&gt;] -- [Content = Found bean property &apos;activePeak&apos; of type [int]]
[2018-07-02 21:44:34.609] -- [TRACE] -- [main &gt;&gt;&gt;&gt; CachedIntrospectionResults.java:297 &gt;&gt;&gt;&gt; Method = &lt;init&gt;] -- [Content = Found bean property &apos;activePeakTime&apos; of type [java.util.Date]]
[2018-07-02 21:44:34.609] -- [TRACE] -- [main &gt;&gt;&gt;&gt; CachedIntrospectionResults.java:297 &gt;&gt;&gt;&gt; Method = &lt;init&gt;] -- [Content = Found bean property &apos;breakAfterAcquireFailure&apos; of type [boolean]]
[2018-07-02 21:44:34.609] -- [TRACE] -- [main &gt;&gt;&gt;&gt; CachedIntrospectionResults.java:297 &gt;&gt;&gt;&gt; Method = &lt;init&gt;] -- [Content = Found bean property &apos;cachedPreparedStatementAccessCount&apos; of type [long]]
[2018-07-02 21:44:34.609] -- [TRACE] -- [main &gt;&gt;&gt;&gt; CachedIntrospectionResults.java:297 &gt;&gt;&gt;&gt; Method = &lt;init&gt;] -- [Content = Found bean property &apos;cachedPreparedStatementCount&apos; of type [long]]
[2018-07-02 21:44:34.609] -- [TRACE] -- [main &gt;&gt;&gt;&gt; CachedIntrospectionResults.java:297 &gt;&gt;&gt;&gt; Method = &lt;init&gt;] -- [Content = Found bean property &apos;cachedPreparedStatementDeleteCount&apos; of type [long]]
[2018-07-02 21:44:34.610] -- [TRACE] -- [main &gt;&gt;&gt;&gt; CachedIntrospectionResults.java:297 &gt;&gt;&gt;&gt; Method = &lt;init&gt;] -- [Content = Found bean property &apos;cachedPreparedStatementHitCount&apos; of type [long]]
[2018-07-02 21:44:34.610] -- [TRACE] -- [main &gt;&gt;&gt;&gt; CachedIntrospectionResults.java:297 &gt;&gt;&gt;&gt; Method = &lt;init&gt;] -- [Content = Found bean property &apos;cachedPreparedStatementMissCount&apos; of type [long]]
[2018-07-02 21:44:34.610] -- [TRACE] -- [main &gt;&gt;&gt;&gt; CachedIntrospectionResults.java:297 &gt;&gt;&gt;&gt; Method = &lt;init&gt;] -- [Content = Found bean property &apos;class&apos; of type [java.lang.Class]]
[2018-07-02 21:44:34.610] -- [TRACE] -- [main &gt;&gt;&gt;&gt; CachedIntrospectionResults.java:297 &gt;&gt;&gt;&gt; Method = &lt;init&gt;] -- [Content = Found bean property &apos;clearFiltersEnable&apos; of type [boolean]]
[2018-07-02 21:44:34.610] -- [TRACE] -- [main &gt;&gt;&gt;&gt; CachedIntrospectionResults.java:297 &gt;&gt;&gt;&gt; Method = &lt;init&gt;] -- [Content = Found bean property &apos;closeCount&apos; of type [long]]
[2018-07-02 21:44:34.610] -- [TRACE] -- [main &gt;&gt;&gt;&gt; CachedIntrospectionResults.java:297 &gt;&gt;&gt;&gt; Method = &lt;init&gt;] -- [Content = Found bean property &apos;closedPreparedStatementCount&apos; of type [long]]
[2018-07-02 21:44:34.611] -- [TRACE] -- [main &gt;&gt;&gt;&gt; CachedIntrospectionResults.java:297 &gt;&gt;&gt;&gt; Method = &lt;init&gt;] -- [Content = Found bean property &apos;commitCount&apos; of type [long]]
[2018-07-02 21:44:34.611] -- [TRACE] -- [main &gt;&gt;&gt;&gt; CachedIntrospectionResults.java:297 &gt;&gt;&gt;&gt; Method = &lt;init&gt;] -- [Content = Found bean property &apos;compositeData&apos; of type [javax.management.openmbean.CompositeDataSupport]]
[2018-07-02 21:44:34.611] -- [TRACE] -- [main &gt;&gt;&gt;&gt; CachedIntrospectionResults.java:297 &gt;&gt;&gt;&gt; Method = &lt;init&gt;] -- [Content = Found bean property &apos;connectCount&apos; of type [long]]
[2018-07-02 21:44:34.611] -- [TRACE] -- [main &gt;&gt;&gt;&gt; CachedIntrospectionResults.java:297 &gt;&gt;&gt;&gt; Method = &lt;init&gt;] -- [Content = Found bean property &apos;connectErrorCount&apos; of type [long]]
[2018-07-02 21:44:34.611] -- [TRACE] -- [main &gt;&gt;&gt;&gt; CachedIntrospectionResults.java:297 &gt;&gt;&gt;&gt; Method = &lt;init&gt;] -- [Content = Found bean property &apos;connectProperties&apos; of type [java.util.Properties]]
[2018-07-02 21:44:34.611] -- [TRACE] -- [main &gt;&gt;&gt;&gt; CachedIntrospectionResults.java:297 &gt;&gt;&gt;&gt; Method = &lt;init&gt;] -- [Content = Found bean property &apos;connection&apos; of type [com.alibaba.druid.pool.DruidPooledConnection]]
[2018-07-02 21:44:34.611] -- [TRACE] -- [main &gt;&gt;&gt;&gt; CachedIntrospectionResults.java:297 &gt;&gt;&gt;&gt; Method = &lt;init&gt;] -- [Content = Found bean property &apos;connectionErrorRetryAttempts&apos; of type [int]]
[2018-07-02 21:44:34.612] -- [TRACE] -- [main &gt;&gt;&gt;&gt; CachedIntrospectionResults.java:297 &gt;&gt;&gt;&gt; Method = &lt;init&gt;] -- [Content = Found bean property &apos;connectionInitSqls&apos; of type [java.util.Collection]]
[2018-07-02 21:44:34.612] -- [TRACE] -- [main &gt;&gt;&gt;&gt; CachedIntrospectionResults.java:297 &gt;&gt;&gt;&gt; Method = &lt;init&gt;] -- [Content = Found bean property &apos;connectionProperties&apos; of type [java.lang.String]]
[2018-07-02 21:44:34.612] -- [TRACE] -- [main &gt;&gt;&gt;&gt; CachedIntrospectionResults.java:297 &gt;&gt;&gt;&gt; Method = &lt;init&gt;] -- [Content = Found bean property &apos;createCount&apos; of type [long]]
[2018-07-02 21:44:34.612] -- [TRACE] -- [main &gt;&gt;&gt;&gt; CachedIntrospectionResults.java:297 &gt;&gt;&gt;&gt; Method = &lt;init&gt;] -- [Content = Found bean property &apos;createErrorCount&apos; of type [long]]
[2018-07-02 21:44:34.612] -- [TRACE] -- [main &gt;&gt;&gt;&gt; CachedIntrospectionResults.java:297 &gt;&gt;&gt;&gt; Method = &lt;init&gt;] -- [Content = Found bean property &apos;createTimespanMillis&apos; of type [long]]
[2018-07-02 21:44:34.612] -- [TRACE] -- [main &gt;&gt;&gt;&gt; CachedIntrospectionResults.java:297 &gt;&gt;&gt;&gt; Method = &lt;init&gt;] -- [Content = Found bean property &apos;createTimespanNano&apos; of type [long]]
[2018-07-02 21:44:34.612] -- [TRACE] -- [main &gt;&gt;&gt;&gt; CachedIntrospectionResults.java:297 &gt;&gt;&gt;&gt; Method = &lt;init&gt;] -- [Content = Found bean property &apos;createdTime&apos; of type [java.util.Date]]
[2018-07-02 21:44:34.613] -- [TRACE] -- [main &gt;&gt;&gt;&gt; CachedIntrospectionResults.java:297 &gt;&gt;&gt;&gt; Method = &lt;init&gt;] -- [Content = Found bean property &apos;dataSourceStat&apos; of type [com.alibaba.druid.stat.JdbcDataSourceStat]]
[2018-07-02 21:44:34.613] -- [TRACE] -- [main &gt;&gt;&gt;&gt; CachedIntrospectionResults.java:297 &gt;&gt;&gt;&gt; Method = &lt;init&gt;] -- [Content = Found bean property &apos;dbType&apos; of type [java.lang.String]]
[2018-07-02 21:44:34.613] -- [TRACE] -- [main &gt;&gt;&gt;&gt; CachedIntrospectionResults.java:297 &gt;&gt;&gt;&gt; Method = &lt;init&gt;] -- [Content = Found bean property &apos;defaultAutoCommit&apos; of type [boolean]]
[2018-07-02 21:44:34.613] -- [TRACE] -- [main &gt;&gt;&gt;&gt; CachedIntrospectionResults.java:297 &gt;&gt;&gt;&gt; Method = &lt;init&gt;] -- [Content = Found bean property &apos;defaultCatalog&apos; of type [java.lang.String]]
[2018-07-02 21:44:34.613] -- [TRACE] -- [main &gt;&gt;&gt;&gt; CachedIntrospectionResults.java:297 &gt;&gt;&gt;&gt; Method = &lt;init&gt;] -- [Content = Found bean property &apos;defaultReadOnly&apos; of type [java.lang.Boolean]]
[2018-07-02 21:44:34.613] -- [TRACE] -- [main &gt;&gt;&gt;&gt; CachedIntrospectionResults.java:297 &gt;&gt;&gt;&gt; Method = &lt;init&gt;] -- [Content = Found bean property &apos;defaultTransactionIsolation&apos; of type [java.lang.Integer]]
[2018-07-02 21:44:34.614] -- [TRACE] -- [main &gt;&gt;&gt;&gt; CachedIntrospectionResults.java:297 &gt;&gt;&gt;&gt; Method = &lt;init&gt;] -- [Content = Found bean property &apos;destroyCount&apos; of type [long]]
[2018-07-02 21:44:34.614] -- [TRACE] -- [main &gt;&gt;&gt;&gt; CachedIntrospectionResults.java:297 &gt;&gt;&gt;&gt; Method = &lt;init&gt;] -- [Content = Found bean property &apos;discardCount&apos; of type [long]]
[2018-07-02 21:44:34.614] -- [TRACE] -- [main &gt;&gt;&gt;&gt; CachedIntrospectionResults.java:297 &gt;&gt;&gt;&gt; Method = &lt;init&gt;] -- [Content = Found bean property &apos;driver&apos; of type [java.sql.Driver]]
[2018-07-02 21:44:34.614] -- [TRACE] -- [main &gt;&gt;&gt;&gt; CachedIntrospectionResults.java:297 &gt;&gt;&gt;&gt; Method = &lt;init&gt;] -- [Content = Found bean property &apos;driverClassLoader&apos; of type [java.lang.ClassLoader]]
[2018-07-02 21:44:34.614] -- [TRACE] -- [main &gt;&gt;&gt;&gt; CachedIntrospectionResults.java:297 &gt;&gt;&gt;&gt; Method = &lt;init&gt;] -- [Content = Found bean property &apos;driverClassName&apos; of type [java.lang.String]]
[2018-07-02 21:44:34.614] -- [TRACE] -- [main &gt;&gt;&gt;&gt; CachedIntrospectionResults.java:297 &gt;&gt;&gt;&gt; Method = &lt;init&gt;] -- [Content = Found bean property &apos;driverMajorVersion&apos; of type [int]]
[2018-07-02 21:44:34.615] -- [TRACE] -- [main &gt;&gt;&gt;&gt; CachedIntrospectionResults.java:297 &gt;&gt;&gt;&gt; Method = &lt;init&gt;] -- [Content = Found bean property &apos;driverMinorVersion&apos; of type [int]]
[2018-07-02 21:44:34.615] -- [TRACE] -- [main &gt;&gt;&gt;&gt; CachedIntrospectionResults.java:297 &gt;&gt;&gt;&gt; Method = &lt;init&gt;] -- [Content = Found bean property &apos;dupCloseCount&apos; of type [long]]
[2018-07-02 21:44:34.615] -- [TRACE] -- [main &gt;&gt;&gt;&gt; CachedIntrospectionResults.java:297 &gt;&gt;&gt;&gt; Method = &lt;init&gt;] -- [Content = Found bean property &apos;dupCloseLogEnable&apos; of type [boolean]]
[2018-07-02 21:44:34.615] -- [TRACE] -- [main &gt;&gt;&gt;&gt; CachedIntrospectionResults.java:297 &gt;&gt;&gt;&gt; Method = &lt;init&gt;] -- [Content = Found bean property &apos;enable&apos; of type [boolean]]
[2018-07-02 21:44:34.615] -- [TRACE] -- [main &gt;&gt;&gt;&gt; CachedIntrospectionResults.java:297 &gt;&gt;&gt;&gt; Method = &lt;init&gt;] -- [Content = Found bean property &apos;errorCount&apos; of type [long]]
[2018-07-02 21:44:34.615] -- [TRACE] -- [main &gt;&gt;&gt;&gt; CachedIntrospectionResults.java:297 &gt;&gt;&gt;&gt; Method = &lt;init&gt;] -- [Content = Found bean property &apos;exceptionSorter&apos; of type [com.alibaba.druid.pool.ExceptionSorter]]
[2018-07-02 21:44:34.616] -- [TRACE] -- [main &gt;&gt;&gt;&gt; CachedIntrospectionResults.java:297 &gt;&gt;&gt;&gt; Method = &lt;init&gt;] -- [Content = Found bean property &apos;exceptionSorterClassName&apos; of type [java.lang.String]]
[2018-07-02 21:44:34.616] -- [TRACE] -- [main &gt;&gt;&gt;&gt; CachedIntrospectionResults.java:297 &gt;&gt;&gt;&gt; Method = &lt;init&gt;] -- [Content = Found bean property &apos;executeCount&apos; of type [long]]
[2018-07-02 21:44:34.616] -- [TRACE] -- [main &gt;&gt;&gt;&gt; CachedIntrospectionResults.java:297 &gt;&gt;&gt;&gt; Method = &lt;init&gt;] -- [Content = Found bean property &apos;filterClassNames&apos; of type [java.util.List]]
[2018-07-02 21:44:34.616] -- [TRACE] -- [main &gt;&gt;&gt;&gt; CachedIntrospectionResults.java:297 &gt;&gt;&gt;&gt; Method = &lt;init&gt;] -- [Content = Found bean property &apos;filterClasses&apos; of type [[Ljava.lang.String;]]
[2018-07-02 21:44:34.616] -- [TRACE] -- [main &gt;&gt;&gt;&gt; CachedIntrospectionResults.java:297 &gt;&gt;&gt;&gt; Method = &lt;init&gt;] -- [Content = Found bean property &apos;filters&apos; of type [java.lang.String]]
[2018-07-02 21:44:34.616] -- [TRACE] -- [main &gt;&gt;&gt;&gt; CachedIntrospectionResults.java:297 &gt;&gt;&gt;&gt; Method = &lt;init&gt;] -- [Content = Found bean property &apos;initStackTrace&apos; of type [java.lang.String]]
[2018-07-02 21:44:34.624] -- [TRACE] -- [main &gt;&gt;&gt;&gt; CachedIntrospectionResults.java:297 &gt;&gt;&gt;&gt; Method = &lt;init&gt;] -- [Content = Found bean property &apos;inited&apos; of type [boolean]]
[2018-07-02 21:44:34.624] -- [TRACE] -- [main &gt;&gt;&gt;&gt; CachedIntrospectionResults.java:297 &gt;&gt;&gt;&gt; Method = &lt;init&gt;] -- [Content = Found bean property &apos;initialSize&apos; of type [int]]
[2018-07-02 21:44:34.624] -- [TRACE] -- [main &gt;&gt;&gt;&gt; CachedIntrospectionResults.java:297 &gt;&gt;&gt;&gt; Method = &lt;init&gt;] -- [Content = Found bean property &apos;lastCreateError&apos; of type [java.lang.Throwable]]
[2018-07-02 21:44:34.625] -- [TRACE] -- [main &gt;&gt;&gt;&gt; CachedIntrospectionResults.java:297 &gt;&gt;&gt;&gt; Method = &lt;init&gt;] -- [Content = Found bean property &apos;lastCreateErrorTime&apos; of type [java.util.Date]]
[2018-07-02 21:44:34.625] -- [TRACE] -- [main &gt;&gt;&gt;&gt; CachedIntrospectionResults.java:297 &gt;&gt;&gt;&gt; Method = &lt;init&gt;] -- [Content = Found bean property &apos;lastCreateErrorTimeMillis&apos; of type [long]]
[2018-07-02 21:44:34.625] -- [TRACE] -- [main &gt;&gt;&gt;&gt; CachedIntrospectionResults.java:297 &gt;&gt;&gt;&gt; Method = &lt;init&gt;] -- [Content = Found bean property &apos;lastError&apos; of type [java.lang.Throwable]]
[2018-07-02 21:44:34.625] -- [TRACE] -- [main &gt;&gt;&gt;&gt; CachedIntrospectionResults.java:297 &gt;&gt;&gt;&gt; Method = &lt;init&gt;] -- [Content = Found bean property &apos;lastErrorTime&apos; of type [java.util.Date]]
[2018-07-02 21:44:34.625] -- [TRACE] -- [main &gt;&gt;&gt;&gt; CachedIntrospectionResults.java:297 &gt;&gt;&gt;&gt; Method = &lt;init&gt;] -- [Content = Found bean property &apos;lastErrorTimeMillis&apos; of type [long]]
[2018-07-02 21:44:34.625] -- [TRACE] -- [main &gt;&gt;&gt;&gt; CachedIntrospectionResults.java:297 &gt;&gt;&gt;&gt; Method = &lt;init&gt;] -- [Content = Found bean property &apos;lock&apos; of type [java.util.concurrent.locks.Lock]]
[2018-07-02 21:44:34.626] -- [TRACE] -- [main &gt;&gt;&gt;&gt; CachedIntrospectionResults.java:297 &gt;&gt;&gt;&gt; Method = &lt;init&gt;] -- [Content = Found bean property &apos;lockQueueLength&apos; of type [int]]
[2018-07-02 21:44:34.626] -- [TRACE] -- [main &gt;&gt;&gt;&gt; CachedIntrospectionResults.java:297 &gt;&gt;&gt;&gt; Method = &lt;init&gt;] -- [Content = Found bean property &apos;logAbandoned&apos; of type [boolean]]
[2018-07-02 21:44:34.626] -- [TRACE] -- [main &gt;&gt;&gt;&gt; CachedIntrospectionResults.java:297 &gt;&gt;&gt;&gt; Method = &lt;init&gt;] -- [Content = Found bean property &apos;logWriter&apos; of type [java.io.PrintWriter]]
[2018-07-02 21:44:34.626] -- [TRACE] -- [main &gt;&gt;&gt;&gt; CachedIntrospectionResults.java:297 &gt;&gt;&gt;&gt; Method = &lt;init&gt;] -- [Content = Found bean property &apos;loginTimeout&apos; of type [int]]
[2018-07-02 21:44:34.626] -- [TRACE] -- [main &gt;&gt;&gt;&gt; CachedIntrospectionResults.java:297 &gt;&gt;&gt;&gt; Method = &lt;init&gt;] -- [Content = Found bean property &apos;maxActive&apos; of type [int]]
[2018-07-02 21:44:34.626] -- [TRACE] -- [main &gt;&gt;&gt;&gt; CachedIntrospectionResults.java:297 &gt;&gt;&gt;&gt; Method = &lt;init&gt;] -- [Content = Found bean property &apos;maxIdle&apos; of type [int]]
[2018-07-02 21:44:34.627] -- [TRACE] -- [main &gt;&gt;&gt;&gt; CachedIntrospectionResults.java:297 &gt;&gt;&gt;&gt; Method = &lt;init&gt;] -- [Content = Found bean property &apos;maxOpenPreparedStatements&apos; of type [int]]
[2018-07-02 21:44:34.628] -- [TRACE] -- [main &gt;&gt;&gt;&gt; CachedIntrospectionResults.java:297 &gt;&gt;&gt;&gt; Method = &lt;init&gt;] -- [Content = Found bean property &apos;maxPoolPreparedStatementPerConnectionSize&apos; of type [int]]
[2018-07-02 21:44:34.628] -- [TRACE] -- [main &gt;&gt;&gt;&gt; CachedIntrospectionResults.java:297 &gt;&gt;&gt;&gt; Method = &lt;init&gt;] -- [Content = Found bean property &apos;maxWait&apos; of type [long]]
[2018-07-02 21:44:34.629] -- [TRACE] -- [main &gt;&gt;&gt;&gt; CachedIntrospectionResults.java:297 &gt;&gt;&gt;&gt; Method = &lt;init&gt;] -- [Content = Found bean property &apos;maxWaitThreadCount&apos; of type [int]]
[2018-07-02 21:44:34.629] -- [TRACE] -- [main &gt;&gt;&gt;&gt; CachedIntrospectionResults.java:297 &gt;&gt;&gt;&gt; Method = &lt;init&gt;] -- [Content = Found bean property &apos;mbeanRegistered&apos; of type [boolean]]
[2018-07-02 21:44:34.629] -- [TRACE] -- [main &gt;&gt;&gt;&gt; CachedIntrospectionResults.java:297 &gt;&gt;&gt;&gt; Method = &lt;init&gt;] -- [Content = Found bean property &apos;minEvictableIdleTimeMillis&apos; of type [long]]
[2018-07-02 21:44:34.629] -- [TRACE] -- [main &gt;&gt;&gt;&gt; CachedIntrospectionResults.java:297 &gt;&gt;&gt;&gt; Method = &lt;init&gt;] -- [Content = Found bean property &apos;minIdle&apos; of type [int]]
[2018-07-02 21:44:34.629] -- [TRACE] -- [main &gt;&gt;&gt;&gt; CachedIntrospectionResults.java:297 &gt;&gt;&gt;&gt; Method = &lt;init&gt;] -- [Content = Found bean property &apos;name&apos; of type [java.lang.String]]
[2018-07-02 21:44:34.629] -- [TRACE] -- [main &gt;&gt;&gt;&gt; CachedIntrospectionResults.java:297 &gt;&gt;&gt;&gt; Method = &lt;init&gt;] -- [Content = Found bean property &apos;notEmptySignalCount&apos; of type [long]]
[2018-07-02 21:44:34.630] -- [TRACE] -- [main &gt;&gt;&gt;&gt; CachedIntrospectionResults.java:297 &gt;&gt;&gt;&gt; Method = &lt;init&gt;] -- [Content = Found bean property &apos;notEmptyWaitCount&apos; of type [long]]
[2018-07-02 21:44:34.630] -- [TRACE] -- [main &gt;&gt;&gt;&gt; CachedIntrospectionResults.java:297 &gt;&gt;&gt;&gt; Method = &lt;init&gt;] -- [Content = Found bean property &apos;notEmptyWaitMillis&apos; of type [long]]
[2018-07-02 21:44:34.630] -- [TRACE] -- [main &gt;&gt;&gt;&gt; CachedIntrospectionResults.java:297 &gt;&gt;&gt;&gt; Method = &lt;init&gt;] -- [Content = Found bean property &apos;notEmptyWaitNanos&apos; of type [long]]
[2018-07-02 21:44:34.630] -- [TRACE] -- [main &gt;&gt;&gt;&gt; CachedIntrospectionResults.java:297 &gt;&gt;&gt;&gt; Method = &lt;init&gt;] -- [Content = Found bean property &apos;notEmptyWaitThreadCount&apos; of type [int]]
[2018-07-02 21:44:34.630] -- [TRACE] -- [main &gt;&gt;&gt;&gt; CachedIntrospectionResults.java:297 &gt;&gt;&gt;&gt; Method = &lt;init&gt;] -- [Content = Found bean property &apos;notEmptyWaitThreadPeak&apos; of type [int]]
[2018-07-02 21:44:34.630] -- [TRACE] -- [main &gt;&gt;&gt;&gt; CachedIntrospectionResults.java:297 &gt;&gt;&gt;&gt; Method = &lt;init&gt;] -- [Content = Found bean property &apos;numTestsPerEvictionRun&apos; of type [int]]
[2018-07-02 21:44:34.631] -- [TRACE] -- [main &gt;&gt;&gt;&gt; CachedIntrospectionResults.java:297 &gt;&gt;&gt;&gt; Method = &lt;init&gt;] -- [Content = Found bean property &apos;objectName&apos; of type [javax.management.ObjectName]]
[2018-07-02 21:44:34.631] -- [TRACE] -- [main &gt;&gt;&gt;&gt; CachedIntrospectionResults.java:297 &gt;&gt;&gt;&gt; Method = &lt;init&gt;] -- [Content = Found bean property &apos;oracle&apos; of type [boolean]]
[2018-07-02 21:44:34.631] -- [TRACE] -- [main &gt;&gt;&gt;&gt; CachedIntrospectionResults.java:297 &gt;&gt;&gt;&gt; Method = &lt;init&gt;] -- [Content = Found bean property &apos;parentLogger&apos; of type [java.util.logging.Logger]]
[2018-07-02 21:44:34.631] -- [TRACE] -- [main &gt;&gt;&gt;&gt; CachedIntrospectionResults.java:297 &gt;&gt;&gt;&gt; Method = &lt;init&gt;] -- [Content = Found bean property &apos;password&apos; of type [java.lang.String]]
[2018-07-02 21:44:34.631] -- [TRACE] -- [main &gt;&gt;&gt;&gt; CachedIntrospectionResults.java:297 &gt;&gt;&gt;&gt; Method = &lt;init&gt;] -- [Content = Found bean property &apos;passwordCallback&apos; of type [javax.security.auth.callback.PasswordCallback]]
[2018-07-02 21:44:34.631] -- [TRACE] -- [main &gt;&gt;&gt;&gt; CachedIntrospectionResults.java:297 &gt;&gt;&gt;&gt; Method = &lt;init&gt;] -- [Content = Found bean property &apos;passwordCallbackClassName&apos; of type [java.lang.String]]
[2018-07-02 21:44:34.632] -- [TRACE] -- [main &gt;&gt;&gt;&gt; CachedIntrospectionResults.java:297 &gt;&gt;&gt;&gt; Method = &lt;init&gt;] -- [Content = Found bean property &apos;poolPreparedStatements&apos; of type [boolean]]
[2018-07-02 21:44:34.632] -- [TRACE] -- [main &gt;&gt;&gt;&gt; CachedIntrospectionResults.java:297 &gt;&gt;&gt;&gt; Method = &lt;init&gt;] -- [Content = Found bean property &apos;pooledConnection&apos; of type [javax.sql.PooledConnection]]
[2018-07-02 21:44:34.632] -- [TRACE] -- [main &gt;&gt;&gt;&gt; CachedIntrospectionResults.java:297 &gt;&gt;&gt;&gt; Method = &lt;init&gt;] -- [Content = Found bean property &apos;poolingConnectionInfo&apos; of type [java.util.List]]
[2018-07-02 21:44:34.632] -- [TRACE] -- [main &gt;&gt;&gt;&gt; CachedIntrospectionResults.java:297 &gt;&gt;&gt;&gt; Method = &lt;init&gt;] -- [Content = Found bean property &apos;poolingCount&apos; of type [int]]
[2018-07-02 21:44:34.632] -- [TRACE] -- [main &gt;&gt;&gt;&gt; CachedIntrospectionResults.java:297 &gt;&gt;&gt;&gt; Method = &lt;init&gt;] -- [Content = Found bean property &apos;poolingPeak&apos; of type [int]]
[2018-07-02 21:44:34.633] -- [TRACE] -- [main &gt;&gt;&gt;&gt; CachedIntrospectionResults.java:297 &gt;&gt;&gt;&gt; Method = &lt;init&gt;] -- [Content = Found bean property &apos;poolingPeakTime&apos; of type [java.util.Date]]
[2018-07-02 21:44:34.633] -- [TRACE] -- [main &gt;&gt;&gt;&gt; CachedIntrospectionResults.java:297 &gt;&gt;&gt;&gt; Method = &lt;init&gt;] -- [Content = Found bean property &apos;preparedStatementCount&apos; of type [long]]
[2018-07-02 21:44:34.633] -- [TRACE] -- [main &gt;&gt;&gt;&gt; CachedIntrospectionResults.java:297 &gt;&gt;&gt;&gt; Method = &lt;init&gt;] -- [Content = Found bean property &apos;properties&apos; of type [java.lang.String]]
[2018-07-02 21:44:34.633] -- [TRACE] -- [main &gt;&gt;&gt;&gt; CachedIntrospectionResults.java:297 &gt;&gt;&gt;&gt; Method = &lt;init&gt;] -- [Content = Found bean property &apos;proxyFilters&apos; of type [java.util.List]]
[2018-07-02 21:44:34.633] -- [TRACE] -- [main &gt;&gt;&gt;&gt; CachedIntrospectionResults.java:297 &gt;&gt;&gt;&gt; Method = &lt;init&gt;] -- [Content = Found bean property &apos;queryTimeout&apos; of type [int]]
[2018-07-02 21:44:34.633] -- [TRACE] -- [main &gt;&gt;&gt;&gt; CachedIntrospectionResults.java:297 &gt;&gt;&gt;&gt; Method = &lt;init&gt;] -- [Content = Found bean property &apos;rawDriver&apos; of type [java.sql.Driver]]
[2018-07-02 21:44:34.634] -- [TRACE] -- [main &gt;&gt;&gt;&gt; CachedIntrospectionResults.java:297 &gt;&gt;&gt;&gt; Method = &lt;init&gt;] -- [Content = Found bean property &apos;rawDriverMajorVersion&apos; of type [int]]
[2018-07-02 21:44:34.634] -- [TRACE] -- [main &gt;&gt;&gt;&gt; CachedIntrospectionResults.java:297 &gt;&gt;&gt;&gt; Method = &lt;init&gt;] -- [Content = Found bean property &apos;rawDriverMinorVersion&apos; of type [int]]
[2018-07-02 21:44:34.634] -- [TRACE] -- [main &gt;&gt;&gt;&gt; CachedIntrospectionResults.java:297 &gt;&gt;&gt;&gt; Method = &lt;init&gt;] -- [Content = Found bean property &apos;rawJdbcUrl&apos; of type [java.lang.String]]
[2018-07-02 21:44:34.634] -- [TRACE] -- [main &gt;&gt;&gt;&gt; CachedIntrospectionResults.java:297 &gt;&gt;&gt;&gt; Method = &lt;init&gt;] -- [Content = Found bean property &apos;recycleCount&apos; of type [long]]
[2018-07-02 21:44:34.634] -- [TRACE] -- [main &gt;&gt;&gt;&gt; CachedIntrospectionResults.java:297 &gt;&gt;&gt;&gt; Method = &lt;init&gt;] -- [Content = Found bean property &apos;recycleErrorCount&apos; of type [long]]
[2018-07-02 21:44:34.634] -- [TRACE] -- [main &gt;&gt;&gt;&gt; CachedIntrospectionResults.java:297 &gt;&gt;&gt;&gt; Method = &lt;init&gt;] -- [Content = Found bean property &apos;reference&apos; of type [javax.naming.Reference]]
[2018-07-02 21:44:34.635] -- [TRACE] -- [main &gt;&gt;&gt;&gt; CachedIntrospectionResults.java:297 &gt;&gt;&gt;&gt; Method = &lt;init&gt;] -- [Content = Found bean property &apos;removeAbandoned&apos; of type [boolean]]
[2018-07-02 21:44:34.635] -- [TRACE] -- [main &gt;&gt;&gt;&gt; CachedIntrospectionResults.java:297 &gt;&gt;&gt;&gt; Method = &lt;init&gt;] -- [Content = Found bean property &apos;removeAbandonedCount&apos; of type [long]]
[2018-07-02 21:44:34.635] -- [TRACE] -- [main &gt;&gt;&gt;&gt; CachedIntrospectionResults.java:297 &gt;&gt;&gt;&gt; Method = &lt;init&gt;] -- [Content = Found bean property &apos;removeAbandonedTimeout&apos; of type [int]]
[2018-07-02 21:44:34.635] -- [TRACE] -- [main &gt;&gt;&gt;&gt; CachedIntrospectionResults.java:297 &gt;&gt;&gt;&gt; Method = &lt;init&gt;] -- [Content = Found bean property &apos;removeAbandonedTimeoutMillis&apos; of type [long]]
[2018-07-02 21:44:34.635] -- [TRACE] -- [main &gt;&gt;&gt;&gt; CachedIntrospectionResults.java:297 &gt;&gt;&gt;&gt; Method = &lt;init&gt;] -- [Content = Found bean property &apos;resetCount&apos; of type [long]]
[2018-07-02 21:44:34.636] -- [TRACE] -- [main &gt;&gt;&gt;&gt; CachedIntrospectionResults.java:297 &gt;&gt;&gt;&gt; Method = &lt;init&gt;] -- [Content = Found bean property &apos;resetStatEnable&apos; of type [boolean]]
[2018-07-02 21:44:34.636] -- [TRACE] -- [main &gt;&gt;&gt;&gt; CachedIntrospectionResults.java:297 &gt;&gt;&gt;&gt; Method = &lt;init&gt;] -- [Content = Found bean property &apos;rollbackCount&apos; of type [long]]
[2018-07-02 21:44:34.636] -- [TRACE] -- [main &gt;&gt;&gt;&gt; CachedIntrospectionResults.java:297 &gt;&gt;&gt;&gt; Method = &lt;init&gt;] -- [Content = Found bean property &apos;sharePreparedStatements&apos; of type [boolean]]
[2018-07-02 21:44:34.636] -- [TRACE] -- [main &gt;&gt;&gt;&gt; CachedIntrospectionResults.java:297 &gt;&gt;&gt;&gt; Method = &lt;init&gt;] -- [Content = Found bean property &apos;sqlStat&apos;]
[2018-07-02 21:44:34.636] -- [TRACE] -- [main &gt;&gt;&gt;&gt; CachedIntrospectionResults.java:297 &gt;&gt;&gt;&gt; Method = &lt;init&gt;] -- [Content = Found bean property &apos;sqlStatMap&apos; of type [java.util.Map]]
[2018-07-02 21:44:34.636] -- [TRACE] -- [main &gt;&gt;&gt;&gt; CachedIntrospectionResults.java:297 &gt;&gt;&gt;&gt; Method = &lt;init&gt;] -- [Content = Found bean property &apos;startTransactionCount&apos; of type [long]]
[2018-07-02 21:44:34.637] -- [TRACE] -- [main &gt;&gt;&gt;&gt; CachedIntrospectionResults.java:297 &gt;&gt;&gt;&gt; Method = &lt;init&gt;] -- [Content = Found bean property &apos;statData&apos; of type [java.util.Map]]
[2018-07-02 21:44:34.637] -- [TRACE] -- [main &gt;&gt;&gt;&gt; CachedIntrospectionResults.java:297 &gt;&gt;&gt;&gt; Method = &lt;init&gt;] -- [Content = Found bean property &apos;statDataForMBean&apos; of type [java.util.Map]]
[2018-07-02 21:44:34.637] -- [TRACE] -- [main &gt;&gt;&gt;&gt; CachedIntrospectionResults.java:297 &gt;&gt;&gt;&gt; Method = &lt;init&gt;] -- [Content = Found bean property &apos;statLogger&apos; of type [com.alibaba.druid.pool.DruidDataSourceStatLogger]]
[2018-07-02 21:44:34.637] -- [TRACE] -- [main &gt;&gt;&gt;&gt; CachedIntrospectionResults.java:297 &gt;&gt;&gt;&gt; Method = &lt;init&gt;] -- [Content = Found bean property &apos;statLoggerClassName&apos; of type [java.lang.String]]
[2018-07-02 21:44:34.637] -- [TRACE] -- [main &gt;&gt;&gt;&gt; CachedIntrospectionResults.java:297 &gt;&gt;&gt;&gt; Method = &lt;init&gt;] -- [Content = Found bean property &apos;statValueAndReset&apos; of type [com.alibaba.druid.pool.DruidDataSourceStatValue]]
[2018-07-02 21:44:34.638] -- [TRACE] -- [main &gt;&gt;&gt;&gt; CachedIntrospectionResults.java:297 &gt;&gt;&gt;&gt; Method = &lt;init&gt;] -- [Content = Found bean property &apos;testOnBorrow&apos; of type [boolean]]
[2018-07-02 21:44:34.638] -- [TRACE] -- [main &gt;&gt;&gt;&gt; CachedIntrospectionResults.java:297 &gt;&gt;&gt;&gt; Method = &lt;init&gt;] -- [Content = Found bean property &apos;testOnReturn&apos; of type [boolean]]
[2018-07-02 21:44:34.638] -- [TRACE] -- [main &gt;&gt;&gt;&gt; CachedIntrospectionResults.java:297 &gt;&gt;&gt;&gt; Method = &lt;init&gt;] -- [Content = Found bean property &apos;testWhileIdle&apos; of type [boolean]]
[2018-07-02 21:44:34.638] -- [TRACE] -- [main &gt;&gt;&gt;&gt; CachedIntrospectionResults.java:297 &gt;&gt;&gt;&gt; Method = &lt;init&gt;] -- [Content = Found bean property &apos;timeBetweenConnectErrorMillis&apos; of type [long]]
[2018-07-02 21:44:34.638] -- [TRACE] -- [main &gt;&gt;&gt;&gt; CachedIntrospectionResults.java:297 &gt;&gt;&gt;&gt; Method = &lt;init&gt;] -- [Content = Found bean property &apos;timeBetweenEvictionRunsMillis&apos; of type [long]]
[2018-07-02 21:44:34.639] -- [TRACE] -- [main &gt;&gt;&gt;&gt; CachedIntrospectionResults.java:297 &gt;&gt;&gt;&gt; Method = &lt;init&gt;] -- [Content = Found bean property &apos;timeBetweenLogStatsMillis&apos; of type [long]]
[2018-07-02 21:44:34.639] -- [TRACE] -- [main &gt;&gt;&gt;&gt; CachedIntrospectionResults.java:297 &gt;&gt;&gt;&gt; Method = &lt;init&gt;] -- [Content = Found bean property &apos;transactionHistogram&apos; of type [com.alibaba.druid.util.Histogram]]
[2018-07-02 21:44:34.639] -- [TRACE] -- [main &gt;&gt;&gt;&gt; CachedIntrospectionResults.java:297 &gt;&gt;&gt;&gt; Method = &lt;init&gt;] -- [Content = Found bean property &apos;transactionHistogramRanges&apos; of type [[J]]
[2018-07-02 21:44:34.639] -- [TRACE] -- [main &gt;&gt;&gt;&gt; CachedIntrospectionResults.java:297 &gt;&gt;&gt;&gt; Method = &lt;init&gt;] -- [Content = Found bean property &apos;transactionHistogramValues&apos; of type [[J]]
[2018-07-02 21:44:34.639] -- [TRACE] -- [main &gt;&gt;&gt;&gt; CachedIntrospectionResults.java:297 &gt;&gt;&gt;&gt; Method = &lt;init&gt;] -- [Content = Found bean property &apos;transactionQueryTimeout&apos; of type [int]]
[2018-07-02 21:44:34.639] -- [TRACE] -- [main &gt;&gt;&gt;&gt; CachedIntrospectionResults.java:297 &gt;&gt;&gt;&gt; Method = &lt;init&gt;] -- [Content = Found bean property &apos;transactionThresholdMillis&apos; of type [long]]
[2018-07-02 21:44:34.640] -- [TRACE] -- [main &gt;&gt;&gt;&gt; CachedIntrospectionResults.java:297 &gt;&gt;&gt;&gt; Method = &lt;init&gt;] -- [Content = Found bean property &apos;url&apos; of type [java.lang.String]]
[2018-07-02 21:44:34.640] -- [TRACE] -- [main &gt;&gt;&gt;&gt; CachedIntrospectionResults.java:297 &gt;&gt;&gt;&gt; Method = &lt;init&gt;] -- [Content = Found bean property &apos;useGloalDataSourceStat&apos; of type [boolean]]
[2018-07-02 21:44:34.641] -- [TRACE] -- [main &gt;&gt;&gt;&gt; CachedIntrospectionResults.java:297 &gt;&gt;&gt;&gt; Method = &lt;init&gt;] -- [Content = Found bean property &apos;useLocalSessionState&apos; of type [boolean]]
[2018-07-02 21:44:34.641] -- [TRACE] -- [main &gt;&gt;&gt;&gt; CachedIntrospectionResults.java:297 &gt;&gt;&gt;&gt; Method = &lt;init&gt;] -- [Content = Found bean property &apos;useOracleImplicitCache&apos; of type [boolean]]
[2018-07-02 21:44:34.641] -- [TRACE] -- [main &gt;&gt;&gt;&gt; CachedIntrospectionResults.java:297 &gt;&gt;&gt;&gt; Method = &lt;init&gt;] -- [Content = Found bean property &apos;useUnfairLock&apos; of type [boolean]]
[2018-07-02 21:44:34.641] -- [TRACE] -- [main &gt;&gt;&gt;&gt; CachedIntrospectionResults.java:297 &gt;&gt;&gt;&gt; Method = &lt;init&gt;] -- [Content = Found bean property &apos;userCallback&apos; of type [javax.security.auth.callback.NameCallback]]
[2018-07-02 21:44:34.641] -- [TRACE] -- [main &gt;&gt;&gt;&gt; CachedIntrospectionResults.java:297 &gt;&gt;&gt;&gt; Method = &lt;init&gt;] -- [Content = Found bean property &apos;username&apos; of type [java.lang.String]]
[2018-07-02 21:44:34.643] -- [TRACE] -- [main &gt;&gt;&gt;&gt; CachedIntrospectionResults.java:297 &gt;&gt;&gt;&gt; Method = &lt;init&gt;] -- [Content = Found bean property &apos;validConnectionChecker&apos; of type [com.alibaba.druid.pool.ValidConnectionChecker]]
[2018-07-02 21:44:34.643] -- [TRACE] -- [main &gt;&gt;&gt;&gt; CachedIntrospectionResults.java:297 &gt;&gt;&gt;&gt; Method = &lt;init&gt;] -- [Content = Found bean property &apos;validConnectionCheckerClassName&apos; of type [java.lang.String]]
[2018-07-02 21:44:34.643] -- [TRACE] -- [main &gt;&gt;&gt;&gt; CachedIntrospectionResults.java:297 &gt;&gt;&gt;&gt; Method = &lt;init&gt;] -- [Content = Found bean property &apos;validationQuery&apos; of type [java.lang.String]]
[2018-07-02 21:44:34.643] -- [TRACE] -- [main &gt;&gt;&gt;&gt; CachedIntrospectionResults.java:297 &gt;&gt;&gt;&gt; Method = &lt;init&gt;] -- [Content = Found bean property &apos;validationQueryTimeout&apos; of type [int]]
[2018-07-02 21:44:34.643] -- [TRACE] -- [main &gt;&gt;&gt;&gt; CachedIntrospectionResults.java:297 &gt;&gt;&gt;&gt; Method = &lt;init&gt;] -- [Content = Found bean property &apos;version&apos; of type [java.lang.String]]
[2018-07-02 21:44:34.644] -- [TRACE] -- [main &gt;&gt;&gt;&gt; CachedIntrospectionResults.java:297 &gt;&gt;&gt;&gt; Method = &lt;init&gt;] -- [Content = Found bean property &apos;waitThreadCount&apos; of type [int]]
[2018-07-02 21:44:34.644] -- [TRACE] -- [main &gt;&gt;&gt;&gt; CachedIntrospectionResults.java:297 &gt;&gt;&gt;&gt; Method = &lt;init&gt;] -- [Content = Found bean property &apos;wallStatMap&apos; of type [java.util.Map]]
[2018-07-02 21:44:34.645] -- [TRACE] -- [main &gt;&gt;&gt;&gt; TypeConverterDelegate.java:434 &gt;&gt;&gt;&gt; Method = doConvertValue] -- [Content = Converting String to [int] using property editor [org.springframework.beans.propertyeditors.CustomNumberEditor@3aacf32a]]
[2018-07-02 21:44:34.645] -- [TRACE] -- [main &gt;&gt;&gt;&gt; TypeConverterDelegate.java:434 &gt;&gt;&gt;&gt; Method = doConvertValue] -- [Content = Converting String to [int] using property editor [org.springframework.beans.propertyeditors.CustomNumberEditor@3aacf32a]]
[2018-07-02 21:44:34.645] -- [TRACE] -- [main &gt;&gt;&gt;&gt; TypeConverterDelegate.java:434 &gt;&gt;&gt;&gt; Method = doConvertValue] -- [Content = Converting String to [int] using property editor [org.springframework.beans.propertyeditors.CustomNumberEditor@3aacf32a]]
[2018-07-02 21:44:34.645] -- [TRACE] -- [main &gt;&gt;&gt;&gt; TypeConverterDelegate.java:434 &gt;&gt;&gt;&gt; Method = doConvertValue] -- [Content = Converting String to [long] using property editor [org.springframework.beans.propertyeditors.CustomNumberEditor@4fdfa676]]
[2018-07-02 21:44:34.646] -- [TRACE] -- [main &gt;&gt;&gt;&gt; TypeConverterDelegate.java:434 &gt;&gt;&gt;&gt; Method = doConvertValue] -- [Content = Converting String to [long] using property editor [org.springframework.beans.propertyeditors.CustomNumberEditor@4fdfa676]]
[2018-07-02 21:44:34.646] -- [TRACE] -- [main &gt;&gt;&gt;&gt; TypeConverterDelegate.java:434 &gt;&gt;&gt;&gt; Method = doConvertValue] -- [Content = Converting String to [long] using property editor [org.springframework.beans.propertyeditors.CustomNumberEditor@4fdfa676]]
[2018-07-02 21:44:34.646] -- [TRACE] -- [main &gt;&gt;&gt;&gt; TypeConverterDelegate.java:434 &gt;&gt;&gt;&gt; Method = doConvertValue] -- [Content = Converting String to [boolean] using property editor [org.springframework.beans.propertyeditors.CustomBooleanEditor@82c57b3]]
[2018-07-02 21:44:34.646] -- [TRACE] -- [main &gt;&gt;&gt;&gt; TypeConverterDelegate.java:434 &gt;&gt;&gt;&gt; Method = doConvertValue] -- [Content = Converting String to [int] using property editor [org.springframework.beans.propertyeditors.CustomNumberEditor@3aacf32a]]
[2018-07-02 21:44:34.646] -- [TRACE] -- [main &gt;&gt;&gt;&gt; TypeConverterDelegate.java:434 &gt;&gt;&gt;&gt; Method = doConvertValue] -- [Content = Converting String to [boolean] using property editor [org.springframework.beans.propertyeditors.CustomBooleanEditor@82c57b3]]
[2018-07-02 21:44:34.647] -- [TRACE] -- [main &gt;&gt;&gt;&gt; TypeConverterDelegate.java:434 &gt;&gt;&gt;&gt; Method = doConvertValue] -- [Content = Converting String to [boolean] using property editor [org.springframework.beans.propertyeditors.CustomBooleanEditor@82c57b3]]
[2018-07-02 21:44:34.647] -- [TRACE] -- [main &gt;&gt;&gt;&gt; TypeConverterDelegate.java:434 &gt;&gt;&gt;&gt; Method = doConvertValue] -- [Content = Converting String to [boolean] using property editor [org.springframework.beans.propertyeditors.CustomBooleanEditor@82c57b3]]
[2018-07-02 21:44:34.647] -- [TRACE] -- [main &gt;&gt;&gt;&gt; TypeConverterDelegate.java:434 &gt;&gt;&gt;&gt; Method = doConvertValue] -- [Content = Converting String to [boolean] using property editor [org.springframework.beans.propertyeditors.CustomBooleanEditor@82c57b3]]
[2018-07-02 21:44:34.647] -- [TRACE] -- [main &gt;&gt;&gt;&gt; TypeConverterDelegate.java:434 &gt;&gt;&gt;&gt; Method = doConvertValue] -- [Content = Converting String to [int] using property editor [org.springframework.beans.propertyeditors.CustomNumberEditor@3aacf32a]]
[2018-07-02 21:44:34.648] -- [TRACE] -- [main &gt;&gt;&gt;&gt; TypeConverterDelegate.java:434 &gt;&gt;&gt;&gt; Method = doConvertValue] -- [Content = Converting String to [boolean] using property editor [org.springframework.beans.propertyeditors.CustomBooleanEditor@82c57b3]]
[2018-07-02 21:44:34.648] -- [DEBUG] -- [main &gt;&gt;&gt;&gt; AbstractAutowireCapableBeanFactory.java:1678 &gt;&gt;&gt;&gt; Method = invokeCustomInitMethod] -- [Content = Invoking init method  &apos;init&apos; on bean with name &apos;dataSource&apos;]
[2018-07-02 21:44:38.665] -- [WARN] -- [main &gt;&gt;&gt;&gt; AbstractApplicationContext.java:546 &gt;&gt;&gt;&gt; Method = refresh] -- [Content = Exception encountered during context initialization - cancelling refresh attempt: org.springframework.beans.factory.BeanCreationException: Error creating bean with name &apos;entityManagerFactory&apos; defined in file [/Users/xk1020/IdeaProjects/Basic-Single-Module-SSJPA/target/classes/spring/applicationContext-jpa.xml]: Cannot resolve reference to bean &apos;dataSource&apos; while setting bean property &apos;dataSource&apos;; nested exception is org.springframework.beans.factory.BeanCreationException: Error creating bean with name &apos;dataSource&apos; defined in file [/Users/xk1020/IdeaProjects/Basic-Single-Module-SSJPA/target/classes/spring/applicationContext-dataSource.xml]: Invocation of init method failed; nested exception is com.mysql.jdbc.exceptions.jdbc4.MySQLNonTransientConnectionException: Could not create connection to database server. Attempted reconnect 3 times. Giving up.]
[2018-07-02 21:44:38.666] -- [DEBUG] -- [main &gt;&gt;&gt;&gt; DefaultSingletonBeanRegistry.java:512 &gt;&gt;&gt;&gt; Method = destroySingletons] -- [Content = Destroying singletons in org.springframework.beans.factory.support.DefaultListableBeanFactory@57f791c6: defining beans [org.springframework.context.support.PropertySourcesPlaceholderConfigurer#0,sysUserServiceImpl,org.springframework.context.annotation.internalConfigurationAnnotationProcessor,org.springframework.context.annotation.internalAutowiredAnnotationProcessor,org.springframework.context.annotation.internalRequiredAnnotationProcessor,org.springframework.context.annotation.internalCommonAnnotationProcessor,org.springframework.context.annotation.internalPersistenceAnnotationProcessor,org.springframework.context.event.internalEventListenerProcessor,org.springframework.context.event.internalEventListenerFactory,dataSource,druid-stat-interceptor,druid-stat-pointcut,org.springframework.aop.config.internalAutoProxyCreator,org.springframework.aop.support.DefaultBeanFactoryPointcutAdvisor#0,transactionManager,transactionAdvice,transactionPointcut,org.springframework.aop.support.DefaultBeanFactoryPointcutAdvisor#1,entityManagerFactory,hibernateJpaVendorAdapter,org.springframework.data.jpa.repository.config.JpaRepositoryConfigExtension#0,org.springframework.data.repository.core.support.RepositoryFactoryBeanSupport_Predictor,emBeanDefinitionRegistrarPostProcessor,jpaMappingContext,jpaContext,sysUserDao,org.springframework.context.annotation.ConfigurationClassPostProcessor.importAwareProcessor,org.springframework.context.annotation.ConfigurationClassPostProcessor.enhancedConfigurationProcessor,org.springframework.orm.jpa.SharedEntityManagerCreator#0]; root of factory hierarchy]
[2018-07-02 21:44:38.667] -- [ERROR] -- [main &gt;&gt;&gt;&gt; TestContextManager.java:231 &gt;&gt;&gt;&gt; Method = prepareTestInstance] -- [Content = Caught exception while allowing TestExecutionListener [org.springframework.test.context.support.DependencyInjectionTestExecutionListener@101df177] to prepare test instance [com.youmeek.ssm.SSMTest@56e07a08]]
java.lang.IllegalStateException: Failed to load ApplicationContext
	at org.springframework.test.context.cache.DefaultCacheAwareContextLoaderDelegate.loadContext(DefaultCacheAwareContextLoaderDelegate.java:124)
	at org.springframework.test.context.support.DefaultTestContext.getApplicationContext(DefaultTestContext.java:83)
	at org.springframework.test.context.support.DependencyInjectionTestExecutionListener.injectDependencies(DependencyInjectionTestExecutionListener.java:117)
	at org.springframework.test.context.support.DependencyInjectionTestExecutionListener.prepareTestInstance(DependencyInjectionTestExecutionListener.java:83)
	at org.springframework.test.context.TestContextManager.prepareTestInstance(TestContextManager.java:228)
	at org.springframework.test.context.junit4.SpringJUnit4ClassRunner.createTest(SpringJUnit4ClassRunner.java:230)
	at org.springframework.test.context.junit4.SpringJUnit4ClassRunner$1.runReflectiveCall(SpringJUnit4ClassRunner.java:289)
	at org.junit.internal.runners.model.ReflectiveCallable.run(ReflectiveCallable.java:12)
	at org.springframework.test.context.junit4.SpringJUnit4ClassRunner.methodBlock(SpringJUnit4ClassRunner.java:291)
	at org.springframework.test.context.junit4.SpringJUnit4ClassRunner.runChild(SpringJUnit4ClassRunner.java:249)
	at org.springframework.test.context.junit4.SpringJUnit4ClassRunner.runChild(SpringJUnit4ClassRunner.java:89)
	at org.junit.runners.ParentRunner$3.run(ParentRunner.java:238)
	at org.junit.runners.ParentRunner$1.schedule(ParentRunner.java:63)
	at org.junit.runners.ParentRunner.runChildren(ParentRunner.java:236)
	at org.junit.runners.ParentRunner.access$000(ParentRunner.java:53)
	at org.junit.runners.ParentRunner$2.evaluate(ParentRunner.java:229)
	at org.springframework.test.context.junit4.statements.RunBeforeTestClassCallbacks.evaluate(RunBeforeTestClassCallbacks.java:61)
	at org.springframework.test.context.junit4.statements.RunAfterTestClassCallbacks.evaluate(RunAfterTestClassCallbacks.java:70)
	at org.junit.runners.ParentRunner.run(ParentRunner.java:309)
	at org.springframework.test.context.junit4.SpringJUnit4ClassRunner.run(SpringJUnit4ClassRunner.java:193)
	at org.apache.maven.surefire.junit4.JUnit4Provider.execute(JUnit4Provider.java:252)
	at org.apache.maven.surefire.junit4.JUnit4Provider.executeTestSet(JUnit4Provider.java:141)
	at org.apache.maven.surefire.junit4.JUnit4Provider.invoke(JUnit4Provider.java:112)
	at sun.reflect.NativeMethodAccessorImpl.invoke0(Native Method)
	at sun.reflect.NativeMethodAccessorImpl.invoke(NativeMethodAccessorImpl.java:62)
	at sun.reflect.DelegatingMethodAccessorImpl.invoke(DelegatingMethodAccessorImpl.java:43)
	at java.lang.reflect.Method.invoke(Method.java:498)
	at org.apache.maven.surefire.util.ReflectionUtils.invokeMethodWithArray(ReflectionUtils.java:189)
	at org.apache.maven.surefire.booter.ProviderFactory$ProviderProxy.invoke(ProviderFactory.java:165)
	at org.apache.maven.surefire.booter.ProviderFactory.invokeProvider(ProviderFactory.java:85)
	at org.apache.maven.surefire.booter.ForkedBooter.runSuitesInProcess(ForkedBooter.java:115)
	at org.apache.maven.surefire.booter.ForkedBooter.main(ForkedBooter.java:75)
Caused by: org.springframework.beans.factory.BeanCreationException: Error creating bean with name &apos;entityManagerFactory&apos; defined in file [/Users/xk1020/IdeaProjects/Basic-Single-Module-SSJPA/target/classes/spring/applicationContext-jpa.xml]: Cannot resolve reference to bean &apos;dataSource&apos; while setting bean property &apos;dataSource&apos;; nested exception is org.springframework.beans.factory.BeanCreationException: Error creating bean with name &apos;dataSource&apos; defined in file [/Users/xk1020/IdeaProjects/Basic-Single-Module-SSJPA/target/classes/spring/applicationContext-dataSource.xml]: Invocation of init method failed; nested exception is com.mysql.jdbc.exceptions.jdbc4.MySQLNonTransientConnectionException: Could not create connection to database server. Attempted reconnect 3 times. Giving up.
	at org.springframework.beans.factory.support.BeanDefinitionValueResolver.resolveReference(BeanDefinitionValueResolver.java:359)
	at org.springframework.beans.factory.support.BeanDefinitionValueResolver.resolveValueIfNecessary(BeanDefinitionValueResolver.java:108)
	at org.springframework.beans.factory.support.AbstractAutowireCapableBeanFactory.applyPropertyValues(AbstractAutowireCapableBeanFactory.java:1481)
	at org.springframework.beans.factory.support.AbstractAutowireCapableBeanFactory.populateBean(AbstractAutowireCapableBeanFactory.java:1226)
	at org.springframework.beans.factory.support.AbstractAutowireCapableBeanFactory.doCreateBean(AbstractAutowireCapableBeanFactory.java:543)
	at org.springframework.beans.factory.support.AbstractAutowireCapableBeanFactory.createBean(AbstractAutowireCapableBeanFactory.java:482)
	at org.springframework.beans.factory.support.AbstractBeanFactory$1.getObject(AbstractBeanFactory.java:306)
	at org.springframework.beans.factory.support.DefaultSingletonBeanRegistry.getSingleton(DefaultSingletonBeanRegistry.java:230)
	at org.springframework.beans.factory.support.AbstractBeanFactory.doGetBean(AbstractBeanFactory.java:302)
	at org.springframework.beans.factory.support.AbstractBeanFactory.getBean(AbstractBeanFactory.java:197)
	at org.springframework.context.support.AbstractApplicationContext.getBean(AbstractApplicationContext.java:1054)
	at org.springframework.context.support.AbstractApplicationContext.finishBeanFactoryInitialization(AbstractApplicationContext.java:829)
	at org.springframework.context.support.AbstractApplicationContext.refresh(AbstractApplicationContext.java:538)
	at org.springframework.test.context.support.AbstractGenericContextLoader.loadContext(AbstractGenericContextLoader.java:125)
	at org.springframework.test.context.support.AbstractGenericContextLoader.loadContext(AbstractGenericContextLoader.java:60)
	at org.springframework.test.context.support.AbstractDelegatingSmartContextLoader.delegateLoading(AbstractDelegatingSmartContextLoader.java:109)
	at org.springframework.test.context.support.AbstractDelegatingSmartContextLoader.loadContext(AbstractDelegatingSmartContextLoader.java:261)
	at org.springframework.test.context.cache.DefaultCacheAwareContextLoaderDelegate.loadContextInternal(DefaultCacheAwareContextLoaderDelegate.java:98)
	at org.springframework.test.context.cache.DefaultCacheAwareContextLoaderDelegate.loadContext(DefaultCacheAwareContextLoaderDelegate.java:116)
	... 31 common frames omitted
Caused by: org.springframework.beans.factory.BeanCreationException: Error creating bean with name &apos;dataSource&apos; defined in file [/Users/xk1020/IdeaProjects/Basic-Single-Module-SSJPA/target/classes/spring/applicationContext-dataSource.xml]: Invocation of init method failed; nested exception is com.mysql.jdbc.exceptions.jdbc4.MySQLNonTransientConnectionException: Could not create connection to database server. Attempted reconnect 3 times. Giving up.
	at org.springframework.beans.factory.support.AbstractAutowireCapableBeanFactory.initializeBean(AbstractAutowireCapableBeanFactory.java:1578)
	at org.springframework.beans.factory.support.AbstractAutowireCapableBeanFactory.doCreateBean(AbstractAutowireCapableBeanFactory.java:545)
	at org.springframework.beans.factory.support.AbstractAutowireCapableBeanFactory.createBean(AbstractAutowireCapableBeanFactory.java:482)
	at org.springframework.beans.factory.support.AbstractBeanFactory$1.getObject(AbstractBeanFactory.java:306)
	at org.springframework.beans.factory.support.DefaultSingletonBeanRegistry.getSingleton(DefaultSingletonBeanRegistry.java:230)
	at org.springframework.beans.factory.support.AbstractBeanFactory.doGetBean(AbstractBeanFactory.java:302)
	at org.springframework.beans.factory.support.AbstractBeanFactory.getBean(AbstractBeanFactory.java:197)
	at org.springframework.beans.factory.support.BeanDefinitionValueResolver.resolveReference(BeanDefinitionValueResolver.java:351)
	... 49 common frames omitted
Caused by: com.mysql.jdbc.exceptions.jdbc4.MySQLNonTransientConnectionException: Could not create connection to database server. Attempted reconnect 3 times. Giving up.
	at sun.reflect.NativeConstructorAccessorImpl.newInstance0(Native Method)
	at sun.reflect.NativeConstructorAccessorImpl.newInstance(NativeConstructorAccessorImpl.java:62)
	at sun.reflect.DelegatingConstructorAccessorImpl.newInstance(DelegatingConstructorAccessorImpl.java:45)
	at java.lang.reflect.Constructor.newInstance(Constructor.java:423)
	at com.mysql.jdbc.Util.handleNewInstance(Util.java:411)
	at com.mysql.jdbc.Util.getInstance(Util.java:386)
	at com.mysql.jdbc.SQLError.createSQLException(SQLError.java:1014)
	at com.mysql.jdbc.SQLError.createSQLException(SQLError.java:988)
	at com.mysql.jdbc.SQLError.createSQLException(SQLError.java:974)
	at com.mysql.jdbc.SQLError.createSQLException(SQLError.java:919)
	at com.mysql.jdbc.ConnectionImpl.connectWithRetries(ConnectionImpl.java:2299)
	at com.mysql.jdbc.ConnectionImpl.createNewIO(ConnectionImpl.java:2220)
	at com.mysql.jdbc.ConnectionImpl.&lt;init&gt;(ConnectionImpl.java:813)
	at com.mysql.jdbc.JDBC4Connection.&lt;init&gt;(JDBC4Connection.java:47)
	at sun.reflect.NativeConstructorAccessorImpl.newInstance0(Native Method)
	at sun.reflect.NativeConstructorAccessorImpl.newInstance(NativeConstructorAccessorImpl.java:62)
	at sun.reflect.DelegatingConstructorAccessorImpl.newInstance(DelegatingConstructorAccessorImpl.java:45)
	at java.lang.reflect.Constructor.newInstance(Constructor.java:423)
	at com.mysql.jdbc.Util.handleNewInstance(Util.java:411)
	at com.mysql.jdbc.ConnectionImpl.getInstance(ConnectionImpl.java:399)
	at com.mysql.jdbc.NonRegisteringDriver.connect(NonRegisteringDriver.java:334)
	at com.alibaba.druid.filter.FilterChainImpl.connection_connect(FilterChainImpl.java:148)
	at com.alibaba.druid.filter.FilterAdapter.connection_connect(FilterAdapter.java:786)
	at com.alibaba.druid.filter.FilterEventAdapter.connection_connect(FilterEventAdapter.java:38)
	at com.alibaba.druid.filter.FilterChainImpl.connection_connect(FilterChainImpl.java:142)
	at com.alibaba.druid.filter.stat.StatFilter.connection_connect(StatFilter.java:211)
	at com.alibaba.druid.filter.FilterChainImpl.connection_connect(FilterChainImpl.java:142)
	at com.alibaba.druid.pool.DruidAbstractDataSource.createPhysicalConnection(DruidAbstractDataSource.java:1360)
	at com.alibaba.druid.pool.DruidAbstractDataSource.createPhysicalConnection(DruidAbstractDataSource.java:1414)
	at com.alibaba.druid.pool.DruidDataSource.init(DruidDataSource.java:602)
	at sun.reflect.NativeMethodAccessorImpl.invoke0(Native Method)
	at sun.reflect.NativeMethodAccessorImpl.invoke(NativeMethodAccessorImpl.java:62)
	at sun.reflect.DelegatingMethodAccessorImpl.invoke(DelegatingMethodAccessorImpl.java:43)
	at java.lang.reflect.Method.invoke(Method.java:498)
	at org.springframework.beans.factory.support.AbstractAutowireCapableBeanFactory.invokeCustomInitMethod(AbstractAutowireCapableBeanFactory.java:1706)
	at org.springframework.beans.factory.support.AbstractAutowireCapableBeanFactory.invokeInitMethods(AbstractAutowireCapableBeanFactory.java:1645)
	at org.springframework.beans.factory.support.AbstractAutowireCapableBeanFactory.initializeBean(AbstractAutowireCapableBeanFactory.java:1574)
	... 56 common frames omitted
Caused by: java.sql.SQLException: Access denied for user &apos;root &apos;@&apos;localhost&apos; (using password: YES)
	at com.mysql.jdbc.SQLError.createSQLException(SQLError.java:1074)
	at com.mysql.jdbc.MysqlIO.checkErrorPacket(MysqlIO.java:4074)
	at com.mysql.jdbc.MysqlIO.checkErrorPacket(MysqlIO.java:4006)
	at com.mysql.jdbc.MysqlIO.checkErrorPacket(MysqlIO.java:919)
	at com.mysql.jdbc.MysqlIO.proceedHandshakeWithPluggableAuthentication(MysqlIO.java:1694)
	at com.mysql.jdbc.MysqlIO.doHandshake(MysqlIO.java:1244)
	at com.mysql.jdbc.ConnectionImpl.coreConnect(ConnectionImpl.java:2397)
	at com.mysql.jdbc.ConnectionImpl.connectWithRetries(ConnectionImpl.java:2238)
	... 82 common frames omitted
</system-out>
  </testcase>
  <testcase classname="com.youmeek.ssm.SSMTest" name="testDelete" time="0.001">
    <error message="Failed to load ApplicationContext" type="java.lang.IllegalStateException">java.lang.IllegalStateException: Failed to load ApplicationContext
	at org.springframework.test.context.cache.DefaultCacheAwareContextLoaderDelegate.loadContext(DefaultCacheAwareContextLoaderDelegate.java:124)
	at org.springframework.test.context.support.DefaultTestContext.getApplicationContext(DefaultTestContext.java:83)
	at org.springframework.test.context.support.DependencyInjectionTestExecutionListener.injectDependencies(DependencyInjectionTestExecutionListener.java:117)
	at org.springframework.test.context.support.DependencyInjectionTestExecutionListener.prepareTestInstance(DependencyInjectionTestExecutionListener.java:83)
	at org.springframework.test.context.TestContextManager.prepareTestInstance(TestContextManager.java:228)
	at org.springframework.test.context.junit4.SpringJUnit4ClassRunner.createTest(SpringJUnit4ClassRunner.java:230)
	at org.springframework.test.context.junit4.SpringJUnit4ClassRunner$1.runReflectiveCall(SpringJUnit4ClassRunner.java:289)
	at org.junit.internal.runners.model.ReflectiveCallable.run(ReflectiveCallable.java:12)
	at org.springframework.test.context.junit4.SpringJUnit4ClassRunner.methodBlock(SpringJUnit4ClassRunner.java:291)
	at org.springframework.test.context.junit4.SpringJUnit4ClassRunner.runChild(SpringJUnit4ClassRunner.java:249)
	at org.springframework.test.context.junit4.SpringJUnit4ClassRunner.runChild(SpringJUnit4ClassRunner.java:89)
	at org.junit.runners.ParentRunner$3.run(ParentRunner.java:238)
	at org.junit.runners.ParentRunner$1.schedule(ParentRunner.java:63)
	at org.junit.runners.ParentRunner.runChildren(ParentRunner.java:236)
	at org.junit.runners.ParentRunner.access$000(ParentRunner.java:53)
	at org.junit.runners.ParentRunner$2.evaluate(ParentRunner.java:229)
	at org.springframework.test.context.junit4.statements.RunBeforeTestClassCallbacks.evaluate(RunBeforeTestClassCallbacks.java:61)
	at org.springframework.test.context.junit4.statements.RunAfterTestClassCallbacks.evaluate(RunAfterTestClassCallbacks.java:70)
	at org.junit.runners.ParentRunner.run(ParentRunner.java:309)
	at org.springframework.test.context.junit4.SpringJUnit4ClassRunner.run(SpringJUnit4ClassRunner.java:193)
	at org.apache.maven.surefire.junit4.JUnit4Provider.execute(JUnit4Provider.java:252)
	at org.apache.maven.surefire.junit4.JUnit4Provider.executeTestSet(JUnit4Provider.java:141)
	at org.apache.maven.surefire.junit4.JUnit4Provider.invoke(JUnit4Provider.java:112)
	at sun.reflect.NativeMethodAccessorImpl.invoke0(Native Method)
	at sun.reflect.NativeMethodAccessorImpl.invoke(NativeMethodAccessorImpl.java:62)
	at sun.reflect.DelegatingMethodAccessorImpl.invoke(DelegatingMethodAccessorImpl.java:43)
	at java.lang.reflect.Method.invoke(Method.java:498)
	at org.apache.maven.surefire.util.ReflectionUtils.invokeMethodWithArray(ReflectionUtils.java:189)
	at org.apache.maven.surefire.booter.ProviderFactory$ProviderProxy.invoke(ProviderFactory.java:165)
	at org.apache.maven.surefire.booter.ProviderFactory.invokeProvider(ProviderFactory.java:85)
	at org.apache.maven.surefire.booter.ForkedBooter.runSuitesInProcess(ForkedBooter.java:115)
	at org.apache.maven.surefire.booter.ForkedBooter.main(ForkedBooter.java:75)
Caused by: org.springframework.beans.factory.BeanCreationException: Error creating bean with name &apos;entityManagerFactory&apos; defined in file [/Users/xk1020/IdeaProjects/Basic-Single-Module-SSJPA/target/classes/spring/applicationContext-jpa.xml]: Cannot resolve reference to bean &apos;dataSource&apos; while setting bean property &apos;dataSource&apos;; nested exception is org.springframework.beans.factory.BeanCreationException: Error creating bean with name &apos;dataSource&apos; defined in file [/Users/xk1020/IdeaProjects/Basic-Single-Module-SSJPA/target/classes/spring/applicationContext-dataSource.xml]: Invocation of init method failed; nested exception is com.mysql.jdbc.exceptions.jdbc4.MySQLNonTransientConnectionException: Could not create connection to database server. Attempted reconnect 3 times. Giving up.
	at org.springframework.beans.factory.support.BeanDefinitionValueResolver.resolveReference(BeanDefinitionValueResolver.java:359)
	at org.springframework.beans.factory.support.BeanDefinitionValueResolver.resolveValueIfNecessary(BeanDefinitionValueResolver.java:108)
	at org.springframework.beans.factory.support.AbstractAutowireCapableBeanFactory.applyPropertyValues(AbstractAutowireCapableBeanFactory.java:1481)
	at org.springframework.beans.factory.support.AbstractAutowireCapableBeanFactory.populateBean(AbstractAutowireCapableBeanFactory.java:1226)
	at org.springframework.beans.factory.support.AbstractAutowireCapableBeanFactory.doCreateBean(AbstractAutowireCapableBeanFactory.java:543)
	at org.springframework.beans.factory.support.AbstractAutowireCapableBeanFactory.createBean(AbstractAutowireCapableBeanFactory.java:482)
	at org.springframework.beans.factory.support.AbstractBeanFactory$1.getObject(AbstractBeanFactory.java:306)
	at org.springframework.beans.factory.support.DefaultSingletonBeanRegistry.getSingleton(DefaultSingletonBeanRegistry.java:230)
	at org.springframework.beans.factory.support.AbstractBeanFactory.doGetBean(AbstractBeanFactory.java:302)
	at org.springframework.beans.factory.support.AbstractBeanFactory.getBean(AbstractBeanFactory.java:197)
	at org.springframework.context.support.AbstractApplicationContext.getBean(AbstractApplicationContext.java:1054)
	at org.springframework.context.support.AbstractApplicationContext.finishBeanFactoryInitialization(AbstractApplicationContext.java:829)
	at org.springframework.context.support.AbstractApplicationContext.refresh(AbstractApplicationContext.java:538)
	at org.springframework.test.context.support.AbstractGenericContextLoader.loadContext(AbstractGenericContextLoader.java:125)
	at org.springframework.test.context.support.AbstractGenericContextLoader.loadContext(AbstractGenericContextLoader.java:60)
	at org.springframework.test.context.support.AbstractDelegatingSmartContextLoader.delegateLoading(AbstractDelegatingSmartContextLoader.java:109)
	at org.springframework.test.context.support.AbstractDelegatingSmartContextLoader.loadContext(AbstractDelegatingSmartContextLoader.java:261)
	at org.springframework.test.context.cache.DefaultCacheAwareContextLoaderDelegate.loadContextInternal(DefaultCacheAwareContextLoaderDelegate.java:98)
	at org.springframework.test.context.cache.DefaultCacheAwareContextLoaderDelegate.loadContext(DefaultCacheAwareContextLoaderDelegate.java:116)
	... 31 more
Caused by: org.springframework.beans.factory.BeanCreationException: Error creating bean with name &apos;dataSource&apos; defined in file [/Users/xk1020/IdeaProjects/Basic-Single-Module-SSJPA/target/classes/spring/applicationContext-dataSource.xml]: Invocation of init method failed; nested exception is com.mysql.jdbc.exceptions.jdbc4.MySQLNonTransientConnectionException: Could not create connection to database server. Attempted reconnect 3 times. Giving up.
	at org.springframework.beans.factory.support.AbstractAutowireCapableBeanFactory.initializeBean(AbstractAutowireCapableBeanFactory.java:1578)
	at org.springframework.beans.factory.support.AbstractAutowireCapableBeanFactory.doCreateBean(AbstractAutowireCapableBeanFactory.java:545)
	at org.springframework.beans.factory.support.AbstractAutowireCapableBeanFactory.createBean(AbstractAutowireCapableBeanFactory.java:482)
	at org.springframework.beans.factory.support.AbstractBeanFactory$1.getObject(AbstractBeanFactory.java:306)
	at org.springframework.beans.factory.support.DefaultSingletonBeanRegistry.getSingleton(DefaultSingletonBeanRegistry.java:230)
	at org.springframework.beans.factory.support.AbstractBeanFactory.doGetBean(AbstractBeanFactory.java:302)
	at org.springframework.beans.factory.support.AbstractBeanFactory.getBean(AbstractBeanFactory.java:197)
	at org.springframework.beans.factory.support.BeanDefinitionValueResolver.resolveReference(BeanDefinitionValueResolver.java:351)
	... 49 more
Caused by: com.mysql.jdbc.exceptions.jdbc4.MySQLNonTransientConnectionException: Could not create connection to database server. Attempted reconnect 3 times. Giving up.
	at sun.reflect.NativeConstructorAccessorImpl.newInstance0(Native Method)
	at sun.reflect.NativeConstructorAccessorImpl.newInstance(NativeConstructorAccessorImpl.java:62)
	at sun.reflect.DelegatingConstructorAccessorImpl.newInstance(DelegatingConstructorAccessorImpl.java:45)
	at java.lang.reflect.Constructor.newInstance(Constructor.java:423)
	at com.mysql.jdbc.Util.handleNewInstance(Util.java:411)
	at com.mysql.jdbc.Util.getInstance(Util.java:386)
	at com.mysql.jdbc.SQLError.createSQLException(SQLError.java:1014)
	at com.mysql.jdbc.SQLError.createSQLException(SQLError.java:988)
	at com.mysql.jdbc.SQLError.createSQLException(SQLError.java:974)
	at com.mysql.jdbc.SQLError.createSQLException(SQLError.java:919)
	at com.mysql.jdbc.ConnectionImpl.connectWithRetries(ConnectionImpl.java:2299)
	at com.mysql.jdbc.ConnectionImpl.createNewIO(ConnectionImpl.java:2220)
	at com.mysql.jdbc.ConnectionImpl.&lt;init&gt;(ConnectionImpl.java:813)
	at com.mysql.jdbc.JDBC4Connection.&lt;init&gt;(JDBC4Connection.java:47)
	at sun.reflect.NativeConstructorAccessorImpl.newInstance0(Native Method)
	at sun.reflect.NativeConstructorAccessorImpl.newInstance(NativeConstructorAccessorImpl.java:62)
	at sun.reflect.DelegatingConstructorAccessorImpl.newInstance(DelegatingConstructorAccessorImpl.java:45)
	at java.lang.reflect.Constructor.newInstance(Constructor.java:423)
	at com.mysql.jdbc.Util.handleNewInstance(Util.java:411)
	at com.mysql.jdbc.ConnectionImpl.getInstance(ConnectionImpl.java:399)
	at com.mysql.jdbc.NonRegisteringDriver.connect(NonRegisteringDriver.java:334)
	at com.alibaba.druid.filter.FilterChainImpl.connection_connect(FilterChainImpl.java:148)
	at com.alibaba.druid.filter.FilterAdapter.connection_connect(FilterAdapter.java:786)
	at com.alibaba.druid.filter.FilterEventAdapter.connection_connect(FilterEventAdapter.java:38)
	at com.alibaba.druid.filter.FilterChainImpl.connection_connect(FilterChainImpl.java:142)
	at com.alibaba.druid.filter.stat.StatFilter.connection_connect(StatFilter.java:211)
	at com.alibaba.druid.filter.FilterChainImpl.connection_connect(FilterChainImpl.java:142)
	at com.alibaba.druid.pool.DruidAbstractDataSource.createPhysicalConnection(DruidAbstractDataSource.java:1360)
	at com.alibaba.druid.pool.DruidAbstractDataSource.createPhysicalConnection(DruidAbstractDataSource.java:1414)
	at com.alibaba.druid.pool.DruidDataSource.init(DruidDataSource.java:602)
	at sun.reflect.NativeMethodAccessorImpl.invoke0(Native Method)
	at sun.reflect.NativeMethodAccessorImpl.invoke(NativeMethodAccessorImpl.java:62)
	at sun.reflect.DelegatingMethodAccessorImpl.invoke(DelegatingMethodAccessorImpl.java:43)
	at java.lang.reflect.Method.invoke(Method.java:498)
	at org.springframework.beans.factory.support.AbstractAutowireCapableBeanFactory.invokeCustomInitMethod(AbstractAutowireCapableBeanFactory.java:1706)
	at org.springframework.beans.factory.support.AbstractAutowireCapableBeanFactory.invokeInitMethods(AbstractAutowireCapableBeanFactory.java:1645)
	at org.springframework.beans.factory.support.AbstractAutowireCapableBeanFactory.initializeBean(AbstractAutowireCapableBeanFactory.java:1574)
	... 56 more
Caused by: java.sql.SQLException: Access denied for user &apos;root &apos;@&apos;localhost&apos; (using password: YES)
	at com.mysql.jdbc.SQLError.createSQLException(SQLError.java:1074)
	at com.mysql.jdbc.MysqlIO.checkErrorPacket(MysqlIO.java:4074)
	at com.mysql.jdbc.MysqlIO.checkErrorPacket(MysqlIO.java:4006)
	at com.mysql.jdbc.MysqlIO.checkErrorPacket(MysqlIO.java:919)
	at com.mysql.jdbc.MysqlIO.proceedHandshakeWithPluggableAuthentication(MysqlIO.java:1694)
	at com.mysql.jdbc.MysqlIO.doHandshake(MysqlIO.java:1244)
	at com.mysql.jdbc.ConnectionImpl.coreConnect(ConnectionImpl.java:2397)
	at com.mysql.jdbc.ConnectionImpl.connectWithRetries(ConnectionImpl.java:2238)
	... 82 more
</error>
    <system-out>[2018-07-02 21:44:38.669] -- [DEBUG] -- [main &gt;&gt;&gt;&gt; ProfileValueUtils.java:71 &gt;&gt;&gt;&gt; Method = retrieveProfileValueSource] -- [Content = Retrieved @ProfileValueSourceConfiguration [null] for test class [com.youmeek.ssm.SSMTest]]
[2018-07-02 21:44:38.669] -- [DEBUG] -- [main &gt;&gt;&gt;&gt; ProfileValueUtils.java:83 &gt;&gt;&gt;&gt; Method = retrieveProfileValueSource] -- [Content = Retrieved ProfileValueSource type [class org.springframework.test.annotation.SystemProfileValueSource] for class [com.youmeek.ssm.SSMTest]]
[2018-07-02 21:44:38.669] -- [TRACE] -- [main &gt;&gt;&gt;&gt; TestContextManager.java:222 &gt;&gt;&gt;&gt; Method = prepareTestInstance] -- [Content = prepareTestInstance(): instance [com.youmeek.ssm.SSMTest@5ed190be]]
[2018-07-02 21:44:38.670] -- [DEBUG] -- [main &gt;&gt;&gt;&gt; DependencyInjectionTestExecutionListener.java:81 &gt;&gt;&gt;&gt; Method = prepareTestInstance] -- [Content = Performing dependency injection for test context [[DefaultTestContext@49c43f4e testClass = SSMTest, testInstance = com.youmeek.ssm.SSMTest@5ed190be, testMethod = [null], testException = [null], mergedContextConfiguration = [MergedContextConfiguration@290dbf45 testClass = SSMTest, locations = &apos;{classpath*:spring/applicationContext*.xml}&apos;, classes = &apos;{}&apos;, contextInitializerClasses = &apos;[]&apos;, activeProfiles = &apos;{}&apos;, propertySourceLocations = &apos;{}&apos;, propertySourceProperties = &apos;{}&apos;, contextLoader = &apos;org.springframework.test.context.support.DelegatingSmartContextLoader&apos;, parent = [null]]]].]
[2018-07-02 21:44:38.670] -- [DEBUG] -- [main &gt;&gt;&gt;&gt; AbstractDelegatingSmartContextLoader.java:107 &gt;&gt;&gt;&gt; Method = delegateLoading] -- [Content = Delegating to GenericXmlContextLoader to load context from [MergedContextConfiguration@290dbf45 testClass = SSMTest, locations = &apos;{classpath*:spring/applicationContext*.xml}&apos;, classes = &apos;{}&apos;, contextInitializerClasses = &apos;[]&apos;, activeProfiles = &apos;{}&apos;, propertySourceLocations = &apos;{}&apos;, propertySourceProperties = &apos;{}&apos;, contextLoader = &apos;org.springframework.test.context.support.DelegatingSmartContextLoader&apos;, parent = [null]].]
[2018-07-02 21:44:38.670] -- [DEBUG] -- [main &gt;&gt;&gt;&gt; AbstractGenericContextLoader.java:107 &gt;&gt;&gt;&gt; Method = loadContext] -- [Content = Loading ApplicationContext for merged context configuration [[MergedContextConfiguration@290dbf45 testClass = SSMTest, locations = &apos;{classpath*:spring/applicationContext*.xml}&apos;, classes = &apos;{}&apos;, contextInitializerClasses = &apos;[]&apos;, activeProfiles = &apos;{}&apos;, propertySourceLocations = &apos;{}&apos;, propertySourceProperties = &apos;{}&apos;, contextLoader = &apos;org.springframework.test.context.support.DelegatingSmartContextLoader&apos;, parent = [null]]].]
[2018-07-02 21:44:38.671] -- [DEBUG] -- [main &gt;&gt;&gt;&gt; MutablePropertySources.java:109 &gt;&gt;&gt;&gt; Method = addLast] -- [Content = Adding [systemProperties] PropertySource with lowest search precedence]
[2018-07-02 21:44:38.671] -- [DEBUG] -- [main &gt;&gt;&gt;&gt; MutablePropertySources.java:109 &gt;&gt;&gt;&gt; Method = addLast] -- [Content = Adding [systemEnvironment] PropertySource with lowest search precedence]
[2018-07-02 21:44:38.671] -- [DEBUG] -- [main &gt;&gt;&gt;&gt; AbstractEnvironment.java:127 &gt;&gt;&gt;&gt; Method = &lt;init&gt;] -- [Content = Initialized StandardEnvironment with PropertySources [systemProperties,systemEnvironment]]
[2018-07-02 21:44:38.672] -- [DEBUG] -- [main &gt;&gt;&gt;&gt; PathMatchingResourcePatternResolver.java:312 &gt;&gt;&gt;&gt; Method = findAllClassPathResources] -- [Content = Resolved classpath location [spring/] to resources [URL [file:/Users/xk1020/IdeaProjects/Basic-Single-Module-SSJPA/target/classes/spring/]]]
[2018-07-02 21:44:38.672] -- [DEBUG] -- [main &gt;&gt;&gt;&gt; PathMatchingResourcePatternResolver.java:637 &gt;&gt;&gt;&gt; Method = doFindMatchingFileSystemResources] -- [Content = Looking for matching resources in directory tree [/Users/xk1020/IdeaProjects/Basic-Single-Module-SSJPA/target/classes/spring]]
[2018-07-02 21:44:38.672] -- [DEBUG] -- [main &gt;&gt;&gt;&gt; PathMatchingResourcePatternResolver.java:699 &gt;&gt;&gt;&gt; Method = doRetrieveMatchingFiles] -- [Content = Searching directory [/Users/xk1020/IdeaProjects/Basic-Single-Module-SSJPA/target/classes/spring] for files matching pattern [/Users/xk1020/IdeaProjects/Basic-Single-Module-SSJPA/target/classes/spring/applicationContext*.xml]]
[2018-07-02 21:44:38.673] -- [DEBUG] -- [main &gt;&gt;&gt;&gt; PathMatchingResourcePatternResolver.java:430 &gt;&gt;&gt;&gt; Method = findPathMatchingResources] -- [Content = Resolved location pattern [classpath*:spring/applicationContext*.xml] to resources [file [/Users/xk1020/IdeaProjects/Basic-Single-Module-SSJPA/target/classes/spring/applicationContext.xml], file [/Users/xk1020/IdeaProjects/Basic-Single-Module-SSJPA/target/classes/spring/applicationContext-dataSource.xml], file [/Users/xk1020/IdeaProjects/Basic-Single-Module-SSJPA/target/classes/spring/applicationContext-transaction.xml], file [/Users/xk1020/IdeaProjects/Basic-Single-Module-SSJPA/target/classes/spring/applicationContext-jpa.xml]]]
[2018-07-02 21:44:38.673] -- [INFO] -- [main &gt;&gt;&gt;&gt; XmlBeanDefinitionReader.java:317 &gt;&gt;&gt;&gt; Method = loadBeanDefinitions] -- [Content = Loading XML bean definitions from file [/Users/xk1020/IdeaProjects/Basic-Single-Module-SSJPA/target/classes/spring/applicationContext.xml]]
[2018-07-02 21:44:38.674] -- [DEBUG] -- [main &gt;&gt;&gt;&gt; DefaultDocumentLoader.java:73 &gt;&gt;&gt;&gt; Method = loadDocument] -- [Content = Using JAXP provider [com.sun.org.apache.xerces.internal.jaxp.DocumentBuilderFactoryImpl]]
[2018-07-02 21:44:38.676] -- [TRACE] -- [main &gt;&gt;&gt;&gt; PluggableSchemaResolver.java:106 &gt;&gt;&gt;&gt; Method = resolveEntity] -- [Content = Trying to resolve XML entity with public id [null] and system id [http://www.springframework.org/schema/beans/spring-beans-4.2.xsd]]
[2018-07-02 21:44:38.677] -- [DEBUG] -- [main &gt;&gt;&gt;&gt; PluggableSchemaResolver.java:141 &gt;&gt;&gt;&gt; Method = getSchemaMappings] -- [Content = Loading schema mappings from [META-INF/spring.schemas]]
[2018-07-02 21:44:38.678] -- [DEBUG] -- [main &gt;&gt;&gt;&gt; PluggableSchemaResolver.java:147 &gt;&gt;&gt;&gt; Method = getSchemaMappings] -- [Content = Loaded schema mappings: {http://www.springframework.org/schema/tx/spring-tx-2.5.xsd=org/springframework/transaction/config/spring-tx-2.5.xsd, http://www.springframework.org/schema/cache/spring-cache-4.2.xsd=org/springframework/cache/config/spring-cache-4.2.xsd, http://www.springframework.org/schema/aop/spring-aop-4.1.xsd=org/springframework/aop/config/spring-aop-4.1.xsd, http://www.springframework.org/schema/context/spring-context-3.1.xsd=org/springframework/context/config/spring-context-3.1.xsd, http://www.springframework.org/schema/data/repository/spring-repository-1.4.xsd=org/springframework/data/repository/config/spring-repository-1.4.xsd, http://www.springframework.org/schema/jdbc/spring-jdbc-4.1.xsd=org/springframework/jdbc/config/spring-jdbc-4.1.xsd, http://www.springframework.org/schema/util/spring-util-3.0.xsd=org/springframework/beans/factory/xml/spring-util-3.0.xsd, http://www.springframework.org/schema/mvc/spring-mvc-4.1.xsd=org/springframework/web/servlet/config/spring-mvc-4.1.xsd, http://www.springframework.org/schema/data/jpa/spring-jpa.xsd=org/springframework/data/jpa/repository/config/spring-jpa-1.8.xsd, http://www.springframework.org/schema/aop/spring-aop-3.2.xsd=org/springframework/aop/config/spring-aop-3.2.xsd, http://www.springframework.org/schema/tool/spring-tool.xsd=org/springframework/beans/factory/xml/spring-tool-4.2.xsd, http://www.springframework.org/schema/lang/spring-lang-4.1.xsd=org/springframework/scripting/config/spring-lang-4.1.xsd, http://www.springframework.org/schema/context/spring-context-4.0.xsd=org/springframework/context/config/spring-context-4.0.xsd, http://www.springframework.org/schema/mvc/spring-mvc-3.2.xsd=org/springframework/web/servlet/config/spring-mvc-3.2.xsd, http://www.springframework.org/schema/beans/spring-beans-4.2.xsd=org/springframework/beans/factory/xml/spring-beans-4.2.xsd, http://www.springframework.org/schema/oxm/spring-oxm-3.0.xsd=org/springframework/oxm/config/spring-oxm-3.0.xsd, http://www.springframework.org/schema/tool/spring-tool-4.1.xsd=org/springframework/beans/factory/xml/spring-tool-4.1.xsd, http://www.springframework.org/schema/lang/spring-lang-3.2.xsd=org/springframework/scripting/config/spring-lang-3.2.xsd, http://www.springframework.org/schema/cache/spring-cache-3.2.xsd=org/springframework/cache/config/spring-cache-3.2.xsd, http://www.springframework.org/schema/jee/spring-jee-4.1.xsd=org/springframework/ejb/config/spring-jee-4.1.xsd, http://www.springframework.org/schema/jdbc/spring-jdbc-3.1.xsd=org/springframework/jdbc/config/spring-jdbc-3.1.xsd, http://www.springframework.org/schema/task/spring-task-4.2.xsd=org/springframework/scheduling/config/spring-task-4.2.xsd, http://www.springframework.org/schema/util/spring-util-2.0.xsd=org/springframework/beans/factory/xml/spring-util-2.0.xsd, http://www.springframework.org/schema/tool/spring-tool-3.2.xsd=org/springframework/beans/factory/xml/spring-tool-3.2.xsd, http://www.springframework.org/schema/context/spring-context.xsd=org/springframework/context/config/spring-context-4.2.xsd, http://www.springframework.org/schema/tx/spring-tx-4.2.xsd=org/springframework/transaction/config/spring-tx-4.2.xsd, http://www.springframework.org/schema/cache/spring-cache-4.1.xsd=org/springframework/cache/config/spring-cache-4.1.xsd, http://www.springframework.org/schema/aop/spring-aop-4.0.xsd=org/springframework/aop/config/spring-aop-4.0.xsd, http://www.springframework.org/schema/jee/spring-jee-3.2.xsd=org/springframework/ejb/config/spring-jee-3.2.xsd, http://www.springframework.org/schema/context/spring-context-3.0.xsd=org/springframework/context/config/spring-context-3.0.xsd, http://www.springframework.org/schema/jdbc/spring-jdbc-4.0.xsd=org/springframework/jdbc/config/spring-jdbc-4.0.xsd, http://www.springframework.org/schema/util/spring-util-2.5.xsd=org/springframework/beans/factory/xml/spring-util-2.5.xsd, http://www.springframework.org/schema/mvc/spring-mvc-4.0.xsd=org/springframework/web/servlet/config/spring-mvc-4.0.xsd, http://www.springframework.org/schema/beans/spring-beans-3.2.xsd=org/springframework/beans/factory/xml/spring-beans-3.2.xsd, http://www.springframework.org/schema/aop/spring-aop-3.1.xsd=org/springframework/aop/config/spring-aop-3.1.xsd, http://www.springframework.org/schema/lang/spring-lang-4.0.xsd=org/springframework/scripting/config/spring-lang-4.0.xsd, http://www.springframework.org/schema/data/repository/spring-repository-1.8.xsd=org/springframework/data/repository/config/spring-repository-1.8.xsd, http://www.springframework.org/schema/mvc/spring-mvc.xsd=org/springframework/web/servlet/config/spring-mvc-4.2.xsd, http://www.springframework.org/schema/mvc/spring-mvc-3.1.xsd=org/springframework/web/servlet/config/spring-mvc-3.1.xsd, http://www.springframework.org/schema/beans/spring-beans-4.1.xsd=org/springframework/beans/factory/xml/spring-beans-4.1.xsd, http://www.springframework.org/schema/tool/spring-tool-4.0.xsd=org/springframework/beans/factory/xml/spring-tool-4.0.xsd, http://www.springframework.org/schema/lang/spring-lang-3.1.xsd=org/springframework/scripting/config/spring-lang-3.1.xsd, http://www.springframework.org/schema/tx/spring-tx-3.2.xsd=org/springframework/transaction/config/spring-tx-3.2.xsd, http://www.springframework.org/schema/cache/spring-cache-3.1.xsd=org/springframework/cache/config/spring-cache-3.1.xsd, http://www.springframework.org/schema/jee/spring-jee-4.0.xsd=org/springframework/ejb/config/spring-jee-4.0.xsd, http://www.springframework.org/schema/jdbc/spring-jdbc-3.0.xsd=org/springframework/jdbc/config/spring-jdbc-3.0.xsd, http://www.springframework.org/schema/task/spring-task-4.1.xsd=org/springframework/scheduling/config/spring-task-4.1.xsd, http://www.springframework.org/schema/jdbc/spring-jdbc.xsd=org/springframework/jdbc/config/spring-jdbc-4.2.xsd, http://www.springframework.org/schema/tool/spring-tool-3.1.xsd=org/springframework/beans/factory/xml/spring-tool-3.1.xsd, http://www.springframework.org/schema/tx/spring-tx-4.1.xsd=org/springframework/transaction/config/spring-tx-4.1.xsd, http://www.springframework.org/schema/cache/spring-cache-4.0.xsd=org/springframework/cache/config/spring-cache-4.0.xsd, http://www.springframework.org/schema/jee/spring-jee-3.1.xsd=org/springframework/ejb/config/spring-jee-3.1.xsd, http://www.springframework.org/schema/task/spring-task-3.2.xsd=org/springframework/scheduling/config/spring-task-3.2.xsd, http://www.springframework.org/schema/util/spring-util-4.2.xsd=org/springframework/beans/factory/xml/spring-util-4.2.xsd, http://www.springframework.org/schema/beans/spring-beans-3.1.xsd=org/springframework/beans/factory/xml/spring-beans-3.1.xsd, http://www.springframework.org/schema/util/spring-util.xsd=org/springframework/beans/factory/xml/spring-util-4.2.xsd, http://www.springframework.org/schema/data/jpa/spring-jpa-1.3.xsd=org/springframework/data/jpa/repository/config/spring-jpa-1.3.xsd, http://www.springframework.org/schema/aop/spring-aop-3.0.xsd=org/springframework/aop/config/spring-aop-3.0.xsd, http://www.springframework.org/schema/data/repository/spring-repository.xsd=org/springframework/data/repository/config/spring-repository-1.11.xsd, http://www.springframework.org/schema/data/repository/spring-repository-1.7.xsd=org/springframework/data/repository/config/spring-repository-1.7.xsd, http://www.springframework.org/schema/mvc/spring-mvc-3.0.xsd=org/springframework/web/servlet/config/spring-mvc-3.0.xsd, http://www.springframework.org/schema/beans/spring-beans-4.0.xsd=org/springframework/beans/factory/xml/spring-beans-4.0.xsd, http://www.springframework.org/schema/oxm/spring-oxm-4.2.xsd=org/springframework/oxm/config/spring-oxm-4.2.xsd, http://www.springframework.org/schema/data/jpa/spring-jpa-1.8.xsd=org/springframework/data/jpa/repository/config/spring-jpa-1.8.xsd, http://www.springframework.org/schema/beans/spring-beans.xsd=org/springframework/beans/factory/xml/spring-beans-4.2.xsd, http://www.springframework.org/schema/lang/spring-lang-3.0.xsd=org/springframework/scripting/config/spring-lang-3.0.xsd, http://www.springframework.org/schema/tx/spring-tx-3.1.xsd=org/springframework/transaction/config/spring-tx-3.1.xsd, http://www.springframework.org/schema/context/spring-context-2.5.xsd=org/springframework/context/config/spring-context-2.5.xsd, http://www.springframework.org/schema/task/spring-task-4.0.xsd=org/springframework/scheduling/config/spring-task-4.0.xsd, http://www.springframework.org/schema/tool/spring-tool-3.0.xsd=org/springframework/beans/factory/xml/spring-tool-3.0.xsd, http://www.springframework.org/schema/tx/spring-tx-4.0.xsd=org/springframework/transaction/config/spring-tx-4.0.xsd, http://www.springframework.org/schema/aop/spring-aop-2.0.xsd=org/springframework/aop/config/spring-aop-2.0.xsd, http://www.springframework.org/schema/jee/spring-jee-3.0.xsd=org/springframework/ejb/config/spring-jee-3.0.xsd, http://www.springframework.org/schema/task/spring-task-3.1.xsd=org/springframework/scheduling/config/spring-task-3.1.xsd, http://www.springframework.org/schema/util/spring-util-4.1.xsd=org/springframework/beans/factory/xml/spring-util-4.1.xsd, http://www.springframework.org/schema/beans/spring-beans-3.0.xsd=org/springframework/beans/factory/xml/spring-beans-3.0.xsd, http://www.springframework.org/schema/data/jpa/spring-jpa-1.2.xsd=org/springframework/data/jpa/repository/config/spring-jpa-1.2.xsd, http://www.springframework.org/schema/jee/spring-jee.xsd=org/springframework/ejb/config/spring-jee-4.2.xsd, http://www.springframework.org/schema/aop/spring-aop-2.5.xsd=org/springframework/aop/config/spring-aop-2.5.xsd, http://www.springframework.org/schema/lang/spring-lang-2.0.xsd=org/springframework/scripting/config/spring-lang-2.0.xsd, http://www.springframework.org/schema/data/repository/spring-repository-1.6.xsd=org/springframework/data/repository/config/spring-repository-1.6.xsd, http://www.springframework.org/schema/oxm/spring-oxm.xsd=org/springframework/oxm/config/spring-oxm-4.2.xsd, http://www.springframework.org/schema/util/spring-util-3.2.xsd=org/springframework/beans/factory/xml/spring-util-3.2.xsd, http://www.springframework.org/schema/oxm/spring-oxm-4.1.xsd=org/springframework/oxm/config/spring-oxm-4.1.xsd, http://www.springframework.org/schema/task/spring-task.xsd=org/springframework/scheduling/config/spring-task-4.2.xsd, http://www.springframework.org/schema/tool/spring-tool-2.0.xsd=org/springframework/beans/factory/xml/spring-tool-2.0.xsd, http://www.springframework.org/schema/lang/spring-lang-2.5.xsd=org/springframework/scripting/config/spring-lang-2.5.xsd, http://www.springframework.org/schema/tx/spring-tx-3.0.xsd=org/springframework/transaction/config/spring-tx-3.0.xsd, http://www.springframework.org/schema/context/spring-context-4.2.xsd=org/springframework/context/config/spring-context-4.2.xsd, http://www.springframework.org/schema/jee/spring-jee-2.0.xsd=org/springframework/ejb/config/spring-jee-2.0.xsd, http://www.springframework.org/schema/oxm/spring-oxm-3.2.xsd=org/springframework/oxm/config/spring-oxm-3.2.xsd, http://www.springframework.org/schema/tool/spring-tool-2.5.xsd=org/springframework/beans/factory/xml/spring-tool-2.5.xsd, http://www.springframework.org/schema/jee/spring-jee-2.5.xsd=org/springframework/ejb/config/spring-jee-2.5.xsd, http://www.springframework.org/schema/data/repository/spring-repository-1.0.xsd=org/springframework/data/repository/config/spring-repository-1.0.xsd, http://www.springframework.org/schema/task/spring-task-3.0.xsd=org/springframework/scheduling/config/spring-task-3.0.xsd, http://www.springframework.org/schema/util/spring-util-4.0.xsd=org/springframework/beans/factory/xml/spring-util-4.0.xsd, http://www.springframework.org/schema/data/jpa/spring-jpa-1.1.xsd=org/springframework/data/jpa/repository/config/spring-jpa-1.1.xsd, http://www.springframework.org/schema/aop/spring-aop-4.2.xsd=org/springframework/aop/config/spring-aop-4.2.xsd, http://www.springframework.org/schema/lang/spring-lang.xsd=org/springframework/scripting/config/spring-lang-4.2.xsd, http://www.springframework.org/schema/context/spring-context-3.2.xsd=org/springframework/context/config/spring-context-3.2.xsd, http://www.springframework.org/schema/data/repository/spring-repository-1.5.xsd=org/springframework/data/repository/config/spring-repository-1.5.xsd, http://www.springframework.org/schema/jdbc/spring-jdbc-4.2.xsd=org/springframework/jdbc/config/spring-jdbc-4.2.xsd, http://www.springframework.org/schema/mvc/spring-mvc-4.2.xsd=org/springframework/web/servlet/config/spring-mvc-4.2.xsd, http://www.springframework.org/schema/util/spring-util-3.1.xsd=org/springframework/beans/factory/xml/spring-util-3.1.xsd, http://www.springframework.org/schema/beans/spring-beans-2.0.xsd=org/springframework/beans/factory/xml/spring-beans-2.0.xsd, http://www.springframework.org/schema/oxm/spring-oxm-4.0.xsd=org/springframework/oxm/config/spring-oxm-4.0.xsd, http://www.springframework.org/schema/cache/spring-cache.xsd=org/springframework/cache/config/spring-cache-4.2.xsd, http://www.springframework.org/schema/tx/spring-tx.xsd=org/springframework/transaction/config/spring-tx-4.2.xsd, http://www.springframework.org/schema/lang/spring-lang-4.2.xsd=org/springframework/scripting/config/spring-lang-4.2.xsd, http://www.springframework.org/schema/context/spring-context-4.1.xsd=org/springframework/context/config/spring-context-4.1.xsd, http://www.springframework.org/schema/beans/spring-beans-2.5.xsd=org/springframework/beans/factory/xml/spring-beans-2.5.xsd, http://www.springframework.org/schema/oxm/spring-oxm-3.1.xsd=org/springframework/oxm/config/spring-oxm-3.1.xsd, http://www.springframework.org/schema/tool/spring-tool-4.2.xsd=org/springframework/beans/factory/xml/spring-tool-4.2.xsd, http://www.springframework.org/schema/tx/spring-tx-2.0.xsd=org/springframework/transaction/config/spring-tx-2.0.xsd, http://www.springframework.org/schema/data/repository/spring-repository-1.11.xsd=org/springframework/data/repository/config/spring-repository-1.11.xsd, http://www.springframework.org/schema/jee/spring-jee-4.2.xsd=org/springframework/ejb/config/spring-jee-4.2.xsd, http://www.springframework.org/schema/jdbc/spring-jdbc-3.2.xsd=org/springframework/jdbc/config/spring-jdbc-3.2.xsd, http://www.springframework.org/schema/aop/spring-aop.xsd=org/springframework/aop/config/spring-aop-4.2.xsd, http://www.springframework.org/schema/data/jpa/spring-jpa-1.0.xsd=org/springframework/data/jpa/repository/config/spring-jpa-1.0.xsd}]
[2018-07-02 21:44:38.679] -- [DEBUG] -- [main &gt;&gt;&gt;&gt; PluggableSchemaResolver.java:119 &gt;&gt;&gt;&gt; Method = resolveEntity] -- [Content = Found XML schema [http://www.springframework.org/schema/beans/spring-beans-4.2.xsd] in classpath: org/springframework/beans/factory/xml/spring-beans-4.2.xsd]
[2018-07-02 21:44:38.683] -- [TRACE] -- [main &gt;&gt;&gt;&gt; PluggableSchemaResolver.java:106 &gt;&gt;&gt;&gt; Method = resolveEntity] -- [Content = Trying to resolve XML entity with public id [null] and system id [http://www.springframework.org/schema/context/spring-context-4.2.xsd]]
[2018-07-02 21:44:38.683] -- [DEBUG] -- [main &gt;&gt;&gt;&gt; PluggableSchemaResolver.java:119 &gt;&gt;&gt;&gt; Method = resolveEntity] -- [Content = Found XML schema [http://www.springframework.org/schema/context/spring-context-4.2.xsd] in classpath: org/springframework/context/config/spring-context-4.2.xsd]
[2018-07-02 21:44:38.684] -- [TRACE] -- [main &gt;&gt;&gt;&gt; PluggableSchemaResolver.java:106 &gt;&gt;&gt;&gt; Method = resolveEntity] -- [Content = Trying to resolve XML entity with public id [null] and system id [http://www.springframework.org/schema/tool/spring-tool-4.2.xsd]]
[2018-07-02 21:44:38.685] -- [DEBUG] -- [main &gt;&gt;&gt;&gt; PluggableSchemaResolver.java:119 &gt;&gt;&gt;&gt; Method = resolveEntity] -- [Content = Found XML schema [http://www.springframework.org/schema/tool/spring-tool-4.2.xsd] in classpath: org/springframework/beans/factory/xml/spring-tool-4.2.xsd]
[2018-07-02 21:44:38.686] -- [DEBUG] -- [main &gt;&gt;&gt;&gt; DefaultBeanDefinitionDocumentReader.java:92 &gt;&gt;&gt;&gt; Method = registerBeanDefinitions] -- [Content = Loading bean definitions]
[2018-07-02 21:44:38.688] -- [DEBUG] -- [main &gt;&gt;&gt;&gt; DefaultNamespaceHandlerResolver.java:157 &gt;&gt;&gt;&gt; Method = getHandlerMappings] -- [Content = Loaded NamespaceHandler mappings: {http://www.springframework.org/schema/p=org.springframework.beans.factory.xml.SimplePropertyNamespaceHandler, http://www.springframework.org/schema/mvc=org.springframework.web.servlet.config.MvcNamespaceHandler, http://www.springframework.org/schema/util=org.springframework.beans.factory.xml.UtilNamespaceHandler, http://www.springframework.org/schema/jee=org.springframework.ejb.config.JeeNamespaceHandler, http://www.springframework.org/schema/aop=org.springframework.aop.config.AopNamespaceHandler, http://www.springframework.org/schema/data/repository=org.springframework.data.repository.config.RepositoryNameSpaceHandler, http://www.springframework.org/schema/jdbc=org.springframework.jdbc.config.JdbcNamespaceHandler, http://www.springframework.org/schema/oxm=org.springframework.oxm.config.OxmNamespaceHandler, http://www.springframework.org/schema/data/jpa=org.springframework.data.jpa.repository.config.JpaRepositoryNameSpaceHandler, http://www.springframework.org/schema/cache=org.springframework.cache.config.CacheNamespaceHandler, http://www.springframework.org/schema/c=org.springframework.beans.factory.xml.SimpleConstructorNamespaceHandler, http://www.springframework.org/schema/tx=org.springframework.transaction.config.TxNamespaceHandler, http://www.springframework.org/schema/task=org.springframework.scheduling.config.TaskNamespaceHandler, http://www.springframework.org/schema/lang=org.springframework.scripting.config.LangNamespaceHandler, http://www.springframework.org/schema/data/keyvalue=org.springframework.data.keyvalue.repository.config.KeyValueRepositoryNameSpaceHandler, http://www.springframework.org/schema/context=org.springframework.context.config.ContextNamespaceHandler}]
[2018-07-02 21:44:38.689] -- [DEBUG] -- [main &gt;&gt;&gt;&gt; ClassPathScanningCandidateComponentProvider.java:244 &gt;&gt;&gt;&gt; Method = registerDefaultFilters] -- [Content = JSR-250 &apos;javax.annotation.ManagedBean&apos; found and supported for component scanning]
[2018-07-02 21:44:38.689] -- [DEBUG] -- [main &gt;&gt;&gt;&gt; ClassPathScanningCandidateComponentProvider.java:252 &gt;&gt;&gt;&gt; Method = registerDefaultFilters] -- [Content = JSR-330 &apos;javax.inject.Named&apos; annotation found and supported for component scanning]
[2018-07-02 21:44:38.689] -- [DEBUG] -- [main &gt;&gt;&gt;&gt; PathMatchingResourcePatternResolver.java:312 &gt;&gt;&gt;&gt; Method = findAllClassPathResources] -- [Content = Resolved classpath location [com/youmeek/] to resources [URL [file:/Users/xk1020/IdeaProjects/Basic-Single-Module-SSJPA/target/test-classes/com/youmeek/], URL [file:/Users/xk1020/IdeaProjects/Basic-Single-Module-SSJPA/target/classes/com/youmeek/]]]
[2018-07-02 21:44:38.690] -- [DEBUG] -- [main &gt;&gt;&gt;&gt; PathMatchingResourcePatternResolver.java:637 &gt;&gt;&gt;&gt; Method = doFindMatchingFileSystemResources] -- [Content = Looking for matching resources in directory tree [/Users/xk1020/IdeaProjects/Basic-Single-Module-SSJPA/target/test-classes/com/youmeek]]
[2018-07-02 21:44:38.690] -- [DEBUG] -- [main &gt;&gt;&gt;&gt; PathMatchingResourcePatternResolver.java:699 &gt;&gt;&gt;&gt; Method = doRetrieveMatchingFiles] -- [Content = Searching directory [/Users/xk1020/IdeaProjects/Basic-Single-Module-SSJPA/target/test-classes/com/youmeek] for files matching pattern [/Users/xk1020/IdeaProjects/Basic-Single-Module-SSJPA/target/test-classes/com/youmeek/**/service/**/*.class]]
[2018-07-02 21:44:38.691] -- [DEBUG] -- [main &gt;&gt;&gt;&gt; PathMatchingResourcePatternResolver.java:699 &gt;&gt;&gt;&gt; Method = doRetrieveMatchingFiles] -- [Content = Searching directory [/Users/xk1020/IdeaProjects/Basic-Single-Module-SSJPA/target/test-classes/com/youmeek/ssm] for files matching pattern [/Users/xk1020/IdeaProjects/Basic-Single-Module-SSJPA/target/test-classes/com/youmeek/**/service/**/*.class]]
[2018-07-02 21:44:38.691] -- [DEBUG] -- [main &gt;&gt;&gt;&gt; PathMatchingResourcePatternResolver.java:637 &gt;&gt;&gt;&gt; Method = doFindMatchingFileSystemResources] -- [Content = Looking for matching resources in directory tree [/Users/xk1020/IdeaProjects/Basic-Single-Module-SSJPA/target/classes/com/youmeek]]
[2018-07-02 21:44:38.691] -- [DEBUG] -- [main &gt;&gt;&gt;&gt; PathMatchingResourcePatternResolver.java:699 &gt;&gt;&gt;&gt; Method = doRetrieveMatchingFiles] -- [Content = Searching directory [/Users/xk1020/IdeaProjects/Basic-Single-Module-SSJPA/target/classes/com/youmeek] for files matching pattern [/Users/xk1020/IdeaProjects/Basic-Single-Module-SSJPA/target/classes/com/youmeek/**/service/**/*.class]]
[2018-07-02 21:44:38.692] -- [DEBUG] -- [main &gt;&gt;&gt;&gt; PathMatchingResourcePatternResolver.java:699 &gt;&gt;&gt;&gt; Method = doRetrieveMatchingFiles] -- [Content = Searching directory [/Users/xk1020/IdeaProjects/Basic-Single-Module-SSJPA/target/classes/com/youmeek/ssm] for files matching pattern [/Users/xk1020/IdeaProjects/Basic-Single-Module-SSJPA/target/classes/com/youmeek/**/service/**/*.class]]
[2018-07-02 21:44:38.692] -- [DEBUG] -- [main &gt;&gt;&gt;&gt; PathMatchingResourcePatternResolver.java:699 &gt;&gt;&gt;&gt; Method = doRetrieveMatchingFiles] -- [Content = Searching directory [/Users/xk1020/IdeaProjects/Basic-Single-Module-SSJPA/target/classes/com/youmeek/ssm/module] for files matching pattern [/Users/xk1020/IdeaProjects/Basic-Single-Module-SSJPA/target/classes/com/youmeek/**/service/**/*.class]]
[2018-07-02 21:44:38.692] -- [DEBUG] -- [main &gt;&gt;&gt;&gt; PathMatchingResourcePatternResolver.java:699 &gt;&gt;&gt;&gt; Method = doRetrieveMatchingFiles] -- [Content = Searching directory [/Users/xk1020/IdeaProjects/Basic-Single-Module-SSJPA/target/classes/com/youmeek/ssm/module/user] for files matching pattern [/Users/xk1020/IdeaProjects/Basic-Single-Module-SSJPA/target/classes/com/youmeek/**/service/**/*.class]]
[2018-07-02 21:44:38.692] -- [DEBUG] -- [main &gt;&gt;&gt;&gt; PathMatchingResourcePatternResolver.java:699 &gt;&gt;&gt;&gt; Method = doRetrieveMatchingFiles] -- [Content = Searching directory [/Users/xk1020/IdeaProjects/Basic-Single-Module-SSJPA/target/classes/com/youmeek/ssm/module/user/dao] for files matching pattern [/Users/xk1020/IdeaProjects/Basic-Single-Module-SSJPA/target/classes/com/youmeek/**/service/**/*.class]]
[2018-07-02 21:44:38.692] -- [DEBUG] -- [main &gt;&gt;&gt;&gt; PathMatchingResourcePatternResolver.java:699 &gt;&gt;&gt;&gt; Method = doRetrieveMatchingFiles] -- [Content = Searching directory [/Users/xk1020/IdeaProjects/Basic-Single-Module-SSJPA/target/classes/com/youmeek/ssm/module/user/controller] for files matching pattern [/Users/xk1020/IdeaProjects/Basic-Single-Module-SSJPA/target/classes/com/youmeek/**/service/**/*.class]]
[2018-07-02 21:44:38.693] -- [DEBUG] -- [main &gt;&gt;&gt;&gt; PathMatchingResourcePatternResolver.java:699 &gt;&gt;&gt;&gt; Method = doRetrieveMatchingFiles] -- [Content = Searching directory [/Users/xk1020/IdeaProjects/Basic-Single-Module-SSJPA/target/classes/com/youmeek/ssm/module/user/service] for files matching pattern [/Users/xk1020/IdeaProjects/Basic-Single-Module-SSJPA/target/classes/com/youmeek/**/service/**/*.class]]
[2018-07-02 21:44:38.693] -- [DEBUG] -- [main &gt;&gt;&gt;&gt; PathMatchingResourcePatternResolver.java:699 &gt;&gt;&gt;&gt; Method = doRetrieveMatchingFiles] -- [Content = Searching directory [/Users/xk1020/IdeaProjects/Basic-Single-Module-SSJPA/target/classes/com/youmeek/ssm/module/user/service/impl] for files matching pattern [/Users/xk1020/IdeaProjects/Basic-Single-Module-SSJPA/target/classes/com/youmeek/**/service/**/*.class]]
[2018-07-02 21:44:38.693] -- [DEBUG] -- [main &gt;&gt;&gt;&gt; PathMatchingResourcePatternResolver.java:699 &gt;&gt;&gt;&gt; Method = doRetrieveMatchingFiles] -- [Content = Searching directory [/Users/xk1020/IdeaProjects/Basic-Single-Module-SSJPA/target/classes/com/youmeek/ssm/module/user/pojo] for files matching pattern [/Users/xk1020/IdeaProjects/Basic-Single-Module-SSJPA/target/classes/com/youmeek/**/service/**/*.class]]
[2018-07-02 21:44:38.694] -- [DEBUG] -- [main &gt;&gt;&gt;&gt; PathMatchingResourcePatternResolver.java:699 &gt;&gt;&gt;&gt; Method = doRetrieveMatchingFiles] -- [Content = Searching directory [/Users/xk1020/IdeaProjects/Basic-Single-Module-SSJPA/target/classes/com/youmeek/ssm/aop] for files matching pattern [/Users/xk1020/IdeaProjects/Basic-Single-Module-SSJPA/target/classes/com/youmeek/**/service/**/*.class]]
[2018-07-02 21:44:38.694] -- [DEBUG] -- [main &gt;&gt;&gt;&gt; PathMatchingResourcePatternResolver.java:699 &gt;&gt;&gt;&gt; Method = doRetrieveMatchingFiles] -- [Content = Searching directory [/Users/xk1020/IdeaProjects/Basic-Single-Module-SSJPA/target/classes/com/youmeek/ssm/aop/log] for files matching pattern [/Users/xk1020/IdeaProjects/Basic-Single-Module-SSJPA/target/classes/com/youmeek/**/service/**/*.class]]
[2018-07-02 21:44:38.694] -- [DEBUG] -- [main &gt;&gt;&gt;&gt; PathMatchingResourcePatternResolver.java:699 &gt;&gt;&gt;&gt; Method = doRetrieveMatchingFiles] -- [Content = Searching directory [/Users/xk1020/IdeaProjects/Basic-Single-Module-SSJPA/target/classes/com/youmeek/ssm/interceptor] for files matching pattern [/Users/xk1020/IdeaProjects/Basic-Single-Module-SSJPA/target/classes/com/youmeek/**/service/**/*.class]]
[2018-07-02 21:44:38.694] -- [DEBUG] -- [main &gt;&gt;&gt;&gt; PathMatchingResourcePatternResolver.java:430 &gt;&gt;&gt;&gt; Method = findPathMatchingResources] -- [Content = Resolved location pattern [classpath*:com/youmeek/**/service/**/*.class] to resources [file [/Users/xk1020/IdeaProjects/Basic-Single-Module-SSJPA/target/classes/com/youmeek/ssm/module/user/service/impl/SysUserServiceImpl.class], file [/Users/xk1020/IdeaProjects/Basic-Single-Module-SSJPA/target/classes/com/youmeek/ssm/module/user/service/SysUserService.class]]]
[2018-07-02 21:44:38.695] -- [TRACE] -- [main &gt;&gt;&gt;&gt; ClassPathScanningCandidateComponentProvider.java:275 &gt;&gt;&gt;&gt; Method = findCandidateComponents] -- [Content = Scanning file [/Users/xk1020/IdeaProjects/Basic-Single-Module-SSJPA/target/classes/com/youmeek/ssm/module/user/service/impl/SysUserServiceImpl.class]]
[2018-07-02 21:44:38.695] -- [DEBUG] -- [main &gt;&gt;&gt;&gt; ClassPathScanningCandidateComponentProvider.java:286 &gt;&gt;&gt;&gt; Method = findCandidateComponents] -- [Content = Identified candidate component class: file [/Users/xk1020/IdeaProjects/Basic-Single-Module-SSJPA/target/classes/com/youmeek/ssm/module/user/service/impl/SysUserServiceImpl.class]]
[2018-07-02 21:44:38.695] -- [TRACE] -- [main &gt;&gt;&gt;&gt; ClassPathScanningCandidateComponentProvider.java:275 &gt;&gt;&gt;&gt; Method = findCandidateComponents] -- [Content = Scanning file [/Users/xk1020/IdeaProjects/Basic-Single-Module-SSJPA/target/classes/com/youmeek/ssm/module/user/service/SysUserService.class]]
[2018-07-02 21:44:38.696] -- [TRACE] -- [main &gt;&gt;&gt;&gt; ClassPathScanningCandidateComponentProvider.java:298 &gt;&gt;&gt;&gt; Method = findCandidateComponents] -- [Content = Ignored because not matching any filter: file [/Users/xk1020/IdeaProjects/Basic-Single-Module-SSJPA/target/classes/com/youmeek/ssm/module/user/service/SysUserService.class]]
[2018-07-02 21:44:38.696] -- [INFO] -- [main &gt;&gt;&gt;&gt; XmlBeanDefinitionReader.java:317 &gt;&gt;&gt;&gt; Method = loadBeanDefinitions] -- [Content = Loading XML bean definitions from file [/Users/xk1020/IdeaProjects/Basic-Single-Module-SSJPA/target/classes/spring/applicationContext-dataSource.xml]]
[2018-07-02 21:44:38.697] -- [DEBUG] -- [main &gt;&gt;&gt;&gt; DefaultDocumentLoader.java:73 &gt;&gt;&gt;&gt; Method = loadDocument] -- [Content = Using JAXP provider [com.sun.org.apache.xerces.internal.jaxp.DocumentBuilderFactoryImpl]]
[2018-07-02 21:44:38.698] -- [TRACE] -- [main &gt;&gt;&gt;&gt; PluggableSchemaResolver.java:106 &gt;&gt;&gt;&gt; Method = resolveEntity] -- [Content = Trying to resolve XML entity with public id [null] and system id [http://www.springframework.org/schema/beans/spring-beans-4.2.xsd]]
[2018-07-02 21:44:38.698] -- [DEBUG] -- [main &gt;&gt;&gt;&gt; PluggableSchemaResolver.java:119 &gt;&gt;&gt;&gt; Method = resolveEntity] -- [Content = Found XML schema [http://www.springframework.org/schema/beans/spring-beans-4.2.xsd] in classpath: org/springframework/beans/factory/xml/spring-beans-4.2.xsd]
[2018-07-02 21:44:38.701] -- [DEBUG] -- [main &gt;&gt;&gt;&gt; DefaultBeanDefinitionDocumentReader.java:92 &gt;&gt;&gt;&gt; Method = registerBeanDefinitions] -- [Content = Loading bean definitions]
[2018-07-02 21:44:38.702] -- [INFO] -- [main &gt;&gt;&gt;&gt; XmlBeanDefinitionReader.java:317 &gt;&gt;&gt;&gt; Method = loadBeanDefinitions] -- [Content = Loading XML bean definitions from file [/Users/xk1020/IdeaProjects/Basic-Single-Module-SSJPA/target/classes/spring/applicationContext-transaction.xml]]
[2018-07-02 21:44:38.703] -- [DEBUG] -- [main &gt;&gt;&gt;&gt; DefaultDocumentLoader.java:73 &gt;&gt;&gt;&gt; Method = loadDocument] -- [Content = Using JAXP provider [com.sun.org.apache.xerces.internal.jaxp.DocumentBuilderFactoryImpl]]
[2018-07-02 21:44:38.704] -- [TRACE] -- [main &gt;&gt;&gt;&gt; PluggableSchemaResolver.java:106 &gt;&gt;&gt;&gt; Method = resolveEntity] -- [Content = Trying to resolve XML entity with public id [null] and system id [http://www.springframework.org/schema/beans/spring-beans-4.2.xsd]]
[2018-07-02 21:44:38.704] -- [DEBUG] -- [main &gt;&gt;&gt;&gt; PluggableSchemaResolver.java:119 &gt;&gt;&gt;&gt; Method = resolveEntity] -- [Content = Found XML schema [http://www.springframework.org/schema/beans/spring-beans-4.2.xsd] in classpath: org/springframework/beans/factory/xml/spring-beans-4.2.xsd]
[2018-07-02 21:44:38.707] -- [TRACE] -- [main &gt;&gt;&gt;&gt; PluggableSchemaResolver.java:106 &gt;&gt;&gt;&gt; Method = resolveEntity] -- [Content = Trying to resolve XML entity with public id [null] and system id [http://www.springframework.org/schema/aop/spring-aop-4.2.xsd]]
[2018-07-02 21:44:38.708] -- [DEBUG] -- [main &gt;&gt;&gt;&gt; PluggableSchemaResolver.java:119 &gt;&gt;&gt;&gt; Method = resolveEntity] -- [Content = Found XML schema [http://www.springframework.org/schema/aop/spring-aop-4.2.xsd] in classpath: org/springframework/aop/config/spring-aop-4.2.xsd]
[2018-07-02 21:44:38.709] -- [TRACE] -- [main &gt;&gt;&gt;&gt; PluggableSchemaResolver.java:106 &gt;&gt;&gt;&gt; Method = resolveEntity] -- [Content = Trying to resolve XML entity with public id [null] and system id [http://www.springframework.org/schema/tool/spring-tool-4.2.xsd]]
[2018-07-02 21:44:38.709] -- [DEBUG] -- [main &gt;&gt;&gt;&gt; PluggableSchemaResolver.java:119 &gt;&gt;&gt;&gt; Method = resolveEntity] -- [Content = Found XML schema [http://www.springframework.org/schema/tool/spring-tool-4.2.xsd] in classpath: org/springframework/beans/factory/xml/spring-tool-4.2.xsd]
[2018-07-02 21:44:38.710] -- [TRACE] -- [main &gt;&gt;&gt;&gt; PluggableSchemaResolver.java:106 &gt;&gt;&gt;&gt; Method = resolveEntity] -- [Content = Trying to resolve XML entity with public id [null] and system id [http://www.springframework.org/schema/tx/spring-tx-4.2.xsd]]
[2018-07-02 21:44:38.711] -- [DEBUG] -- [main &gt;&gt;&gt;&gt; PluggableSchemaResolver.java:119 &gt;&gt;&gt;&gt; Method = resolveEntity] -- [Content = Found XML schema [http://www.springframework.org/schema/tx/spring-tx-4.2.xsd] in classpath: org/springframework/transaction/config/spring-tx-4.2.xsd]
[2018-07-02 21:44:38.713] -- [DEBUG] -- [main &gt;&gt;&gt;&gt; DefaultBeanDefinitionDocumentReader.java:92 &gt;&gt;&gt;&gt; Method = registerBeanDefinitions] -- [Content = Loading bean definitions]
[2018-07-02 21:44:38.714] -- [INFO] -- [main &gt;&gt;&gt;&gt; XmlBeanDefinitionReader.java:317 &gt;&gt;&gt;&gt; Method = loadBeanDefinitions] -- [Content = Loading XML bean definitions from file [/Users/xk1020/IdeaProjects/Basic-Single-Module-SSJPA/target/classes/spring/applicationContext-jpa.xml]]
[2018-07-02 21:44:38.715] -- [DEBUG] -- [main &gt;&gt;&gt;&gt; DefaultDocumentLoader.java:73 &gt;&gt;&gt;&gt; Method = loadDocument] -- [Content = Using JAXP provider [com.sun.org.apache.xerces.internal.jaxp.DocumentBuilderFactoryImpl]]
[2018-07-02 21:44:38.716] -- [TRACE] -- [main &gt;&gt;&gt;&gt; PluggableSchemaResolver.java:106 &gt;&gt;&gt;&gt; Method = resolveEntity] -- [Content = Trying to resolve XML entity with public id [null] and system id [http://www.springframework.org/schema/beans/spring-beans-4.2.xsd]]
[2018-07-02 21:44:38.721] -- [DEBUG] -- [main &gt;&gt;&gt;&gt; PluggableSchemaResolver.java:119 &gt;&gt;&gt;&gt; Method = resolveEntity] -- [Content = Found XML schema [http://www.springframework.org/schema/beans/spring-beans-4.2.xsd] in classpath: org/springframework/beans/factory/xml/spring-beans-4.2.xsd]
[2018-07-02 21:44:38.725] -- [TRACE] -- [main &gt;&gt;&gt;&gt; PluggableSchemaResolver.java:106 &gt;&gt;&gt;&gt; Method = resolveEntity] -- [Content = Trying to resolve XML entity with public id [null] and system id [http://www.springframework.org/schema/data/jpa/spring-jpa.xsd]]
[2018-07-02 21:44:38.725] -- [DEBUG] -- [main &gt;&gt;&gt;&gt; PluggableSchemaResolver.java:119 &gt;&gt;&gt;&gt; Method = resolveEntity] -- [Content = Found XML schema [http://www.springframework.org/schema/data/jpa/spring-jpa.xsd] in classpath: org/springframework/data/jpa/repository/config/spring-jpa-1.8.xsd]
[2018-07-02 21:44:38.726] -- [TRACE] -- [main &gt;&gt;&gt;&gt; PluggableSchemaResolver.java:106 &gt;&gt;&gt;&gt; Method = resolveEntity] -- [Content = Trying to resolve XML entity with public id [null] and system id [http://www.springframework.org/schema/data/repository/spring-repository.xsd]]
[2018-07-02 21:44:38.726] -- [DEBUG] -- [main &gt;&gt;&gt;&gt; PluggableSchemaResolver.java:119 &gt;&gt;&gt;&gt; Method = resolveEntity] -- [Content = Found XML schema [http://www.springframework.org/schema/data/repository/spring-repository.xsd] in classpath: org/springframework/data/repository/config/spring-repository-1.11.xsd]
[2018-07-02 21:44:38.727] -- [TRACE] -- [main &gt;&gt;&gt;&gt; PluggableSchemaResolver.java:106 &gt;&gt;&gt;&gt; Method = resolveEntity] -- [Content = Trying to resolve XML entity with public id [null] and system id [http://www.springframework.org/schema/context/spring-context.xsd]]
[2018-07-02 21:44:38.728] -- [DEBUG] -- [main &gt;&gt;&gt;&gt; PluggableSchemaResolver.java:119 &gt;&gt;&gt;&gt; Method = resolveEntity] -- [Content = Found XML schema [http://www.springframework.org/schema/context/spring-context.xsd] in classpath: org/springframework/context/config/spring-context-4.2.xsd]
[2018-07-02 21:44:38.729] -- [TRACE] -- [main &gt;&gt;&gt;&gt; PluggableSchemaResolver.java:106 &gt;&gt;&gt;&gt; Method = resolveEntity] -- [Content = Trying to resolve XML entity with public id [null] and system id [http://www.springframework.org/schema/tool/spring-tool-4.2.xsd]]
[2018-07-02 21:44:38.729] -- [DEBUG] -- [main &gt;&gt;&gt;&gt; PluggableSchemaResolver.java:119 &gt;&gt;&gt;&gt; Method = resolveEntity] -- [Content = Found XML schema [http://www.springframework.org/schema/tool/spring-tool-4.2.xsd] in classpath: org/springframework/beans/factory/xml/spring-tool-4.2.xsd]
[2018-07-02 21:44:38.731] -- [DEBUG] -- [main &gt;&gt;&gt;&gt; DefaultBeanDefinitionDocumentReader.java:92 &gt;&gt;&gt;&gt; Method = registerBeanDefinitions] -- [Content = Loading bean definitions]
[2018-07-02 21:44:38.732] -- [DEBUG] -- [main &gt;&gt;&gt;&gt; BeanDefinitionParserDelegate.java:481 &gt;&gt;&gt;&gt; Method = parseBeanDefinitionElement] -- [Content = Neither XML &apos;id&apos; nor &apos;name&apos; specified - using generated bean name [org.springframework.orm.jpa.vendor.HibernateJpaDialect#320e400]]
[2018-07-02 21:44:38.732] -- [DEBUG] -- [main &gt;&gt;&gt;&gt; MutablePropertySources.java:109 &gt;&gt;&gt;&gt; Method = addLast] -- [Content = Adding [systemProperties] PropertySource with lowest search precedence]
[2018-07-02 21:44:38.733] -- [DEBUG] -- [main &gt;&gt;&gt;&gt; MutablePropertySources.java:109 &gt;&gt;&gt;&gt; Method = addLast] -- [Content = Adding [systemEnvironment] PropertySource with lowest search precedence]
[2018-07-02 21:44:38.733] -- [DEBUG] -- [main &gt;&gt;&gt;&gt; AbstractEnvironment.java:127 &gt;&gt;&gt;&gt; Method = &lt;init&gt;] -- [Content = Initialized StandardEnvironment with PropertySources [systemProperties,systemEnvironment]]
[2018-07-02 21:44:38.733] -- [DEBUG] -- [main &gt;&gt;&gt;&gt; PathMatchingResourcePatternResolver.java:312 &gt;&gt;&gt;&gt; Method = findAllClassPathResources] -- [Content = Resolved classpath location [org/springframework/data/] to resources [URL [jar:file:/Users/xk1020/.m2/repository/org/springframework/data/spring-data-jpa/1.10.1.RELEASE/spring-data-jpa-1.10.1.RELEASE.jar!/org/springframework/data/], URL [jar:file:/Users/xk1020/.m2/repository/org/springframework/data/spring-data-commons/1.12.1.RELEASE/spring-data-commons-1.12.1.RELEASE.jar!/org/springframework/data/]]]
[2018-07-02 21:44:38.734] -- [DEBUG] -- [main &gt;&gt;&gt;&gt; PathMatchingResourcePatternResolver.java:551 &gt;&gt;&gt;&gt; Method = doFindPathMatchingJarResources] -- [Content = Looking for matching resources in jar file [file:/Users/xk1020/.m2/repository/org/springframework/data/spring-data-jpa/1.10.1.RELEASE/spring-data-jpa-1.10.1.RELEASE.jar]]
[2018-07-02 21:44:38.735] -- [DEBUG] -- [main &gt;&gt;&gt;&gt; PathMatchingResourcePatternResolver.java:551 &gt;&gt;&gt;&gt; Method = doFindPathMatchingJarResources] -- [Content = Looking for matching resources in jar file [file:/Users/xk1020/.m2/repository/org/springframework/data/spring-data-commons/1.12.1.RELEASE/spring-data-commons-1.12.1.RELEASE.jar]]
[2018-07-02 21:44:38.737] -- [DEBUG] -- [main &gt;&gt;&gt;&gt; PathMatchingResourcePatternResolver.java:430 &gt;&gt;&gt;&gt; Method = findPathMatchingResources] -- [Content = Resolved location pattern [classpath*:org/springframework/data/**/repository/support/**/*.class] to resources [URL [jar:file:/Users/xk1020/.m2/repository/org/springframework/data/spring-data-jpa/1.10.1.RELEASE/spring-data-jpa-1.10.1.RELEASE.jar!/org/springframework/data/jpa/repository/support/CrudMethodMetadata.class], URL [jar:file:/Users/xk1020/.m2/repository/org/springframework/data/spring-data-jpa/1.10.1.RELEASE/spring-data-jpa-1.10.1.RELEASE.jar!/org/springframework/data/jpa/repository/support/CrudMethodMetadataPostProcessor$1.class], URL [jar:file:/Users/xk1020/.m2/repository/org/springframework/data/spring-data-jpa/1.10.1.RELEASE/spring-data-jpa-1.10.1.RELEASE.jar!/org/springframework/data/jpa/repository/support/CrudMethodMetadataPostProcessor$CrudMethodMetadataPopulatingMethodInterceptor.class], URL [jar:file:/Users/xk1020/.m2/repository/org/springframework/data/spring-data-jpa/1.10.1.RELEASE/spring-data-jpa-1.10.1.RELEASE.jar!/org/springframework/data/jpa/repository/support/CrudMethodMetadataPostProcessor$DefaultCrudMethodMetadata.class], URL [jar:file:/Users/xk1020/.m2/repository/org/springframework/data/spring-data-jpa/1.10.1.RELEASE/spring-data-jpa-1.10.1.RELEASE.jar!/org/springframework/data/jpa/repository/support/CrudMethodMetadataPostProcessor$ThreadBoundTargetSource.class], URL [jar:file:/Users/xk1020/.m2/repository/org/springframework/data/spring-data-jpa/1.10.1.RELEASE/spring-data-jpa-1.10.1.RELEASE.jar!/org/springframework/data/jpa/repository/support/CrudMethodMetadataPostProcessor.class], URL [jar:file:/Users/xk1020/.m2/repository/org/springframework/data/spring-data-jpa/1.10.1.RELEASE/spring-data-jpa-1.10.1.RELEASE.jar!/org/springframework/data/jpa/repository/support/DefaultJpaContext.class], URL [jar:file:/Users/xk1020/.m2/repository/org/springframework/data/spring-data-jpa/1.10.1.RELEASE/spring-data-jpa-1.10.1.RELEASE.jar!/org/springframework/data/jpa/repository/support/EntityManagerBeanDefinitionRegistrarPostProcessor.class], URL [jar:file:/Users/xk1020/.m2/repository/org/springframework/data/spring-data-jpa/1.10.1.RELEASE/spring-data-jpa-1.10.1.RELEASE.jar!/org/springframework/data/jpa/repository/support/JpaEntityInformation.class], URL [jar:file:/Users/xk1020/.m2/repository/org/springframework/data/spring-data-jpa/1.10.1.RELEASE/spring-data-jpa-1.10.1.RELEASE.jar!/org/springframework/data/jpa/repository/support/JpaEntityInformationSupport.class], URL [jar:file:/Users/xk1020/.m2/repository/org/springframework/data/spring-data-jpa/1.10.1.RELEASE/spring-data-jpa-1.10.1.RELEASE.jar!/org/springframework/data/jpa/repository/support/JpaMetamodelEntityInformation$IdentifierDerivingDirectFieldAccessFallbackBeanWrapper.class], URL [jar:file:/Users/xk1020/.m2/repository/org/springframework/data/spring-data-jpa/1.10.1.RELEASE/spring-data-jpa-1.10.1.RELEASE.jar!/org/springframework/data/jpa/repository/support/JpaMetamodelEntityInformation$IdMetadata.class], URL [jar:file:/Users/xk1020/.m2/repository/org/springframework/data/spring-data-jpa/1.10.1.RELEASE/spring-data-jpa-1.10.1.RELEASE.jar!/org/springframework/data/jpa/repository/support/JpaMetamodelEntityInformation.class], URL [jar:file:/Users/xk1020/.m2/repository/org/springframework/data/spring-data-jpa/1.10.1.RELEASE/spring-data-jpa-1.10.1.RELEASE.jar!/org/springframework/data/jpa/repository/support/JpaPersistableEntityInformation.class], URL [jar:file:/Users/xk1020/.m2/repository/org/springframework/data/spring-data-jpa/1.10.1.RELEASE/spring-data-jpa-1.10.1.RELEASE.jar!/org/springframework/data/jpa/repository/support/JpaRepositoryFactory.class], URL [jar:file:/Users/xk1020/.m2/repository/org/springframework/data/spring-data-jpa/1.10.1.RELEASE/spring-data-jpa-1.10.1.RELEASE.jar!/org/springframework/data/jpa/repository/support/JpaRepositoryFactoryBean.class], URL [jar:file:/Users/xk1020/.m2/repository/org/springframework/data/spring-data-jpa/1.10.1.RELEASE/spring-data-jpa-1.10.1.RELEASE.jar!/org/springframework/data/jpa/repository/support/Querydsl$1.class], URL [jar:file:/Users/xk1020/.m2/repository/org/springframework/data/spring-data-jpa/1.10.1.RELEASE/spring-data-jpa-1.10.1.RELEASE.jar!/org/springframework/data/jpa/repository/support/Querydsl.class], URL [jar:file:/Users/xk1020/.m2/repository/org/springframework/data/spring-data-jpa/1.10.1.RELEASE/spring-data-jpa-1.10.1.RELEASE.jar!/org/springframework/data/jpa/repository/support/QueryDslJpaRepository.class], URL [jar:file:/Users/xk1020/.m2/repository/org/springframework/data/spring-data-jpa/1.10.1.RELEASE/spring-data-jpa-1.10.1.RELEASE.jar!/org/springframework/data/jpa/repository/support/QueryDslRepositorySupport.class], URL [jar:file:/Users/xk1020/.m2/repository/org/springframework/data/spring-data-jpa/1.10.1.RELEASE/spring-data-jpa-1.10.1.RELEASE.jar!/org/springframework/data/jpa/repository/support/SimpleJpaRepository$ByIdsSpecification.class], URL [jar:file:/Users/xk1020/.m2/repository/org/springframework/data/spring-data-jpa/1.10.1.RELEASE/spring-data-jpa-1.10.1.RELEASE.jar!/org/springframework/data/jpa/repository/support/SimpleJpaRepository$ExampleSpecification.class], URL [jar:file:/Users/xk1020/.m2/repository/org/springframework/data/spring-data-jpa/1.10.1.RELEASE/spring-data-jpa-1.10.1.RELEASE.jar!/org/springframework/data/jpa/repository/support/SimpleJpaRepository.class], URL [jar:file:/Users/xk1020/.m2/repository/org/springframework/data/spring-data-commons/1.12.1.RELEASE/spring-data-commons-1.12.1.RELEASE.jar!/org/springframework/data/repository/support/AnnotationAttribute.class], URL [jar:file:/Users/xk1020/.m2/repository/org/springframework/data/spring-data-commons/1.12.1.RELEASE/spring-data-commons-1.12.1.RELEASE.jar!/org/springframework/data/repository/support/CrudRepositoryInvoker.class], URL [jar:file:/Users/xk1020/.m2/repository/org/springframework/data/spring-data-commons/1.12.1.RELEASE/spring-data-commons-1.12.1.RELEASE.jar!/org/springframework/data/repository/support/DefaultRepositoryInvokerFactory.class], URL [jar:file:/Users/xk1020/.m2/repository/org/springframework/data/spring-data-commons/1.12.1.RELEASE/spring-data-commons-1.12.1.RELEASE.jar!/org/springframework/data/repository/support/DomainClassConverter$1.class], URL [jar:file:/Users/xk1020/.m2/repository/org/springframework/data/spring-data-commons/1.12.1.RELEASE/spring-data-commons-1.12.1.RELEASE.jar!/org/springframework/data/repository/support/DomainClassConverter$ConversionMatchAbbreviationException.class], URL [jar:file:/Users/xk1020/.m2/repository/org/springframework/data/spring-data-commons/1.12.1.RELEASE/spring-data-commons-1.12.1.RELEASE.jar!/org/springframework/data/repository/support/DomainClassConverter$ToEntityConverter.class], URL [jar:file:/Users/xk1020/.m2/repository/org/springframework/data/spring-data-commons/1.12.1.RELEASE/spring-data-commons-1.12.1.RELEASE.jar!/org/springframework/data/repository/support/DomainClassConverter$ToIdConverter.class], URL [jar:file:/Users/xk1020/.m2/repository/org/springframework/data/spring-data-commons/1.12.1.RELEASE/spring-data-commons-1.12.1.RELEASE.jar!/org/springframework/data/repository/support/DomainClassConverter.class], URL [jar:file:/Users/xk1020/.m2/repository/org/springframework/data/spring-data-commons/1.12.1.RELEASE/spring-data-commons-1.12.1.RELEASE.jar!/org/springframework/data/repository/support/DomainClassPropertyEditor.class], URL [jar:file:/Users/xk1020/.m2/repository/org/springframework/data/spring-data-commons/1.12.1.RELEASE/spring-data-commons-1.12.1.RELEASE.jar!/org/springframework/data/repository/support/DomainClassPropertyEditorRegistrar.class], URL [jar:file:/Users/xk1020/.m2/repository/org/springframework/data/spring-data-commons/1.12.1.RELEASE/spring-data-commons-1.12.1.RELEASE.jar!/org/springframework/data/repository/support/MethodParameters$AnnotationNamingMethodParameter.class], URL [jar:file:/Users/xk1020/.m2/repository/org/springframework/data/spring-data-commons/1.12.1.RELEASE/spring-data-commons-1.12.1.RELEASE.jar!/org/springframework/data/repository/support/MethodParameters.class], URL [jar:file:/Users/xk1020/.m2/repository/org/springframework/data/spring-data-commons/1.12.1.RELEASE/spring-data-commons-1.12.1.RELEASE.jar!/org/springframework/data/repository/support/PagingAndSortingRepositoryInvoker.class], URL [jar:file:/Users/xk1020/.m2/repository/org/springframework/data/spring-data-commons/1.12.1.RELEASE/spring-data-commons-1.12.1.RELEASE.jar!/org/springframework/data/repository/support/QueryMethodParameterConversionException.class], URL [jar:file:/Users/xk1020/.m2/repository/org/springframework/data/spring-data-commons/1.12.1.RELEASE/spring-data-commons-1.12.1.RELEASE.jar!/org/springframework/data/repository/support/ReflectionRepositoryInvoker.class], URL [jar:file:/Users/xk1020/.m2/repository/org/springframework/data/spring-data-commons/1.12.1.RELEASE/spring-data-commons-1.12.1.RELEASE.jar!/org/springframework/data/repository/support/Repositories$EmptyRepositoryFactoryInformation.class], URL [jar:file:/Users/xk1020/.m2/repository/org/springframework/data/spring-data-commons/1.12.1.RELEASE/spring-data-commons-1.12.1.RELEASE.jar!/org/springframework/data/repository/support/Repositories.class], URL [jar:file:/Users/xk1020/.m2/repository/org/springframework/data/spring-data-commons/1.12.1.RELEASE/spring-data-commons-1.12.1.RELEASE.jar!/org/springframework/data/repository/support/RepositoryInvocationInformation.class], URL [jar:file:/Users/xk1020/.m2/repository/org/springframework/data/spring-data-commons/1.12.1.RELEASE/spring-data-commons-1.12.1.RELEASE.jar!/org/springframework/data/repository/support/RepositoryInvoker.class], URL [jar:file:/Users/xk1020/.m2/repository/org/springframework/data/spring-data-commons/1.12.1.RELEASE/spring-data-commons-1.12.1.RELEASE.jar!/org/springframework/data/repository/support/RepositoryInvokerFactory.class]]]
[2018-07-02 21:44:38.738] -- [TRACE] -- [main &gt;&gt;&gt;&gt; ClassPathScanningCandidateComponentProvider.java:275 &gt;&gt;&gt;&gt; Method = findCandidateComponents] -- [Content = Scanning URL [jar:file:/Users/xk1020/.m2/repository/org/springframework/data/spring-data-jpa/1.10.1.RELEASE/spring-data-jpa-1.10.1.RELEASE.jar!/org/springframework/data/jpa/repository/support/CrudMethodMetadata.class]]
[2018-07-02 21:44:38.738] -- [TRACE] -- [main &gt;&gt;&gt;&gt; ClassPathScanningCandidateComponentProvider.java:298 &gt;&gt;&gt;&gt; Method = findCandidateComponents] -- [Content = Ignored because not matching any filter: URL [jar:file:/Users/xk1020/.m2/repository/org/springframework/data/spring-data-jpa/1.10.1.RELEASE/spring-data-jpa-1.10.1.RELEASE.jar!/org/springframework/data/jpa/repository/support/CrudMethodMetadata.class]]
[2018-07-02 21:44:38.738] -- [TRACE] -- [main &gt;&gt;&gt;&gt; ClassPathScanningCandidateComponentProvider.java:275 &gt;&gt;&gt;&gt; Method = findCandidateComponents] -- [Content = Scanning URL [jar:file:/Users/xk1020/.m2/repository/org/springframework/data/spring-data-jpa/1.10.1.RELEASE/spring-data-jpa-1.10.1.RELEASE.jar!/org/springframework/data/jpa/repository/support/CrudMethodMetadataPostProcessor$1.class]]
[2018-07-02 21:44:38.738] -- [TRACE] -- [main &gt;&gt;&gt;&gt; ClassPathScanningCandidateComponentProvider.java:298 &gt;&gt;&gt;&gt; Method = findCandidateComponents] -- [Content = Ignored because not matching any filter: URL [jar:file:/Users/xk1020/.m2/repository/org/springframework/data/spring-data-jpa/1.10.1.RELEASE/spring-data-jpa-1.10.1.RELEASE.jar!/org/springframework/data/jpa/repository/support/CrudMethodMetadataPostProcessor$1.class]]
[2018-07-02 21:44:38.739] -- [TRACE] -- [main &gt;&gt;&gt;&gt; ClassPathScanningCandidateComponentProvider.java:275 &gt;&gt;&gt;&gt; Method = findCandidateComponents] -- [Content = Scanning URL [jar:file:/Users/xk1020/.m2/repository/org/springframework/data/spring-data-jpa/1.10.1.RELEASE/spring-data-jpa-1.10.1.RELEASE.jar!/org/springframework/data/jpa/repository/support/CrudMethodMetadataPostProcessor$CrudMethodMetadataPopulatingMethodInterceptor.class]]
[2018-07-02 21:44:38.739] -- [TRACE] -- [main &gt;&gt;&gt;&gt; ClassPathScanningCandidateComponentProvider.java:298 &gt;&gt;&gt;&gt; Method = findCandidateComponents] -- [Content = Ignored because not matching any filter: URL [jar:file:/Users/xk1020/.m2/repository/org/springframework/data/spring-data-jpa/1.10.1.RELEASE/spring-data-jpa-1.10.1.RELEASE.jar!/org/springframework/data/jpa/repository/support/CrudMethodMetadataPostProcessor$CrudMethodMetadataPopulatingMethodInterceptor.class]]
[2018-07-02 21:44:38.739] -- [TRACE] -- [main &gt;&gt;&gt;&gt; ClassPathScanningCandidateComponentProvider.java:275 &gt;&gt;&gt;&gt; Method = findCandidateComponents] -- [Content = Scanning URL [jar:file:/Users/xk1020/.m2/repository/org/springframework/data/spring-data-jpa/1.10.1.RELEASE/spring-data-jpa-1.10.1.RELEASE.jar!/org/springframework/data/jpa/repository/support/CrudMethodMetadataPostProcessor$DefaultCrudMethodMetadata.class]]
[2018-07-02 21:44:38.740] -- [TRACE] -- [main &gt;&gt;&gt;&gt; ClassPathScanningCandidateComponentProvider.java:298 &gt;&gt;&gt;&gt; Method = findCandidateComponents] -- [Content = Ignored because not matching any filter: URL [jar:file:/Users/xk1020/.m2/repository/org/springframework/data/spring-data-jpa/1.10.1.RELEASE/spring-data-jpa-1.10.1.RELEASE.jar!/org/springframework/data/jpa/repository/support/CrudMethodMetadataPostProcessor$DefaultCrudMethodMetadata.class]]
[2018-07-02 21:44:38.740] -- [TRACE] -- [main &gt;&gt;&gt;&gt; ClassPathScanningCandidateComponentProvider.java:275 &gt;&gt;&gt;&gt; Method = findCandidateComponents] -- [Content = Scanning URL [jar:file:/Users/xk1020/.m2/repository/org/springframework/data/spring-data-jpa/1.10.1.RELEASE/spring-data-jpa-1.10.1.RELEASE.jar!/org/springframework/data/jpa/repository/support/CrudMethodMetadataPostProcessor$ThreadBoundTargetSource.class]]
[2018-07-02 21:44:38.741] -- [TRACE] -- [main &gt;&gt;&gt;&gt; ClassPathScanningCandidateComponentProvider.java:298 &gt;&gt;&gt;&gt; Method = findCandidateComponents] -- [Content = Ignored because not matching any filter: URL [jar:file:/Users/xk1020/.m2/repository/org/springframework/data/spring-data-jpa/1.10.1.RELEASE/spring-data-jpa-1.10.1.RELEASE.jar!/org/springframework/data/jpa/repository/support/CrudMethodMetadataPostProcessor$ThreadBoundTargetSource.class]]
[2018-07-02 21:44:38.741] -- [TRACE] -- [main &gt;&gt;&gt;&gt; ClassPathScanningCandidateComponentProvider.java:275 &gt;&gt;&gt;&gt; Method = findCandidateComponents] -- [Content = Scanning URL [jar:file:/Users/xk1020/.m2/repository/org/springframework/data/spring-data-jpa/1.10.1.RELEASE/spring-data-jpa-1.10.1.RELEASE.jar!/org/springframework/data/jpa/repository/support/CrudMethodMetadataPostProcessor.class]]
[2018-07-02 21:44:38.742] -- [TRACE] -- [main &gt;&gt;&gt;&gt; ClassPathScanningCandidateComponentProvider.java:298 &gt;&gt;&gt;&gt; Method = findCandidateComponents] -- [Content = Ignored because not matching any filter: URL [jar:file:/Users/xk1020/.m2/repository/org/springframework/data/spring-data-jpa/1.10.1.RELEASE/spring-data-jpa-1.10.1.RELEASE.jar!/org/springframework/data/jpa/repository/support/CrudMethodMetadataPostProcessor.class]]
[2018-07-02 21:44:38.742] -- [TRACE] -- [main &gt;&gt;&gt;&gt; ClassPathScanningCandidateComponentProvider.java:275 &gt;&gt;&gt;&gt; Method = findCandidateComponents] -- [Content = Scanning URL [jar:file:/Users/xk1020/.m2/repository/org/springframework/data/spring-data-jpa/1.10.1.RELEASE/spring-data-jpa-1.10.1.RELEASE.jar!/org/springframework/data/jpa/repository/support/DefaultJpaContext.class]]
[2018-07-02 21:44:38.742] -- [TRACE] -- [main &gt;&gt;&gt;&gt; ClassPathScanningCandidateComponentProvider.java:298 &gt;&gt;&gt;&gt; Method = findCandidateComponents] -- [Content = Ignored because not matching any filter: URL [jar:file:/Users/xk1020/.m2/repository/org/springframework/data/spring-data-jpa/1.10.1.RELEASE/spring-data-jpa-1.10.1.RELEASE.jar!/org/springframework/data/jpa/repository/support/DefaultJpaContext.class]]
[2018-07-02 21:44:38.743] -- [TRACE] -- [main &gt;&gt;&gt;&gt; ClassPathScanningCandidateComponentProvider.java:275 &gt;&gt;&gt;&gt; Method = findCandidateComponents] -- [Content = Scanning URL [jar:file:/Users/xk1020/.m2/repository/org/springframework/data/spring-data-jpa/1.10.1.RELEASE/spring-data-jpa-1.10.1.RELEASE.jar!/org/springframework/data/jpa/repository/support/EntityManagerBeanDefinitionRegistrarPostProcessor.class]]
[2018-07-02 21:44:38.743] -- [TRACE] -- [main &gt;&gt;&gt;&gt; ClassPathScanningCandidateComponentProvider.java:298 &gt;&gt;&gt;&gt; Method = findCandidateComponents] -- [Content = Ignored because not matching any filter: URL [jar:file:/Users/xk1020/.m2/repository/org/springframework/data/spring-data-jpa/1.10.1.RELEASE/spring-data-jpa-1.10.1.RELEASE.jar!/org/springframework/data/jpa/repository/support/EntityManagerBeanDefinitionRegistrarPostProcessor.class]]
[2018-07-02 21:44:38.743] -- [TRACE] -- [main &gt;&gt;&gt;&gt; ClassPathScanningCandidateComponentProvider.java:275 &gt;&gt;&gt;&gt; Method = findCandidateComponents] -- [Content = Scanning URL [jar:file:/Users/xk1020/.m2/repository/org/springframework/data/spring-data-jpa/1.10.1.RELEASE/spring-data-jpa-1.10.1.RELEASE.jar!/org/springframework/data/jpa/repository/support/JpaEntityInformation.class]]
[2018-07-02 21:44:38.744] -- [TRACE] -- [main &gt;&gt;&gt;&gt; ClassPathScanningCandidateComponentProvider.java:298 &gt;&gt;&gt;&gt; Method = findCandidateComponents] -- [Content = Ignored because not matching any filter: URL [jar:file:/Users/xk1020/.m2/repository/org/springframework/data/spring-data-jpa/1.10.1.RELEASE/spring-data-jpa-1.10.1.RELEASE.jar!/org/springframework/data/jpa/repository/support/JpaEntityInformation.class]]
[2018-07-02 21:44:38.744] -- [TRACE] -- [main &gt;&gt;&gt;&gt; ClassPathScanningCandidateComponentProvider.java:275 &gt;&gt;&gt;&gt; Method = findCandidateComponents] -- [Content = Scanning URL [jar:file:/Users/xk1020/.m2/repository/org/springframework/data/spring-data-jpa/1.10.1.RELEASE/spring-data-jpa-1.10.1.RELEASE.jar!/org/springframework/data/jpa/repository/support/JpaEntityInformationSupport.class]]
[2018-07-02 21:44:38.745] -- [TRACE] -- [main &gt;&gt;&gt;&gt; ClassPathScanningCandidateComponentProvider.java:298 &gt;&gt;&gt;&gt; Method = findCandidateComponents] -- [Content = Ignored because not matching any filter: URL [jar:file:/Users/xk1020/.m2/repository/org/springframework/data/spring-data-jpa/1.10.1.RELEASE/spring-data-jpa-1.10.1.RELEASE.jar!/org/springframework/data/jpa/repository/support/JpaEntityInformationSupport.class]]
[2018-07-02 21:44:38.746] -- [TRACE] -- [main &gt;&gt;&gt;&gt; ClassPathScanningCandidateComponentProvider.java:275 &gt;&gt;&gt;&gt; Method = findCandidateComponents] -- [Content = Scanning URL [jar:file:/Users/xk1020/.m2/repository/org/springframework/data/spring-data-jpa/1.10.1.RELEASE/spring-data-jpa-1.10.1.RELEASE.jar!/org/springframework/data/jpa/repository/support/JpaMetamodelEntityInformation$IdentifierDerivingDirectFieldAccessFallbackBeanWrapper.class]]
[2018-07-02 21:44:38.748] -- [TRACE] -- [main &gt;&gt;&gt;&gt; ClassPathScanningCandidateComponentProvider.java:298 &gt;&gt;&gt;&gt; Method = findCandidateComponents] -- [Content = Ignored because not matching any filter: URL [jar:file:/Users/xk1020/.m2/repository/org/springframework/data/spring-data-jpa/1.10.1.RELEASE/spring-data-jpa-1.10.1.RELEASE.jar!/org/springframework/data/jpa/repository/support/JpaMetamodelEntityInformation$IdentifierDerivingDirectFieldAccessFallbackBeanWrapper.class]]
[2018-07-02 21:44:38.748] -- [TRACE] -- [main &gt;&gt;&gt;&gt; ClassPathScanningCandidateComponentProvider.java:275 &gt;&gt;&gt;&gt; Method = findCandidateComponents] -- [Content = Scanning URL [jar:file:/Users/xk1020/.m2/repository/org/springframework/data/spring-data-jpa/1.10.1.RELEASE/spring-data-jpa-1.10.1.RELEASE.jar!/org/springframework/data/jpa/repository/support/JpaMetamodelEntityInformation$IdMetadata.class]]
[2018-07-02 21:44:38.748] -- [TRACE] -- [main &gt;&gt;&gt;&gt; ClassPathScanningCandidateComponentProvider.java:298 &gt;&gt;&gt;&gt; Method = findCandidateComponents] -- [Content = Ignored because not matching any filter: URL [jar:file:/Users/xk1020/.m2/repository/org/springframework/data/spring-data-jpa/1.10.1.RELEASE/spring-data-jpa-1.10.1.RELEASE.jar!/org/springframework/data/jpa/repository/support/JpaMetamodelEntityInformation$IdMetadata.class]]
[2018-07-02 21:44:38.749] -- [TRACE] -- [main &gt;&gt;&gt;&gt; ClassPathScanningCandidateComponentProvider.java:275 &gt;&gt;&gt;&gt; Method = findCandidateComponents] -- [Content = Scanning URL [jar:file:/Users/xk1020/.m2/repository/org/springframework/data/spring-data-jpa/1.10.1.RELEASE/spring-data-jpa-1.10.1.RELEASE.jar!/org/springframework/data/jpa/repository/support/JpaMetamodelEntityInformation.class]]
[2018-07-02 21:44:38.750] -- [TRACE] -- [main &gt;&gt;&gt;&gt; ClassPathScanningCandidateComponentProvider.java:298 &gt;&gt;&gt;&gt; Method = findCandidateComponents] -- [Content = Ignored because not matching any filter: URL [jar:file:/Users/xk1020/.m2/repository/org/springframework/data/spring-data-jpa/1.10.1.RELEASE/spring-data-jpa-1.10.1.RELEASE.jar!/org/springframework/data/jpa/repository/support/JpaMetamodelEntityInformation.class]]
[2018-07-02 21:44:38.750] -- [TRACE] -- [main &gt;&gt;&gt;&gt; ClassPathScanningCandidateComponentProvider.java:275 &gt;&gt;&gt;&gt; Method = findCandidateComponents] -- [Content = Scanning URL [jar:file:/Users/xk1020/.m2/repository/org/springframework/data/spring-data-jpa/1.10.1.RELEASE/spring-data-jpa-1.10.1.RELEASE.jar!/org/springframework/data/jpa/repository/support/JpaPersistableEntityInformation.class]]
[2018-07-02 21:44:38.751] -- [TRACE] -- [main &gt;&gt;&gt;&gt; ClassPathScanningCandidateComponentProvider.java:298 &gt;&gt;&gt;&gt; Method = findCandidateComponents] -- [Content = Ignored because not matching any filter: URL [jar:file:/Users/xk1020/.m2/repository/org/springframework/data/spring-data-jpa/1.10.1.RELEASE/spring-data-jpa-1.10.1.RELEASE.jar!/org/springframework/data/jpa/repository/support/JpaPersistableEntityInformation.class]]
[2018-07-02 21:44:38.751] -- [TRACE] -- [main &gt;&gt;&gt;&gt; ClassPathScanningCandidateComponentProvider.java:275 &gt;&gt;&gt;&gt; Method = findCandidateComponents] -- [Content = Scanning URL [jar:file:/Users/xk1020/.m2/repository/org/springframework/data/spring-data-jpa/1.10.1.RELEASE/spring-data-jpa-1.10.1.RELEASE.jar!/org/springframework/data/jpa/repository/support/JpaRepositoryFactory.class]]
[2018-07-02 21:44:38.751] -- [DEBUG] -- [main &gt;&gt;&gt;&gt; ClassPathScanningCandidateComponentProvider.java:286 &gt;&gt;&gt;&gt; Method = findCandidateComponents] -- [Content = Identified candidate component class: URL [jar:file:/Users/xk1020/.m2/repository/org/springframework/data/spring-data-jpa/1.10.1.RELEASE/spring-data-jpa-1.10.1.RELEASE.jar!/org/springframework/data/jpa/repository/support/JpaRepositoryFactory.class]]
[2018-07-02 21:44:38.751] -- [TRACE] -- [main &gt;&gt;&gt;&gt; ClassPathScanningCandidateComponentProvider.java:275 &gt;&gt;&gt;&gt; Method = findCandidateComponents] -- [Content = Scanning URL [jar:file:/Users/xk1020/.m2/repository/org/springframework/data/spring-data-jpa/1.10.1.RELEASE/spring-data-jpa-1.10.1.RELEASE.jar!/org/springframework/data/jpa/repository/support/JpaRepositoryFactoryBean.class]]
[2018-07-02 21:44:38.753] -- [TRACE] -- [main &gt;&gt;&gt;&gt; ClassPathScanningCandidateComponentProvider.java:298 &gt;&gt;&gt;&gt; Method = findCandidateComponents] -- [Content = Ignored because not matching any filter: URL [jar:file:/Users/xk1020/.m2/repository/org/springframework/data/spring-data-jpa/1.10.1.RELEASE/spring-data-jpa-1.10.1.RELEASE.jar!/org/springframework/data/jpa/repository/support/JpaRepositoryFactoryBean.class]]
[2018-07-02 21:44:38.753] -- [TRACE] -- [main &gt;&gt;&gt;&gt; ClassPathScanningCandidateComponentProvider.java:275 &gt;&gt;&gt;&gt; Method = findCandidateComponents] -- [Content = Scanning URL [jar:file:/Users/xk1020/.m2/repository/org/springframework/data/spring-data-jpa/1.10.1.RELEASE/spring-data-jpa-1.10.1.RELEASE.jar!/org/springframework/data/jpa/repository/support/Querydsl$1.class]]
[2018-07-02 21:44:38.754] -- [TRACE] -- [main &gt;&gt;&gt;&gt; ClassPathScanningCandidateComponentProvider.java:298 &gt;&gt;&gt;&gt; Method = findCandidateComponents] -- [Content = Ignored because not matching any filter: URL [jar:file:/Users/xk1020/.m2/repository/org/springframework/data/spring-data-jpa/1.10.1.RELEASE/spring-data-jpa-1.10.1.RELEASE.jar!/org/springframework/data/jpa/repository/support/Querydsl$1.class]]
[2018-07-02 21:44:38.754] -- [TRACE] -- [main &gt;&gt;&gt;&gt; ClassPathScanningCandidateComponentProvider.java:275 &gt;&gt;&gt;&gt; Method = findCandidateComponents] -- [Content = Scanning URL [jar:file:/Users/xk1020/.m2/repository/org/springframework/data/spring-data-jpa/1.10.1.RELEASE/spring-data-jpa-1.10.1.RELEASE.jar!/org/springframework/data/jpa/repository/support/Querydsl.class]]
[2018-07-02 21:44:38.754] -- [TRACE] -- [main &gt;&gt;&gt;&gt; ClassPathScanningCandidateComponentProvider.java:298 &gt;&gt;&gt;&gt; Method = findCandidateComponents] -- [Content = Ignored because not matching any filter: URL [jar:file:/Users/xk1020/.m2/repository/org/springframework/data/spring-data-jpa/1.10.1.RELEASE/spring-data-jpa-1.10.1.RELEASE.jar!/org/springframework/data/jpa/repository/support/Querydsl.class]]
[2018-07-02 21:44:38.755] -- [TRACE] -- [main &gt;&gt;&gt;&gt; ClassPathScanningCandidateComponentProvider.java:275 &gt;&gt;&gt;&gt; Method = findCandidateComponents] -- [Content = Scanning URL [jar:file:/Users/xk1020/.m2/repository/org/springframework/data/spring-data-jpa/1.10.1.RELEASE/spring-data-jpa-1.10.1.RELEASE.jar!/org/springframework/data/jpa/repository/support/QueryDslJpaRepository.class]]
[2018-07-02 21:44:38.757] -- [TRACE] -- [main &gt;&gt;&gt;&gt; ClassPathScanningCandidateComponentProvider.java:298 &gt;&gt;&gt;&gt; Method = findCandidateComponents] -- [Content = Ignored because not matching any filter: URL [jar:file:/Users/xk1020/.m2/repository/org/springframework/data/spring-data-jpa/1.10.1.RELEASE/spring-data-jpa-1.10.1.RELEASE.jar!/org/springframework/data/jpa/repository/support/QueryDslJpaRepository.class]]
[2018-07-02 21:44:38.757] -- [TRACE] -- [main &gt;&gt;&gt;&gt; ClassPathScanningCandidateComponentProvider.java:275 &gt;&gt;&gt;&gt; Method = findCandidateComponents] -- [Content = Scanning URL [jar:file:/Users/xk1020/.m2/repository/org/springframework/data/spring-data-jpa/1.10.1.RELEASE/spring-data-jpa-1.10.1.RELEASE.jar!/org/springframework/data/jpa/repository/support/QueryDslRepositorySupport.class]]
[2018-07-02 21:44:38.758] -- [TRACE] -- [main &gt;&gt;&gt;&gt; ClassPathScanningCandidateComponentProvider.java:298 &gt;&gt;&gt;&gt; Method = findCandidateComponents] -- [Content = Ignored because not matching any filter: URL [jar:file:/Users/xk1020/.m2/repository/org/springframework/data/spring-data-jpa/1.10.1.RELEASE/spring-data-jpa-1.10.1.RELEASE.jar!/org/springframework/data/jpa/repository/support/QueryDslRepositorySupport.class]]
[2018-07-02 21:44:38.758] -- [TRACE] -- [main &gt;&gt;&gt;&gt; ClassPathScanningCandidateComponentProvider.java:275 &gt;&gt;&gt;&gt; Method = findCandidateComponents] -- [Content = Scanning URL [jar:file:/Users/xk1020/.m2/repository/org/springframework/data/spring-data-jpa/1.10.1.RELEASE/spring-data-jpa-1.10.1.RELEASE.jar!/org/springframework/data/jpa/repository/support/SimpleJpaRepository$ByIdsSpecification.class]]
[2018-07-02 21:44:38.758] -- [TRACE] -- [main &gt;&gt;&gt;&gt; ClassPathScanningCandidateComponentProvider.java:298 &gt;&gt;&gt;&gt; Method = findCandidateComponents] -- [Content = Ignored because not matching any filter: URL [jar:file:/Users/xk1020/.m2/repository/org/springframework/data/spring-data-jpa/1.10.1.RELEASE/spring-data-jpa-1.10.1.RELEASE.jar!/org/springframework/data/jpa/repository/support/SimpleJpaRepository$ByIdsSpecification.class]]
[2018-07-02 21:44:38.759] -- [TRACE] -- [main &gt;&gt;&gt;&gt; ClassPathScanningCandidateComponentProvider.java:275 &gt;&gt;&gt;&gt; Method = findCandidateComponents] -- [Content = Scanning URL [jar:file:/Users/xk1020/.m2/repository/org/springframework/data/spring-data-jpa/1.10.1.RELEASE/spring-data-jpa-1.10.1.RELEASE.jar!/org/springframework/data/jpa/repository/support/SimpleJpaRepository$ExampleSpecification.class]]
[2018-07-02 21:44:38.759] -- [TRACE] -- [main &gt;&gt;&gt;&gt; ClassPathScanningCandidateComponentProvider.java:298 &gt;&gt;&gt;&gt; Method = findCandidateComponents] -- [Content = Ignored because not matching any filter: URL [jar:file:/Users/xk1020/.m2/repository/org/springframework/data/spring-data-jpa/1.10.1.RELEASE/spring-data-jpa-1.10.1.RELEASE.jar!/org/springframework/data/jpa/repository/support/SimpleJpaRepository$ExampleSpecification.class]]
[2018-07-02 21:44:38.759] -- [TRACE] -- [main &gt;&gt;&gt;&gt; ClassPathScanningCandidateComponentProvider.java:275 &gt;&gt;&gt;&gt; Method = findCandidateComponents] -- [Content = Scanning URL [jar:file:/Users/xk1020/.m2/repository/org/springframework/data/spring-data-jpa/1.10.1.RELEASE/spring-data-jpa-1.10.1.RELEASE.jar!/org/springframework/data/jpa/repository/support/SimpleJpaRepository.class]]
[2018-07-02 21:44:38.761] -- [TRACE] -- [main &gt;&gt;&gt;&gt; ClassPathScanningCandidateComponentProvider.java:298 &gt;&gt;&gt;&gt; Method = findCandidateComponents] -- [Content = Ignored because not matching any filter: URL [jar:file:/Users/xk1020/.m2/repository/org/springframework/data/spring-data-jpa/1.10.1.RELEASE/spring-data-jpa-1.10.1.RELEASE.jar!/org/springframework/data/jpa/repository/support/SimpleJpaRepository.class]]
[2018-07-02 21:44:38.761] -- [TRACE] -- [main &gt;&gt;&gt;&gt; ClassPathScanningCandidateComponentProvider.java:275 &gt;&gt;&gt;&gt; Method = findCandidateComponents] -- [Content = Scanning URL [jar:file:/Users/xk1020/.m2/repository/org/springframework/data/spring-data-commons/1.12.1.RELEASE/spring-data-commons-1.12.1.RELEASE.jar!/org/springframework/data/repository/support/AnnotationAttribute.class]]
[2018-07-02 21:44:38.762] -- [TRACE] -- [main &gt;&gt;&gt;&gt; ClassPathScanningCandidateComponentProvider.java:298 &gt;&gt;&gt;&gt; Method = findCandidateComponents] -- [Content = Ignored because not matching any filter: URL [jar:file:/Users/xk1020/.m2/repository/org/springframework/data/spring-data-commons/1.12.1.RELEASE/spring-data-commons-1.12.1.RELEASE.jar!/org/springframework/data/repository/support/AnnotationAttribute.class]]
[2018-07-02 21:44:38.762] -- [TRACE] -- [main &gt;&gt;&gt;&gt; ClassPathScanningCandidateComponentProvider.java:275 &gt;&gt;&gt;&gt; Method = findCandidateComponents] -- [Content = Scanning URL [jar:file:/Users/xk1020/.m2/repository/org/springframework/data/spring-data-commons/1.12.1.RELEASE/spring-data-commons-1.12.1.RELEASE.jar!/org/springframework/data/repository/support/CrudRepositoryInvoker.class]]
[2018-07-02 21:44:38.763] -- [TRACE] -- [main &gt;&gt;&gt;&gt; ClassPathScanningCandidateComponentProvider.java:298 &gt;&gt;&gt;&gt; Method = findCandidateComponents] -- [Content = Ignored because not matching any filter: URL [jar:file:/Users/xk1020/.m2/repository/org/springframework/data/spring-data-commons/1.12.1.RELEASE/spring-data-commons-1.12.1.RELEASE.jar!/org/springframework/data/repository/support/CrudRepositoryInvoker.class]]
[2018-07-02 21:44:38.764] -- [TRACE] -- [main &gt;&gt;&gt;&gt; ClassPathScanningCandidateComponentProvider.java:275 &gt;&gt;&gt;&gt; Method = findCandidateComponents] -- [Content = Scanning URL [jar:file:/Users/xk1020/.m2/repository/org/springframework/data/spring-data-commons/1.12.1.RELEASE/spring-data-commons-1.12.1.RELEASE.jar!/org/springframework/data/repository/support/DefaultRepositoryInvokerFactory.class]]
[2018-07-02 21:44:38.764] -- [TRACE] -- [main &gt;&gt;&gt;&gt; ClassPathScanningCandidateComponentProvider.java:298 &gt;&gt;&gt;&gt; Method = findCandidateComponents] -- [Content = Ignored because not matching any filter: URL [jar:file:/Users/xk1020/.m2/repository/org/springframework/data/spring-data-commons/1.12.1.RELEASE/spring-data-commons-1.12.1.RELEASE.jar!/org/springframework/data/repository/support/DefaultRepositoryInvokerFactory.class]]
[2018-07-02 21:44:38.764] -- [TRACE] -- [main &gt;&gt;&gt;&gt; ClassPathScanningCandidateComponentProvider.java:275 &gt;&gt;&gt;&gt; Method = findCandidateComponents] -- [Content = Scanning URL [jar:file:/Users/xk1020/.m2/repository/org/springframework/data/spring-data-commons/1.12.1.RELEASE/spring-data-commons-1.12.1.RELEASE.jar!/org/springframework/data/repository/support/DomainClassConverter$1.class]]
[2018-07-02 21:44:38.765] -- [TRACE] -- [main &gt;&gt;&gt;&gt; ClassPathScanningCandidateComponentProvider.java:298 &gt;&gt;&gt;&gt; Method = findCandidateComponents] -- [Content = Ignored because not matching any filter: URL [jar:file:/Users/xk1020/.m2/repository/org/springframework/data/spring-data-commons/1.12.1.RELEASE/spring-data-commons-1.12.1.RELEASE.jar!/org/springframework/data/repository/support/DomainClassConverter$1.class]]
[2018-07-02 21:44:38.765] -- [TRACE] -- [main &gt;&gt;&gt;&gt; ClassPathScanningCandidateComponentProvider.java:275 &gt;&gt;&gt;&gt; Method = findCandidateComponents] -- [Content = Scanning URL [jar:file:/Users/xk1020/.m2/repository/org/springframework/data/spring-data-commons/1.12.1.RELEASE/spring-data-commons-1.12.1.RELEASE.jar!/org/springframework/data/repository/support/DomainClassConverter$ConversionMatchAbbreviationException.class]]
[2018-07-02 21:44:38.765] -- [TRACE] -- [main &gt;&gt;&gt;&gt; ClassPathScanningCandidateComponentProvider.java:298 &gt;&gt;&gt;&gt; Method = findCandidateComponents] -- [Content = Ignored because not matching any filter: URL [jar:file:/Users/xk1020/.m2/repository/org/springframework/data/spring-data-commons/1.12.1.RELEASE/spring-data-commons-1.12.1.RELEASE.jar!/org/springframework/data/repository/support/DomainClassConverter$ConversionMatchAbbreviationException.class]]
[2018-07-02 21:44:38.765] -- [TRACE] -- [main &gt;&gt;&gt;&gt; ClassPathScanningCandidateComponentProvider.java:275 &gt;&gt;&gt;&gt; Method = findCandidateComponents] -- [Content = Scanning URL [jar:file:/Users/xk1020/.m2/repository/org/springframework/data/spring-data-commons/1.12.1.RELEASE/spring-data-commons-1.12.1.RELEASE.jar!/org/springframework/data/repository/support/DomainClassConverter$ToEntityConverter.class]]
[2018-07-02 21:44:38.766] -- [TRACE] -- [main &gt;&gt;&gt;&gt; ClassPathScanningCandidateComponentProvider.java:298 &gt;&gt;&gt;&gt; Method = findCandidateComponents] -- [Content = Ignored because not matching any filter: URL [jar:file:/Users/xk1020/.m2/repository/org/springframework/data/spring-data-commons/1.12.1.RELEASE/spring-data-commons-1.12.1.RELEASE.jar!/org/springframework/data/repository/support/DomainClassConverter$ToEntityConverter.class]]
[2018-07-02 21:44:38.766] -- [TRACE] -- [main &gt;&gt;&gt;&gt; ClassPathScanningCandidateComponentProvider.java:275 &gt;&gt;&gt;&gt; Method = findCandidateComponents] -- [Content = Scanning URL [jar:file:/Users/xk1020/.m2/repository/org/springframework/data/spring-data-commons/1.12.1.RELEASE/spring-data-commons-1.12.1.RELEASE.jar!/org/springframework/data/repository/support/DomainClassConverter$ToIdConverter.class]]
[2018-07-02 21:44:38.767] -- [TRACE] -- [main &gt;&gt;&gt;&gt; ClassPathScanningCandidateComponentProvider.java:298 &gt;&gt;&gt;&gt; Method = findCandidateComponents] -- [Content = Ignored because not matching any filter: URL [jar:file:/Users/xk1020/.m2/repository/org/springframework/data/spring-data-commons/1.12.1.RELEASE/spring-data-commons-1.12.1.RELEASE.jar!/org/springframework/data/repository/support/DomainClassConverter$ToIdConverter.class]]
[2018-07-02 21:44:38.767] -- [TRACE] -- [main &gt;&gt;&gt;&gt; ClassPathScanningCandidateComponentProvider.java:275 &gt;&gt;&gt;&gt; Method = findCandidateComponents] -- [Content = Scanning URL [jar:file:/Users/xk1020/.m2/repository/org/springframework/data/spring-data-commons/1.12.1.RELEASE/spring-data-commons-1.12.1.RELEASE.jar!/org/springframework/data/repository/support/DomainClassConverter.class]]
[2018-07-02 21:44:38.768] -- [TRACE] -- [main &gt;&gt;&gt;&gt; ClassPathScanningCandidateComponentProvider.java:298 &gt;&gt;&gt;&gt; Method = findCandidateComponents] -- [Content = Ignored because not matching any filter: URL [jar:file:/Users/xk1020/.m2/repository/org/springframework/data/spring-data-commons/1.12.1.RELEASE/spring-data-commons-1.12.1.RELEASE.jar!/org/springframework/data/repository/support/DomainClassConverter.class]]
[2018-07-02 21:44:38.768] -- [TRACE] -- [main &gt;&gt;&gt;&gt; ClassPathScanningCandidateComponentProvider.java:275 &gt;&gt;&gt;&gt; Method = findCandidateComponents] -- [Content = Scanning URL [jar:file:/Users/xk1020/.m2/repository/org/springframework/data/spring-data-commons/1.12.1.RELEASE/spring-data-commons-1.12.1.RELEASE.jar!/org/springframework/data/repository/support/DomainClassPropertyEditor.class]]
[2018-07-02 21:44:38.768] -- [TRACE] -- [main &gt;&gt;&gt;&gt; ClassPathScanningCandidateComponentProvider.java:298 &gt;&gt;&gt;&gt; Method = findCandidateComponents] -- [Content = Ignored because not matching any filter: URL [jar:file:/Users/xk1020/.m2/repository/org/springframework/data/spring-data-commons/1.12.1.RELEASE/spring-data-commons-1.12.1.RELEASE.jar!/org/springframework/data/repository/support/DomainClassPropertyEditor.class]]
[2018-07-02 21:44:38.768] -- [TRACE] -- [main &gt;&gt;&gt;&gt; ClassPathScanningCandidateComponentProvider.java:275 &gt;&gt;&gt;&gt; Method = findCandidateComponents] -- [Content = Scanning URL [jar:file:/Users/xk1020/.m2/repository/org/springframework/data/spring-data-commons/1.12.1.RELEASE/spring-data-commons-1.12.1.RELEASE.jar!/org/springframework/data/repository/support/DomainClassPropertyEditorRegistrar.class]]
[2018-07-02 21:44:38.769] -- [TRACE] -- [main &gt;&gt;&gt;&gt; ClassPathScanningCandidateComponentProvider.java:298 &gt;&gt;&gt;&gt; Method = findCandidateComponents] -- [Content = Ignored because not matching any filter: URL [jar:file:/Users/xk1020/.m2/repository/org/springframework/data/spring-data-commons/1.12.1.RELEASE/spring-data-commons-1.12.1.RELEASE.jar!/org/springframework/data/repository/support/DomainClassPropertyEditorRegistrar.class]]
[2018-07-02 21:44:38.769] -- [TRACE] -- [main &gt;&gt;&gt;&gt; ClassPathScanningCandidateComponentProvider.java:275 &gt;&gt;&gt;&gt; Method = findCandidateComponents] -- [Content = Scanning URL [jar:file:/Users/xk1020/.m2/repository/org/springframework/data/spring-data-commons/1.12.1.RELEASE/spring-data-commons-1.12.1.RELEASE.jar!/org/springframework/data/repository/support/MethodParameters$AnnotationNamingMethodParameter.class]]
[2018-07-02 21:44:38.770] -- [TRACE] -- [main &gt;&gt;&gt;&gt; ClassPathScanningCandidateComponentProvider.java:298 &gt;&gt;&gt;&gt; Method = findCandidateComponents] -- [Content = Ignored because not matching any filter: URL [jar:file:/Users/xk1020/.m2/repository/org/springframework/data/spring-data-commons/1.12.1.RELEASE/spring-data-commons-1.12.1.RELEASE.jar!/org/springframework/data/repository/support/MethodParameters$AnnotationNamingMethodParameter.class]]
[2018-07-02 21:44:38.770] -- [TRACE] -- [main &gt;&gt;&gt;&gt; ClassPathScanningCandidateComponentProvider.java:275 &gt;&gt;&gt;&gt; Method = findCandidateComponents] -- [Content = Scanning URL [jar:file:/Users/xk1020/.m2/repository/org/springframework/data/spring-data-commons/1.12.1.RELEASE/spring-data-commons-1.12.1.RELEASE.jar!/org/springframework/data/repository/support/MethodParameters.class]]
[2018-07-02 21:44:38.770] -- [TRACE] -- [main &gt;&gt;&gt;&gt; ClassPathScanningCandidateComponentProvider.java:298 &gt;&gt;&gt;&gt; Method = findCandidateComponents] -- [Content = Ignored because not matching any filter: URL [jar:file:/Users/xk1020/.m2/repository/org/springframework/data/spring-data-commons/1.12.1.RELEASE/spring-data-commons-1.12.1.RELEASE.jar!/org/springframework/data/repository/support/MethodParameters.class]]
[2018-07-02 21:44:38.771] -- [TRACE] -- [main &gt;&gt;&gt;&gt; ClassPathScanningCandidateComponentProvider.java:275 &gt;&gt;&gt;&gt; Method = findCandidateComponents] -- [Content = Scanning URL [jar:file:/Users/xk1020/.m2/repository/org/springframework/data/spring-data-commons/1.12.1.RELEASE/spring-data-commons-1.12.1.RELEASE.jar!/org/springframework/data/repository/support/PagingAndSortingRepositoryInvoker.class]]
[2018-07-02 21:44:38.771] -- [TRACE] -- [main &gt;&gt;&gt;&gt; ClassPathScanningCandidateComponentProvider.java:298 &gt;&gt;&gt;&gt; Method = findCandidateComponents] -- [Content = Ignored because not matching any filter: URL [jar:file:/Users/xk1020/.m2/repository/org/springframework/data/spring-data-commons/1.12.1.RELEASE/spring-data-commons-1.12.1.RELEASE.jar!/org/springframework/data/repository/support/PagingAndSortingRepositoryInvoker.class]]
[2018-07-02 21:44:38.772] -- [TRACE] -- [main &gt;&gt;&gt;&gt; ClassPathScanningCandidateComponentProvider.java:275 &gt;&gt;&gt;&gt; Method = findCandidateComponents] -- [Content = Scanning URL [jar:file:/Users/xk1020/.m2/repository/org/springframework/data/spring-data-commons/1.12.1.RELEASE/spring-data-commons-1.12.1.RELEASE.jar!/org/springframework/data/repository/support/QueryMethodParameterConversionException.class]]
[2018-07-02 21:44:38.772] -- [TRACE] -- [main &gt;&gt;&gt;&gt; ClassPathScanningCandidateComponentProvider.java:298 &gt;&gt;&gt;&gt; Method = findCandidateComponents] -- [Content = Ignored because not matching any filter: URL [jar:file:/Users/xk1020/.m2/repository/org/springframework/data/spring-data-commons/1.12.1.RELEASE/spring-data-commons-1.12.1.RELEASE.jar!/org/springframework/data/repository/support/QueryMethodParameterConversionException.class]]
[2018-07-02 21:44:38.772] -- [TRACE] -- [main &gt;&gt;&gt;&gt; ClassPathScanningCandidateComponentProvider.java:275 &gt;&gt;&gt;&gt; Method = findCandidateComponents] -- [Content = Scanning URL [jar:file:/Users/xk1020/.m2/repository/org/springframework/data/spring-data-commons/1.12.1.RELEASE/spring-data-commons-1.12.1.RELEASE.jar!/org/springframework/data/repository/support/ReflectionRepositoryInvoker.class]]
[2018-07-02 21:44:38.773] -- [TRACE] -- [main &gt;&gt;&gt;&gt; ClassPathScanningCandidateComponentProvider.java:298 &gt;&gt;&gt;&gt; Method = findCandidateComponents] -- [Content = Ignored because not matching any filter: URL [jar:file:/Users/xk1020/.m2/repository/org/springframework/data/spring-data-commons/1.12.1.RELEASE/spring-data-commons-1.12.1.RELEASE.jar!/org/springframework/data/repository/support/ReflectionRepositoryInvoker.class]]
[2018-07-02 21:44:38.773] -- [TRACE] -- [main &gt;&gt;&gt;&gt; ClassPathScanningCandidateComponentProvider.java:275 &gt;&gt;&gt;&gt; Method = findCandidateComponents] -- [Content = Scanning URL [jar:file:/Users/xk1020/.m2/repository/org/springframework/data/spring-data-commons/1.12.1.RELEASE/spring-data-commons-1.12.1.RELEASE.jar!/org/springframework/data/repository/support/Repositories$EmptyRepositoryFactoryInformation.class]]
[2018-07-02 21:44:38.773] -- [TRACE] -- [main &gt;&gt;&gt;&gt; ClassPathScanningCandidateComponentProvider.java:298 &gt;&gt;&gt;&gt; Method = findCandidateComponents] -- [Content = Ignored because not matching any filter: URL [jar:file:/Users/xk1020/.m2/repository/org/springframework/data/spring-data-commons/1.12.1.RELEASE/spring-data-commons-1.12.1.RELEASE.jar!/org/springframework/data/repository/support/Repositories$EmptyRepositoryFactoryInformation.class]]
[2018-07-02 21:44:38.773] -- [TRACE] -- [main &gt;&gt;&gt;&gt; ClassPathScanningCandidateComponentProvider.java:275 &gt;&gt;&gt;&gt; Method = findCandidateComponents] -- [Content = Scanning URL [jar:file:/Users/xk1020/.m2/repository/org/springframework/data/spring-data-commons/1.12.1.RELEASE/spring-data-commons-1.12.1.RELEASE.jar!/org/springframework/data/repository/support/Repositories.class]]
[2018-07-02 21:44:38.774] -- [TRACE] -- [main &gt;&gt;&gt;&gt; ClassPathScanningCandidateComponentProvider.java:298 &gt;&gt;&gt;&gt; Method = findCandidateComponents] -- [Content = Ignored because not matching any filter: URL [jar:file:/Users/xk1020/.m2/repository/org/springframework/data/spring-data-commons/1.12.1.RELEASE/spring-data-commons-1.12.1.RELEASE.jar!/org/springframework/data/repository/support/Repositories.class]]
[2018-07-02 21:44:38.774] -- [TRACE] -- [main &gt;&gt;&gt;&gt; ClassPathScanningCandidateComponentProvider.java:275 &gt;&gt;&gt;&gt; Method = findCandidateComponents] -- [Content = Scanning URL [jar:file:/Users/xk1020/.m2/repository/org/springframework/data/spring-data-commons/1.12.1.RELEASE/spring-data-commons-1.12.1.RELEASE.jar!/org/springframework/data/repository/support/RepositoryInvocationInformation.class]]
[2018-07-02 21:44:38.774] -- [TRACE] -- [main &gt;&gt;&gt;&gt; ClassPathScanningCandidateComponentProvider.java:298 &gt;&gt;&gt;&gt; Method = findCandidateComponents] -- [Content = Ignored because not matching any filter: URL [jar:file:/Users/xk1020/.m2/repository/org/springframework/data/spring-data-commons/1.12.1.RELEASE/spring-data-commons-1.12.1.RELEASE.jar!/org/springframework/data/repository/support/RepositoryInvocationInformation.class]]
[2018-07-02 21:44:38.774] -- [TRACE] -- [main &gt;&gt;&gt;&gt; ClassPathScanningCandidateComponentProvider.java:275 &gt;&gt;&gt;&gt; Method = findCandidateComponents] -- [Content = Scanning URL [jar:file:/Users/xk1020/.m2/repository/org/springframework/data/spring-data-commons/1.12.1.RELEASE/spring-data-commons-1.12.1.RELEASE.jar!/org/springframework/data/repository/support/RepositoryInvoker.class]]
[2018-07-02 21:44:38.775] -- [TRACE] -- [main &gt;&gt;&gt;&gt; ClassPathScanningCandidateComponentProvider.java:298 &gt;&gt;&gt;&gt; Method = findCandidateComponents] -- [Content = Ignored because not matching any filter: URL [jar:file:/Users/xk1020/.m2/repository/org/springframework/data/spring-data-commons/1.12.1.RELEASE/spring-data-commons-1.12.1.RELEASE.jar!/org/springframework/data/repository/support/RepositoryInvoker.class]]
[2018-07-02 21:44:38.775] -- [TRACE] -- [main &gt;&gt;&gt;&gt; ClassPathScanningCandidateComponentProvider.java:275 &gt;&gt;&gt;&gt; Method = findCandidateComponents] -- [Content = Scanning URL [jar:file:/Users/xk1020/.m2/repository/org/springframework/data/spring-data-commons/1.12.1.RELEASE/spring-data-commons-1.12.1.RELEASE.jar!/org/springframework/data/repository/support/RepositoryInvokerFactory.class]]
[2018-07-02 21:44:38.775] -- [TRACE] -- [main &gt;&gt;&gt;&gt; ClassPathScanningCandidateComponentProvider.java:298 &gt;&gt;&gt;&gt; Method = findCandidateComponents] -- [Content = Ignored because not matching any filter: URL [jar:file:/Users/xk1020/.m2/repository/org/springframework/data/spring-data-commons/1.12.1.RELEASE/spring-data-commons-1.12.1.RELEASE.jar!/org/springframework/data/repository/support/RepositoryInvokerFactory.class]]
[2018-07-02 21:44:38.776] -- [DEBUG] -- [main &gt;&gt;&gt;&gt; MutablePropertySources.java:109 &gt;&gt;&gt;&gt; Method = addLast] -- [Content = Adding [systemProperties] PropertySource with lowest search precedence]
[2018-07-02 21:44:38.776] -- [DEBUG] -- [main &gt;&gt;&gt;&gt; MutablePropertySources.java:109 &gt;&gt;&gt;&gt; Method = addLast] -- [Content = Adding [systemEnvironment] PropertySource with lowest search precedence]
[2018-07-02 21:44:38.776] -- [DEBUG] -- [main &gt;&gt;&gt;&gt; AbstractEnvironment.java:127 &gt;&gt;&gt;&gt; Method = &lt;init&gt;] -- [Content = Initialized StandardEnvironment with PropertySources [systemProperties,systemEnvironment]]
[2018-07-02 21:44:38.777] -- [DEBUG] -- [main &gt;&gt;&gt;&gt; PathMatchingResourcePatternResolver.java:312 &gt;&gt;&gt;&gt; Method = findAllClassPathResources] -- [Content = Resolved classpath location [com/youmeek/] to resources [URL [file:/Users/xk1020/IdeaProjects/Basic-Single-Module-SSJPA/target/test-classes/com/youmeek/], URL [file:/Users/xk1020/IdeaProjects/Basic-Single-Module-SSJPA/target/classes/com/youmeek/]]]
[2018-07-02 21:44:38.777] -- [DEBUG] -- [main &gt;&gt;&gt;&gt; PathMatchingResourcePatternResolver.java:637 &gt;&gt;&gt;&gt; Method = doFindMatchingFileSystemResources] -- [Content = Looking for matching resources in directory tree [/Users/xk1020/IdeaProjects/Basic-Single-Module-SSJPA/target/test-classes/com/youmeek]]
[2018-07-02 21:44:38.777] -- [DEBUG] -- [main &gt;&gt;&gt;&gt; PathMatchingResourcePatternResolver.java:699 &gt;&gt;&gt;&gt; Method = doRetrieveMatchingFiles] -- [Content = Searching directory [/Users/xk1020/IdeaProjects/Basic-Single-Module-SSJPA/target/test-classes/com/youmeek] for files matching pattern [/Users/xk1020/IdeaProjects/Basic-Single-Module-SSJPA/target/test-classes/com/youmeek/**/dao/**/*.class]]
[2018-07-02 21:44:38.778] -- [DEBUG] -- [main &gt;&gt;&gt;&gt; PathMatchingResourcePatternResolver.java:699 &gt;&gt;&gt;&gt; Method = doRetrieveMatchingFiles] -- [Content = Searching directory [/Users/xk1020/IdeaProjects/Basic-Single-Module-SSJPA/target/test-classes/com/youmeek/ssm] for files matching pattern [/Users/xk1020/IdeaProjects/Basic-Single-Module-SSJPA/target/test-classes/com/youmeek/**/dao/**/*.class]]
[2018-07-02 21:44:38.778] -- [DEBUG] -- [main &gt;&gt;&gt;&gt; PathMatchingResourcePatternResolver.java:637 &gt;&gt;&gt;&gt; Method = doFindMatchingFileSystemResources] -- [Content = Looking for matching resources in directory tree [/Users/xk1020/IdeaProjects/Basic-Single-Module-SSJPA/target/classes/com/youmeek]]
[2018-07-02 21:44:38.778] -- [DEBUG] -- [main &gt;&gt;&gt;&gt; PathMatchingResourcePatternResolver.java:699 &gt;&gt;&gt;&gt; Method = doRetrieveMatchingFiles] -- [Content = Searching directory [/Users/xk1020/IdeaProjects/Basic-Single-Module-SSJPA/target/classes/com/youmeek] for files matching pattern [/Users/xk1020/IdeaProjects/Basic-Single-Module-SSJPA/target/classes/com/youmeek/**/dao/**/*.class]]
[2018-07-02 21:44:38.779] -- [DEBUG] -- [main &gt;&gt;&gt;&gt; PathMatchingResourcePatternResolver.java:699 &gt;&gt;&gt;&gt; Method = doRetrieveMatchingFiles] -- [Content = Searching directory [/Users/xk1020/IdeaProjects/Basic-Single-Module-SSJPA/target/classes/com/youmeek/ssm] for files matching pattern [/Users/xk1020/IdeaProjects/Basic-Single-Module-SSJPA/target/classes/com/youmeek/**/dao/**/*.class]]
[2018-07-02 21:44:38.779] -- [DEBUG] -- [main &gt;&gt;&gt;&gt; PathMatchingResourcePatternResolver.java:699 &gt;&gt;&gt;&gt; Method = doRetrieveMatchingFiles] -- [Content = Searching directory [/Users/xk1020/IdeaProjects/Basic-Single-Module-SSJPA/target/classes/com/youmeek/ssm/module] for files matching pattern [/Users/xk1020/IdeaProjects/Basic-Single-Module-SSJPA/target/classes/com/youmeek/**/dao/**/*.class]]
[2018-07-02 21:44:38.779] -- [DEBUG] -- [main &gt;&gt;&gt;&gt; PathMatchingResourcePatternResolver.java:699 &gt;&gt;&gt;&gt; Method = doRetrieveMatchingFiles] -- [Content = Searching directory [/Users/xk1020/IdeaProjects/Basic-Single-Module-SSJPA/target/classes/com/youmeek/ssm/module/user] for files matching pattern [/Users/xk1020/IdeaProjects/Basic-Single-Module-SSJPA/target/classes/com/youmeek/**/dao/**/*.class]]
[2018-07-02 21:44:38.779] -- [DEBUG] -- [main &gt;&gt;&gt;&gt; PathMatchingResourcePatternResolver.java:699 &gt;&gt;&gt;&gt; Method = doRetrieveMatchingFiles] -- [Content = Searching directory [/Users/xk1020/IdeaProjects/Basic-Single-Module-SSJPA/target/classes/com/youmeek/ssm/module/user/dao] for files matching pattern [/Users/xk1020/IdeaProjects/Basic-Single-Module-SSJPA/target/classes/com/youmeek/**/dao/**/*.class]]
[2018-07-02 21:44:38.780] -- [DEBUG] -- [main &gt;&gt;&gt;&gt; PathMatchingResourcePatternResolver.java:699 &gt;&gt;&gt;&gt; Method = doRetrieveMatchingFiles] -- [Content = Searching directory [/Users/xk1020/IdeaProjects/Basic-Single-Module-SSJPA/target/classes/com/youmeek/ssm/module/user/controller] for files matching pattern [/Users/xk1020/IdeaProjects/Basic-Single-Module-SSJPA/target/classes/com/youmeek/**/dao/**/*.class]]
[2018-07-02 21:44:38.780] -- [DEBUG] -- [main &gt;&gt;&gt;&gt; PathMatchingResourcePatternResolver.java:699 &gt;&gt;&gt;&gt; Method = doRetrieveMatchingFiles] -- [Content = Searching directory [/Users/xk1020/IdeaProjects/Basic-Single-Module-SSJPA/target/classes/com/youmeek/ssm/module/user/service] for files matching pattern [/Users/xk1020/IdeaProjects/Basic-Single-Module-SSJPA/target/classes/com/youmeek/**/dao/**/*.class]]
[2018-07-02 21:44:38.780] -- [DEBUG] -- [main &gt;&gt;&gt;&gt; PathMatchingResourcePatternResolver.java:699 &gt;&gt;&gt;&gt; Method = doRetrieveMatchingFiles] -- [Content = Searching directory [/Users/xk1020/IdeaProjects/Basic-Single-Module-SSJPA/target/classes/com/youmeek/ssm/module/user/service/impl] for files matching pattern [/Users/xk1020/IdeaProjects/Basic-Single-Module-SSJPA/target/classes/com/youmeek/**/dao/**/*.class]]
[2018-07-02 21:44:38.780] -- [DEBUG] -- [main &gt;&gt;&gt;&gt; PathMatchingResourcePatternResolver.java:699 &gt;&gt;&gt;&gt; Method = doRetrieveMatchingFiles] -- [Content = Searching directory [/Users/xk1020/IdeaProjects/Basic-Single-Module-SSJPA/target/classes/com/youmeek/ssm/module/user/pojo] for files matching pattern [/Users/xk1020/IdeaProjects/Basic-Single-Module-SSJPA/target/classes/com/youmeek/**/dao/**/*.class]]
[2018-07-02 21:44:38.781] -- [DEBUG] -- [main &gt;&gt;&gt;&gt; PathMatchingResourcePatternResolver.java:699 &gt;&gt;&gt;&gt; Method = doRetrieveMatchingFiles] -- [Content = Searching directory [/Users/xk1020/IdeaProjects/Basic-Single-Module-SSJPA/target/classes/com/youmeek/ssm/aop] for files matching pattern [/Users/xk1020/IdeaProjects/Basic-Single-Module-SSJPA/target/classes/com/youmeek/**/dao/**/*.class]]
[2018-07-02 21:44:38.781] -- [DEBUG] -- [main &gt;&gt;&gt;&gt; PathMatchingResourcePatternResolver.java:699 &gt;&gt;&gt;&gt; Method = doRetrieveMatchingFiles] -- [Content = Searching directory [/Users/xk1020/IdeaProjects/Basic-Single-Module-SSJPA/target/classes/com/youmeek/ssm/aop/log] for files matching pattern [/Users/xk1020/IdeaProjects/Basic-Single-Module-SSJPA/target/classes/com/youmeek/**/dao/**/*.class]]
[2018-07-02 21:44:38.781] -- [DEBUG] -- [main &gt;&gt;&gt;&gt; PathMatchingResourcePatternResolver.java:699 &gt;&gt;&gt;&gt; Method = doRetrieveMatchingFiles] -- [Content = Searching directory [/Users/xk1020/IdeaProjects/Basic-Single-Module-SSJPA/target/classes/com/youmeek/ssm/interceptor] for files matching pattern [/Users/xk1020/IdeaProjects/Basic-Single-Module-SSJPA/target/classes/com/youmeek/**/dao/**/*.class]]
[2018-07-02 21:44:38.781] -- [DEBUG] -- [main &gt;&gt;&gt;&gt; PathMatchingResourcePatternResolver.java:430 &gt;&gt;&gt;&gt; Method = findPathMatchingResources] -- [Content = Resolved location pattern [classpath*:com/youmeek/**/dao/**/*.class] to resources [file [/Users/xk1020/IdeaProjects/Basic-Single-Module-SSJPA/target/classes/com/youmeek/ssm/module/user/dao/SysUserDao.class]]]
[2018-07-02 21:44:38.782] -- [TRACE] -- [main &gt;&gt;&gt;&gt; ClassPathScanningCandidateComponentProvider.java:275 &gt;&gt;&gt;&gt; Method = findCandidateComponents] -- [Content = Scanning file [/Users/xk1020/IdeaProjects/Basic-Single-Module-SSJPA/target/classes/com/youmeek/ssm/module/user/dao/SysUserDao.class]]
[2018-07-02 21:44:38.783] -- [DEBUG] -- [main &gt;&gt;&gt;&gt; ClassPathScanningCandidateComponentProvider.java:286 &gt;&gt;&gt;&gt; Method = findCandidateComponents] -- [Content = Identified candidate component class: file [/Users/xk1020/IdeaProjects/Basic-Single-Module-SSJPA/target/classes/com/youmeek/ssm/module/user/dao/SysUserDao.class]]
[2018-07-02 21:44:38.784] -- [DEBUG] -- [main &gt;&gt;&gt;&gt; MutablePropertySources.java:109 &gt;&gt;&gt;&gt; Method = addLast] -- [Content = Adding [systemProperties] PropertySource with lowest search precedence]
[2018-07-02 21:44:38.784] -- [DEBUG] -- [main &gt;&gt;&gt;&gt; MutablePropertySources.java:109 &gt;&gt;&gt;&gt; Method = addLast] -- [Content = Adding [systemEnvironment] PropertySource with lowest search precedence]
[2018-07-02 21:44:38.784] -- [DEBUG] -- [main &gt;&gt;&gt;&gt; AbstractEnvironment.java:127 &gt;&gt;&gt;&gt; Method = &lt;init&gt;] -- [Content = Initialized StandardEnvironment with PropertySources [systemProperties,systemEnvironment]]
[2018-07-02 21:44:38.784] -- [DEBUG] -- [main &gt;&gt;&gt;&gt; PathMatchingResourcePatternResolver.java:312 &gt;&gt;&gt;&gt; Method = findAllClassPathResources] -- [Content = Resolved classpath location [com/youmeek/] to resources [URL [file:/Users/xk1020/IdeaProjects/Basic-Single-Module-SSJPA/target/test-classes/com/youmeek/], URL [file:/Users/xk1020/IdeaProjects/Basic-Single-Module-SSJPA/target/classes/com/youmeek/]]]
[2018-07-02 21:44:38.785] -- [DEBUG] -- [main &gt;&gt;&gt;&gt; PathMatchingResourcePatternResolver.java:637 &gt;&gt;&gt;&gt; Method = doFindMatchingFileSystemResources] -- [Content = Looking for matching resources in directory tree [/Users/xk1020/IdeaProjects/Basic-Single-Module-SSJPA/target/test-classes/com/youmeek]]
[2018-07-02 21:44:38.785] -- [DEBUG] -- [main &gt;&gt;&gt;&gt; PathMatchingResourcePatternResolver.java:699 &gt;&gt;&gt;&gt; Method = doRetrieveMatchingFiles] -- [Content = Searching directory [/Users/xk1020/IdeaProjects/Basic-Single-Module-SSJPA/target/test-classes/com/youmeek] for files matching pattern [/Users/xk1020/IdeaProjects/Basic-Single-Module-SSJPA/target/test-classes/com/youmeek/**/dao/**/*SysUserDaoImpl.class]]
[2018-07-02 21:44:38.785] -- [DEBUG] -- [main &gt;&gt;&gt;&gt; PathMatchingResourcePatternResolver.java:699 &gt;&gt;&gt;&gt; Method = doRetrieveMatchingFiles] -- [Content = Searching directory [/Users/xk1020/IdeaProjects/Basic-Single-Module-SSJPA/target/test-classes/com/youmeek/ssm] for files matching pattern [/Users/xk1020/IdeaProjects/Basic-Single-Module-SSJPA/target/test-classes/com/youmeek/**/dao/**/*SysUserDaoImpl.class]]
[2018-07-02 21:44:38.785] -- [DEBUG] -- [main &gt;&gt;&gt;&gt; PathMatchingResourcePatternResolver.java:637 &gt;&gt;&gt;&gt; Method = doFindMatchingFileSystemResources] -- [Content = Looking for matching resources in directory tree [/Users/xk1020/IdeaProjects/Basic-Single-Module-SSJPA/target/classes/com/youmeek]]
[2018-07-02 21:44:38.786] -- [DEBUG] -- [main &gt;&gt;&gt;&gt; PathMatchingResourcePatternResolver.java:699 &gt;&gt;&gt;&gt; Method = doRetrieveMatchingFiles] -- [Content = Searching directory [/Users/xk1020/IdeaProjects/Basic-Single-Module-SSJPA/target/classes/com/youmeek] for files matching pattern [/Users/xk1020/IdeaProjects/Basic-Single-Module-SSJPA/target/classes/com/youmeek/**/dao/**/*SysUserDaoImpl.class]]
[2018-07-02 21:44:38.786] -- [DEBUG] -- [main &gt;&gt;&gt;&gt; PathMatchingResourcePatternResolver.java:699 &gt;&gt;&gt;&gt; Method = doRetrieveMatchingFiles] -- [Content = Searching directory [/Users/xk1020/IdeaProjects/Basic-Single-Module-SSJPA/target/classes/com/youmeek/ssm] for files matching pattern [/Users/xk1020/IdeaProjects/Basic-Single-Module-SSJPA/target/classes/com/youmeek/**/dao/**/*SysUserDaoImpl.class]]
[2018-07-02 21:44:38.786] -- [DEBUG] -- [main &gt;&gt;&gt;&gt; PathMatchingResourcePatternResolver.java:699 &gt;&gt;&gt;&gt; Method = doRetrieveMatchingFiles] -- [Content = Searching directory [/Users/xk1020/IdeaProjects/Basic-Single-Module-SSJPA/target/classes/com/youmeek/ssm/module] for files matching pattern [/Users/xk1020/IdeaProjects/Basic-Single-Module-SSJPA/target/classes/com/youmeek/**/dao/**/*SysUserDaoImpl.class]]
[2018-07-02 21:44:38.786] -- [DEBUG] -- [main &gt;&gt;&gt;&gt; PathMatchingResourcePatternResolver.java:699 &gt;&gt;&gt;&gt; Method = doRetrieveMatchingFiles] -- [Content = Searching directory [/Users/xk1020/IdeaProjects/Basic-Single-Module-SSJPA/target/classes/com/youmeek/ssm/module/user] for files matching pattern [/Users/xk1020/IdeaProjects/Basic-Single-Module-SSJPA/target/classes/com/youmeek/**/dao/**/*SysUserDaoImpl.class]]
[2018-07-02 21:44:38.787] -- [DEBUG] -- [main &gt;&gt;&gt;&gt; PathMatchingResourcePatternResolver.java:699 &gt;&gt;&gt;&gt; Method = doRetrieveMatchingFiles] -- [Content = Searching directory [/Users/xk1020/IdeaProjects/Basic-Single-Module-SSJPA/target/classes/com/youmeek/ssm/module/user/dao] for files matching pattern [/Users/xk1020/IdeaProjects/Basic-Single-Module-SSJPA/target/classes/com/youmeek/**/dao/**/*SysUserDaoImpl.class]]
[2018-07-02 21:44:38.787] -- [DEBUG] -- [main &gt;&gt;&gt;&gt; PathMatchingResourcePatternResolver.java:699 &gt;&gt;&gt;&gt; Method = doRetrieveMatchingFiles] -- [Content = Searching directory [/Users/xk1020/IdeaProjects/Basic-Single-Module-SSJPA/target/classes/com/youmeek/ssm/module/user/controller] for files matching pattern [/Users/xk1020/IdeaProjects/Basic-Single-Module-SSJPA/target/classes/com/youmeek/**/dao/**/*SysUserDaoImpl.class]]
[2018-07-02 21:44:38.787] -- [DEBUG] -- [main &gt;&gt;&gt;&gt; PathMatchingResourcePatternResolver.java:699 &gt;&gt;&gt;&gt; Method = doRetrieveMatchingFiles] -- [Content = Searching directory [/Users/xk1020/IdeaProjects/Basic-Single-Module-SSJPA/target/classes/com/youmeek/ssm/module/user/service] for files matching pattern [/Users/xk1020/IdeaProjects/Basic-Single-Module-SSJPA/target/classes/com/youmeek/**/dao/**/*SysUserDaoImpl.class]]
[2018-07-02 21:44:38.787] -- [DEBUG] -- [main &gt;&gt;&gt;&gt; PathMatchingResourcePatternResolver.java:699 &gt;&gt;&gt;&gt; Method = doRetrieveMatchingFiles] -- [Content = Searching directory [/Users/xk1020/IdeaProjects/Basic-Single-Module-SSJPA/target/classes/com/youmeek/ssm/module/user/service/impl] for files matching pattern [/Users/xk1020/IdeaProjects/Basic-Single-Module-SSJPA/target/classes/com/youmeek/**/dao/**/*SysUserDaoImpl.class]]
[2018-07-02 21:44:38.788] -- [DEBUG] -- [main &gt;&gt;&gt;&gt; PathMatchingResourcePatternResolver.java:699 &gt;&gt;&gt;&gt; Method = doRetrieveMatchingFiles] -- [Content = Searching directory [/Users/xk1020/IdeaProjects/Basic-Single-Module-SSJPA/target/classes/com/youmeek/ssm/module/user/pojo] for files matching pattern [/Users/xk1020/IdeaProjects/Basic-Single-Module-SSJPA/target/classes/com/youmeek/**/dao/**/*SysUserDaoImpl.class]]
[2018-07-02 21:44:38.788] -- [DEBUG] -- [main &gt;&gt;&gt;&gt; PathMatchingResourcePatternResolver.java:699 &gt;&gt;&gt;&gt; Method = doRetrieveMatchingFiles] -- [Content = Searching directory [/Users/xk1020/IdeaProjects/Basic-Single-Module-SSJPA/target/classes/com/youmeek/ssm/aop] for files matching pattern [/Users/xk1020/IdeaProjects/Basic-Single-Module-SSJPA/target/classes/com/youmeek/**/dao/**/*SysUserDaoImpl.class]]
[2018-07-02 21:44:38.788] -- [DEBUG] -- [main &gt;&gt;&gt;&gt; PathMatchingResourcePatternResolver.java:699 &gt;&gt;&gt;&gt; Method = doRetrieveMatchingFiles] -- [Content = Searching directory [/Users/xk1020/IdeaProjects/Basic-Single-Module-SSJPA/target/classes/com/youmeek/ssm/aop/log] for files matching pattern [/Users/xk1020/IdeaProjects/Basic-Single-Module-SSJPA/target/classes/com/youmeek/**/dao/**/*SysUserDaoImpl.class]]
[2018-07-02 21:44:38.789] -- [DEBUG] -- [main &gt;&gt;&gt;&gt; PathMatchingResourcePatternResolver.java:699 &gt;&gt;&gt;&gt; Method = doRetrieveMatchingFiles] -- [Content = Searching directory [/Users/xk1020/IdeaProjects/Basic-Single-Module-SSJPA/target/classes/com/youmeek/ssm/interceptor] for files matching pattern [/Users/xk1020/IdeaProjects/Basic-Single-Module-SSJPA/target/classes/com/youmeek/**/dao/**/*SysUserDaoImpl.class]]
[2018-07-02 21:44:38.789] -- [DEBUG] -- [main &gt;&gt;&gt;&gt; PathMatchingResourcePatternResolver.java:430 &gt;&gt;&gt;&gt; Method = findPathMatchingResources] -- [Content = Resolved location pattern [classpath*:com/youmeek/**/dao/**/*SysUserDaoImpl.class] to resources []]
[2018-07-02 21:44:38.789] -- [DEBUG] -- [main &gt;&gt;&gt;&gt; RepositoryConfigurationDelegate.java:142 &gt;&gt;&gt;&gt; Method = registerRepositoriesIn] -- [Content = Spring Data JPA - Registering repository: sysUserDao - Interface: com.youmeek.ssm.module.user.dao.SysUserDao - Factory: org.springframework.data.jpa.repository.support.JpaRepositoryFactoryBean]
[2018-07-02 21:44:38.790] -- [DEBUG] -- [main &gt;&gt;&gt;&gt; AbstractBeanDefinitionReader.java:224 &gt;&gt;&gt;&gt; Method = loadBeanDefinitions] -- [Content = Loaded 26 bean definitions from location pattern [classpath*:spring/applicationContext*.xml]]
[2018-07-02 21:44:38.790] -- [INFO] -- [main &gt;&gt;&gt;&gt; AbstractApplicationContext.java:578 &gt;&gt;&gt;&gt; Method = prepareRefresh] -- [Content = Refreshing org.springframework.context.support.GenericApplicationContext@402f80f5: startup date [Mon Jul 02 21:44:38 CST 2018]; root of context hierarchy]
[2018-07-02 21:44:38.790] -- [DEBUG] -- [main &gt;&gt;&gt;&gt; AbstractApplicationContext.java:612 &gt;&gt;&gt;&gt; Method = obtainFreshBeanFactory] -- [Content = Bean factory for org.springframework.context.support.GenericApplicationContext@402f80f5: org.springframework.beans.factory.support.DefaultListableBeanFactory@1e8823d2: defining beans [org.springframework.context.support.PropertySourcesPlaceholderConfigurer#0,sysUserServiceImpl,org.springframework.context.annotation.internalConfigurationAnnotationProcessor,org.springframework.context.annotation.internalAutowiredAnnotationProcessor,org.springframework.context.annotation.internalRequiredAnnotationProcessor,org.springframework.context.annotation.internalCommonAnnotationProcessor,org.springframework.context.annotation.internalPersistenceAnnotationProcessor,org.springframework.context.event.internalEventListenerProcessor,org.springframework.context.event.internalEventListenerFactory,dataSource,druid-stat-interceptor,druid-stat-pointcut,org.springframework.aop.config.internalAutoProxyCreator,org.springframework.aop.support.DefaultBeanFactoryPointcutAdvisor#0,transactionManager,transactionAdvice,transactionPointcut,org.springframework.aop.support.DefaultBeanFactoryPointcutAdvisor#1,entityManagerFactory,hibernateJpaVendorAdapter,org.springframework.data.jpa.repository.config.JpaRepositoryConfigExtension#0,org.springframework.data.repository.core.support.RepositoryFactoryBeanSupport_Predictor,emBeanDefinitionRegistrarPostProcessor,jpaMappingContext,jpaContext,sysUserDao]; root of factory hierarchy]
[2018-07-02 21:44:38.791] -- [DEBUG] -- [main &gt;&gt;&gt;&gt; DefaultSingletonBeanRegistry.java:221 &gt;&gt;&gt;&gt; Method = getSingleton] -- [Content = Creating shared instance of singleton bean &apos;org.springframework.context.annotation.internalConfigurationAnnotationProcessor&apos;]
[2018-07-02 21:44:38.791] -- [DEBUG] -- [main &gt;&gt;&gt;&gt; AbstractAutowireCapableBeanFactory.java:448 &gt;&gt;&gt;&gt; Method = createBean] -- [Content = Creating instance of bean &apos;org.springframework.context.annotation.internalConfigurationAnnotationProcessor&apos;]
[2018-07-02 21:44:38.791] -- [DEBUG] -- [main &gt;&gt;&gt;&gt; AbstractAutowireCapableBeanFactory.java:529 &gt;&gt;&gt;&gt; Method = doCreateBean] -- [Content = Eagerly caching bean &apos;org.springframework.context.annotation.internalConfigurationAnnotationProcessor&apos; to allow for resolving potential circular references]
[2018-07-02 21:44:38.792] -- [DEBUG] -- [main &gt;&gt;&gt;&gt; AbstractAutowireCapableBeanFactory.java:484 &gt;&gt;&gt;&gt; Method = createBean] -- [Content = Finished creating instance of bean &apos;org.springframework.context.annotation.internalConfigurationAnnotationProcessor&apos;]
[2018-07-02 21:44:38.796] -- [DEBUG] -- [main &gt;&gt;&gt;&gt; DefaultSingletonBeanRegistry.java:221 &gt;&gt;&gt;&gt; Method = getSingleton] -- [Content = Creating shared instance of singleton bean &apos;org.springframework.context.support.PropertySourcesPlaceholderConfigurer#0&apos;]
[2018-07-02 21:44:38.796] -- [DEBUG] -- [main &gt;&gt;&gt;&gt; AbstractAutowireCapableBeanFactory.java:448 &gt;&gt;&gt;&gt; Method = createBean] -- [Content = Creating instance of bean &apos;org.springframework.context.support.PropertySourcesPlaceholderConfigurer#0&apos;]
[2018-07-02 21:44:38.797] -- [DEBUG] -- [main &gt;&gt;&gt;&gt; AbstractAutowireCapableBeanFactory.java:529 &gt;&gt;&gt;&gt; Method = doCreateBean] -- [Content = Eagerly caching bean &apos;org.springframework.context.support.PropertySourcesPlaceholderConfigurer#0&apos; to allow for resolving potential circular references]
[2018-07-02 21:44:38.797] -- [TRACE] -- [main &gt;&gt;&gt;&gt; CachedIntrospectionResults.java:265 &gt;&gt;&gt;&gt; Method = &lt;init&gt;] -- [Content = Getting BeanInfo for class [org.springframework.context.support.PropertySourcesPlaceholderConfigurer]]
[2018-07-02 21:44:38.797] -- [TRACE] -- [main &gt;&gt;&gt;&gt; CachedIntrospectionResults.java:284 &gt;&gt;&gt;&gt; Method = &lt;init&gt;] -- [Content = Caching PropertyDescriptors for class [org.springframework.context.support.PropertySourcesPlaceholderConfigurer]]
[2018-07-02 21:44:38.797] -- [TRACE] -- [main &gt;&gt;&gt;&gt; CachedIntrospectionResults.java:297 &gt;&gt;&gt;&gt; Method = &lt;init&gt;] -- [Content = Found bean property &apos;appliedPropertySources&apos; of type [org.springframework.core.env.PropertySources]]
[2018-07-02 21:44:38.797] -- [TRACE] -- [main &gt;&gt;&gt;&gt; CachedIntrospectionResults.java:297 &gt;&gt;&gt;&gt; Method = &lt;init&gt;] -- [Content = Found bean property &apos;beanFactory&apos; of type [org.springframework.beans.factory.BeanFactory]]
[2018-07-02 21:44:38.798] -- [TRACE] -- [main &gt;&gt;&gt;&gt; CachedIntrospectionResults.java:297 &gt;&gt;&gt;&gt; Method = &lt;init&gt;] -- [Content = Found bean property &apos;beanName&apos; of type [java.lang.String]]
[2018-07-02 21:44:38.798] -- [TRACE] -- [main &gt;&gt;&gt;&gt; CachedIntrospectionResults.java:297 &gt;&gt;&gt;&gt; Method = &lt;init&gt;] -- [Content = Found bean property &apos;class&apos; of type [java.lang.Class]]
[2018-07-02 21:44:38.798] -- [TRACE] -- [main &gt;&gt;&gt;&gt; CachedIntrospectionResults.java:297 &gt;&gt;&gt;&gt; Method = &lt;init&gt;] -- [Content = Found bean property &apos;environment&apos; of type [org.springframework.core.env.Environment]]
[2018-07-02 21:44:38.798] -- [TRACE] -- [main &gt;&gt;&gt;&gt; CachedIntrospectionResults.java:297 &gt;&gt;&gt;&gt; Method = &lt;init&gt;] -- [Content = Found bean property &apos;fileEncoding&apos; of type [java.lang.String]]
[2018-07-02 21:44:38.798] -- [TRACE] -- [main &gt;&gt;&gt;&gt; CachedIntrospectionResults.java:297 &gt;&gt;&gt;&gt; Method = &lt;init&gt;] -- [Content = Found bean property &apos;ignoreResourceNotFound&apos; of type [boolean]]
[2018-07-02 21:44:38.798] -- [TRACE] -- [main &gt;&gt;&gt;&gt; CachedIntrospectionResults.java:297 &gt;&gt;&gt;&gt; Method = &lt;init&gt;] -- [Content = Found bean property &apos;ignoreUnresolvablePlaceholders&apos; of type [boolean]]
[2018-07-02 21:44:38.799] -- [TRACE] -- [main &gt;&gt;&gt;&gt; CachedIntrospectionResults.java:297 &gt;&gt;&gt;&gt; Method = &lt;init&gt;] -- [Content = Found bean property &apos;localOverride&apos; of type [boolean]]
[2018-07-02 21:44:38.799] -- [TRACE] -- [main &gt;&gt;&gt;&gt; CachedIntrospectionResults.java:297 &gt;&gt;&gt;&gt; Method = &lt;init&gt;] -- [Content = Found bean property &apos;location&apos; of type [org.springframework.core.io.Resource]]
[2018-07-02 21:44:38.799] -- [TRACE] -- [main &gt;&gt;&gt;&gt; CachedIntrospectionResults.java:297 &gt;&gt;&gt;&gt; Method = &lt;init&gt;] -- [Content = Found bean property &apos;locations&apos; of type [[Lorg.springframework.core.io.Resource;]]
[2018-07-02 21:44:38.799] -- [TRACE] -- [main &gt;&gt;&gt;&gt; CachedIntrospectionResults.java:297 &gt;&gt;&gt;&gt; Method = &lt;init&gt;] -- [Content = Found bean property &apos;nullValue&apos; of type [java.lang.String]]
[2018-07-02 21:44:38.799] -- [TRACE] -- [main &gt;&gt;&gt;&gt; CachedIntrospectionResults.java:297 &gt;&gt;&gt;&gt; Method = &lt;init&gt;] -- [Content = Found bean property &apos;order&apos; of type [int]]
[2018-07-02 21:44:38.799] -- [TRACE] -- [main &gt;&gt;&gt;&gt; CachedIntrospectionResults.java:297 &gt;&gt;&gt;&gt; Method = &lt;init&gt;] -- [Content = Found bean property &apos;placeholderPrefix&apos; of type [java.lang.String]]
[2018-07-02 21:44:38.799] -- [TRACE] -- [main &gt;&gt;&gt;&gt; CachedIntrospectionResults.java:297 &gt;&gt;&gt;&gt; Method = &lt;init&gt;] -- [Content = Found bean property &apos;placeholderSuffix&apos; of type [java.lang.String]]
[2018-07-02 21:44:38.800] -- [TRACE] -- [main &gt;&gt;&gt;&gt; CachedIntrospectionResults.java:297 &gt;&gt;&gt;&gt; Method = &lt;init&gt;] -- [Content = Found bean property &apos;properties&apos; of type [java.util.Properties]]
[2018-07-02 21:44:38.800] -- [TRACE] -- [main &gt;&gt;&gt;&gt; CachedIntrospectionResults.java:297 &gt;&gt;&gt;&gt; Method = &lt;init&gt;] -- [Content = Found bean property &apos;propertiesArray&apos; of type [[Ljava.util.Properties;]]
[2018-07-02 21:44:38.800] -- [TRACE] -- [main &gt;&gt;&gt;&gt; CachedIntrospectionResults.java:297 &gt;&gt;&gt;&gt; Method = &lt;init&gt;] -- [Content = Found bean property &apos;propertiesPersister&apos; of type [org.springframework.util.PropertiesPersister]]
[2018-07-02 21:44:38.800] -- [TRACE] -- [main &gt;&gt;&gt;&gt; CachedIntrospectionResults.java:297 &gt;&gt;&gt;&gt; Method = &lt;init&gt;] -- [Content = Found bean property &apos;propertySources&apos; of type [org.springframework.core.env.PropertySources]]
[2018-07-02 21:44:38.800] -- [TRACE] -- [main &gt;&gt;&gt;&gt; CachedIntrospectionResults.java:297 &gt;&gt;&gt;&gt; Method = &lt;init&gt;] -- [Content = Found bean property &apos;valueSeparator&apos; of type [java.lang.String]]
[2018-07-02 21:44:38.801] -- [DEBUG] -- [main &gt;&gt;&gt;&gt; PathMatchingResourcePatternResolver.java:312 &gt;&gt;&gt;&gt; Method = findAllClassPathResources] -- [Content = Resolved classpath location [properties/] to resources [URL [file:/Users/xk1020/IdeaProjects/Basic-Single-Module-SSJPA/target/classes/properties/]]]
[2018-07-02 21:44:38.801] -- [DEBUG] -- [main &gt;&gt;&gt;&gt; PathMatchingResourcePatternResolver.java:637 &gt;&gt;&gt;&gt; Method = doFindMatchingFileSystemResources] -- [Content = Looking for matching resources in directory tree [/Users/xk1020/IdeaProjects/Basic-Single-Module-SSJPA/target/classes/properties]]
[2018-07-02 21:44:38.801] -- [DEBUG] -- [main &gt;&gt;&gt;&gt; PathMatchingResourcePatternResolver.java:699 &gt;&gt;&gt;&gt; Method = doRetrieveMatchingFiles] -- [Content = Searching directory [/Users/xk1020/IdeaProjects/Basic-Single-Module-SSJPA/target/classes/properties] for files matching pattern [/Users/xk1020/IdeaProjects/Basic-Single-Module-SSJPA/target/classes/properties/*.properties]]
[2018-07-02 21:44:38.802] -- [DEBUG] -- [main &gt;&gt;&gt;&gt; PathMatchingResourcePatternResolver.java:430 &gt;&gt;&gt;&gt; Method = findPathMatchingResources] -- [Content = Resolved location pattern [classpath*:properties/*.properties] to resources [file [/Users/xk1020/IdeaProjects/Basic-Single-Module-SSJPA/target/classes/properties/config.properties]]]
[2018-07-02 21:44:38.802] -- [DEBUG] -- [main &gt;&gt;&gt;&gt; AbstractAutowireCapableBeanFactory.java:484 &gt;&gt;&gt;&gt; Method = createBean] -- [Content = Finished creating instance of bean &apos;org.springframework.context.support.PropertySourcesPlaceholderConfigurer#0&apos;]
[2018-07-02 21:44:38.802] -- [DEBUG] -- [main &gt;&gt;&gt;&gt; MutablePropertySources.java:109 &gt;&gt;&gt;&gt; Method = addLast] -- [Content = Adding [environmentProperties] PropertySource with lowest search precedence]
[2018-07-02 21:44:38.802] -- [INFO] -- [main &gt;&gt;&gt;&gt; PropertiesLoaderSupport.java:172 &gt;&gt;&gt;&gt; Method = loadProperties] -- [Content = Loading properties file from file [/Users/xk1020/IdeaProjects/Basic-Single-Module-SSJPA/target/classes/properties/config.properties]]
[2018-07-02 21:44:38.802] -- [DEBUG] -- [main &gt;&gt;&gt;&gt; MutablePropertySources.java:109 &gt;&gt;&gt;&gt; Method = addLast] -- [Content = Adding [localProperties] PropertySource with lowest search precedence]
[2018-07-02 21:44:38.803] -- [TRACE] -- [main &gt;&gt;&gt;&gt; PropertySourcesPropertyResolver.java:76 &gt;&gt;&gt;&gt; Method = getProperty] -- [Content = getProperty(&quot;data_source_url&quot;, String)]
[2018-07-02 21:44:38.803] -- [DEBUG] -- [main &gt;&gt;&gt;&gt; PropertySourcesPropertyResolver.java:81 &gt;&gt;&gt;&gt; Method = getProperty] -- [Content = Searching for key &apos;data_source_url&apos; in [environmentProperties]]
[2018-07-02 21:44:38.803] -- [TRACE] -- [main &gt;&gt;&gt;&gt; PropertySourcesPropertyResolver.java:76 &gt;&gt;&gt;&gt; Method = getProperty] -- [Content = getProperty(&quot;data_source_url&quot;, String)]
[2018-07-02 21:44:38.803] -- [DEBUG] -- [main &gt;&gt;&gt;&gt; PropertySourcesPropertyResolver.java:81 &gt;&gt;&gt;&gt; Method = getProperty] -- [Content = Searching for key &apos;data_source_url&apos; in [systemProperties]]
[2018-07-02 21:44:38.803] -- [DEBUG] -- [main &gt;&gt;&gt;&gt; PropertySourcesPropertyResolver.java:81 &gt;&gt;&gt;&gt; Method = getProperty] -- [Content = Searching for key &apos;data_source_url&apos; in [systemEnvironment]]
[2018-07-02 21:44:38.804] -- [DEBUG] -- [main &gt;&gt;&gt;&gt; PropertySourcesPropertyResolver.java:103 &gt;&gt;&gt;&gt; Method = getProperty] -- [Content = Could not find key &apos;data_source_url&apos; in any property source. Returning [null]]
[2018-07-02 21:44:38.804] -- [DEBUG] -- [main &gt;&gt;&gt;&gt; PropertySourcesPropertyResolver.java:81 &gt;&gt;&gt;&gt; Method = getProperty] -- [Content = Searching for key &apos;data_source_url&apos; in [localProperties]]
[2018-07-02 21:44:38.804] -- [DEBUG] -- [main &gt;&gt;&gt;&gt; PropertySourcesPropertyResolver.java:90 &gt;&gt;&gt;&gt; Method = getProperty] -- [Content = Found key &apos;data_source_url&apos; in [localProperties] with type [String] and value &apos;jdbc:mysql://localhost:3306/ssm?useUnicode=true&amp;characterEncoding=utf-8&amp;autoReconnect=true&amp;allowMultiQueries=true&apos;]
[2018-07-02 21:44:38.804] -- [TRACE] -- [main &gt;&gt;&gt;&gt; PropertyPlaceholderHelper.java:165 &gt;&gt;&gt;&gt; Method = parseStringValue] -- [Content = Resolved placeholder &apos;data_source_url&apos;]
[2018-07-02 21:44:38.804] -- [TRACE] -- [main &gt;&gt;&gt;&gt; PropertySourcesPropertyResolver.java:76 &gt;&gt;&gt;&gt; Method = getProperty] -- [Content = getProperty(&quot;data_source_username&quot;, String)]
[2018-07-02 21:44:38.804] -- [DEBUG] -- [main &gt;&gt;&gt;&gt; PropertySourcesPropertyResolver.java:81 &gt;&gt;&gt;&gt; Method = getProperty] -- [Content = Searching for key &apos;data_source_username&apos; in [environmentProperties]]
[2018-07-02 21:44:38.805] -- [TRACE] -- [main &gt;&gt;&gt;&gt; PropertySourcesPropertyResolver.java:76 &gt;&gt;&gt;&gt; Method = getProperty] -- [Content = getProperty(&quot;data_source_username&quot;, String)]
[2018-07-02 21:44:38.805] -- [DEBUG] -- [main &gt;&gt;&gt;&gt; PropertySourcesPropertyResolver.java:81 &gt;&gt;&gt;&gt; Method = getProperty] -- [Content = Searching for key &apos;data_source_username&apos; in [systemProperties]]
[2018-07-02 21:44:38.805] -- [DEBUG] -- [main &gt;&gt;&gt;&gt; PropertySourcesPropertyResolver.java:81 &gt;&gt;&gt;&gt; Method = getProperty] -- [Content = Searching for key &apos;data_source_username&apos; in [systemEnvironment]]
[2018-07-02 21:44:38.805] -- [DEBUG] -- [main &gt;&gt;&gt;&gt; PropertySourcesPropertyResolver.java:103 &gt;&gt;&gt;&gt; Method = getProperty] -- [Content = Could not find key &apos;data_source_username&apos; in any property source. Returning [null]]
[2018-07-02 21:44:38.805] -- [DEBUG] -- [main &gt;&gt;&gt;&gt; PropertySourcesPropertyResolver.java:81 &gt;&gt;&gt;&gt; Method = getProperty] -- [Content = Searching for key &apos;data_source_username&apos; in [localProperties]]
[2018-07-02 21:44:38.805] -- [DEBUG] -- [main &gt;&gt;&gt;&gt; PropertySourcesPropertyResolver.java:90 &gt;&gt;&gt;&gt; Method = getProperty] -- [Content = Found key &apos;data_source_username&apos; in [localProperties] with type [String] and value &apos;root &apos;]
[2018-07-02 21:44:38.805] -- [TRACE] -- [main &gt;&gt;&gt;&gt; PropertyPlaceholderHelper.java:165 &gt;&gt;&gt;&gt; Method = parseStringValue] -- [Content = Resolved placeholder &apos;data_source_username&apos;]
[2018-07-02 21:44:38.806] -- [TRACE] -- [main &gt;&gt;&gt;&gt; PropertySourcesPropertyResolver.java:76 &gt;&gt;&gt;&gt; Method = getProperty] -- [Content = getProperty(&quot;data_source_password&quot;, String)]
[2018-07-02 21:44:38.806] -- [DEBUG] -- [main &gt;&gt;&gt;&gt; PropertySourcesPropertyResolver.java:81 &gt;&gt;&gt;&gt; Method = getProperty] -- [Content = Searching for key &apos;data_source_password&apos; in [environmentProperties]]
[2018-07-02 21:44:38.806] -- [TRACE] -- [main &gt;&gt;&gt;&gt; PropertySourcesPropertyResolver.java:76 &gt;&gt;&gt;&gt; Method = getProperty] -- [Content = getProperty(&quot;data_source_password&quot;, String)]
[2018-07-02 21:44:38.806] -- [DEBUG] -- [main &gt;&gt;&gt;&gt; PropertySourcesPropertyResolver.java:81 &gt;&gt;&gt;&gt; Method = getProperty] -- [Content = Searching for key &apos;data_source_password&apos; in [systemProperties]]
[2018-07-02 21:44:38.806] -- [DEBUG] -- [main &gt;&gt;&gt;&gt; PropertySourcesPropertyResolver.java:81 &gt;&gt;&gt;&gt; Method = getProperty] -- [Content = Searching for key &apos;data_source_password&apos; in [systemEnvironment]]
[2018-07-02 21:44:38.806] -- [DEBUG] -- [main &gt;&gt;&gt;&gt; PropertySourcesPropertyResolver.java:103 &gt;&gt;&gt;&gt; Method = getProperty] -- [Content = Could not find key &apos;data_source_password&apos; in any property source. Returning [null]]
[2018-07-02 21:44:38.807] -- [DEBUG] -- [main &gt;&gt;&gt;&gt; PropertySourcesPropertyResolver.java:81 &gt;&gt;&gt;&gt; Method = getProperty] -- [Content = Searching for key &apos;data_source_password&apos; in [localProperties]]
[2018-07-02 21:44:38.807] -- [DEBUG] -- [main &gt;&gt;&gt;&gt; PropertySourcesPropertyResolver.java:90 &gt;&gt;&gt;&gt; Method = getProperty] -- [Content = Found key &apos;data_source_password&apos; in [localProperties] with type [String] and value &apos;123456&apos;]
[2018-07-02 21:44:38.807] -- [TRACE] -- [main &gt;&gt;&gt;&gt; PropertyPlaceholderHelper.java:165 &gt;&gt;&gt;&gt; Method = parseStringValue] -- [Content = Resolved placeholder &apos;data_source_password&apos;]
[2018-07-02 21:44:38.807] -- [TRACE] -- [main &gt;&gt;&gt;&gt; PropertySourcesPropertyResolver.java:76 &gt;&gt;&gt;&gt; Method = getProperty] -- [Content = getProperty(&quot;validation_query&quot;, String)]
[2018-07-02 21:44:38.807] -- [DEBUG] -- [main &gt;&gt;&gt;&gt; PropertySourcesPropertyResolver.java:81 &gt;&gt;&gt;&gt; Method = getProperty] -- [Content = Searching for key &apos;validation_query&apos; in [environmentProperties]]
[2018-07-02 21:44:38.807] -- [TRACE] -- [main &gt;&gt;&gt;&gt; PropertySourcesPropertyResolver.java:76 &gt;&gt;&gt;&gt; Method = getProperty] -- [Content = getProperty(&quot;validation_query&quot;, String)]
[2018-07-02 21:44:38.807] -- [DEBUG] -- [main &gt;&gt;&gt;&gt; PropertySourcesPropertyResolver.java:81 &gt;&gt;&gt;&gt; Method = getProperty] -- [Content = Searching for key &apos;validation_query&apos; in [systemProperties]]
[2018-07-02 21:44:38.808] -- [DEBUG] -- [main &gt;&gt;&gt;&gt; PropertySourcesPropertyResolver.java:81 &gt;&gt;&gt;&gt; Method = getProperty] -- [Content = Searching for key &apos;validation_query&apos; in [systemEnvironment]]
[2018-07-02 21:44:38.808] -- [DEBUG] -- [main &gt;&gt;&gt;&gt; PropertySourcesPropertyResolver.java:103 &gt;&gt;&gt;&gt; Method = getProperty] -- [Content = Could not find key &apos;validation_query&apos; in any property source. Returning [null]]
[2018-07-02 21:44:38.808] -- [DEBUG] -- [main &gt;&gt;&gt;&gt; PropertySourcesPropertyResolver.java:81 &gt;&gt;&gt;&gt; Method = getProperty] -- [Content = Searching for key &apos;validation_query&apos; in [localProperties]]
[2018-07-02 21:44:38.808] -- [DEBUG] -- [main &gt;&gt;&gt;&gt; PropertySourcesPropertyResolver.java:90 &gt;&gt;&gt;&gt; Method = getProperty] -- [Content = Found key &apos;validation_query&apos; in [localProperties] with type [String] and value &apos;SELECT 1&apos;]
[2018-07-02 21:44:38.808] -- [TRACE] -- [main &gt;&gt;&gt;&gt; PropertyPlaceholderHelper.java:165 &gt;&gt;&gt;&gt; Method = parseStringValue] -- [Content = Resolved placeholder &apos;validation_query&apos;]
[2018-07-02 21:44:38.809] -- [DEBUG] -- [main &gt;&gt;&gt;&gt; DefaultSingletonBeanRegistry.java:221 &gt;&gt;&gt;&gt; Method = getSingleton] -- [Content = Creating shared instance of singleton bean &apos;emBeanDefinitionRegistrarPostProcessor&apos;]
[2018-07-02 21:44:38.809] -- [DEBUG] -- [main &gt;&gt;&gt;&gt; AbstractAutowireCapableBeanFactory.java:448 &gt;&gt;&gt;&gt; Method = createBean] -- [Content = Creating instance of bean &apos;emBeanDefinitionRegistrarPostProcessor&apos;]
[2018-07-02 21:44:38.809] -- [DEBUG] -- [main &gt;&gt;&gt;&gt; AbstractAutowireCapableBeanFactory.java:529 &gt;&gt;&gt;&gt; Method = doCreateBean] -- [Content = Eagerly caching bean &apos;emBeanDefinitionRegistrarPostProcessor&apos; to allow for resolving potential circular references]
[2018-07-02 21:44:38.809] -- [DEBUG] -- [main &gt;&gt;&gt;&gt; AbstractAutowireCapableBeanFactory.java:484 &gt;&gt;&gt;&gt; Method = createBean] -- [Content = Finished creating instance of bean &apos;emBeanDefinitionRegistrarPostProcessor&apos;]
[2018-07-02 21:44:38.810] -- [DEBUG] -- [main &gt;&gt;&gt;&gt; DefaultSingletonBeanRegistry.java:221 &gt;&gt;&gt;&gt; Method = getSingleton] -- [Content = Creating shared instance of singleton bean &apos;org.springframework.context.annotation.internalAutowiredAnnotationProcessor&apos;]
[2018-07-02 21:44:38.810] -- [DEBUG] -- [main &gt;&gt;&gt;&gt; AbstractAutowireCapableBeanFactory.java:448 &gt;&gt;&gt;&gt; Method = createBean] -- [Content = Creating instance of bean &apos;org.springframework.context.annotation.internalAutowiredAnnotationProcessor&apos;]
[2018-07-02 21:44:38.810] -- [INFO] -- [main &gt;&gt;&gt;&gt; AutowiredAnnotationBeanPostProcessor.java:153 &gt;&gt;&gt;&gt; Method = &lt;init&gt;] -- [Content = JSR-330 &apos;javax.inject.Inject&apos; annotation found and supported for autowiring]
[2018-07-02 21:44:38.810] -- [DEBUG] -- [main &gt;&gt;&gt;&gt; AbstractAutowireCapableBeanFactory.java:529 &gt;&gt;&gt;&gt; Method = doCreateBean] -- [Content = Eagerly caching bean &apos;org.springframework.context.annotation.internalAutowiredAnnotationProcessor&apos; to allow for resolving potential circular references]
[2018-07-02 21:44:38.810] -- [DEBUG] -- [main &gt;&gt;&gt;&gt; AbstractAutowireCapableBeanFactory.java:484 &gt;&gt;&gt;&gt; Method = createBean] -- [Content = Finished creating instance of bean &apos;org.springframework.context.annotation.internalAutowiredAnnotationProcessor&apos;]
[2018-07-02 21:44:38.811] -- [DEBUG] -- [main &gt;&gt;&gt;&gt; DefaultSingletonBeanRegistry.java:221 &gt;&gt;&gt;&gt; Method = getSingleton] -- [Content = Creating shared instance of singleton bean &apos;org.springframework.context.annotation.internalRequiredAnnotationProcessor&apos;]
[2018-07-02 21:44:38.811] -- [DEBUG] -- [main &gt;&gt;&gt;&gt; AbstractAutowireCapableBeanFactory.java:448 &gt;&gt;&gt;&gt; Method = createBean] -- [Content = Creating instance of bean &apos;org.springframework.context.annotation.internalRequiredAnnotationProcessor&apos;]
[2018-07-02 21:44:38.811] -- [DEBUG] -- [main &gt;&gt;&gt;&gt; AbstractAutowireCapableBeanFactory.java:529 &gt;&gt;&gt;&gt; Method = doCreateBean] -- [Content = Eagerly caching bean &apos;org.springframework.context.annotation.internalRequiredAnnotationProcessor&apos; to allow for resolving potential circular references]
[2018-07-02 21:44:38.811] -- [DEBUG] -- [main &gt;&gt;&gt;&gt; AbstractAutowireCapableBeanFactory.java:484 &gt;&gt;&gt;&gt; Method = createBean] -- [Content = Finished creating instance of bean &apos;org.springframework.context.annotation.internalRequiredAnnotationProcessor&apos;]
[2018-07-02 21:44:38.811] -- [DEBUG] -- [main &gt;&gt;&gt;&gt; DefaultSingletonBeanRegistry.java:221 &gt;&gt;&gt;&gt; Method = getSingleton] -- [Content = Creating shared instance of singleton bean &apos;org.springframework.context.annotation.internalCommonAnnotationProcessor&apos;]
[2018-07-02 21:44:38.811] -- [DEBUG] -- [main &gt;&gt;&gt;&gt; AbstractAutowireCapableBeanFactory.java:448 &gt;&gt;&gt;&gt; Method = createBean] -- [Content = Creating instance of bean &apos;org.springframework.context.annotation.internalCommonAnnotationProcessor&apos;]
[2018-07-02 21:44:38.811] -- [DEBUG] -- [main &gt;&gt;&gt;&gt; AbstractAutowireCapableBeanFactory.java:529 &gt;&gt;&gt;&gt; Method = doCreateBean] -- [Content = Eagerly caching bean &apos;org.springframework.context.annotation.internalCommonAnnotationProcessor&apos; to allow for resolving potential circular references]
[2018-07-02 21:44:38.812] -- [DEBUG] -- [main &gt;&gt;&gt;&gt; AbstractAutowireCapableBeanFactory.java:484 &gt;&gt;&gt;&gt; Method = createBean] -- [Content = Finished creating instance of bean &apos;org.springframework.context.annotation.internalCommonAnnotationProcessor&apos;]
[2018-07-02 21:44:38.812] -- [DEBUG] -- [main &gt;&gt;&gt;&gt; DefaultSingletonBeanRegistry.java:221 &gt;&gt;&gt;&gt; Method = getSingleton] -- [Content = Creating shared instance of singleton bean &apos;org.springframework.context.annotation.internalPersistenceAnnotationProcessor&apos;]
[2018-07-02 21:44:38.812] -- [DEBUG] -- [main &gt;&gt;&gt;&gt; AbstractAutowireCapableBeanFactory.java:448 &gt;&gt;&gt;&gt; Method = createBean] -- [Content = Creating instance of bean &apos;org.springframework.context.annotation.internalPersistenceAnnotationProcessor&apos;]
[2018-07-02 21:44:38.812] -- [DEBUG] -- [main &gt;&gt;&gt;&gt; AbstractAutowireCapableBeanFactory.java:529 &gt;&gt;&gt;&gt; Method = doCreateBean] -- [Content = Eagerly caching bean &apos;org.springframework.context.annotation.internalPersistenceAnnotationProcessor&apos; to allow for resolving potential circular references]
[2018-07-02 21:44:38.812] -- [DEBUG] -- [main &gt;&gt;&gt;&gt; AbstractAutowireCapableBeanFactory.java:484 &gt;&gt;&gt;&gt; Method = createBean] -- [Content = Finished creating instance of bean &apos;org.springframework.context.annotation.internalPersistenceAnnotationProcessor&apos;]
[2018-07-02 21:44:38.812] -- [DEBUG] -- [main &gt;&gt;&gt;&gt; DefaultSingletonBeanRegistry.java:221 &gt;&gt;&gt;&gt; Method = getSingleton] -- [Content = Creating shared instance of singleton bean &apos;org.springframework.data.repository.core.support.RepositoryFactoryBeanSupport_Predictor&apos;]
[2018-07-02 21:44:38.812] -- [DEBUG] -- [main &gt;&gt;&gt;&gt; AbstractAutowireCapableBeanFactory.java:448 &gt;&gt;&gt;&gt; Method = createBean] -- [Content = Creating instance of bean &apos;org.springframework.data.repository.core.support.RepositoryFactoryBeanSupport_Predictor&apos;]
[2018-07-02 21:44:38.813] -- [TRACE] -- [main &gt;&gt;&gt;&gt; TypeConverterDelegate.java:434 &gt;&gt;&gt;&gt; Method = doConvertValue] -- [Content = Converting String to [class java.lang.Class] using property editor [org.springframework.beans.propertyeditors.ClassEditor@62e8f862]]
[2018-07-02 21:44:38.813] -- [TRACE] -- [main &gt;&gt;&gt;&gt; TypeConverterDelegate.java:434 &gt;&gt;&gt;&gt; Method = doConvertValue] -- [Content = Converting String to [class [Ljava.lang.String;] using property editor [org.springframework.beans.propertyeditors.StringArrayPropertyEditor@3c49fab6]]
[2018-07-02 21:44:38.813] -- [DEBUG] -- [main &gt;&gt;&gt;&gt; AbstractAutowireCapableBeanFactory.java:529 &gt;&gt;&gt;&gt; Method = doCreateBean] -- [Content = Eagerly caching bean &apos;org.springframework.data.repository.core.support.RepositoryFactoryBeanSupport_Predictor&apos; to allow for resolving potential circular references]
[2018-07-02 21:44:38.814] -- [DEBUG] -- [main &gt;&gt;&gt;&gt; AbstractAutowireCapableBeanFactory.java:484 &gt;&gt;&gt;&gt; Method = createBean] -- [Content = Finished creating instance of bean &apos;org.springframework.data.repository.core.support.RepositoryFactoryBeanSupport_Predictor&apos;]
[2018-07-02 21:44:38.814] -- [DEBUG] -- [main &gt;&gt;&gt;&gt; DefaultSingletonBeanRegistry.java:221 &gt;&gt;&gt;&gt; Method = getSingleton] -- [Content = Creating shared instance of singleton bean &apos;org.springframework.context.annotation.ConfigurationClassPostProcessor.importAwareProcessor&apos;]
[2018-07-02 21:44:38.814] -- [DEBUG] -- [main &gt;&gt;&gt;&gt; AbstractAutowireCapableBeanFactory.java:448 &gt;&gt;&gt;&gt; Method = createBean] -- [Content = Creating instance of bean &apos;org.springframework.context.annotation.ConfigurationClassPostProcessor.importAwareProcessor&apos;]
[2018-07-02 21:44:38.814] -- [DEBUG] -- [main &gt;&gt;&gt;&gt; AbstractAutowireCapableBeanFactory.java:529 &gt;&gt;&gt;&gt; Method = doCreateBean] -- [Content = Eagerly caching bean &apos;org.springframework.context.annotation.ConfigurationClassPostProcessor.importAwareProcessor&apos; to allow for resolving potential circular references]
[2018-07-02 21:44:38.814] -- [DEBUG] -- [main &gt;&gt;&gt;&gt; AbstractAutowireCapableBeanFactory.java:484 &gt;&gt;&gt;&gt; Method = createBean] -- [Content = Finished creating instance of bean &apos;org.springframework.context.annotation.ConfigurationClassPostProcessor.importAwareProcessor&apos;]
[2018-07-02 21:44:38.814] -- [DEBUG] -- [main &gt;&gt;&gt;&gt; DefaultSingletonBeanRegistry.java:221 &gt;&gt;&gt;&gt; Method = getSingleton] -- [Content = Creating shared instance of singleton bean &apos;org.springframework.context.annotation.ConfigurationClassPostProcessor.enhancedConfigurationProcessor&apos;]
[2018-07-02 21:44:38.814] -- [DEBUG] -- [main &gt;&gt;&gt;&gt; AbstractAutowireCapableBeanFactory.java:448 &gt;&gt;&gt;&gt; Method = createBean] -- [Content = Creating instance of bean &apos;org.springframework.context.annotation.ConfigurationClassPostProcessor.enhancedConfigurationProcessor&apos;]
[2018-07-02 21:44:38.815] -- [DEBUG] -- [main &gt;&gt;&gt;&gt; AbstractAutowireCapableBeanFactory.java:529 &gt;&gt;&gt;&gt; Method = doCreateBean] -- [Content = Eagerly caching bean &apos;org.springframework.context.annotation.ConfigurationClassPostProcessor.enhancedConfigurationProcessor&apos; to allow for resolving potential circular references]
[2018-07-02 21:44:38.815] -- [DEBUG] -- [main &gt;&gt;&gt;&gt; AbstractAutowireCapableBeanFactory.java:484 &gt;&gt;&gt;&gt; Method = createBean] -- [Content = Finished creating instance of bean &apos;org.springframework.context.annotation.ConfigurationClassPostProcessor.enhancedConfigurationProcessor&apos;]
[2018-07-02 21:44:38.815] -- [DEBUG] -- [main &gt;&gt;&gt;&gt; DefaultSingletonBeanRegistry.java:221 &gt;&gt;&gt;&gt; Method = getSingleton] -- [Content = Creating shared instance of singleton bean &apos;org.springframework.aop.config.internalAutoProxyCreator&apos;]
[2018-07-02 21:44:38.815] -- [DEBUG] -- [main &gt;&gt;&gt;&gt; AbstractAutowireCapableBeanFactory.java:448 &gt;&gt;&gt;&gt; Method = createBean] -- [Content = Creating instance of bean &apos;org.springframework.aop.config.internalAutoProxyCreator&apos;]
[2018-07-02 21:44:38.815] -- [DEBUG] -- [main &gt;&gt;&gt;&gt; AbstractAutowireCapableBeanFactory.java:529 &gt;&gt;&gt;&gt; Method = doCreateBean] -- [Content = Eagerly caching bean &apos;org.springframework.aop.config.internalAutoProxyCreator&apos; to allow for resolving potential circular references]
[2018-07-02 21:44:38.816] -- [TRACE] -- [main &gt;&gt;&gt;&gt; CachedIntrospectionResults.java:265 &gt;&gt;&gt;&gt; Method = &lt;init&gt;] -- [Content = Getting BeanInfo for class [org.springframework.aop.aspectj.autoproxy.AspectJAwareAdvisorAutoProxyCreator]]
[2018-07-02 21:44:38.816] -- [TRACE] -- [main &gt;&gt;&gt;&gt; CachedIntrospectionResults.java:284 &gt;&gt;&gt;&gt; Method = &lt;init&gt;] -- [Content = Caching PropertyDescriptors for class [org.springframework.aop.aspectj.autoproxy.AspectJAwareAdvisorAutoProxyCreator]]
[2018-07-02 21:44:38.816] -- [TRACE] -- [main &gt;&gt;&gt;&gt; CachedIntrospectionResults.java:297 &gt;&gt;&gt;&gt; Method = &lt;init&gt;] -- [Content = Found bean property &apos;advisorAdapterRegistry&apos; of type [org.springframework.aop.framework.adapter.AdvisorAdapterRegistry]]
[2018-07-02 21:44:38.816] -- [TRACE] -- [main &gt;&gt;&gt;&gt; CachedIntrospectionResults.java:297 &gt;&gt;&gt;&gt; Method = &lt;init&gt;] -- [Content = Found bean property &apos;applyCommonInterceptorsFirst&apos; of type [boolean]]
[2018-07-02 21:44:38.817] -- [TRACE] -- [main &gt;&gt;&gt;&gt; CachedIntrospectionResults.java:297 &gt;&gt;&gt;&gt; Method = &lt;init&gt;] -- [Content = Found bean property &apos;beanClassLoader&apos; of type [java.lang.ClassLoader]]
[2018-07-02 21:44:38.817] -- [TRACE] -- [main &gt;&gt;&gt;&gt; CachedIntrospectionResults.java:297 &gt;&gt;&gt;&gt; Method = &lt;init&gt;] -- [Content = Found bean property &apos;beanFactory&apos; of type [org.springframework.beans.factory.BeanFactory]]
[2018-07-02 21:44:38.817] -- [TRACE] -- [main &gt;&gt;&gt;&gt; CachedIntrospectionResults.java:297 &gt;&gt;&gt;&gt; Method = &lt;init&gt;] -- [Content = Found bean property &apos;class&apos; of type [java.lang.Class]]
[2018-07-02 21:44:38.817] -- [TRACE] -- [main &gt;&gt;&gt;&gt; CachedIntrospectionResults.java:297 &gt;&gt;&gt;&gt; Method = &lt;init&gt;] -- [Content = Found bean property &apos;customTargetSourceCreators&apos; of type [[Lorg.springframework.aop.framework.autoproxy.TargetSourceCreator;]]
[2018-07-02 21:44:38.817] -- [TRACE] -- [main &gt;&gt;&gt;&gt; CachedIntrospectionResults.java:297 &gt;&gt;&gt;&gt; Method = &lt;init&gt;] -- [Content = Found bean property &apos;exposeProxy&apos; of type [boolean]]
[2018-07-02 21:44:38.817] -- [TRACE] -- [main &gt;&gt;&gt;&gt; CachedIntrospectionResults.java:297 &gt;&gt;&gt;&gt; Method = &lt;init&gt;] -- [Content = Found bean property &apos;frozen&apos; of type [boolean]]
[2018-07-02 21:44:38.817] -- [TRACE] -- [main &gt;&gt;&gt;&gt; CachedIntrospectionResults.java:297 &gt;&gt;&gt;&gt; Method = &lt;init&gt;] -- [Content = Found bean property &apos;interceptorNames&apos; of type [[Ljava.lang.String;]]
[2018-07-02 21:44:38.818] -- [TRACE] -- [main &gt;&gt;&gt;&gt; CachedIntrospectionResults.java:297 &gt;&gt;&gt;&gt; Method = &lt;init&gt;] -- [Content = Found bean property &apos;opaque&apos; of type [boolean]]
[2018-07-02 21:44:38.818] -- [TRACE] -- [main &gt;&gt;&gt;&gt; CachedIntrospectionResults.java:297 &gt;&gt;&gt;&gt; Method = &lt;init&gt;] -- [Content = Found bean property &apos;optimize&apos; of type [boolean]]
[2018-07-02 21:44:38.818] -- [TRACE] -- [main &gt;&gt;&gt;&gt; CachedIntrospectionResults.java:297 &gt;&gt;&gt;&gt; Method = &lt;init&gt;] -- [Content = Found bean property &apos;order&apos; of type [int]]
[2018-07-02 21:44:38.818] -- [TRACE] -- [main &gt;&gt;&gt;&gt; CachedIntrospectionResults.java:297 &gt;&gt;&gt;&gt; Method = &lt;init&gt;] -- [Content = Found bean property &apos;proxyClassLoader&apos; of type [java.lang.ClassLoader]]
[2018-07-02 21:44:38.818] -- [TRACE] -- [main &gt;&gt;&gt;&gt; CachedIntrospectionResults.java:297 &gt;&gt;&gt;&gt; Method = &lt;init&gt;] -- [Content = Found bean property &apos;proxyTargetClass&apos; of type [boolean]]
[2018-07-02 21:44:38.819] -- [DEBUG] -- [main &gt;&gt;&gt;&gt; AbstractAutowireCapableBeanFactory.java:484 &gt;&gt;&gt;&gt; Method = createBean] -- [Content = Finished creating instance of bean &apos;org.springframework.aop.config.internalAutoProxyCreator&apos;]
[2018-07-02 21:44:38.819] -- [DEBUG] -- [main &gt;&gt;&gt;&gt; AbstractApplicationContext.java:718 &gt;&gt;&gt;&gt; Method = initMessageSource] -- [Content = Unable to locate MessageSource with name &apos;messageSource&apos;: using default [org.springframework.context.support.DelegatingMessageSource@515f4131]]
[2018-07-02 21:44:38.819] -- [DEBUG] -- [main &gt;&gt;&gt;&gt; AbstractApplicationContext.java:742 &gt;&gt;&gt;&gt; Method = initApplicationEventMulticaster] -- [Content = Unable to locate ApplicationEventMulticaster with name &apos;applicationEventMulticaster&apos;: using default [org.springframework.context.event.SimpleApplicationEventMulticaster@74518890]]
[2018-07-02 21:44:38.819] -- [DEBUG] -- [main &gt;&gt;&gt;&gt; DefaultSingletonBeanRegistry.java:221 &gt;&gt;&gt;&gt; Method = getSingleton] -- [Content = Creating shared instance of singleton bean &apos;entityManagerFactory&apos;]
[2018-07-02 21:44:38.820] -- [DEBUG] -- [main &gt;&gt;&gt;&gt; AbstractAutowireCapableBeanFactory.java:448 &gt;&gt;&gt;&gt; Method = createBean] -- [Content = Creating instance of bean &apos;entityManagerFactory&apos;]
[2018-07-02 21:44:38.820] -- [DEBUG] -- [main &gt;&gt;&gt;&gt; DefaultSingletonBeanRegistry.java:221 &gt;&gt;&gt;&gt; Method = getSingleton] -- [Content = Creating shared instance of singleton bean &apos;org.springframework.aop.support.DefaultBeanFactoryPointcutAdvisor#0&apos;]
[2018-07-02 21:44:38.820] -- [DEBUG] -- [main &gt;&gt;&gt;&gt; AbstractAutowireCapableBeanFactory.java:448 &gt;&gt;&gt;&gt; Method = createBean] -- [Content = Creating instance of bean &apos;org.springframework.aop.support.DefaultBeanFactoryPointcutAdvisor#0&apos;]
[2018-07-02 21:44:38.820] -- [TRACE] -- [main &gt;&gt;&gt;&gt; AbstractAutoProxyCreator.java:376 &gt;&gt;&gt;&gt; Method = isInfrastructureClass] -- [Content = Did not attempt to auto-proxy infrastructure class [org.springframework.aop.support.DefaultBeanFactoryPointcutAdvisor]]
[2018-07-02 21:44:38.821] -- [DEBUG] -- [main &gt;&gt;&gt;&gt; AbstractAutowireCapableBeanFactory.java:529 &gt;&gt;&gt;&gt; Method = doCreateBean] -- [Content = Eagerly caching bean &apos;org.springframework.aop.support.DefaultBeanFactoryPointcutAdvisor#0&apos; to allow for resolving potential circular references]
[2018-07-02 21:44:38.821] -- [TRACE] -- [main &gt;&gt;&gt;&gt; CachedIntrospectionResults.java:265 &gt;&gt;&gt;&gt; Method = &lt;init&gt;] -- [Content = Getting BeanInfo for class [org.springframework.aop.support.DefaultBeanFactoryPointcutAdvisor]]
[2018-07-02 21:44:38.821] -- [TRACE] -- [main &gt;&gt;&gt;&gt; CachedIntrospectionResults.java:284 &gt;&gt;&gt;&gt; Method = &lt;init&gt;] -- [Content = Caching PropertyDescriptors for class [org.springframework.aop.support.DefaultBeanFactoryPointcutAdvisor]]
[2018-07-02 21:44:38.821] -- [TRACE] -- [main &gt;&gt;&gt;&gt; CachedIntrospectionResults.java:297 &gt;&gt;&gt;&gt; Method = &lt;init&gt;] -- [Content = Found bean property &apos;advice&apos; of type [org.aopalliance.aop.Advice]]
[2018-07-02 21:44:38.821] -- [TRACE] -- [main &gt;&gt;&gt;&gt; CachedIntrospectionResults.java:297 &gt;&gt;&gt;&gt; Method = &lt;init&gt;] -- [Content = Found bean property &apos;adviceBeanName&apos; of type [java.lang.String]]
[2018-07-02 21:44:38.821] -- [TRACE] -- [main &gt;&gt;&gt;&gt; CachedIntrospectionResults.java:297 &gt;&gt;&gt;&gt; Method = &lt;init&gt;] -- [Content = Found bean property &apos;beanFactory&apos; of type [org.springframework.beans.factory.BeanFactory]]
[2018-07-02 21:44:38.821] -- [TRACE] -- [main &gt;&gt;&gt;&gt; CachedIntrospectionResults.java:297 &gt;&gt;&gt;&gt; Method = &lt;init&gt;] -- [Content = Found bean property &apos;class&apos; of type [java.lang.Class]]
[2018-07-02 21:44:38.822] -- [TRACE] -- [main &gt;&gt;&gt;&gt; CachedIntrospectionResults.java:297 &gt;&gt;&gt;&gt; Method = &lt;init&gt;] -- [Content = Found bean property &apos;order&apos; of type [int]]
[2018-07-02 21:44:38.822] -- [TRACE] -- [main &gt;&gt;&gt;&gt; CachedIntrospectionResults.java:297 &gt;&gt;&gt;&gt; Method = &lt;init&gt;] -- [Content = Found bean property &apos;perInstance&apos; of type [boolean]]
[2018-07-02 21:44:38.822] -- [TRACE] -- [main &gt;&gt;&gt;&gt; CachedIntrospectionResults.java:297 &gt;&gt;&gt;&gt; Method = &lt;init&gt;] -- [Content = Found bean property &apos;pointcut&apos; of type [org.springframework.aop.Pointcut]]
[2018-07-02 21:44:38.822] -- [DEBUG] -- [main &gt;&gt;&gt;&gt; AbstractAutowireCapableBeanFactory.java:448 &gt;&gt;&gt;&gt; Method = createBean] -- [Content = Creating instance of bean &apos;druid-stat-pointcut&apos;]
[2018-07-02 21:44:38.823] -- [DEBUG] -- [main &gt;&gt;&gt;&gt; BeanFactoryAdvisorRetrievalHelper.java:87 &gt;&gt;&gt;&gt; Method = findAdvisorBeans] -- [Content = Skipping currently created advisor &apos;org.springframework.aop.support.DefaultBeanFactoryPointcutAdvisor#0&apos;]
[2018-07-02 21:44:38.823] -- [DEBUG] -- [main &gt;&gt;&gt;&gt; DefaultSingletonBeanRegistry.java:221 &gt;&gt;&gt;&gt; Method = getSingleton] -- [Content = Creating shared instance of singleton bean &apos;org.springframework.aop.support.DefaultBeanFactoryPointcutAdvisor#1&apos;]
[2018-07-02 21:44:38.823] -- [DEBUG] -- [main &gt;&gt;&gt;&gt; AbstractAutowireCapableBeanFactory.java:448 &gt;&gt;&gt;&gt; Method = createBean] -- [Content = Creating instance of bean &apos;org.springframework.aop.support.DefaultBeanFactoryPointcutAdvisor#1&apos;]
[2018-07-02 21:44:38.823] -- [TRACE] -- [main &gt;&gt;&gt;&gt; AbstractAutoProxyCreator.java:376 &gt;&gt;&gt;&gt; Method = isInfrastructureClass] -- [Content = Did not attempt to auto-proxy infrastructure class [org.springframework.aop.support.DefaultBeanFactoryPointcutAdvisor]]
[2018-07-02 21:44:38.824] -- [DEBUG] -- [main &gt;&gt;&gt;&gt; AbstractAutowireCapableBeanFactory.java:529 &gt;&gt;&gt;&gt; Method = doCreateBean] -- [Content = Eagerly caching bean &apos;org.springframework.aop.support.DefaultBeanFactoryPointcutAdvisor#1&apos; to allow for resolving potential circular references]
[2018-07-02 21:44:38.824] -- [DEBUG] -- [main &gt;&gt;&gt;&gt; AbstractAutowireCapableBeanFactory.java:448 &gt;&gt;&gt;&gt; Method = createBean] -- [Content = Creating instance of bean &apos;transactionPointcut&apos;]
[2018-07-02 21:44:38.824] -- [TRACE] -- [main &gt;&gt;&gt;&gt; CachedIntrospectionResults.java:265 &gt;&gt;&gt;&gt; Method = &lt;init&gt;] -- [Content = Getting BeanInfo for class [org.springframework.aop.aspectj.AspectJExpressionPointcut]]
[2018-07-02 21:44:38.824] -- [TRACE] -- [main &gt;&gt;&gt;&gt; CachedIntrospectionResults.java:284 &gt;&gt;&gt;&gt; Method = &lt;init&gt;] -- [Content = Caching PropertyDescriptors for class [org.springframework.aop.aspectj.AspectJExpressionPointcut]]
[2018-07-02 21:44:38.825] -- [TRACE] -- [main &gt;&gt;&gt;&gt; CachedIntrospectionResults.java:297 &gt;&gt;&gt;&gt; Method = &lt;init&gt;] -- [Content = Found bean property &apos;beanFactory&apos; of type [org.springframework.beans.factory.BeanFactory]]
[2018-07-02 21:44:38.825] -- [TRACE] -- [main &gt;&gt;&gt;&gt; CachedIntrospectionResults.java:297 &gt;&gt;&gt;&gt; Method = &lt;init&gt;] -- [Content = Found bean property &apos;class&apos; of type [java.lang.Class]]
[2018-07-02 21:44:38.825] -- [TRACE] -- [main &gt;&gt;&gt;&gt; CachedIntrospectionResults.java:297 &gt;&gt;&gt;&gt; Method = &lt;init&gt;] -- [Content = Found bean property &apos;classFilter&apos; of type [org.springframework.aop.ClassFilter]]
[2018-07-02 21:44:38.825] -- [TRACE] -- [main &gt;&gt;&gt;&gt; CachedIntrospectionResults.java:297 &gt;&gt;&gt;&gt; Method = &lt;init&gt;] -- [Content = Found bean property &apos;expression&apos; of type [java.lang.String]]
[2018-07-02 21:44:38.826] -- [TRACE] -- [main &gt;&gt;&gt;&gt; CachedIntrospectionResults.java:297 &gt;&gt;&gt;&gt; Method = &lt;init&gt;] -- [Content = Found bean property &apos;location&apos; of type [java.lang.String]]
[2018-07-02 21:44:38.826] -- [TRACE] -- [main &gt;&gt;&gt;&gt; CachedIntrospectionResults.java:297 &gt;&gt;&gt;&gt; Method = &lt;init&gt;] -- [Content = Found bean property &apos;methodMatcher&apos; of type [org.springframework.aop.MethodMatcher]]
[2018-07-02 21:44:38.826] -- [TRACE] -- [main &gt;&gt;&gt;&gt; CachedIntrospectionResults.java:297 &gt;&gt;&gt;&gt; Method = &lt;init&gt;] -- [Content = Found bean property &apos;parameterNames&apos; of type [[Ljava.lang.String;]]
[2018-07-02 21:44:38.826] -- [TRACE] -- [main &gt;&gt;&gt;&gt; CachedIntrospectionResults.java:297 &gt;&gt;&gt;&gt; Method = &lt;init&gt;] -- [Content = Found bean property &apos;parameterTypes&apos; of type [[Ljava.lang.Class;]]
[2018-07-02 21:44:38.827] -- [TRACE] -- [main &gt;&gt;&gt;&gt; CachedIntrospectionResults.java:297 &gt;&gt;&gt;&gt; Method = &lt;init&gt;] -- [Content = Found bean property &apos;pointcutDeclarationScope&apos; of type [java.lang.Class]]
[2018-07-02 21:44:38.827] -- [TRACE] -- [main &gt;&gt;&gt;&gt; CachedIntrospectionResults.java:297 &gt;&gt;&gt;&gt; Method = &lt;init&gt;] -- [Content = Found bean property &apos;pointcutExpression&apos; of type [org.aspectj.weaver.tools.PointcutExpression]]
[2018-07-02 21:44:38.827] -- [TRACE] -- [main &gt;&gt;&gt;&gt; CachedIntrospectionResults.java:297 &gt;&gt;&gt;&gt; Method = &lt;init&gt;] -- [Content = Found bean property &apos;runtime&apos; of type [boolean]]
[2018-07-02 21:44:38.827] -- [DEBUG] -- [main &gt;&gt;&gt;&gt; AbstractAutowireCapableBeanFactory.java:484 &gt;&gt;&gt;&gt; Method = createBean] -- [Content = Finished creating instance of bean &apos;transactionPointcut&apos;]
[2018-07-02 21:44:38.828] -- [DEBUG] -- [main &gt;&gt;&gt;&gt; AbstractAutowireCapableBeanFactory.java:484 &gt;&gt;&gt;&gt; Method = createBean] -- [Content = Finished creating instance of bean &apos;org.springframework.aop.support.DefaultBeanFactoryPointcutAdvisor#1&apos;]
[2018-07-02 21:44:38.828] -- [TRACE] -- [main &gt;&gt;&gt;&gt; CachedIntrospectionResults.java:265 &gt;&gt;&gt;&gt; Method = &lt;init&gt;] -- [Content = Getting BeanInfo for class [org.springframework.aop.support.JdkRegexpMethodPointcut]]
[2018-07-02 21:44:38.828] -- [TRACE] -- [main &gt;&gt;&gt;&gt; CachedIntrospectionResults.java:284 &gt;&gt;&gt;&gt; Method = &lt;init&gt;] -- [Content = Caching PropertyDescriptors for class [org.springframework.aop.support.JdkRegexpMethodPointcut]]
[2018-07-02 21:44:38.829] -- [TRACE] -- [main &gt;&gt;&gt;&gt; CachedIntrospectionResults.java:297 &gt;&gt;&gt;&gt; Method = &lt;init&gt;] -- [Content = Found bean property &apos;class&apos; of type [java.lang.Class]]
[2018-07-02 21:44:38.829] -- [TRACE] -- [main &gt;&gt;&gt;&gt; CachedIntrospectionResults.java:297 &gt;&gt;&gt;&gt; Method = &lt;init&gt;] -- [Content = Found bean property &apos;classFilter&apos; of type [org.springframework.aop.ClassFilter]]
[2018-07-02 21:44:38.829] -- [TRACE] -- [main &gt;&gt;&gt;&gt; CachedIntrospectionResults.java:297 &gt;&gt;&gt;&gt; Method = &lt;init&gt;] -- [Content = Found bean property &apos;excludedPattern&apos; of type [java.lang.String]]
[2018-07-02 21:44:38.829] -- [TRACE] -- [main &gt;&gt;&gt;&gt; CachedIntrospectionResults.java:297 &gt;&gt;&gt;&gt; Method = &lt;init&gt;] -- [Content = Found bean property &apos;excludedPatterns&apos; of type [[Ljava.lang.String;]]
[2018-07-02 21:44:38.829] -- [TRACE] -- [main &gt;&gt;&gt;&gt; CachedIntrospectionResults.java:297 &gt;&gt;&gt;&gt; Method = &lt;init&gt;] -- [Content = Found bean property &apos;methodMatcher&apos; of type [org.springframework.aop.MethodMatcher]]
[2018-07-02 21:44:38.830] -- [TRACE] -- [main &gt;&gt;&gt;&gt; CachedIntrospectionResults.java:297 &gt;&gt;&gt;&gt; Method = &lt;init&gt;] -- [Content = Found bean property &apos;pattern&apos; of type [java.lang.String]]
[2018-07-02 21:44:38.830] -- [TRACE] -- [main &gt;&gt;&gt;&gt; CachedIntrospectionResults.java:297 &gt;&gt;&gt;&gt; Method = &lt;init&gt;] -- [Content = Found bean property &apos;patterns&apos; of type [[Ljava.lang.String;]]
[2018-07-02 21:44:38.830] -- [TRACE] -- [main &gt;&gt;&gt;&gt; CachedIntrospectionResults.java:297 &gt;&gt;&gt;&gt; Method = &lt;init&gt;] -- [Content = Found bean property &apos;runtime&apos; of type [boolean]]
[2018-07-02 21:44:38.831] -- [DEBUG] -- [main &gt;&gt;&gt;&gt; BeanFactoryAdvisorRetrievalHelper.java:87 &gt;&gt;&gt;&gt; Method = findAdvisorBeans] -- [Content = Skipping currently created advisor &apos;org.springframework.aop.support.DefaultBeanFactoryPointcutAdvisor#0&apos;]
[2018-07-02 21:44:38.831] -- [DEBUG] -- [main &gt;&gt;&gt;&gt; AbstractBeanFactory.java:251 &gt;&gt;&gt;&gt; Method = doGetBean] -- [Content = Returning cached instance of singleton bean &apos;org.springframework.aop.support.DefaultBeanFactoryPointcutAdvisor#1&apos;]
[2018-07-02 21:44:38.831] -- [DEBUG] -- [main &gt;&gt;&gt;&gt; BeanFactoryAdvisorRetrievalHelper.java:87 &gt;&gt;&gt;&gt; Method = findAdvisorBeans] -- [Content = Skipping currently created advisor &apos;org.springframework.aop.support.DefaultBeanFactoryPointcutAdvisor#0&apos;]
[2018-07-02 21:44:38.831] -- [DEBUG] -- [main &gt;&gt;&gt;&gt; AbstractBeanFactory.java:251 &gt;&gt;&gt;&gt; Method = doGetBean] -- [Content = Returning cached instance of singleton bean &apos;org.springframework.aop.support.DefaultBeanFactoryPointcutAdvisor#1&apos;]
[2018-07-02 21:44:38.836] -- [DEBUG] -- [main &gt;&gt;&gt;&gt; AbstractAutowireCapableBeanFactory.java:484 &gt;&gt;&gt;&gt; Method = createBean] -- [Content = Finished creating instance of bean &apos;druid-stat-pointcut&apos;]
[2018-07-02 21:44:38.836] -- [DEBUG] -- [main &gt;&gt;&gt;&gt; AbstractAutowireCapableBeanFactory.java:484 &gt;&gt;&gt;&gt; Method = createBean] -- [Content = Finished creating instance of bean &apos;org.springframework.aop.support.DefaultBeanFactoryPointcutAdvisor#0&apos;]
[2018-07-02 21:44:38.837] -- [DEBUG] -- [main &gt;&gt;&gt;&gt; AbstractBeanFactory.java:251 &gt;&gt;&gt;&gt; Method = doGetBean] -- [Content = Returning cached instance of singleton bean &apos;org.springframework.aop.support.DefaultBeanFactoryPointcutAdvisor#1&apos;]
[2018-07-02 21:44:38.837] -- [DEBUG] -- [main &gt;&gt;&gt;&gt; AbstractAutowireCapableBeanFactory.java:529 &gt;&gt;&gt;&gt; Method = doCreateBean] -- [Content = Eagerly caching bean &apos;entityManagerFactory&apos; to allow for resolving potential circular references]
[2018-07-02 21:44:38.837] -- [TRACE] -- [main &gt;&gt;&gt;&gt; CachedIntrospectionResults.java:265 &gt;&gt;&gt;&gt; Method = &lt;init&gt;] -- [Content = Getting BeanInfo for class [org.springframework.orm.jpa.LocalContainerEntityManagerFactoryBean]]
[2018-07-02 21:44:38.838] -- [TRACE] -- [main &gt;&gt;&gt;&gt; CachedIntrospectionResults.java:284 &gt;&gt;&gt;&gt; Method = &lt;init&gt;] -- [Content = Caching PropertyDescriptors for class [org.springframework.orm.jpa.LocalContainerEntityManagerFactoryBean]]
[2018-07-02 21:44:38.838] -- [TRACE] -- [main &gt;&gt;&gt;&gt; CachedIntrospectionResults.java:297 &gt;&gt;&gt;&gt; Method = &lt;init&gt;] -- [Content = Found bean property &apos;beanClassLoader&apos; of type [java.lang.ClassLoader]]
[2018-07-02 21:44:38.838] -- [TRACE] -- [main &gt;&gt;&gt;&gt; CachedIntrospectionResults.java:297 &gt;&gt;&gt;&gt; Method = &lt;init&gt;] -- [Content = Found bean property &apos;beanFactory&apos; of type [org.springframework.beans.factory.BeanFactory]]
[2018-07-02 21:44:38.838] -- [TRACE] -- [main &gt;&gt;&gt;&gt; CachedIntrospectionResults.java:297 &gt;&gt;&gt;&gt; Method = &lt;init&gt;] -- [Content = Found bean property &apos;beanName&apos; of type [java.lang.String]]
[2018-07-02 21:44:38.838] -- [TRACE] -- [main &gt;&gt;&gt;&gt; CachedIntrospectionResults.java:297 &gt;&gt;&gt;&gt; Method = &lt;init&gt;] -- [Content = Found bean property &apos;class&apos; of type [java.lang.Class]]
[2018-07-02 21:44:38.839] -- [TRACE] -- [main &gt;&gt;&gt;&gt; CachedIntrospectionResults.java:297 &gt;&gt;&gt;&gt; Method = &lt;init&gt;] -- [Content = Found bean property &apos;dataSource&apos; of type [javax.sql.DataSource]]
[2018-07-02 21:44:38.839] -- [TRACE] -- [main &gt;&gt;&gt;&gt; CachedIntrospectionResults.java:297 &gt;&gt;&gt;&gt; Method = &lt;init&gt;] -- [Content = Found bean property &apos;entityManagerFactoryInterface&apos; of type [java.lang.Class]]
[2018-07-02 21:44:38.839] -- [TRACE] -- [main &gt;&gt;&gt;&gt; CachedIntrospectionResults.java:297 &gt;&gt;&gt;&gt; Method = &lt;init&gt;] -- [Content = Found bean property &apos;entityManagerInterface&apos; of type [java.lang.Class]]
[2018-07-02 21:44:38.839] -- [TRACE] -- [main &gt;&gt;&gt;&gt; CachedIntrospectionResults.java:297 &gt;&gt;&gt;&gt; Method = &lt;init&gt;] -- [Content = Found bean property &apos;jpaDialect&apos; of type [org.springframework.orm.jpa.JpaDialect]]
[2018-07-02 21:44:38.839] -- [TRACE] -- [main &gt;&gt;&gt;&gt; CachedIntrospectionResults.java:297 &gt;&gt;&gt;&gt; Method = &lt;init&gt;] -- [Content = Found bean property &apos;jpaProperties&apos; of type [java.util.Properties]]
[2018-07-02 21:44:38.840] -- [TRACE] -- [main &gt;&gt;&gt;&gt; CachedIntrospectionResults.java:297 &gt;&gt;&gt;&gt; Method = &lt;init&gt;] -- [Content = Found bean property &apos;jpaPropertyMap&apos; of type [java.util.Map]]
[2018-07-02 21:44:38.840] -- [TRACE] -- [main &gt;&gt;&gt;&gt; CachedIntrospectionResults.java:297 &gt;&gt;&gt;&gt; Method = &lt;init&gt;] -- [Content = Found bean property &apos;jpaVendorAdapter&apos; of type [org.springframework.orm.jpa.JpaVendorAdapter]]
[2018-07-02 21:44:38.840] -- [TRACE] -- [main &gt;&gt;&gt;&gt; CachedIntrospectionResults.java:297 &gt;&gt;&gt;&gt; Method = &lt;init&gt;] -- [Content = Found bean property &apos;jtaDataSource&apos; of type [javax.sql.DataSource]]
[2018-07-02 21:44:38.840] -- [TRACE] -- [main &gt;&gt;&gt;&gt; CachedIntrospectionResults.java:297 &gt;&gt;&gt;&gt; Method = &lt;init&gt;] -- [Content = Found bean property &apos;loadTimeWeaver&apos; of type [org.springframework.instrument.classloading.LoadTimeWeaver]]
[2018-07-02 21:44:38.840] -- [TRACE] -- [main &gt;&gt;&gt;&gt; CachedIntrospectionResults.java:297 &gt;&gt;&gt;&gt; Method = &lt;init&gt;] -- [Content = Found bean property &apos;mappingResources&apos; of type [[Ljava.lang.String;]]
[2018-07-02 21:44:38.841] -- [TRACE] -- [main &gt;&gt;&gt;&gt; CachedIntrospectionResults.java:297 &gt;&gt;&gt;&gt; Method = &lt;init&gt;] -- [Content = Found bean property &apos;nativeEntityManagerFactory&apos; of type [javax.persistence.EntityManagerFactory]]
[2018-07-02 21:44:38.841] -- [TRACE] -- [main &gt;&gt;&gt;&gt; CachedIntrospectionResults.java:297 &gt;&gt;&gt;&gt; Method = &lt;init&gt;] -- [Content = Found bean property &apos;object&apos; of type [javax.persistence.EntityManagerFactory]]
[2018-07-02 21:44:38.841] -- [TRACE] -- [main &gt;&gt;&gt;&gt; CachedIntrospectionResults.java:297 &gt;&gt;&gt;&gt; Method = &lt;init&gt;] -- [Content = Found bean property &apos;objectType&apos; of type [java.lang.Class]]
[2018-07-02 21:44:38.841] -- [TRACE] -- [main &gt;&gt;&gt;&gt; CachedIntrospectionResults.java:297 &gt;&gt;&gt;&gt; Method = &lt;init&gt;] -- [Content = Found bean property &apos;packagesToScan&apos; of type [[Ljava.lang.String;]]
[2018-07-02 21:44:38.842] -- [TRACE] -- [main &gt;&gt;&gt;&gt; CachedIntrospectionResults.java:297 &gt;&gt;&gt;&gt; Method = &lt;init&gt;] -- [Content = Found bean property &apos;persistenceProvider&apos; of type [javax.persistence.spi.PersistenceProvider]]
[2018-07-02 21:44:38.842] -- [TRACE] -- [main &gt;&gt;&gt;&gt; CachedIntrospectionResults.java:297 &gt;&gt;&gt;&gt; Method = &lt;init&gt;] -- [Content = Found bean property &apos;persistenceProviderClass&apos; of type [java.lang.Class]]
[2018-07-02 21:44:38.842] -- [TRACE] -- [main &gt;&gt;&gt;&gt; CachedIntrospectionResults.java:297 &gt;&gt;&gt;&gt; Method = &lt;init&gt;] -- [Content = Found bean property &apos;persistenceUnitInfo&apos; of type [javax.persistence.spi.PersistenceUnitInfo]]
[2018-07-02 21:44:38.842] -- [TRACE] -- [main &gt;&gt;&gt;&gt; CachedIntrospectionResults.java:297 &gt;&gt;&gt;&gt; Method = &lt;init&gt;] -- [Content = Found bean property &apos;persistenceUnitManager&apos; of type [org.springframework.orm.jpa.persistenceunit.PersistenceUnitManager]]
[2018-07-02 21:44:38.842] -- [TRACE] -- [main &gt;&gt;&gt;&gt; CachedIntrospectionResults.java:297 &gt;&gt;&gt;&gt; Method = &lt;init&gt;] -- [Content = Found bean property &apos;persistenceUnitName&apos; of type [java.lang.String]]
[2018-07-02 21:44:38.843] -- [TRACE] -- [main &gt;&gt;&gt;&gt; CachedIntrospectionResults.java:297 &gt;&gt;&gt;&gt; Method = &lt;init&gt;] -- [Content = Found bean property &apos;persistenceUnitPostProcessors&apos; of type [[Lorg.springframework.orm.jpa.persistenceunit.PersistenceUnitPostProcessor;]]
[2018-07-02 21:44:38.843] -- [TRACE] -- [main &gt;&gt;&gt;&gt; CachedIntrospectionResults.java:297 &gt;&gt;&gt;&gt; Method = &lt;init&gt;] -- [Content = Found bean property &apos;persistenceXmlLocation&apos; of type [java.lang.String]]
[2018-07-02 21:44:38.843] -- [TRACE] -- [main &gt;&gt;&gt;&gt; CachedIntrospectionResults.java:297 &gt;&gt;&gt;&gt; Method = &lt;init&gt;] -- [Content = Found bean property &apos;resourceLoader&apos; of type [org.springframework.core.io.ResourceLoader]]
[2018-07-02 21:44:38.843] -- [TRACE] -- [main &gt;&gt;&gt;&gt; CachedIntrospectionResults.java:297 &gt;&gt;&gt;&gt; Method = &lt;init&gt;] -- [Content = Found bean property &apos;sharedCacheMode&apos; of type [javax.persistence.SharedCacheMode]]
[2018-07-02 21:44:38.843] -- [TRACE] -- [main &gt;&gt;&gt;&gt; CachedIntrospectionResults.java:297 &gt;&gt;&gt;&gt; Method = &lt;init&gt;] -- [Content = Found bean property &apos;singleton&apos; of type [boolean]]
[2018-07-02 21:44:38.843] -- [TRACE] -- [main &gt;&gt;&gt;&gt; CachedIntrospectionResults.java:297 &gt;&gt;&gt;&gt; Method = &lt;init&gt;] -- [Content = Found bean property &apos;validationMode&apos; of type [javax.persistence.ValidationMode]]
[2018-07-02 21:44:38.844] -- [DEBUG] -- [main &gt;&gt;&gt;&gt; DefaultSingletonBeanRegistry.java:221 &gt;&gt;&gt;&gt; Method = getSingleton] -- [Content = Creating shared instance of singleton bean &apos;dataSource&apos;]
[2018-07-02 21:44:38.845] -- [DEBUG] -- [main &gt;&gt;&gt;&gt; AbstractAutowireCapableBeanFactory.java:448 &gt;&gt;&gt;&gt; Method = createBean] -- [Content = Creating instance of bean &apos;dataSource&apos;]
[2018-07-02 21:44:38.845] -- [DEBUG] -- [main &gt;&gt;&gt;&gt; AbstractBeanFactory.java:251 &gt;&gt;&gt;&gt; Method = doGetBean] -- [Content = Returning cached instance of singleton bean &apos;org.springframework.aop.support.DefaultBeanFactoryPointcutAdvisor#0&apos;]
[2018-07-02 21:44:38.845] -- [DEBUG] -- [main &gt;&gt;&gt;&gt; AbstractBeanFactory.java:251 &gt;&gt;&gt;&gt; Method = doGetBean] -- [Content = Returning cached instance of singleton bean &apos;org.springframework.aop.support.DefaultBeanFactoryPointcutAdvisor#1&apos;]
[2018-07-02 21:44:38.846] -- [DEBUG] -- [main &gt;&gt;&gt;&gt; AbstractAutowireCapableBeanFactory.java:529 &gt;&gt;&gt;&gt; Method = doCreateBean] -- [Content = Eagerly caching bean &apos;dataSource&apos; to allow for resolving potential circular references]
[2018-07-02 21:44:38.847] -- [TRACE] -- [main &gt;&gt;&gt;&gt; CachedIntrospectionResults.java:265 &gt;&gt;&gt;&gt; Method = &lt;init&gt;] -- [Content = Getting BeanInfo for class [com.alibaba.druid.pool.DruidDataSource]]
[2018-07-02 21:44:38.847] -- [TRACE] -- [main &gt;&gt;&gt;&gt; CachedIntrospectionResults.java:284 &gt;&gt;&gt;&gt; Method = &lt;init&gt;] -- [Content = Caching PropertyDescriptors for class [com.alibaba.druid.pool.DruidDataSource]]
[2018-07-02 21:44:38.847] -- [TRACE] -- [main &gt;&gt;&gt;&gt; CachedIntrospectionResults.java:297 &gt;&gt;&gt;&gt; Method = &lt;init&gt;] -- [Content = Found bean property &apos;ID&apos; of type [long]]
[2018-07-02 21:44:38.847] -- [TRACE] -- [main &gt;&gt;&gt;&gt; CachedIntrospectionResults.java:297 &gt;&gt;&gt;&gt; Method = &lt;init&gt;] -- [Content = Found bean property &apos;accessToUnderlyingConnectionAllowed&apos; of type [boolean]]
[2018-07-02 21:44:38.847] -- [TRACE] -- [main &gt;&gt;&gt;&gt; CachedIntrospectionResults.java:297 &gt;&gt;&gt;&gt; Method = &lt;init&gt;] -- [Content = Found bean property &apos;activeConnectionStackTrace&apos; of type [java.util.List]]
[2018-07-02 21:44:38.848] -- [TRACE] -- [main &gt;&gt;&gt;&gt; CachedIntrospectionResults.java:297 &gt;&gt;&gt;&gt; Method = &lt;init&gt;] -- [Content = Found bean property &apos;activeConnections&apos; of type [java.util.Set]]
[2018-07-02 21:44:38.848] -- [TRACE] -- [main &gt;&gt;&gt;&gt; CachedIntrospectionResults.java:297 &gt;&gt;&gt;&gt; Method = &lt;init&gt;] -- [Content = Found bean property &apos;activeCount&apos; of type [int]]
[2018-07-02 21:44:38.848] -- [TRACE] -- [main &gt;&gt;&gt;&gt; CachedIntrospectionResults.java:297 &gt;&gt;&gt;&gt; Method = &lt;init&gt;] -- [Content = Found bean property &apos;activePeak&apos; of type [int]]
[2018-07-02 21:44:38.848] -- [TRACE] -- [main &gt;&gt;&gt;&gt; CachedIntrospectionResults.java:297 &gt;&gt;&gt;&gt; Method = &lt;init&gt;] -- [Content = Found bean property &apos;activePeakTime&apos; of type [java.util.Date]]
[2018-07-02 21:44:38.849] -- [TRACE] -- [main &gt;&gt;&gt;&gt; CachedIntrospectionResults.java:297 &gt;&gt;&gt;&gt; Method = &lt;init&gt;] -- [Content = Found bean property &apos;breakAfterAcquireFailure&apos; of type [boolean]]
[2018-07-02 21:44:38.849] -- [TRACE] -- [main &gt;&gt;&gt;&gt; CachedIntrospectionResults.java:297 &gt;&gt;&gt;&gt; Method = &lt;init&gt;] -- [Content = Found bean property &apos;cachedPreparedStatementAccessCount&apos; of type [long]]
[2018-07-02 21:44:38.849] -- [TRACE] -- [main &gt;&gt;&gt;&gt; CachedIntrospectionResults.java:297 &gt;&gt;&gt;&gt; Method = &lt;init&gt;] -- [Content = Found bean property &apos;cachedPreparedStatementCount&apos; of type [long]]
[2018-07-02 21:44:38.849] -- [TRACE] -- [main &gt;&gt;&gt;&gt; CachedIntrospectionResults.java:297 &gt;&gt;&gt;&gt; Method = &lt;init&gt;] -- [Content = Found bean property &apos;cachedPreparedStatementDeleteCount&apos; of type [long]]
[2018-07-02 21:44:38.849] -- [TRACE] -- [main &gt;&gt;&gt;&gt; CachedIntrospectionResults.java:297 &gt;&gt;&gt;&gt; Method = &lt;init&gt;] -- [Content = Found bean property &apos;cachedPreparedStatementHitCount&apos; of type [long]]
[2018-07-02 21:44:38.850] -- [TRACE] -- [main &gt;&gt;&gt;&gt; CachedIntrospectionResults.java:297 &gt;&gt;&gt;&gt; Method = &lt;init&gt;] -- [Content = Found bean property &apos;cachedPreparedStatementMissCount&apos; of type [long]]
[2018-07-02 21:44:38.850] -- [TRACE] -- [main &gt;&gt;&gt;&gt; CachedIntrospectionResults.java:297 &gt;&gt;&gt;&gt; Method = &lt;init&gt;] -- [Content = Found bean property &apos;class&apos; of type [java.lang.Class]]
[2018-07-02 21:44:38.850] -- [TRACE] -- [main &gt;&gt;&gt;&gt; CachedIntrospectionResults.java:297 &gt;&gt;&gt;&gt; Method = &lt;init&gt;] -- [Content = Found bean property &apos;clearFiltersEnable&apos; of type [boolean]]
[2018-07-02 21:44:38.850] -- [TRACE] -- [main &gt;&gt;&gt;&gt; CachedIntrospectionResults.java:297 &gt;&gt;&gt;&gt; Method = &lt;init&gt;] -- [Content = Found bean property &apos;closeCount&apos; of type [long]]
[2018-07-02 21:44:38.850] -- [TRACE] -- [main &gt;&gt;&gt;&gt; CachedIntrospectionResults.java:297 &gt;&gt;&gt;&gt; Method = &lt;init&gt;] -- [Content = Found bean property &apos;closedPreparedStatementCount&apos; of type [long]]
[2018-07-02 21:44:38.850] -- [TRACE] -- [main &gt;&gt;&gt;&gt; CachedIntrospectionResults.java:297 &gt;&gt;&gt;&gt; Method = &lt;init&gt;] -- [Content = Found bean property &apos;commitCount&apos; of type [long]]
[2018-07-02 21:44:38.851] -- [TRACE] -- [main &gt;&gt;&gt;&gt; CachedIntrospectionResults.java:297 &gt;&gt;&gt;&gt; Method = &lt;init&gt;] -- [Content = Found bean property &apos;compositeData&apos; of type [javax.management.openmbean.CompositeDataSupport]]
[2018-07-02 21:44:38.851] -- [TRACE] -- [main &gt;&gt;&gt;&gt; CachedIntrospectionResults.java:297 &gt;&gt;&gt;&gt; Method = &lt;init&gt;] -- [Content = Found bean property &apos;connectCount&apos; of type [long]]
[2018-07-02 21:44:38.851] -- [TRACE] -- [main &gt;&gt;&gt;&gt; CachedIntrospectionResults.java:297 &gt;&gt;&gt;&gt; Method = &lt;init&gt;] -- [Content = Found bean property &apos;connectErrorCount&apos; of type [long]]
[2018-07-02 21:44:38.851] -- [TRACE] -- [main &gt;&gt;&gt;&gt; CachedIntrospectionResults.java:297 &gt;&gt;&gt;&gt; Method = &lt;init&gt;] -- [Content = Found bean property &apos;connectProperties&apos; of type [java.util.Properties]]
[2018-07-02 21:44:38.851] -- [TRACE] -- [main &gt;&gt;&gt;&gt; CachedIntrospectionResults.java:297 &gt;&gt;&gt;&gt; Method = &lt;init&gt;] -- [Content = Found bean property &apos;connection&apos; of type [com.alibaba.druid.pool.DruidPooledConnection]]
[2018-07-02 21:44:38.851] -- [TRACE] -- [main &gt;&gt;&gt;&gt; CachedIntrospectionResults.java:297 &gt;&gt;&gt;&gt; Method = &lt;init&gt;] -- [Content = Found bean property &apos;connectionErrorRetryAttempts&apos; of type [int]]
[2018-07-02 21:44:38.852] -- [TRACE] -- [main &gt;&gt;&gt;&gt; CachedIntrospectionResults.java:297 &gt;&gt;&gt;&gt; Method = &lt;init&gt;] -- [Content = Found bean property &apos;connectionInitSqls&apos; of type [java.util.Collection]]
[2018-07-02 21:44:38.852] -- [TRACE] -- [main &gt;&gt;&gt;&gt; CachedIntrospectionResults.java:297 &gt;&gt;&gt;&gt; Method = &lt;init&gt;] -- [Content = Found bean property &apos;connectionProperties&apos; of type [java.lang.String]]
[2018-07-02 21:44:38.852] -- [TRACE] -- [main &gt;&gt;&gt;&gt; CachedIntrospectionResults.java:297 &gt;&gt;&gt;&gt; Method = &lt;init&gt;] -- [Content = Found bean property &apos;createCount&apos; of type [long]]
[2018-07-02 21:44:38.852] -- [TRACE] -- [main &gt;&gt;&gt;&gt; CachedIntrospectionResults.java:297 &gt;&gt;&gt;&gt; Method = &lt;init&gt;] -- [Content = Found bean property &apos;createErrorCount&apos; of type [long]]
[2018-07-02 21:44:38.852] -- [TRACE] -- [main &gt;&gt;&gt;&gt; CachedIntrospectionResults.java:297 &gt;&gt;&gt;&gt; Method = &lt;init&gt;] -- [Content = Found bean property &apos;createTimespanMillis&apos; of type [long]]
[2018-07-02 21:44:38.852] -- [TRACE] -- [main &gt;&gt;&gt;&gt; CachedIntrospectionResults.java:297 &gt;&gt;&gt;&gt; Method = &lt;init&gt;] -- [Content = Found bean property &apos;createTimespanNano&apos; of type [long]]
[2018-07-02 21:44:38.852] -- [TRACE] -- [main &gt;&gt;&gt;&gt; CachedIntrospectionResults.java:297 &gt;&gt;&gt;&gt; Method = &lt;init&gt;] -- [Content = Found bean property &apos;createdTime&apos; of type [java.util.Date]]
[2018-07-02 21:44:38.853] -- [TRACE] -- [main &gt;&gt;&gt;&gt; CachedIntrospectionResults.java:297 &gt;&gt;&gt;&gt; Method = &lt;init&gt;] -- [Content = Found bean property &apos;dataSourceStat&apos; of type [com.alibaba.druid.stat.JdbcDataSourceStat]]
[2018-07-02 21:44:38.853] -- [TRACE] -- [main &gt;&gt;&gt;&gt; CachedIntrospectionResults.java:297 &gt;&gt;&gt;&gt; Method = &lt;init&gt;] -- [Content = Found bean property &apos;dbType&apos; of type [java.lang.String]]
[2018-07-02 21:44:38.853] -- [TRACE] -- [main &gt;&gt;&gt;&gt; CachedIntrospectionResults.java:297 &gt;&gt;&gt;&gt; Method = &lt;init&gt;] -- [Content = Found bean property &apos;defaultAutoCommit&apos; of type [boolean]]
[2018-07-02 21:44:38.853] -- [TRACE] -- [main &gt;&gt;&gt;&gt; CachedIntrospectionResults.java:297 &gt;&gt;&gt;&gt; Method = &lt;init&gt;] -- [Content = Found bean property &apos;defaultCatalog&apos; of type [java.lang.String]]
[2018-07-02 21:44:38.853] -- [TRACE] -- [main &gt;&gt;&gt;&gt; CachedIntrospectionResults.java:297 &gt;&gt;&gt;&gt; Method = &lt;init&gt;] -- [Content = Found bean property &apos;defaultReadOnly&apos; of type [java.lang.Boolean]]
[2018-07-02 21:44:38.853] -- [TRACE] -- [main &gt;&gt;&gt;&gt; CachedIntrospectionResults.java:297 &gt;&gt;&gt;&gt; Method = &lt;init&gt;] -- [Content = Found bean property &apos;defaultTransactionIsolation&apos; of type [java.lang.Integer]]
[2018-07-02 21:44:38.853] -- [TRACE] -- [main &gt;&gt;&gt;&gt; CachedIntrospectionResults.java:297 &gt;&gt;&gt;&gt; Method = &lt;init&gt;] -- [Content = Found bean property &apos;destroyCount&apos; of type [long]]
[2018-07-02 21:44:38.854] -- [TRACE] -- [main &gt;&gt;&gt;&gt; CachedIntrospectionResults.java:297 &gt;&gt;&gt;&gt; Method = &lt;init&gt;] -- [Content = Found bean property &apos;discardCount&apos; of type [long]]
[2018-07-02 21:44:38.854] -- [TRACE] -- [main &gt;&gt;&gt;&gt; CachedIntrospectionResults.java:297 &gt;&gt;&gt;&gt; Method = &lt;init&gt;] -- [Content = Found bean property &apos;driver&apos; of type [java.sql.Driver]]
[2018-07-02 21:44:38.854] -- [TRACE] -- [main &gt;&gt;&gt;&gt; CachedIntrospectionResults.java:297 &gt;&gt;&gt;&gt; Method = &lt;init&gt;] -- [Content = Found bean property &apos;driverClassLoader&apos; of type [java.lang.ClassLoader]]
[2018-07-02 21:44:38.854] -- [TRACE] -- [main &gt;&gt;&gt;&gt; CachedIntrospectionResults.java:297 &gt;&gt;&gt;&gt; Method = &lt;init&gt;] -- [Content = Found bean property &apos;driverClassName&apos; of type [java.lang.String]]
[2018-07-02 21:44:38.854] -- [TRACE] -- [main &gt;&gt;&gt;&gt; CachedIntrospectionResults.java:297 &gt;&gt;&gt;&gt; Method = &lt;init&gt;] -- [Content = Found bean property &apos;driverMajorVersion&apos; of type [int]]
[2018-07-02 21:44:38.854] -- [TRACE] -- [main &gt;&gt;&gt;&gt; CachedIntrospectionResults.java:297 &gt;&gt;&gt;&gt; Method = &lt;init&gt;] -- [Content = Found bean property &apos;driverMinorVersion&apos; of type [int]]
[2018-07-02 21:44:38.854] -- [TRACE] -- [main &gt;&gt;&gt;&gt; CachedIntrospectionResults.java:297 &gt;&gt;&gt;&gt; Method = &lt;init&gt;] -- [Content = Found bean property &apos;dupCloseCount&apos; of type [long]]
[2018-07-02 21:44:38.854] -- [TRACE] -- [main &gt;&gt;&gt;&gt; CachedIntrospectionResults.java:297 &gt;&gt;&gt;&gt; Method = &lt;init&gt;] -- [Content = Found bean property &apos;dupCloseLogEnable&apos; of type [boolean]]
[2018-07-02 21:44:38.855] -- [TRACE] -- [main &gt;&gt;&gt;&gt; CachedIntrospectionResults.java:297 &gt;&gt;&gt;&gt; Method = &lt;init&gt;] -- [Content = Found bean property &apos;enable&apos; of type [boolean]]
[2018-07-02 21:44:38.855] -- [TRACE] -- [main &gt;&gt;&gt;&gt; CachedIntrospectionResults.java:297 &gt;&gt;&gt;&gt; Method = &lt;init&gt;] -- [Content = Found bean property &apos;errorCount&apos; of type [long]]
[2018-07-02 21:44:38.855] -- [TRACE] -- [main &gt;&gt;&gt;&gt; CachedIntrospectionResults.java:297 &gt;&gt;&gt;&gt; Method = &lt;init&gt;] -- [Content = Found bean property &apos;exceptionSorter&apos; of type [com.alibaba.druid.pool.ExceptionSorter]]
[2018-07-02 21:44:38.855] -- [TRACE] -- [main &gt;&gt;&gt;&gt; CachedIntrospectionResults.java:297 &gt;&gt;&gt;&gt; Method = &lt;init&gt;] -- [Content = Found bean property &apos;exceptionSorterClassName&apos; of type [java.lang.String]]
[2018-07-02 21:44:38.855] -- [TRACE] -- [main &gt;&gt;&gt;&gt; CachedIntrospectionResults.java:297 &gt;&gt;&gt;&gt; Method = &lt;init&gt;] -- [Content = Found bean property &apos;executeCount&apos; of type [long]]
[2018-07-02 21:44:38.855] -- [TRACE] -- [main &gt;&gt;&gt;&gt; CachedIntrospectionResults.java:297 &gt;&gt;&gt;&gt; Method = &lt;init&gt;] -- [Content = Found bean property &apos;filterClassNames&apos; of type [java.util.List]]
[2018-07-02 21:44:38.855] -- [TRACE] -- [main &gt;&gt;&gt;&gt; CachedIntrospectionResults.java:297 &gt;&gt;&gt;&gt; Method = &lt;init&gt;] -- [Content = Found bean property &apos;filterClasses&apos; of type [[Ljava.lang.String;]]
[2018-07-02 21:44:38.855] -- [TRACE] -- [main &gt;&gt;&gt;&gt; CachedIntrospectionResults.java:297 &gt;&gt;&gt;&gt; Method = &lt;init&gt;] -- [Content = Found bean property &apos;filters&apos; of type [java.lang.String]]
[2018-07-02 21:44:38.856] -- [TRACE] -- [main &gt;&gt;&gt;&gt; CachedIntrospectionResults.java:297 &gt;&gt;&gt;&gt; Method = &lt;init&gt;] -- [Content = Found bean property &apos;initStackTrace&apos; of type [java.lang.String]]
[2018-07-02 21:44:38.856] -- [TRACE] -- [main &gt;&gt;&gt;&gt; CachedIntrospectionResults.java:297 &gt;&gt;&gt;&gt; Method = &lt;init&gt;] -- [Content = Found bean property &apos;inited&apos; of type [boolean]]
[2018-07-02 21:44:38.856] -- [TRACE] -- [main &gt;&gt;&gt;&gt; CachedIntrospectionResults.java:297 &gt;&gt;&gt;&gt; Method = &lt;init&gt;] -- [Content = Found bean property &apos;initialSize&apos; of type [int]]
[2018-07-02 21:44:38.856] -- [TRACE] -- [main &gt;&gt;&gt;&gt; CachedIntrospectionResults.java:297 &gt;&gt;&gt;&gt; Method = &lt;init&gt;] -- [Content = Found bean property &apos;lastCreateError&apos; of type [java.lang.Throwable]]
[2018-07-02 21:44:38.856] -- [TRACE] -- [main &gt;&gt;&gt;&gt; CachedIntrospectionResults.java:297 &gt;&gt;&gt;&gt; Method = &lt;init&gt;] -- [Content = Found bean property &apos;lastCreateErrorTime&apos; of type [java.util.Date]]
[2018-07-02 21:44:38.856] -- [TRACE] -- [main &gt;&gt;&gt;&gt; CachedIntrospectionResults.java:297 &gt;&gt;&gt;&gt; Method = &lt;init&gt;] -- [Content = Found bean property &apos;lastCreateErrorTimeMillis&apos; of type [long]]
[2018-07-02 21:44:38.856] -- [TRACE] -- [main &gt;&gt;&gt;&gt; CachedIntrospectionResults.java:297 &gt;&gt;&gt;&gt; Method = &lt;init&gt;] -- [Content = Found bean property &apos;lastError&apos; of type [java.lang.Throwable]]
[2018-07-02 21:44:38.856] -- [TRACE] -- [main &gt;&gt;&gt;&gt; CachedIntrospectionResults.java:297 &gt;&gt;&gt;&gt; Method = &lt;init&gt;] -- [Content = Found bean property &apos;lastErrorTime&apos; of type [java.util.Date]]
[2018-07-02 21:44:38.857] -- [TRACE] -- [main &gt;&gt;&gt;&gt; CachedIntrospectionResults.java:297 &gt;&gt;&gt;&gt; Method = &lt;init&gt;] -- [Content = Found bean property &apos;lastErrorTimeMillis&apos; of type [long]]
[2018-07-02 21:44:38.857] -- [TRACE] -- [main &gt;&gt;&gt;&gt; CachedIntrospectionResults.java:297 &gt;&gt;&gt;&gt; Method = &lt;init&gt;] -- [Content = Found bean property &apos;lock&apos; of type [java.util.concurrent.locks.Lock]]
[2018-07-02 21:44:38.857] -- [TRACE] -- [main &gt;&gt;&gt;&gt; CachedIntrospectionResults.java:297 &gt;&gt;&gt;&gt; Method = &lt;init&gt;] -- [Content = Found bean property &apos;lockQueueLength&apos; of type [int]]
[2018-07-02 21:44:38.857] -- [TRACE] -- [main &gt;&gt;&gt;&gt; CachedIntrospectionResults.java:297 &gt;&gt;&gt;&gt; Method = &lt;init&gt;] -- [Content = Found bean property &apos;logAbandoned&apos; of type [boolean]]
[2018-07-02 21:44:38.857] -- [TRACE] -- [main &gt;&gt;&gt;&gt; CachedIntrospectionResults.java:297 &gt;&gt;&gt;&gt; Method = &lt;init&gt;] -- [Content = Found bean property &apos;logWriter&apos; of type [java.io.PrintWriter]]
[2018-07-02 21:44:38.857] -- [TRACE] -- [main &gt;&gt;&gt;&gt; CachedIntrospectionResults.java:297 &gt;&gt;&gt;&gt; Method = &lt;init&gt;] -- [Content = Found bean property &apos;loginTimeout&apos; of type [int]]
[2018-07-02 21:44:38.857] -- [TRACE] -- [main &gt;&gt;&gt;&gt; CachedIntrospectionResults.java:297 &gt;&gt;&gt;&gt; Method = &lt;init&gt;] -- [Content = Found bean property &apos;maxActive&apos; of type [int]]
[2018-07-02 21:44:38.857] -- [TRACE] -- [main &gt;&gt;&gt;&gt; CachedIntrospectionResults.java:297 &gt;&gt;&gt;&gt; Method = &lt;init&gt;] -- [Content = Found bean property &apos;maxIdle&apos; of type [int]]
[2018-07-02 21:44:38.858] -- [TRACE] -- [main &gt;&gt;&gt;&gt; CachedIntrospectionResults.java:297 &gt;&gt;&gt;&gt; Method = &lt;init&gt;] -- [Content = Found bean property &apos;maxOpenPreparedStatements&apos; of type [int]]
[2018-07-02 21:44:38.858] -- [TRACE] -- [main &gt;&gt;&gt;&gt; CachedIntrospectionResults.java:297 &gt;&gt;&gt;&gt; Method = &lt;init&gt;] -- [Content = Found bean property &apos;maxPoolPreparedStatementPerConnectionSize&apos; of type [int]]
[2018-07-02 21:44:38.858] -- [TRACE] -- [main &gt;&gt;&gt;&gt; CachedIntrospectionResults.java:297 &gt;&gt;&gt;&gt; Method = &lt;init&gt;] -- [Content = Found bean property &apos;maxWait&apos; of type [long]]
[2018-07-02 21:44:38.858] -- [TRACE] -- [main &gt;&gt;&gt;&gt; CachedIntrospectionResults.java:297 &gt;&gt;&gt;&gt; Method = &lt;init&gt;] -- [Content = Found bean property &apos;maxWaitThreadCount&apos; of type [int]]
[2018-07-02 21:44:38.858] -- [TRACE] -- [main &gt;&gt;&gt;&gt; CachedIntrospectionResults.java:297 &gt;&gt;&gt;&gt; Method = &lt;init&gt;] -- [Content = Found bean property &apos;mbeanRegistered&apos; of type [boolean]]
[2018-07-02 21:44:38.858] -- [TRACE] -- [main &gt;&gt;&gt;&gt; CachedIntrospectionResults.java:297 &gt;&gt;&gt;&gt; Method = &lt;init&gt;] -- [Content = Found bean property &apos;minEvictableIdleTimeMillis&apos; of type [long]]
[2018-07-02 21:44:38.858] -- [TRACE] -- [main &gt;&gt;&gt;&gt; CachedIntrospectionResults.java:297 &gt;&gt;&gt;&gt; Method = &lt;init&gt;] -- [Content = Found bean property &apos;minIdle&apos; of type [int]]
[2018-07-02 21:44:38.859] -- [TRACE] -- [main &gt;&gt;&gt;&gt; CachedIntrospectionResults.java:297 &gt;&gt;&gt;&gt; Method = &lt;init&gt;] -- [Content = Found bean property &apos;name&apos; of type [java.lang.String]]
[2018-07-02 21:44:38.859] -- [TRACE] -- [main &gt;&gt;&gt;&gt; CachedIntrospectionResults.java:297 &gt;&gt;&gt;&gt; Method = &lt;init&gt;] -- [Content = Found bean property &apos;notEmptySignalCount&apos; of type [long]]
[2018-07-02 21:44:38.859] -- [TRACE] -- [main &gt;&gt;&gt;&gt; CachedIntrospectionResults.java:297 &gt;&gt;&gt;&gt; Method = &lt;init&gt;] -- [Content = Found bean property &apos;notEmptyWaitCount&apos; of type [long]]
[2018-07-02 21:44:38.859] -- [TRACE] -- [main &gt;&gt;&gt;&gt; CachedIntrospectionResults.java:297 &gt;&gt;&gt;&gt; Method = &lt;init&gt;] -- [Content = Found bean property &apos;notEmptyWaitMillis&apos; of type [long]]
[2018-07-02 21:44:38.859] -- [TRACE] -- [main &gt;&gt;&gt;&gt; CachedIntrospectionResults.java:297 &gt;&gt;&gt;&gt; Method = &lt;init&gt;] -- [Content = Found bean property &apos;notEmptyWaitNanos&apos; of type [long]]
[2018-07-02 21:44:38.859] -- [TRACE] -- [main &gt;&gt;&gt;&gt; CachedIntrospectionResults.java:297 &gt;&gt;&gt;&gt; Method = &lt;init&gt;] -- [Content = Found bean property &apos;notEmptyWaitThreadCount&apos; of type [int]]
[2018-07-02 21:44:38.859] -- [TRACE] -- [main &gt;&gt;&gt;&gt; CachedIntrospectionResults.java:297 &gt;&gt;&gt;&gt; Method = &lt;init&gt;] -- [Content = Found bean property &apos;notEmptyWaitThreadPeak&apos; of type [int]]
[2018-07-02 21:44:38.860] -- [TRACE] -- [main &gt;&gt;&gt;&gt; CachedIntrospectionResults.java:297 &gt;&gt;&gt;&gt; Method = &lt;init&gt;] -- [Content = Found bean property &apos;numTestsPerEvictionRun&apos; of type [int]]
[2018-07-02 21:44:38.860] -- [TRACE] -- [main &gt;&gt;&gt;&gt; CachedIntrospectionResults.java:297 &gt;&gt;&gt;&gt; Method = &lt;init&gt;] -- [Content = Found bean property &apos;objectName&apos; of type [javax.management.ObjectName]]
[2018-07-02 21:44:38.860] -- [TRACE] -- [main &gt;&gt;&gt;&gt; CachedIntrospectionResults.java:297 &gt;&gt;&gt;&gt; Method = &lt;init&gt;] -- [Content = Found bean property &apos;oracle&apos; of type [boolean]]
[2018-07-02 21:44:38.860] -- [TRACE] -- [main &gt;&gt;&gt;&gt; CachedIntrospectionResults.java:297 &gt;&gt;&gt;&gt; Method = &lt;init&gt;] -- [Content = Found bean property &apos;parentLogger&apos; of type [java.util.logging.Logger]]
[2018-07-02 21:44:38.860] -- [TRACE] -- [main &gt;&gt;&gt;&gt; CachedIntrospectionResults.java:297 &gt;&gt;&gt;&gt; Method = &lt;init&gt;] -- [Content = Found bean property &apos;password&apos; of type [java.lang.String]]
[2018-07-02 21:44:38.860] -- [TRACE] -- [main &gt;&gt;&gt;&gt; CachedIntrospectionResults.java:297 &gt;&gt;&gt;&gt; Method = &lt;init&gt;] -- [Content = Found bean property &apos;passwordCallback&apos; of type [javax.security.auth.callback.PasswordCallback]]
[2018-07-02 21:44:38.860] -- [TRACE] -- [main &gt;&gt;&gt;&gt; CachedIntrospectionResults.java:297 &gt;&gt;&gt;&gt; Method = &lt;init&gt;] -- [Content = Found bean property &apos;passwordCallbackClassName&apos; of type [java.lang.String]]
[2018-07-02 21:44:38.861] -- [TRACE] -- [main &gt;&gt;&gt;&gt; CachedIntrospectionResults.java:297 &gt;&gt;&gt;&gt; Method = &lt;init&gt;] -- [Content = Found bean property &apos;poolPreparedStatements&apos; of type [boolean]]
[2018-07-02 21:44:38.861] -- [TRACE] -- [main &gt;&gt;&gt;&gt; CachedIntrospectionResults.java:297 &gt;&gt;&gt;&gt; Method = &lt;init&gt;] -- [Content = Found bean property &apos;pooledConnection&apos; of type [javax.sql.PooledConnection]]
[2018-07-02 21:44:38.861] -- [TRACE] -- [main &gt;&gt;&gt;&gt; CachedIntrospectionResults.java:297 &gt;&gt;&gt;&gt; Method = &lt;init&gt;] -- [Content = Found bean property &apos;poolingConnectionInfo&apos; of type [java.util.List]]
[2018-07-02 21:44:38.861] -- [TRACE] -- [main &gt;&gt;&gt;&gt; CachedIntrospectionResults.java:297 &gt;&gt;&gt;&gt; Method = &lt;init&gt;] -- [Content = Found bean property &apos;poolingCount&apos; of type [int]]
[2018-07-02 21:44:38.861] -- [TRACE] -- [main &gt;&gt;&gt;&gt; CachedIntrospectionResults.java:297 &gt;&gt;&gt;&gt; Method = &lt;init&gt;] -- [Content = Found bean property &apos;poolingPeak&apos; of type [int]]
[2018-07-02 21:44:38.861] -- [TRACE] -- [main &gt;&gt;&gt;&gt; CachedIntrospectionResults.java:297 &gt;&gt;&gt;&gt; Method = &lt;init&gt;] -- [Content = Found bean property &apos;poolingPeakTime&apos; of type [java.util.Date]]
[2018-07-02 21:44:38.862] -- [TRACE] -- [main &gt;&gt;&gt;&gt; CachedIntrospectionResults.java:297 &gt;&gt;&gt;&gt; Method = &lt;init&gt;] -- [Content = Found bean property &apos;preparedStatementCount&apos; of type [long]]
[2018-07-02 21:44:38.862] -- [TRACE] -- [main &gt;&gt;&gt;&gt; CachedIntrospectionResults.java:297 &gt;&gt;&gt;&gt; Method = &lt;init&gt;] -- [Content = Found bean property &apos;properties&apos; of type [java.lang.String]]
[2018-07-02 21:44:38.862] -- [TRACE] -- [main &gt;&gt;&gt;&gt; CachedIntrospectionResults.java:297 &gt;&gt;&gt;&gt; Method = &lt;init&gt;] -- [Content = Found bean property &apos;proxyFilters&apos; of type [java.util.List]]
[2018-07-02 21:44:38.862] -- [TRACE] -- [main &gt;&gt;&gt;&gt; CachedIntrospectionResults.java:297 &gt;&gt;&gt;&gt; Method = &lt;init&gt;] -- [Content = Found bean property &apos;queryTimeout&apos; of type [int]]
[2018-07-02 21:44:38.862] -- [TRACE] -- [main &gt;&gt;&gt;&gt; CachedIntrospectionResults.java:297 &gt;&gt;&gt;&gt; Method = &lt;init&gt;] -- [Content = Found bean property &apos;rawDriver&apos; of type [java.sql.Driver]]
[2018-07-02 21:44:38.862] -- [TRACE] -- [main &gt;&gt;&gt;&gt; CachedIntrospectionResults.java:297 &gt;&gt;&gt;&gt; Method = &lt;init&gt;] -- [Content = Found bean property &apos;rawDriverMajorVersion&apos; of type [int]]
[2018-07-02 21:44:38.863] -- [TRACE] -- [main &gt;&gt;&gt;&gt; CachedIntrospectionResults.java:297 &gt;&gt;&gt;&gt; Method = &lt;init&gt;] -- [Content = Found bean property &apos;rawDriverMinorVersion&apos; of type [int]]
[2018-07-02 21:44:38.863] -- [TRACE] -- [main &gt;&gt;&gt;&gt; CachedIntrospectionResults.java:297 &gt;&gt;&gt;&gt; Method = &lt;init&gt;] -- [Content = Found bean property &apos;rawJdbcUrl&apos; of type [java.lang.String]]
[2018-07-02 21:44:38.863] -- [TRACE] -- [main &gt;&gt;&gt;&gt; CachedIntrospectionResults.java:297 &gt;&gt;&gt;&gt; Method = &lt;init&gt;] -- [Content = Found bean property &apos;recycleCount&apos; of type [long]]
[2018-07-02 21:44:38.863] -- [TRACE] -- [main &gt;&gt;&gt;&gt; CachedIntrospectionResults.java:297 &gt;&gt;&gt;&gt; Method = &lt;init&gt;] -- [Content = Found bean property &apos;recycleErrorCount&apos; of type [long]]
[2018-07-02 21:44:38.863] -- [TRACE] -- [main &gt;&gt;&gt;&gt; CachedIntrospectionResults.java:297 &gt;&gt;&gt;&gt; Method = &lt;init&gt;] -- [Content = Found bean property &apos;reference&apos; of type [javax.naming.Reference]]
[2018-07-02 21:44:38.864] -- [TRACE] -- [main &gt;&gt;&gt;&gt; CachedIntrospectionResults.java:297 &gt;&gt;&gt;&gt; Method = &lt;init&gt;] -- [Content = Found bean property &apos;removeAbandoned&apos; of type [boolean]]
[2018-07-02 21:44:38.864] -- [TRACE] -- [main &gt;&gt;&gt;&gt; CachedIntrospectionResults.java:297 &gt;&gt;&gt;&gt; Method = &lt;init&gt;] -- [Content = Found bean property &apos;removeAbandonedCount&apos; of type [long]]
[2018-07-02 21:44:38.864] -- [TRACE] -- [main &gt;&gt;&gt;&gt; CachedIntrospectionResults.java:297 &gt;&gt;&gt;&gt; Method = &lt;init&gt;] -- [Content = Found bean property &apos;removeAbandonedTimeout&apos; of type [int]]
[2018-07-02 21:44:38.864] -- [TRACE] -- [main &gt;&gt;&gt;&gt; CachedIntrospectionResults.java:297 &gt;&gt;&gt;&gt; Method = &lt;init&gt;] -- [Content = Found bean property &apos;removeAbandonedTimeoutMillis&apos; of type [long]]
[2018-07-02 21:44:38.864] -- [TRACE] -- [main &gt;&gt;&gt;&gt; CachedIntrospectionResults.java:297 &gt;&gt;&gt;&gt; Method = &lt;init&gt;] -- [Content = Found bean property &apos;resetCount&apos; of type [long]]
[2018-07-02 21:44:38.865] -- [TRACE] -- [main &gt;&gt;&gt;&gt; CachedIntrospectionResults.java:297 &gt;&gt;&gt;&gt; Method = &lt;init&gt;] -- [Content = Found bean property &apos;resetStatEnable&apos; of type [boolean]]
[2018-07-02 21:44:38.865] -- [TRACE] -- [main &gt;&gt;&gt;&gt; CachedIntrospectionResults.java:297 &gt;&gt;&gt;&gt; Method = &lt;init&gt;] -- [Content = Found bean property &apos;rollbackCount&apos; of type [long]]
[2018-07-02 21:44:38.865] -- [TRACE] -- [main &gt;&gt;&gt;&gt; CachedIntrospectionResults.java:297 &gt;&gt;&gt;&gt; Method = &lt;init&gt;] -- [Content = Found bean property &apos;sharePreparedStatements&apos; of type [boolean]]
[2018-07-02 21:44:38.865] -- [TRACE] -- [main &gt;&gt;&gt;&gt; CachedIntrospectionResults.java:297 &gt;&gt;&gt;&gt; Method = &lt;init&gt;] -- [Content = Found bean property &apos;sqlStat&apos;]
[2018-07-02 21:44:38.865] -- [TRACE] -- [main &gt;&gt;&gt;&gt; CachedIntrospectionResults.java:297 &gt;&gt;&gt;&gt; Method = &lt;init&gt;] -- [Content = Found bean property &apos;sqlStatMap&apos; of type [java.util.Map]]
[2018-07-02 21:44:38.865] -- [TRACE] -- [main &gt;&gt;&gt;&gt; CachedIntrospectionResults.java:297 &gt;&gt;&gt;&gt; Method = &lt;init&gt;] -- [Content = Found bean property &apos;startTransactionCount&apos; of type [long]]
[2018-07-02 21:44:38.866] -- [TRACE] -- [main &gt;&gt;&gt;&gt; CachedIntrospectionResults.java:297 &gt;&gt;&gt;&gt; Method = &lt;init&gt;] -- [Content = Found bean property &apos;statData&apos; of type [java.util.Map]]
[2018-07-02 21:44:38.866] -- [TRACE] -- [main &gt;&gt;&gt;&gt; CachedIntrospectionResults.java:297 &gt;&gt;&gt;&gt; Method = &lt;init&gt;] -- [Content = Found bean property &apos;statDataForMBean&apos; of type [java.util.Map]]
[2018-07-02 21:44:38.866] -- [TRACE] -- [main &gt;&gt;&gt;&gt; CachedIntrospectionResults.java:297 &gt;&gt;&gt;&gt; Method = &lt;init&gt;] -- [Content = Found bean property &apos;statLogger&apos; of type [com.alibaba.druid.pool.DruidDataSourceStatLogger]]
[2018-07-02 21:44:38.866] -- [TRACE] -- [main &gt;&gt;&gt;&gt; CachedIntrospectionResults.java:297 &gt;&gt;&gt;&gt; Method = &lt;init&gt;] -- [Content = Found bean property &apos;statLoggerClassName&apos; of type [java.lang.String]]
[2018-07-02 21:44:38.867] -- [TRACE] -- [main &gt;&gt;&gt;&gt; CachedIntrospectionResults.java:297 &gt;&gt;&gt;&gt; Method = &lt;init&gt;] -- [Content = Found bean property &apos;statValueAndReset&apos; of type [com.alibaba.druid.pool.DruidDataSourceStatValue]]
[2018-07-02 21:44:38.867] -- [TRACE] -- [main &gt;&gt;&gt;&gt; CachedIntrospectionResults.java:297 &gt;&gt;&gt;&gt; Method = &lt;init&gt;] -- [Content = Found bean property &apos;testOnBorrow&apos; of type [boolean]]
[2018-07-02 21:44:38.867] -- [TRACE] -- [main &gt;&gt;&gt;&gt; CachedIntrospectionResults.java:297 &gt;&gt;&gt;&gt; Method = &lt;init&gt;] -- [Content = Found bean property &apos;testOnReturn&apos; of type [boolean]]
[2018-07-02 21:44:38.867] -- [TRACE] -- [main &gt;&gt;&gt;&gt; CachedIntrospectionResults.java:297 &gt;&gt;&gt;&gt; Method = &lt;init&gt;] -- [Content = Found bean property &apos;testWhileIdle&apos; of type [boolean]]
[2018-07-02 21:44:38.867] -- [TRACE] -- [main &gt;&gt;&gt;&gt; CachedIntrospectionResults.java:297 &gt;&gt;&gt;&gt; Method = &lt;init&gt;] -- [Content = Found bean property &apos;timeBetweenConnectErrorMillis&apos; of type [long]]
[2018-07-02 21:44:38.868] -- [TRACE] -- [main &gt;&gt;&gt;&gt; CachedIntrospectionResults.java:297 &gt;&gt;&gt;&gt; Method = &lt;init&gt;] -- [Content = Found bean property &apos;timeBetweenEvictionRunsMillis&apos; of type [long]]
[2018-07-02 21:44:38.868] -- [TRACE] -- [main &gt;&gt;&gt;&gt; CachedIntrospectionResults.java:297 &gt;&gt;&gt;&gt; Method = &lt;init&gt;] -- [Content = Found bean property &apos;timeBetweenLogStatsMillis&apos; of type [long]]
[2018-07-02 21:44:38.868] -- [TRACE] -- [main &gt;&gt;&gt;&gt; CachedIntrospectionResults.java:297 &gt;&gt;&gt;&gt; Method = &lt;init&gt;] -- [Content = Found bean property &apos;transactionHistogram&apos; of type [com.alibaba.druid.util.Histogram]]
[2018-07-02 21:44:38.868] -- [TRACE] -- [main &gt;&gt;&gt;&gt; CachedIntrospectionResults.java:297 &gt;&gt;&gt;&gt; Method = &lt;init&gt;] -- [Content = Found bean property &apos;transactionHistogramRanges&apos; of type [[J]]
[2018-07-02 21:44:38.868] -- [TRACE] -- [main &gt;&gt;&gt;&gt; CachedIntrospectionResults.java:297 &gt;&gt;&gt;&gt; Method = &lt;init&gt;] -- [Content = Found bean property &apos;transactionHistogramValues&apos; of type [[J]]
[2018-07-02 21:44:38.868] -- [TRACE] -- [main &gt;&gt;&gt;&gt; CachedIntrospectionResults.java:297 &gt;&gt;&gt;&gt; Method = &lt;init&gt;] -- [Content = Found bean property &apos;transactionQueryTimeout&apos; of type [int]]
[2018-07-02 21:44:38.868] -- [TRACE] -- [main &gt;&gt;&gt;&gt; CachedIntrospectionResults.java:297 &gt;&gt;&gt;&gt; Method = &lt;init&gt;] -- [Content = Found bean property &apos;transactionThresholdMillis&apos; of type [long]]
[2018-07-02 21:44:38.869] -- [TRACE] -- [main &gt;&gt;&gt;&gt; CachedIntrospectionResults.java:297 &gt;&gt;&gt;&gt; Method = &lt;init&gt;] -- [Content = Found bean property &apos;url&apos; of type [java.lang.String]]
[2018-07-02 21:44:38.869] -- [TRACE] -- [main &gt;&gt;&gt;&gt; CachedIntrospectionResults.java:297 &gt;&gt;&gt;&gt; Method = &lt;init&gt;] -- [Content = Found bean property &apos;useGloalDataSourceStat&apos; of type [boolean]]
[2018-07-02 21:44:38.869] -- [TRACE] -- [main &gt;&gt;&gt;&gt; CachedIntrospectionResults.java:297 &gt;&gt;&gt;&gt; Method = &lt;init&gt;] -- [Content = Found bean property &apos;useLocalSessionState&apos; of type [boolean]]
[2018-07-02 21:44:38.869] -- [TRACE] -- [main &gt;&gt;&gt;&gt; CachedIntrospectionResults.java:297 &gt;&gt;&gt;&gt; Method = &lt;init&gt;] -- [Content = Found bean property &apos;useOracleImplicitCache&apos; of type [boolean]]
[2018-07-02 21:44:38.869] -- [TRACE] -- [main &gt;&gt;&gt;&gt; CachedIntrospectionResults.java:297 &gt;&gt;&gt;&gt; Method = &lt;init&gt;] -- [Content = Found bean property &apos;useUnfairLock&apos; of type [boolean]]
[2018-07-02 21:44:38.869] -- [TRACE] -- [main &gt;&gt;&gt;&gt; CachedIntrospectionResults.java:297 &gt;&gt;&gt;&gt; Method = &lt;init&gt;] -- [Content = Found bean property &apos;userCallback&apos; of type [javax.security.auth.callback.NameCallback]]
[2018-07-02 21:44:38.869] -- [TRACE] -- [main &gt;&gt;&gt;&gt; CachedIntrospectionResults.java:297 &gt;&gt;&gt;&gt; Method = &lt;init&gt;] -- [Content = Found bean property &apos;username&apos; of type [java.lang.String]]
[2018-07-02 21:44:38.870] -- [TRACE] -- [main &gt;&gt;&gt;&gt; CachedIntrospectionResults.java:297 &gt;&gt;&gt;&gt; Method = &lt;init&gt;] -- [Content = Found bean property &apos;validConnectionChecker&apos; of type [com.alibaba.druid.pool.ValidConnectionChecker]]
[2018-07-02 21:44:38.870] -- [TRACE] -- [main &gt;&gt;&gt;&gt; CachedIntrospectionResults.java:297 &gt;&gt;&gt;&gt; Method = &lt;init&gt;] -- [Content = Found bean property &apos;validConnectionCheckerClassName&apos; of type [java.lang.String]]
[2018-07-02 21:44:38.870] -- [TRACE] -- [main &gt;&gt;&gt;&gt; CachedIntrospectionResults.java:297 &gt;&gt;&gt;&gt; Method = &lt;init&gt;] -- [Content = Found bean property &apos;validationQuery&apos; of type [java.lang.String]]
[2018-07-02 21:44:38.870] -- [TRACE] -- [main &gt;&gt;&gt;&gt; CachedIntrospectionResults.java:297 &gt;&gt;&gt;&gt; Method = &lt;init&gt;] -- [Content = Found bean property &apos;validationQueryTimeout&apos; of type [int]]
[2018-07-02 21:44:38.870] -- [TRACE] -- [main &gt;&gt;&gt;&gt; CachedIntrospectionResults.java:297 &gt;&gt;&gt;&gt; Method = &lt;init&gt;] -- [Content = Found bean property &apos;version&apos; of type [java.lang.String]]
[2018-07-02 21:44:38.870] -- [TRACE] -- [main &gt;&gt;&gt;&gt; CachedIntrospectionResults.java:297 &gt;&gt;&gt;&gt; Method = &lt;init&gt;] -- [Content = Found bean property &apos;waitThreadCount&apos; of type [int]]
[2018-07-02 21:44:38.870] -- [TRACE] -- [main &gt;&gt;&gt;&gt; CachedIntrospectionResults.java:297 &gt;&gt;&gt;&gt; Method = &lt;init&gt;] -- [Content = Found bean property &apos;wallStatMap&apos; of type [java.util.Map]]
[2018-07-02 21:44:38.871] -- [TRACE] -- [main &gt;&gt;&gt;&gt; TypeConverterDelegate.java:434 &gt;&gt;&gt;&gt; Method = doConvertValue] -- [Content = Converting String to [int] using property editor [org.springframework.beans.propertyeditors.CustomNumberEditor@3f3ddbd9]]
[2018-07-02 21:44:38.871] -- [TRACE] -- [main &gt;&gt;&gt;&gt; TypeConverterDelegate.java:434 &gt;&gt;&gt;&gt; Method = doConvertValue] -- [Content = Converting String to [int] using property editor [org.springframework.beans.propertyeditors.CustomNumberEditor@3f3ddbd9]]
[2018-07-02 21:44:38.871] -- [TRACE] -- [main &gt;&gt;&gt;&gt; TypeConverterDelegate.java:434 &gt;&gt;&gt;&gt; Method = doConvertValue] -- [Content = Converting String to [int] using property editor [org.springframework.beans.propertyeditors.CustomNumberEditor@3f3ddbd9]]
[2018-07-02 21:44:38.872] -- [TRACE] -- [main &gt;&gt;&gt;&gt; TypeConverterDelegate.java:434 &gt;&gt;&gt;&gt; Method = doConvertValue] -- [Content = Converting String to [long] using property editor [org.springframework.beans.propertyeditors.CustomNumberEditor@14c053c6]]
[2018-07-02 21:44:38.872] -- [TRACE] -- [main &gt;&gt;&gt;&gt; TypeConverterDelegate.java:434 &gt;&gt;&gt;&gt; Method = doConvertValue] -- [Content = Converting String to [long] using property editor [org.springframework.beans.propertyeditors.CustomNumberEditor@14c053c6]]
[2018-07-02 21:44:38.872] -- [TRACE] -- [main &gt;&gt;&gt;&gt; TypeConverterDelegate.java:434 &gt;&gt;&gt;&gt; Method = doConvertValue] -- [Content = Converting String to [long] using property editor [org.springframework.beans.propertyeditors.CustomNumberEditor@14c053c6]]
[2018-07-02 21:44:38.872] -- [TRACE] -- [main &gt;&gt;&gt;&gt; TypeConverterDelegate.java:434 &gt;&gt;&gt;&gt; Method = doConvertValue] -- [Content = Converting String to [boolean] using property editor [org.springframework.beans.propertyeditors.CustomBooleanEditor@6c2d4cc6]]
[2018-07-02 21:44:38.872] -- [TRACE] -- [main &gt;&gt;&gt;&gt; TypeConverterDelegate.java:434 &gt;&gt;&gt;&gt; Method = doConvertValue] -- [Content = Converting String to [int] using property editor [org.springframework.beans.propertyeditors.CustomNumberEditor@3f3ddbd9]]
[2018-07-02 21:44:38.873] -- [TRACE] -- [main &gt;&gt;&gt;&gt; TypeConverterDelegate.java:434 &gt;&gt;&gt;&gt; Method = doConvertValue] -- [Content = Converting String to [boolean] using property editor [org.springframework.beans.propertyeditors.CustomBooleanEditor@6c2d4cc6]]
[2018-07-02 21:44:38.873] -- [TRACE] -- [main &gt;&gt;&gt;&gt; TypeConverterDelegate.java:434 &gt;&gt;&gt;&gt; Method = doConvertValue] -- [Content = Converting String to [boolean] using property editor [org.springframework.beans.propertyeditors.CustomBooleanEditor@6c2d4cc6]]
[2018-07-02 21:44:38.873] -- [TRACE] -- [main &gt;&gt;&gt;&gt; TypeConverterDelegate.java:434 &gt;&gt;&gt;&gt; Method = doConvertValue] -- [Content = Converting String to [boolean] using property editor [org.springframework.beans.propertyeditors.CustomBooleanEditor@6c2d4cc6]]
[2018-07-02 21:44:38.873] -- [TRACE] -- [main &gt;&gt;&gt;&gt; TypeConverterDelegate.java:434 &gt;&gt;&gt;&gt; Method = doConvertValue] -- [Content = Converting String to [boolean] using property editor [org.springframework.beans.propertyeditors.CustomBooleanEditor@6c2d4cc6]]
[2018-07-02 21:44:38.873] -- [TRACE] -- [main &gt;&gt;&gt;&gt; TypeConverterDelegate.java:434 &gt;&gt;&gt;&gt; Method = doConvertValue] -- [Content = Converting String to [int] using property editor [org.springframework.beans.propertyeditors.CustomNumberEditor@3f3ddbd9]]
[2018-07-02 21:44:38.873] -- [TRACE] -- [main &gt;&gt;&gt;&gt; TypeConverterDelegate.java:434 &gt;&gt;&gt;&gt; Method = doConvertValue] -- [Content = Converting String to [boolean] using property editor [org.springframework.beans.propertyeditors.CustomBooleanEditor@6c2d4cc6]]
[2018-07-02 21:44:38.874] -- [DEBUG] -- [main &gt;&gt;&gt;&gt; AbstractAutowireCapableBeanFactory.java:1678 &gt;&gt;&gt;&gt; Method = invokeCustomInitMethod] -- [Content = Invoking init method  &apos;init&apos; on bean with name &apos;dataSource&apos;]
[2018-07-02 21:44:42.888] -- [WARN] -- [main &gt;&gt;&gt;&gt; AbstractApplicationContext.java:546 &gt;&gt;&gt;&gt; Method = refresh] -- [Content = Exception encountered during context initialization - cancelling refresh attempt: org.springframework.beans.factory.BeanCreationException: Error creating bean with name &apos;entityManagerFactory&apos; defined in file [/Users/xk1020/IdeaProjects/Basic-Single-Module-SSJPA/target/classes/spring/applicationContext-jpa.xml]: Cannot resolve reference to bean &apos;dataSource&apos; while setting bean property &apos;dataSource&apos;; nested exception is org.springframework.beans.factory.BeanCreationException: Error creating bean with name &apos;dataSource&apos; defined in file [/Users/xk1020/IdeaProjects/Basic-Single-Module-SSJPA/target/classes/spring/applicationContext-dataSource.xml]: Invocation of init method failed; nested exception is com.mysql.jdbc.exceptions.jdbc4.MySQLNonTransientConnectionException: Could not create connection to database server. Attempted reconnect 3 times. Giving up.]
[2018-07-02 21:44:42.888] -- [DEBUG] -- [main &gt;&gt;&gt;&gt; DefaultSingletonBeanRegistry.java:512 &gt;&gt;&gt;&gt; Method = destroySingletons] -- [Content = Destroying singletons in org.springframework.beans.factory.support.DefaultListableBeanFactory@1e8823d2: defining beans [org.springframework.context.support.PropertySourcesPlaceholderConfigurer#0,sysUserServiceImpl,org.springframework.context.annotation.internalConfigurationAnnotationProcessor,org.springframework.context.annotation.internalAutowiredAnnotationProcessor,org.springframework.context.annotation.internalRequiredAnnotationProcessor,org.springframework.context.annotation.internalCommonAnnotationProcessor,org.springframework.context.annotation.internalPersistenceAnnotationProcessor,org.springframework.context.event.internalEventListenerProcessor,org.springframework.context.event.internalEventListenerFactory,dataSource,druid-stat-interceptor,druid-stat-pointcut,org.springframework.aop.config.internalAutoProxyCreator,org.springframework.aop.support.DefaultBeanFactoryPointcutAdvisor#0,transactionManager,transactionAdvice,transactionPointcut,org.springframework.aop.support.DefaultBeanFactoryPointcutAdvisor#1,entityManagerFactory,hibernateJpaVendorAdapter,org.springframework.data.jpa.repository.config.JpaRepositoryConfigExtension#0,org.springframework.data.repository.core.support.RepositoryFactoryBeanSupport_Predictor,emBeanDefinitionRegistrarPostProcessor,jpaMappingContext,jpaContext,sysUserDao,org.springframework.context.annotation.ConfigurationClassPostProcessor.importAwareProcessor,org.springframework.context.annotation.ConfigurationClassPostProcessor.enhancedConfigurationProcessor,org.springframework.orm.jpa.SharedEntityManagerCreator#0]; root of factory hierarchy]
[2018-07-02 21:44:42.889] -- [ERROR] -- [main &gt;&gt;&gt;&gt; TestContextManager.java:231 &gt;&gt;&gt;&gt; Method = prepareTestInstance] -- [Content = Caught exception while allowing TestExecutionListener [org.springframework.test.context.support.DependencyInjectionTestExecutionListener@101df177] to prepare test instance [com.youmeek.ssm.SSMTest@5ed190be]]
java.lang.IllegalStateException: Failed to load ApplicationContext
	at org.springframework.test.context.cache.DefaultCacheAwareContextLoaderDelegate.loadContext(DefaultCacheAwareContextLoaderDelegate.java:124)
	at org.springframework.test.context.support.DefaultTestContext.getApplicationContext(DefaultTestContext.java:83)
	at org.springframework.test.context.support.DependencyInjectionTestExecutionListener.injectDependencies(DependencyInjectionTestExecutionListener.java:117)
	at org.springframework.test.context.support.DependencyInjectionTestExecutionListener.prepareTestInstance(DependencyInjectionTestExecutionListener.java:83)
	at org.springframework.test.context.TestContextManager.prepareTestInstance(TestContextManager.java:228)
	at org.springframework.test.context.junit4.SpringJUnit4ClassRunner.createTest(SpringJUnit4ClassRunner.java:230)
	at org.springframework.test.context.junit4.SpringJUnit4ClassRunner$1.runReflectiveCall(SpringJUnit4ClassRunner.java:289)
	at org.junit.internal.runners.model.ReflectiveCallable.run(ReflectiveCallable.java:12)
	at org.springframework.test.context.junit4.SpringJUnit4ClassRunner.methodBlock(SpringJUnit4ClassRunner.java:291)
	at org.springframework.test.context.junit4.SpringJUnit4ClassRunner.runChild(SpringJUnit4ClassRunner.java:249)
	at org.springframework.test.context.junit4.SpringJUnit4ClassRunner.runChild(SpringJUnit4ClassRunner.java:89)
	at org.junit.runners.ParentRunner$3.run(ParentRunner.java:238)
	at org.junit.runners.ParentRunner$1.schedule(ParentRunner.java:63)
	at org.junit.runners.ParentRunner.runChildren(ParentRunner.java:236)
	at org.junit.runners.ParentRunner.access$000(ParentRunner.java:53)
	at org.junit.runners.ParentRunner$2.evaluate(ParentRunner.java:229)
	at org.springframework.test.context.junit4.statements.RunBeforeTestClassCallbacks.evaluate(RunBeforeTestClassCallbacks.java:61)
	at org.springframework.test.context.junit4.statements.RunAfterTestClassCallbacks.evaluate(RunAfterTestClassCallbacks.java:70)
	at org.junit.runners.ParentRunner.run(ParentRunner.java:309)
	at org.springframework.test.context.junit4.SpringJUnit4ClassRunner.run(SpringJUnit4ClassRunner.java:193)
	at org.apache.maven.surefire.junit4.JUnit4Provider.execute(JUnit4Provider.java:252)
	at org.apache.maven.surefire.junit4.JUnit4Provider.executeTestSet(JUnit4Provider.java:141)
	at org.apache.maven.surefire.junit4.JUnit4Provider.invoke(JUnit4Provider.java:112)
	at sun.reflect.NativeMethodAccessorImpl.invoke0(Native Method)
	at sun.reflect.NativeMethodAccessorImpl.invoke(NativeMethodAccessorImpl.java:62)
	at sun.reflect.DelegatingMethodAccessorImpl.invoke(DelegatingMethodAccessorImpl.java:43)
	at java.lang.reflect.Method.invoke(Method.java:498)
	at org.apache.maven.surefire.util.ReflectionUtils.invokeMethodWithArray(ReflectionUtils.java:189)
	at org.apache.maven.surefire.booter.ProviderFactory$ProviderProxy.invoke(ProviderFactory.java:165)
	at org.apache.maven.surefire.booter.ProviderFactory.invokeProvider(ProviderFactory.java:85)
	at org.apache.maven.surefire.booter.ForkedBooter.runSuitesInProcess(ForkedBooter.java:115)
	at org.apache.maven.surefire.booter.ForkedBooter.main(ForkedBooter.java:75)
Caused by: org.springframework.beans.factory.BeanCreationException: Error creating bean with name &apos;entityManagerFactory&apos; defined in file [/Users/xk1020/IdeaProjects/Basic-Single-Module-SSJPA/target/classes/spring/applicationContext-jpa.xml]: Cannot resolve reference to bean &apos;dataSource&apos; while setting bean property &apos;dataSource&apos;; nested exception is org.springframework.beans.factory.BeanCreationException: Error creating bean with name &apos;dataSource&apos; defined in file [/Users/xk1020/IdeaProjects/Basic-Single-Module-SSJPA/target/classes/spring/applicationContext-dataSource.xml]: Invocation of init method failed; nested exception is com.mysql.jdbc.exceptions.jdbc4.MySQLNonTransientConnectionException: Could not create connection to database server. Attempted reconnect 3 times. Giving up.
	at org.springframework.beans.factory.support.BeanDefinitionValueResolver.resolveReference(BeanDefinitionValueResolver.java:359)
	at org.springframework.beans.factory.support.BeanDefinitionValueResolver.resolveValueIfNecessary(BeanDefinitionValueResolver.java:108)
	at org.springframework.beans.factory.support.AbstractAutowireCapableBeanFactory.applyPropertyValues(AbstractAutowireCapableBeanFactory.java:1481)
	at org.springframework.beans.factory.support.AbstractAutowireCapableBeanFactory.populateBean(AbstractAutowireCapableBeanFactory.java:1226)
	at org.springframework.beans.factory.support.AbstractAutowireCapableBeanFactory.doCreateBean(AbstractAutowireCapableBeanFactory.java:543)
	at org.springframework.beans.factory.support.AbstractAutowireCapableBeanFactory.createBean(AbstractAutowireCapableBeanFactory.java:482)
	at org.springframework.beans.factory.support.AbstractBeanFactory$1.getObject(AbstractBeanFactory.java:306)
	at org.springframework.beans.factory.support.DefaultSingletonBeanRegistry.getSingleton(DefaultSingletonBeanRegistry.java:230)
	at org.springframework.beans.factory.support.AbstractBeanFactory.doGetBean(AbstractBeanFactory.java:302)
	at org.springframework.beans.factory.support.AbstractBeanFactory.getBean(AbstractBeanFactory.java:197)
	at org.springframework.context.support.AbstractApplicationContext.getBean(AbstractApplicationContext.java:1054)
	at org.springframework.context.support.AbstractApplicationContext.finishBeanFactoryInitialization(AbstractApplicationContext.java:829)
	at org.springframework.context.support.AbstractApplicationContext.refresh(AbstractApplicationContext.java:538)
	at org.springframework.test.context.support.AbstractGenericContextLoader.loadContext(AbstractGenericContextLoader.java:125)
	at org.springframework.test.context.support.AbstractGenericContextLoader.loadContext(AbstractGenericContextLoader.java:60)
	at org.springframework.test.context.support.AbstractDelegatingSmartContextLoader.delegateLoading(AbstractDelegatingSmartContextLoader.java:109)
	at org.springframework.test.context.support.AbstractDelegatingSmartContextLoader.loadContext(AbstractDelegatingSmartContextLoader.java:261)
	at org.springframework.test.context.cache.DefaultCacheAwareContextLoaderDelegate.loadContextInternal(DefaultCacheAwareContextLoaderDelegate.java:98)
	at org.springframework.test.context.cache.DefaultCacheAwareContextLoaderDelegate.loadContext(DefaultCacheAwareContextLoaderDelegate.java:116)
	... 31 common frames omitted
Caused by: org.springframework.beans.factory.BeanCreationException: Error creating bean with name &apos;dataSource&apos; defined in file [/Users/xk1020/IdeaProjects/Basic-Single-Module-SSJPA/target/classes/spring/applicationContext-dataSource.xml]: Invocation of init method failed; nested exception is com.mysql.jdbc.exceptions.jdbc4.MySQLNonTransientConnectionException: Could not create connection to database server. Attempted reconnect 3 times. Giving up.
	at org.springframework.beans.factory.support.AbstractAutowireCapableBeanFactory.initializeBean(AbstractAutowireCapableBeanFactory.java:1578)
	at org.springframework.beans.factory.support.AbstractAutowireCapableBeanFactory.doCreateBean(AbstractAutowireCapableBeanFactory.java:545)
	at org.springframework.beans.factory.support.AbstractAutowireCapableBeanFactory.createBean(AbstractAutowireCapableBeanFactory.java:482)
	at org.springframework.beans.factory.support.AbstractBeanFactory$1.getObject(AbstractBeanFactory.java:306)
	at org.springframework.beans.factory.support.DefaultSingletonBeanRegistry.getSingleton(DefaultSingletonBeanRegistry.java:230)
	at org.springframework.beans.factory.support.AbstractBeanFactory.doGetBean(AbstractBeanFactory.java:302)
	at org.springframework.beans.factory.support.AbstractBeanFactory.getBean(AbstractBeanFactory.java:197)
	at org.springframework.beans.factory.support.BeanDefinitionValueResolver.resolveReference(BeanDefinitionValueResolver.java:351)
	... 49 common frames omitted
Caused by: com.mysql.jdbc.exceptions.jdbc4.MySQLNonTransientConnectionException: Could not create connection to database server. Attempted reconnect 3 times. Giving up.
	at sun.reflect.NativeConstructorAccessorImpl.newInstance0(Native Method)
	at sun.reflect.NativeConstructorAccessorImpl.newInstance(NativeConstructorAccessorImpl.java:62)
	at sun.reflect.DelegatingConstructorAccessorImpl.newInstance(DelegatingConstructorAccessorImpl.java:45)
	at java.lang.reflect.Constructor.newInstance(Constructor.java:423)
	at com.mysql.jdbc.Util.handleNewInstance(Util.java:411)
	at com.mysql.jdbc.Util.getInstance(Util.java:386)
	at com.mysql.jdbc.SQLError.createSQLException(SQLError.java:1014)
	at com.mysql.jdbc.SQLError.createSQLException(SQLError.java:988)
	at com.mysql.jdbc.SQLError.createSQLException(SQLError.java:974)
	at com.mysql.jdbc.SQLError.createSQLException(SQLError.java:919)
	at com.mysql.jdbc.ConnectionImpl.connectWithRetries(ConnectionImpl.java:2299)
	at com.mysql.jdbc.ConnectionImpl.createNewIO(ConnectionImpl.java:2220)
	at com.mysql.jdbc.ConnectionImpl.&lt;init&gt;(ConnectionImpl.java:813)
	at com.mysql.jdbc.JDBC4Connection.&lt;init&gt;(JDBC4Connection.java:47)
	at sun.reflect.NativeConstructorAccessorImpl.newInstance0(Native Method)
	at sun.reflect.NativeConstructorAccessorImpl.newInstance(NativeConstructorAccessorImpl.java:62)
	at sun.reflect.DelegatingConstructorAccessorImpl.newInstance(DelegatingConstructorAccessorImpl.java:45)
	at java.lang.reflect.Constructor.newInstance(Constructor.java:423)
	at com.mysql.jdbc.Util.handleNewInstance(Util.java:411)
	at com.mysql.jdbc.ConnectionImpl.getInstance(ConnectionImpl.java:399)
	at com.mysql.jdbc.NonRegisteringDriver.connect(NonRegisteringDriver.java:334)
	at com.alibaba.druid.filter.FilterChainImpl.connection_connect(FilterChainImpl.java:148)
	at com.alibaba.druid.filter.FilterAdapter.connection_connect(FilterAdapter.java:786)
	at com.alibaba.druid.filter.FilterEventAdapter.connection_connect(FilterEventAdapter.java:38)
	at com.alibaba.druid.filter.FilterChainImpl.connection_connect(FilterChainImpl.java:142)
	at com.alibaba.druid.filter.stat.StatFilter.connection_connect(StatFilter.java:211)
	at com.alibaba.druid.filter.FilterChainImpl.connection_connect(FilterChainImpl.java:142)
	at com.alibaba.druid.pool.DruidAbstractDataSource.createPhysicalConnection(DruidAbstractDataSource.java:1360)
	at com.alibaba.druid.pool.DruidAbstractDataSource.createPhysicalConnection(DruidAbstractDataSource.java:1414)
	at com.alibaba.druid.pool.DruidDataSource.init(DruidDataSource.java:602)
	at sun.reflect.NativeMethodAccessorImpl.invoke0(Native Method)
	at sun.reflect.NativeMethodAccessorImpl.invoke(NativeMethodAccessorImpl.java:62)
	at sun.reflect.DelegatingMethodAccessorImpl.invoke(DelegatingMethodAccessorImpl.java:43)
	at java.lang.reflect.Method.invoke(Method.java:498)
	at org.springframework.beans.factory.support.AbstractAutowireCapableBeanFactory.invokeCustomInitMethod(AbstractAutowireCapableBeanFactory.java:1706)
	at org.springframework.beans.factory.support.AbstractAutowireCapableBeanFactory.invokeInitMethods(AbstractAutowireCapableBeanFactory.java:1645)
	at org.springframework.beans.factory.support.AbstractAutowireCapableBeanFactory.initializeBean(AbstractAutowireCapableBeanFactory.java:1574)
	... 56 common frames omitted
Caused by: java.sql.SQLException: Access denied for user &apos;root &apos;@&apos;localhost&apos; (using password: YES)
	at com.mysql.jdbc.SQLError.createSQLException(SQLError.java:1074)
	at com.mysql.jdbc.MysqlIO.checkErrorPacket(MysqlIO.java:4074)
	at com.mysql.jdbc.MysqlIO.checkErrorPacket(MysqlIO.java:4006)
	at com.mysql.jdbc.MysqlIO.checkErrorPacket(MysqlIO.java:919)
	at com.mysql.jdbc.MysqlIO.proceedHandshakeWithPluggableAuthentication(MysqlIO.java:1694)
	at com.mysql.jdbc.MysqlIO.doHandshake(MysqlIO.java:1244)
	at com.mysql.jdbc.ConnectionImpl.coreConnect(ConnectionImpl.java:2397)
	at com.mysql.jdbc.ConnectionImpl.connectWithRetries(ConnectionImpl.java:2238)
	... 82 common frames omitted
</system-out>
  </testcase>
  <testcase classname="com.youmeek.ssm.SSMTest" name="testUpdate" time="0.001">
    <error message="Failed to load ApplicationContext" type="java.lang.IllegalStateException">java.lang.IllegalStateException: Failed to load ApplicationContext
	at org.springframework.test.context.cache.DefaultCacheAwareContextLoaderDelegate.loadContext(DefaultCacheAwareContextLoaderDelegate.java:124)
	at org.springframework.test.context.support.DefaultTestContext.getApplicationContext(DefaultTestContext.java:83)
	at org.springframework.test.context.support.DependencyInjectionTestExecutionListener.injectDependencies(DependencyInjectionTestExecutionListener.java:117)
	at org.springframework.test.context.support.DependencyInjectionTestExecutionListener.prepareTestInstance(DependencyInjectionTestExecutionListener.java:83)
	at org.springframework.test.context.TestContextManager.prepareTestInstance(TestContextManager.java:228)
	at org.springframework.test.context.junit4.SpringJUnit4ClassRunner.createTest(SpringJUnit4ClassRunner.java:230)
	at org.springframework.test.context.junit4.SpringJUnit4ClassRunner$1.runReflectiveCall(SpringJUnit4ClassRunner.java:289)
	at org.junit.internal.runners.model.ReflectiveCallable.run(ReflectiveCallable.java:12)
	at org.springframework.test.context.junit4.SpringJUnit4ClassRunner.methodBlock(SpringJUnit4ClassRunner.java:291)
	at org.springframework.test.context.junit4.SpringJUnit4ClassRunner.runChild(SpringJUnit4ClassRunner.java:249)
	at org.springframework.test.context.junit4.SpringJUnit4ClassRunner.runChild(SpringJUnit4ClassRunner.java:89)
	at org.junit.runners.ParentRunner$3.run(ParentRunner.java:238)
	at org.junit.runners.ParentRunner$1.schedule(ParentRunner.java:63)
	at org.junit.runners.ParentRunner.runChildren(ParentRunner.java:236)
	at org.junit.runners.ParentRunner.access$000(ParentRunner.java:53)
	at org.junit.runners.ParentRunner$2.evaluate(ParentRunner.java:229)
	at org.springframework.test.context.junit4.statements.RunBeforeTestClassCallbacks.evaluate(RunBeforeTestClassCallbacks.java:61)
	at org.springframework.test.context.junit4.statements.RunAfterTestClassCallbacks.evaluate(RunAfterTestClassCallbacks.java:70)
	at org.junit.runners.ParentRunner.run(ParentRunner.java:309)
	at org.springframework.test.context.junit4.SpringJUnit4ClassRunner.run(SpringJUnit4ClassRunner.java:193)
	at org.apache.maven.surefire.junit4.JUnit4Provider.execute(JUnit4Provider.java:252)
	at org.apache.maven.surefire.junit4.JUnit4Provider.executeTestSet(JUnit4Provider.java:141)
	at org.apache.maven.surefire.junit4.JUnit4Provider.invoke(JUnit4Provider.java:112)
	at sun.reflect.NativeMethodAccessorImpl.invoke0(Native Method)
	at sun.reflect.NativeMethodAccessorImpl.invoke(NativeMethodAccessorImpl.java:62)
	at sun.reflect.DelegatingMethodAccessorImpl.invoke(DelegatingMethodAccessorImpl.java:43)
	at java.lang.reflect.Method.invoke(Method.java:498)
	at org.apache.maven.surefire.util.ReflectionUtils.invokeMethodWithArray(ReflectionUtils.java:189)
	at org.apache.maven.surefire.booter.ProviderFactory$ProviderProxy.invoke(ProviderFactory.java:165)
	at org.apache.maven.surefire.booter.ProviderFactory.invokeProvider(ProviderFactory.java:85)
	at org.apache.maven.surefire.booter.ForkedBooter.runSuitesInProcess(ForkedBooter.java:115)
	at org.apache.maven.surefire.booter.ForkedBooter.main(ForkedBooter.java:75)
Caused by: org.springframework.beans.factory.BeanCreationException: Error creating bean with name &apos;entityManagerFactory&apos; defined in file [/Users/xk1020/IdeaProjects/Basic-Single-Module-SSJPA/target/classes/spring/applicationContext-jpa.xml]: Cannot resolve reference to bean &apos;dataSource&apos; while setting bean property &apos;dataSource&apos;; nested exception is org.springframework.beans.factory.BeanCreationException: Error creating bean with name &apos;dataSource&apos; defined in file [/Users/xk1020/IdeaProjects/Basic-Single-Module-SSJPA/target/classes/spring/applicationContext-dataSource.xml]: Invocation of init method failed; nested exception is com.mysql.jdbc.exceptions.jdbc4.MySQLNonTransientConnectionException: Could not create connection to database server. Attempted reconnect 3 times. Giving up.
	at org.springframework.beans.factory.support.BeanDefinitionValueResolver.resolveReference(BeanDefinitionValueResolver.java:359)
	at org.springframework.beans.factory.support.BeanDefinitionValueResolver.resolveValueIfNecessary(BeanDefinitionValueResolver.java:108)
	at org.springframework.beans.factory.support.AbstractAutowireCapableBeanFactory.applyPropertyValues(AbstractAutowireCapableBeanFactory.java:1481)
	at org.springframework.beans.factory.support.AbstractAutowireCapableBeanFactory.populateBean(AbstractAutowireCapableBeanFactory.java:1226)
	at org.springframework.beans.factory.support.AbstractAutowireCapableBeanFactory.doCreateBean(AbstractAutowireCapableBeanFactory.java:543)
	at org.springframework.beans.factory.support.AbstractAutowireCapableBeanFactory.createBean(AbstractAutowireCapableBeanFactory.java:482)
	at org.springframework.beans.factory.support.AbstractBeanFactory$1.getObject(AbstractBeanFactory.java:306)
	at org.springframework.beans.factory.support.DefaultSingletonBeanRegistry.getSingleton(DefaultSingletonBeanRegistry.java:230)
	at org.springframework.beans.factory.support.AbstractBeanFactory.doGetBean(AbstractBeanFactory.java:302)
	at org.springframework.beans.factory.support.AbstractBeanFactory.getBean(AbstractBeanFactory.java:197)
	at org.springframework.context.support.AbstractApplicationContext.getBean(AbstractApplicationContext.java:1054)
	at org.springframework.context.support.AbstractApplicationContext.finishBeanFactoryInitialization(AbstractApplicationContext.java:829)
	at org.springframework.context.support.AbstractApplicationContext.refresh(AbstractApplicationContext.java:538)
	at org.springframework.test.context.support.AbstractGenericContextLoader.loadContext(AbstractGenericContextLoader.java:125)
	at org.springframework.test.context.support.AbstractGenericContextLoader.loadContext(AbstractGenericContextLoader.java:60)
	at org.springframework.test.context.support.AbstractDelegatingSmartContextLoader.delegateLoading(AbstractDelegatingSmartContextLoader.java:109)
	at org.springframework.test.context.support.AbstractDelegatingSmartContextLoader.loadContext(AbstractDelegatingSmartContextLoader.java:261)
	at org.springframework.test.context.cache.DefaultCacheAwareContextLoaderDelegate.loadContextInternal(DefaultCacheAwareContextLoaderDelegate.java:98)
	at org.springframework.test.context.cache.DefaultCacheAwareContextLoaderDelegate.loadContext(DefaultCacheAwareContextLoaderDelegate.java:116)
	... 31 more
Caused by: org.springframework.beans.factory.BeanCreationException: Error creating bean with name &apos;dataSource&apos; defined in file [/Users/xk1020/IdeaProjects/Basic-Single-Module-SSJPA/target/classes/spring/applicationContext-dataSource.xml]: Invocation of init method failed; nested exception is com.mysql.jdbc.exceptions.jdbc4.MySQLNonTransientConnectionException: Could not create connection to database server. Attempted reconnect 3 times. Giving up.
	at org.springframework.beans.factory.support.AbstractAutowireCapableBeanFactory.initializeBean(AbstractAutowireCapableBeanFactory.java:1578)
	at org.springframework.beans.factory.support.AbstractAutowireCapableBeanFactory.doCreateBean(AbstractAutowireCapableBeanFactory.java:545)
	at org.springframework.beans.factory.support.AbstractAutowireCapableBeanFactory.createBean(AbstractAutowireCapableBeanFactory.java:482)
	at org.springframework.beans.factory.support.AbstractBeanFactory$1.getObject(AbstractBeanFactory.java:306)
	at org.springframework.beans.factory.support.DefaultSingletonBeanRegistry.getSingleton(DefaultSingletonBeanRegistry.java:230)
	at org.springframework.beans.factory.support.AbstractBeanFactory.doGetBean(AbstractBeanFactory.java:302)
	at org.springframework.beans.factory.support.AbstractBeanFactory.getBean(AbstractBeanFactory.java:197)
	at org.springframework.beans.factory.support.BeanDefinitionValueResolver.resolveReference(BeanDefinitionValueResolver.java:351)
	... 49 more
Caused by: com.mysql.jdbc.exceptions.jdbc4.MySQLNonTransientConnectionException: Could not create connection to database server. Attempted reconnect 3 times. Giving up.
	at sun.reflect.NativeConstructorAccessorImpl.newInstance0(Native Method)
	at sun.reflect.NativeConstructorAccessorImpl.newInstance(NativeConstructorAccessorImpl.java:62)
	at sun.reflect.DelegatingConstructorAccessorImpl.newInstance(DelegatingConstructorAccessorImpl.java:45)
	at java.lang.reflect.Constructor.newInstance(Constructor.java:423)
	at com.mysql.jdbc.Util.handleNewInstance(Util.java:411)
	at com.mysql.jdbc.Util.getInstance(Util.java:386)
	at com.mysql.jdbc.SQLError.createSQLException(SQLError.java:1014)
	at com.mysql.jdbc.SQLError.createSQLException(SQLError.java:988)
	at com.mysql.jdbc.SQLError.createSQLException(SQLError.java:974)
	at com.mysql.jdbc.SQLError.createSQLException(SQLError.java:919)
	at com.mysql.jdbc.ConnectionImpl.connectWithRetries(ConnectionImpl.java:2299)
	at com.mysql.jdbc.ConnectionImpl.createNewIO(ConnectionImpl.java:2220)
	at com.mysql.jdbc.ConnectionImpl.&lt;init&gt;(ConnectionImpl.java:813)
	at com.mysql.jdbc.JDBC4Connection.&lt;init&gt;(JDBC4Connection.java:47)
	at sun.reflect.NativeConstructorAccessorImpl.newInstance0(Native Method)
	at sun.reflect.NativeConstructorAccessorImpl.newInstance(NativeConstructorAccessorImpl.java:62)
	at sun.reflect.DelegatingConstructorAccessorImpl.newInstance(DelegatingConstructorAccessorImpl.java:45)
	at java.lang.reflect.Constructor.newInstance(Constructor.java:423)
	at com.mysql.jdbc.Util.handleNewInstance(Util.java:411)
	at com.mysql.jdbc.ConnectionImpl.getInstance(ConnectionImpl.java:399)
	at com.mysql.jdbc.NonRegisteringDriver.connect(NonRegisteringDriver.java:334)
	at com.alibaba.druid.filter.FilterChainImpl.connection_connect(FilterChainImpl.java:148)
	at com.alibaba.druid.filter.FilterAdapter.connection_connect(FilterAdapter.java:786)
	at com.alibaba.druid.filter.FilterEventAdapter.connection_connect(FilterEventAdapter.java:38)
	at com.alibaba.druid.filter.FilterChainImpl.connection_connect(FilterChainImpl.java:142)
	at com.alibaba.druid.filter.stat.StatFilter.connection_connect(StatFilter.java:211)
	at com.alibaba.druid.filter.FilterChainImpl.connection_connect(FilterChainImpl.java:142)
	at com.alibaba.druid.pool.DruidAbstractDataSource.createPhysicalConnection(DruidAbstractDataSource.java:1360)
	at com.alibaba.druid.pool.DruidAbstractDataSource.createPhysicalConnection(DruidAbstractDataSource.java:1414)
	at com.alibaba.druid.pool.DruidDataSource.init(DruidDataSource.java:602)
	at sun.reflect.NativeMethodAccessorImpl.invoke0(Native Method)
	at sun.reflect.NativeMethodAccessorImpl.invoke(NativeMethodAccessorImpl.java:62)
	at sun.reflect.DelegatingMethodAccessorImpl.invoke(DelegatingMethodAccessorImpl.java:43)
	at java.lang.reflect.Method.invoke(Method.java:498)
	at org.springframework.beans.factory.support.AbstractAutowireCapableBeanFactory.invokeCustomInitMethod(AbstractAutowireCapableBeanFactory.java:1706)
	at org.springframework.beans.factory.support.AbstractAutowireCapableBeanFactory.invokeInitMethods(AbstractAutowireCapableBeanFactory.java:1645)
	at org.springframework.beans.factory.support.AbstractAutowireCapableBeanFactory.initializeBean(AbstractAutowireCapableBeanFactory.java:1574)
	... 56 more
Caused by: java.sql.SQLException: Access denied for user &apos;root &apos;@&apos;localhost&apos; (using password: YES)
	at com.mysql.jdbc.SQLError.createSQLException(SQLError.java:1074)
	at com.mysql.jdbc.MysqlIO.checkErrorPacket(MysqlIO.java:4074)
	at com.mysql.jdbc.MysqlIO.checkErrorPacket(MysqlIO.java:4006)
	at com.mysql.jdbc.MysqlIO.checkErrorPacket(MysqlIO.java:919)
	at com.mysql.jdbc.MysqlIO.proceedHandshakeWithPluggableAuthentication(MysqlIO.java:1694)
	at com.mysql.jdbc.MysqlIO.doHandshake(MysqlIO.java:1244)
	at com.mysql.jdbc.ConnectionImpl.coreConnect(ConnectionImpl.java:2397)
	at com.mysql.jdbc.ConnectionImpl.connectWithRetries(ConnectionImpl.java:2238)
	... 82 more
</error>
    <system-out>[2018-07-02 21:44:42.891] -- [DEBUG] -- [main &gt;&gt;&gt;&gt; ProfileValueUtils.java:71 &gt;&gt;&gt;&gt; Method = retrieveProfileValueSource] -- [Content = Retrieved @ProfileValueSourceConfiguration [null] for test class [com.youmeek.ssm.SSMTest]]
[2018-07-02 21:44:42.891] -- [DEBUG] -- [main &gt;&gt;&gt;&gt; ProfileValueUtils.java:83 &gt;&gt;&gt;&gt; Method = retrieveProfileValueSource] -- [Content = Retrieved ProfileValueSource type [class org.springframework.test.annotation.SystemProfileValueSource] for class [com.youmeek.ssm.SSMTest]]
[2018-07-02 21:44:42.891] -- [TRACE] -- [main &gt;&gt;&gt;&gt; TestContextManager.java:222 &gt;&gt;&gt;&gt; Method = prepareTestInstance] -- [Content = prepareTestInstance(): instance [com.youmeek.ssm.SSMTest@3b809711]]
[2018-07-02 21:44:42.892] -- [DEBUG] -- [main &gt;&gt;&gt;&gt; DependencyInjectionTestExecutionListener.java:81 &gt;&gt;&gt;&gt; Method = prepareTestInstance] -- [Content = Performing dependency injection for test context [[DefaultTestContext@49c43f4e testClass = SSMTest, testInstance = com.youmeek.ssm.SSMTest@3b809711, testMethod = [null], testException = [null], mergedContextConfiguration = [MergedContextConfiguration@290dbf45 testClass = SSMTest, locations = &apos;{classpath*:spring/applicationContext*.xml}&apos;, classes = &apos;{}&apos;, contextInitializerClasses = &apos;[]&apos;, activeProfiles = &apos;{}&apos;, propertySourceLocations = &apos;{}&apos;, propertySourceProperties = &apos;{}&apos;, contextLoader = &apos;org.springframework.test.context.support.DelegatingSmartContextLoader&apos;, parent = [null]]]].]
[2018-07-02 21:44:42.892] -- [DEBUG] -- [main &gt;&gt;&gt;&gt; AbstractDelegatingSmartContextLoader.java:107 &gt;&gt;&gt;&gt; Method = delegateLoading] -- [Content = Delegating to GenericXmlContextLoader to load context from [MergedContextConfiguration@290dbf45 testClass = SSMTest, locations = &apos;{classpath*:spring/applicationContext*.xml}&apos;, classes = &apos;{}&apos;, contextInitializerClasses = &apos;[]&apos;, activeProfiles = &apos;{}&apos;, propertySourceLocations = &apos;{}&apos;, propertySourceProperties = &apos;{}&apos;, contextLoader = &apos;org.springframework.test.context.support.DelegatingSmartContextLoader&apos;, parent = [null]].]
[2018-07-02 21:44:42.892] -- [DEBUG] -- [main &gt;&gt;&gt;&gt; AbstractGenericContextLoader.java:107 &gt;&gt;&gt;&gt; Method = loadContext] -- [Content = Loading ApplicationContext for merged context configuration [[MergedContextConfiguration@290dbf45 testClass = SSMTest, locations = &apos;{classpath*:spring/applicationContext*.xml}&apos;, classes = &apos;{}&apos;, contextInitializerClasses = &apos;[]&apos;, activeProfiles = &apos;{}&apos;, propertySourceLocations = &apos;{}&apos;, propertySourceProperties = &apos;{}&apos;, contextLoader = &apos;org.springframework.test.context.support.DelegatingSmartContextLoader&apos;, parent = [null]]].]
[2018-07-02 21:44:42.893] -- [DEBUG] -- [main &gt;&gt;&gt;&gt; MutablePropertySources.java:109 &gt;&gt;&gt;&gt; Method = addLast] -- [Content = Adding [systemProperties] PropertySource with lowest search precedence]
[2018-07-02 21:44:42.893] -- [DEBUG] -- [main &gt;&gt;&gt;&gt; MutablePropertySources.java:109 &gt;&gt;&gt;&gt; Method = addLast] -- [Content = Adding [systemEnvironment] PropertySource with lowest search precedence]
[2018-07-02 21:44:42.893] -- [DEBUG] -- [main &gt;&gt;&gt;&gt; AbstractEnvironment.java:127 &gt;&gt;&gt;&gt; Method = &lt;init&gt;] -- [Content = Initialized StandardEnvironment with PropertySources [systemProperties,systemEnvironment]]
[2018-07-02 21:44:42.893] -- [DEBUG] -- [main &gt;&gt;&gt;&gt; PathMatchingResourcePatternResolver.java:312 &gt;&gt;&gt;&gt; Method = findAllClassPathResources] -- [Content = Resolved classpath location [spring/] to resources [URL [file:/Users/xk1020/IdeaProjects/Basic-Single-Module-SSJPA/target/classes/spring/]]]
[2018-07-02 21:44:42.894] -- [DEBUG] -- [main &gt;&gt;&gt;&gt; PathMatchingResourcePatternResolver.java:637 &gt;&gt;&gt;&gt; Method = doFindMatchingFileSystemResources] -- [Content = Looking for matching resources in directory tree [/Users/xk1020/IdeaProjects/Basic-Single-Module-SSJPA/target/classes/spring]]
[2018-07-02 21:44:42.894] -- [DEBUG] -- [main &gt;&gt;&gt;&gt; PathMatchingResourcePatternResolver.java:699 &gt;&gt;&gt;&gt; Method = doRetrieveMatchingFiles] -- [Content = Searching directory [/Users/xk1020/IdeaProjects/Basic-Single-Module-SSJPA/target/classes/spring] for files matching pattern [/Users/xk1020/IdeaProjects/Basic-Single-Module-SSJPA/target/classes/spring/applicationContext*.xml]]
[2018-07-02 21:44:42.894] -- [DEBUG] -- [main &gt;&gt;&gt;&gt; PathMatchingResourcePatternResolver.java:430 &gt;&gt;&gt;&gt; Method = findPathMatchingResources] -- [Content = Resolved location pattern [classpath*:spring/applicationContext*.xml] to resources [file [/Users/xk1020/IdeaProjects/Basic-Single-Module-SSJPA/target/classes/spring/applicationContext.xml], file [/Users/xk1020/IdeaProjects/Basic-Single-Module-SSJPA/target/classes/spring/applicationContext-dataSource.xml], file [/Users/xk1020/IdeaProjects/Basic-Single-Module-SSJPA/target/classes/spring/applicationContext-transaction.xml], file [/Users/xk1020/IdeaProjects/Basic-Single-Module-SSJPA/target/classes/spring/applicationContext-jpa.xml]]]
[2018-07-02 21:44:42.894] -- [INFO] -- [main &gt;&gt;&gt;&gt; XmlBeanDefinitionReader.java:317 &gt;&gt;&gt;&gt; Method = loadBeanDefinitions] -- [Content = Loading XML bean definitions from file [/Users/xk1020/IdeaProjects/Basic-Single-Module-SSJPA/target/classes/spring/applicationContext.xml]]
[2018-07-02 21:44:42.895] -- [DEBUG] -- [main &gt;&gt;&gt;&gt; DefaultDocumentLoader.java:73 &gt;&gt;&gt;&gt; Method = loadDocument] -- [Content = Using JAXP provider [com.sun.org.apache.xerces.internal.jaxp.DocumentBuilderFactoryImpl]]
[2018-07-02 21:44:42.896] -- [TRACE] -- [main &gt;&gt;&gt;&gt; PluggableSchemaResolver.java:106 &gt;&gt;&gt;&gt; Method = resolveEntity] -- [Content = Trying to resolve XML entity with public id [null] and system id [http://www.springframework.org/schema/beans/spring-beans-4.2.xsd]]
[2018-07-02 21:44:42.897] -- [DEBUG] -- [main &gt;&gt;&gt;&gt; PluggableSchemaResolver.java:141 &gt;&gt;&gt;&gt; Method = getSchemaMappings] -- [Content = Loading schema mappings from [META-INF/spring.schemas]]
[2018-07-02 21:44:42.899] -- [DEBUG] -- [main &gt;&gt;&gt;&gt; PluggableSchemaResolver.java:147 &gt;&gt;&gt;&gt; Method = getSchemaMappings] -- [Content = Loaded schema mappings: {http://www.springframework.org/schema/tx/spring-tx-2.5.xsd=org/springframework/transaction/config/spring-tx-2.5.xsd, http://www.springframework.org/schema/cache/spring-cache-4.2.xsd=org/springframework/cache/config/spring-cache-4.2.xsd, http://www.springframework.org/schema/aop/spring-aop-4.1.xsd=org/springframework/aop/config/spring-aop-4.1.xsd, http://www.springframework.org/schema/context/spring-context-3.1.xsd=org/springframework/context/config/spring-context-3.1.xsd, http://www.springframework.org/schema/data/repository/spring-repository-1.4.xsd=org/springframework/data/repository/config/spring-repository-1.4.xsd, http://www.springframework.org/schema/jdbc/spring-jdbc-4.1.xsd=org/springframework/jdbc/config/spring-jdbc-4.1.xsd, http://www.springframework.org/schema/util/spring-util-3.0.xsd=org/springframework/beans/factory/xml/spring-util-3.0.xsd, http://www.springframework.org/schema/mvc/spring-mvc-4.1.xsd=org/springframework/web/servlet/config/spring-mvc-4.1.xsd, http://www.springframework.org/schema/data/jpa/spring-jpa.xsd=org/springframework/data/jpa/repository/config/spring-jpa-1.8.xsd, http://www.springframework.org/schema/aop/spring-aop-3.2.xsd=org/springframework/aop/config/spring-aop-3.2.xsd, http://www.springframework.org/schema/tool/spring-tool.xsd=org/springframework/beans/factory/xml/spring-tool-4.2.xsd, http://www.springframework.org/schema/lang/spring-lang-4.1.xsd=org/springframework/scripting/config/spring-lang-4.1.xsd, http://www.springframework.org/schema/context/spring-context-4.0.xsd=org/springframework/context/config/spring-context-4.0.xsd, http://www.springframework.org/schema/mvc/spring-mvc-3.2.xsd=org/springframework/web/servlet/config/spring-mvc-3.2.xsd, http://www.springframework.org/schema/beans/spring-beans-4.2.xsd=org/springframework/beans/factory/xml/spring-beans-4.2.xsd, http://www.springframework.org/schema/oxm/spring-oxm-3.0.xsd=org/springframework/oxm/config/spring-oxm-3.0.xsd, http://www.springframework.org/schema/tool/spring-tool-4.1.xsd=org/springframework/beans/factory/xml/spring-tool-4.1.xsd, http://www.springframework.org/schema/lang/spring-lang-3.2.xsd=org/springframework/scripting/config/spring-lang-3.2.xsd, http://www.springframework.org/schema/cache/spring-cache-3.2.xsd=org/springframework/cache/config/spring-cache-3.2.xsd, http://www.springframework.org/schema/jee/spring-jee-4.1.xsd=org/springframework/ejb/config/spring-jee-4.1.xsd, http://www.springframework.org/schema/jdbc/spring-jdbc-3.1.xsd=org/springframework/jdbc/config/spring-jdbc-3.1.xsd, http://www.springframework.org/schema/task/spring-task-4.2.xsd=org/springframework/scheduling/config/spring-task-4.2.xsd, http://www.springframework.org/schema/util/spring-util-2.0.xsd=org/springframework/beans/factory/xml/spring-util-2.0.xsd, http://www.springframework.org/schema/tool/spring-tool-3.2.xsd=org/springframework/beans/factory/xml/spring-tool-3.2.xsd, http://www.springframework.org/schema/context/spring-context.xsd=org/springframework/context/config/spring-context-4.2.xsd, http://www.springframework.org/schema/tx/spring-tx-4.2.xsd=org/springframework/transaction/config/spring-tx-4.2.xsd, http://www.springframework.org/schema/cache/spring-cache-4.1.xsd=org/springframework/cache/config/spring-cache-4.1.xsd, http://www.springframework.org/schema/aop/spring-aop-4.0.xsd=org/springframework/aop/config/spring-aop-4.0.xsd, http://www.springframework.org/schema/jee/spring-jee-3.2.xsd=org/springframework/ejb/config/spring-jee-3.2.xsd, http://www.springframework.org/schema/context/spring-context-3.0.xsd=org/springframework/context/config/spring-context-3.0.xsd, http://www.springframework.org/schema/jdbc/spring-jdbc-4.0.xsd=org/springframework/jdbc/config/spring-jdbc-4.0.xsd, http://www.springframework.org/schema/util/spring-util-2.5.xsd=org/springframework/beans/factory/xml/spring-util-2.5.xsd, http://www.springframework.org/schema/mvc/spring-mvc-4.0.xsd=org/springframework/web/servlet/config/spring-mvc-4.0.xsd, http://www.springframework.org/schema/beans/spring-beans-3.2.xsd=org/springframework/beans/factory/xml/spring-beans-3.2.xsd, http://www.springframework.org/schema/aop/spring-aop-3.1.xsd=org/springframework/aop/config/spring-aop-3.1.xsd, http://www.springframework.org/schema/lang/spring-lang-4.0.xsd=org/springframework/scripting/config/spring-lang-4.0.xsd, http://www.springframework.org/schema/data/repository/spring-repository-1.8.xsd=org/springframework/data/repository/config/spring-repository-1.8.xsd, http://www.springframework.org/schema/mvc/spring-mvc.xsd=org/springframework/web/servlet/config/spring-mvc-4.2.xsd, http://www.springframework.org/schema/mvc/spring-mvc-3.1.xsd=org/springframework/web/servlet/config/spring-mvc-3.1.xsd, http://www.springframework.org/schema/beans/spring-beans-4.1.xsd=org/springframework/beans/factory/xml/spring-beans-4.1.xsd, http://www.springframework.org/schema/tool/spring-tool-4.0.xsd=org/springframework/beans/factory/xml/spring-tool-4.0.xsd, http://www.springframework.org/schema/lang/spring-lang-3.1.xsd=org/springframework/scripting/config/spring-lang-3.1.xsd, http://www.springframework.org/schema/tx/spring-tx-3.2.xsd=org/springframework/transaction/config/spring-tx-3.2.xsd, http://www.springframework.org/schema/cache/spring-cache-3.1.xsd=org/springframework/cache/config/spring-cache-3.1.xsd, http://www.springframework.org/schema/jee/spring-jee-4.0.xsd=org/springframework/ejb/config/spring-jee-4.0.xsd, http://www.springframework.org/schema/jdbc/spring-jdbc-3.0.xsd=org/springframework/jdbc/config/spring-jdbc-3.0.xsd, http://www.springframework.org/schema/task/spring-task-4.1.xsd=org/springframework/scheduling/config/spring-task-4.1.xsd, http://www.springframework.org/schema/jdbc/spring-jdbc.xsd=org/springframework/jdbc/config/spring-jdbc-4.2.xsd, http://www.springframework.org/schema/tool/spring-tool-3.1.xsd=org/springframework/beans/factory/xml/spring-tool-3.1.xsd, http://www.springframework.org/schema/tx/spring-tx-4.1.xsd=org/springframework/transaction/config/spring-tx-4.1.xsd, http://www.springframework.org/schema/cache/spring-cache-4.0.xsd=org/springframework/cache/config/spring-cache-4.0.xsd, http://www.springframework.org/schema/jee/spring-jee-3.1.xsd=org/springframework/ejb/config/spring-jee-3.1.xsd, http://www.springframework.org/schema/task/spring-task-3.2.xsd=org/springframework/scheduling/config/spring-task-3.2.xsd, http://www.springframework.org/schema/util/spring-util-4.2.xsd=org/springframework/beans/factory/xml/spring-util-4.2.xsd, http://www.springframework.org/schema/beans/spring-beans-3.1.xsd=org/springframework/beans/factory/xml/spring-beans-3.1.xsd, http://www.springframework.org/schema/util/spring-util.xsd=org/springframework/beans/factory/xml/spring-util-4.2.xsd, http://www.springframework.org/schema/data/jpa/spring-jpa-1.3.xsd=org/springframework/data/jpa/repository/config/spring-jpa-1.3.xsd, http://www.springframework.org/schema/aop/spring-aop-3.0.xsd=org/springframework/aop/config/spring-aop-3.0.xsd, http://www.springframework.org/schema/data/repository/spring-repository.xsd=org/springframework/data/repository/config/spring-repository-1.11.xsd, http://www.springframework.org/schema/data/repository/spring-repository-1.7.xsd=org/springframework/data/repository/config/spring-repository-1.7.xsd, http://www.springframework.org/schema/mvc/spring-mvc-3.0.xsd=org/springframework/web/servlet/config/spring-mvc-3.0.xsd, http://www.springframework.org/schema/beans/spring-beans-4.0.xsd=org/springframework/beans/factory/xml/spring-beans-4.0.xsd, http://www.springframework.org/schema/oxm/spring-oxm-4.2.xsd=org/springframework/oxm/config/spring-oxm-4.2.xsd, http://www.springframework.org/schema/data/jpa/spring-jpa-1.8.xsd=org/springframework/data/jpa/repository/config/spring-jpa-1.8.xsd, http://www.springframework.org/schema/beans/spring-beans.xsd=org/springframework/beans/factory/xml/spring-beans-4.2.xsd, http://www.springframework.org/schema/lang/spring-lang-3.0.xsd=org/springframework/scripting/config/spring-lang-3.0.xsd, http://www.springframework.org/schema/tx/spring-tx-3.1.xsd=org/springframework/transaction/config/spring-tx-3.1.xsd, http://www.springframework.org/schema/context/spring-context-2.5.xsd=org/springframework/context/config/spring-context-2.5.xsd, http://www.springframework.org/schema/task/spring-task-4.0.xsd=org/springframework/scheduling/config/spring-task-4.0.xsd, http://www.springframework.org/schema/tool/spring-tool-3.0.xsd=org/springframework/beans/factory/xml/spring-tool-3.0.xsd, http://www.springframework.org/schema/tx/spring-tx-4.0.xsd=org/springframework/transaction/config/spring-tx-4.0.xsd, http://www.springframework.org/schema/aop/spring-aop-2.0.xsd=org/springframework/aop/config/spring-aop-2.0.xsd, http://www.springframework.org/schema/jee/spring-jee-3.0.xsd=org/springframework/ejb/config/spring-jee-3.0.xsd, http://www.springframework.org/schema/task/spring-task-3.1.xsd=org/springframework/scheduling/config/spring-task-3.1.xsd, http://www.springframework.org/schema/util/spring-util-4.1.xsd=org/springframework/beans/factory/xml/spring-util-4.1.xsd, http://www.springframework.org/schema/beans/spring-beans-3.0.xsd=org/springframework/beans/factory/xml/spring-beans-3.0.xsd, http://www.springframework.org/schema/data/jpa/spring-jpa-1.2.xsd=org/springframework/data/jpa/repository/config/spring-jpa-1.2.xsd, http://www.springframework.org/schema/jee/spring-jee.xsd=org/springframework/ejb/config/spring-jee-4.2.xsd, http://www.springframework.org/schema/aop/spring-aop-2.5.xsd=org/springframework/aop/config/spring-aop-2.5.xsd, http://www.springframework.org/schema/lang/spring-lang-2.0.xsd=org/springframework/scripting/config/spring-lang-2.0.xsd, http://www.springframework.org/schema/data/repository/spring-repository-1.6.xsd=org/springframework/data/repository/config/spring-repository-1.6.xsd, http://www.springframework.org/schema/oxm/spring-oxm.xsd=org/springframework/oxm/config/spring-oxm-4.2.xsd, http://www.springframework.org/schema/util/spring-util-3.2.xsd=org/springframework/beans/factory/xml/spring-util-3.2.xsd, http://www.springframework.org/schema/oxm/spring-oxm-4.1.xsd=org/springframework/oxm/config/spring-oxm-4.1.xsd, http://www.springframework.org/schema/task/spring-task.xsd=org/springframework/scheduling/config/spring-task-4.2.xsd, http://www.springframework.org/schema/tool/spring-tool-2.0.xsd=org/springframework/beans/factory/xml/spring-tool-2.0.xsd, http://www.springframework.org/schema/lang/spring-lang-2.5.xsd=org/springframework/scripting/config/spring-lang-2.5.xsd, http://www.springframework.org/schema/tx/spring-tx-3.0.xsd=org/springframework/transaction/config/spring-tx-3.0.xsd, http://www.springframework.org/schema/context/spring-context-4.2.xsd=org/springframework/context/config/spring-context-4.2.xsd, http://www.springframework.org/schema/jee/spring-jee-2.0.xsd=org/springframework/ejb/config/spring-jee-2.0.xsd, http://www.springframework.org/schema/oxm/spring-oxm-3.2.xsd=org/springframework/oxm/config/spring-oxm-3.2.xsd, http://www.springframework.org/schema/tool/spring-tool-2.5.xsd=org/springframework/beans/factory/xml/spring-tool-2.5.xsd, http://www.springframework.org/schema/jee/spring-jee-2.5.xsd=org/springframework/ejb/config/spring-jee-2.5.xsd, http://www.springframework.org/schema/data/repository/spring-repository-1.0.xsd=org/springframework/data/repository/config/spring-repository-1.0.xsd, http://www.springframework.org/schema/task/spring-task-3.0.xsd=org/springframework/scheduling/config/spring-task-3.0.xsd, http://www.springframework.org/schema/util/spring-util-4.0.xsd=org/springframework/beans/factory/xml/spring-util-4.0.xsd, http://www.springframework.org/schema/data/jpa/spring-jpa-1.1.xsd=org/springframework/data/jpa/repository/config/spring-jpa-1.1.xsd, http://www.springframework.org/schema/aop/spring-aop-4.2.xsd=org/springframework/aop/config/spring-aop-4.2.xsd, http://www.springframework.org/schema/lang/spring-lang.xsd=org/springframework/scripting/config/spring-lang-4.2.xsd, http://www.springframework.org/schema/context/spring-context-3.2.xsd=org/springframework/context/config/spring-context-3.2.xsd, http://www.springframework.org/schema/data/repository/spring-repository-1.5.xsd=org/springframework/data/repository/config/spring-repository-1.5.xsd, http://www.springframework.org/schema/jdbc/spring-jdbc-4.2.xsd=org/springframework/jdbc/config/spring-jdbc-4.2.xsd, http://www.springframework.org/schema/mvc/spring-mvc-4.2.xsd=org/springframework/web/servlet/config/spring-mvc-4.2.xsd, http://www.springframework.org/schema/util/spring-util-3.1.xsd=org/springframework/beans/factory/xml/spring-util-3.1.xsd, http://www.springframework.org/schema/beans/spring-beans-2.0.xsd=org/springframework/beans/factory/xml/spring-beans-2.0.xsd, http://www.springframework.org/schema/oxm/spring-oxm-4.0.xsd=org/springframework/oxm/config/spring-oxm-4.0.xsd, http://www.springframework.org/schema/cache/spring-cache.xsd=org/springframework/cache/config/spring-cache-4.2.xsd, http://www.springframework.org/schema/tx/spring-tx.xsd=org/springframework/transaction/config/spring-tx-4.2.xsd, http://www.springframework.org/schema/lang/spring-lang-4.2.xsd=org/springframework/scripting/config/spring-lang-4.2.xsd, http://www.springframework.org/schema/context/spring-context-4.1.xsd=org/springframework/context/config/spring-context-4.1.xsd, http://www.springframework.org/schema/beans/spring-beans-2.5.xsd=org/springframework/beans/factory/xml/spring-beans-2.5.xsd, http://www.springframework.org/schema/oxm/spring-oxm-3.1.xsd=org/springframework/oxm/config/spring-oxm-3.1.xsd, http://www.springframework.org/schema/tool/spring-tool-4.2.xsd=org/springframework/beans/factory/xml/spring-tool-4.2.xsd, http://www.springframework.org/schema/tx/spring-tx-2.0.xsd=org/springframework/transaction/config/spring-tx-2.0.xsd, http://www.springframework.org/schema/data/repository/spring-repository-1.11.xsd=org/springframework/data/repository/config/spring-repository-1.11.xsd, http://www.springframework.org/schema/jee/spring-jee-4.2.xsd=org/springframework/ejb/config/spring-jee-4.2.xsd, http://www.springframework.org/schema/jdbc/spring-jdbc-3.2.xsd=org/springframework/jdbc/config/spring-jdbc-3.2.xsd, http://www.springframework.org/schema/aop/spring-aop.xsd=org/springframework/aop/config/spring-aop-4.2.xsd, http://www.springframework.org/schema/data/jpa/spring-jpa-1.0.xsd=org/springframework/data/jpa/repository/config/spring-jpa-1.0.xsd}]
[2018-07-02 21:44:42.900] -- [DEBUG] -- [main &gt;&gt;&gt;&gt; PluggableSchemaResolver.java:119 &gt;&gt;&gt;&gt; Method = resolveEntity] -- [Content = Found XML schema [http://www.springframework.org/schema/beans/spring-beans-4.2.xsd] in classpath: org/springframework/beans/factory/xml/spring-beans-4.2.xsd]
[2018-07-02 21:44:42.903] -- [TRACE] -- [main &gt;&gt;&gt;&gt; PluggableSchemaResolver.java:106 &gt;&gt;&gt;&gt; Method = resolveEntity] -- [Content = Trying to resolve XML entity with public id [null] and system id [http://www.springframework.org/schema/context/spring-context-4.2.xsd]]
[2018-07-02 21:44:42.904] -- [DEBUG] -- [main &gt;&gt;&gt;&gt; PluggableSchemaResolver.java:119 &gt;&gt;&gt;&gt; Method = resolveEntity] -- [Content = Found XML schema [http://www.springframework.org/schema/context/spring-context-4.2.xsd] in classpath: org/springframework/context/config/spring-context-4.2.xsd]
[2018-07-02 21:44:42.904] -- [TRACE] -- [main &gt;&gt;&gt;&gt; PluggableSchemaResolver.java:106 &gt;&gt;&gt;&gt; Method = resolveEntity] -- [Content = Trying to resolve XML entity with public id [null] and system id [http://www.springframework.org/schema/tool/spring-tool-4.2.xsd]]
[2018-07-02 21:44:42.905] -- [DEBUG] -- [main &gt;&gt;&gt;&gt; PluggableSchemaResolver.java:119 &gt;&gt;&gt;&gt; Method = resolveEntity] -- [Content = Found XML schema [http://www.springframework.org/schema/tool/spring-tool-4.2.xsd] in classpath: org/springframework/beans/factory/xml/spring-tool-4.2.xsd]
[2018-07-02 21:44:42.906] -- [DEBUG] -- [main &gt;&gt;&gt;&gt; DefaultBeanDefinitionDocumentReader.java:92 &gt;&gt;&gt;&gt; Method = registerBeanDefinitions] -- [Content = Loading bean definitions]
[2018-07-02 21:44:42.908] -- [DEBUG] -- [main &gt;&gt;&gt;&gt; DefaultNamespaceHandlerResolver.java:157 &gt;&gt;&gt;&gt; Method = getHandlerMappings] -- [Content = Loaded NamespaceHandler mappings: {http://www.springframework.org/schema/p=org.springframework.beans.factory.xml.SimplePropertyNamespaceHandler, http://www.springframework.org/schema/mvc=org.springframework.web.servlet.config.MvcNamespaceHandler, http://www.springframework.org/schema/util=org.springframework.beans.factory.xml.UtilNamespaceHandler, http://www.springframework.org/schema/jee=org.springframework.ejb.config.JeeNamespaceHandler, http://www.springframework.org/schema/aop=org.springframework.aop.config.AopNamespaceHandler, http://www.springframework.org/schema/data/repository=org.springframework.data.repository.config.RepositoryNameSpaceHandler, http://www.springframework.org/schema/jdbc=org.springframework.jdbc.config.JdbcNamespaceHandler, http://www.springframework.org/schema/oxm=org.springframework.oxm.config.OxmNamespaceHandler, http://www.springframework.org/schema/data/jpa=org.springframework.data.jpa.repository.config.JpaRepositoryNameSpaceHandler, http://www.springframework.org/schema/cache=org.springframework.cache.config.CacheNamespaceHandler, http://www.springframework.org/schema/c=org.springframework.beans.factory.xml.SimpleConstructorNamespaceHandler, http://www.springframework.org/schema/tx=org.springframework.transaction.config.TxNamespaceHandler, http://www.springframework.org/schema/task=org.springframework.scheduling.config.TaskNamespaceHandler, http://www.springframework.org/schema/lang=org.springframework.scripting.config.LangNamespaceHandler, http://www.springframework.org/schema/data/keyvalue=org.springframework.data.keyvalue.repository.config.KeyValueRepositoryNameSpaceHandler, http://www.springframework.org/schema/context=org.springframework.context.config.ContextNamespaceHandler}]
[2018-07-02 21:44:42.908] -- [DEBUG] -- [main &gt;&gt;&gt;&gt; ClassPathScanningCandidateComponentProvider.java:244 &gt;&gt;&gt;&gt; Method = registerDefaultFilters] -- [Content = JSR-250 &apos;javax.annotation.ManagedBean&apos; found and supported for component scanning]
[2018-07-02 21:44:42.908] -- [DEBUG] -- [main &gt;&gt;&gt;&gt; ClassPathScanningCandidateComponentProvider.java:252 &gt;&gt;&gt;&gt; Method = registerDefaultFilters] -- [Content = JSR-330 &apos;javax.inject.Named&apos; annotation found and supported for component scanning]
[2018-07-02 21:44:42.909] -- [DEBUG] -- [main &gt;&gt;&gt;&gt; PathMatchingResourcePatternResolver.java:312 &gt;&gt;&gt;&gt; Method = findAllClassPathResources] -- [Content = Resolved classpath location [com/youmeek/] to resources [URL [file:/Users/xk1020/IdeaProjects/Basic-Single-Module-SSJPA/target/test-classes/com/youmeek/], URL [file:/Users/xk1020/IdeaProjects/Basic-Single-Module-SSJPA/target/classes/com/youmeek/]]]
[2018-07-02 21:44:42.909] -- [DEBUG] -- [main &gt;&gt;&gt;&gt; PathMatchingResourcePatternResolver.java:637 &gt;&gt;&gt;&gt; Method = doFindMatchingFileSystemResources] -- [Content = Looking for matching resources in directory tree [/Users/xk1020/IdeaProjects/Basic-Single-Module-SSJPA/target/test-classes/com/youmeek]]
[2018-07-02 21:44:42.909] -- [DEBUG] -- [main &gt;&gt;&gt;&gt; PathMatchingResourcePatternResolver.java:699 &gt;&gt;&gt;&gt; Method = doRetrieveMatchingFiles] -- [Content = Searching directory [/Users/xk1020/IdeaProjects/Basic-Single-Module-SSJPA/target/test-classes/com/youmeek] for files matching pattern [/Users/xk1020/IdeaProjects/Basic-Single-Module-SSJPA/target/test-classes/com/youmeek/**/service/**/*.class]]
[2018-07-02 21:44:42.909] -- [DEBUG] -- [main &gt;&gt;&gt;&gt; PathMatchingResourcePatternResolver.java:699 &gt;&gt;&gt;&gt; Method = doRetrieveMatchingFiles] -- [Content = Searching directory [/Users/xk1020/IdeaProjects/Basic-Single-Module-SSJPA/target/test-classes/com/youmeek/ssm] for files matching pattern [/Users/xk1020/IdeaProjects/Basic-Single-Module-SSJPA/target/test-classes/com/youmeek/**/service/**/*.class]]
[2018-07-02 21:44:42.910] -- [DEBUG] -- [main &gt;&gt;&gt;&gt; PathMatchingResourcePatternResolver.java:637 &gt;&gt;&gt;&gt; Method = doFindMatchingFileSystemResources] -- [Content = Looking for matching resources in directory tree [/Users/xk1020/IdeaProjects/Basic-Single-Module-SSJPA/target/classes/com/youmeek]]
[2018-07-02 21:44:42.910] -- [DEBUG] -- [main &gt;&gt;&gt;&gt; PathMatchingResourcePatternResolver.java:699 &gt;&gt;&gt;&gt; Method = doRetrieveMatchingFiles] -- [Content = Searching directory [/Users/xk1020/IdeaProjects/Basic-Single-Module-SSJPA/target/classes/com/youmeek] for files matching pattern [/Users/xk1020/IdeaProjects/Basic-Single-Module-SSJPA/target/classes/com/youmeek/**/service/**/*.class]]
[2018-07-02 21:44:42.910] -- [DEBUG] -- [main &gt;&gt;&gt;&gt; PathMatchingResourcePatternResolver.java:699 &gt;&gt;&gt;&gt; Method = doRetrieveMatchingFiles] -- [Content = Searching directory [/Users/xk1020/IdeaProjects/Basic-Single-Module-SSJPA/target/classes/com/youmeek/ssm] for files matching pattern [/Users/xk1020/IdeaProjects/Basic-Single-Module-SSJPA/target/classes/com/youmeek/**/service/**/*.class]]
[2018-07-02 21:44:42.910] -- [DEBUG] -- [main &gt;&gt;&gt;&gt; PathMatchingResourcePatternResolver.java:699 &gt;&gt;&gt;&gt; Method = doRetrieveMatchingFiles] -- [Content = Searching directory [/Users/xk1020/IdeaProjects/Basic-Single-Module-SSJPA/target/classes/com/youmeek/ssm/module] for files matching pattern [/Users/xk1020/IdeaProjects/Basic-Single-Module-SSJPA/target/classes/com/youmeek/**/service/**/*.class]]
[2018-07-02 21:44:42.911] -- [DEBUG] -- [main &gt;&gt;&gt;&gt; PathMatchingResourcePatternResolver.java:699 &gt;&gt;&gt;&gt; Method = doRetrieveMatchingFiles] -- [Content = Searching directory [/Users/xk1020/IdeaProjects/Basic-Single-Module-SSJPA/target/classes/com/youmeek/ssm/module/user] for files matching pattern [/Users/xk1020/IdeaProjects/Basic-Single-Module-SSJPA/target/classes/com/youmeek/**/service/**/*.class]]
[2018-07-02 21:44:42.911] -- [DEBUG] -- [main &gt;&gt;&gt;&gt; PathMatchingResourcePatternResolver.java:699 &gt;&gt;&gt;&gt; Method = doRetrieveMatchingFiles] -- [Content = Searching directory [/Users/xk1020/IdeaProjects/Basic-Single-Module-SSJPA/target/classes/com/youmeek/ssm/module/user/dao] for files matching pattern [/Users/xk1020/IdeaProjects/Basic-Single-Module-SSJPA/target/classes/com/youmeek/**/service/**/*.class]]
[2018-07-02 21:44:42.911] -- [DEBUG] -- [main &gt;&gt;&gt;&gt; PathMatchingResourcePatternResolver.java:699 &gt;&gt;&gt;&gt; Method = doRetrieveMatchingFiles] -- [Content = Searching directory [/Users/xk1020/IdeaProjects/Basic-Single-Module-SSJPA/target/classes/com/youmeek/ssm/module/user/controller] for files matching pattern [/Users/xk1020/IdeaProjects/Basic-Single-Module-SSJPA/target/classes/com/youmeek/**/service/**/*.class]]
[2018-07-02 21:44:42.911] -- [DEBUG] -- [main &gt;&gt;&gt;&gt; PathMatchingResourcePatternResolver.java:699 &gt;&gt;&gt;&gt; Method = doRetrieveMatchingFiles] -- [Content = Searching directory [/Users/xk1020/IdeaProjects/Basic-Single-Module-SSJPA/target/classes/com/youmeek/ssm/module/user/service] for files matching pattern [/Users/xk1020/IdeaProjects/Basic-Single-Module-SSJPA/target/classes/com/youmeek/**/service/**/*.class]]
[2018-07-02 21:44:42.912] -- [DEBUG] -- [main &gt;&gt;&gt;&gt; PathMatchingResourcePatternResolver.java:699 &gt;&gt;&gt;&gt; Method = doRetrieveMatchingFiles] -- [Content = Searching directory [/Users/xk1020/IdeaProjects/Basic-Single-Module-SSJPA/target/classes/com/youmeek/ssm/module/user/service/impl] for files matching pattern [/Users/xk1020/IdeaProjects/Basic-Single-Module-SSJPA/target/classes/com/youmeek/**/service/**/*.class]]
[2018-07-02 21:44:42.912] -- [DEBUG] -- [main &gt;&gt;&gt;&gt; PathMatchingResourcePatternResolver.java:699 &gt;&gt;&gt;&gt; Method = doRetrieveMatchingFiles] -- [Content = Searching directory [/Users/xk1020/IdeaProjects/Basic-Single-Module-SSJPA/target/classes/com/youmeek/ssm/module/user/pojo] for files matching pattern [/Users/xk1020/IdeaProjects/Basic-Single-Module-SSJPA/target/classes/com/youmeek/**/service/**/*.class]]
[2018-07-02 21:44:42.912] -- [DEBUG] -- [main &gt;&gt;&gt;&gt; PathMatchingResourcePatternResolver.java:699 &gt;&gt;&gt;&gt; Method = doRetrieveMatchingFiles] -- [Content = Searching directory [/Users/xk1020/IdeaProjects/Basic-Single-Module-SSJPA/target/classes/com/youmeek/ssm/aop] for files matching pattern [/Users/xk1020/IdeaProjects/Basic-Single-Module-SSJPA/target/classes/com/youmeek/**/service/**/*.class]]
[2018-07-02 21:44:42.912] -- [DEBUG] -- [main &gt;&gt;&gt;&gt; PathMatchingResourcePatternResolver.java:699 &gt;&gt;&gt;&gt; Method = doRetrieveMatchingFiles] -- [Content = Searching directory [/Users/xk1020/IdeaProjects/Basic-Single-Module-SSJPA/target/classes/com/youmeek/ssm/aop/log] for files matching pattern [/Users/xk1020/IdeaProjects/Basic-Single-Module-SSJPA/target/classes/com/youmeek/**/service/**/*.class]]
[2018-07-02 21:44:42.913] -- [DEBUG] -- [main &gt;&gt;&gt;&gt; PathMatchingResourcePatternResolver.java:699 &gt;&gt;&gt;&gt; Method = doRetrieveMatchingFiles] -- [Content = Searching directory [/Users/xk1020/IdeaProjects/Basic-Single-Module-SSJPA/target/classes/com/youmeek/ssm/interceptor] for files matching pattern [/Users/xk1020/IdeaProjects/Basic-Single-Module-SSJPA/target/classes/com/youmeek/**/service/**/*.class]]
[2018-07-02 21:44:42.913] -- [DEBUG] -- [main &gt;&gt;&gt;&gt; PathMatchingResourcePatternResolver.java:430 &gt;&gt;&gt;&gt; Method = findPathMatchingResources] -- [Content = Resolved location pattern [classpath*:com/youmeek/**/service/**/*.class] to resources [file [/Users/xk1020/IdeaProjects/Basic-Single-Module-SSJPA/target/classes/com/youmeek/ssm/module/user/service/impl/SysUserServiceImpl.class], file [/Users/xk1020/IdeaProjects/Basic-Single-Module-SSJPA/target/classes/com/youmeek/ssm/module/user/service/SysUserService.class]]]
[2018-07-02 21:44:42.914] -- [TRACE] -- [main &gt;&gt;&gt;&gt; ClassPathScanningCandidateComponentProvider.java:275 &gt;&gt;&gt;&gt; Method = findCandidateComponents] -- [Content = Scanning file [/Users/xk1020/IdeaProjects/Basic-Single-Module-SSJPA/target/classes/com/youmeek/ssm/module/user/service/impl/SysUserServiceImpl.class]]
[2018-07-02 21:44:42.914] -- [DEBUG] -- [main &gt;&gt;&gt;&gt; ClassPathScanningCandidateComponentProvider.java:286 &gt;&gt;&gt;&gt; Method = findCandidateComponents] -- [Content = Identified candidate component class: file [/Users/xk1020/IdeaProjects/Basic-Single-Module-SSJPA/target/classes/com/youmeek/ssm/module/user/service/impl/SysUserServiceImpl.class]]
[2018-07-02 21:44:42.914] -- [TRACE] -- [main &gt;&gt;&gt;&gt; ClassPathScanningCandidateComponentProvider.java:275 &gt;&gt;&gt;&gt; Method = findCandidateComponents] -- [Content = Scanning file [/Users/xk1020/IdeaProjects/Basic-Single-Module-SSJPA/target/classes/com/youmeek/ssm/module/user/service/SysUserService.class]]
[2018-07-02 21:44:42.915] -- [TRACE] -- [main &gt;&gt;&gt;&gt; ClassPathScanningCandidateComponentProvider.java:298 &gt;&gt;&gt;&gt; Method = findCandidateComponents] -- [Content = Ignored because not matching any filter: file [/Users/xk1020/IdeaProjects/Basic-Single-Module-SSJPA/target/classes/com/youmeek/ssm/module/user/service/SysUserService.class]]
[2018-07-02 21:44:42.915] -- [INFO] -- [main &gt;&gt;&gt;&gt; XmlBeanDefinitionReader.java:317 &gt;&gt;&gt;&gt; Method = loadBeanDefinitions] -- [Content = Loading XML bean definitions from file [/Users/xk1020/IdeaProjects/Basic-Single-Module-SSJPA/target/classes/spring/applicationContext-dataSource.xml]]
[2018-07-02 21:44:42.916] -- [DEBUG] -- [main &gt;&gt;&gt;&gt; DefaultDocumentLoader.java:73 &gt;&gt;&gt;&gt; Method = loadDocument] -- [Content = Using JAXP provider [com.sun.org.apache.xerces.internal.jaxp.DocumentBuilderFactoryImpl]]
[2018-07-02 21:44:42.917] -- [TRACE] -- [main &gt;&gt;&gt;&gt; PluggableSchemaResolver.java:106 &gt;&gt;&gt;&gt; Method = resolveEntity] -- [Content = Trying to resolve XML entity with public id [null] and system id [http://www.springframework.org/schema/beans/spring-beans-4.2.xsd]]
[2018-07-02 21:44:42.917] -- [DEBUG] -- [main &gt;&gt;&gt;&gt; PluggableSchemaResolver.java:119 &gt;&gt;&gt;&gt; Method = resolveEntity] -- [Content = Found XML schema [http://www.springframework.org/schema/beans/spring-beans-4.2.xsd] in classpath: org/springframework/beans/factory/xml/spring-beans-4.2.xsd]
[2018-07-02 21:44:42.921] -- [DEBUG] -- [main &gt;&gt;&gt;&gt; DefaultBeanDefinitionDocumentReader.java:92 &gt;&gt;&gt;&gt; Method = registerBeanDefinitions] -- [Content = Loading bean definitions]
[2018-07-02 21:44:42.921] -- [INFO] -- [main &gt;&gt;&gt;&gt; XmlBeanDefinitionReader.java:317 &gt;&gt;&gt;&gt; Method = loadBeanDefinitions] -- [Content = Loading XML bean definitions from file [/Users/xk1020/IdeaProjects/Basic-Single-Module-SSJPA/target/classes/spring/applicationContext-transaction.xml]]
[2018-07-02 21:44:42.922] -- [DEBUG] -- [main &gt;&gt;&gt;&gt; DefaultDocumentLoader.java:73 &gt;&gt;&gt;&gt; Method = loadDocument] -- [Content = Using JAXP provider [com.sun.org.apache.xerces.internal.jaxp.DocumentBuilderFactoryImpl]]
[2018-07-02 21:44:42.923] -- [TRACE] -- [main &gt;&gt;&gt;&gt; PluggableSchemaResolver.java:106 &gt;&gt;&gt;&gt; Method = resolveEntity] -- [Content = Trying to resolve XML entity with public id [null] and system id [http://www.springframework.org/schema/beans/spring-beans-4.2.xsd]]
[2018-07-02 21:44:42.924] -- [DEBUG] -- [main &gt;&gt;&gt;&gt; PluggableSchemaResolver.java:119 &gt;&gt;&gt;&gt; Method = resolveEntity] -- [Content = Found XML schema [http://www.springframework.org/schema/beans/spring-beans-4.2.xsd] in classpath: org/springframework/beans/factory/xml/spring-beans-4.2.xsd]
[2018-07-02 21:44:42.927] -- [TRACE] -- [main &gt;&gt;&gt;&gt; PluggableSchemaResolver.java:106 &gt;&gt;&gt;&gt; Method = resolveEntity] -- [Content = Trying to resolve XML entity with public id [null] and system id [http://www.springframework.org/schema/aop/spring-aop-4.2.xsd]]
[2018-07-02 21:44:42.927] -- [DEBUG] -- [main &gt;&gt;&gt;&gt; PluggableSchemaResolver.java:119 &gt;&gt;&gt;&gt; Method = resolveEntity] -- [Content = Found XML schema [http://www.springframework.org/schema/aop/spring-aop-4.2.xsd] in classpath: org/springframework/aop/config/spring-aop-4.2.xsd]
[2018-07-02 21:44:42.928] -- [TRACE] -- [main &gt;&gt;&gt;&gt; PluggableSchemaResolver.java:106 &gt;&gt;&gt;&gt; Method = resolveEntity] -- [Content = Trying to resolve XML entity with public id [null] and system id [http://www.springframework.org/schema/tool/spring-tool-4.2.xsd]]
[2018-07-02 21:44:42.929] -- [DEBUG] -- [main &gt;&gt;&gt;&gt; PluggableSchemaResolver.java:119 &gt;&gt;&gt;&gt; Method = resolveEntity] -- [Content = Found XML schema [http://www.springframework.org/schema/tool/spring-tool-4.2.xsd] in classpath: org/springframework/beans/factory/xml/spring-tool-4.2.xsd]
[2018-07-02 21:44:42.930] -- [TRACE] -- [main &gt;&gt;&gt;&gt; PluggableSchemaResolver.java:106 &gt;&gt;&gt;&gt; Method = resolveEntity] -- [Content = Trying to resolve XML entity with public id [null] and system id [http://www.springframework.org/schema/tx/spring-tx-4.2.xsd]]
[2018-07-02 21:44:42.931] -- [DEBUG] -- [main &gt;&gt;&gt;&gt; PluggableSchemaResolver.java:119 &gt;&gt;&gt;&gt; Method = resolveEntity] -- [Content = Found XML schema [http://www.springframework.org/schema/tx/spring-tx-4.2.xsd] in classpath: org/springframework/transaction/config/spring-tx-4.2.xsd]
[2018-07-02 21:44:42.932] -- [DEBUG] -- [main &gt;&gt;&gt;&gt; DefaultBeanDefinitionDocumentReader.java:92 &gt;&gt;&gt;&gt; Method = registerBeanDefinitions] -- [Content = Loading bean definitions]
[2018-07-02 21:44:42.934] -- [INFO] -- [main &gt;&gt;&gt;&gt; XmlBeanDefinitionReader.java:317 &gt;&gt;&gt;&gt; Method = loadBeanDefinitions] -- [Content = Loading XML bean definitions from file [/Users/xk1020/IdeaProjects/Basic-Single-Module-SSJPA/target/classes/spring/applicationContext-jpa.xml]]
[2018-07-02 21:44:42.935] -- [DEBUG] -- [main &gt;&gt;&gt;&gt; DefaultDocumentLoader.java:73 &gt;&gt;&gt;&gt; Method = loadDocument] -- [Content = Using JAXP provider [com.sun.org.apache.xerces.internal.jaxp.DocumentBuilderFactoryImpl]]
[2018-07-02 21:44:42.936] -- [TRACE] -- [main &gt;&gt;&gt;&gt; PluggableSchemaResolver.java:106 &gt;&gt;&gt;&gt; Method = resolveEntity] -- [Content = Trying to resolve XML entity with public id [null] and system id [http://www.springframework.org/schema/beans/spring-beans-4.2.xsd]]
[2018-07-02 21:44:42.936] -- [DEBUG] -- [main &gt;&gt;&gt;&gt; PluggableSchemaResolver.java:119 &gt;&gt;&gt;&gt; Method = resolveEntity] -- [Content = Found XML schema [http://www.springframework.org/schema/beans/spring-beans-4.2.xsd] in classpath: org/springframework/beans/factory/xml/spring-beans-4.2.xsd]
[2018-07-02 21:44:42.939] -- [TRACE] -- [main &gt;&gt;&gt;&gt; PluggableSchemaResolver.java:106 &gt;&gt;&gt;&gt; Method = resolveEntity] -- [Content = Trying to resolve XML entity with public id [null] and system id [http://www.springframework.org/schema/data/jpa/spring-jpa.xsd]]
[2018-07-02 21:44:42.939] -- [DEBUG] -- [main &gt;&gt;&gt;&gt; PluggableSchemaResolver.java:119 &gt;&gt;&gt;&gt; Method = resolveEntity] -- [Content = Found XML schema [http://www.springframework.org/schema/data/jpa/spring-jpa.xsd] in classpath: org/springframework/data/jpa/repository/config/spring-jpa-1.8.xsd]
[2018-07-02 21:44:42.940] -- [TRACE] -- [main &gt;&gt;&gt;&gt; PluggableSchemaResolver.java:106 &gt;&gt;&gt;&gt; Method = resolveEntity] -- [Content = Trying to resolve XML entity with public id [null] and system id [http://www.springframework.org/schema/data/repository/spring-repository.xsd]]
[2018-07-02 21:44:42.940] -- [DEBUG] -- [main &gt;&gt;&gt;&gt; PluggableSchemaResolver.java:119 &gt;&gt;&gt;&gt; Method = resolveEntity] -- [Content = Found XML schema [http://www.springframework.org/schema/data/repository/spring-repository.xsd] in classpath: org/springframework/data/repository/config/spring-repository-1.11.xsd]
[2018-07-02 21:44:42.941] -- [TRACE] -- [main &gt;&gt;&gt;&gt; PluggableSchemaResolver.java:106 &gt;&gt;&gt;&gt; Method = resolveEntity] -- [Content = Trying to resolve XML entity with public id [null] and system id [http://www.springframework.org/schema/context/spring-context.xsd]]
[2018-07-02 21:44:42.941] -- [DEBUG] -- [main &gt;&gt;&gt;&gt; PluggableSchemaResolver.java:119 &gt;&gt;&gt;&gt; Method = resolveEntity] -- [Content = Found XML schema [http://www.springframework.org/schema/context/spring-context.xsd] in classpath: org/springframework/context/config/spring-context-4.2.xsd]
[2018-07-02 21:44:42.942] -- [TRACE] -- [main &gt;&gt;&gt;&gt; PluggableSchemaResolver.java:106 &gt;&gt;&gt;&gt; Method = resolveEntity] -- [Content = Trying to resolve XML entity with public id [null] and system id [http://www.springframework.org/schema/tool/spring-tool-4.2.xsd]]
[2018-07-02 21:44:42.943] -- [DEBUG] -- [main &gt;&gt;&gt;&gt; PluggableSchemaResolver.java:119 &gt;&gt;&gt;&gt; Method = resolveEntity] -- [Content = Found XML schema [http://www.springframework.org/schema/tool/spring-tool-4.2.xsd] in classpath: org/springframework/beans/factory/xml/spring-tool-4.2.xsd]
[2018-07-02 21:44:42.944] -- [DEBUG] -- [main &gt;&gt;&gt;&gt; DefaultBeanDefinitionDocumentReader.java:92 &gt;&gt;&gt;&gt; Method = registerBeanDefinitions] -- [Content = Loading bean definitions]
[2018-07-02 21:44:42.945] -- [DEBUG] -- [main &gt;&gt;&gt;&gt; BeanDefinitionParserDelegate.java:481 &gt;&gt;&gt;&gt; Method = parseBeanDefinitionElement] -- [Content = Neither XML &apos;id&apos; nor &apos;name&apos; specified - using generated bean name [org.springframework.orm.jpa.vendor.HibernateJpaDialect#5eefa415]]
[2018-07-02 21:44:42.946] -- [DEBUG] -- [main &gt;&gt;&gt;&gt; MutablePropertySources.java:109 &gt;&gt;&gt;&gt; Method = addLast] -- [Content = Adding [systemProperties] PropertySource with lowest search precedence]
[2018-07-02 21:44:42.946] -- [DEBUG] -- [main &gt;&gt;&gt;&gt; MutablePropertySources.java:109 &gt;&gt;&gt;&gt; Method = addLast] -- [Content = Adding [systemEnvironment] PropertySource with lowest search precedence]
[2018-07-02 21:44:42.946] -- [DEBUG] -- [main &gt;&gt;&gt;&gt; AbstractEnvironment.java:127 &gt;&gt;&gt;&gt; Method = &lt;init&gt;] -- [Content = Initialized StandardEnvironment with PropertySources [systemProperties,systemEnvironment]]
[2018-07-02 21:44:42.947] -- [DEBUG] -- [main &gt;&gt;&gt;&gt; PathMatchingResourcePatternResolver.java:312 &gt;&gt;&gt;&gt; Method = findAllClassPathResources] -- [Content = Resolved classpath location [org/springframework/data/] to resources [URL [jar:file:/Users/xk1020/.m2/repository/org/springframework/data/spring-data-jpa/1.10.1.RELEASE/spring-data-jpa-1.10.1.RELEASE.jar!/org/springframework/data/], URL [jar:file:/Users/xk1020/.m2/repository/org/springframework/data/spring-data-commons/1.12.1.RELEASE/spring-data-commons-1.12.1.RELEASE.jar!/org/springframework/data/]]]
[2018-07-02 21:44:42.947] -- [DEBUG] -- [main &gt;&gt;&gt;&gt; PathMatchingResourcePatternResolver.java:551 &gt;&gt;&gt;&gt; Method = doFindPathMatchingJarResources] -- [Content = Looking for matching resources in jar file [file:/Users/xk1020/.m2/repository/org/springframework/data/spring-data-jpa/1.10.1.RELEASE/spring-data-jpa-1.10.1.RELEASE.jar]]
[2018-07-02 21:44:42.948] -- [DEBUG] -- [main &gt;&gt;&gt;&gt; PathMatchingResourcePatternResolver.java:551 &gt;&gt;&gt;&gt; Method = doFindPathMatchingJarResources] -- [Content = Looking for matching resources in jar file [file:/Users/xk1020/.m2/repository/org/springframework/data/spring-data-commons/1.12.1.RELEASE/spring-data-commons-1.12.1.RELEASE.jar]]
[2018-07-02 21:44:42.951] -- [DEBUG] -- [main &gt;&gt;&gt;&gt; PathMatchingResourcePatternResolver.java:430 &gt;&gt;&gt;&gt; Method = findPathMatchingResources] -- [Content = Resolved location pattern [classpath*:org/springframework/data/**/repository/support/**/*.class] to resources [URL [jar:file:/Users/xk1020/.m2/repository/org/springframework/data/spring-data-jpa/1.10.1.RELEASE/spring-data-jpa-1.10.1.RELEASE.jar!/org/springframework/data/jpa/repository/support/CrudMethodMetadata.class], URL [jar:file:/Users/xk1020/.m2/repository/org/springframework/data/spring-data-jpa/1.10.1.RELEASE/spring-data-jpa-1.10.1.RELEASE.jar!/org/springframework/data/jpa/repository/support/CrudMethodMetadataPostProcessor$1.class], URL [jar:file:/Users/xk1020/.m2/repository/org/springframework/data/spring-data-jpa/1.10.1.RELEASE/spring-data-jpa-1.10.1.RELEASE.jar!/org/springframework/data/jpa/repository/support/CrudMethodMetadataPostProcessor$CrudMethodMetadataPopulatingMethodInterceptor.class], URL [jar:file:/Users/xk1020/.m2/repository/org/springframework/data/spring-data-jpa/1.10.1.RELEASE/spring-data-jpa-1.10.1.RELEASE.jar!/org/springframework/data/jpa/repository/support/CrudMethodMetadataPostProcessor$DefaultCrudMethodMetadata.class], URL [jar:file:/Users/xk1020/.m2/repository/org/springframework/data/spring-data-jpa/1.10.1.RELEASE/spring-data-jpa-1.10.1.RELEASE.jar!/org/springframework/data/jpa/repository/support/CrudMethodMetadataPostProcessor$ThreadBoundTargetSource.class], URL [jar:file:/Users/xk1020/.m2/repository/org/springframework/data/spring-data-jpa/1.10.1.RELEASE/spring-data-jpa-1.10.1.RELEASE.jar!/org/springframework/data/jpa/repository/support/CrudMethodMetadataPostProcessor.class], URL [jar:file:/Users/xk1020/.m2/repository/org/springframework/data/spring-data-jpa/1.10.1.RELEASE/spring-data-jpa-1.10.1.RELEASE.jar!/org/springframework/data/jpa/repository/support/DefaultJpaContext.class], URL [jar:file:/Users/xk1020/.m2/repository/org/springframework/data/spring-data-jpa/1.10.1.RELEASE/spring-data-jpa-1.10.1.RELEASE.jar!/org/springframework/data/jpa/repository/support/EntityManagerBeanDefinitionRegistrarPostProcessor.class], URL [jar:file:/Users/xk1020/.m2/repository/org/springframework/data/spring-data-jpa/1.10.1.RELEASE/spring-data-jpa-1.10.1.RELEASE.jar!/org/springframework/data/jpa/repository/support/JpaEntityInformation.class], URL [jar:file:/Users/xk1020/.m2/repository/org/springframework/data/spring-data-jpa/1.10.1.RELEASE/spring-data-jpa-1.10.1.RELEASE.jar!/org/springframework/data/jpa/repository/support/JpaEntityInformationSupport.class], URL [jar:file:/Users/xk1020/.m2/repository/org/springframework/data/spring-data-jpa/1.10.1.RELEASE/spring-data-jpa-1.10.1.RELEASE.jar!/org/springframework/data/jpa/repository/support/JpaMetamodelEntityInformation$IdentifierDerivingDirectFieldAccessFallbackBeanWrapper.class], URL [jar:file:/Users/xk1020/.m2/repository/org/springframework/data/spring-data-jpa/1.10.1.RELEASE/spring-data-jpa-1.10.1.RELEASE.jar!/org/springframework/data/jpa/repository/support/JpaMetamodelEntityInformation$IdMetadata.class], URL [jar:file:/Users/xk1020/.m2/repository/org/springframework/data/spring-data-jpa/1.10.1.RELEASE/spring-data-jpa-1.10.1.RELEASE.jar!/org/springframework/data/jpa/repository/support/JpaMetamodelEntityInformation.class], URL [jar:file:/Users/xk1020/.m2/repository/org/springframework/data/spring-data-jpa/1.10.1.RELEASE/spring-data-jpa-1.10.1.RELEASE.jar!/org/springframework/data/jpa/repository/support/JpaPersistableEntityInformation.class], URL [jar:file:/Users/xk1020/.m2/repository/org/springframework/data/spring-data-jpa/1.10.1.RELEASE/spring-data-jpa-1.10.1.RELEASE.jar!/org/springframework/data/jpa/repository/support/JpaRepositoryFactory.class], URL [jar:file:/Users/xk1020/.m2/repository/org/springframework/data/spring-data-jpa/1.10.1.RELEASE/spring-data-jpa-1.10.1.RELEASE.jar!/org/springframework/data/jpa/repository/support/JpaRepositoryFactoryBean.class], URL [jar:file:/Users/xk1020/.m2/repository/org/springframework/data/spring-data-jpa/1.10.1.RELEASE/spring-data-jpa-1.10.1.RELEASE.jar!/org/springframework/data/jpa/repository/support/Querydsl$1.class], URL [jar:file:/Users/xk1020/.m2/repository/org/springframework/data/spring-data-jpa/1.10.1.RELEASE/spring-data-jpa-1.10.1.RELEASE.jar!/org/springframework/data/jpa/repository/support/Querydsl.class], URL [jar:file:/Users/xk1020/.m2/repository/org/springframework/data/spring-data-jpa/1.10.1.RELEASE/spring-data-jpa-1.10.1.RELEASE.jar!/org/springframework/data/jpa/repository/support/QueryDslJpaRepository.class], URL [jar:file:/Users/xk1020/.m2/repository/org/springframework/data/spring-data-jpa/1.10.1.RELEASE/spring-data-jpa-1.10.1.RELEASE.jar!/org/springframework/data/jpa/repository/support/QueryDslRepositorySupport.class], URL [jar:file:/Users/xk1020/.m2/repository/org/springframework/data/spring-data-jpa/1.10.1.RELEASE/spring-data-jpa-1.10.1.RELEASE.jar!/org/springframework/data/jpa/repository/support/SimpleJpaRepository$ByIdsSpecification.class], URL [jar:file:/Users/xk1020/.m2/repository/org/springframework/data/spring-data-jpa/1.10.1.RELEASE/spring-data-jpa-1.10.1.RELEASE.jar!/org/springframework/data/jpa/repository/support/SimpleJpaRepository$ExampleSpecification.class], URL [jar:file:/Users/xk1020/.m2/repository/org/springframework/data/spring-data-jpa/1.10.1.RELEASE/spring-data-jpa-1.10.1.RELEASE.jar!/org/springframework/data/jpa/repository/support/SimpleJpaRepository.class], URL [jar:file:/Users/xk1020/.m2/repository/org/springframework/data/spring-data-commons/1.12.1.RELEASE/spring-data-commons-1.12.1.RELEASE.jar!/org/springframework/data/repository/support/AnnotationAttribute.class], URL [jar:file:/Users/xk1020/.m2/repository/org/springframework/data/spring-data-commons/1.12.1.RELEASE/spring-data-commons-1.12.1.RELEASE.jar!/org/springframework/data/repository/support/CrudRepositoryInvoker.class], URL [jar:file:/Users/xk1020/.m2/repository/org/springframework/data/spring-data-commons/1.12.1.RELEASE/spring-data-commons-1.12.1.RELEASE.jar!/org/springframework/data/repository/support/DefaultRepositoryInvokerFactory.class], URL [jar:file:/Users/xk1020/.m2/repository/org/springframework/data/spring-data-commons/1.12.1.RELEASE/spring-data-commons-1.12.1.RELEASE.jar!/org/springframework/data/repository/support/DomainClassConverter$1.class], URL [jar:file:/Users/xk1020/.m2/repository/org/springframework/data/spring-data-commons/1.12.1.RELEASE/spring-data-commons-1.12.1.RELEASE.jar!/org/springframework/data/repository/support/DomainClassConverter$ConversionMatchAbbreviationException.class], URL [jar:file:/Users/xk1020/.m2/repository/org/springframework/data/spring-data-commons/1.12.1.RELEASE/spring-data-commons-1.12.1.RELEASE.jar!/org/springframework/data/repository/support/DomainClassConverter$ToEntityConverter.class], URL [jar:file:/Users/xk1020/.m2/repository/org/springframework/data/spring-data-commons/1.12.1.RELEASE/spring-data-commons-1.12.1.RELEASE.jar!/org/springframework/data/repository/support/DomainClassConverter$ToIdConverter.class], URL [jar:file:/Users/xk1020/.m2/repository/org/springframework/data/spring-data-commons/1.12.1.RELEASE/spring-data-commons-1.12.1.RELEASE.jar!/org/springframework/data/repository/support/DomainClassConverter.class], URL [jar:file:/Users/xk1020/.m2/repository/org/springframework/data/spring-data-commons/1.12.1.RELEASE/spring-data-commons-1.12.1.RELEASE.jar!/org/springframework/data/repository/support/DomainClassPropertyEditor.class], URL [jar:file:/Users/xk1020/.m2/repository/org/springframework/data/spring-data-commons/1.12.1.RELEASE/spring-data-commons-1.12.1.RELEASE.jar!/org/springframework/data/repository/support/DomainClassPropertyEditorRegistrar.class], URL [jar:file:/Users/xk1020/.m2/repository/org/springframework/data/spring-data-commons/1.12.1.RELEASE/spring-data-commons-1.12.1.RELEASE.jar!/org/springframework/data/repository/support/MethodParameters$AnnotationNamingMethodParameter.class], URL [jar:file:/Users/xk1020/.m2/repository/org/springframework/data/spring-data-commons/1.12.1.RELEASE/spring-data-commons-1.12.1.RELEASE.jar!/org/springframework/data/repository/support/MethodParameters.class], URL [jar:file:/Users/xk1020/.m2/repository/org/springframework/data/spring-data-commons/1.12.1.RELEASE/spring-data-commons-1.12.1.RELEASE.jar!/org/springframework/data/repository/support/PagingAndSortingRepositoryInvoker.class], URL [jar:file:/Users/xk1020/.m2/repository/org/springframework/data/spring-data-commons/1.12.1.RELEASE/spring-data-commons-1.12.1.RELEASE.jar!/org/springframework/data/repository/support/QueryMethodParameterConversionException.class], URL [jar:file:/Users/xk1020/.m2/repository/org/springframework/data/spring-data-commons/1.12.1.RELEASE/spring-data-commons-1.12.1.RELEASE.jar!/org/springframework/data/repository/support/ReflectionRepositoryInvoker.class], URL [jar:file:/Users/xk1020/.m2/repository/org/springframework/data/spring-data-commons/1.12.1.RELEASE/spring-data-commons-1.12.1.RELEASE.jar!/org/springframework/data/repository/support/Repositories$EmptyRepositoryFactoryInformation.class], URL [jar:file:/Users/xk1020/.m2/repository/org/springframework/data/spring-data-commons/1.12.1.RELEASE/spring-data-commons-1.12.1.RELEASE.jar!/org/springframework/data/repository/support/Repositories.class], URL [jar:file:/Users/xk1020/.m2/repository/org/springframework/data/spring-data-commons/1.12.1.RELEASE/spring-data-commons-1.12.1.RELEASE.jar!/org/springframework/data/repository/support/RepositoryInvocationInformation.class], URL [jar:file:/Users/xk1020/.m2/repository/org/springframework/data/spring-data-commons/1.12.1.RELEASE/spring-data-commons-1.12.1.RELEASE.jar!/org/springframework/data/repository/support/RepositoryInvoker.class], URL [jar:file:/Users/xk1020/.m2/repository/org/springframework/data/spring-data-commons/1.12.1.RELEASE/spring-data-commons-1.12.1.RELEASE.jar!/org/springframework/data/repository/support/RepositoryInvokerFactory.class]]]
[2018-07-02 21:44:42.951] -- [TRACE] -- [main &gt;&gt;&gt;&gt; ClassPathScanningCandidateComponentProvider.java:275 &gt;&gt;&gt;&gt; Method = findCandidateComponents] -- [Content = Scanning URL [jar:file:/Users/xk1020/.m2/repository/org/springframework/data/spring-data-jpa/1.10.1.RELEASE/spring-data-jpa-1.10.1.RELEASE.jar!/org/springframework/data/jpa/repository/support/CrudMethodMetadata.class]]
[2018-07-02 21:44:42.952] -- [TRACE] -- [main &gt;&gt;&gt;&gt; ClassPathScanningCandidateComponentProvider.java:298 &gt;&gt;&gt;&gt; Method = findCandidateComponents] -- [Content = Ignored because not matching any filter: URL [jar:file:/Users/xk1020/.m2/repository/org/springframework/data/spring-data-jpa/1.10.1.RELEASE/spring-data-jpa-1.10.1.RELEASE.jar!/org/springframework/data/jpa/repository/support/CrudMethodMetadata.class]]
[2018-07-02 21:44:42.952] -- [TRACE] -- [main &gt;&gt;&gt;&gt; ClassPathScanningCandidateComponentProvider.java:275 &gt;&gt;&gt;&gt; Method = findCandidateComponents] -- [Content = Scanning URL [jar:file:/Users/xk1020/.m2/repository/org/springframework/data/spring-data-jpa/1.10.1.RELEASE/spring-data-jpa-1.10.1.RELEASE.jar!/org/springframework/data/jpa/repository/support/CrudMethodMetadataPostProcessor$1.class]]
[2018-07-02 21:44:42.952] -- [TRACE] -- [main &gt;&gt;&gt;&gt; ClassPathScanningCandidateComponentProvider.java:298 &gt;&gt;&gt;&gt; Method = findCandidateComponents] -- [Content = Ignored because not matching any filter: URL [jar:file:/Users/xk1020/.m2/repository/org/springframework/data/spring-data-jpa/1.10.1.RELEASE/spring-data-jpa-1.10.1.RELEASE.jar!/org/springframework/data/jpa/repository/support/CrudMethodMetadataPostProcessor$1.class]]
[2018-07-02 21:44:42.952] -- [TRACE] -- [main &gt;&gt;&gt;&gt; ClassPathScanningCandidateComponentProvider.java:275 &gt;&gt;&gt;&gt; Method = findCandidateComponents] -- [Content = Scanning URL [jar:file:/Users/xk1020/.m2/repository/org/springframework/data/spring-data-jpa/1.10.1.RELEASE/spring-data-jpa-1.10.1.RELEASE.jar!/org/springframework/data/jpa/repository/support/CrudMethodMetadataPostProcessor$CrudMethodMetadataPopulatingMethodInterceptor.class]]
[2018-07-02 21:44:42.953] -- [TRACE] -- [main &gt;&gt;&gt;&gt; ClassPathScanningCandidateComponentProvider.java:298 &gt;&gt;&gt;&gt; Method = findCandidateComponents] -- [Content = Ignored because not matching any filter: URL [jar:file:/Users/xk1020/.m2/repository/org/springframework/data/spring-data-jpa/1.10.1.RELEASE/spring-data-jpa-1.10.1.RELEASE.jar!/org/springframework/data/jpa/repository/support/CrudMethodMetadataPostProcessor$CrudMethodMetadataPopulatingMethodInterceptor.class]]
[2018-07-02 21:44:42.953] -- [TRACE] -- [main &gt;&gt;&gt;&gt; ClassPathScanningCandidateComponentProvider.java:275 &gt;&gt;&gt;&gt; Method = findCandidateComponents] -- [Content = Scanning URL [jar:file:/Users/xk1020/.m2/repository/org/springframework/data/spring-data-jpa/1.10.1.RELEASE/spring-data-jpa-1.10.1.RELEASE.jar!/org/springframework/data/jpa/repository/support/CrudMethodMetadataPostProcessor$DefaultCrudMethodMetadata.class]]
[2018-07-02 21:44:42.954] -- [TRACE] -- [main &gt;&gt;&gt;&gt; ClassPathScanningCandidateComponentProvider.java:298 &gt;&gt;&gt;&gt; Method = findCandidateComponents] -- [Content = Ignored because not matching any filter: URL [jar:file:/Users/xk1020/.m2/repository/org/springframework/data/spring-data-jpa/1.10.1.RELEASE/spring-data-jpa-1.10.1.RELEASE.jar!/org/springframework/data/jpa/repository/support/CrudMethodMetadataPostProcessor$DefaultCrudMethodMetadata.class]]
[2018-07-02 21:44:42.954] -- [TRACE] -- [main &gt;&gt;&gt;&gt; ClassPathScanningCandidateComponentProvider.java:275 &gt;&gt;&gt;&gt; Method = findCandidateComponents] -- [Content = Scanning URL [jar:file:/Users/xk1020/.m2/repository/org/springframework/data/spring-data-jpa/1.10.1.RELEASE/spring-data-jpa-1.10.1.RELEASE.jar!/org/springframework/data/jpa/repository/support/CrudMethodMetadataPostProcessor$ThreadBoundTargetSource.class]]
[2018-07-02 21:44:42.954] -- [TRACE] -- [main &gt;&gt;&gt;&gt; ClassPathScanningCandidateComponentProvider.java:298 &gt;&gt;&gt;&gt; Method = findCandidateComponents] -- [Content = Ignored because not matching any filter: URL [jar:file:/Users/xk1020/.m2/repository/org/springframework/data/spring-data-jpa/1.10.1.RELEASE/spring-data-jpa-1.10.1.RELEASE.jar!/org/springframework/data/jpa/repository/support/CrudMethodMetadataPostProcessor$ThreadBoundTargetSource.class]]
[2018-07-02 21:44:42.955] -- [TRACE] -- [main &gt;&gt;&gt;&gt; ClassPathScanningCandidateComponentProvider.java:275 &gt;&gt;&gt;&gt; Method = findCandidateComponents] -- [Content = Scanning URL [jar:file:/Users/xk1020/.m2/repository/org/springframework/data/spring-data-jpa/1.10.1.RELEASE/spring-data-jpa-1.10.1.RELEASE.jar!/org/springframework/data/jpa/repository/support/CrudMethodMetadataPostProcessor.class]]
[2018-07-02 21:44:42.955] -- [TRACE] -- [main &gt;&gt;&gt;&gt; ClassPathScanningCandidateComponentProvider.java:298 &gt;&gt;&gt;&gt; Method = findCandidateComponents] -- [Content = Ignored because not matching any filter: URL [jar:file:/Users/xk1020/.m2/repository/org/springframework/data/spring-data-jpa/1.10.1.RELEASE/spring-data-jpa-1.10.1.RELEASE.jar!/org/springframework/data/jpa/repository/support/CrudMethodMetadataPostProcessor.class]]
[2018-07-02 21:44:42.955] -- [TRACE] -- [main &gt;&gt;&gt;&gt; ClassPathScanningCandidateComponentProvider.java:275 &gt;&gt;&gt;&gt; Method = findCandidateComponents] -- [Content = Scanning URL [jar:file:/Users/xk1020/.m2/repository/org/springframework/data/spring-data-jpa/1.10.1.RELEASE/spring-data-jpa-1.10.1.RELEASE.jar!/org/springframework/data/jpa/repository/support/DefaultJpaContext.class]]
[2018-07-02 21:44:42.956] -- [TRACE] -- [main &gt;&gt;&gt;&gt; ClassPathScanningCandidateComponentProvider.java:298 &gt;&gt;&gt;&gt; Method = findCandidateComponents] -- [Content = Ignored because not matching any filter: URL [jar:file:/Users/xk1020/.m2/repository/org/springframework/data/spring-data-jpa/1.10.1.RELEASE/spring-data-jpa-1.10.1.RELEASE.jar!/org/springframework/data/jpa/repository/support/DefaultJpaContext.class]]
[2018-07-02 21:44:42.956] -- [TRACE] -- [main &gt;&gt;&gt;&gt; ClassPathScanningCandidateComponentProvider.java:275 &gt;&gt;&gt;&gt; Method = findCandidateComponents] -- [Content = Scanning URL [jar:file:/Users/xk1020/.m2/repository/org/springframework/data/spring-data-jpa/1.10.1.RELEASE/spring-data-jpa-1.10.1.RELEASE.jar!/org/springframework/data/jpa/repository/support/EntityManagerBeanDefinitionRegistrarPostProcessor.class]]
[2018-07-02 21:44:42.957] -- [TRACE] -- [main &gt;&gt;&gt;&gt; ClassPathScanningCandidateComponentProvider.java:298 &gt;&gt;&gt;&gt; Method = findCandidateComponents] -- [Content = Ignored because not matching any filter: URL [jar:file:/Users/xk1020/.m2/repository/org/springframework/data/spring-data-jpa/1.10.1.RELEASE/spring-data-jpa-1.10.1.RELEASE.jar!/org/springframework/data/jpa/repository/support/EntityManagerBeanDefinitionRegistrarPostProcessor.class]]
[2018-07-02 21:44:42.957] -- [TRACE] -- [main &gt;&gt;&gt;&gt; ClassPathScanningCandidateComponentProvider.java:275 &gt;&gt;&gt;&gt; Method = findCandidateComponents] -- [Content = Scanning URL [jar:file:/Users/xk1020/.m2/repository/org/springframework/data/spring-data-jpa/1.10.1.RELEASE/spring-data-jpa-1.10.1.RELEASE.jar!/org/springframework/data/jpa/repository/support/JpaEntityInformation.class]]
[2018-07-02 21:44:42.958] -- [TRACE] -- [main &gt;&gt;&gt;&gt; ClassPathScanningCandidateComponentProvider.java:298 &gt;&gt;&gt;&gt; Method = findCandidateComponents] -- [Content = Ignored because not matching any filter: URL [jar:file:/Users/xk1020/.m2/repository/org/springframework/data/spring-data-jpa/1.10.1.RELEASE/spring-data-jpa-1.10.1.RELEASE.jar!/org/springframework/data/jpa/repository/support/JpaEntityInformation.class]]
[2018-07-02 21:44:42.958] -- [TRACE] -- [main &gt;&gt;&gt;&gt; ClassPathScanningCandidateComponentProvider.java:275 &gt;&gt;&gt;&gt; Method = findCandidateComponents] -- [Content = Scanning URL [jar:file:/Users/xk1020/.m2/repository/org/springframework/data/spring-data-jpa/1.10.1.RELEASE/spring-data-jpa-1.10.1.RELEASE.jar!/org/springframework/data/jpa/repository/support/JpaEntityInformationSupport.class]]
[2018-07-02 21:44:42.959] -- [TRACE] -- [main &gt;&gt;&gt;&gt; ClassPathScanningCandidateComponentProvider.java:298 &gt;&gt;&gt;&gt; Method = findCandidateComponents] -- [Content = Ignored because not matching any filter: URL [jar:file:/Users/xk1020/.m2/repository/org/springframework/data/spring-data-jpa/1.10.1.RELEASE/spring-data-jpa-1.10.1.RELEASE.jar!/org/springframework/data/jpa/repository/support/JpaEntityInformationSupport.class]]
[2018-07-02 21:44:42.959] -- [TRACE] -- [main &gt;&gt;&gt;&gt; ClassPathScanningCandidateComponentProvider.java:275 &gt;&gt;&gt;&gt; Method = findCandidateComponents] -- [Content = Scanning URL [jar:file:/Users/xk1020/.m2/repository/org/springframework/data/spring-data-jpa/1.10.1.RELEASE/spring-data-jpa-1.10.1.RELEASE.jar!/org/springframework/data/jpa/repository/support/JpaMetamodelEntityInformation$IdentifierDerivingDirectFieldAccessFallbackBeanWrapper.class]]
[2018-07-02 21:44:42.962] -- [TRACE] -- [main &gt;&gt;&gt;&gt; ClassPathScanningCandidateComponentProvider.java:298 &gt;&gt;&gt;&gt; Method = findCandidateComponents] -- [Content = Ignored because not matching any filter: URL [jar:file:/Users/xk1020/.m2/repository/org/springframework/data/spring-data-jpa/1.10.1.RELEASE/spring-data-jpa-1.10.1.RELEASE.jar!/org/springframework/data/jpa/repository/support/JpaMetamodelEntityInformation$IdentifierDerivingDirectFieldAccessFallbackBeanWrapper.class]]
[2018-07-02 21:44:42.962] -- [TRACE] -- [main &gt;&gt;&gt;&gt; ClassPathScanningCandidateComponentProvider.java:275 &gt;&gt;&gt;&gt; Method = findCandidateComponents] -- [Content = Scanning URL [jar:file:/Users/xk1020/.m2/repository/org/springframework/data/spring-data-jpa/1.10.1.RELEASE/spring-data-jpa-1.10.1.RELEASE.jar!/org/springframework/data/jpa/repository/support/JpaMetamodelEntityInformation$IdMetadata.class]]
[2018-07-02 21:44:42.962] -- [TRACE] -- [main &gt;&gt;&gt;&gt; ClassPathScanningCandidateComponentProvider.java:298 &gt;&gt;&gt;&gt; Method = findCandidateComponents] -- [Content = Ignored because not matching any filter: URL [jar:file:/Users/xk1020/.m2/repository/org/springframework/data/spring-data-jpa/1.10.1.RELEASE/spring-data-jpa-1.10.1.RELEASE.jar!/org/springframework/data/jpa/repository/support/JpaMetamodelEntityInformation$IdMetadata.class]]
[2018-07-02 21:44:42.963] -- [TRACE] -- [main &gt;&gt;&gt;&gt; ClassPathScanningCandidateComponentProvider.java:275 &gt;&gt;&gt;&gt; Method = findCandidateComponents] -- [Content = Scanning URL [jar:file:/Users/xk1020/.m2/repository/org/springframework/data/spring-data-jpa/1.10.1.RELEASE/spring-data-jpa-1.10.1.RELEASE.jar!/org/springframework/data/jpa/repository/support/JpaMetamodelEntityInformation.class]]
[2018-07-02 21:44:42.963] -- [TRACE] -- [main &gt;&gt;&gt;&gt; ClassPathScanningCandidateComponentProvider.java:298 &gt;&gt;&gt;&gt; Method = findCandidateComponents] -- [Content = Ignored because not matching any filter: URL [jar:file:/Users/xk1020/.m2/repository/org/springframework/data/spring-data-jpa/1.10.1.RELEASE/spring-data-jpa-1.10.1.RELEASE.jar!/org/springframework/data/jpa/repository/support/JpaMetamodelEntityInformation.class]]
[2018-07-02 21:44:42.964] -- [TRACE] -- [main &gt;&gt;&gt;&gt; ClassPathScanningCandidateComponentProvider.java:275 &gt;&gt;&gt;&gt; Method = findCandidateComponents] -- [Content = Scanning URL [jar:file:/Users/xk1020/.m2/repository/org/springframework/data/spring-data-jpa/1.10.1.RELEASE/spring-data-jpa-1.10.1.RELEASE.jar!/org/springframework/data/jpa/repository/support/JpaPersistableEntityInformation.class]]
[2018-07-02 21:44:42.965] -- [TRACE] -- [main &gt;&gt;&gt;&gt; ClassPathScanningCandidateComponentProvider.java:298 &gt;&gt;&gt;&gt; Method = findCandidateComponents] -- [Content = Ignored because not matching any filter: URL [jar:file:/Users/xk1020/.m2/repository/org/springframework/data/spring-data-jpa/1.10.1.RELEASE/spring-data-jpa-1.10.1.RELEASE.jar!/org/springframework/data/jpa/repository/support/JpaPersistableEntityInformation.class]]
[2018-07-02 21:44:42.965] -- [TRACE] -- [main &gt;&gt;&gt;&gt; ClassPathScanningCandidateComponentProvider.java:275 &gt;&gt;&gt;&gt; Method = findCandidateComponents] -- [Content = Scanning URL [jar:file:/Users/xk1020/.m2/repository/org/springframework/data/spring-data-jpa/1.10.1.RELEASE/spring-data-jpa-1.10.1.RELEASE.jar!/org/springframework/data/jpa/repository/support/JpaRepositoryFactory.class]]
[2018-07-02 21:44:42.965] -- [DEBUG] -- [main &gt;&gt;&gt;&gt; ClassPathScanningCandidateComponentProvider.java:286 &gt;&gt;&gt;&gt; Method = findCandidateComponents] -- [Content = Identified candidate component class: URL [jar:file:/Users/xk1020/.m2/repository/org/springframework/data/spring-data-jpa/1.10.1.RELEASE/spring-data-jpa-1.10.1.RELEASE.jar!/org/springframework/data/jpa/repository/support/JpaRepositoryFactory.class]]
[2018-07-02 21:44:42.965] -- [TRACE] -- [main &gt;&gt;&gt;&gt; ClassPathScanningCandidateComponentProvider.java:275 &gt;&gt;&gt;&gt; Method = findCandidateComponents] -- [Content = Scanning URL [jar:file:/Users/xk1020/.m2/repository/org/springframework/data/spring-data-jpa/1.10.1.RELEASE/spring-data-jpa-1.10.1.RELEASE.jar!/org/springframework/data/jpa/repository/support/JpaRepositoryFactoryBean.class]]
[2018-07-02 21:44:42.967] -- [TRACE] -- [main &gt;&gt;&gt;&gt; ClassPathScanningCandidateComponentProvider.java:298 &gt;&gt;&gt;&gt; Method = findCandidateComponents] -- [Content = Ignored because not matching any filter: URL [jar:file:/Users/xk1020/.m2/repository/org/springframework/data/spring-data-jpa/1.10.1.RELEASE/spring-data-jpa-1.10.1.RELEASE.jar!/org/springframework/data/jpa/repository/support/JpaRepositoryFactoryBean.class]]
[2018-07-02 21:44:42.967] -- [TRACE] -- [main &gt;&gt;&gt;&gt; ClassPathScanningCandidateComponentProvider.java:275 &gt;&gt;&gt;&gt; Method = findCandidateComponents] -- [Content = Scanning URL [jar:file:/Users/xk1020/.m2/repository/org/springframework/data/spring-data-jpa/1.10.1.RELEASE/spring-data-jpa-1.10.1.RELEASE.jar!/org/springframework/data/jpa/repository/support/Querydsl$1.class]]
[2018-07-02 21:44:42.968] -- [TRACE] -- [main &gt;&gt;&gt;&gt; ClassPathScanningCandidateComponentProvider.java:298 &gt;&gt;&gt;&gt; Method = findCandidateComponents] -- [Content = Ignored because not matching any filter: URL [jar:file:/Users/xk1020/.m2/repository/org/springframework/data/spring-data-jpa/1.10.1.RELEASE/spring-data-jpa-1.10.1.RELEASE.jar!/org/springframework/data/jpa/repository/support/Querydsl$1.class]]
[2018-07-02 21:44:42.968] -- [TRACE] -- [main &gt;&gt;&gt;&gt; ClassPathScanningCandidateComponentProvider.java:275 &gt;&gt;&gt;&gt; Method = findCandidateComponents] -- [Content = Scanning URL [jar:file:/Users/xk1020/.m2/repository/org/springframework/data/spring-data-jpa/1.10.1.RELEASE/spring-data-jpa-1.10.1.RELEASE.jar!/org/springframework/data/jpa/repository/support/Querydsl.class]]
[2018-07-02 21:44:42.968] -- [TRACE] -- [main &gt;&gt;&gt;&gt; ClassPathScanningCandidateComponentProvider.java:298 &gt;&gt;&gt;&gt; Method = findCandidateComponents] -- [Content = Ignored because not matching any filter: URL [jar:file:/Users/xk1020/.m2/repository/org/springframework/data/spring-data-jpa/1.10.1.RELEASE/spring-data-jpa-1.10.1.RELEASE.jar!/org/springframework/data/jpa/repository/support/Querydsl.class]]
[2018-07-02 21:44:42.969] -- [TRACE] -- [main &gt;&gt;&gt;&gt; ClassPathScanningCandidateComponentProvider.java:275 &gt;&gt;&gt;&gt; Method = findCandidateComponents] -- [Content = Scanning URL [jar:file:/Users/xk1020/.m2/repository/org/springframework/data/spring-data-jpa/1.10.1.RELEASE/spring-data-jpa-1.10.1.RELEASE.jar!/org/springframework/data/jpa/repository/support/QueryDslJpaRepository.class]]
[2018-07-02 21:44:42.971] -- [TRACE] -- [main &gt;&gt;&gt;&gt; ClassPathScanningCandidateComponentProvider.java:298 &gt;&gt;&gt;&gt; Method = findCandidateComponents] -- [Content = Ignored because not matching any filter: URL [jar:file:/Users/xk1020/.m2/repository/org/springframework/data/spring-data-jpa/1.10.1.RELEASE/spring-data-jpa-1.10.1.RELEASE.jar!/org/springframework/data/jpa/repository/support/QueryDslJpaRepository.class]]
[2018-07-02 21:44:42.972] -- [TRACE] -- [main &gt;&gt;&gt;&gt; ClassPathScanningCandidateComponentProvider.java:275 &gt;&gt;&gt;&gt; Method = findCandidateComponents] -- [Content = Scanning URL [jar:file:/Users/xk1020/.m2/repository/org/springframework/data/spring-data-jpa/1.10.1.RELEASE/spring-data-jpa-1.10.1.RELEASE.jar!/org/springframework/data/jpa/repository/support/QueryDslRepositorySupport.class]]
[2018-07-02 21:44:42.972] -- [TRACE] -- [main &gt;&gt;&gt;&gt; ClassPathScanningCandidateComponentProvider.java:298 &gt;&gt;&gt;&gt; Method = findCandidateComponents] -- [Content = Ignored because not matching any filter: URL [jar:file:/Users/xk1020/.m2/repository/org/springframework/data/spring-data-jpa/1.10.1.RELEASE/spring-data-jpa-1.10.1.RELEASE.jar!/org/springframework/data/jpa/repository/support/QueryDslRepositorySupport.class]]
[2018-07-02 21:44:42.972] -- [TRACE] -- [main &gt;&gt;&gt;&gt; ClassPathScanningCandidateComponentProvider.java:275 &gt;&gt;&gt;&gt; Method = findCandidateComponents] -- [Content = Scanning URL [jar:file:/Users/xk1020/.m2/repository/org/springframework/data/spring-data-jpa/1.10.1.RELEASE/spring-data-jpa-1.10.1.RELEASE.jar!/org/springframework/data/jpa/repository/support/SimpleJpaRepository$ByIdsSpecification.class]]
[2018-07-02 21:44:42.973] -- [TRACE] -- [main &gt;&gt;&gt;&gt; ClassPathScanningCandidateComponentProvider.java:298 &gt;&gt;&gt;&gt; Method = findCandidateComponents] -- [Content = Ignored because not matching any filter: URL [jar:file:/Users/xk1020/.m2/repository/org/springframework/data/spring-data-jpa/1.10.1.RELEASE/spring-data-jpa-1.10.1.RELEASE.jar!/org/springframework/data/jpa/repository/support/SimpleJpaRepository$ByIdsSpecification.class]]
[2018-07-02 21:44:42.973] -- [TRACE] -- [main &gt;&gt;&gt;&gt; ClassPathScanningCandidateComponentProvider.java:275 &gt;&gt;&gt;&gt; Method = findCandidateComponents] -- [Content = Scanning URL [jar:file:/Users/xk1020/.m2/repository/org/springframework/data/spring-data-jpa/1.10.1.RELEASE/spring-data-jpa-1.10.1.RELEASE.jar!/org/springframework/data/jpa/repository/support/SimpleJpaRepository$ExampleSpecification.class]]
[2018-07-02 21:44:42.973] -- [TRACE] -- [main &gt;&gt;&gt;&gt; ClassPathScanningCandidateComponentProvider.java:298 &gt;&gt;&gt;&gt; Method = findCandidateComponents] -- [Content = Ignored because not matching any filter: URL [jar:file:/Users/xk1020/.m2/repository/org/springframework/data/spring-data-jpa/1.10.1.RELEASE/spring-data-jpa-1.10.1.RELEASE.jar!/org/springframework/data/jpa/repository/support/SimpleJpaRepository$ExampleSpecification.class]]
[2018-07-02 21:44:42.974] -- [TRACE] -- [main &gt;&gt;&gt;&gt; ClassPathScanningCandidateComponentProvider.java:275 &gt;&gt;&gt;&gt; Method = findCandidateComponents] -- [Content = Scanning URL [jar:file:/Users/xk1020/.m2/repository/org/springframework/data/spring-data-jpa/1.10.1.RELEASE/spring-data-jpa-1.10.1.RELEASE.jar!/org/springframework/data/jpa/repository/support/SimpleJpaRepository.class]]
[2018-07-02 21:44:42.975] -- [TRACE] -- [main &gt;&gt;&gt;&gt; ClassPathScanningCandidateComponentProvider.java:298 &gt;&gt;&gt;&gt; Method = findCandidateComponents] -- [Content = Ignored because not matching any filter: URL [jar:file:/Users/xk1020/.m2/repository/org/springframework/data/spring-data-jpa/1.10.1.RELEASE/spring-data-jpa-1.10.1.RELEASE.jar!/org/springframework/data/jpa/repository/support/SimpleJpaRepository.class]]
[2018-07-02 21:44:42.975] -- [TRACE] -- [main &gt;&gt;&gt;&gt; ClassPathScanningCandidateComponentProvider.java:275 &gt;&gt;&gt;&gt; Method = findCandidateComponents] -- [Content = Scanning URL [jar:file:/Users/xk1020/.m2/repository/org/springframework/data/spring-data-commons/1.12.1.RELEASE/spring-data-commons-1.12.1.RELEASE.jar!/org/springframework/data/repository/support/AnnotationAttribute.class]]
[2018-07-02 21:44:42.975] -- [TRACE] -- [main &gt;&gt;&gt;&gt; ClassPathScanningCandidateComponentProvider.java:298 &gt;&gt;&gt;&gt; Method = findCandidateComponents] -- [Content = Ignored because not matching any filter: URL [jar:file:/Users/xk1020/.m2/repository/org/springframework/data/spring-data-commons/1.12.1.RELEASE/spring-data-commons-1.12.1.RELEASE.jar!/org/springframework/data/repository/support/AnnotationAttribute.class]]
[2018-07-02 21:44:42.975] -- [TRACE] -- [main &gt;&gt;&gt;&gt; ClassPathScanningCandidateComponentProvider.java:275 &gt;&gt;&gt;&gt; Method = findCandidateComponents] -- [Content = Scanning URL [jar:file:/Users/xk1020/.m2/repository/org/springframework/data/spring-data-commons/1.12.1.RELEASE/spring-data-commons-1.12.1.RELEASE.jar!/org/springframework/data/repository/support/CrudRepositoryInvoker.class]]
[2018-07-02 21:44:42.976] -- [TRACE] -- [main &gt;&gt;&gt;&gt; ClassPathScanningCandidateComponentProvider.java:298 &gt;&gt;&gt;&gt; Method = findCandidateComponents] -- [Content = Ignored because not matching any filter: URL [jar:file:/Users/xk1020/.m2/repository/org/springframework/data/spring-data-commons/1.12.1.RELEASE/spring-data-commons-1.12.1.RELEASE.jar!/org/springframework/data/repository/support/CrudRepositoryInvoker.class]]
[2018-07-02 21:44:42.976] -- [TRACE] -- [main &gt;&gt;&gt;&gt; ClassPathScanningCandidateComponentProvider.java:275 &gt;&gt;&gt;&gt; Method = findCandidateComponents] -- [Content = Scanning URL [jar:file:/Users/xk1020/.m2/repository/org/springframework/data/spring-data-commons/1.12.1.RELEASE/spring-data-commons-1.12.1.RELEASE.jar!/org/springframework/data/repository/support/DefaultRepositoryInvokerFactory.class]]
[2018-07-02 21:44:42.977] -- [TRACE] -- [main &gt;&gt;&gt;&gt; ClassPathScanningCandidateComponentProvider.java:298 &gt;&gt;&gt;&gt; Method = findCandidateComponents] -- [Content = Ignored because not matching any filter: URL [jar:file:/Users/xk1020/.m2/repository/org/springframework/data/spring-data-commons/1.12.1.RELEASE/spring-data-commons-1.12.1.RELEASE.jar!/org/springframework/data/repository/support/DefaultRepositoryInvokerFactory.class]]
[2018-07-02 21:44:42.977] -- [TRACE] -- [main &gt;&gt;&gt;&gt; ClassPathScanningCandidateComponentProvider.java:275 &gt;&gt;&gt;&gt; Method = findCandidateComponents] -- [Content = Scanning URL [jar:file:/Users/xk1020/.m2/repository/org/springframework/data/spring-data-commons/1.12.1.RELEASE/spring-data-commons-1.12.1.RELEASE.jar!/org/springframework/data/repository/support/DomainClassConverter$1.class]]
[2018-07-02 21:44:42.977] -- [TRACE] -- [main &gt;&gt;&gt;&gt; ClassPathScanningCandidateComponentProvider.java:298 &gt;&gt;&gt;&gt; Method = findCandidateComponents] -- [Content = Ignored because not matching any filter: URL [jar:file:/Users/xk1020/.m2/repository/org/springframework/data/spring-data-commons/1.12.1.RELEASE/spring-data-commons-1.12.1.RELEASE.jar!/org/springframework/data/repository/support/DomainClassConverter$1.class]]
[2018-07-02 21:44:42.977] -- [TRACE] -- [main &gt;&gt;&gt;&gt; ClassPathScanningCandidateComponentProvider.java:275 &gt;&gt;&gt;&gt; Method = findCandidateComponents] -- [Content = Scanning URL [jar:file:/Users/xk1020/.m2/repository/org/springframework/data/spring-data-commons/1.12.1.RELEASE/spring-data-commons-1.12.1.RELEASE.jar!/org/springframework/data/repository/support/DomainClassConverter$ConversionMatchAbbreviationException.class]]
[2018-07-02 21:44:42.977] -- [TRACE] -- [main &gt;&gt;&gt;&gt; ClassPathScanningCandidateComponentProvider.java:298 &gt;&gt;&gt;&gt; Method = findCandidateComponents] -- [Content = Ignored because not matching any filter: URL [jar:file:/Users/xk1020/.m2/repository/org/springframework/data/spring-data-commons/1.12.1.RELEASE/spring-data-commons-1.12.1.RELEASE.jar!/org/springframework/data/repository/support/DomainClassConverter$ConversionMatchAbbreviationException.class]]
[2018-07-02 21:44:42.977] -- [TRACE] -- [main &gt;&gt;&gt;&gt; ClassPathScanningCandidateComponentProvider.java:275 &gt;&gt;&gt;&gt; Method = findCandidateComponents] -- [Content = Scanning URL [jar:file:/Users/xk1020/.m2/repository/org/springframework/data/spring-data-commons/1.12.1.RELEASE/spring-data-commons-1.12.1.RELEASE.jar!/org/springframework/data/repository/support/DomainClassConverter$ToEntityConverter.class]]
[2018-07-02 21:44:42.978] -- [TRACE] -- [main &gt;&gt;&gt;&gt; ClassPathScanningCandidateComponentProvider.java:298 &gt;&gt;&gt;&gt; Method = findCandidateComponents] -- [Content = Ignored because not matching any filter: URL [jar:file:/Users/xk1020/.m2/repository/org/springframework/data/spring-data-commons/1.12.1.RELEASE/spring-data-commons-1.12.1.RELEASE.jar!/org/springframework/data/repository/support/DomainClassConverter$ToEntityConverter.class]]
[2018-07-02 21:44:42.978] -- [TRACE] -- [main &gt;&gt;&gt;&gt; ClassPathScanningCandidateComponentProvider.java:275 &gt;&gt;&gt;&gt; Method = findCandidateComponents] -- [Content = Scanning URL [jar:file:/Users/xk1020/.m2/repository/org/springframework/data/spring-data-commons/1.12.1.RELEASE/spring-data-commons-1.12.1.RELEASE.jar!/org/springframework/data/repository/support/DomainClassConverter$ToIdConverter.class]]
[2018-07-02 21:44:42.979] -- [TRACE] -- [main &gt;&gt;&gt;&gt; ClassPathScanningCandidateComponentProvider.java:298 &gt;&gt;&gt;&gt; Method = findCandidateComponents] -- [Content = Ignored because not matching any filter: URL [jar:file:/Users/xk1020/.m2/repository/org/springframework/data/spring-data-commons/1.12.1.RELEASE/spring-data-commons-1.12.1.RELEASE.jar!/org/springframework/data/repository/support/DomainClassConverter$ToIdConverter.class]]
[2018-07-02 21:44:42.979] -- [TRACE] -- [main &gt;&gt;&gt;&gt; ClassPathScanningCandidateComponentProvider.java:275 &gt;&gt;&gt;&gt; Method = findCandidateComponents] -- [Content = Scanning URL [jar:file:/Users/xk1020/.m2/repository/org/springframework/data/spring-data-commons/1.12.1.RELEASE/spring-data-commons-1.12.1.RELEASE.jar!/org/springframework/data/repository/support/DomainClassConverter.class]]
[2018-07-02 21:44:42.979] -- [TRACE] -- [main &gt;&gt;&gt;&gt; ClassPathScanningCandidateComponentProvider.java:298 &gt;&gt;&gt;&gt; Method = findCandidateComponents] -- [Content = Ignored because not matching any filter: URL [jar:file:/Users/xk1020/.m2/repository/org/springframework/data/spring-data-commons/1.12.1.RELEASE/spring-data-commons-1.12.1.RELEASE.jar!/org/springframework/data/repository/support/DomainClassConverter.class]]
[2018-07-02 21:44:42.980] -- [TRACE] -- [main &gt;&gt;&gt;&gt; ClassPathScanningCandidateComponentProvider.java:275 &gt;&gt;&gt;&gt; Method = findCandidateComponents] -- [Content = Scanning URL [jar:file:/Users/xk1020/.m2/repository/org/springframework/data/spring-data-commons/1.12.1.RELEASE/spring-data-commons-1.12.1.RELEASE.jar!/org/springframework/data/repository/support/DomainClassPropertyEditor.class]]
[2018-07-02 21:44:42.980] -- [TRACE] -- [main &gt;&gt;&gt;&gt; ClassPathScanningCandidateComponentProvider.java:298 &gt;&gt;&gt;&gt; Method = findCandidateComponents] -- [Content = Ignored because not matching any filter: URL [jar:file:/Users/xk1020/.m2/repository/org/springframework/data/spring-data-commons/1.12.1.RELEASE/spring-data-commons-1.12.1.RELEASE.jar!/org/springframework/data/repository/support/DomainClassPropertyEditor.class]]
[2018-07-02 21:44:42.980] -- [TRACE] -- [main &gt;&gt;&gt;&gt; ClassPathScanningCandidateComponentProvider.java:275 &gt;&gt;&gt;&gt; Method = findCandidateComponents] -- [Content = Scanning URL [jar:file:/Users/xk1020/.m2/repository/org/springframework/data/spring-data-commons/1.12.1.RELEASE/spring-data-commons-1.12.1.RELEASE.jar!/org/springframework/data/repository/support/DomainClassPropertyEditorRegistrar.class]]
[2018-07-02 21:44:42.980] -- [TRACE] -- [main &gt;&gt;&gt;&gt; ClassPathScanningCandidateComponentProvider.java:298 &gt;&gt;&gt;&gt; Method = findCandidateComponents] -- [Content = Ignored because not matching any filter: URL [jar:file:/Users/xk1020/.m2/repository/org/springframework/data/spring-data-commons/1.12.1.RELEASE/spring-data-commons-1.12.1.RELEASE.jar!/org/springframework/data/repository/support/DomainClassPropertyEditorRegistrar.class]]
[2018-07-02 21:44:42.981] -- [TRACE] -- [main &gt;&gt;&gt;&gt; ClassPathScanningCandidateComponentProvider.java:275 &gt;&gt;&gt;&gt; Method = findCandidateComponents] -- [Content = Scanning URL [jar:file:/Users/xk1020/.m2/repository/org/springframework/data/spring-data-commons/1.12.1.RELEASE/spring-data-commons-1.12.1.RELEASE.jar!/org/springframework/data/repository/support/MethodParameters$AnnotationNamingMethodParameter.class]]
[2018-07-02 21:44:42.981] -- [TRACE] -- [main &gt;&gt;&gt;&gt; ClassPathScanningCandidateComponentProvider.java:298 &gt;&gt;&gt;&gt; Method = findCandidateComponents] -- [Content = Ignored because not matching any filter: URL [jar:file:/Users/xk1020/.m2/repository/org/springframework/data/spring-data-commons/1.12.1.RELEASE/spring-data-commons-1.12.1.RELEASE.jar!/org/springframework/data/repository/support/MethodParameters$AnnotationNamingMethodParameter.class]]
[2018-07-02 21:44:42.981] -- [TRACE] -- [main &gt;&gt;&gt;&gt; ClassPathScanningCandidateComponentProvider.java:275 &gt;&gt;&gt;&gt; Method = findCandidateComponents] -- [Content = Scanning URL [jar:file:/Users/xk1020/.m2/repository/org/springframework/data/spring-data-commons/1.12.1.RELEASE/spring-data-commons-1.12.1.RELEASE.jar!/org/springframework/data/repository/support/MethodParameters.class]]
[2018-07-02 21:44:42.982] -- [TRACE] -- [main &gt;&gt;&gt;&gt; ClassPathScanningCandidateComponentProvider.java:298 &gt;&gt;&gt;&gt; Method = findCandidateComponents] -- [Content = Ignored because not matching any filter: URL [jar:file:/Users/xk1020/.m2/repository/org/springframework/data/spring-data-commons/1.12.1.RELEASE/spring-data-commons-1.12.1.RELEASE.jar!/org/springframework/data/repository/support/MethodParameters.class]]
[2018-07-02 21:44:42.982] -- [TRACE] -- [main &gt;&gt;&gt;&gt; ClassPathScanningCandidateComponentProvider.java:275 &gt;&gt;&gt;&gt; Method = findCandidateComponents] -- [Content = Scanning URL [jar:file:/Users/xk1020/.m2/repository/org/springframework/data/spring-data-commons/1.12.1.RELEASE/spring-data-commons-1.12.1.RELEASE.jar!/org/springframework/data/repository/support/PagingAndSortingRepositoryInvoker.class]]
[2018-07-02 21:44:42.983] -- [TRACE] -- [main &gt;&gt;&gt;&gt; ClassPathScanningCandidateComponentProvider.java:298 &gt;&gt;&gt;&gt; Method = findCandidateComponents] -- [Content = Ignored because not matching any filter: URL [jar:file:/Users/xk1020/.m2/repository/org/springframework/data/spring-data-commons/1.12.1.RELEASE/spring-data-commons-1.12.1.RELEASE.jar!/org/springframework/data/repository/support/PagingAndSortingRepositoryInvoker.class]]
[2018-07-02 21:44:42.983] -- [TRACE] -- [main &gt;&gt;&gt;&gt; ClassPathScanningCandidateComponentProvider.java:275 &gt;&gt;&gt;&gt; Method = findCandidateComponents] -- [Content = Scanning URL [jar:file:/Users/xk1020/.m2/repository/org/springframework/data/spring-data-commons/1.12.1.RELEASE/spring-data-commons-1.12.1.RELEASE.jar!/org/springframework/data/repository/support/QueryMethodParameterConversionException.class]]
[2018-07-02 21:44:42.983] -- [TRACE] -- [main &gt;&gt;&gt;&gt; ClassPathScanningCandidateComponentProvider.java:298 &gt;&gt;&gt;&gt; Method = findCandidateComponents] -- [Content = Ignored because not matching any filter: URL [jar:file:/Users/xk1020/.m2/repository/org/springframework/data/spring-data-commons/1.12.1.RELEASE/spring-data-commons-1.12.1.RELEASE.jar!/org/springframework/data/repository/support/QueryMethodParameterConversionException.class]]
[2018-07-02 21:44:42.983] -- [TRACE] -- [main &gt;&gt;&gt;&gt; ClassPathScanningCandidateComponentProvider.java:275 &gt;&gt;&gt;&gt; Method = findCandidateComponents] -- [Content = Scanning URL [jar:file:/Users/xk1020/.m2/repository/org/springframework/data/spring-data-commons/1.12.1.RELEASE/spring-data-commons-1.12.1.RELEASE.jar!/org/springframework/data/repository/support/ReflectionRepositoryInvoker.class]]
[2018-07-02 21:44:42.984] -- [TRACE] -- [main &gt;&gt;&gt;&gt; ClassPathScanningCandidateComponentProvider.java:298 &gt;&gt;&gt;&gt; Method = findCandidateComponents] -- [Content = Ignored because not matching any filter: URL [jar:file:/Users/xk1020/.m2/repository/org/springframework/data/spring-data-commons/1.12.1.RELEASE/spring-data-commons-1.12.1.RELEASE.jar!/org/springframework/data/repository/support/ReflectionRepositoryInvoker.class]]
[2018-07-02 21:44:42.984] -- [TRACE] -- [main &gt;&gt;&gt;&gt; ClassPathScanningCandidateComponentProvider.java:275 &gt;&gt;&gt;&gt; Method = findCandidateComponents] -- [Content = Scanning URL [jar:file:/Users/xk1020/.m2/repository/org/springframework/data/spring-data-commons/1.12.1.RELEASE/spring-data-commons-1.12.1.RELEASE.jar!/org/springframework/data/repository/support/Repositories$EmptyRepositoryFactoryInformation.class]]
[2018-07-02 21:44:42.984] -- [TRACE] -- [main &gt;&gt;&gt;&gt; ClassPathScanningCandidateComponentProvider.java:298 &gt;&gt;&gt;&gt; Method = findCandidateComponents] -- [Content = Ignored because not matching any filter: URL [jar:file:/Users/xk1020/.m2/repository/org/springframework/data/spring-data-commons/1.12.1.RELEASE/spring-data-commons-1.12.1.RELEASE.jar!/org/springframework/data/repository/support/Repositories$EmptyRepositoryFactoryInformation.class]]
[2018-07-02 21:44:42.984] -- [TRACE] -- [main &gt;&gt;&gt;&gt; ClassPathScanningCandidateComponentProvider.java:275 &gt;&gt;&gt;&gt; Method = findCandidateComponents] -- [Content = Scanning URL [jar:file:/Users/xk1020/.m2/repository/org/springframework/data/spring-data-commons/1.12.1.RELEASE/spring-data-commons-1.12.1.RELEASE.jar!/org/springframework/data/repository/support/Repositories.class]]
[2018-07-02 21:44:42.985] -- [TRACE] -- [main &gt;&gt;&gt;&gt; ClassPathScanningCandidateComponentProvider.java:298 &gt;&gt;&gt;&gt; Method = findCandidateComponents] -- [Content = Ignored because not matching any filter: URL [jar:file:/Users/xk1020/.m2/repository/org/springframework/data/spring-data-commons/1.12.1.RELEASE/spring-data-commons-1.12.1.RELEASE.jar!/org/springframework/data/repository/support/Repositories.class]]
[2018-07-02 21:44:42.985] -- [TRACE] -- [main &gt;&gt;&gt;&gt; ClassPathScanningCandidateComponentProvider.java:275 &gt;&gt;&gt;&gt; Method = findCandidateComponents] -- [Content = Scanning URL [jar:file:/Users/xk1020/.m2/repository/org/springframework/data/spring-data-commons/1.12.1.RELEASE/spring-data-commons-1.12.1.RELEASE.jar!/org/springframework/data/repository/support/RepositoryInvocationInformation.class]]
[2018-07-02 21:44:42.985] -- [TRACE] -- [main &gt;&gt;&gt;&gt; ClassPathScanningCandidateComponentProvider.java:298 &gt;&gt;&gt;&gt; Method = findCandidateComponents] -- [Content = Ignored because not matching any filter: URL [jar:file:/Users/xk1020/.m2/repository/org/springframework/data/spring-data-commons/1.12.1.RELEASE/spring-data-commons-1.12.1.RELEASE.jar!/org/springframework/data/repository/support/RepositoryInvocationInformation.class]]
[2018-07-02 21:44:42.985] -- [TRACE] -- [main &gt;&gt;&gt;&gt; ClassPathScanningCandidateComponentProvider.java:275 &gt;&gt;&gt;&gt; Method = findCandidateComponents] -- [Content = Scanning URL [jar:file:/Users/xk1020/.m2/repository/org/springframework/data/spring-data-commons/1.12.1.RELEASE/spring-data-commons-1.12.1.RELEASE.jar!/org/springframework/data/repository/support/RepositoryInvoker.class]]
[2018-07-02 21:44:42.986] -- [TRACE] -- [main &gt;&gt;&gt;&gt; ClassPathScanningCandidateComponentProvider.java:298 &gt;&gt;&gt;&gt; Method = findCandidateComponents] -- [Content = Ignored because not matching any filter: URL [jar:file:/Users/xk1020/.m2/repository/org/springframework/data/spring-data-commons/1.12.1.RELEASE/spring-data-commons-1.12.1.RELEASE.jar!/org/springframework/data/repository/support/RepositoryInvoker.class]]
[2018-07-02 21:44:42.986] -- [TRACE] -- [main &gt;&gt;&gt;&gt; ClassPathScanningCandidateComponentProvider.java:275 &gt;&gt;&gt;&gt; Method = findCandidateComponents] -- [Content = Scanning URL [jar:file:/Users/xk1020/.m2/repository/org/springframework/data/spring-data-commons/1.12.1.RELEASE/spring-data-commons-1.12.1.RELEASE.jar!/org/springframework/data/repository/support/RepositoryInvokerFactory.class]]
[2018-07-02 21:44:42.986] -- [TRACE] -- [main &gt;&gt;&gt;&gt; ClassPathScanningCandidateComponentProvider.java:298 &gt;&gt;&gt;&gt; Method = findCandidateComponents] -- [Content = Ignored because not matching any filter: URL [jar:file:/Users/xk1020/.m2/repository/org/springframework/data/spring-data-commons/1.12.1.RELEASE/spring-data-commons-1.12.1.RELEASE.jar!/org/springframework/data/repository/support/RepositoryInvokerFactory.class]]
[2018-07-02 21:44:42.986] -- [DEBUG] -- [main &gt;&gt;&gt;&gt; MutablePropertySources.java:109 &gt;&gt;&gt;&gt; Method = addLast] -- [Content = Adding [systemProperties] PropertySource with lowest search precedence]
[2018-07-02 21:44:42.987] -- [DEBUG] -- [main &gt;&gt;&gt;&gt; MutablePropertySources.java:109 &gt;&gt;&gt;&gt; Method = addLast] -- [Content = Adding [systemEnvironment] PropertySource with lowest search precedence]
[2018-07-02 21:44:42.987] -- [DEBUG] -- [main &gt;&gt;&gt;&gt; AbstractEnvironment.java:127 &gt;&gt;&gt;&gt; Method = &lt;init&gt;] -- [Content = Initialized StandardEnvironment with PropertySources [systemProperties,systemEnvironment]]
[2018-07-02 21:44:42.987] -- [DEBUG] -- [main &gt;&gt;&gt;&gt; PathMatchingResourcePatternResolver.java:312 &gt;&gt;&gt;&gt; Method = findAllClassPathResources] -- [Content = Resolved classpath location [com/youmeek/] to resources [URL [file:/Users/xk1020/IdeaProjects/Basic-Single-Module-SSJPA/target/test-classes/com/youmeek/], URL [file:/Users/xk1020/IdeaProjects/Basic-Single-Module-SSJPA/target/classes/com/youmeek/]]]
[2018-07-02 21:44:42.988] -- [DEBUG] -- [main &gt;&gt;&gt;&gt; PathMatchingResourcePatternResolver.java:637 &gt;&gt;&gt;&gt; Method = doFindMatchingFileSystemResources] -- [Content = Looking for matching resources in directory tree [/Users/xk1020/IdeaProjects/Basic-Single-Module-SSJPA/target/test-classes/com/youmeek]]
[2018-07-02 21:44:42.988] -- [DEBUG] -- [main &gt;&gt;&gt;&gt; PathMatchingResourcePatternResolver.java:699 &gt;&gt;&gt;&gt; Method = doRetrieveMatchingFiles] -- [Content = Searching directory [/Users/xk1020/IdeaProjects/Basic-Single-Module-SSJPA/target/test-classes/com/youmeek] for files matching pattern [/Users/xk1020/IdeaProjects/Basic-Single-Module-SSJPA/target/test-classes/com/youmeek/**/dao/**/*.class]]
[2018-07-02 21:44:42.988] -- [DEBUG] -- [main &gt;&gt;&gt;&gt; PathMatchingResourcePatternResolver.java:699 &gt;&gt;&gt;&gt; Method = doRetrieveMatchingFiles] -- [Content = Searching directory [/Users/xk1020/IdeaProjects/Basic-Single-Module-SSJPA/target/test-classes/com/youmeek/ssm] for files matching pattern [/Users/xk1020/IdeaProjects/Basic-Single-Module-SSJPA/target/test-classes/com/youmeek/**/dao/**/*.class]]
[2018-07-02 21:44:42.988] -- [DEBUG] -- [main &gt;&gt;&gt;&gt; PathMatchingResourcePatternResolver.java:637 &gt;&gt;&gt;&gt; Method = doFindMatchingFileSystemResources] -- [Content = Looking for matching resources in directory tree [/Users/xk1020/IdeaProjects/Basic-Single-Module-SSJPA/target/classes/com/youmeek]]
[2018-07-02 21:44:42.988] -- [DEBUG] -- [main &gt;&gt;&gt;&gt; PathMatchingResourcePatternResolver.java:699 &gt;&gt;&gt;&gt; Method = doRetrieveMatchingFiles] -- [Content = Searching directory [/Users/xk1020/IdeaProjects/Basic-Single-Module-SSJPA/target/classes/com/youmeek] for files matching pattern [/Users/xk1020/IdeaProjects/Basic-Single-Module-SSJPA/target/classes/com/youmeek/**/dao/**/*.class]]
[2018-07-02 21:44:42.989] -- [DEBUG] -- [main &gt;&gt;&gt;&gt; PathMatchingResourcePatternResolver.java:699 &gt;&gt;&gt;&gt; Method = doRetrieveMatchingFiles] -- [Content = Searching directory [/Users/xk1020/IdeaProjects/Basic-Single-Module-SSJPA/target/classes/com/youmeek/ssm] for files matching pattern [/Users/xk1020/IdeaProjects/Basic-Single-Module-SSJPA/target/classes/com/youmeek/**/dao/**/*.class]]
[2018-07-02 21:44:42.989] -- [DEBUG] -- [main &gt;&gt;&gt;&gt; PathMatchingResourcePatternResolver.java:699 &gt;&gt;&gt;&gt; Method = doRetrieveMatchingFiles] -- [Content = Searching directory [/Users/xk1020/IdeaProjects/Basic-Single-Module-SSJPA/target/classes/com/youmeek/ssm/module] for files matching pattern [/Users/xk1020/IdeaProjects/Basic-Single-Module-SSJPA/target/classes/com/youmeek/**/dao/**/*.class]]
[2018-07-02 21:44:42.989] -- [DEBUG] -- [main &gt;&gt;&gt;&gt; PathMatchingResourcePatternResolver.java:699 &gt;&gt;&gt;&gt; Method = doRetrieveMatchingFiles] -- [Content = Searching directory [/Users/xk1020/IdeaProjects/Basic-Single-Module-SSJPA/target/classes/com/youmeek/ssm/module/user] for files matching pattern [/Users/xk1020/IdeaProjects/Basic-Single-Module-SSJPA/target/classes/com/youmeek/**/dao/**/*.class]]
[2018-07-02 21:44:42.989] -- [DEBUG] -- [main &gt;&gt;&gt;&gt; PathMatchingResourcePatternResolver.java:699 &gt;&gt;&gt;&gt; Method = doRetrieveMatchingFiles] -- [Content = Searching directory [/Users/xk1020/IdeaProjects/Basic-Single-Module-SSJPA/target/classes/com/youmeek/ssm/module/user/dao] for files matching pattern [/Users/xk1020/IdeaProjects/Basic-Single-Module-SSJPA/target/classes/com/youmeek/**/dao/**/*.class]]
[2018-07-02 21:44:42.990] -- [DEBUG] -- [main &gt;&gt;&gt;&gt; PathMatchingResourcePatternResolver.java:699 &gt;&gt;&gt;&gt; Method = doRetrieveMatchingFiles] -- [Content = Searching directory [/Users/xk1020/IdeaProjects/Basic-Single-Module-SSJPA/target/classes/com/youmeek/ssm/module/user/controller] for files matching pattern [/Users/xk1020/IdeaProjects/Basic-Single-Module-SSJPA/target/classes/com/youmeek/**/dao/**/*.class]]
[2018-07-02 21:44:42.990] -- [DEBUG] -- [main &gt;&gt;&gt;&gt; PathMatchingResourcePatternResolver.java:699 &gt;&gt;&gt;&gt; Method = doRetrieveMatchingFiles] -- [Content = Searching directory [/Users/xk1020/IdeaProjects/Basic-Single-Module-SSJPA/target/classes/com/youmeek/ssm/module/user/service] for files matching pattern [/Users/xk1020/IdeaProjects/Basic-Single-Module-SSJPA/target/classes/com/youmeek/**/dao/**/*.class]]
[2018-07-02 21:44:42.990] -- [DEBUG] -- [main &gt;&gt;&gt;&gt; PathMatchingResourcePatternResolver.java:699 &gt;&gt;&gt;&gt; Method = doRetrieveMatchingFiles] -- [Content = Searching directory [/Users/xk1020/IdeaProjects/Basic-Single-Module-SSJPA/target/classes/com/youmeek/ssm/module/user/service/impl] for files matching pattern [/Users/xk1020/IdeaProjects/Basic-Single-Module-SSJPA/target/classes/com/youmeek/**/dao/**/*.class]]
[2018-07-02 21:44:42.990] -- [DEBUG] -- [main &gt;&gt;&gt;&gt; PathMatchingResourcePatternResolver.java:699 &gt;&gt;&gt;&gt; Method = doRetrieveMatchingFiles] -- [Content = Searching directory [/Users/xk1020/IdeaProjects/Basic-Single-Module-SSJPA/target/classes/com/youmeek/ssm/module/user/pojo] for files matching pattern [/Users/xk1020/IdeaProjects/Basic-Single-Module-SSJPA/target/classes/com/youmeek/**/dao/**/*.class]]
[2018-07-02 21:44:42.991] -- [DEBUG] -- [main &gt;&gt;&gt;&gt; PathMatchingResourcePatternResolver.java:699 &gt;&gt;&gt;&gt; Method = doRetrieveMatchingFiles] -- [Content = Searching directory [/Users/xk1020/IdeaProjects/Basic-Single-Module-SSJPA/target/classes/com/youmeek/ssm/aop] for files matching pattern [/Users/xk1020/IdeaProjects/Basic-Single-Module-SSJPA/target/classes/com/youmeek/**/dao/**/*.class]]
[2018-07-02 21:44:42.991] -- [DEBUG] -- [main &gt;&gt;&gt;&gt; PathMatchingResourcePatternResolver.java:699 &gt;&gt;&gt;&gt; Method = doRetrieveMatchingFiles] -- [Content = Searching directory [/Users/xk1020/IdeaProjects/Basic-Single-Module-SSJPA/target/classes/com/youmeek/ssm/aop/log] for files matching pattern [/Users/xk1020/IdeaProjects/Basic-Single-Module-SSJPA/target/classes/com/youmeek/**/dao/**/*.class]]
[2018-07-02 21:44:42.991] -- [DEBUG] -- [main &gt;&gt;&gt;&gt; PathMatchingResourcePatternResolver.java:699 &gt;&gt;&gt;&gt; Method = doRetrieveMatchingFiles] -- [Content = Searching directory [/Users/xk1020/IdeaProjects/Basic-Single-Module-SSJPA/target/classes/com/youmeek/ssm/interceptor] for files matching pattern [/Users/xk1020/IdeaProjects/Basic-Single-Module-SSJPA/target/classes/com/youmeek/**/dao/**/*.class]]
[2018-07-02 21:44:42.991] -- [DEBUG] -- [main &gt;&gt;&gt;&gt; PathMatchingResourcePatternResolver.java:430 &gt;&gt;&gt;&gt; Method = findPathMatchingResources] -- [Content = Resolved location pattern [classpath*:com/youmeek/**/dao/**/*.class] to resources [file [/Users/xk1020/IdeaProjects/Basic-Single-Module-SSJPA/target/classes/com/youmeek/ssm/module/user/dao/SysUserDao.class]]]
[2018-07-02 21:44:42.991] -- [TRACE] -- [main &gt;&gt;&gt;&gt; ClassPathScanningCandidateComponentProvider.java:275 &gt;&gt;&gt;&gt; Method = findCandidateComponents] -- [Content = Scanning file [/Users/xk1020/IdeaProjects/Basic-Single-Module-SSJPA/target/classes/com/youmeek/ssm/module/user/dao/SysUserDao.class]]
[2018-07-02 21:44:42.992] -- [DEBUG] -- [main &gt;&gt;&gt;&gt; ClassPathScanningCandidateComponentProvider.java:286 &gt;&gt;&gt;&gt; Method = findCandidateComponents] -- [Content = Identified candidate component class: file [/Users/xk1020/IdeaProjects/Basic-Single-Module-SSJPA/target/classes/com/youmeek/ssm/module/user/dao/SysUserDao.class]]
[2018-07-02 21:44:42.993] -- [DEBUG] -- [main &gt;&gt;&gt;&gt; MutablePropertySources.java:109 &gt;&gt;&gt;&gt; Method = addLast] -- [Content = Adding [systemProperties] PropertySource with lowest search precedence]
[2018-07-02 21:44:42.993] -- [DEBUG] -- [main &gt;&gt;&gt;&gt; MutablePropertySources.java:109 &gt;&gt;&gt;&gt; Method = addLast] -- [Content = Adding [systemEnvironment] PropertySource with lowest search precedence]
[2018-07-02 21:44:42.993] -- [DEBUG] -- [main &gt;&gt;&gt;&gt; AbstractEnvironment.java:127 &gt;&gt;&gt;&gt; Method = &lt;init&gt;] -- [Content = Initialized StandardEnvironment with PropertySources [systemProperties,systemEnvironment]]
[2018-07-02 21:44:42.994] -- [DEBUG] -- [main &gt;&gt;&gt;&gt; PathMatchingResourcePatternResolver.java:312 &gt;&gt;&gt;&gt; Method = findAllClassPathResources] -- [Content = Resolved classpath location [com/youmeek/] to resources [URL [file:/Users/xk1020/IdeaProjects/Basic-Single-Module-SSJPA/target/test-classes/com/youmeek/], URL [file:/Users/xk1020/IdeaProjects/Basic-Single-Module-SSJPA/target/classes/com/youmeek/]]]
[2018-07-02 21:44:42.994] -- [DEBUG] -- [main &gt;&gt;&gt;&gt; PathMatchingResourcePatternResolver.java:637 &gt;&gt;&gt;&gt; Method = doFindMatchingFileSystemResources] -- [Content = Looking for matching resources in directory tree [/Users/xk1020/IdeaProjects/Basic-Single-Module-SSJPA/target/test-classes/com/youmeek]]
[2018-07-02 21:44:42.994] -- [DEBUG] -- [main &gt;&gt;&gt;&gt; PathMatchingResourcePatternResolver.java:699 &gt;&gt;&gt;&gt; Method = doRetrieveMatchingFiles] -- [Content = Searching directory [/Users/xk1020/IdeaProjects/Basic-Single-Module-SSJPA/target/test-classes/com/youmeek] for files matching pattern [/Users/xk1020/IdeaProjects/Basic-Single-Module-SSJPA/target/test-classes/com/youmeek/**/dao/**/*SysUserDaoImpl.class]]
[2018-07-02 21:44:42.994] -- [DEBUG] -- [main &gt;&gt;&gt;&gt; PathMatchingResourcePatternResolver.java:699 &gt;&gt;&gt;&gt; Method = doRetrieveMatchingFiles] -- [Content = Searching directory [/Users/xk1020/IdeaProjects/Basic-Single-Module-SSJPA/target/test-classes/com/youmeek/ssm] for files matching pattern [/Users/xk1020/IdeaProjects/Basic-Single-Module-SSJPA/target/test-classes/com/youmeek/**/dao/**/*SysUserDaoImpl.class]]
[2018-07-02 21:44:42.995] -- [DEBUG] -- [main &gt;&gt;&gt;&gt; PathMatchingResourcePatternResolver.java:637 &gt;&gt;&gt;&gt; Method = doFindMatchingFileSystemResources] -- [Content = Looking for matching resources in directory tree [/Users/xk1020/IdeaProjects/Basic-Single-Module-SSJPA/target/classes/com/youmeek]]
[2018-07-02 21:44:42.995] -- [DEBUG] -- [main &gt;&gt;&gt;&gt; PathMatchingResourcePatternResolver.java:699 &gt;&gt;&gt;&gt; Method = doRetrieveMatchingFiles] -- [Content = Searching directory [/Users/xk1020/IdeaProjects/Basic-Single-Module-SSJPA/target/classes/com/youmeek] for files matching pattern [/Users/xk1020/IdeaProjects/Basic-Single-Module-SSJPA/target/classes/com/youmeek/**/dao/**/*SysUserDaoImpl.class]]
[2018-07-02 21:44:42.995] -- [DEBUG] -- [main &gt;&gt;&gt;&gt; PathMatchingResourcePatternResolver.java:699 &gt;&gt;&gt;&gt; Method = doRetrieveMatchingFiles] -- [Content = Searching directory [/Users/xk1020/IdeaProjects/Basic-Single-Module-SSJPA/target/classes/com/youmeek/ssm] for files matching pattern [/Users/xk1020/IdeaProjects/Basic-Single-Module-SSJPA/target/classes/com/youmeek/**/dao/**/*SysUserDaoImpl.class]]
[2018-07-02 21:44:42.995] -- [DEBUG] -- [main &gt;&gt;&gt;&gt; PathMatchingResourcePatternResolver.java:699 &gt;&gt;&gt;&gt; Method = doRetrieveMatchingFiles] -- [Content = Searching directory [/Users/xk1020/IdeaProjects/Basic-Single-Module-SSJPA/target/classes/com/youmeek/ssm/module] for files matching pattern [/Users/xk1020/IdeaProjects/Basic-Single-Module-SSJPA/target/classes/com/youmeek/**/dao/**/*SysUserDaoImpl.class]]
[2018-07-02 21:44:42.995] -- [DEBUG] -- [main &gt;&gt;&gt;&gt; PathMatchingResourcePatternResolver.java:699 &gt;&gt;&gt;&gt; Method = doRetrieveMatchingFiles] -- [Content = Searching directory [/Users/xk1020/IdeaProjects/Basic-Single-Module-SSJPA/target/classes/com/youmeek/ssm/module/user] for files matching pattern [/Users/xk1020/IdeaProjects/Basic-Single-Module-SSJPA/target/classes/com/youmeek/**/dao/**/*SysUserDaoImpl.class]]
[2018-07-02 21:44:42.996] -- [DEBUG] -- [main &gt;&gt;&gt;&gt; PathMatchingResourcePatternResolver.java:699 &gt;&gt;&gt;&gt; Method = doRetrieveMatchingFiles] -- [Content = Searching directory [/Users/xk1020/IdeaProjects/Basic-Single-Module-SSJPA/target/classes/com/youmeek/ssm/module/user/dao] for files matching pattern [/Users/xk1020/IdeaProjects/Basic-Single-Module-SSJPA/target/classes/com/youmeek/**/dao/**/*SysUserDaoImpl.class]]
[2018-07-02 21:44:42.996] -- [DEBUG] -- [main &gt;&gt;&gt;&gt; PathMatchingResourcePatternResolver.java:699 &gt;&gt;&gt;&gt; Method = doRetrieveMatchingFiles] -- [Content = Searching directory [/Users/xk1020/IdeaProjects/Basic-Single-Module-SSJPA/target/classes/com/youmeek/ssm/module/user/controller] for files matching pattern [/Users/xk1020/IdeaProjects/Basic-Single-Module-SSJPA/target/classes/com/youmeek/**/dao/**/*SysUserDaoImpl.class]]
[2018-07-02 21:44:42.996] -- [DEBUG] -- [main &gt;&gt;&gt;&gt; PathMatchingResourcePatternResolver.java:699 &gt;&gt;&gt;&gt; Method = doRetrieveMatchingFiles] -- [Content = Searching directory [/Users/xk1020/IdeaProjects/Basic-Single-Module-SSJPA/target/classes/com/youmeek/ssm/module/user/service] for files matching pattern [/Users/xk1020/IdeaProjects/Basic-Single-Module-SSJPA/target/classes/com/youmeek/**/dao/**/*SysUserDaoImpl.class]]
[2018-07-02 21:44:42.996] -- [DEBUG] -- [main &gt;&gt;&gt;&gt; PathMatchingResourcePatternResolver.java:699 &gt;&gt;&gt;&gt; Method = doRetrieveMatchingFiles] -- [Content = Searching directory [/Users/xk1020/IdeaProjects/Basic-Single-Module-SSJPA/target/classes/com/youmeek/ssm/module/user/service/impl] for files matching pattern [/Users/xk1020/IdeaProjects/Basic-Single-Module-SSJPA/target/classes/com/youmeek/**/dao/**/*SysUserDaoImpl.class]]
[2018-07-02 21:44:42.996] -- [DEBUG] -- [main &gt;&gt;&gt;&gt; PathMatchingResourcePatternResolver.java:699 &gt;&gt;&gt;&gt; Method = doRetrieveMatchingFiles] -- [Content = Searching directory [/Users/xk1020/IdeaProjects/Basic-Single-Module-SSJPA/target/classes/com/youmeek/ssm/module/user/pojo] for files matching pattern [/Users/xk1020/IdeaProjects/Basic-Single-Module-SSJPA/target/classes/com/youmeek/**/dao/**/*SysUserDaoImpl.class]]
[2018-07-02 21:44:42.997] -- [DEBUG] -- [main &gt;&gt;&gt;&gt; PathMatchingResourcePatternResolver.java:699 &gt;&gt;&gt;&gt; Method = doRetrieveMatchingFiles] -- [Content = Searching directory [/Users/xk1020/IdeaProjects/Basic-Single-Module-SSJPA/target/classes/com/youmeek/ssm/aop] for files matching pattern [/Users/xk1020/IdeaProjects/Basic-Single-Module-SSJPA/target/classes/com/youmeek/**/dao/**/*SysUserDaoImpl.class]]
[2018-07-02 21:44:42.997] -- [DEBUG] -- [main &gt;&gt;&gt;&gt; PathMatchingResourcePatternResolver.java:699 &gt;&gt;&gt;&gt; Method = doRetrieveMatchingFiles] -- [Content = Searching directory [/Users/xk1020/IdeaProjects/Basic-Single-Module-SSJPA/target/classes/com/youmeek/ssm/aop/log] for files matching pattern [/Users/xk1020/IdeaProjects/Basic-Single-Module-SSJPA/target/classes/com/youmeek/**/dao/**/*SysUserDaoImpl.class]]
[2018-07-02 21:44:42.997] -- [DEBUG] -- [main &gt;&gt;&gt;&gt; PathMatchingResourcePatternResolver.java:699 &gt;&gt;&gt;&gt; Method = doRetrieveMatchingFiles] -- [Content = Searching directory [/Users/xk1020/IdeaProjects/Basic-Single-Module-SSJPA/target/classes/com/youmeek/ssm/interceptor] for files matching pattern [/Users/xk1020/IdeaProjects/Basic-Single-Module-SSJPA/target/classes/com/youmeek/**/dao/**/*SysUserDaoImpl.class]]
[2018-07-02 21:44:42.997] -- [DEBUG] -- [main &gt;&gt;&gt;&gt; PathMatchingResourcePatternResolver.java:430 &gt;&gt;&gt;&gt; Method = findPathMatchingResources] -- [Content = Resolved location pattern [classpath*:com/youmeek/**/dao/**/*SysUserDaoImpl.class] to resources []]
[2018-07-02 21:44:42.998] -- [DEBUG] -- [main &gt;&gt;&gt;&gt; RepositoryConfigurationDelegate.java:142 &gt;&gt;&gt;&gt; Method = registerRepositoriesIn] -- [Content = Spring Data JPA - Registering repository: sysUserDao - Interface: com.youmeek.ssm.module.user.dao.SysUserDao - Factory: org.springframework.data.jpa.repository.support.JpaRepositoryFactoryBean]
[2018-07-02 21:44:42.998] -- [DEBUG] -- [main &gt;&gt;&gt;&gt; AbstractBeanDefinitionReader.java:224 &gt;&gt;&gt;&gt; Method = loadBeanDefinitions] -- [Content = Loaded 26 bean definitions from location pattern [classpath*:spring/applicationContext*.xml]]
[2018-07-02 21:44:42.998] -- [INFO] -- [main &gt;&gt;&gt;&gt; AbstractApplicationContext.java:578 &gt;&gt;&gt;&gt; Method = prepareRefresh] -- [Content = Refreshing org.springframework.context.support.GenericApplicationContext@3b0f7d9d: startup date [Mon Jul 02 21:44:42 CST 2018]; root of context hierarchy]
[2018-07-02 21:44:42.998] -- [DEBUG] -- [main &gt;&gt;&gt;&gt; AbstractApplicationContext.java:612 &gt;&gt;&gt;&gt; Method = obtainFreshBeanFactory] -- [Content = Bean factory for org.springframework.context.support.GenericApplicationContext@3b0f7d9d: org.springframework.beans.factory.support.DefaultListableBeanFactory@79b663b3: defining beans [org.springframework.context.support.PropertySourcesPlaceholderConfigurer#0,sysUserServiceImpl,org.springframework.context.annotation.internalConfigurationAnnotationProcessor,org.springframework.context.annotation.internalAutowiredAnnotationProcessor,org.springframework.context.annotation.internalRequiredAnnotationProcessor,org.springframework.context.annotation.internalCommonAnnotationProcessor,org.springframework.context.annotation.internalPersistenceAnnotationProcessor,org.springframework.context.event.internalEventListenerProcessor,org.springframework.context.event.internalEventListenerFactory,dataSource,druid-stat-interceptor,druid-stat-pointcut,org.springframework.aop.config.internalAutoProxyCreator,org.springframework.aop.support.DefaultBeanFactoryPointcutAdvisor#0,transactionManager,transactionAdvice,transactionPointcut,org.springframework.aop.support.DefaultBeanFactoryPointcutAdvisor#1,entityManagerFactory,hibernateJpaVendorAdapter,org.springframework.data.jpa.repository.config.JpaRepositoryConfigExtension#0,org.springframework.data.repository.core.support.RepositoryFactoryBeanSupport_Predictor,emBeanDefinitionRegistrarPostProcessor,jpaMappingContext,jpaContext,sysUserDao]; root of factory hierarchy]
[2018-07-02 21:44:42.999] -- [DEBUG] -- [main &gt;&gt;&gt;&gt; DefaultSingletonBeanRegistry.java:221 &gt;&gt;&gt;&gt; Method = getSingleton] -- [Content = Creating shared instance of singleton bean &apos;org.springframework.context.annotation.internalConfigurationAnnotationProcessor&apos;]
[2018-07-02 21:44:42.999] -- [DEBUG] -- [main &gt;&gt;&gt;&gt; AbstractAutowireCapableBeanFactory.java:448 &gt;&gt;&gt;&gt; Method = createBean] -- [Content = Creating instance of bean &apos;org.springframework.context.annotation.internalConfigurationAnnotationProcessor&apos;]
[2018-07-02 21:44:42.999] -- [DEBUG] -- [main &gt;&gt;&gt;&gt; AbstractAutowireCapableBeanFactory.java:529 &gt;&gt;&gt;&gt; Method = doCreateBean] -- [Content = Eagerly caching bean &apos;org.springframework.context.annotation.internalConfigurationAnnotationProcessor&apos; to allow for resolving potential circular references]
[2018-07-02 21:44:43.000] -- [DEBUG] -- [main &gt;&gt;&gt;&gt; AbstractAutowireCapableBeanFactory.java:484 &gt;&gt;&gt;&gt; Method = createBean] -- [Content = Finished creating instance of bean &apos;org.springframework.context.annotation.internalConfigurationAnnotationProcessor&apos;]
[2018-07-02 21:44:43.004] -- [DEBUG] -- [main &gt;&gt;&gt;&gt; DefaultSingletonBeanRegistry.java:221 &gt;&gt;&gt;&gt; Method = getSingleton] -- [Content = Creating shared instance of singleton bean &apos;org.springframework.context.support.PropertySourcesPlaceholderConfigurer#0&apos;]
[2018-07-02 21:44:43.004] -- [DEBUG] -- [main &gt;&gt;&gt;&gt; AbstractAutowireCapableBeanFactory.java:448 &gt;&gt;&gt;&gt; Method = createBean] -- [Content = Creating instance of bean &apos;org.springframework.context.support.PropertySourcesPlaceholderConfigurer#0&apos;]
[2018-07-02 21:44:43.004] -- [DEBUG] -- [main &gt;&gt;&gt;&gt; AbstractAutowireCapableBeanFactory.java:529 &gt;&gt;&gt;&gt; Method = doCreateBean] -- [Content = Eagerly caching bean &apos;org.springframework.context.support.PropertySourcesPlaceholderConfigurer#0&apos; to allow for resolving potential circular references]
[2018-07-02 21:44:43.005] -- [TRACE] -- [main &gt;&gt;&gt;&gt; CachedIntrospectionResults.java:265 &gt;&gt;&gt;&gt; Method = &lt;init&gt;] -- [Content = Getting BeanInfo for class [org.springframework.context.support.PropertySourcesPlaceholderConfigurer]]
[2018-07-02 21:44:43.005] -- [TRACE] -- [main &gt;&gt;&gt;&gt; CachedIntrospectionResults.java:284 &gt;&gt;&gt;&gt; Method = &lt;init&gt;] -- [Content = Caching PropertyDescriptors for class [org.springframework.context.support.PropertySourcesPlaceholderConfigurer]]
[2018-07-02 21:44:43.005] -- [TRACE] -- [main &gt;&gt;&gt;&gt; CachedIntrospectionResults.java:297 &gt;&gt;&gt;&gt; Method = &lt;init&gt;] -- [Content = Found bean property &apos;appliedPropertySources&apos; of type [org.springframework.core.env.PropertySources]]
[2018-07-02 21:44:43.005] -- [TRACE] -- [main &gt;&gt;&gt;&gt; CachedIntrospectionResults.java:297 &gt;&gt;&gt;&gt; Method = &lt;init&gt;] -- [Content = Found bean property &apos;beanFactory&apos; of type [org.springframework.beans.factory.BeanFactory]]
[2018-07-02 21:44:43.005] -- [TRACE] -- [main &gt;&gt;&gt;&gt; CachedIntrospectionResults.java:297 &gt;&gt;&gt;&gt; Method = &lt;init&gt;] -- [Content = Found bean property &apos;beanName&apos; of type [java.lang.String]]
[2018-07-02 21:44:43.005] -- [TRACE] -- [main &gt;&gt;&gt;&gt; CachedIntrospectionResults.java:297 &gt;&gt;&gt;&gt; Method = &lt;init&gt;] -- [Content = Found bean property &apos;class&apos; of type [java.lang.Class]]
[2018-07-02 21:44:43.006] -- [TRACE] -- [main &gt;&gt;&gt;&gt; CachedIntrospectionResults.java:297 &gt;&gt;&gt;&gt; Method = &lt;init&gt;] -- [Content = Found bean property &apos;environment&apos; of type [org.springframework.core.env.Environment]]
[2018-07-02 21:44:43.006] -- [TRACE] -- [main &gt;&gt;&gt;&gt; CachedIntrospectionResults.java:297 &gt;&gt;&gt;&gt; Method = &lt;init&gt;] -- [Content = Found bean property &apos;fileEncoding&apos; of type [java.lang.String]]
[2018-07-02 21:44:43.006] -- [TRACE] -- [main &gt;&gt;&gt;&gt; CachedIntrospectionResults.java:297 &gt;&gt;&gt;&gt; Method = &lt;init&gt;] -- [Content = Found bean property &apos;ignoreResourceNotFound&apos; of type [boolean]]
[2018-07-02 21:44:43.006] -- [TRACE] -- [main &gt;&gt;&gt;&gt; CachedIntrospectionResults.java:297 &gt;&gt;&gt;&gt; Method = &lt;init&gt;] -- [Content = Found bean property &apos;ignoreUnresolvablePlaceholders&apos; of type [boolean]]
[2018-07-02 21:44:43.006] -- [TRACE] -- [main &gt;&gt;&gt;&gt; CachedIntrospectionResults.java:297 &gt;&gt;&gt;&gt; Method = &lt;init&gt;] -- [Content = Found bean property &apos;localOverride&apos; of type [boolean]]
[2018-07-02 21:44:43.006] -- [TRACE] -- [main &gt;&gt;&gt;&gt; CachedIntrospectionResults.java:297 &gt;&gt;&gt;&gt; Method = &lt;init&gt;] -- [Content = Found bean property &apos;location&apos; of type [org.springframework.core.io.Resource]]
[2018-07-02 21:44:43.006] -- [TRACE] -- [main &gt;&gt;&gt;&gt; CachedIntrospectionResults.java:297 &gt;&gt;&gt;&gt; Method = &lt;init&gt;] -- [Content = Found bean property &apos;locations&apos; of type [[Lorg.springframework.core.io.Resource;]]
[2018-07-02 21:44:43.007] -- [TRACE] -- [main &gt;&gt;&gt;&gt; CachedIntrospectionResults.java:297 &gt;&gt;&gt;&gt; Method = &lt;init&gt;] -- [Content = Found bean property &apos;nullValue&apos; of type [java.lang.String]]
[2018-07-02 21:44:43.007] -- [TRACE] -- [main &gt;&gt;&gt;&gt; CachedIntrospectionResults.java:297 &gt;&gt;&gt;&gt; Method = &lt;init&gt;] -- [Content = Found bean property &apos;order&apos; of type [int]]
[2018-07-02 21:44:43.007] -- [TRACE] -- [main &gt;&gt;&gt;&gt; CachedIntrospectionResults.java:297 &gt;&gt;&gt;&gt; Method = &lt;init&gt;] -- [Content = Found bean property &apos;placeholderPrefix&apos; of type [java.lang.String]]
[2018-07-02 21:44:43.007] -- [TRACE] -- [main &gt;&gt;&gt;&gt; CachedIntrospectionResults.java:297 &gt;&gt;&gt;&gt; Method = &lt;init&gt;] -- [Content = Found bean property &apos;placeholderSuffix&apos; of type [java.lang.String]]
[2018-07-02 21:44:43.007] -- [TRACE] -- [main &gt;&gt;&gt;&gt; CachedIntrospectionResults.java:297 &gt;&gt;&gt;&gt; Method = &lt;init&gt;] -- [Content = Found bean property &apos;properties&apos; of type [java.util.Properties]]
[2018-07-02 21:44:43.007] -- [TRACE] -- [main &gt;&gt;&gt;&gt; CachedIntrospectionResults.java:297 &gt;&gt;&gt;&gt; Method = &lt;init&gt;] -- [Content = Found bean property &apos;propertiesArray&apos; of type [[Ljava.util.Properties;]]
[2018-07-02 21:44:43.007] -- [TRACE] -- [main &gt;&gt;&gt;&gt; CachedIntrospectionResults.java:297 &gt;&gt;&gt;&gt; Method = &lt;init&gt;] -- [Content = Found bean property &apos;propertiesPersister&apos; of type [org.springframework.util.PropertiesPersister]]
[2018-07-02 21:44:43.007] -- [TRACE] -- [main &gt;&gt;&gt;&gt; CachedIntrospectionResults.java:297 &gt;&gt;&gt;&gt; Method = &lt;init&gt;] -- [Content = Found bean property &apos;propertySources&apos; of type [org.springframework.core.env.PropertySources]]
[2018-07-02 21:44:43.008] -- [TRACE] -- [main &gt;&gt;&gt;&gt; CachedIntrospectionResults.java:297 &gt;&gt;&gt;&gt; Method = &lt;init&gt;] -- [Content = Found bean property &apos;valueSeparator&apos; of type [java.lang.String]]
[2018-07-02 21:44:43.008] -- [DEBUG] -- [main &gt;&gt;&gt;&gt; PathMatchingResourcePatternResolver.java:312 &gt;&gt;&gt;&gt; Method = findAllClassPathResources] -- [Content = Resolved classpath location [properties/] to resources [URL [file:/Users/xk1020/IdeaProjects/Basic-Single-Module-SSJPA/target/classes/properties/]]]
[2018-07-02 21:44:43.008] -- [DEBUG] -- [main &gt;&gt;&gt;&gt; PathMatchingResourcePatternResolver.java:637 &gt;&gt;&gt;&gt; Method = doFindMatchingFileSystemResources] -- [Content = Looking for matching resources in directory tree [/Users/xk1020/IdeaProjects/Basic-Single-Module-SSJPA/target/classes/properties]]
[2018-07-02 21:44:43.008] -- [DEBUG] -- [main &gt;&gt;&gt;&gt; PathMatchingResourcePatternResolver.java:699 &gt;&gt;&gt;&gt; Method = doRetrieveMatchingFiles] -- [Content = Searching directory [/Users/xk1020/IdeaProjects/Basic-Single-Module-SSJPA/target/classes/properties] for files matching pattern [/Users/xk1020/IdeaProjects/Basic-Single-Module-SSJPA/target/classes/properties/*.properties]]
[2018-07-02 21:44:43.009] -- [DEBUG] -- [main &gt;&gt;&gt;&gt; PathMatchingResourcePatternResolver.java:430 &gt;&gt;&gt;&gt; Method = findPathMatchingResources] -- [Content = Resolved location pattern [classpath*:properties/*.properties] to resources [file [/Users/xk1020/IdeaProjects/Basic-Single-Module-SSJPA/target/classes/properties/config.properties]]]
[2018-07-02 21:44:43.009] -- [DEBUG] -- [main &gt;&gt;&gt;&gt; AbstractAutowireCapableBeanFactory.java:484 &gt;&gt;&gt;&gt; Method = createBean] -- [Content = Finished creating instance of bean &apos;org.springframework.context.support.PropertySourcesPlaceholderConfigurer#0&apos;]
[2018-07-02 21:44:43.009] -- [DEBUG] -- [main &gt;&gt;&gt;&gt; MutablePropertySources.java:109 &gt;&gt;&gt;&gt; Method = addLast] -- [Content = Adding [environmentProperties] PropertySource with lowest search precedence]
[2018-07-02 21:44:43.009] -- [INFO] -- [main &gt;&gt;&gt;&gt; PropertiesLoaderSupport.java:172 &gt;&gt;&gt;&gt; Method = loadProperties] -- [Content = Loading properties file from file [/Users/xk1020/IdeaProjects/Basic-Single-Module-SSJPA/target/classes/properties/config.properties]]
[2018-07-02 21:44:43.010] -- [DEBUG] -- [main &gt;&gt;&gt;&gt; MutablePropertySources.java:109 &gt;&gt;&gt;&gt; Method = addLast] -- [Content = Adding [localProperties] PropertySource with lowest search precedence]
[2018-07-02 21:44:43.010] -- [TRACE] -- [main &gt;&gt;&gt;&gt; PropertySourcesPropertyResolver.java:76 &gt;&gt;&gt;&gt; Method = getProperty] -- [Content = getProperty(&quot;data_source_url&quot;, String)]
[2018-07-02 21:44:43.010] -- [DEBUG] -- [main &gt;&gt;&gt;&gt; PropertySourcesPropertyResolver.java:81 &gt;&gt;&gt;&gt; Method = getProperty] -- [Content = Searching for key &apos;data_source_url&apos; in [environmentProperties]]
[2018-07-02 21:44:43.011] -- [TRACE] -- [main &gt;&gt;&gt;&gt; PropertySourcesPropertyResolver.java:76 &gt;&gt;&gt;&gt; Method = getProperty] -- [Content = getProperty(&quot;data_source_url&quot;, String)]
[2018-07-02 21:44:43.011] -- [DEBUG] -- [main &gt;&gt;&gt;&gt; PropertySourcesPropertyResolver.java:81 &gt;&gt;&gt;&gt; Method = getProperty] -- [Content = Searching for key &apos;data_source_url&apos; in [systemProperties]]
[2018-07-02 21:44:43.011] -- [DEBUG] -- [main &gt;&gt;&gt;&gt; PropertySourcesPropertyResolver.java:81 &gt;&gt;&gt;&gt; Method = getProperty] -- [Content = Searching for key &apos;data_source_url&apos; in [systemEnvironment]]
[2018-07-02 21:44:43.011] -- [DEBUG] -- [main &gt;&gt;&gt;&gt; PropertySourcesPropertyResolver.java:103 &gt;&gt;&gt;&gt; Method = getProperty] -- [Content = Could not find key &apos;data_source_url&apos; in any property source. Returning [null]]
[2018-07-02 21:44:43.011] -- [DEBUG] -- [main &gt;&gt;&gt;&gt; PropertySourcesPropertyResolver.java:81 &gt;&gt;&gt;&gt; Method = getProperty] -- [Content = Searching for key &apos;data_source_url&apos; in [localProperties]]
[2018-07-02 21:44:43.011] -- [DEBUG] -- [main &gt;&gt;&gt;&gt; PropertySourcesPropertyResolver.java:90 &gt;&gt;&gt;&gt; Method = getProperty] -- [Content = Found key &apos;data_source_url&apos; in [localProperties] with type [String] and value &apos;jdbc:mysql://localhost:3306/ssm?useUnicode=true&amp;characterEncoding=utf-8&amp;autoReconnect=true&amp;allowMultiQueries=true&apos;]
[2018-07-02 21:44:43.012] -- [TRACE] -- [main &gt;&gt;&gt;&gt; PropertyPlaceholderHelper.java:165 &gt;&gt;&gt;&gt; Method = parseStringValue] -- [Content = Resolved placeholder &apos;data_source_url&apos;]
[2018-07-02 21:44:43.012] -- [TRACE] -- [main &gt;&gt;&gt;&gt; PropertySourcesPropertyResolver.java:76 &gt;&gt;&gt;&gt; Method = getProperty] -- [Content = getProperty(&quot;data_source_username&quot;, String)]
[2018-07-02 21:44:43.012] -- [DEBUG] -- [main &gt;&gt;&gt;&gt; PropertySourcesPropertyResolver.java:81 &gt;&gt;&gt;&gt; Method = getProperty] -- [Content = Searching for key &apos;data_source_username&apos; in [environmentProperties]]
[2018-07-02 21:44:43.012] -- [TRACE] -- [main &gt;&gt;&gt;&gt; PropertySourcesPropertyResolver.java:76 &gt;&gt;&gt;&gt; Method = getProperty] -- [Content = getProperty(&quot;data_source_username&quot;, String)]
[2018-07-02 21:44:43.012] -- [DEBUG] -- [main &gt;&gt;&gt;&gt; PropertySourcesPropertyResolver.java:81 &gt;&gt;&gt;&gt; Method = getProperty] -- [Content = Searching for key &apos;data_source_username&apos; in [systemProperties]]
[2018-07-02 21:44:43.013] -- [DEBUG] -- [main &gt;&gt;&gt;&gt; PropertySourcesPropertyResolver.java:81 &gt;&gt;&gt;&gt; Method = getProperty] -- [Content = Searching for key &apos;data_source_username&apos; in [systemEnvironment]]
[2018-07-02 21:44:43.013] -- [DEBUG] -- [main &gt;&gt;&gt;&gt; PropertySourcesPropertyResolver.java:103 &gt;&gt;&gt;&gt; Method = getProperty] -- [Content = Could not find key &apos;data_source_username&apos; in any property source. Returning [null]]
[2018-07-02 21:44:43.013] -- [DEBUG] -- [main &gt;&gt;&gt;&gt; PropertySourcesPropertyResolver.java:81 &gt;&gt;&gt;&gt; Method = getProperty] -- [Content = Searching for key &apos;data_source_username&apos; in [localProperties]]
[2018-07-02 21:44:43.013] -- [DEBUG] -- [main &gt;&gt;&gt;&gt; PropertySourcesPropertyResolver.java:90 &gt;&gt;&gt;&gt; Method = getProperty] -- [Content = Found key &apos;data_source_username&apos; in [localProperties] with type [String] and value &apos;root &apos;]
[2018-07-02 21:44:43.013] -- [TRACE] -- [main &gt;&gt;&gt;&gt; PropertyPlaceholderHelper.java:165 &gt;&gt;&gt;&gt; Method = parseStringValue] -- [Content = Resolved placeholder &apos;data_source_username&apos;]
[2018-07-02 21:44:43.013] -- [TRACE] -- [main &gt;&gt;&gt;&gt; PropertySourcesPropertyResolver.java:76 &gt;&gt;&gt;&gt; Method = getProperty] -- [Content = getProperty(&quot;data_source_password&quot;, String)]
[2018-07-02 21:44:43.014] -- [DEBUG] -- [main &gt;&gt;&gt;&gt; PropertySourcesPropertyResolver.java:81 &gt;&gt;&gt;&gt; Method = getProperty] -- [Content = Searching for key &apos;data_source_password&apos; in [environmentProperties]]
[2018-07-02 21:44:43.014] -- [TRACE] -- [main &gt;&gt;&gt;&gt; PropertySourcesPropertyResolver.java:76 &gt;&gt;&gt;&gt; Method = getProperty] -- [Content = getProperty(&quot;data_source_password&quot;, String)]
[2018-07-02 21:44:43.014] -- [DEBUG] -- [main &gt;&gt;&gt;&gt; PropertySourcesPropertyResolver.java:81 &gt;&gt;&gt;&gt; Method = getProperty] -- [Content = Searching for key &apos;data_source_password&apos; in [systemProperties]]
[2018-07-02 21:44:43.014] -- [DEBUG] -- [main &gt;&gt;&gt;&gt; PropertySourcesPropertyResolver.java:81 &gt;&gt;&gt;&gt; Method = getProperty] -- [Content = Searching for key &apos;data_source_password&apos; in [systemEnvironment]]
[2018-07-02 21:44:43.014] -- [DEBUG] -- [main &gt;&gt;&gt;&gt; PropertySourcesPropertyResolver.java:103 &gt;&gt;&gt;&gt; Method = getProperty] -- [Content = Could not find key &apos;data_source_password&apos; in any property source. Returning [null]]
[2018-07-02 21:44:43.014] -- [DEBUG] -- [main &gt;&gt;&gt;&gt; PropertySourcesPropertyResolver.java:81 &gt;&gt;&gt;&gt; Method = getProperty] -- [Content = Searching for key &apos;data_source_password&apos; in [localProperties]]
[2018-07-02 21:44:43.015] -- [DEBUG] -- [main &gt;&gt;&gt;&gt; PropertySourcesPropertyResolver.java:90 &gt;&gt;&gt;&gt; Method = getProperty] -- [Content = Found key &apos;data_source_password&apos; in [localProperties] with type [String] and value &apos;123456&apos;]
[2018-07-02 21:44:43.015] -- [TRACE] -- [main &gt;&gt;&gt;&gt; PropertyPlaceholderHelper.java:165 &gt;&gt;&gt;&gt; Method = parseStringValue] -- [Content = Resolved placeholder &apos;data_source_password&apos;]
[2018-07-02 21:44:43.015] -- [TRACE] -- [main &gt;&gt;&gt;&gt; PropertySourcesPropertyResolver.java:76 &gt;&gt;&gt;&gt; Method = getProperty] -- [Content = getProperty(&quot;validation_query&quot;, String)]
[2018-07-02 21:44:43.015] -- [DEBUG] -- [main &gt;&gt;&gt;&gt; PropertySourcesPropertyResolver.java:81 &gt;&gt;&gt;&gt; Method = getProperty] -- [Content = Searching for key &apos;validation_query&apos; in [environmentProperties]]
[2018-07-02 21:44:43.015] -- [TRACE] -- [main &gt;&gt;&gt;&gt; PropertySourcesPropertyResolver.java:76 &gt;&gt;&gt;&gt; Method = getProperty] -- [Content = getProperty(&quot;validation_query&quot;, String)]
[2018-07-02 21:44:43.015] -- [DEBUG] -- [main &gt;&gt;&gt;&gt; PropertySourcesPropertyResolver.java:81 &gt;&gt;&gt;&gt; Method = getProperty] -- [Content = Searching for key &apos;validation_query&apos; in [systemProperties]]
[2018-07-02 21:44:43.016] -- [DEBUG] -- [main &gt;&gt;&gt;&gt; PropertySourcesPropertyResolver.java:81 &gt;&gt;&gt;&gt; Method = getProperty] -- [Content = Searching for key &apos;validation_query&apos; in [systemEnvironment]]
[2018-07-02 21:44:43.016] -- [DEBUG] -- [main &gt;&gt;&gt;&gt; PropertySourcesPropertyResolver.java:103 &gt;&gt;&gt;&gt; Method = getProperty] -- [Content = Could not find key &apos;validation_query&apos; in any property source. Returning [null]]
[2018-07-02 21:44:43.016] -- [DEBUG] -- [main &gt;&gt;&gt;&gt; PropertySourcesPropertyResolver.java:81 &gt;&gt;&gt;&gt; Method = getProperty] -- [Content = Searching for key &apos;validation_query&apos; in [localProperties]]
[2018-07-02 21:44:43.016] -- [DEBUG] -- [main &gt;&gt;&gt;&gt; PropertySourcesPropertyResolver.java:90 &gt;&gt;&gt;&gt; Method = getProperty] -- [Content = Found key &apos;validation_query&apos; in [localProperties] with type [String] and value &apos;SELECT 1&apos;]
[2018-07-02 21:44:43.016] -- [TRACE] -- [main &gt;&gt;&gt;&gt; PropertyPlaceholderHelper.java:165 &gt;&gt;&gt;&gt; Method = parseStringValue] -- [Content = Resolved placeholder &apos;validation_query&apos;]
[2018-07-02 21:44:43.017] -- [DEBUG] -- [main &gt;&gt;&gt;&gt; DefaultSingletonBeanRegistry.java:221 &gt;&gt;&gt;&gt; Method = getSingleton] -- [Content = Creating shared instance of singleton bean &apos;emBeanDefinitionRegistrarPostProcessor&apos;]
[2018-07-02 21:44:43.017] -- [DEBUG] -- [main &gt;&gt;&gt;&gt; AbstractAutowireCapableBeanFactory.java:448 &gt;&gt;&gt;&gt; Method = createBean] -- [Content = Creating instance of bean &apos;emBeanDefinitionRegistrarPostProcessor&apos;]
[2018-07-02 21:44:43.017] -- [DEBUG] -- [main &gt;&gt;&gt;&gt; AbstractAutowireCapableBeanFactory.java:529 &gt;&gt;&gt;&gt; Method = doCreateBean] -- [Content = Eagerly caching bean &apos;emBeanDefinitionRegistrarPostProcessor&apos; to allow for resolving potential circular references]
[2018-07-02 21:44:43.017] -- [DEBUG] -- [main &gt;&gt;&gt;&gt; AbstractAutowireCapableBeanFactory.java:484 &gt;&gt;&gt;&gt; Method = createBean] -- [Content = Finished creating instance of bean &apos;emBeanDefinitionRegistrarPostProcessor&apos;]
[2018-07-02 21:44:43.018] -- [DEBUG] -- [main &gt;&gt;&gt;&gt; DefaultSingletonBeanRegistry.java:221 &gt;&gt;&gt;&gt; Method = getSingleton] -- [Content = Creating shared instance of singleton bean &apos;org.springframework.context.annotation.internalAutowiredAnnotationProcessor&apos;]
[2018-07-02 21:44:43.018] -- [DEBUG] -- [main &gt;&gt;&gt;&gt; AbstractAutowireCapableBeanFactory.java:448 &gt;&gt;&gt;&gt; Method = createBean] -- [Content = Creating instance of bean &apos;org.springframework.context.annotation.internalAutowiredAnnotationProcessor&apos;]
[2018-07-02 21:44:43.018] -- [INFO] -- [main &gt;&gt;&gt;&gt; AutowiredAnnotationBeanPostProcessor.java:153 &gt;&gt;&gt;&gt; Method = &lt;init&gt;] -- [Content = JSR-330 &apos;javax.inject.Inject&apos; annotation found and supported for autowiring]
[2018-07-02 21:44:43.019] -- [DEBUG] -- [main &gt;&gt;&gt;&gt; AbstractAutowireCapableBeanFactory.java:529 &gt;&gt;&gt;&gt; Method = doCreateBean] -- [Content = Eagerly caching bean &apos;org.springframework.context.annotation.internalAutowiredAnnotationProcessor&apos; to allow for resolving potential circular references]
[2018-07-02 21:44:43.019] -- [DEBUG] -- [main &gt;&gt;&gt;&gt; AbstractAutowireCapableBeanFactory.java:484 &gt;&gt;&gt;&gt; Method = createBean] -- [Content = Finished creating instance of bean &apos;org.springframework.context.annotation.internalAutowiredAnnotationProcessor&apos;]
[2018-07-02 21:44:43.019] -- [DEBUG] -- [main &gt;&gt;&gt;&gt; DefaultSingletonBeanRegistry.java:221 &gt;&gt;&gt;&gt; Method = getSingleton] -- [Content = Creating shared instance of singleton bean &apos;org.springframework.context.annotation.internalRequiredAnnotationProcessor&apos;]
[2018-07-02 21:44:43.019] -- [DEBUG] -- [main &gt;&gt;&gt;&gt; AbstractAutowireCapableBeanFactory.java:448 &gt;&gt;&gt;&gt; Method = createBean] -- [Content = Creating instance of bean &apos;org.springframework.context.annotation.internalRequiredAnnotationProcessor&apos;]
[2018-07-02 21:44:43.019] -- [DEBUG] -- [main &gt;&gt;&gt;&gt; AbstractAutowireCapableBeanFactory.java:529 &gt;&gt;&gt;&gt; Method = doCreateBean] -- [Content = Eagerly caching bean &apos;org.springframework.context.annotation.internalRequiredAnnotationProcessor&apos; to allow for resolving potential circular references]
[2018-07-02 21:44:43.019] -- [DEBUG] -- [main &gt;&gt;&gt;&gt; AbstractAutowireCapableBeanFactory.java:484 &gt;&gt;&gt;&gt; Method = createBean] -- [Content = Finished creating instance of bean &apos;org.springframework.context.annotation.internalRequiredAnnotationProcessor&apos;]
[2018-07-02 21:44:43.020] -- [DEBUG] -- [main &gt;&gt;&gt;&gt; DefaultSingletonBeanRegistry.java:221 &gt;&gt;&gt;&gt; Method = getSingleton] -- [Content = Creating shared instance of singleton bean &apos;org.springframework.context.annotation.internalCommonAnnotationProcessor&apos;]
[2018-07-02 21:44:43.020] -- [DEBUG] -- [main &gt;&gt;&gt;&gt; AbstractAutowireCapableBeanFactory.java:448 &gt;&gt;&gt;&gt; Method = createBean] -- [Content = Creating instance of bean &apos;org.springframework.context.annotation.internalCommonAnnotationProcessor&apos;]
[2018-07-02 21:44:43.020] -- [DEBUG] -- [main &gt;&gt;&gt;&gt; AbstractAutowireCapableBeanFactory.java:529 &gt;&gt;&gt;&gt; Method = doCreateBean] -- [Content = Eagerly caching bean &apos;org.springframework.context.annotation.internalCommonAnnotationProcessor&apos; to allow for resolving potential circular references]
[2018-07-02 21:44:43.020] -- [DEBUG] -- [main &gt;&gt;&gt;&gt; AbstractAutowireCapableBeanFactory.java:484 &gt;&gt;&gt;&gt; Method = createBean] -- [Content = Finished creating instance of bean &apos;org.springframework.context.annotation.internalCommonAnnotationProcessor&apos;]
[2018-07-02 21:44:43.020] -- [DEBUG] -- [main &gt;&gt;&gt;&gt; DefaultSingletonBeanRegistry.java:221 &gt;&gt;&gt;&gt; Method = getSingleton] -- [Content = Creating shared instance of singleton bean &apos;org.springframework.context.annotation.internalPersistenceAnnotationProcessor&apos;]
[2018-07-02 21:44:43.020] -- [DEBUG] -- [main &gt;&gt;&gt;&gt; AbstractAutowireCapableBeanFactory.java:448 &gt;&gt;&gt;&gt; Method = createBean] -- [Content = Creating instance of bean &apos;org.springframework.context.annotation.internalPersistenceAnnotationProcessor&apos;]
[2018-07-02 21:44:43.020] -- [DEBUG] -- [main &gt;&gt;&gt;&gt; AbstractAutowireCapableBeanFactory.java:529 &gt;&gt;&gt;&gt; Method = doCreateBean] -- [Content = Eagerly caching bean &apos;org.springframework.context.annotation.internalPersistenceAnnotationProcessor&apos; to allow for resolving potential circular references]
[2018-07-02 21:44:43.021] -- [DEBUG] -- [main &gt;&gt;&gt;&gt; AbstractAutowireCapableBeanFactory.java:484 &gt;&gt;&gt;&gt; Method = createBean] -- [Content = Finished creating instance of bean &apos;org.springframework.context.annotation.internalPersistenceAnnotationProcessor&apos;]
[2018-07-02 21:44:43.021] -- [DEBUG] -- [main &gt;&gt;&gt;&gt; DefaultSingletonBeanRegistry.java:221 &gt;&gt;&gt;&gt; Method = getSingleton] -- [Content = Creating shared instance of singleton bean &apos;org.springframework.data.repository.core.support.RepositoryFactoryBeanSupport_Predictor&apos;]
[2018-07-02 21:44:43.021] -- [DEBUG] -- [main &gt;&gt;&gt;&gt; AbstractAutowireCapableBeanFactory.java:448 &gt;&gt;&gt;&gt; Method = createBean] -- [Content = Creating instance of bean &apos;org.springframework.data.repository.core.support.RepositoryFactoryBeanSupport_Predictor&apos;]
[2018-07-02 21:44:43.022] -- [TRACE] -- [main &gt;&gt;&gt;&gt; TypeConverterDelegate.java:434 &gt;&gt;&gt;&gt; Method = doConvertValue] -- [Content = Converting String to [class java.lang.Class] using property editor [org.springframework.beans.propertyeditors.ClassEditor@2228db21]]
[2018-07-02 21:44:43.022] -- [TRACE] -- [main &gt;&gt;&gt;&gt; TypeConverterDelegate.java:434 &gt;&gt;&gt;&gt; Method = doConvertValue] -- [Content = Converting String to [class [Ljava.lang.String;] using property editor [org.springframework.beans.propertyeditors.StringArrayPropertyEditor@241a0c3a]]
[2018-07-02 21:44:43.022] -- [DEBUG] -- [main &gt;&gt;&gt;&gt; AbstractAutowireCapableBeanFactory.java:529 &gt;&gt;&gt;&gt; Method = doCreateBean] -- [Content = Eagerly caching bean &apos;org.springframework.data.repository.core.support.RepositoryFactoryBeanSupport_Predictor&apos; to allow for resolving potential circular references]
[2018-07-02 21:44:43.023] -- [DEBUG] -- [main &gt;&gt;&gt;&gt; AbstractAutowireCapableBeanFactory.java:484 &gt;&gt;&gt;&gt; Method = createBean] -- [Content = Finished creating instance of bean &apos;org.springframework.data.repository.core.support.RepositoryFactoryBeanSupport_Predictor&apos;]
[2018-07-02 21:44:43.023] -- [DEBUG] -- [main &gt;&gt;&gt;&gt; DefaultSingletonBeanRegistry.java:221 &gt;&gt;&gt;&gt; Method = getSingleton] -- [Content = Creating shared instance of singleton bean &apos;org.springframework.context.annotation.ConfigurationClassPostProcessor.importAwareProcessor&apos;]
[2018-07-02 21:44:43.023] -- [DEBUG] -- [main &gt;&gt;&gt;&gt; AbstractAutowireCapableBeanFactory.java:448 &gt;&gt;&gt;&gt; Method = createBean] -- [Content = Creating instance of bean &apos;org.springframework.context.annotation.ConfigurationClassPostProcessor.importAwareProcessor&apos;]
[2018-07-02 21:44:43.023] -- [DEBUG] -- [main &gt;&gt;&gt;&gt; AbstractAutowireCapableBeanFactory.java:529 &gt;&gt;&gt;&gt; Method = doCreateBean] -- [Content = Eagerly caching bean &apos;org.springframework.context.annotation.ConfigurationClassPostProcessor.importAwareProcessor&apos; to allow for resolving potential circular references]
[2018-07-02 21:44:43.023] -- [DEBUG] -- [main &gt;&gt;&gt;&gt; AbstractAutowireCapableBeanFactory.java:484 &gt;&gt;&gt;&gt; Method = createBean] -- [Content = Finished creating instance of bean &apos;org.springframework.context.annotation.ConfigurationClassPostProcessor.importAwareProcessor&apos;]
[2018-07-02 21:44:43.023] -- [DEBUG] -- [main &gt;&gt;&gt;&gt; DefaultSingletonBeanRegistry.java:221 &gt;&gt;&gt;&gt; Method = getSingleton] -- [Content = Creating shared instance of singleton bean &apos;org.springframework.context.annotation.ConfigurationClassPostProcessor.enhancedConfigurationProcessor&apos;]
[2018-07-02 21:44:43.023] -- [DEBUG] -- [main &gt;&gt;&gt;&gt; AbstractAutowireCapableBeanFactory.java:448 &gt;&gt;&gt;&gt; Method = createBean] -- [Content = Creating instance of bean &apos;org.springframework.context.annotation.ConfigurationClassPostProcessor.enhancedConfigurationProcessor&apos;]
[2018-07-02 21:44:43.024] -- [DEBUG] -- [main &gt;&gt;&gt;&gt; AbstractAutowireCapableBeanFactory.java:529 &gt;&gt;&gt;&gt; Method = doCreateBean] -- [Content = Eagerly caching bean &apos;org.springframework.context.annotation.ConfigurationClassPostProcessor.enhancedConfigurationProcessor&apos; to allow for resolving potential circular references]
[2018-07-02 21:44:43.024] -- [DEBUG] -- [main &gt;&gt;&gt;&gt; AbstractAutowireCapableBeanFactory.java:484 &gt;&gt;&gt;&gt; Method = createBean] -- [Content = Finished creating instance of bean &apos;org.springframework.context.annotation.ConfigurationClassPostProcessor.enhancedConfigurationProcessor&apos;]
[2018-07-02 21:44:43.024] -- [DEBUG] -- [main &gt;&gt;&gt;&gt; DefaultSingletonBeanRegistry.java:221 &gt;&gt;&gt;&gt; Method = getSingleton] -- [Content = Creating shared instance of singleton bean &apos;org.springframework.aop.config.internalAutoProxyCreator&apos;]
[2018-07-02 21:44:43.024] -- [DEBUG] -- [main &gt;&gt;&gt;&gt; AbstractAutowireCapableBeanFactory.java:448 &gt;&gt;&gt;&gt; Method = createBean] -- [Content = Creating instance of bean &apos;org.springframework.aop.config.internalAutoProxyCreator&apos;]
[2018-07-02 21:44:43.025] -- [DEBUG] -- [main &gt;&gt;&gt;&gt; AbstractAutowireCapableBeanFactory.java:529 &gt;&gt;&gt;&gt; Method = doCreateBean] -- [Content = Eagerly caching bean &apos;org.springframework.aop.config.internalAutoProxyCreator&apos; to allow for resolving potential circular references]
[2018-07-02 21:44:43.025] -- [TRACE] -- [main &gt;&gt;&gt;&gt; CachedIntrospectionResults.java:265 &gt;&gt;&gt;&gt; Method = &lt;init&gt;] -- [Content = Getting BeanInfo for class [org.springframework.aop.aspectj.autoproxy.AspectJAwareAdvisorAutoProxyCreator]]
[2018-07-02 21:44:43.025] -- [TRACE] -- [main &gt;&gt;&gt;&gt; CachedIntrospectionResults.java:284 &gt;&gt;&gt;&gt; Method = &lt;init&gt;] -- [Content = Caching PropertyDescriptors for class [org.springframework.aop.aspectj.autoproxy.AspectJAwareAdvisorAutoProxyCreator]]
[2018-07-02 21:44:43.025] -- [TRACE] -- [main &gt;&gt;&gt;&gt; CachedIntrospectionResults.java:297 &gt;&gt;&gt;&gt; Method = &lt;init&gt;] -- [Content = Found bean property &apos;advisorAdapterRegistry&apos; of type [org.springframework.aop.framework.adapter.AdvisorAdapterRegistry]]
[2018-07-02 21:44:43.025] -- [TRACE] -- [main &gt;&gt;&gt;&gt; CachedIntrospectionResults.java:297 &gt;&gt;&gt;&gt; Method = &lt;init&gt;] -- [Content = Found bean property &apos;applyCommonInterceptorsFirst&apos; of type [boolean]]
[2018-07-02 21:44:43.025] -- [TRACE] -- [main &gt;&gt;&gt;&gt; CachedIntrospectionResults.java:297 &gt;&gt;&gt;&gt; Method = &lt;init&gt;] -- [Content = Found bean property &apos;beanClassLoader&apos; of type [java.lang.ClassLoader]]
[2018-07-02 21:44:43.025] -- [TRACE] -- [main &gt;&gt;&gt;&gt; CachedIntrospectionResults.java:297 &gt;&gt;&gt;&gt; Method = &lt;init&gt;] -- [Content = Found bean property &apos;beanFactory&apos; of type [org.springframework.beans.factory.BeanFactory]]
[2018-07-02 21:44:43.026] -- [TRACE] -- [main &gt;&gt;&gt;&gt; CachedIntrospectionResults.java:297 &gt;&gt;&gt;&gt; Method = &lt;init&gt;] -- [Content = Found bean property &apos;class&apos; of type [java.lang.Class]]
[2018-07-02 21:44:43.026] -- [TRACE] -- [main &gt;&gt;&gt;&gt; CachedIntrospectionResults.java:297 &gt;&gt;&gt;&gt; Method = &lt;init&gt;] -- [Content = Found bean property &apos;customTargetSourceCreators&apos; of type [[Lorg.springframework.aop.framework.autoproxy.TargetSourceCreator;]]
[2018-07-02 21:44:43.026] -- [TRACE] -- [main &gt;&gt;&gt;&gt; CachedIntrospectionResults.java:297 &gt;&gt;&gt;&gt; Method = &lt;init&gt;] -- [Content = Found bean property &apos;exposeProxy&apos; of type [boolean]]
[2018-07-02 21:44:43.026] -- [TRACE] -- [main &gt;&gt;&gt;&gt; CachedIntrospectionResults.java:297 &gt;&gt;&gt;&gt; Method = &lt;init&gt;] -- [Content = Found bean property &apos;frozen&apos; of type [boolean]]
[2018-07-02 21:44:43.026] -- [TRACE] -- [main &gt;&gt;&gt;&gt; CachedIntrospectionResults.java:297 &gt;&gt;&gt;&gt; Method = &lt;init&gt;] -- [Content = Found bean property &apos;interceptorNames&apos; of type [[Ljava.lang.String;]]
[2018-07-02 21:44:43.026] -- [TRACE] -- [main &gt;&gt;&gt;&gt; CachedIntrospectionResults.java:297 &gt;&gt;&gt;&gt; Method = &lt;init&gt;] -- [Content = Found bean property &apos;opaque&apos; of type [boolean]]
[2018-07-02 21:44:43.026] -- [TRACE] -- [main &gt;&gt;&gt;&gt; CachedIntrospectionResults.java:297 &gt;&gt;&gt;&gt; Method = &lt;init&gt;] -- [Content = Found bean property &apos;optimize&apos; of type [boolean]]
[2018-07-02 21:44:43.026] -- [TRACE] -- [main &gt;&gt;&gt;&gt; CachedIntrospectionResults.java:297 &gt;&gt;&gt;&gt; Method = &lt;init&gt;] -- [Content = Found bean property &apos;order&apos; of type [int]]
[2018-07-02 21:44:43.027] -- [TRACE] -- [main &gt;&gt;&gt;&gt; CachedIntrospectionResults.java:297 &gt;&gt;&gt;&gt; Method = &lt;init&gt;] -- [Content = Found bean property &apos;proxyClassLoader&apos; of type [java.lang.ClassLoader]]
[2018-07-02 21:44:43.027] -- [TRACE] -- [main &gt;&gt;&gt;&gt; CachedIntrospectionResults.java:297 &gt;&gt;&gt;&gt; Method = &lt;init&gt;] -- [Content = Found bean property &apos;proxyTargetClass&apos; of type [boolean]]
[2018-07-02 21:44:43.027] -- [DEBUG] -- [main &gt;&gt;&gt;&gt; AbstractAutowireCapableBeanFactory.java:484 &gt;&gt;&gt;&gt; Method = createBean] -- [Content = Finished creating instance of bean &apos;org.springframework.aop.config.internalAutoProxyCreator&apos;]
[2018-07-02 21:44:43.027] -- [DEBUG] -- [main &gt;&gt;&gt;&gt; AbstractApplicationContext.java:718 &gt;&gt;&gt;&gt; Method = initMessageSource] -- [Content = Unable to locate MessageSource with name &apos;messageSource&apos;: using default [org.springframework.context.support.DelegatingMessageSource@547c04c4]]
[2018-07-02 21:44:43.028] -- [DEBUG] -- [main &gt;&gt;&gt;&gt; AbstractApplicationContext.java:742 &gt;&gt;&gt;&gt; Method = initApplicationEventMulticaster] -- [Content = Unable to locate ApplicationEventMulticaster with name &apos;applicationEventMulticaster&apos;: using default [org.springframework.context.event.SimpleApplicationEventMulticaster@30e92cb9]]
[2018-07-02 21:44:43.028] -- [DEBUG] -- [main &gt;&gt;&gt;&gt; DefaultSingletonBeanRegistry.java:221 &gt;&gt;&gt;&gt; Method = getSingleton] -- [Content = Creating shared instance of singleton bean &apos;entityManagerFactory&apos;]
[2018-07-02 21:44:43.028] -- [DEBUG] -- [main &gt;&gt;&gt;&gt; AbstractAutowireCapableBeanFactory.java:448 &gt;&gt;&gt;&gt; Method = createBean] -- [Content = Creating instance of bean &apos;entityManagerFactory&apos;]
[2018-07-02 21:44:43.028] -- [DEBUG] -- [main &gt;&gt;&gt;&gt; DefaultSingletonBeanRegistry.java:221 &gt;&gt;&gt;&gt; Method = getSingleton] -- [Content = Creating shared instance of singleton bean &apos;org.springframework.aop.support.DefaultBeanFactoryPointcutAdvisor#0&apos;]
[2018-07-02 21:44:43.028] -- [DEBUG] -- [main &gt;&gt;&gt;&gt; AbstractAutowireCapableBeanFactory.java:448 &gt;&gt;&gt;&gt; Method = createBean] -- [Content = Creating instance of bean &apos;org.springframework.aop.support.DefaultBeanFactoryPointcutAdvisor#0&apos;]
[2018-07-02 21:44:43.028] -- [TRACE] -- [main &gt;&gt;&gt;&gt; AbstractAutoProxyCreator.java:376 &gt;&gt;&gt;&gt; Method = isInfrastructureClass] -- [Content = Did not attempt to auto-proxy infrastructure class [org.springframework.aop.support.DefaultBeanFactoryPointcutAdvisor]]
[2018-07-02 21:44:43.029] -- [DEBUG] -- [main &gt;&gt;&gt;&gt; AbstractAutowireCapableBeanFactory.java:529 &gt;&gt;&gt;&gt; Method = doCreateBean] -- [Content = Eagerly caching bean &apos;org.springframework.aop.support.DefaultBeanFactoryPointcutAdvisor#0&apos; to allow for resolving potential circular references]
[2018-07-02 21:44:43.029] -- [TRACE] -- [main &gt;&gt;&gt;&gt; CachedIntrospectionResults.java:265 &gt;&gt;&gt;&gt; Method = &lt;init&gt;] -- [Content = Getting BeanInfo for class [org.springframework.aop.support.DefaultBeanFactoryPointcutAdvisor]]
[2018-07-02 21:44:43.029] -- [TRACE] -- [main &gt;&gt;&gt;&gt; CachedIntrospectionResults.java:284 &gt;&gt;&gt;&gt; Method = &lt;init&gt;] -- [Content = Caching PropertyDescriptors for class [org.springframework.aop.support.DefaultBeanFactoryPointcutAdvisor]]
[2018-07-02 21:44:43.029] -- [TRACE] -- [main &gt;&gt;&gt;&gt; CachedIntrospectionResults.java:297 &gt;&gt;&gt;&gt; Method = &lt;init&gt;] -- [Content = Found bean property &apos;advice&apos; of type [org.aopalliance.aop.Advice]]
[2018-07-02 21:44:43.029] -- [TRACE] -- [main &gt;&gt;&gt;&gt; CachedIntrospectionResults.java:297 &gt;&gt;&gt;&gt; Method = &lt;init&gt;] -- [Content = Found bean property &apos;adviceBeanName&apos; of type [java.lang.String]]
[2018-07-02 21:44:43.030] -- [TRACE] -- [main &gt;&gt;&gt;&gt; CachedIntrospectionResults.java:297 &gt;&gt;&gt;&gt; Method = &lt;init&gt;] -- [Content = Found bean property &apos;beanFactory&apos; of type [org.springframework.beans.factory.BeanFactory]]
[2018-07-02 21:44:43.030] -- [TRACE] -- [main &gt;&gt;&gt;&gt; CachedIntrospectionResults.java:297 &gt;&gt;&gt;&gt; Method = &lt;init&gt;] -- [Content = Found bean property &apos;class&apos; of type [java.lang.Class]]
[2018-07-02 21:44:43.030] -- [TRACE] -- [main &gt;&gt;&gt;&gt; CachedIntrospectionResults.java:297 &gt;&gt;&gt;&gt; Method = &lt;init&gt;] -- [Content = Found bean property &apos;order&apos; of type [int]]
[2018-07-02 21:44:43.030] -- [TRACE] -- [main &gt;&gt;&gt;&gt; CachedIntrospectionResults.java:297 &gt;&gt;&gt;&gt; Method = &lt;init&gt;] -- [Content = Found bean property &apos;perInstance&apos; of type [boolean]]
[2018-07-02 21:44:43.030] -- [TRACE] -- [main &gt;&gt;&gt;&gt; CachedIntrospectionResults.java:297 &gt;&gt;&gt;&gt; Method = &lt;init&gt;] -- [Content = Found bean property &apos;pointcut&apos; of type [org.springframework.aop.Pointcut]]
[2018-07-02 21:44:43.030] -- [DEBUG] -- [main &gt;&gt;&gt;&gt; AbstractAutowireCapableBeanFactory.java:448 &gt;&gt;&gt;&gt; Method = createBean] -- [Content = Creating instance of bean &apos;druid-stat-pointcut&apos;]
[2018-07-02 21:44:43.031] -- [DEBUG] -- [main &gt;&gt;&gt;&gt; BeanFactoryAdvisorRetrievalHelper.java:87 &gt;&gt;&gt;&gt; Method = findAdvisorBeans] -- [Content = Skipping currently created advisor &apos;org.springframework.aop.support.DefaultBeanFactoryPointcutAdvisor#0&apos;]
[2018-07-02 21:44:43.031] -- [DEBUG] -- [main &gt;&gt;&gt;&gt; DefaultSingletonBeanRegistry.java:221 &gt;&gt;&gt;&gt; Method = getSingleton] -- [Content = Creating shared instance of singleton bean &apos;org.springframework.aop.support.DefaultBeanFactoryPointcutAdvisor#1&apos;]
[2018-07-02 21:44:43.031] -- [DEBUG] -- [main &gt;&gt;&gt;&gt; AbstractAutowireCapableBeanFactory.java:448 &gt;&gt;&gt;&gt; Method = createBean] -- [Content = Creating instance of bean &apos;org.springframework.aop.support.DefaultBeanFactoryPointcutAdvisor#1&apos;]
[2018-07-02 21:44:43.031] -- [TRACE] -- [main &gt;&gt;&gt;&gt; AbstractAutoProxyCreator.java:376 &gt;&gt;&gt;&gt; Method = isInfrastructureClass] -- [Content = Did not attempt to auto-proxy infrastructure class [org.springframework.aop.support.DefaultBeanFactoryPointcutAdvisor]]
[2018-07-02 21:44:43.031] -- [DEBUG] -- [main &gt;&gt;&gt;&gt; AbstractAutowireCapableBeanFactory.java:529 &gt;&gt;&gt;&gt; Method = doCreateBean] -- [Content = Eagerly caching bean &apos;org.springframework.aop.support.DefaultBeanFactoryPointcutAdvisor#1&apos; to allow for resolving potential circular references]
[2018-07-02 21:44:43.032] -- [DEBUG] -- [main &gt;&gt;&gt;&gt; AbstractAutowireCapableBeanFactory.java:448 &gt;&gt;&gt;&gt; Method = createBean] -- [Content = Creating instance of bean &apos;transactionPointcut&apos;]
[2018-07-02 21:44:43.032] -- [TRACE] -- [main &gt;&gt;&gt;&gt; CachedIntrospectionResults.java:265 &gt;&gt;&gt;&gt; Method = &lt;init&gt;] -- [Content = Getting BeanInfo for class [org.springframework.aop.aspectj.AspectJExpressionPointcut]]
[2018-07-02 21:44:43.032] -- [TRACE] -- [main &gt;&gt;&gt;&gt; CachedIntrospectionResults.java:284 &gt;&gt;&gt;&gt; Method = &lt;init&gt;] -- [Content = Caching PropertyDescriptors for class [org.springframework.aop.aspectj.AspectJExpressionPointcut]]
[2018-07-02 21:44:43.032] -- [TRACE] -- [main &gt;&gt;&gt;&gt; CachedIntrospectionResults.java:297 &gt;&gt;&gt;&gt; Method = &lt;init&gt;] -- [Content = Found bean property &apos;beanFactory&apos; of type [org.springframework.beans.factory.BeanFactory]]
[2018-07-02 21:44:43.033] -- [TRACE] -- [main &gt;&gt;&gt;&gt; CachedIntrospectionResults.java:297 &gt;&gt;&gt;&gt; Method = &lt;init&gt;] -- [Content = Found bean property &apos;class&apos; of type [java.lang.Class]]
[2018-07-02 21:44:43.033] -- [TRACE] -- [main &gt;&gt;&gt;&gt; CachedIntrospectionResults.java:297 &gt;&gt;&gt;&gt; Method = &lt;init&gt;] -- [Content = Found bean property &apos;classFilter&apos; of type [org.springframework.aop.ClassFilter]]
[2018-07-02 21:44:43.033] -- [TRACE] -- [main &gt;&gt;&gt;&gt; CachedIntrospectionResults.java:297 &gt;&gt;&gt;&gt; Method = &lt;init&gt;] -- [Content = Found bean property &apos;expression&apos; of type [java.lang.String]]
[2018-07-02 21:44:43.033] -- [TRACE] -- [main &gt;&gt;&gt;&gt; CachedIntrospectionResults.java:297 &gt;&gt;&gt;&gt; Method = &lt;init&gt;] -- [Content = Found bean property &apos;location&apos; of type [java.lang.String]]
[2018-07-02 21:44:43.033] -- [TRACE] -- [main &gt;&gt;&gt;&gt; CachedIntrospectionResults.java:297 &gt;&gt;&gt;&gt; Method = &lt;init&gt;] -- [Content = Found bean property &apos;methodMatcher&apos; of type [org.springframework.aop.MethodMatcher]]
[2018-07-02 21:44:43.034] -- [TRACE] -- [main &gt;&gt;&gt;&gt; CachedIntrospectionResults.java:297 &gt;&gt;&gt;&gt; Method = &lt;init&gt;] -- [Content = Found bean property &apos;parameterNames&apos; of type [[Ljava.lang.String;]]
[2018-07-02 21:44:43.034] -- [TRACE] -- [main &gt;&gt;&gt;&gt; CachedIntrospectionResults.java:297 &gt;&gt;&gt;&gt; Method = &lt;init&gt;] -- [Content = Found bean property &apos;parameterTypes&apos; of type [[Ljava.lang.Class;]]
[2018-07-02 21:44:43.034] -- [TRACE] -- [main &gt;&gt;&gt;&gt; CachedIntrospectionResults.java:297 &gt;&gt;&gt;&gt; Method = &lt;init&gt;] -- [Content = Found bean property &apos;pointcutDeclarationScope&apos; of type [java.lang.Class]]
[2018-07-02 21:44:43.034] -- [TRACE] -- [main &gt;&gt;&gt;&gt; CachedIntrospectionResults.java:297 &gt;&gt;&gt;&gt; Method = &lt;init&gt;] -- [Content = Found bean property &apos;pointcutExpression&apos; of type [org.aspectj.weaver.tools.PointcutExpression]]
[2018-07-02 21:44:43.034] -- [TRACE] -- [main &gt;&gt;&gt;&gt; CachedIntrospectionResults.java:297 &gt;&gt;&gt;&gt; Method = &lt;init&gt;] -- [Content = Found bean property &apos;runtime&apos; of type [boolean]]
[2018-07-02 21:44:43.035] -- [DEBUG] -- [main &gt;&gt;&gt;&gt; AbstractAutowireCapableBeanFactory.java:484 &gt;&gt;&gt;&gt; Method = createBean] -- [Content = Finished creating instance of bean &apos;transactionPointcut&apos;]
[2018-07-02 21:44:43.035] -- [DEBUG] -- [main &gt;&gt;&gt;&gt; AbstractAutowireCapableBeanFactory.java:484 &gt;&gt;&gt;&gt; Method = createBean] -- [Content = Finished creating instance of bean &apos;org.springframework.aop.support.DefaultBeanFactoryPointcutAdvisor#1&apos;]
[2018-07-02 21:44:43.035] -- [TRACE] -- [main &gt;&gt;&gt;&gt; CachedIntrospectionResults.java:265 &gt;&gt;&gt;&gt; Method = &lt;init&gt;] -- [Content = Getting BeanInfo for class [org.springframework.aop.support.JdkRegexpMethodPointcut]]
[2018-07-02 21:44:43.036] -- [TRACE] -- [main &gt;&gt;&gt;&gt; CachedIntrospectionResults.java:284 &gt;&gt;&gt;&gt; Method = &lt;init&gt;] -- [Content = Caching PropertyDescriptors for class [org.springframework.aop.support.JdkRegexpMethodPointcut]]
[2018-07-02 21:44:43.036] -- [TRACE] -- [main &gt;&gt;&gt;&gt; CachedIntrospectionResults.java:297 &gt;&gt;&gt;&gt; Method = &lt;init&gt;] -- [Content = Found bean property &apos;class&apos; of type [java.lang.Class]]
[2018-07-02 21:44:43.036] -- [TRACE] -- [main &gt;&gt;&gt;&gt; CachedIntrospectionResults.java:297 &gt;&gt;&gt;&gt; Method = &lt;init&gt;] -- [Content = Found bean property &apos;classFilter&apos; of type [org.springframework.aop.ClassFilter]]
[2018-07-02 21:44:43.036] -- [TRACE] -- [main &gt;&gt;&gt;&gt; CachedIntrospectionResults.java:297 &gt;&gt;&gt;&gt; Method = &lt;init&gt;] -- [Content = Found bean property &apos;excludedPattern&apos; of type [java.lang.String]]
[2018-07-02 21:44:43.036] -- [TRACE] -- [main &gt;&gt;&gt;&gt; CachedIntrospectionResults.java:297 &gt;&gt;&gt;&gt; Method = &lt;init&gt;] -- [Content = Found bean property &apos;excludedPatterns&apos; of type [[Ljava.lang.String;]]
[2018-07-02 21:44:43.036] -- [TRACE] -- [main &gt;&gt;&gt;&gt; CachedIntrospectionResults.java:297 &gt;&gt;&gt;&gt; Method = &lt;init&gt;] -- [Content = Found bean property &apos;methodMatcher&apos; of type [org.springframework.aop.MethodMatcher]]
[2018-07-02 21:44:43.036] -- [TRACE] -- [main &gt;&gt;&gt;&gt; CachedIntrospectionResults.java:297 &gt;&gt;&gt;&gt; Method = &lt;init&gt;] -- [Content = Found bean property &apos;pattern&apos; of type [java.lang.String]]
[2018-07-02 21:44:43.037] -- [TRACE] -- [main &gt;&gt;&gt;&gt; CachedIntrospectionResults.java:297 &gt;&gt;&gt;&gt; Method = &lt;init&gt;] -- [Content = Found bean property &apos;patterns&apos; of type [[Ljava.lang.String;]]
[2018-07-02 21:44:43.037] -- [TRACE] -- [main &gt;&gt;&gt;&gt; CachedIntrospectionResults.java:297 &gt;&gt;&gt;&gt; Method = &lt;init&gt;] -- [Content = Found bean property &apos;runtime&apos; of type [boolean]]
[2018-07-02 21:44:43.037] -- [DEBUG] -- [main &gt;&gt;&gt;&gt; BeanFactoryAdvisorRetrievalHelper.java:87 &gt;&gt;&gt;&gt; Method = findAdvisorBeans] -- [Content = Skipping currently created advisor &apos;org.springframework.aop.support.DefaultBeanFactoryPointcutAdvisor#0&apos;]
[2018-07-02 21:44:43.038] -- [DEBUG] -- [main &gt;&gt;&gt;&gt; AbstractBeanFactory.java:251 &gt;&gt;&gt;&gt; Method = doGetBean] -- [Content = Returning cached instance of singleton bean &apos;org.springframework.aop.support.DefaultBeanFactoryPointcutAdvisor#1&apos;]
[2018-07-02 21:44:43.038] -- [DEBUG] -- [main &gt;&gt;&gt;&gt; BeanFactoryAdvisorRetrievalHelper.java:87 &gt;&gt;&gt;&gt; Method = findAdvisorBeans] -- [Content = Skipping currently created advisor &apos;org.springframework.aop.support.DefaultBeanFactoryPointcutAdvisor#0&apos;]
[2018-07-02 21:44:43.038] -- [DEBUG] -- [main &gt;&gt;&gt;&gt; AbstractBeanFactory.java:251 &gt;&gt;&gt;&gt; Method = doGetBean] -- [Content = Returning cached instance of singleton bean &apos;org.springframework.aop.support.DefaultBeanFactoryPointcutAdvisor#1&apos;]
[2018-07-02 21:44:43.042] -- [DEBUG] -- [main &gt;&gt;&gt;&gt; AbstractAutowireCapableBeanFactory.java:484 &gt;&gt;&gt;&gt; Method = createBean] -- [Content = Finished creating instance of bean &apos;druid-stat-pointcut&apos;]
[2018-07-02 21:44:43.042] -- [DEBUG] -- [main &gt;&gt;&gt;&gt; AbstractAutowireCapableBeanFactory.java:484 &gt;&gt;&gt;&gt; Method = createBean] -- [Content = Finished creating instance of bean &apos;org.springframework.aop.support.DefaultBeanFactoryPointcutAdvisor#0&apos;]
[2018-07-02 21:44:43.043] -- [DEBUG] -- [main &gt;&gt;&gt;&gt; AbstractBeanFactory.java:251 &gt;&gt;&gt;&gt; Method = doGetBean] -- [Content = Returning cached instance of singleton bean &apos;org.springframework.aop.support.DefaultBeanFactoryPointcutAdvisor#1&apos;]
[2018-07-02 21:44:43.043] -- [DEBUG] -- [main &gt;&gt;&gt;&gt; AbstractAutowireCapableBeanFactory.java:529 &gt;&gt;&gt;&gt; Method = doCreateBean] -- [Content = Eagerly caching bean &apos;entityManagerFactory&apos; to allow for resolving potential circular references]
[2018-07-02 21:44:43.043] -- [TRACE] -- [main &gt;&gt;&gt;&gt; CachedIntrospectionResults.java:265 &gt;&gt;&gt;&gt; Method = &lt;init&gt;] -- [Content = Getting BeanInfo for class [org.springframework.orm.jpa.LocalContainerEntityManagerFactoryBean]]
[2018-07-02 21:44:43.043] -- [TRACE] -- [main &gt;&gt;&gt;&gt; CachedIntrospectionResults.java:284 &gt;&gt;&gt;&gt; Method = &lt;init&gt;] -- [Content = Caching PropertyDescriptors for class [org.springframework.orm.jpa.LocalContainerEntityManagerFactoryBean]]
[2018-07-02 21:44:43.044] -- [TRACE] -- [main &gt;&gt;&gt;&gt; CachedIntrospectionResults.java:297 &gt;&gt;&gt;&gt; Method = &lt;init&gt;] -- [Content = Found bean property &apos;beanClassLoader&apos; of type [java.lang.ClassLoader]]
[2018-07-02 21:44:43.044] -- [TRACE] -- [main &gt;&gt;&gt;&gt; CachedIntrospectionResults.java:297 &gt;&gt;&gt;&gt; Method = &lt;init&gt;] -- [Content = Found bean property &apos;beanFactory&apos; of type [org.springframework.beans.factory.BeanFactory]]
[2018-07-02 21:44:43.044] -- [TRACE] -- [main &gt;&gt;&gt;&gt; CachedIntrospectionResults.java:297 &gt;&gt;&gt;&gt; Method = &lt;init&gt;] -- [Content = Found bean property &apos;beanName&apos; of type [java.lang.String]]
[2018-07-02 21:44:43.044] -- [TRACE] -- [main &gt;&gt;&gt;&gt; CachedIntrospectionResults.java:297 &gt;&gt;&gt;&gt; Method = &lt;init&gt;] -- [Content = Found bean property &apos;class&apos; of type [java.lang.Class]]
[2018-07-02 21:44:43.046] -- [TRACE] -- [main &gt;&gt;&gt;&gt; CachedIntrospectionResults.java:297 &gt;&gt;&gt;&gt; Method = &lt;init&gt;] -- [Content = Found bean property &apos;dataSource&apos; of type [javax.sql.DataSource]]
[2018-07-02 21:44:43.046] -- [TRACE] -- [main &gt;&gt;&gt;&gt; CachedIntrospectionResults.java:297 &gt;&gt;&gt;&gt; Method = &lt;init&gt;] -- [Content = Found bean property &apos;entityManagerFactoryInterface&apos; of type [java.lang.Class]]
[2018-07-02 21:44:43.046] -- [TRACE] -- [main &gt;&gt;&gt;&gt; CachedIntrospectionResults.java:297 &gt;&gt;&gt;&gt; Method = &lt;init&gt;] -- [Content = Found bean property &apos;entityManagerInterface&apos; of type [java.lang.Class]]
[2018-07-02 21:44:43.046] -- [TRACE] -- [main &gt;&gt;&gt;&gt; CachedIntrospectionResults.java:297 &gt;&gt;&gt;&gt; Method = &lt;init&gt;] -- [Content = Found bean property &apos;jpaDialect&apos; of type [org.springframework.orm.jpa.JpaDialect]]
[2018-07-02 21:44:43.046] -- [TRACE] -- [main &gt;&gt;&gt;&gt; CachedIntrospectionResults.java:297 &gt;&gt;&gt;&gt; Method = &lt;init&gt;] -- [Content = Found bean property &apos;jpaProperties&apos; of type [java.util.Properties]]
[2018-07-02 21:44:43.046] -- [TRACE] -- [main &gt;&gt;&gt;&gt; CachedIntrospectionResults.java:297 &gt;&gt;&gt;&gt; Method = &lt;init&gt;] -- [Content = Found bean property &apos;jpaPropertyMap&apos; of type [java.util.Map]]
[2018-07-02 21:44:43.047] -- [TRACE] -- [main &gt;&gt;&gt;&gt; CachedIntrospectionResults.java:297 &gt;&gt;&gt;&gt; Method = &lt;init&gt;] -- [Content = Found bean property &apos;jpaVendorAdapter&apos; of type [org.springframework.orm.jpa.JpaVendorAdapter]]
[2018-07-02 21:44:43.047] -- [TRACE] -- [main &gt;&gt;&gt;&gt; CachedIntrospectionResults.java:297 &gt;&gt;&gt;&gt; Method = &lt;init&gt;] -- [Content = Found bean property &apos;jtaDataSource&apos; of type [javax.sql.DataSource]]
[2018-07-02 21:44:43.047] -- [TRACE] -- [main &gt;&gt;&gt;&gt; CachedIntrospectionResults.java:297 &gt;&gt;&gt;&gt; Method = &lt;init&gt;] -- [Content = Found bean property &apos;loadTimeWeaver&apos; of type [org.springframework.instrument.classloading.LoadTimeWeaver]]
[2018-07-02 21:44:43.047] -- [TRACE] -- [main &gt;&gt;&gt;&gt; CachedIntrospectionResults.java:297 &gt;&gt;&gt;&gt; Method = &lt;init&gt;] -- [Content = Found bean property &apos;mappingResources&apos; of type [[Ljava.lang.String;]]
[2018-07-02 21:44:43.047] -- [TRACE] -- [main &gt;&gt;&gt;&gt; CachedIntrospectionResults.java:297 &gt;&gt;&gt;&gt; Method = &lt;init&gt;] -- [Content = Found bean property &apos;nativeEntityManagerFactory&apos; of type [javax.persistence.EntityManagerFactory]]
[2018-07-02 21:44:43.047] -- [TRACE] -- [main &gt;&gt;&gt;&gt; CachedIntrospectionResults.java:297 &gt;&gt;&gt;&gt; Method = &lt;init&gt;] -- [Content = Found bean property &apos;object&apos; of type [javax.persistence.EntityManagerFactory]]
[2018-07-02 21:44:43.047] -- [TRACE] -- [main &gt;&gt;&gt;&gt; CachedIntrospectionResults.java:297 &gt;&gt;&gt;&gt; Method = &lt;init&gt;] -- [Content = Found bean property &apos;objectType&apos; of type [java.lang.Class]]
[2018-07-02 21:44:43.048] -- [TRACE] -- [main &gt;&gt;&gt;&gt; CachedIntrospectionResults.java:297 &gt;&gt;&gt;&gt; Method = &lt;init&gt;] -- [Content = Found bean property &apos;packagesToScan&apos; of type [[Ljava.lang.String;]]
[2018-07-02 21:44:43.048] -- [TRACE] -- [main &gt;&gt;&gt;&gt; CachedIntrospectionResults.java:297 &gt;&gt;&gt;&gt; Method = &lt;init&gt;] -- [Content = Found bean property &apos;persistenceProvider&apos; of type [javax.persistence.spi.PersistenceProvider]]
[2018-07-02 21:44:43.048] -- [TRACE] -- [main &gt;&gt;&gt;&gt; CachedIntrospectionResults.java:297 &gt;&gt;&gt;&gt; Method = &lt;init&gt;] -- [Content = Found bean property &apos;persistenceProviderClass&apos; of type [java.lang.Class]]
[2018-07-02 21:44:43.048] -- [TRACE] -- [main &gt;&gt;&gt;&gt; CachedIntrospectionResults.java:297 &gt;&gt;&gt;&gt; Method = &lt;init&gt;] -- [Content = Found bean property &apos;persistenceUnitInfo&apos; of type [javax.persistence.spi.PersistenceUnitInfo]]
[2018-07-02 21:44:43.048] -- [TRACE] -- [main &gt;&gt;&gt;&gt; CachedIntrospectionResults.java:297 &gt;&gt;&gt;&gt; Method = &lt;init&gt;] -- [Content = Found bean property &apos;persistenceUnitManager&apos; of type [org.springframework.orm.jpa.persistenceunit.PersistenceUnitManager]]
[2018-07-02 21:44:43.048] -- [TRACE] -- [main &gt;&gt;&gt;&gt; CachedIntrospectionResults.java:297 &gt;&gt;&gt;&gt; Method = &lt;init&gt;] -- [Content = Found bean property &apos;persistenceUnitName&apos; of type [java.lang.String]]
[2018-07-02 21:44:43.049] -- [TRACE] -- [main &gt;&gt;&gt;&gt; CachedIntrospectionResults.java:297 &gt;&gt;&gt;&gt; Method = &lt;init&gt;] -- [Content = Found bean property &apos;persistenceUnitPostProcessors&apos; of type [[Lorg.springframework.orm.jpa.persistenceunit.PersistenceUnitPostProcessor;]]
[2018-07-02 21:44:43.049] -- [TRACE] -- [main &gt;&gt;&gt;&gt; CachedIntrospectionResults.java:297 &gt;&gt;&gt;&gt; Method = &lt;init&gt;] -- [Content = Found bean property &apos;persistenceXmlLocation&apos; of type [java.lang.String]]
[2018-07-02 21:44:43.049] -- [TRACE] -- [main &gt;&gt;&gt;&gt; CachedIntrospectionResults.java:297 &gt;&gt;&gt;&gt; Method = &lt;init&gt;] -- [Content = Found bean property &apos;resourceLoader&apos; of type [org.springframework.core.io.ResourceLoader]]
[2018-07-02 21:44:43.049] -- [TRACE] -- [main &gt;&gt;&gt;&gt; CachedIntrospectionResults.java:297 &gt;&gt;&gt;&gt; Method = &lt;init&gt;] -- [Content = Found bean property &apos;sharedCacheMode&apos; of type [javax.persistence.SharedCacheMode]]
[2018-07-02 21:44:43.049] -- [TRACE] -- [main &gt;&gt;&gt;&gt; CachedIntrospectionResults.java:297 &gt;&gt;&gt;&gt; Method = &lt;init&gt;] -- [Content = Found bean property &apos;singleton&apos; of type [boolean]]
[2018-07-02 21:44:43.049] -- [TRACE] -- [main &gt;&gt;&gt;&gt; CachedIntrospectionResults.java:297 &gt;&gt;&gt;&gt; Method = &lt;init&gt;] -- [Content = Found bean property &apos;validationMode&apos; of type [javax.persistence.ValidationMode]]
[2018-07-02 21:44:43.050] -- [DEBUG] -- [main &gt;&gt;&gt;&gt; DefaultSingletonBeanRegistry.java:221 &gt;&gt;&gt;&gt; Method = getSingleton] -- [Content = Creating shared instance of singleton bean &apos;dataSource&apos;]
[2018-07-02 21:44:43.050] -- [DEBUG] -- [main &gt;&gt;&gt;&gt; AbstractAutowireCapableBeanFactory.java:448 &gt;&gt;&gt;&gt; Method = createBean] -- [Content = Creating instance of bean &apos;dataSource&apos;]
[2018-07-02 21:44:43.051] -- [DEBUG] -- [main &gt;&gt;&gt;&gt; AbstractBeanFactory.java:251 &gt;&gt;&gt;&gt; Method = doGetBean] -- [Content = Returning cached instance of singleton bean &apos;org.springframework.aop.support.DefaultBeanFactoryPointcutAdvisor#0&apos;]
[2018-07-02 21:44:43.051] -- [DEBUG] -- [main &gt;&gt;&gt;&gt; AbstractBeanFactory.java:251 &gt;&gt;&gt;&gt; Method = doGetBean] -- [Content = Returning cached instance of singleton bean &apos;org.springframework.aop.support.DefaultBeanFactoryPointcutAdvisor#1&apos;]
[2018-07-02 21:44:43.052] -- [DEBUG] -- [main &gt;&gt;&gt;&gt; AbstractAutowireCapableBeanFactory.java:529 &gt;&gt;&gt;&gt; Method = doCreateBean] -- [Content = Eagerly caching bean &apos;dataSource&apos; to allow for resolving potential circular references]
[2018-07-02 21:44:43.052] -- [TRACE] -- [main &gt;&gt;&gt;&gt; CachedIntrospectionResults.java:265 &gt;&gt;&gt;&gt; Method = &lt;init&gt;] -- [Content = Getting BeanInfo for class [com.alibaba.druid.pool.DruidDataSource]]
[2018-07-02 21:44:43.053] -- [TRACE] -- [main &gt;&gt;&gt;&gt; CachedIntrospectionResults.java:284 &gt;&gt;&gt;&gt; Method = &lt;init&gt;] -- [Content = Caching PropertyDescriptors for class [com.alibaba.druid.pool.DruidDataSource]]
[2018-07-02 21:44:43.053] -- [TRACE] -- [main &gt;&gt;&gt;&gt; CachedIntrospectionResults.java:297 &gt;&gt;&gt;&gt; Method = &lt;init&gt;] -- [Content = Found bean property &apos;ID&apos; of type [long]]
[2018-07-02 21:44:43.053] -- [TRACE] -- [main &gt;&gt;&gt;&gt; CachedIntrospectionResults.java:297 &gt;&gt;&gt;&gt; Method = &lt;init&gt;] -- [Content = Found bean property &apos;accessToUnderlyingConnectionAllowed&apos; of type [boolean]]
[2018-07-02 21:44:43.053] -- [TRACE] -- [main &gt;&gt;&gt;&gt; CachedIntrospectionResults.java:297 &gt;&gt;&gt;&gt; Method = &lt;init&gt;] -- [Content = Found bean property &apos;activeConnectionStackTrace&apos; of type [java.util.List]]
[2018-07-02 21:44:43.053] -- [TRACE] -- [main &gt;&gt;&gt;&gt; CachedIntrospectionResults.java:297 &gt;&gt;&gt;&gt; Method = &lt;init&gt;] -- [Content = Found bean property &apos;activeConnections&apos; of type [java.util.Set]]
[2018-07-02 21:44:43.053] -- [TRACE] -- [main &gt;&gt;&gt;&gt; CachedIntrospectionResults.java:297 &gt;&gt;&gt;&gt; Method = &lt;init&gt;] -- [Content = Found bean property &apos;activeCount&apos; of type [int]]
[2018-07-02 21:44:43.054] -- [TRACE] -- [main &gt;&gt;&gt;&gt; CachedIntrospectionResults.java:297 &gt;&gt;&gt;&gt; Method = &lt;init&gt;] -- [Content = Found bean property &apos;activePeak&apos; of type [int]]
[2018-07-02 21:44:43.054] -- [TRACE] -- [main &gt;&gt;&gt;&gt; CachedIntrospectionResults.java:297 &gt;&gt;&gt;&gt; Method = &lt;init&gt;] -- [Content = Found bean property &apos;activePeakTime&apos; of type [java.util.Date]]
[2018-07-02 21:44:43.054] -- [TRACE] -- [main &gt;&gt;&gt;&gt; CachedIntrospectionResults.java:297 &gt;&gt;&gt;&gt; Method = &lt;init&gt;] -- [Content = Found bean property &apos;breakAfterAcquireFailure&apos; of type [boolean]]
[2018-07-02 21:44:43.054] -- [TRACE] -- [main &gt;&gt;&gt;&gt; CachedIntrospectionResults.java:297 &gt;&gt;&gt;&gt; Method = &lt;init&gt;] -- [Content = Found bean property &apos;cachedPreparedStatementAccessCount&apos; of type [long]]
[2018-07-02 21:44:43.054] -- [TRACE] -- [main &gt;&gt;&gt;&gt; CachedIntrospectionResults.java:297 &gt;&gt;&gt;&gt; Method = &lt;init&gt;] -- [Content = Found bean property &apos;cachedPreparedStatementCount&apos; of type [long]]
[2018-07-02 21:44:43.055] -- [TRACE] -- [main &gt;&gt;&gt;&gt; CachedIntrospectionResults.java:297 &gt;&gt;&gt;&gt; Method = &lt;init&gt;] -- [Content = Found bean property &apos;cachedPreparedStatementDeleteCount&apos; of type [long]]
[2018-07-02 21:44:43.055] -- [TRACE] -- [main &gt;&gt;&gt;&gt; CachedIntrospectionResults.java:297 &gt;&gt;&gt;&gt; Method = &lt;init&gt;] -- [Content = Found bean property &apos;cachedPreparedStatementHitCount&apos; of type [long]]
[2018-07-02 21:44:43.055] -- [TRACE] -- [main &gt;&gt;&gt;&gt; CachedIntrospectionResults.java:297 &gt;&gt;&gt;&gt; Method = &lt;init&gt;] -- [Content = Found bean property &apos;cachedPreparedStatementMissCount&apos; of type [long]]
[2018-07-02 21:44:43.055] -- [TRACE] -- [main &gt;&gt;&gt;&gt; CachedIntrospectionResults.java:297 &gt;&gt;&gt;&gt; Method = &lt;init&gt;] -- [Content = Found bean property &apos;class&apos; of type [java.lang.Class]]
[2018-07-02 21:44:43.055] -- [TRACE] -- [main &gt;&gt;&gt;&gt; CachedIntrospectionResults.java:297 &gt;&gt;&gt;&gt; Method = &lt;init&gt;] -- [Content = Found bean property &apos;clearFiltersEnable&apos; of type [boolean]]
[2018-07-02 21:44:43.056] -- [TRACE] -- [main &gt;&gt;&gt;&gt; CachedIntrospectionResults.java:297 &gt;&gt;&gt;&gt; Method = &lt;init&gt;] -- [Content = Found bean property &apos;closeCount&apos; of type [long]]
[2018-07-02 21:44:43.056] -- [TRACE] -- [main &gt;&gt;&gt;&gt; CachedIntrospectionResults.java:297 &gt;&gt;&gt;&gt; Method = &lt;init&gt;] -- [Content = Found bean property &apos;closedPreparedStatementCount&apos; of type [long]]
[2018-07-02 21:44:43.056] -- [TRACE] -- [main &gt;&gt;&gt;&gt; CachedIntrospectionResults.java:297 &gt;&gt;&gt;&gt; Method = &lt;init&gt;] -- [Content = Found bean property &apos;commitCount&apos; of type [long]]
[2018-07-02 21:44:43.056] -- [TRACE] -- [main &gt;&gt;&gt;&gt; CachedIntrospectionResults.java:297 &gt;&gt;&gt;&gt; Method = &lt;init&gt;] -- [Content = Found bean property &apos;compositeData&apos; of type [javax.management.openmbean.CompositeDataSupport]]
[2018-07-02 21:44:43.056] -- [TRACE] -- [main &gt;&gt;&gt;&gt; CachedIntrospectionResults.java:297 &gt;&gt;&gt;&gt; Method = &lt;init&gt;] -- [Content = Found bean property &apos;connectCount&apos; of type [long]]
[2018-07-02 21:44:43.057] -- [TRACE] -- [main &gt;&gt;&gt;&gt; CachedIntrospectionResults.java:297 &gt;&gt;&gt;&gt; Method = &lt;init&gt;] -- [Content = Found bean property &apos;connectErrorCount&apos; of type [long]]
[2018-07-02 21:44:43.057] -- [TRACE] -- [main &gt;&gt;&gt;&gt; CachedIntrospectionResults.java:297 &gt;&gt;&gt;&gt; Method = &lt;init&gt;] -- [Content = Found bean property &apos;connectProperties&apos; of type [java.util.Properties]]
[2018-07-02 21:44:43.057] -- [TRACE] -- [main &gt;&gt;&gt;&gt; CachedIntrospectionResults.java:297 &gt;&gt;&gt;&gt; Method = &lt;init&gt;] -- [Content = Found bean property &apos;connection&apos; of type [com.alibaba.druid.pool.DruidPooledConnection]]
[2018-07-02 21:44:43.057] -- [TRACE] -- [main &gt;&gt;&gt;&gt; CachedIntrospectionResults.java:297 &gt;&gt;&gt;&gt; Method = &lt;init&gt;] -- [Content = Found bean property &apos;connectionErrorRetryAttempts&apos; of type [int]]
[2018-07-02 21:44:43.057] -- [TRACE] -- [main &gt;&gt;&gt;&gt; CachedIntrospectionResults.java:297 &gt;&gt;&gt;&gt; Method = &lt;init&gt;] -- [Content = Found bean property &apos;connectionInitSqls&apos; of type [java.util.Collection]]
[2018-07-02 21:44:43.058] -- [TRACE] -- [main &gt;&gt;&gt;&gt; CachedIntrospectionResults.java:297 &gt;&gt;&gt;&gt; Method = &lt;init&gt;] -- [Content = Found bean property &apos;connectionProperties&apos; of type [java.lang.String]]
[2018-07-02 21:44:43.058] -- [TRACE] -- [main &gt;&gt;&gt;&gt; CachedIntrospectionResults.java:297 &gt;&gt;&gt;&gt; Method = &lt;init&gt;] -- [Content = Found bean property &apos;createCount&apos; of type [long]]
[2018-07-02 21:44:43.058] -- [TRACE] -- [main &gt;&gt;&gt;&gt; CachedIntrospectionResults.java:297 &gt;&gt;&gt;&gt; Method = &lt;init&gt;] -- [Content = Found bean property &apos;createErrorCount&apos; of type [long]]
[2018-07-02 21:44:43.058] -- [TRACE] -- [main &gt;&gt;&gt;&gt; CachedIntrospectionResults.java:297 &gt;&gt;&gt;&gt; Method = &lt;init&gt;] -- [Content = Found bean property &apos;createTimespanMillis&apos; of type [long]]
[2018-07-02 21:44:43.059] -- [TRACE] -- [main &gt;&gt;&gt;&gt; CachedIntrospectionResults.java:297 &gt;&gt;&gt;&gt; Method = &lt;init&gt;] -- [Content = Found bean property &apos;createTimespanNano&apos; of type [long]]
[2018-07-02 21:44:43.059] -- [TRACE] -- [main &gt;&gt;&gt;&gt; CachedIntrospectionResults.java:297 &gt;&gt;&gt;&gt; Method = &lt;init&gt;] -- [Content = Found bean property &apos;createdTime&apos; of type [java.util.Date]]
[2018-07-02 21:44:43.059] -- [TRACE] -- [main &gt;&gt;&gt;&gt; CachedIntrospectionResults.java:297 &gt;&gt;&gt;&gt; Method = &lt;init&gt;] -- [Content = Found bean property &apos;dataSourceStat&apos; of type [com.alibaba.druid.stat.JdbcDataSourceStat]]
[2018-07-02 21:44:43.059] -- [TRACE] -- [main &gt;&gt;&gt;&gt; CachedIntrospectionResults.java:297 &gt;&gt;&gt;&gt; Method = &lt;init&gt;] -- [Content = Found bean property &apos;dbType&apos; of type [java.lang.String]]
[2018-07-02 21:44:43.059] -- [TRACE] -- [main &gt;&gt;&gt;&gt; CachedIntrospectionResults.java:297 &gt;&gt;&gt;&gt; Method = &lt;init&gt;] -- [Content = Found bean property &apos;defaultAutoCommit&apos; of type [boolean]]
[2018-07-02 21:44:43.060] -- [TRACE] -- [main &gt;&gt;&gt;&gt; CachedIntrospectionResults.java:297 &gt;&gt;&gt;&gt; Method = &lt;init&gt;] -- [Content = Found bean property &apos;defaultCatalog&apos; of type [java.lang.String]]
[2018-07-02 21:44:43.060] -- [TRACE] -- [main &gt;&gt;&gt;&gt; CachedIntrospectionResults.java:297 &gt;&gt;&gt;&gt; Method = &lt;init&gt;] -- [Content = Found bean property &apos;defaultReadOnly&apos; of type [java.lang.Boolean]]
[2018-07-02 21:44:43.060] -- [TRACE] -- [main &gt;&gt;&gt;&gt; CachedIntrospectionResults.java:297 &gt;&gt;&gt;&gt; Method = &lt;init&gt;] -- [Content = Found bean property &apos;defaultTransactionIsolation&apos; of type [java.lang.Integer]]
[2018-07-02 21:44:43.060] -- [TRACE] -- [main &gt;&gt;&gt;&gt; CachedIntrospectionResults.java:297 &gt;&gt;&gt;&gt; Method = &lt;init&gt;] -- [Content = Found bean property &apos;destroyCount&apos; of type [long]]
[2018-07-02 21:44:43.060] -- [TRACE] -- [main &gt;&gt;&gt;&gt; CachedIntrospectionResults.java:297 &gt;&gt;&gt;&gt; Method = &lt;init&gt;] -- [Content = Found bean property &apos;discardCount&apos; of type [long]]
[2018-07-02 21:44:43.061] -- [TRACE] -- [main &gt;&gt;&gt;&gt; CachedIntrospectionResults.java:297 &gt;&gt;&gt;&gt; Method = &lt;init&gt;] -- [Content = Found bean property &apos;driver&apos; of type [java.sql.Driver]]
[2018-07-02 21:44:43.061] -- [TRACE] -- [main &gt;&gt;&gt;&gt; CachedIntrospectionResults.java:297 &gt;&gt;&gt;&gt; Method = &lt;init&gt;] -- [Content = Found bean property &apos;driverClassLoader&apos; of type [java.lang.ClassLoader]]
[2018-07-02 21:44:43.061] -- [TRACE] -- [main &gt;&gt;&gt;&gt; CachedIntrospectionResults.java:297 &gt;&gt;&gt;&gt; Method = &lt;init&gt;] -- [Content = Found bean property &apos;driverClassName&apos; of type [java.lang.String]]
[2018-07-02 21:44:43.061] -- [TRACE] -- [main &gt;&gt;&gt;&gt; CachedIntrospectionResults.java:297 &gt;&gt;&gt;&gt; Method = &lt;init&gt;] -- [Content = Found bean property &apos;driverMajorVersion&apos; of type [int]]
[2018-07-02 21:44:43.061] -- [TRACE] -- [main &gt;&gt;&gt;&gt; CachedIntrospectionResults.java:297 &gt;&gt;&gt;&gt; Method = &lt;init&gt;] -- [Content = Found bean property &apos;driverMinorVersion&apos; of type [int]]
[2018-07-02 21:44:43.062] -- [TRACE] -- [main &gt;&gt;&gt;&gt; CachedIntrospectionResults.java:297 &gt;&gt;&gt;&gt; Method = &lt;init&gt;] -- [Content = Found bean property &apos;dupCloseCount&apos; of type [long]]
[2018-07-02 21:44:43.062] -- [TRACE] -- [main &gt;&gt;&gt;&gt; CachedIntrospectionResults.java:297 &gt;&gt;&gt;&gt; Method = &lt;init&gt;] -- [Content = Found bean property &apos;dupCloseLogEnable&apos; of type [boolean]]
[2018-07-02 21:44:43.062] -- [TRACE] -- [main &gt;&gt;&gt;&gt; CachedIntrospectionResults.java:297 &gt;&gt;&gt;&gt; Method = &lt;init&gt;] -- [Content = Found bean property &apos;enable&apos; of type [boolean]]
[2018-07-02 21:44:43.062] -- [TRACE] -- [main &gt;&gt;&gt;&gt; CachedIntrospectionResults.java:297 &gt;&gt;&gt;&gt; Method = &lt;init&gt;] -- [Content = Found bean property &apos;errorCount&apos; of type [long]]
[2018-07-02 21:44:43.063] -- [TRACE] -- [main &gt;&gt;&gt;&gt; CachedIntrospectionResults.java:297 &gt;&gt;&gt;&gt; Method = &lt;init&gt;] -- [Content = Found bean property &apos;exceptionSorter&apos; of type [com.alibaba.druid.pool.ExceptionSorter]]
[2018-07-02 21:44:43.063] -- [TRACE] -- [main &gt;&gt;&gt;&gt; CachedIntrospectionResults.java:297 &gt;&gt;&gt;&gt; Method = &lt;init&gt;] -- [Content = Found bean property &apos;exceptionSorterClassName&apos; of type [java.lang.String]]
[2018-07-02 21:44:43.063] -- [TRACE] -- [main &gt;&gt;&gt;&gt; CachedIntrospectionResults.java:297 &gt;&gt;&gt;&gt; Method = &lt;init&gt;] -- [Content = Found bean property &apos;executeCount&apos; of type [long]]
[2018-07-02 21:44:43.063] -- [TRACE] -- [main &gt;&gt;&gt;&gt; CachedIntrospectionResults.java:297 &gt;&gt;&gt;&gt; Method = &lt;init&gt;] -- [Content = Found bean property &apos;filterClassNames&apos; of type [java.util.List]]
[2018-07-02 21:44:43.063] -- [TRACE] -- [main &gt;&gt;&gt;&gt; CachedIntrospectionResults.java:297 &gt;&gt;&gt;&gt; Method = &lt;init&gt;] -- [Content = Found bean property &apos;filterClasses&apos; of type [[Ljava.lang.String;]]
[2018-07-02 21:44:43.064] -- [TRACE] -- [main &gt;&gt;&gt;&gt; CachedIntrospectionResults.java:297 &gt;&gt;&gt;&gt; Method = &lt;init&gt;] -- [Content = Found bean property &apos;filters&apos; of type [java.lang.String]]
[2018-07-02 21:44:43.064] -- [TRACE] -- [main &gt;&gt;&gt;&gt; CachedIntrospectionResults.java:297 &gt;&gt;&gt;&gt; Method = &lt;init&gt;] -- [Content = Found bean property &apos;initStackTrace&apos; of type [java.lang.String]]
[2018-07-02 21:44:43.064] -- [TRACE] -- [main &gt;&gt;&gt;&gt; CachedIntrospectionResults.java:297 &gt;&gt;&gt;&gt; Method = &lt;init&gt;] -- [Content = Found bean property &apos;inited&apos; of type [boolean]]
[2018-07-02 21:44:43.064] -- [TRACE] -- [main &gt;&gt;&gt;&gt; CachedIntrospectionResults.java:297 &gt;&gt;&gt;&gt; Method = &lt;init&gt;] -- [Content = Found bean property &apos;initialSize&apos; of type [int]]
[2018-07-02 21:44:43.065] -- [TRACE] -- [main &gt;&gt;&gt;&gt; CachedIntrospectionResults.java:297 &gt;&gt;&gt;&gt; Method = &lt;init&gt;] -- [Content = Found bean property &apos;lastCreateError&apos; of type [java.lang.Throwable]]
[2018-07-02 21:44:43.065] -- [TRACE] -- [main &gt;&gt;&gt;&gt; CachedIntrospectionResults.java:297 &gt;&gt;&gt;&gt; Method = &lt;init&gt;] -- [Content = Found bean property &apos;lastCreateErrorTime&apos; of type [java.util.Date]]
[2018-07-02 21:44:43.065] -- [TRACE] -- [main &gt;&gt;&gt;&gt; CachedIntrospectionResults.java:297 &gt;&gt;&gt;&gt; Method = &lt;init&gt;] -- [Content = Found bean property &apos;lastCreateErrorTimeMillis&apos; of type [long]]
[2018-07-02 21:44:43.065] -- [TRACE] -- [main &gt;&gt;&gt;&gt; CachedIntrospectionResults.java:297 &gt;&gt;&gt;&gt; Method = &lt;init&gt;] -- [Content = Found bean property &apos;lastError&apos; of type [java.lang.Throwable]]
[2018-07-02 21:44:43.065] -- [TRACE] -- [main &gt;&gt;&gt;&gt; CachedIntrospectionResults.java:297 &gt;&gt;&gt;&gt; Method = &lt;init&gt;] -- [Content = Found bean property &apos;lastErrorTime&apos; of type [java.util.Date]]
[2018-07-02 21:44:43.066] -- [TRACE] -- [main &gt;&gt;&gt;&gt; CachedIntrospectionResults.java:297 &gt;&gt;&gt;&gt; Method = &lt;init&gt;] -- [Content = Found bean property &apos;lastErrorTimeMillis&apos; of type [long]]
[2018-07-02 21:44:43.066] -- [TRACE] -- [main &gt;&gt;&gt;&gt; CachedIntrospectionResults.java:297 &gt;&gt;&gt;&gt; Method = &lt;init&gt;] -- [Content = Found bean property &apos;lock&apos; of type [java.util.concurrent.locks.Lock]]
[2018-07-02 21:44:43.066] -- [TRACE] -- [main &gt;&gt;&gt;&gt; CachedIntrospectionResults.java:297 &gt;&gt;&gt;&gt; Method = &lt;init&gt;] -- [Content = Found bean property &apos;lockQueueLength&apos; of type [int]]
[2018-07-02 21:44:43.066] -- [TRACE] -- [main &gt;&gt;&gt;&gt; CachedIntrospectionResults.java:297 &gt;&gt;&gt;&gt; Method = &lt;init&gt;] -- [Content = Found bean property &apos;logAbandoned&apos; of type [boolean]]
[2018-07-02 21:44:43.066] -- [TRACE] -- [main &gt;&gt;&gt;&gt; CachedIntrospectionResults.java:297 &gt;&gt;&gt;&gt; Method = &lt;init&gt;] -- [Content = Found bean property &apos;logWriter&apos; of type [java.io.PrintWriter]]
[2018-07-02 21:44:43.066] -- [TRACE] -- [main &gt;&gt;&gt;&gt; CachedIntrospectionResults.java:297 &gt;&gt;&gt;&gt; Method = &lt;init&gt;] -- [Content = Found bean property &apos;loginTimeout&apos; of type [int]]
[2018-07-02 21:44:43.067] -- [TRACE] -- [main &gt;&gt;&gt;&gt; CachedIntrospectionResults.java:297 &gt;&gt;&gt;&gt; Method = &lt;init&gt;] -- [Content = Found bean property &apos;maxActive&apos; of type [int]]
[2018-07-02 21:44:43.067] -- [TRACE] -- [main &gt;&gt;&gt;&gt; CachedIntrospectionResults.java:297 &gt;&gt;&gt;&gt; Method = &lt;init&gt;] -- [Content = Found bean property &apos;maxIdle&apos; of type [int]]
[2018-07-02 21:44:43.067] -- [TRACE] -- [main &gt;&gt;&gt;&gt; CachedIntrospectionResults.java:297 &gt;&gt;&gt;&gt; Method = &lt;init&gt;] -- [Content = Found bean property &apos;maxOpenPreparedStatements&apos; of type [int]]
[2018-07-02 21:44:43.067] -- [TRACE] -- [main &gt;&gt;&gt;&gt; CachedIntrospectionResults.java:297 &gt;&gt;&gt;&gt; Method = &lt;init&gt;] -- [Content = Found bean property &apos;maxPoolPreparedStatementPerConnectionSize&apos; of type [int]]
[2018-07-02 21:44:43.067] -- [TRACE] -- [main &gt;&gt;&gt;&gt; CachedIntrospectionResults.java:297 &gt;&gt;&gt;&gt; Method = &lt;init&gt;] -- [Content = Found bean property &apos;maxWait&apos; of type [long]]
[2018-07-02 21:44:43.067] -- [TRACE] -- [main &gt;&gt;&gt;&gt; CachedIntrospectionResults.java:297 &gt;&gt;&gt;&gt; Method = &lt;init&gt;] -- [Content = Found bean property &apos;maxWaitThreadCount&apos; of type [int]]
[2018-07-02 21:44:43.068] -- [TRACE] -- [main &gt;&gt;&gt;&gt; CachedIntrospectionResults.java:297 &gt;&gt;&gt;&gt; Method = &lt;init&gt;] -- [Content = Found bean property &apos;mbeanRegistered&apos; of type [boolean]]
[2018-07-02 21:44:43.068] -- [TRACE] -- [main &gt;&gt;&gt;&gt; CachedIntrospectionResults.java:297 &gt;&gt;&gt;&gt; Method = &lt;init&gt;] -- [Content = Found bean property &apos;minEvictableIdleTimeMillis&apos; of type [long]]
[2018-07-02 21:44:43.068] -- [TRACE] -- [main &gt;&gt;&gt;&gt; CachedIntrospectionResults.java:297 &gt;&gt;&gt;&gt; Method = &lt;init&gt;] -- [Content = Found bean property &apos;minIdle&apos; of type [int]]
[2018-07-02 21:44:43.068] -- [TRACE] -- [main &gt;&gt;&gt;&gt; CachedIntrospectionResults.java:297 &gt;&gt;&gt;&gt; Method = &lt;init&gt;] -- [Content = Found bean property &apos;name&apos; of type [java.lang.String]]
[2018-07-02 21:44:43.068] -- [TRACE] -- [main &gt;&gt;&gt;&gt; CachedIntrospectionResults.java:297 &gt;&gt;&gt;&gt; Method = &lt;init&gt;] -- [Content = Found bean property &apos;notEmptySignalCount&apos; of type [long]]
[2018-07-02 21:44:43.068] -- [TRACE] -- [main &gt;&gt;&gt;&gt; CachedIntrospectionResults.java:297 &gt;&gt;&gt;&gt; Method = &lt;init&gt;] -- [Content = Found bean property &apos;notEmptyWaitCount&apos; of type [long]]
[2018-07-02 21:44:43.069] -- [TRACE] -- [main &gt;&gt;&gt;&gt; CachedIntrospectionResults.java:297 &gt;&gt;&gt;&gt; Method = &lt;init&gt;] -- [Content = Found bean property &apos;notEmptyWaitMillis&apos; of type [long]]
[2018-07-02 21:44:43.069] -- [TRACE] -- [main &gt;&gt;&gt;&gt; CachedIntrospectionResults.java:297 &gt;&gt;&gt;&gt; Method = &lt;init&gt;] -- [Content = Found bean property &apos;notEmptyWaitNanos&apos; of type [long]]
[2018-07-02 21:44:43.069] -- [TRACE] -- [main &gt;&gt;&gt;&gt; CachedIntrospectionResults.java:297 &gt;&gt;&gt;&gt; Method = &lt;init&gt;] -- [Content = Found bean property &apos;notEmptyWaitThreadCount&apos; of type [int]]
[2018-07-02 21:44:43.069] -- [TRACE] -- [main &gt;&gt;&gt;&gt; CachedIntrospectionResults.java:297 &gt;&gt;&gt;&gt; Method = &lt;init&gt;] -- [Content = Found bean property &apos;notEmptyWaitThreadPeak&apos; of type [int]]
[2018-07-02 21:44:43.069] -- [TRACE] -- [main &gt;&gt;&gt;&gt; CachedIntrospectionResults.java:297 &gt;&gt;&gt;&gt; Method = &lt;init&gt;] -- [Content = Found bean property &apos;numTestsPerEvictionRun&apos; of type [int]]
[2018-07-02 21:44:43.069] -- [TRACE] -- [main &gt;&gt;&gt;&gt; CachedIntrospectionResults.java:297 &gt;&gt;&gt;&gt; Method = &lt;init&gt;] -- [Content = Found bean property &apos;objectName&apos; of type [javax.management.ObjectName]]
[2018-07-02 21:44:43.070] -- [TRACE] -- [main &gt;&gt;&gt;&gt; CachedIntrospectionResults.java:297 &gt;&gt;&gt;&gt; Method = &lt;init&gt;] -- [Content = Found bean property &apos;oracle&apos; of type [boolean]]
[2018-07-02 21:44:43.070] -- [TRACE] -- [main &gt;&gt;&gt;&gt; CachedIntrospectionResults.java:297 &gt;&gt;&gt;&gt; Method = &lt;init&gt;] -- [Content = Found bean property &apos;parentLogger&apos; of type [java.util.logging.Logger]]
[2018-07-02 21:44:43.070] -- [TRACE] -- [main &gt;&gt;&gt;&gt; CachedIntrospectionResults.java:297 &gt;&gt;&gt;&gt; Method = &lt;init&gt;] -- [Content = Found bean property &apos;password&apos; of type [java.lang.String]]
[2018-07-02 21:44:43.070] -- [TRACE] -- [main &gt;&gt;&gt;&gt; CachedIntrospectionResults.java:297 &gt;&gt;&gt;&gt; Method = &lt;init&gt;] -- [Content = Found bean property &apos;passwordCallback&apos; of type [javax.security.auth.callback.PasswordCallback]]
[2018-07-02 21:44:43.070] -- [TRACE] -- [main &gt;&gt;&gt;&gt; CachedIntrospectionResults.java:297 &gt;&gt;&gt;&gt; Method = &lt;init&gt;] -- [Content = Found bean property &apos;passwordCallbackClassName&apos; of type [java.lang.String]]
[2018-07-02 21:44:43.070] -- [TRACE] -- [main &gt;&gt;&gt;&gt; CachedIntrospectionResults.java:297 &gt;&gt;&gt;&gt; Method = &lt;init&gt;] -- [Content = Found bean property &apos;poolPreparedStatements&apos; of type [boolean]]
[2018-07-02 21:44:43.071] -- [TRACE] -- [main &gt;&gt;&gt;&gt; CachedIntrospectionResults.java:297 &gt;&gt;&gt;&gt; Method = &lt;init&gt;] -- [Content = Found bean property &apos;pooledConnection&apos; of type [javax.sql.PooledConnection]]
[2018-07-02 21:44:43.071] -- [TRACE] -- [main &gt;&gt;&gt;&gt; CachedIntrospectionResults.java:297 &gt;&gt;&gt;&gt; Method = &lt;init&gt;] -- [Content = Found bean property &apos;poolingConnectionInfo&apos; of type [java.util.List]]
[2018-07-02 21:44:43.071] -- [TRACE] -- [main &gt;&gt;&gt;&gt; CachedIntrospectionResults.java:297 &gt;&gt;&gt;&gt; Method = &lt;init&gt;] -- [Content = Found bean property &apos;poolingCount&apos; of type [int]]
[2018-07-02 21:44:43.071] -- [TRACE] -- [main &gt;&gt;&gt;&gt; CachedIntrospectionResults.java:297 &gt;&gt;&gt;&gt; Method = &lt;init&gt;] -- [Content = Found bean property &apos;poolingPeak&apos; of type [int]]
[2018-07-02 21:44:43.071] -- [TRACE] -- [main &gt;&gt;&gt;&gt; CachedIntrospectionResults.java:297 &gt;&gt;&gt;&gt; Method = &lt;init&gt;] -- [Content = Found bean property &apos;poolingPeakTime&apos; of type [java.util.Date]]
[2018-07-02 21:44:43.071] -- [TRACE] -- [main &gt;&gt;&gt;&gt; CachedIntrospectionResults.java:297 &gt;&gt;&gt;&gt; Method = &lt;init&gt;] -- [Content = Found bean property &apos;preparedStatementCount&apos; of type [long]]
[2018-07-02 21:44:43.072] -- [TRACE] -- [main &gt;&gt;&gt;&gt; CachedIntrospectionResults.java:297 &gt;&gt;&gt;&gt; Method = &lt;init&gt;] -- [Content = Found bean property &apos;properties&apos; of type [java.lang.String]]
[2018-07-02 21:44:43.072] -- [TRACE] -- [main &gt;&gt;&gt;&gt; CachedIntrospectionResults.java:297 &gt;&gt;&gt;&gt; Method = &lt;init&gt;] -- [Content = Found bean property &apos;proxyFilters&apos; of type [java.util.List]]
[2018-07-02 21:44:43.072] -- [TRACE] -- [main &gt;&gt;&gt;&gt; CachedIntrospectionResults.java:297 &gt;&gt;&gt;&gt; Method = &lt;init&gt;] -- [Content = Found bean property &apos;queryTimeout&apos; of type [int]]
[2018-07-02 21:44:43.072] -- [TRACE] -- [main &gt;&gt;&gt;&gt; CachedIntrospectionResults.java:297 &gt;&gt;&gt;&gt; Method = &lt;init&gt;] -- [Content = Found bean property &apos;rawDriver&apos; of type [java.sql.Driver]]
[2018-07-02 21:44:43.072] -- [TRACE] -- [main &gt;&gt;&gt;&gt; CachedIntrospectionResults.java:297 &gt;&gt;&gt;&gt; Method = &lt;init&gt;] -- [Content = Found bean property &apos;rawDriverMajorVersion&apos; of type [int]]
[2018-07-02 21:44:43.072] -- [TRACE] -- [main &gt;&gt;&gt;&gt; CachedIntrospectionResults.java:297 &gt;&gt;&gt;&gt; Method = &lt;init&gt;] -- [Content = Found bean property &apos;rawDriverMinorVersion&apos; of type [int]]
[2018-07-02 21:44:43.072] -- [TRACE] -- [main &gt;&gt;&gt;&gt; CachedIntrospectionResults.java:297 &gt;&gt;&gt;&gt; Method = &lt;init&gt;] -- [Content = Found bean property &apos;rawJdbcUrl&apos; of type [java.lang.String]]
[2018-07-02 21:44:43.073] -- [TRACE] -- [main &gt;&gt;&gt;&gt; CachedIntrospectionResults.java:297 &gt;&gt;&gt;&gt; Method = &lt;init&gt;] -- [Content = Found bean property &apos;recycleCount&apos; of type [long]]
[2018-07-02 21:44:43.073] -- [TRACE] -- [main &gt;&gt;&gt;&gt; CachedIntrospectionResults.java:297 &gt;&gt;&gt;&gt; Method = &lt;init&gt;] -- [Content = Found bean property &apos;recycleErrorCount&apos; of type [long]]
[2018-07-02 21:44:43.073] -- [TRACE] -- [main &gt;&gt;&gt;&gt; CachedIntrospectionResults.java:297 &gt;&gt;&gt;&gt; Method = &lt;init&gt;] -- [Content = Found bean property &apos;reference&apos; of type [javax.naming.Reference]]
[2018-07-02 21:44:43.073] -- [TRACE] -- [main &gt;&gt;&gt;&gt; CachedIntrospectionResults.java:297 &gt;&gt;&gt;&gt; Method = &lt;init&gt;] -- [Content = Found bean property &apos;removeAbandoned&apos; of type [boolean]]
[2018-07-02 21:44:43.073] -- [TRACE] -- [main &gt;&gt;&gt;&gt; CachedIntrospectionResults.java:297 &gt;&gt;&gt;&gt; Method = &lt;init&gt;] -- [Content = Found bean property &apos;removeAbandonedCount&apos; of type [long]]
[2018-07-02 21:44:43.074] -- [TRACE] -- [main &gt;&gt;&gt;&gt; CachedIntrospectionResults.java:297 &gt;&gt;&gt;&gt; Method = &lt;init&gt;] -- [Content = Found bean property &apos;removeAbandonedTimeout&apos; of type [int]]
[2018-07-02 21:44:43.074] -- [TRACE] -- [main &gt;&gt;&gt;&gt; CachedIntrospectionResults.java:297 &gt;&gt;&gt;&gt; Method = &lt;init&gt;] -- [Content = Found bean property &apos;removeAbandonedTimeoutMillis&apos; of type [long]]
[2018-07-02 21:44:43.074] -- [TRACE] -- [main &gt;&gt;&gt;&gt; CachedIntrospectionResults.java:297 &gt;&gt;&gt;&gt; Method = &lt;init&gt;] -- [Content = Found bean property &apos;resetCount&apos; of type [long]]
[2018-07-02 21:44:43.074] -- [TRACE] -- [main &gt;&gt;&gt;&gt; CachedIntrospectionResults.java:297 &gt;&gt;&gt;&gt; Method = &lt;init&gt;] -- [Content = Found bean property &apos;resetStatEnable&apos; of type [boolean]]
[2018-07-02 21:44:43.074] -- [TRACE] -- [main &gt;&gt;&gt;&gt; CachedIntrospectionResults.java:297 &gt;&gt;&gt;&gt; Method = &lt;init&gt;] -- [Content = Found bean property &apos;rollbackCount&apos; of type [long]]
[2018-07-02 21:44:43.074] -- [TRACE] -- [main &gt;&gt;&gt;&gt; CachedIntrospectionResults.java:297 &gt;&gt;&gt;&gt; Method = &lt;init&gt;] -- [Content = Found bean property &apos;sharePreparedStatements&apos; of type [boolean]]
[2018-07-02 21:44:43.075] -- [TRACE] -- [main &gt;&gt;&gt;&gt; CachedIntrospectionResults.java:297 &gt;&gt;&gt;&gt; Method = &lt;init&gt;] -- [Content = Found bean property &apos;sqlStat&apos;]
[2018-07-02 21:44:43.075] -- [TRACE] -- [main &gt;&gt;&gt;&gt; CachedIntrospectionResults.java:297 &gt;&gt;&gt;&gt; Method = &lt;init&gt;] -- [Content = Found bean property &apos;sqlStatMap&apos; of type [java.util.Map]]
[2018-07-02 21:44:43.075] -- [TRACE] -- [main &gt;&gt;&gt;&gt; CachedIntrospectionResults.java:297 &gt;&gt;&gt;&gt; Method = &lt;init&gt;] -- [Content = Found bean property &apos;startTransactionCount&apos; of type [long]]
[2018-07-02 21:44:43.075] -- [TRACE] -- [main &gt;&gt;&gt;&gt; CachedIntrospectionResults.java:297 &gt;&gt;&gt;&gt; Method = &lt;init&gt;] -- [Content = Found bean property &apos;statData&apos; of type [java.util.Map]]
[2018-07-02 21:44:43.076] -- [TRACE] -- [main &gt;&gt;&gt;&gt; CachedIntrospectionResults.java:297 &gt;&gt;&gt;&gt; Method = &lt;init&gt;] -- [Content = Found bean property &apos;statDataForMBean&apos; of type [java.util.Map]]
[2018-07-02 21:44:43.076] -- [TRACE] -- [main &gt;&gt;&gt;&gt; CachedIntrospectionResults.java:297 &gt;&gt;&gt;&gt; Method = &lt;init&gt;] -- [Content = Found bean property &apos;statLogger&apos; of type [com.alibaba.druid.pool.DruidDataSourceStatLogger]]
[2018-07-02 21:44:43.076] -- [TRACE] -- [main &gt;&gt;&gt;&gt; CachedIntrospectionResults.java:297 &gt;&gt;&gt;&gt; Method = &lt;init&gt;] -- [Content = Found bean property &apos;statLoggerClassName&apos; of type [java.lang.String]]
[2018-07-02 21:44:43.076] -- [TRACE] -- [main &gt;&gt;&gt;&gt; CachedIntrospectionResults.java:297 &gt;&gt;&gt;&gt; Method = &lt;init&gt;] -- [Content = Found bean property &apos;statValueAndReset&apos; of type [com.alibaba.druid.pool.DruidDataSourceStatValue]]
[2018-07-02 21:44:43.076] -- [TRACE] -- [main &gt;&gt;&gt;&gt; CachedIntrospectionResults.java:297 &gt;&gt;&gt;&gt; Method = &lt;init&gt;] -- [Content = Found bean property &apos;testOnBorrow&apos; of type [boolean]]
[2018-07-02 21:44:43.077] -- [TRACE] -- [main &gt;&gt;&gt;&gt; CachedIntrospectionResults.java:297 &gt;&gt;&gt;&gt; Method = &lt;init&gt;] -- [Content = Found bean property &apos;testOnReturn&apos; of type [boolean]]
[2018-07-02 21:44:43.077] -- [TRACE] -- [main &gt;&gt;&gt;&gt; CachedIntrospectionResults.java:297 &gt;&gt;&gt;&gt; Method = &lt;init&gt;] -- [Content = Found bean property &apos;testWhileIdle&apos; of type [boolean]]
[2018-07-02 21:44:43.077] -- [TRACE] -- [main &gt;&gt;&gt;&gt; CachedIntrospectionResults.java:297 &gt;&gt;&gt;&gt; Method = &lt;init&gt;] -- [Content = Found bean property &apos;timeBetweenConnectErrorMillis&apos; of type [long]]
[2018-07-02 21:44:43.077] -- [TRACE] -- [main &gt;&gt;&gt;&gt; CachedIntrospectionResults.java:297 &gt;&gt;&gt;&gt; Method = &lt;init&gt;] -- [Content = Found bean property &apos;timeBetweenEvictionRunsMillis&apos; of type [long]]
[2018-07-02 21:44:43.077] -- [TRACE] -- [main &gt;&gt;&gt;&gt; CachedIntrospectionResults.java:297 &gt;&gt;&gt;&gt; Method = &lt;init&gt;] -- [Content = Found bean property &apos;timeBetweenLogStatsMillis&apos; of type [long]]
[2018-07-02 21:44:43.078] -- [TRACE] -- [main &gt;&gt;&gt;&gt; CachedIntrospectionResults.java:297 &gt;&gt;&gt;&gt; Method = &lt;init&gt;] -- [Content = Found bean property &apos;transactionHistogram&apos; of type [com.alibaba.druid.util.Histogram]]
[2018-07-02 21:44:43.078] -- [TRACE] -- [main &gt;&gt;&gt;&gt; CachedIntrospectionResults.java:297 &gt;&gt;&gt;&gt; Method = &lt;init&gt;] -- [Content = Found bean property &apos;transactionHistogramRanges&apos; of type [[J]]
[2018-07-02 21:44:43.078] -- [TRACE] -- [main &gt;&gt;&gt;&gt; CachedIntrospectionResults.java:297 &gt;&gt;&gt;&gt; Method = &lt;init&gt;] -- [Content = Found bean property &apos;transactionHistogramValues&apos; of type [[J]]
[2018-07-02 21:44:43.078] -- [TRACE] -- [main &gt;&gt;&gt;&gt; CachedIntrospectionResults.java:297 &gt;&gt;&gt;&gt; Method = &lt;init&gt;] -- [Content = Found bean property &apos;transactionQueryTimeout&apos; of type [int]]
[2018-07-02 21:44:43.078] -- [TRACE] -- [main &gt;&gt;&gt;&gt; CachedIntrospectionResults.java:297 &gt;&gt;&gt;&gt; Method = &lt;init&gt;] -- [Content = Found bean property &apos;transactionThresholdMillis&apos; of type [long]]
[2018-07-02 21:44:43.078] -- [TRACE] -- [main &gt;&gt;&gt;&gt; CachedIntrospectionResults.java:297 &gt;&gt;&gt;&gt; Method = &lt;init&gt;] -- [Content = Found bean property &apos;url&apos; of type [java.lang.String]]
[2018-07-02 21:44:43.079] -- [TRACE] -- [main &gt;&gt;&gt;&gt; CachedIntrospectionResults.java:297 &gt;&gt;&gt;&gt; Method = &lt;init&gt;] -- [Content = Found bean property &apos;useGloalDataSourceStat&apos; of type [boolean]]
[2018-07-02 21:44:43.079] -- [TRACE] -- [main &gt;&gt;&gt;&gt; CachedIntrospectionResults.java:297 &gt;&gt;&gt;&gt; Method = &lt;init&gt;] -- [Content = Found bean property &apos;useLocalSessionState&apos; of type [boolean]]
[2018-07-02 21:44:43.079] -- [TRACE] -- [main &gt;&gt;&gt;&gt; CachedIntrospectionResults.java:297 &gt;&gt;&gt;&gt; Method = &lt;init&gt;] -- [Content = Found bean property &apos;useOracleImplicitCache&apos; of type [boolean]]
[2018-07-02 21:44:43.079] -- [TRACE] -- [main &gt;&gt;&gt;&gt; CachedIntrospectionResults.java:297 &gt;&gt;&gt;&gt; Method = &lt;init&gt;] -- [Content = Found bean property &apos;useUnfairLock&apos; of type [boolean]]
[2018-07-02 21:44:43.079] -- [TRACE] -- [main &gt;&gt;&gt;&gt; CachedIntrospectionResults.java:297 &gt;&gt;&gt;&gt; Method = &lt;init&gt;] -- [Content = Found bean property &apos;userCallback&apos; of type [javax.security.auth.callback.NameCallback]]
[2018-07-02 21:44:43.079] -- [TRACE] -- [main &gt;&gt;&gt;&gt; CachedIntrospectionResults.java:297 &gt;&gt;&gt;&gt; Method = &lt;init&gt;] -- [Content = Found bean property &apos;username&apos; of type [java.lang.String]]
[2018-07-02 21:44:43.079] -- [TRACE] -- [main &gt;&gt;&gt;&gt; CachedIntrospectionResults.java:297 &gt;&gt;&gt;&gt; Method = &lt;init&gt;] -- [Content = Found bean property &apos;validConnectionChecker&apos; of type [com.alibaba.druid.pool.ValidConnectionChecker]]
[2018-07-02 21:44:43.080] -- [TRACE] -- [main &gt;&gt;&gt;&gt; CachedIntrospectionResults.java:297 &gt;&gt;&gt;&gt; Method = &lt;init&gt;] -- [Content = Found bean property &apos;validConnectionCheckerClassName&apos; of type [java.lang.String]]
[2018-07-02 21:44:43.080] -- [TRACE] -- [main &gt;&gt;&gt;&gt; CachedIntrospectionResults.java:297 &gt;&gt;&gt;&gt; Method = &lt;init&gt;] -- [Content = Found bean property &apos;validationQuery&apos; of type [java.lang.String]]
[2018-07-02 21:44:43.080] -- [TRACE] -- [main &gt;&gt;&gt;&gt; CachedIntrospectionResults.java:297 &gt;&gt;&gt;&gt; Method = &lt;init&gt;] -- [Content = Found bean property &apos;validationQueryTimeout&apos; of type [int]]
[2018-07-02 21:44:43.080] -- [TRACE] -- [main &gt;&gt;&gt;&gt; CachedIntrospectionResults.java:297 &gt;&gt;&gt;&gt; Method = &lt;init&gt;] -- [Content = Found bean property &apos;version&apos; of type [java.lang.String]]
[2018-07-02 21:44:43.080] -- [TRACE] -- [main &gt;&gt;&gt;&gt; CachedIntrospectionResults.java:297 &gt;&gt;&gt;&gt; Method = &lt;init&gt;] -- [Content = Found bean property &apos;waitThreadCount&apos; of type [int]]
[2018-07-02 21:44:43.080] -- [TRACE] -- [main &gt;&gt;&gt;&gt; CachedIntrospectionResults.java:297 &gt;&gt;&gt;&gt; Method = &lt;init&gt;] -- [Content = Found bean property &apos;wallStatMap&apos; of type [java.util.Map]]
[2018-07-02 21:44:43.081] -- [TRACE] -- [main &gt;&gt;&gt;&gt; TypeConverterDelegate.java:434 &gt;&gt;&gt;&gt; Method = doConvertValue] -- [Content = Converting String to [int] using property editor [org.springframework.beans.propertyeditors.CustomNumberEditor@ba1f559]]
[2018-07-02 21:44:43.081] -- [TRACE] -- [main &gt;&gt;&gt;&gt; TypeConverterDelegate.java:434 &gt;&gt;&gt;&gt; Method = doConvertValue] -- [Content = Converting String to [int] using property editor [org.springframework.beans.propertyeditors.CustomNumberEditor@ba1f559]]
[2018-07-02 21:44:43.081] -- [TRACE] -- [main &gt;&gt;&gt;&gt; TypeConverterDelegate.java:434 &gt;&gt;&gt;&gt; Method = doConvertValue] -- [Content = Converting String to [int] using property editor [org.springframework.beans.propertyeditors.CustomNumberEditor@ba1f559]]
[2018-07-02 21:44:43.081] -- [TRACE] -- [main &gt;&gt;&gt;&gt; TypeConverterDelegate.java:434 &gt;&gt;&gt;&gt; Method = doConvertValue] -- [Content = Converting String to [long] using property editor [org.springframework.beans.propertyeditors.CustomNumberEditor@3f4f9acd]]
[2018-07-02 21:44:43.082] -- [TRACE] -- [main &gt;&gt;&gt;&gt; TypeConverterDelegate.java:434 &gt;&gt;&gt;&gt; Method = doConvertValue] -- [Content = Converting String to [long] using property editor [org.springframework.beans.propertyeditors.CustomNumberEditor@3f4f9acd]]
[2018-07-02 21:44:43.082] -- [TRACE] -- [main &gt;&gt;&gt;&gt; TypeConverterDelegate.java:434 &gt;&gt;&gt;&gt; Method = doConvertValue] -- [Content = Converting String to [long] using property editor [org.springframework.beans.propertyeditors.CustomNumberEditor@3f4f9acd]]
[2018-07-02 21:44:43.082] -- [TRACE] -- [main &gt;&gt;&gt;&gt; TypeConverterDelegate.java:434 &gt;&gt;&gt;&gt; Method = doConvertValue] -- [Content = Converting String to [boolean] using property editor [org.springframework.beans.propertyeditors.CustomBooleanEditor@46baf579]]
[2018-07-02 21:44:43.082] -- [TRACE] -- [main &gt;&gt;&gt;&gt; TypeConverterDelegate.java:434 &gt;&gt;&gt;&gt; Method = doConvertValue] -- [Content = Converting String to [int] using property editor [org.springframework.beans.propertyeditors.CustomNumberEditor@ba1f559]]
[2018-07-02 21:44:43.083] -- [TRACE] -- [main &gt;&gt;&gt;&gt; TypeConverterDelegate.java:434 &gt;&gt;&gt;&gt; Method = doConvertValue] -- [Content = Converting String to [boolean] using property editor [org.springframework.beans.propertyeditors.CustomBooleanEditor@46baf579]]
[2018-07-02 21:44:43.083] -- [TRACE] -- [main &gt;&gt;&gt;&gt; TypeConverterDelegate.java:434 &gt;&gt;&gt;&gt; Method = doConvertValue] -- [Content = Converting String to [boolean] using property editor [org.springframework.beans.propertyeditors.CustomBooleanEditor@46baf579]]
[2018-07-02 21:44:43.083] -- [TRACE] -- [main &gt;&gt;&gt;&gt; TypeConverterDelegate.java:434 &gt;&gt;&gt;&gt; Method = doConvertValue] -- [Content = Converting String to [boolean] using property editor [org.springframework.beans.propertyeditors.CustomBooleanEditor@46baf579]]
[2018-07-02 21:44:43.083] -- [TRACE] -- [main &gt;&gt;&gt;&gt; TypeConverterDelegate.java:434 &gt;&gt;&gt;&gt; Method = doConvertValue] -- [Content = Converting String to [boolean] using property editor [org.springframework.beans.propertyeditors.CustomBooleanEditor@46baf579]]
[2018-07-02 21:44:43.084] -- [TRACE] -- [main &gt;&gt;&gt;&gt; TypeConverterDelegate.java:434 &gt;&gt;&gt;&gt; Method = doConvertValue] -- [Content = Converting String to [int] using property editor [org.springframework.beans.propertyeditors.CustomNumberEditor@ba1f559]]
[2018-07-02 21:44:43.084] -- [TRACE] -- [main &gt;&gt;&gt;&gt; TypeConverterDelegate.java:434 &gt;&gt;&gt;&gt; Method = doConvertValue] -- [Content = Converting String to [boolean] using property editor [org.springframework.beans.propertyeditors.CustomBooleanEditor@46baf579]]
[2018-07-02 21:44:43.084] -- [DEBUG] -- [main &gt;&gt;&gt;&gt; AbstractAutowireCapableBeanFactory.java:1678 &gt;&gt;&gt;&gt; Method = invokeCustomInitMethod] -- [Content = Invoking init method  &apos;init&apos; on bean with name &apos;dataSource&apos;]
[2018-07-02 21:44:47.096] -- [WARN] -- [main &gt;&gt;&gt;&gt; AbstractApplicationContext.java:546 &gt;&gt;&gt;&gt; Method = refresh] -- [Content = Exception encountered during context initialization - cancelling refresh attempt: org.springframework.beans.factory.BeanCreationException: Error creating bean with name &apos;entityManagerFactory&apos; defined in file [/Users/xk1020/IdeaProjects/Basic-Single-Module-SSJPA/target/classes/spring/applicationContext-jpa.xml]: Cannot resolve reference to bean &apos;dataSource&apos; while setting bean property &apos;dataSource&apos;; nested exception is org.springframework.beans.factory.BeanCreationException: Error creating bean with name &apos;dataSource&apos; defined in file [/Users/xk1020/IdeaProjects/Basic-Single-Module-SSJPA/target/classes/spring/applicationContext-dataSource.xml]: Invocation of init method failed; nested exception is com.mysql.jdbc.exceptions.jdbc4.MySQLNonTransientConnectionException: Could not create connection to database server. Attempted reconnect 3 times. Giving up.]
[2018-07-02 21:44:47.098] -- [DEBUG] -- [main &gt;&gt;&gt;&gt; DefaultSingletonBeanRegistry.java:512 &gt;&gt;&gt;&gt; Method = destroySingletons] -- [Content = Destroying singletons in org.springframework.beans.factory.support.DefaultListableBeanFactory@79b663b3: defining beans [org.springframework.context.support.PropertySourcesPlaceholderConfigurer#0,sysUserServiceImpl,org.springframework.context.annotation.internalConfigurationAnnotationProcessor,org.springframework.context.annotation.internalAutowiredAnnotationProcessor,org.springframework.context.annotation.internalRequiredAnnotationProcessor,org.springframework.context.annotation.internalCommonAnnotationProcessor,org.springframework.context.annotation.internalPersistenceAnnotationProcessor,org.springframework.context.event.internalEventListenerProcessor,org.springframework.context.event.internalEventListenerFactory,dataSource,druid-stat-interceptor,druid-stat-pointcut,org.springframework.aop.config.internalAutoProxyCreator,org.springframework.aop.support.DefaultBeanFactoryPointcutAdvisor#0,transactionManager,transactionAdvice,transactionPointcut,org.springframework.aop.support.DefaultBeanFactoryPointcutAdvisor#1,entityManagerFactory,hibernateJpaVendorAdapter,org.springframework.data.jpa.repository.config.JpaRepositoryConfigExtension#0,org.springframework.data.repository.core.support.RepositoryFactoryBeanSupport_Predictor,emBeanDefinitionRegistrarPostProcessor,jpaMappingContext,jpaContext,sysUserDao,org.springframework.context.annotation.ConfigurationClassPostProcessor.importAwareProcessor,org.springframework.context.annotation.ConfigurationClassPostProcessor.enhancedConfigurationProcessor,org.springframework.orm.jpa.SharedEntityManagerCreator#0]; root of factory hierarchy]
[2018-07-02 21:44:47.099] -- [ERROR] -- [main &gt;&gt;&gt;&gt; TestContextManager.java:231 &gt;&gt;&gt;&gt; Method = prepareTestInstance] -- [Content = Caught exception while allowing TestExecutionListener [org.springframework.test.context.support.DependencyInjectionTestExecutionListener@101df177] to prepare test instance [com.youmeek.ssm.SSMTest@3b809711]]
java.lang.IllegalStateException: Failed to load ApplicationContext
	at org.springframework.test.context.cache.DefaultCacheAwareContextLoaderDelegate.loadContext(DefaultCacheAwareContextLoaderDelegate.java:124)
	at org.springframework.test.context.support.DefaultTestContext.getApplicationContext(DefaultTestContext.java:83)
	at org.springframework.test.context.support.DependencyInjectionTestExecutionListener.injectDependencies(DependencyInjectionTestExecutionListener.java:117)
	at org.springframework.test.context.support.DependencyInjectionTestExecutionListener.prepareTestInstance(DependencyInjectionTestExecutionListener.java:83)
	at org.springframework.test.context.TestContextManager.prepareTestInstance(TestContextManager.java:228)
	at org.springframework.test.context.junit4.SpringJUnit4ClassRunner.createTest(SpringJUnit4ClassRunner.java:230)
	at org.springframework.test.context.junit4.SpringJUnit4ClassRunner$1.runReflectiveCall(SpringJUnit4ClassRunner.java:289)
	at org.junit.internal.runners.model.ReflectiveCallable.run(ReflectiveCallable.java:12)
	at org.springframework.test.context.junit4.SpringJUnit4ClassRunner.methodBlock(SpringJUnit4ClassRunner.java:291)
	at org.springframework.test.context.junit4.SpringJUnit4ClassRunner.runChild(SpringJUnit4ClassRunner.java:249)
	at org.springframework.test.context.junit4.SpringJUnit4ClassRunner.runChild(SpringJUnit4ClassRunner.java:89)
	at org.junit.runners.ParentRunner$3.run(ParentRunner.java:238)
	at org.junit.runners.ParentRunner$1.schedule(ParentRunner.java:63)
	at org.junit.runners.ParentRunner.runChildren(ParentRunner.java:236)
	at org.junit.runners.ParentRunner.access$000(ParentRunner.java:53)
	at org.junit.runners.ParentRunner$2.evaluate(ParentRunner.java:229)
	at org.springframework.test.context.junit4.statements.RunBeforeTestClassCallbacks.evaluate(RunBeforeTestClassCallbacks.java:61)
	at org.springframework.test.context.junit4.statements.RunAfterTestClassCallbacks.evaluate(RunAfterTestClassCallbacks.java:70)
	at org.junit.runners.ParentRunner.run(ParentRunner.java:309)
	at org.springframework.test.context.junit4.SpringJUnit4ClassRunner.run(SpringJUnit4ClassRunner.java:193)
	at org.apache.maven.surefire.junit4.JUnit4Provider.execute(JUnit4Provider.java:252)
	at org.apache.maven.surefire.junit4.JUnit4Provider.executeTestSet(JUnit4Provider.java:141)
	at org.apache.maven.surefire.junit4.JUnit4Provider.invoke(JUnit4Provider.java:112)
	at sun.reflect.NativeMethodAccessorImpl.invoke0(Native Method)
	at sun.reflect.NativeMethodAccessorImpl.invoke(NativeMethodAccessorImpl.java:62)
	at sun.reflect.DelegatingMethodAccessorImpl.invoke(DelegatingMethodAccessorImpl.java:43)
	at java.lang.reflect.Method.invoke(Method.java:498)
	at org.apache.maven.surefire.util.ReflectionUtils.invokeMethodWithArray(ReflectionUtils.java:189)
	at org.apache.maven.surefire.booter.ProviderFactory$ProviderProxy.invoke(ProviderFactory.java:165)
	at org.apache.maven.surefire.booter.ProviderFactory.invokeProvider(ProviderFactory.java:85)
	at org.apache.maven.surefire.booter.ForkedBooter.runSuitesInProcess(ForkedBooter.java:115)
	at org.apache.maven.surefire.booter.ForkedBooter.main(ForkedBooter.java:75)
Caused by: org.springframework.beans.factory.BeanCreationException: Error creating bean with name &apos;entityManagerFactory&apos; defined in file [/Users/xk1020/IdeaProjects/Basic-Single-Module-SSJPA/target/classes/spring/applicationContext-jpa.xml]: Cannot resolve reference to bean &apos;dataSource&apos; while setting bean property &apos;dataSource&apos;; nested exception is org.springframework.beans.factory.BeanCreationException: Error creating bean with name &apos;dataSource&apos; defined in file [/Users/xk1020/IdeaProjects/Basic-Single-Module-SSJPA/target/classes/spring/applicationContext-dataSource.xml]: Invocation of init method failed; nested exception is com.mysql.jdbc.exceptions.jdbc4.MySQLNonTransientConnectionException: Could not create connection to database server. Attempted reconnect 3 times. Giving up.
	at org.springframework.beans.factory.support.BeanDefinitionValueResolver.resolveReference(BeanDefinitionValueResolver.java:359)
	at org.springframework.beans.factory.support.BeanDefinitionValueResolver.resolveValueIfNecessary(BeanDefinitionValueResolver.java:108)
	at org.springframework.beans.factory.support.AbstractAutowireCapableBeanFactory.applyPropertyValues(AbstractAutowireCapableBeanFactory.java:1481)
	at org.springframework.beans.factory.support.AbstractAutowireCapableBeanFactory.populateBean(AbstractAutowireCapableBeanFactory.java:1226)
	at org.springframework.beans.factory.support.AbstractAutowireCapableBeanFactory.doCreateBean(AbstractAutowireCapableBeanFactory.java:543)
	at org.springframework.beans.factory.support.AbstractAutowireCapableBeanFactory.createBean(AbstractAutowireCapableBeanFactory.java:482)
	at org.springframework.beans.factory.support.AbstractBeanFactory$1.getObject(AbstractBeanFactory.java:306)
	at org.springframework.beans.factory.support.DefaultSingletonBeanRegistry.getSingleton(DefaultSingletonBeanRegistry.java:230)
	at org.springframework.beans.factory.support.AbstractBeanFactory.doGetBean(AbstractBeanFactory.java:302)
	at org.springframework.beans.factory.support.AbstractBeanFactory.getBean(AbstractBeanFactory.java:197)
	at org.springframework.context.support.AbstractApplicationContext.getBean(AbstractApplicationContext.java:1054)
	at org.springframework.context.support.AbstractApplicationContext.finishBeanFactoryInitialization(AbstractApplicationContext.java:829)
	at org.springframework.context.support.AbstractApplicationContext.refresh(AbstractApplicationContext.java:538)
	at org.springframework.test.context.support.AbstractGenericContextLoader.loadContext(AbstractGenericContextLoader.java:125)
	at org.springframework.test.context.support.AbstractGenericContextLoader.loadContext(AbstractGenericContextLoader.java:60)
	at org.springframework.test.context.support.AbstractDelegatingSmartContextLoader.delegateLoading(AbstractDelegatingSmartContextLoader.java:109)
	at org.springframework.test.context.support.AbstractDelegatingSmartContextLoader.loadContext(AbstractDelegatingSmartContextLoader.java:261)
	at org.springframework.test.context.cache.DefaultCacheAwareContextLoaderDelegate.loadContextInternal(DefaultCacheAwareContextLoaderDelegate.java:98)
	at org.springframework.test.context.cache.DefaultCacheAwareContextLoaderDelegate.loadContext(DefaultCacheAwareContextLoaderDelegate.java:116)
	... 31 common frames omitted
Caused by: org.springframework.beans.factory.BeanCreationException: Error creating bean with name &apos;dataSource&apos; defined in file [/Users/xk1020/IdeaProjects/Basic-Single-Module-SSJPA/target/classes/spring/applicationContext-dataSource.xml]: Invocation of init method failed; nested exception is com.mysql.jdbc.exceptions.jdbc4.MySQLNonTransientConnectionException: Could not create connection to database server. Attempted reconnect 3 times. Giving up.
	at org.springframework.beans.factory.support.AbstractAutowireCapableBeanFactory.initializeBean(AbstractAutowireCapableBeanFactory.java:1578)
	at org.springframework.beans.factory.support.AbstractAutowireCapableBeanFactory.doCreateBean(AbstractAutowireCapableBeanFactory.java:545)
	at org.springframework.beans.factory.support.AbstractAutowireCapableBeanFactory.createBean(AbstractAutowireCapableBeanFactory.java:482)
	at org.springframework.beans.factory.support.AbstractBeanFactory$1.getObject(AbstractBeanFactory.java:306)
	at org.springframework.beans.factory.support.DefaultSingletonBeanRegistry.getSingleton(DefaultSingletonBeanRegistry.java:230)
	at org.springframework.beans.factory.support.AbstractBeanFactory.doGetBean(AbstractBeanFactory.java:302)
	at org.springframework.beans.factory.support.AbstractBeanFactory.getBean(AbstractBeanFactory.java:197)
	at org.springframework.beans.factory.support.BeanDefinitionValueResolver.resolveReference(BeanDefinitionValueResolver.java:351)
	... 49 common frames omitted
Caused by: com.mysql.jdbc.exceptions.jdbc4.MySQLNonTransientConnectionException: Could not create connection to database server. Attempted reconnect 3 times. Giving up.
	at sun.reflect.NativeConstructorAccessorImpl.newInstance0(Native Method)
	at sun.reflect.NativeConstructorAccessorImpl.newInstance(NativeConstructorAccessorImpl.java:62)
	at sun.reflect.DelegatingConstructorAccessorImpl.newInstance(DelegatingConstructorAccessorImpl.java:45)
	at java.lang.reflect.Constructor.newInstance(Constructor.java:423)
	at com.mysql.jdbc.Util.handleNewInstance(Util.java:411)
	at com.mysql.jdbc.Util.getInstance(Util.java:386)
	at com.mysql.jdbc.SQLError.createSQLException(SQLError.java:1014)
	at com.mysql.jdbc.SQLError.createSQLException(SQLError.java:988)
	at com.mysql.jdbc.SQLError.createSQLException(SQLError.java:974)
	at com.mysql.jdbc.SQLError.createSQLException(SQLError.java:919)
	at com.mysql.jdbc.ConnectionImpl.connectWithRetries(ConnectionImpl.java:2299)
	at com.mysql.jdbc.ConnectionImpl.createNewIO(ConnectionImpl.java:2220)
	at com.mysql.jdbc.ConnectionImpl.&lt;init&gt;(ConnectionImpl.java:813)
	at com.mysql.jdbc.JDBC4Connection.&lt;init&gt;(JDBC4Connection.java:47)
	at sun.reflect.NativeConstructorAccessorImpl.newInstance0(Native Method)
	at sun.reflect.NativeConstructorAccessorImpl.newInstance(NativeConstructorAccessorImpl.java:62)
	at sun.reflect.DelegatingConstructorAccessorImpl.newInstance(DelegatingConstructorAccessorImpl.java:45)
	at java.lang.reflect.Constructor.newInstance(Constructor.java:423)
	at com.mysql.jdbc.Util.handleNewInstance(Util.java:411)
	at com.mysql.jdbc.ConnectionImpl.getInstance(ConnectionImpl.java:399)
	at com.mysql.jdbc.NonRegisteringDriver.connect(NonRegisteringDriver.java:334)
	at com.alibaba.druid.filter.FilterChainImpl.connection_connect(FilterChainImpl.java:148)
	at com.alibaba.druid.filter.FilterAdapter.connection_connect(FilterAdapter.java:786)
	at com.alibaba.druid.filter.FilterEventAdapter.connection_connect(FilterEventAdapter.java:38)
	at com.alibaba.druid.filter.FilterChainImpl.connection_connect(FilterChainImpl.java:142)
	at com.alibaba.druid.filter.stat.StatFilter.connection_connect(StatFilter.java:211)
	at com.alibaba.druid.filter.FilterChainImpl.connection_connect(FilterChainImpl.java:142)
	at com.alibaba.druid.pool.DruidAbstractDataSource.createPhysicalConnection(DruidAbstractDataSource.java:1360)
	at com.alibaba.druid.pool.DruidAbstractDataSource.createPhysicalConnection(DruidAbstractDataSource.java:1414)
	at com.alibaba.druid.pool.DruidDataSource.init(DruidDataSource.java:602)
	at sun.reflect.NativeMethodAccessorImpl.invoke0(Native Method)
	at sun.reflect.NativeMethodAccessorImpl.invoke(NativeMethodAccessorImpl.java:62)
	at sun.reflect.DelegatingMethodAccessorImpl.invoke(DelegatingMethodAccessorImpl.java:43)
	at java.lang.reflect.Method.invoke(Method.java:498)
	at org.springframework.beans.factory.support.AbstractAutowireCapableBeanFactory.invokeCustomInitMethod(AbstractAutowireCapableBeanFactory.java:1706)
	at org.springframework.beans.factory.support.AbstractAutowireCapableBeanFactory.invokeInitMethods(AbstractAutowireCapableBeanFactory.java:1645)
	at org.springframework.beans.factory.support.AbstractAutowireCapableBeanFactory.initializeBean(AbstractAutowireCapableBeanFactory.java:1574)
	... 56 common frames omitted
Caused by: java.sql.SQLException: Access denied for user &apos;root &apos;@&apos;localhost&apos; (using password: YES)
	at com.mysql.jdbc.SQLError.createSQLException(SQLError.java:1074)
	at com.mysql.jdbc.MysqlIO.checkErrorPacket(MysqlIO.java:4074)
	at com.mysql.jdbc.MysqlIO.checkErrorPacket(MysqlIO.java:4006)
	at com.mysql.jdbc.MysqlIO.checkErrorPacket(MysqlIO.java:919)
	at com.mysql.jdbc.MysqlIO.proceedHandshakeWithPluggableAuthentication(MysqlIO.java:1694)
	at com.mysql.jdbc.MysqlIO.doHandshake(MysqlIO.java:1244)
	at com.mysql.jdbc.ConnectionImpl.coreConnect(ConnectionImpl.java:2397)
	at com.mysql.jdbc.ConnectionImpl.connectWithRetries(ConnectionImpl.java:2238)
	... 82 common frames omitted
</system-out>
  </testcase>
</testsuite>